Apr 25 00:30:00 东东农场好友互助码：/scripts/logs/jd_fruit.log 文件不存在,不清理 /scripts/logs/sharecodeCollection.log 中的旧助力码
Apr 25 00:30:00 东东萌宠好友互助码：/scripts/logs/jd_pet.log 文件不存在,不清理 /scripts/logs/sharecodeCollection.log 中的旧助力码
Apr 25 00:30:00 京东种豆得豆好友互助码：/scripts/logs/jd_plantBean.log 文件不存在,不清理 /scripts/logs/sharecodeCollection.log 中的旧助力码
Apr 25 00:30:00 京喜工厂好友互助码：清理 /scripts/logs/sharecodeCollection.log 中的旧助力码，收集新助力码
Apr 25 00:30:00 东东工厂好友互助码：清理 /scripts/logs/sharecodeCollection.log 中的旧助力码，收集新助力码
Apr 25 00:30:00 crazyJoy任务好友互助码：/scripts/logs/jd_crazy_joy.log 文件不存在,不清理 /scripts/logs/sharecodeCollection.log 中的旧助力码
Apr 25 00:30:00 京喜财富岛好友互助码：清理 /scripts/logs/sharecodeCollection.log 中的旧助力码，收集新助力码
Apr 25 00:30:01 京喜农场好友互助码：/scripts/logs/jd_jxnc.log 文件不存在,不清理 /scripts/logs/sharecodeCollection.log 中的旧助力码
Apr 25 00:30:01 京东赚赚好友互助码：清理 /scripts/logs/sharecodeCollection.log 中的旧助力码，收集新助力码
Apr 25 00:30:01 口袋书店好友互助码：/scripts/logs/jd_bookshop.log 文件不存在,不清理 /scripts/logs/sharecodeCollection.log 中的旧助力码
Apr 25 00:30:01 签到领现金好友互助码：清理 /scripts/logs/sharecodeCollection.log 中的旧助力码，收集新助力码
Apr 25 00:30:01 闪购盲盒好友互助码：/scripts/logs/jd_sgmh.log 文件不存在,不清理 /scripts/logs/sharecodeCollection.log 中的旧助力码
Apr 25 00:30:01 东东健康社区好友互助码：/scripts/logs/jd_health.log 文件不存在,不清理 /scripts/logs/sharecodeCollection.log 中的旧助力码
Apr 25 01:30:01 东东农场好友互助码：/scripts/logs/jd_fruit.log 文件不存在,不清理 /scripts/logs/sharecodeCollection.log 中的旧助力码
Apr 25 01:30:01 东东萌宠好友互助码：/scripts/logs/jd_pet.log 文件不存在,不清理 /scripts/logs/sharecodeCollection.log 中的旧助力码
Apr 25 01:30:01 京东种豆得豆好友互助码：/scripts/logs/jd_plantBean.log 文件不存在,不清理 /scripts/logs/sharecodeCollection.log 中的旧助力码
Apr 25 01:30:01 京喜工厂好友互助码：清理 /scripts/logs/sharecodeCollection.log 中的旧助力码，收集新助力码
Apr 25 01:30:01 东东工厂好友互助码：清理 /scripts/logs/sharecodeCollection.log 中的旧助力码，收集新助力码
Apr 25 01:30:01 crazyJoy任务好友互助码：/scripts/logs/jd_crazy_joy.log 文件不存在,不清理 /scripts/logs/sharecodeCollection.log 中的旧助力码
Apr 25 01:30:01 京喜财富岛好友互助码：清理 /scripts/logs/sharecodeCollection.log 中的旧助力码，收集新助力码
Apr 25 01:30:01 京喜农场好友互助码：/scripts/logs/jd_jxnc.log 文件不存在,不清理 /scripts/logs/sharecodeCollection.log 中的旧助力码
Apr 25 01:30:01 京东赚赚好友互助码：清理 /scripts/logs/sharecodeCollection.log 中的旧助力码，收集新助力码
Apr 25 01:30:01 口袋书店好友互助码：/scripts/logs/jd_bookshop.log 文件不存在,不清理 /scripts/logs/sharecodeCollection.log 中的旧助力码
Apr 25 01:30:01 签到领现金好友互助码：清理 /scripts/logs/sharecodeCollection.log 中的旧助力码，收集新助力码
Apr 25 01:30:01 闪购盲盒好友互助码：/scripts/logs/jd_sgmh.log 文件不存在,不清理 /scripts/logs/sharecodeCollection.log 中的旧助力码
Apr 25 01:30:01 东东健康社区好友互助码：清理 /scripts/logs/sharecodeCollection.log 中的旧助力码，收集新助力码
Apr 25 02:30:00 东东农场好友互助码：/scripts/logs/jd_fruit.log 文件不存在,不清理 /scripts/logs/sharecodeCollection.log 中的旧助力码
Apr 25 02:30:00 东东萌宠好友互助码：/scripts/logs/jd_pet.log 文件不存在,不清理 /scripts/logs/sharecodeCollection.log 中的旧助力码
Apr 25 02:30:00 京东种豆得豆好友互助码：/scripts/logs/jd_plantBean.log 文件不存在,不清理 /scripts/logs/sharecodeCollection.log 中的旧助力码
Apr 25 02:30:00 京喜工厂好友互助码：清理 /scripts/logs/sharecodeCollection.log 中的旧助力码，收集新助力码
Apr 25 02:30:00 东东工厂好友互助码：清理 /scripts/logs/sharecodeCollection.log 中的旧助力码，收集新助力码
Apr 25 02:30:00 crazyJoy任务好友互助码：/scripts/logs/jd_crazy_joy.log 文件不存在,不清理 /scripts/logs/sharecodeCollection.log 中的旧助力码
Apr 25 02:30:00 京喜财富岛好友互助码：清理 /scripts/logs/sharecodeCollection.log 中的旧助力码，收集新助力码
Apr 25 02:30:00 京喜农场好友互助码：/scripts/logs/jd_jxnc.log 文件不存在,不清理 /scripts/logs/sharecodeCollection.log 中的旧助力码
Apr 25 02:30:00 京东赚赚好友互助码：清理 /scripts/logs/sharecodeCollection.log 中的旧助力码，收集新助力码
Apr 25 02:30:00 口袋书店好友互助码：/scripts/logs/jd_bookshop.log 文件不存在,不清理 /scripts/logs/sharecodeCollection.log 中的旧助力码
Apr 25 02:30:00 签到领现金好友互助码：清理 /scripts/logs/sharecodeCollection.log 中的旧助力码，收集新助力码
Apr 25 02:30:00 闪购盲盒好友互助码：/scripts/logs/jd_sgmh.log 文件不存在,不清理 /scripts/logs/sharecodeCollection.log 中的旧助力码
Apr 25 02:30:00 东东健康社区好友互助码：清理 /scripts/logs/sharecodeCollection.log 中的旧助力码，收集新助力码
Apr 25 03:30:00 东东农场好友互助码：/scripts/logs/jd_fruit.log 文件不存在,不清理 /scripts/logs/sharecodeCollection.log 中的旧助力码
Apr 25 03:30:00 东东萌宠好友互助码：/scripts/logs/jd_pet.log 文件不存在,不清理 /scripts/logs/sharecodeCollection.log 中的旧助力码
Apr 25 03:30:00 京东种豆得豆好友互助码：/scripts/logs/jd_plantBean.log 文件不存在,不清理 /scripts/logs/sharecodeCollection.log 中的旧助力码
Apr 25 03:30:00 京喜工厂好友互助码：清理 /scripts/logs/sharecodeCollection.log 中的旧助力码，收集新助力码
Apr 25 03:30:00 东东工厂好友互助码：清理 /scripts/logs/sharecodeCollection.log 中的旧助力码，收集新助力码
Apr 25 03:30:00 crazyJoy任务好友互助码：/scripts/logs/jd_crazy_joy.log 文件不存在,不清理 /scripts/logs/sharecodeCollection.log 中的旧助力码
Apr 25 03:30:00 京喜财富岛好友互助码：清理 /scripts/logs/sharecodeCollection.log 中的旧助力码，收集新助力码
Apr 25 03:30:00 京喜农场好友互助码：/scripts/logs/jd_jxnc.log 文件不存在,不清理 /scripts/logs/sharecodeCollection.log 中的旧助力码
Apr 25 03:30:00 京东赚赚好友互助码：清理 /scripts/logs/sharecodeCollection.log 中的旧助力码，收集新助力码
Apr 25 03:30:00 口袋书店好友互助码：/scripts/logs/jd_bookshop.log 文件不存在,不清理 /scripts/logs/sharecodeCollection.log 中的旧助力码
Apr 25 03:30:00 签到领现金好友互助码：清理 /scripts/logs/sharecodeCollection.log 中的旧助力码，收集新助力码
Apr 25 03:30:00 闪购盲盒好友互助码：/scripts/logs/jd_sgmh.log 文件不存在,不清理 /scripts/logs/sharecodeCollection.log 中的旧助力码
Apr 25 03:30:00 东东健康社区好友互助码：清理 /scripts/logs/sharecodeCollection.log 中的旧助力码，收集新助力码
Apr 25 04:30:00 东东农场好友互助码：/scripts/logs/jd_fruit.log 文件不存在,不清理 /scripts/logs/sharecodeCollection.log 中的旧助力码
Apr 25 04:30:00 东东萌宠好友互助码：/scripts/logs/jd_pet.log 文件不存在,不清理 /scripts/logs/sharecodeCollection.log 中的旧助力码
Apr 25 04:30:00 京东种豆得豆好友互助码：/scripts/logs/jd_plantBean.log 文件不存在,不清理 /scripts/logs/sharecodeCollection.log 中的旧助力码
Apr 25 04:30:00 京喜工厂好友互助码：清理 /scripts/logs/sharecodeCollection.log 中的旧助力码，收集新助力码
Apr 25 04:30:00 东东工厂好友互助码：清理 /scripts/logs/sharecodeCollection.log 中的旧助力码，收集新助力码
Apr 25 04:30:00 crazyJoy任务好友互助码：/scripts/logs/jd_crazy_joy.log 文件不存在,不清理 /scripts/logs/sharecodeCollection.log 中的旧助力码
Apr 25 04:30:00 京喜财富岛好友互助码：清理 /scripts/logs/sharecodeCollection.log 中的旧助力码，收集新助力码
Apr 25 04:30:00 京喜农场好友互助码：/scripts/logs/jd_jxnc.log 文件不存在,不清理 /scripts/logs/sharecodeCollection.log 中的旧助力码
Apr 25 04:30:00 京东赚赚好友互助码：清理 /scripts/logs/sharecodeCollection.log 中的旧助力码，收集新助力码
Apr 25 04:30:00 口袋书店好友互助码：/scripts/logs/jd_bookshop.log 文件不存在,不清理 /scripts/logs/sharecodeCollection.log 中的旧助力码
Apr 25 04:30:00 签到领现金好友互助码：清理 /scripts/logs/sharecodeCollection.log 中的旧助力码，收集新助力码
Apr 25 04:30:00 闪购盲盒好友互助码：/scripts/logs/jd_sgmh.log 文件不存在,不清理 /scripts/logs/sharecodeCollection.log 中的旧助力码
Apr 25 04:30:00 东东健康社区好友互助码：清理 /scripts/logs/sharecodeCollection.log 中的旧助力码，收集新助力码
Apr 25 05:30:00 东东农场好友互助码：/scripts/logs/jd_fruit.log 文件不存在,不清理 /scripts/logs/sharecodeCollection.log 中的旧助力码
Apr 25 05:30:00 东东萌宠好友互助码：/scripts/logs/jd_pet.log 文件不存在,不清理 /scripts/logs/sharecodeCollection.log 中的旧助力码
Apr 25 05:30:00 京东种豆得豆好友互助码：/scripts/logs/jd_plantBean.log 文件不存在,不清理 /scripts/logs/sharecodeCollection.log 中的旧助力码
Apr 25 05:30:00 京喜工厂好友互助码：清理 /scripts/logs/sharecodeCollection.log 中的旧助力码，收集新助力码
Apr 25 05:30:00 东东工厂好友互助码：清理 /scripts/logs/sharecodeCollection.log 中的旧助力码，收集新助力码
Apr 25 05:30:00 crazyJoy任务好友互助码：/scripts/logs/jd_crazy_joy.log 文件不存在,不清理 /scripts/logs/sharecodeCollection.log 中的旧助力码
Apr 25 05:30:00 京喜财富岛好友互助码：清理 /scripts/logs/sharecodeCollection.log 中的旧助力码，收集新助力码
Apr 25 05:30:00 京喜农场好友互助码：/scripts/logs/jd_jxnc.log 文件不存在,不清理 /scripts/logs/sharecodeCollection.log 中的旧助力码
Apr 25 05:30:00 京东赚赚好友互助码：清理 /scripts/logs/sharecodeCollection.log 中的旧助力码，收集新助力码
Apr 25 05:30:00 口袋书店好友互助码：/scripts/logs/jd_bookshop.log 文件不存在,不清理 /scripts/logs/sharecodeCollection.log 中的旧助力码
Apr 25 05:30:00 签到领现金好友互助码：清理 /scripts/logs/sharecodeCollection.log 中的旧助力码，收集新助力码
Apr 25 05:30:00 闪购盲盒好友互助码：/scripts/logs/jd_sgmh.log 文件不存在,不清理 /scripts/logs/sharecodeCollection.log 中的旧助力码
Apr 25 05:30:00 东东健康社区好友互助码：清理 /scripts/logs/sharecodeCollection.log 中的旧助力码，收集新助力码
Apr 25 06:30:00 东东农场好友互助码：清理 /scripts/logs/sharecodeCollection.log 中的旧助力码，收集新助力码
Apr 25 06:30:00 东东萌宠好友互助码：/scripts/logs/jd_pet.log 文件不存在,不清理 /scripts/logs/sharecodeCollection.log 中的旧助力码
Apr 25 06:30:00 京东种豆得豆好友互助码：/scripts/logs/jd_plantBean.log 文件不存在,不清理 /scripts/logs/sharecodeCollection.log 中的旧助力码
Apr 25 06:30:00 京喜工厂好友互助码：清理 /scripts/logs/sharecodeCollection.log 中的旧助力码，收集新助力码
Apr 25 06:30:00 东东工厂好友互助码：清理 /scripts/logs/sharecodeCollection.log 中的旧助力码，收集新助力码
Apr 25 06:30:00 crazyJoy任务好友互助码：/scripts/logs/jd_crazy_joy.log 文件不存在,不清理 /scripts/logs/sharecodeCollection.log 中的旧助力码
Apr 25 06:30:00 京喜财富岛好友互助码：清理 /scripts/logs/sharecodeCollection.log 中的旧助力码，收集新助力码
Apr 25 06:30:00 京喜农场好友互助码：/scripts/logs/jd_jxnc.log 文件不存在,不清理 /scripts/logs/sharecodeCollection.log 中的旧助力码
Apr 25 06:30:00 京东赚赚好友互助码：清理 /scripts/logs/sharecodeCollection.log 中的旧助力码，收集新助力码
Apr 25 06:30:00 口袋书店好友互助码：/scripts/logs/jd_bookshop.log 文件不存在,不清理 /scripts/logs/sharecodeCollection.log 中的旧助力码
Apr 25 06:30:00 签到领现金好友互助码：清理 /scripts/logs/sharecodeCollection.log 中的旧助力码，收集新助力码
Apr 25 06:30:00 闪购盲盒好友互助码：/scripts/logs/jd_sgmh.log 文件不存在,不清理 /scripts/logs/sharecodeCollection.log 中的旧助力码
Apr 25 06:30:00 东东健康社区好友互助码：清理 /scripts/logs/sharecodeCollection.log 中的旧助力码，收集新助力码
Apr 25 07:30:00 东东农场好友互助码：清理 /scripts/logs/sharecodeCollection.log 中的旧助力码，收集新助力码
Apr 25 07:30:00 东东萌宠好友互助码：清理 /scripts/logs/sharecodeCollection.log 中的旧助力码，收集新助力码
Apr 25 07:30:00 京东种豆得豆好友互助码：清理 /scripts/logs/sharecodeCollection.log 中的旧助力码，收集新助力码
Apr 25 07:30:00 京喜工厂好友互助码：清理 /scripts/logs/sharecodeCollection.log 中的旧助力码，收集新助力码
Apr 25 07:30:00 东东工厂好友互助码：清理 /scripts/logs/sharecodeCollection.log 中的旧助力码，收集新助力码
Apr 25 07:30:00 crazyJoy任务好友互助码：/scripts/logs/jd_crazy_joy.log 文件不存在,不清理 /scripts/logs/sharecodeCollection.log 中的旧助力码
Apr 25 07:30:00 京喜财富岛好友互助码：清理 /scripts/logs/sharecodeCollection.log 中的旧助力码，收集新助力码
Apr 25 07:30:00 京喜农场好友互助码：/scripts/logs/jd_jxnc.log 文件不存在,不清理 /scripts/logs/sharecodeCollection.log 中的旧助力码
Apr 25 07:30:00 京东赚赚好友互助码：清理 /scripts/logs/sharecodeCollection.log 中的旧助力码，收集新助力码
Apr 25 07:30:00 口袋书店好友互助码：/scripts/logs/jd_bookshop.log 文件不存在,不清理 /scripts/logs/sharecodeCollection.log 中的旧助力码
Apr 25 07:30:00 签到领现金好友互助码：清理 /scripts/logs/sharecodeCollection.log 中的旧助力码，收集新助力码
Apr 25 07:30:00 闪购盲盒好友互助码：/scripts/logs/jd_sgmh.log 文件不存在,不清理 /scripts/logs/sharecodeCollection.log 中的旧助力码
Apr 25 07:30:00 东东健康社区好友互助码：清理 /scripts/logs/sharecodeCollection.log 中的旧助力码，收集新助力码
Apr 25 08:30:00 东东农场好友互助码：清理 /scripts/logs/sharecodeCollection.log 中的旧助力码，收集新助力码
Apr 25 08:30:00 东东萌宠好友互助码：清理 /scripts/logs/sharecodeCollection.log 中的旧助力码，收集新助力码
Apr 25 08:30:00 京东种豆得豆好友互助码：清理 /scripts/logs/sharecodeCollection.log 中的旧助力码，收集新助力码
Apr 25 08:30:00 京喜工厂好友互助码：清理 /scripts/logs/sharecodeCollection.log 中的旧助力码，收集新助力码
Apr 25 08:30:00 东东工厂好友互助码：清理 /scripts/logs/sharecodeCollection.log 中的旧助力码，收集新助力码
Apr 25 08:30:00 crazyJoy任务好友互助码：清理 /scripts/logs/sharecodeCollection.log 中的旧助力码，收集新助力码
Apr 25 08:30:00 京喜财富岛好友互助码：清理 /scripts/logs/sharecodeCollection.log 中的旧助力码，收集新助力码
Apr 25 08:30:00 京喜农场好友互助码：/scripts/logs/jd_jxnc.log 文件不存在,不清理 /scripts/logs/sharecodeCollection.log 中的旧助力码
Apr 25 08:30:00 京东赚赚好友互助码：清理 /scripts/logs/sharecodeCollection.log 中的旧助力码，收集新助力码
Apr 25 08:30:00 口袋书店好友互助码：/scripts/logs/jd_bookshop.log 文件不存在,不清理 /scripts/logs/sharecodeCollection.log 中的旧助力码
Apr 25 08:30:00 签到领现金好友互助码：清理 /scripts/logs/sharecodeCollection.log 中的旧助力码，收集新助力码
Apr 25 08:30:00 闪购盲盒好友互助码：/scripts/logs/jd_sgmh.log 文件不存在,不清理 /scripts/logs/sharecodeCollection.log 中的旧助力码
Apr 25 08:30:00 东东健康社区好友互助码：清理 /scripts/logs/sharecodeCollection.log 中的旧助力码，收集新助力码
Apr 25 09:30:00 东东农场好友互助码：清理 /scripts/logs/sharecodeCollection.log 中的旧助力码，收集新助力码
Apr 25 09:30:00 东东萌宠好友互助码：清理 /scripts/logs/sharecodeCollection.log 中的旧助力码，收集新助力码
Apr 25 09:30:00 京东种豆得豆好友互助码：清理 /scripts/logs/sharecodeCollection.log 中的旧助力码，收集新助力码
Apr 25 09:30:00 京喜工厂好友互助码：清理 /scripts/logs/sharecodeCollection.log 中的旧助力码，收集新助力码
Apr 25 09:30:00 东东工厂好友互助码：清理 /scripts/logs/sharecodeCollection.log 中的旧助力码，收集新助力码
Apr 25 09:30:00 crazyJoy任务好友互助码：清理 /scripts/logs/sharecodeCollection.log 中的旧助力码，收集新助力码
Apr 25 09:30:00 京喜财富岛好友互助码：清理 /scripts/logs/sharecodeCollection.log 中的旧助力码，收集新助力码
Apr 25 09:30:00 京喜农场好友互助码：/scripts/logs/jd_jxnc.log 文件不存在,不清理 /scripts/logs/sharecodeCollection.log 中的旧助力码
Apr 25 09:30:00 京东赚赚好友互助码：清理 /scripts/logs/sharecodeCollection.log 中的旧助力码，收集新助力码
Apr 25 09:30:00 口袋书店好友互助码：清理 /scripts/logs/sharecodeCollection.log 中的旧助力码，收集新助力码
Apr 25 09:30:00 签到领现金好友互助码：清理 /scripts/logs/sharecodeCollection.log 中的旧助力码，收集新助力码
Apr 25 09:30:00 闪购盲盒好友互助码：清理 /scripts/logs/sharecodeCollection.log 中的旧助力码，收集新助力码
Apr 25 09:30:00 东东健康社区好友互助码：清理 /scripts/logs/sharecodeCollection.log 中的旧助力码，收集新助力码
Apr 25 10:30:00 东东农场好友互助码：清理 /scripts/logs/sharecodeCollection.log 中的旧助力码，收集新助力码
Apr 25 10:30:00 东东萌宠好友互助码：清理 /scripts/logs/sharecodeCollection.log 中的旧助力码，收集新助力码
Apr 25 10:30:00 京东种豆得豆好友互助码：清理 /scripts/logs/sharecodeCollection.log 中的旧助力码，收集新助力码
Apr 25 10:30:00 京喜工厂好友互助码：清理 /scripts/logs/sharecodeCollection.log 中的旧助力码，收集新助力码
Apr 25 10:30:00 东东工厂好友互助码：清理 /scripts/logs/sharecodeCollection.log 中的旧助力码，收集新助力码
Apr 25 10:30:00 crazyJoy任务好友互助码：清理 /scripts/logs/sharecodeCollection.log 中的旧助力码，收集新助力码
Apr 25 10:30:01 京喜财富岛好友互助码：清理 /scripts/logs/sharecodeCollection.log 中的旧助力码，收集新助力码
Apr 25 10:30:01 京喜农场好友互助码：清理 /scripts/logs/sharecodeCollection.log 中的旧助力码，收集新助力码
Apr 25 10:30:01 京东赚赚好友互助码：清理 /scripts/logs/sharecodeCollection.log 中的旧助力码，收集新助力码
Apr 25 10:30:01 口袋书店好友互助码：清理 /scripts/logs/sharecodeCollection.log 中的旧助力码，收集新助力码
Apr 25 10:30:01 签到领现金好友互助码：清理 /scripts/logs/sharecodeCollection.log 中的旧助力码，收集新助力码
Apr 25 10:30:01 闪购盲盒好友互助码：清理 /scripts/logs/sharecodeCollection.log 中的旧助力码，收集新助力码
Apr 25 10:30:01 东东健康社区好友互助码：清理 /scripts/logs/sharecodeCollection.log 中的旧助力码，收集新助力码
Apr 25 11:30:00 东东农场好友互助码：清理 /scripts/logs/sharecodeCollection.log 中的旧助力码，收集新助力码
Apr 25 11:30:00 东东萌宠好友互助码：清理 /scripts/logs/sharecodeCollection.log 中的旧助力码，收集新助力码
Apr 25 11:30:00 京东种豆得豆好友互助码：清理 /scripts/logs/sharecodeCollection.log 中的旧助力码，收集新助力码
Apr 25 11:30:00 京喜工厂好友互助码：清理 /scripts/logs/sharecodeCollection.log 中的旧助力码，收集新助力码
Apr 25 11:30:00 东东工厂好友互助码：清理 /scripts/logs/sharecodeCollection.log 中的旧助力码，收集新助力码
Apr 25 11:30:00 crazyJoy任务好友互助码：清理 /scripts/logs/sharecodeCollection.log 中的旧助力码，收集新助力码
Apr 25 11:30:00 京喜财富岛好友互助码：清理 /scripts/logs/sharecodeCollection.log 中的旧助力码，收集新助力码
Apr 25 11:30:00 京喜农场好友互助码：清理 /scripts/logs/sharecodeCollection.log 中的旧助力码，收集新助力码
Apr 25 11:30:00 京东赚赚好友互助码：清理 /scripts/logs/sharecodeCollection.log 中的旧助力码，收集新助力码
Apr 25 11:30:00 口袋书店好友互助码：清理 /scripts/logs/sharecodeCollection.log 中的旧助力码，收集新助力码
Apr 25 11:30:00 签到领现金好友互助码：清理 /scripts/logs/sharecodeCollection.log 中的旧助力码，收集新助力码
Apr 25 11:30:00 闪购盲盒好友互助码：清理 /scripts/logs/sharecodeCollection.log 中的旧助力码，收集新助力码
Apr 25 11:30:00 东东健康社区好友互助码：清理 /scripts/logs/sharecodeCollection.log 中的旧助力码，收集新助力码
Apr 25 12:30:00 东东农场好友互助码：清理 /scripts/logs/sharecodeCollection.log 中的旧助力码，收集新助力码
Apr 25 12:30:00 东东萌宠好友互助码：清理 /scripts/logs/sharecodeCollection.log 中的旧助力码，收集新助力码
Apr 25 12:30:00 京东种豆得豆好友互助码：清理 /scripts/logs/sharecodeCollection.log 中的旧助力码，收集新助力码
Apr 25 12:30:00 京喜工厂好友互助码：清理 /scripts/logs/sharecodeCollection.log 中的旧助力码，收集新助力码
Apr 25 12:30:00 东东工厂好友互助码：清理 /scripts/logs/sharecodeCollection.log 中的旧助力码，收集新助力码
Apr 25 12:30:00 crazyJoy任务好友互助码：清理 /scripts/logs/sharecodeCollection.log 中的旧助力码，收集新助力码
Apr 25 12:30:00 京喜财富岛好友互助码：清理 /scripts/logs/sharecodeCollection.log 中的旧助力码，收集新助力码
Apr 25 12:30:00 京喜农场好友互助码：清理 /scripts/logs/sharecodeCollection.log 中的旧助力码，收集新助力码
Apr 25 12:30:00 京东赚赚好友互助码：清理 /scripts/logs/sharecodeCollection.log 中的旧助力码，收集新助力码
Apr 25 12:30:00 口袋书店好友互助码：清理 /scripts/logs/sharecodeCollection.log 中的旧助力码，收集新助力码
Apr 25 12:30:00 签到领现金好友互助码：清理 /scripts/logs/sharecodeCollection.log 中的旧助力码，收集新助力码
Apr 25 12:30:00 闪购盲盒好友互助码：清理 /scripts/logs/sharecodeCollection.log 中的旧助力码，收集新助力码
Apr 25 12:30:00 东东健康社区好友互助码：清理 /scripts/logs/sharecodeCollection.log 中的旧助力码，收集新助力码
Apr 25 13:30:00 东东农场好友互助码：清理 /scripts/logs/sharecodeCollection.log 中的旧助力码，收集新助力码
Apr 25 13:30:00 东东萌宠好友互助码：清理 /scripts/logs/sharecodeCollection.log 中的旧助力码，收集新助力码
Apr 25 13:30:00 京东种豆得豆好友互助码：清理 /scripts/logs/sharecodeCollection.log 中的旧助力码，收集新助力码
Apr 25 13:30:00 京喜工厂好友互助码：清理 /scripts/logs/sharecodeCollection.log 中的旧助力码，收集新助力码
Apr 25 13:30:00 东东工厂好友互助码：清理 /scripts/logs/sharecodeCollection.log 中的旧助力码，收集新助力码
Apr 25 13:30:00 crazyJoy任务好友互助码：清理 /scripts/logs/sharecodeCollection.log 中的旧助力码，收集新助力码
Apr 25 13:30:00 京喜财富岛好友互助码：清理 /scripts/logs/sharecodeCollection.log 中的旧助力码，收集新助力码
Apr 25 13:30:00 京喜农场好友互助码：清理 /scripts/logs/sharecodeCollection.log 中的旧助力码，收集新助力码
Apr 25 13:30:00 京东赚赚好友互助码：清理 /scripts/logs/sharecodeCollection.log 中的旧助力码，收集新助力码
Apr 25 13:30:00 口袋书店好友互助码：清理 /scripts/logs/sharecodeCollection.log 中的旧助力码，收集新助力码
Apr 25 13:30:00 签到领现金好友互助码：清理 /scripts/logs/sharecodeCollection.log 中的旧助力码，收集新助力码
Apr 25 13:30:00 闪购盲盒好友互助码：清理 /scripts/logs/sharecodeCollection.log 中的旧助力码，收集新助力码
Apr 25 13:30:00 东东健康社区好友互助码：清理 /scripts/logs/sharecodeCollection.log 中的旧助力码，收集新助力码
Apr 25 14:30:00 东东农场好友互助码：清理 /scripts/logs/sharecodeCollection.log 中的旧助力码，收集新助力码
Apr 25 14:30:00 东东萌宠好友互助码：清理 /scripts/logs/sharecodeCollection.log 中的旧助力码，收集新助力码
Apr 25 14:30:00 京东种豆得豆好友互助码：清理 /scripts/logs/sharecodeCollection.log 中的旧助力码，收集新助力码
Apr 25 14:30:00 京喜工厂好友互助码：清理 /scripts/logs/sharecodeCollection.log 中的旧助力码，收集新助力码
Apr 25 14:30:00 东东工厂好友互助码：清理 /scripts/logs/sharecodeCollection.log 中的旧助力码，收集新助力码
Apr 25 14:30:00 crazyJoy任务好友互助码：清理 /scripts/logs/sharecodeCollection.log 中的旧助力码，收集新助力码
Apr 25 14:30:00 京喜财富岛好友互助码：清理 /scripts/logs/sharecodeCollection.log 中的旧助力码，收集新助力码
Apr 25 14:30:00 京喜农场好友互助码：清理 /scripts/logs/sharecodeCollection.log 中的旧助力码，收集新助力码
Apr 25 14:30:00 京东赚赚好友互助码：清理 /scripts/logs/sharecodeCollection.log 中的旧助力码，收集新助力码
Apr 25 14:30:00 口袋书店好友互助码：清理 /scripts/logs/sharecodeCollection.log 中的旧助力码，收集新助力码
Apr 25 14:30:00 签到领现金好友互助码：清理 /scripts/logs/sharecodeCollection.log 中的旧助力码，收集新助力码
Apr 25 14:30:00 闪购盲盒好友互助码：清理 /scripts/logs/sharecodeCollection.log 中的旧助力码，收集新助力码
Apr 25 14:30:00 东东健康社区好友互助码：清理 /scripts/logs/sharecodeCollection.log 中的旧助力码，收集新助力码
Apr 25 15:30:00 东东农场好友互助码：清理 /scripts/logs/sharecodeCollection.log 中的旧助力码，收集新助力码
Apr 25 15:30:00 东东萌宠好友互助码：清理 /scripts/logs/sharecodeCollection.log 中的旧助力码，收集新助力码
Apr 25 15:30:00 京东种豆得豆好友互助码：清理 /scripts/logs/sharecodeCollection.log 中的旧助力码，收集新助力码
Apr 25 15:30:00 京喜工厂好友互助码：清理 /scripts/logs/sharecodeCollection.log 中的旧助力码，收集新助力码
Apr 25 15:30:00 东东工厂好友互助码：清理 /scripts/logs/sharecodeCollection.log 中的旧助力码，收集新助力码
Apr 25 15:30:00 crazyJoy任务好友互助码：清理 /scripts/logs/sharecodeCollection.log 中的旧助力码，收集新助力码
Apr 25 15:30:00 京喜财富岛好友互助码：清理 /scripts/logs/sharecodeCollection.log 中的旧助力码，收集新助力码
Apr 25 15:30:00 京喜农场好友互助码：清理 /scripts/logs/sharecodeCollection.log 中的旧助力码，收集新助力码
Apr 25 15:30:00 京东赚赚好友互助码：清理 /scripts/logs/sharecodeCollection.log 中的旧助力码，收集新助力码
Apr 25 15:30:00 口袋书店好友互助码：清理 /scripts/logs/sharecodeCollection.log 中的旧助力码，收集新助力码
Apr 25 15:30:00 签到领现金好友互助码：清理 /scripts/logs/sharecodeCollection.log 中的旧助力码，收集新助力码
Apr 25 15:30:00 闪购盲盒好友互助码：清理 /scripts/logs/sharecodeCollection.log 中的旧助力码，收集新助力码
Apr 25 15:30:00 东东健康社区好友互助码：清理 /scripts/logs/sharecodeCollection.log 中的旧助力码，收集新助力码
Apr 25 16:30:00 东东农场好友互助码：清理 /scripts/logs/sharecodeCollection.log 中的旧助力码，收集新助力码
Apr 25 16:30:00 东东萌宠好友互助码：清理 /scripts/logs/sharecodeCollection.log 中的旧助力码，收集新助力码
Apr 25 16:30:00 京东种豆得豆好友互助码：清理 /scripts/logs/sharecodeCollection.log 中的旧助力码，收集新助力码
Apr 25 16:30:00 京喜工厂好友互助码：清理 /scripts/logs/sharecodeCollection.log 中的旧助力码，收集新助力码
Apr 25 16:30:00 东东工厂好友互助码：清理 /scripts/logs/sharecodeCollection.log 中的旧助力码，收集新助力码
Apr 25 16:30:00 crazyJoy任务好友互助码：清理 /scripts/logs/sharecodeCollection.log 中的旧助力码，收集新助力码
Apr 25 16:30:00 京喜财富岛好友互助码：清理 /scripts/logs/sharecodeCollection.log 中的旧助力码，收集新助力码
Apr 25 16:30:00 京喜农场好友互助码：清理 /scripts/logs/sharecodeCollection.log 中的旧助力码，收集新助力码
Apr 25 16:30:00 京东赚赚好友互助码：清理 /scripts/logs/sharecodeCollection.log 中的旧助力码，收集新助力码
Apr 25 16:30:00 口袋书店好友互助码：清理 /scripts/logs/sharecodeCollection.log 中的旧助力码，收集新助力码
Apr 25 16:30:00 签到领现金好友互助码：清理 /scripts/logs/sharecodeCollection.log 中的旧助力码，收集新助力码
Apr 25 16:30:00 闪购盲盒好友互助码：清理 /scripts/logs/sharecodeCollection.log 中的旧助力码，收集新助力码
Apr 25 16:30:00 东东健康社区好友互助码：清理 /scripts/logs/sharecodeCollection.log 中的旧助力码，收集新助力码
Apr 25 17:30:00 东东农场好友互助码：清理 /scripts/logs/sharecodeCollection.log 中的旧助力码，收集新助力码
Apr 25 17:30:00 东东萌宠好友互助码：清理 /scripts/logs/sharecodeCollection.log 中的旧助力码，收集新助力码
Apr 25 17:30:00 京东种豆得豆好友互助码：清理 /scripts/logs/sharecodeCollection.log 中的旧助力码，收集新助力码
Apr 25 17:30:00 京喜工厂好友互助码：清理 /scripts/logs/sharecodeCollection.log 中的旧助力码，收集新助力码
Apr 25 17:30:00 东东工厂好友互助码：清理 /scripts/logs/sharecodeCollection.log 中的旧助力码，收集新助力码
Apr 25 17:30:00 crazyJoy任务好友互助码：清理 /scripts/logs/sharecodeCollection.log 中的旧助力码，收集新助力码
Apr 25 17:30:00 京喜财富岛好友互助码：清理 /scripts/logs/sharecodeCollection.log 中的旧助力码，收集新助力码
Apr 25 17:30:00 京喜农场好友互助码：清理 /scripts/logs/sharecodeCollection.log 中的旧助力码，收集新助力码
Apr 25 17:30:00 京东赚赚好友互助码：清理 /scripts/logs/sharecodeCollection.log 中的旧助力码，收集新助力码
Apr 25 17:30:00 口袋书店好友互助码：清理 /scripts/logs/sharecodeCollection.log 中的旧助力码，收集新助力码
Apr 25 17:30:00 签到领现金好友互助码：清理 /scripts/logs/sharecodeCollection.log 中的旧助力码，收集新助力码
Apr 25 17:30:00 闪购盲盒好友互助码：清理 /scripts/logs/sharecodeCollection.log 中的旧助力码，收集新助力码
Apr 25 17:30:00 东东健康社区好友互助码：清理 /scripts/logs/sharecodeCollection.log 中的旧助力码，收集新助力码
Apr 25 18:30:01 东东农场好友互助码：清理 /scripts/logs/sharecodeCollection.log 中的旧助力码，收集新助力码
Apr 25 18:30:01 东东萌宠好友互助码：清理 /scripts/logs/sharecodeCollection.log 中的旧助力码，收集新助力码
Apr 25 18:30:01 京东种豆得豆好友互助码：清理 /scripts/logs/sharecodeCollection.log 中的旧助力码，收集新助力码
Apr 25 18:30:01 京喜工厂好友互助码：清理 /scripts/logs/sharecodeCollection.log 中的旧助力码，收集新助力码
Apr 25 18:30:01 东东工厂好友互助码：清理 /scripts/logs/sharecodeCollection.log 中的旧助力码，收集新助力码
Apr 25 18:30:01 crazyJoy任务好友互助码：清理 /scripts/logs/sharecodeCollection.log 中的旧助力码，收集新助力码
Apr 25 18:30:01 京喜财富岛好友互助码：清理 /scripts/logs/sharecodeCollection.log 中的旧助力码，收集新助力码
Apr 25 18:30:01 京喜农场好友互助码：清理 /scripts/logs/sharecodeCollection.log 中的旧助力码，收集新助力码
Apr 25 18:30:01 京东赚赚好友互助码：清理 /scripts/logs/sharecodeCollection.log 中的旧助力码，收集新助力码
Apr 25 18:30:01 口袋书店好友互助码：清理 /scripts/logs/sharecodeCollection.log 中的旧助力码，收集新助力码
Apr 25 18:30:01 签到领现金好友互助码：清理 /scripts/logs/sharecodeCollection.log 中的旧助力码，收集新助力码
Apr 25 18:30:01 闪购盲盒好友互助码：清理 /scripts/logs/sharecodeCollection.log 中的旧助力码，收集新助力码
Apr 25 18:30:01 东东健康社区好友互助码：清理 /scripts/logs/sharecodeCollection.log 中的旧助力码，收集新助力码
Apr 25 19:30:00 东东农场好友互助码：清理 /scripts/logs/sharecodeCollection.log 中的旧助力码，收集新助力码
Apr 25 19:30:00 东东萌宠好友互助码：清理 /scripts/logs/sharecodeCollection.log 中的旧助力码，收集新助力码
Apr 25 19:30:00 京东种豆得豆好友互助码：清理 /scripts/logs/sharecodeCollection.log 中的旧助力码，收集新助力码
Apr 25 19:30:00 京喜工厂好友互助码：清理 /scripts/logs/sharecodeCollection.log 中的旧助力码，收集新助力码
Apr 25 19:30:00 东东工厂好友互助码：清理 /scripts/logs/sharecodeCollection.log 中的旧助力码，收集新助力码
Apr 25 19:30:00 crazyJoy任务好友互助码：清理 /scripts/logs/sharecodeCollection.log 中的旧助力码，收集新助力码
Apr 25 19:30:00 京喜财富岛好友互助码：清理 /scripts/logs/sharecodeCollection.log 中的旧助力码，收集新助力码
Apr 25 19:30:00 京喜农场好友互助码：清理 /scripts/logs/sharecodeCollection.log 中的旧助力码，收集新助力码
Apr 25 19:30:00 京东赚赚好友互助码：清理 /scripts/logs/sharecodeCollection.log 中的旧助力码，收集新助力码
Apr 25 19:30:00 口袋书店好友互助码：清理 /scripts/logs/sharecodeCollection.log 中的旧助力码，收集新助力码
Apr 25 19:30:00 签到领现金好友互助码：清理 /scripts/logs/sharecodeCollection.log 中的旧助力码，收集新助力码
Apr 25 19:30:00 闪购盲盒好友互助码：清理 /scripts/logs/sharecodeCollection.log 中的旧助力码，收集新助力码
Apr 25 19:30:00 东东健康社区好友互助码：清理 /scripts/logs/sharecodeCollection.log 中的旧助力码，收集新助力码
Apr 25 20:30:00 东东农场好友互助码：清理 /scripts/logs/sharecodeCollection.log 中的旧助力码，收集新助力码
Apr 25 20:30:00 东东萌宠好友互助码：清理 /scripts/logs/sharecodeCollection.log 中的旧助力码，收集新助力码
Apr 25 20:30:00 京东种豆得豆好友互助码：清理 /scripts/logs/sharecodeCollection.log 中的旧助力码，收集新助力码
Apr 25 20:30:00 京喜工厂好友互助码：清理 /scripts/logs/sharecodeCollection.log 中的旧助力码，收集新助力码
Apr 25 20:30:00 东东工厂好友互助码：清理 /scripts/logs/sharecodeCollection.log 中的旧助力码，收集新助力码
Apr 25 20:30:00 crazyJoy任务好友互助码：清理 /scripts/logs/sharecodeCollection.log 中的旧助力码，收集新助力码
Apr 25 20:30:00 京喜财富岛好友互助码：清理 /scripts/logs/sharecodeCollection.log 中的旧助力码，收集新助力码
Apr 25 20:30:00 京喜农场好友互助码：清理 /scripts/logs/sharecodeCollection.log 中的旧助力码，收集新助力码
Apr 25 20:30:00 京东赚赚好友互助码：清理 /scripts/logs/sharecodeCollection.log 中的旧助力码，收集新助力码
Apr 25 20:30:00 口袋书店好友互助码：清理 /scripts/logs/sharecodeCollection.log 中的旧助力码，收集新助力码
Apr 25 20:30:00 签到领现金好友互助码：清理 /scripts/logs/sharecodeCollection.log 中的旧助力码，收集新助力码
Apr 25 20:30:00 闪购盲盒好友互助码：清理 /scripts/logs/sharecodeCollection.log 中的旧助力码，收集新助力码
Apr 25 20:30:00 东东健康社区好友互助码：清理 /scripts/logs/sharecodeCollection.log 中的旧助力码，收集新助力码
Apr 25 21:30:00 东东农场好友互助码：清理 /scripts/logs/sharecodeCollection.log 中的旧助力码，收集新助力码
Apr 25 21:30:00 东东萌宠好友互助码：清理 /scripts/logs/sharecodeCollection.log 中的旧助力码，收集新助力码
Apr 25 21:30:00 京东种豆得豆好友互助码：清理 /scripts/logs/sharecodeCollection.log 中的旧助力码，收集新助力码
Apr 25 21:30:00 京喜工厂好友互助码：清理 /scripts/logs/sharecodeCollection.log 中的旧助力码，收集新助力码
Apr 25 21:30:00 东东工厂好友互助码：清理 /scripts/logs/sharecodeCollection.log 中的旧助力码，收集新助力码
Apr 25 21:30:00 crazyJoy任务好友互助码：清理 /scripts/logs/sharecodeCollection.log 中的旧助力码，收集新助力码
Apr 25 21:30:00 京喜财富岛好友互助码：清理 /scripts/logs/sharecodeCollection.log 中的旧助力码，收集新助力码
Apr 25 21:30:00 京喜农场好友互助码：清理 /scripts/logs/sharecodeCollection.log 中的旧助力码，收集新助力码
Apr 25 21:30:00 京东赚赚好友互助码：清理 /scripts/logs/sharecodeCollection.log 中的旧助力码，收集新助力码
Apr 25 21:30:00 口袋书店好友互助码：清理 /scripts/logs/sharecodeCollection.log 中的旧助力码，收集新助力码
Apr 25 21:30:00 签到领现金好友互助码：清理 /scripts/logs/sharecodeCollection.log 中的旧助力码，收集新助力码
Apr 25 21:30:00 闪购盲盒好友互助码：清理 /scripts/logs/sharecodeCollection.log 中的旧助力码，收集新助力码
Apr 25 21:30:00 东东健康社区好友互助码：清理 /scripts/logs/sharecodeCollection.log 中的旧助力码，收集新助力码
Apr 25 22:30:00 东东农场好友互助码：清理 /scripts/logs/sharecodeCollection.log 中的旧助力码，收集新助力码
Apr 25 22:30:00 东东萌宠好友互助码：清理 /scripts/logs/sharecodeCollection.log 中的旧助力码，收集新助力码
Apr 25 22:30:00 京东种豆得豆好友互助码：清理 /scripts/logs/sharecodeCollection.log 中的旧助力码，收集新助力码
Apr 25 22:30:00 京喜工厂好友互助码：清理 /scripts/logs/sharecodeCollection.log 中的旧助力码，收集新助力码
Apr 25 22:30:00 东东工厂好友互助码：清理 /scripts/logs/sharecodeCollection.log 中的旧助力码，收集新助力码
Apr 25 22:30:00 crazyJoy任务好友互助码：清理 /scripts/logs/sharecodeCollection.log 中的旧助力码，收集新助力码
Apr 25 22:30:00 京喜财富岛好友互助码：清理 /scripts/logs/sharecodeCollection.log 中的旧助力码，收集新助力码
Apr 25 22:30:00 京喜农场好友互助码：清理 /scripts/logs/sharecodeCollection.log 中的旧助力码，收集新助力码
Apr 25 22:30:00 京东赚赚好友互助码：清理 /scripts/logs/sharecodeCollection.log 中的旧助力码，收集新助力码
Apr 25 22:30:00 口袋书店好友互助码：清理 /scripts/logs/sharecodeCollection.log 中的旧助力码，收集新助力码
Apr 25 22:30:00 签到领现金好友互助码：清理 /scripts/logs/sharecodeCollection.log 中的旧助力码，收集新助力码
Apr 25 22:30:00 闪购盲盒好友互助码：清理 /scripts/logs/sharecodeCollection.log 中的旧助力码，收集新助力码
Apr 25 22:30:00 东东健康社区好友互助码：清理 /scripts/logs/sharecodeCollection.log 中的旧助力码，收集新助力码
Apr 25 23:30:00 东东农场好友互助码：清理 /scripts/logs/sharecodeCollection.log 中的旧助力码，收集新助力码
Apr 25 23:30:00 东东萌宠好友互助码：清理 /scripts/logs/sharecodeCollection.log 中的旧助力码，收集新助力码
Apr 25 23:30:00 京东种豆得豆好友互助码：清理 /scripts/logs/sharecodeCollection.log 中的旧助力码，收集新助力码
Apr 25 23:30:00 京喜工厂好友互助码：清理 /scripts/logs/sharecodeCollection.log 中的旧助力码，收集新助力码
Apr 25 23:30:00 东东工厂好友互助码：清理 /scripts/logs/sharecodeCollection.log 中的旧助力码，收集新助力码
Apr 25 23:30:00 crazyJoy任务好友互助码：清理 /scripts/logs/sharecodeCollection.log 中的旧助力码，收集新助力码
Apr 25 23:30:00 京喜财富岛好友互助码：清理 /scripts/logs/sharecodeCollection.log 中的旧助力码，收集新助力码
Apr 25 23:30:00 京喜农场好友互助码：清理 /scripts/logs/sharecodeCollection.log 中的旧助力码，收集新助力码
Apr 25 23:30:00 京东赚赚好友互助码：清理 /scripts/logs/sharecodeCollection.log 中的旧助力码，收集新助力码
Apr 25 23:30:00 口袋书店好友互助码：清理 /scripts/logs/sharecodeCollection.log 中的旧助力码，收集新助力码
Apr 25 23:30:00 签到领现金好友互助码：清理 /scripts/logs/sharecodeCollection.log 中的旧助力码，收集新助力码
Apr 25 23:30:00 闪购盲盒好友互助码：清理 /scripts/logs/sharecodeCollection.log 中的旧助力码，收集新助力码
Apr 25 23:30:00 东东健康社区好友互助码：清理 /scripts/logs/sharecodeCollection.log 中的旧助力码，收集新助力码
Apr 26 00:30:00 东东农场好友互助码：清理 /scripts/logs/sharecodeCollection.log 中的旧助力码，收集新助力码
Apr 26 00:30:00 东东萌宠好友互助码：清理 /scripts/logs/sharecodeCollection.log 中的旧助力码，收集新助力码
Apr 26 00:30:00 京东种豆得豆好友互助码：清理 /scripts/logs/sharecodeCollection.log 中的旧助力码，收集新助力码
Apr 26 00:30:00 京喜工厂好友互助码：清理 /scripts/logs/sharecodeCollection.log 中的旧助力码，收集新助力码
Apr 26 00:30:00 东东工厂好友互助码：清理 /scripts/logs/sharecodeCollection.log 中的旧助力码，收集新助力码
Apr 26 00:30:01 crazyJoy任务好友互助码：清理 /scripts/logs/sharecodeCollection.log 中的旧助力码，收集新助力码
Apr 26 00:30:01 京喜财富岛好友互助码：清理 /scripts/logs/sharecodeCollection.log 中的旧助力码，收集新助力码
Apr 26 00:30:01 京喜农场好友互助码：清理 /scripts/logs/sharecodeCollection.log 中的旧助力码，收集新助力码
Apr 26 00:30:01 京东赚赚好友互助码：清理 /scripts/logs/sharecodeCollection.log 中的旧助力码，收集新助力码
Apr 26 00:30:01 口袋书店好友互助码：清理 /scripts/logs/sharecodeCollection.log 中的旧助力码，收集新助力码
Apr 26 00:30:01 签到领现金好友互助码：清理 /scripts/logs/sharecodeCollection.log 中的旧助力码，收集新助力码
Apr 26 00:30:01 闪购盲盒好友互助码：清理 /scripts/logs/sharecodeCollection.log 中的旧助力码，收集新助力码
Apr 26 00:30:01 东东健康社区好友互助码：清理 /scripts/logs/sharecodeCollection.log 中的旧助力码，收集新助力码
Apr 26 01:30:00 东东农场好友互助码：清理 /scripts/logs/sharecodeCollection.log 中的旧助力码，收集新助力码
Apr 26 01:30:00 东东萌宠好友互助码：清理 /scripts/logs/sharecodeCollection.log 中的旧助力码，收集新助力码
Apr 26 01:30:00 京东种豆得豆好友互助码：清理 /scripts/logs/sharecodeCollection.log 中的旧助力码，收集新助力码
Apr 26 01:30:00 京喜工厂好友互助码：清理 /scripts/logs/sharecodeCollection.log 中的旧助力码，收集新助力码
Apr 26 01:30:00 东东工厂好友互助码：清理 /scripts/logs/sharecodeCollection.log 中的旧助力码，收集新助力码
Apr 26 01:30:00 crazyJoy任务好友互助码：清理 /scripts/logs/sharecodeCollection.log 中的旧助力码，收集新助力码
Apr 26 01:30:00 京喜财富岛好友互助码：清理 /scripts/logs/sharecodeCollection.log 中的旧助力码，收集新助力码
Apr 26 01:30:00 京喜农场好友互助码：清理 /scripts/logs/sharecodeCollection.log 中的旧助力码，收集新助力码
Apr 26 01:30:00 京东赚赚好友互助码：清理 /scripts/logs/sharecodeCollection.log 中的旧助力码，收集新助力码
Apr 26 01:30:01 口袋书店好友互助码：清理 /scripts/logs/sharecodeCollection.log 中的旧助力码，收集新助力码
Apr 26 01:30:01 签到领现金好友互助码：清理 /scripts/logs/sharecodeCollection.log 中的旧助力码，收集新助力码
Apr 26 01:30:01 闪购盲盒好友互助码：清理 /scripts/logs/sharecodeCollection.log 中的旧助力码，收集新助力码
Apr 26 01:30:01 东东健康社区好友互助码：清理 /scripts/logs/sharecodeCollection.log 中的旧助力码，收集新助力码
Apr 26 02:30:01 东东农场好友互助码：清理 /scripts/logs/sharecodeCollection.log 中的旧助力码，收集新助力码
Apr 26 02:30:01 东东萌宠好友互助码：清理 /scripts/logs/sharecodeCollection.log 中的旧助力码，收集新助力码
Apr 26 02:30:01 京东种豆得豆好友互助码：清理 /scripts/logs/sharecodeCollection.log 中的旧助力码，收集新助力码
Apr 26 02:30:01 京喜工厂好友互助码：清理 /scripts/logs/sharecodeCollection.log 中的旧助力码，收集新助力码
Apr 26 02:30:01 东东工厂好友互助码：清理 /scripts/logs/sharecodeCollection.log 中的旧助力码，收集新助力码
Apr 26 02:30:01 crazyJoy任务好友互助码：清理 /scripts/logs/sharecodeCollection.log 中的旧助力码，收集新助力码
Apr 26 02:30:01 京喜财富岛好友互助码：清理 /scripts/logs/sharecodeCollection.log 中的旧助力码，收集新助力码
Apr 26 02:30:01 京喜农场好友互助码：清理 /scripts/logs/sharecodeCollection.log 中的旧助力码，收集新助力码
Apr 26 02:30:01 京东赚赚好友互助码：清理 /scripts/logs/sharecodeCollection.log 中的旧助力码，收集新助力码
Apr 26 02:30:01 口袋书店好友互助码：清理 /scripts/logs/sharecodeCollection.log 中的旧助力码，收集新助力码
Apr 26 02:30:01 签到领现金好友互助码：清理 /scripts/logs/sharecodeCollection.log 中的旧助力码，收集新助力码
Apr 26 02:30:01 闪购盲盒好友互助码：清理 /scripts/logs/sharecodeCollection.log 中的旧助力码，收集新助力码
Apr 26 02:30:01 东东健康社区好友互助码：清理 /scripts/logs/sharecodeCollection.log 中的旧助力码，收集新助力码
Apr 26 03:30:00 东东农场好友互助码：清理 /scripts/logs/sharecodeCollection.log 中的旧助力码，收集新助力码
Apr 26 03:30:00 东东萌宠好友互助码：清理 /scripts/logs/sharecodeCollection.log 中的旧助力码，收集新助力码
Apr 26 03:30:00 京东种豆得豆好友互助码：清理 /scripts/logs/sharecodeCollection.log 中的旧助力码，收集新助力码
Apr 26 03:30:00 京喜工厂好友互助码：清理 /scripts/logs/sharecodeCollection.log 中的旧助力码，收集新助力码
Apr 26 03:30:00 东东工厂好友互助码：清理 /scripts/logs/sharecodeCollection.log 中的旧助力码，收集新助力码
Apr 26 03:30:00 crazyJoy任务好友互助码：清理 /scripts/logs/sharecodeCollection.log 中的旧助力码，收集新助力码
Apr 26 03:30:00 京喜财富岛好友互助码：清理 /scripts/logs/sharecodeCollection.log 中的旧助力码，收集新助力码
Apr 26 03:30:00 京喜农场好友互助码：清理 /scripts/logs/sharecodeCollection.log 中的旧助力码，收集新助力码
Apr 26 03:30:00 京东赚赚好友互助码：清理 /scripts/logs/sharecodeCollection.log 中的旧助力码，收集新助力码
Apr 26 03:30:00 口袋书店好友互助码：清理 /scripts/logs/sharecodeCollection.log 中的旧助力码，收集新助力码
Apr 26 03:30:00 签到领现金好友互助码：清理 /scripts/logs/sharecodeCollection.log 中的旧助力码，收集新助力码
Apr 26 03:30:00 闪购盲盒好友互助码：清理 /scripts/logs/sharecodeCollection.log 中的旧助力码，收集新助力码
Apr 26 03:30:00 东东健康社区好友互助码：清理 /scripts/logs/sharecodeCollection.log 中的旧助力码，收集新助力码
Apr 26 04:30:00 东东农场好友互助码：清理 /scripts/logs/sharecodeCollection.log 中的旧助力码，收集新助力码
Apr 26 04:30:00 东东萌宠好友互助码：清理 /scripts/logs/sharecodeCollection.log 中的旧助力码，收集新助力码
Apr 26 04:30:00 京东种豆得豆好友互助码：清理 /scripts/logs/sharecodeCollection.log 中的旧助力码，收集新助力码
Apr 26 04:30:00 京喜工厂好友互助码：清理 /scripts/logs/sharecodeCollection.log 中的旧助力码，收集新助力码
Apr 26 04:30:00 东东工厂好友互助码：清理 /scripts/logs/sharecodeCollection.log 中的旧助力码，收集新助力码
Apr 26 04:30:00 crazyJoy任务好友互助码：清理 /scripts/logs/sharecodeCollection.log 中的旧助力码，收集新助力码
Apr 26 04:30:00 京喜财富岛好友互助码：清理 /scripts/logs/sharecodeCollection.log 中的旧助力码，收集新助力码
Apr 26 04:30:00 京喜农场好友互助码：清理 /scripts/logs/sharecodeCollection.log 中的旧助力码，收集新助力码
Apr 26 04:30:00 京东赚赚好友互助码：清理 /scripts/logs/sharecodeCollection.log 中的旧助力码，收集新助力码
Apr 26 04:30:00 口袋书店好友互助码：清理 /scripts/logs/sharecodeCollection.log 中的旧助力码，收集新助力码
Apr 26 04:30:00 签到领现金好友互助码：清理 /scripts/logs/sharecodeCollection.log 中的旧助力码，收集新助力码
Apr 26 04:30:00 闪购盲盒好友互助码：清理 /scripts/logs/sharecodeCollection.log 中的旧助力码，收集新助力码
Apr 26 04:30:00 东东健康社区好友互助码：清理 /scripts/logs/sharecodeCollection.log 中的旧助力码，收集新助力码
Apr 26 05:30:00 东东农场好友互助码：清理 /scripts/logs/sharecodeCollection.log 中的旧助力码，收集新助力码
Apr 26 05:30:00 东东萌宠好友互助码：清理 /scripts/logs/sharecodeCollection.log 中的旧助力码，收集新助力码
Apr 26 05:30:00 京东种豆得豆好友互助码：清理 /scripts/logs/sharecodeCollection.log 中的旧助力码，收集新助力码
Apr 26 05:30:00 京喜工厂好友互助码：清理 /scripts/logs/sharecodeCollection.log 中的旧助力码，收集新助力码
Apr 26 05:30:00 东东工厂好友互助码：清理 /scripts/logs/sharecodeCollection.log 中的旧助力码，收集新助力码
Apr 26 05:30:00 crazyJoy任务好友互助码：清理 /scripts/logs/sharecodeCollection.log 中的旧助力码，收集新助力码
Apr 26 05:30:00 京喜财富岛好友互助码：清理 /scripts/logs/sharecodeCollection.log 中的旧助力码，收集新助力码
Apr 26 05:30:00 京喜农场好友互助码：清理 /scripts/logs/sharecodeCollection.log 中的旧助力码，收集新助力码
Apr 26 05:30:00 京东赚赚好友互助码：清理 /scripts/logs/sharecodeCollection.log 中的旧助力码，收集新助力码
Apr 26 05:30:00 口袋书店好友互助码：清理 /scripts/logs/sharecodeCollection.log 中的旧助力码，收集新助力码
Apr 26 05:30:00 签到领现金好友互助码：清理 /scripts/logs/sharecodeCollection.log 中的旧助力码，收集新助力码
Apr 26 05:30:00 闪购盲盒好友互助码：清理 /scripts/logs/sharecodeCollection.log 中的旧助力码，收集新助力码
Apr 26 05:30:00 东东健康社区好友互助码：清理 /scripts/logs/sharecodeCollection.log 中的旧助力码，收集新助力码
Apr 26 06:30:00 东东农场好友互助码：清理 /scripts/logs/sharecodeCollection.log 中的旧助力码，收集新助力码
Apr 26 06:30:00 东东萌宠好友互助码：清理 /scripts/logs/sharecodeCollection.log 中的旧助力码，收集新助力码
Apr 26 06:30:00 京东种豆得豆好友互助码：清理 /scripts/logs/sharecodeCollection.log 中的旧助力码，收集新助力码
Apr 26 06:30:00 京喜工厂好友互助码：清理 /scripts/logs/sharecodeCollection.log 中的旧助力码，收集新助力码
Apr 26 06:30:00 东东工厂好友互助码：清理 /scripts/logs/sharecodeCollection.log 中的旧助力码，收集新助力码
Apr 26 06:30:00 crazyJoy任务好友互助码：清理 /scripts/logs/sharecodeCollection.log 中的旧助力码，收集新助力码
Apr 26 06:30:00 京喜财富岛好友互助码：清理 /scripts/logs/sharecodeCollection.log 中的旧助力码，收集新助力码
Apr 26 06:30:00 京喜农场好友互助码：清理 /scripts/logs/sharecodeCollection.log 中的旧助力码，收集新助力码
Apr 26 06:30:00 京东赚赚好友互助码：清理 /scripts/logs/sharecodeCollection.log 中的旧助力码，收集新助力码
Apr 26 06:30:00 口袋书店好友互助码：清理 /scripts/logs/sharecodeCollection.log 中的旧助力码，收集新助力码
Apr 26 06:30:00 签到领现金好友互助码：清理 /scripts/logs/sharecodeCollection.log 中的旧助力码，收集新助力码
Apr 26 06:30:00 闪购盲盒好友互助码：清理 /scripts/logs/sharecodeCollection.log 中的旧助力码，收集新助力码
Apr 26 06:30:00 东东健康社区好友互助码：清理 /scripts/logs/sharecodeCollection.log 中的旧助力码，收集新助力码
Apr 26 07:30:00 东东农场好友互助码：清理 /scripts/logs/sharecodeCollection.log 中的旧助力码，收集新助力码
Apr 26 07:30:00 东东萌宠好友互助码：清理 /scripts/logs/sharecodeCollection.log 中的旧助力码，收集新助力码
Apr 26 07:30:00 京东种豆得豆好友互助码：清理 /scripts/logs/sharecodeCollection.log 中的旧助力码，收集新助力码
Apr 26 07:30:00 京喜工厂好友互助码：清理 /scripts/logs/sharecodeCollection.log 中的旧助力码，收集新助力码
Apr 26 07:30:00 东东工厂好友互助码：清理 /scripts/logs/sharecodeCollection.log 中的旧助力码，收集新助力码
Apr 26 07:30:00 crazyJoy任务好友互助码：清理 /scripts/logs/sharecodeCollection.log 中的旧助力码，收集新助力码
Apr 26 07:30:00 京喜财富岛好友互助码：清理 /scripts/logs/sharecodeCollection.log 中的旧助力码，收集新助力码
Apr 26 07:30:00 京喜农场好友互助码：清理 /scripts/logs/sharecodeCollection.log 中的旧助力码，收集新助力码
Apr 26 07:30:00 京东赚赚好友互助码：清理 /scripts/logs/sharecodeCollection.log 中的旧助力码，收集新助力码
Apr 26 07:30:00 口袋书店好友互助码：清理 /scripts/logs/sharecodeCollection.log 中的旧助力码，收集新助力码
Apr 26 07:30:00 签到领现金好友互助码：清理 /scripts/logs/sharecodeCollection.log 中的旧助力码，收集新助力码
Apr 26 07:30:00 闪购盲盒好友互助码：清理 /scripts/logs/sharecodeCollection.log 中的旧助力码，收集新助力码
Apr 26 07:30:00 东东健康社区好友互助码：清理 /scripts/logs/sharecodeCollection.log 中的旧助力码，收集新助力码
Apr 26 08:30:00 东东农场好友互助码：清理 /scripts/logs/sharecodeCollection.log 中的旧助力码，收集新助力码
Apr 26 08:30:00 东东萌宠好友互助码：清理 /scripts/logs/sharecodeCollection.log 中的旧助力码，收集新助力码
Apr 26 08:30:00 京东种豆得豆好友互助码：清理 /scripts/logs/sharecodeCollection.log 中的旧助力码，收集新助力码
Apr 26 08:30:00 京喜工厂好友互助码：清理 /scripts/logs/sharecodeCollection.log 中的旧助力码，收集新助力码
Apr 26 08:30:00 东东工厂好友互助码：清理 /scripts/logs/sharecodeCollection.log 中的旧助力码，收集新助力码
Apr 26 08:30:00 crazyJoy任务好友互助码：清理 /scripts/logs/sharecodeCollection.log 中的旧助力码，收集新助力码
Apr 26 08:30:00 京喜财富岛好友互助码：清理 /scripts/logs/sharecodeCollection.log 中的旧助力码，收集新助力码
Apr 26 08:30:00 京喜农场好友互助码：清理 /scripts/logs/sharecodeCollection.log 中的旧助力码，收集新助力码
Apr 26 08:30:00 京东赚赚好友互助码：清理 /scripts/logs/sharecodeCollection.log 中的旧助力码，收集新助力码
Apr 26 08:30:00 口袋书店好友互助码：清理 /scripts/logs/sharecodeCollection.log 中的旧助力码，收集新助力码
Apr 26 08:30:00 签到领现金好友互助码：清理 /scripts/logs/sharecodeCollection.log 中的旧助力码，收集新助力码
Apr 26 08:30:00 闪购盲盒好友互助码：清理 /scripts/logs/sharecodeCollection.log 中的旧助力码，收集新助力码
Apr 26 08:30:00 东东健康社区好友互助码：清理 /scripts/logs/sharecodeCollection.log 中的旧助力码，收集新助力码
Apr 26 09:30:00 东东农场好友互助码：清理 /scripts/logs/sharecodeCollection.log 中的旧助力码，收集新助力码
Apr 26 09:30:00 东东萌宠好友互助码：清理 /scripts/logs/sharecodeCollection.log 中的旧助力码，收集新助力码
Apr 26 09:30:00 京东种豆得豆好友互助码：清理 /scripts/logs/sharecodeCollection.log 中的旧助力码，收集新助力码
Apr 26 09:30:00 京喜工厂好友互助码：清理 /scripts/logs/sharecodeCollection.log 中的旧助力码，收集新助力码
Apr 26 09:30:01 东东工厂好友互助码：清理 /scripts/logs/sharecodeCollection.log 中的旧助力码，收集新助力码
Apr 26 09:30:01 crazyJoy任务好友互助码：清理 /scripts/logs/sharecodeCollection.log 中的旧助力码，收集新助力码
Apr 26 09:30:01 京喜财富岛好友互助码：清理 /scripts/logs/sharecodeCollection.log 中的旧助力码，收集新助力码
Apr 26 09:30:01 京喜农场好友互助码：清理 /scripts/logs/sharecodeCollection.log 中的旧助力码，收集新助力码
Apr 26 09:30:01 京东赚赚好友互助码：清理 /scripts/logs/sharecodeCollection.log 中的旧助力码，收集新助力码
Apr 26 09:30:01 口袋书店好友互助码：清理 /scripts/logs/sharecodeCollection.log 中的旧助力码，收集新助力码
Apr 26 09:30:01 签到领现金好友互助码：清理 /scripts/logs/sharecodeCollection.log 中的旧助力码，收集新助力码
Apr 26 09:30:01 闪购盲盒好友互助码：清理 /scripts/logs/sharecodeCollection.log 中的旧助力码，收集新助力码
Apr 26 09:30:01 东东健康社区好友互助码：清理 /scripts/logs/sharecodeCollection.log 中的旧助力码，收集新助力码
Apr 26 10:30:01 东东农场好友互助码：清理 /scripts/logs/sharecodeCollection.log 中的旧助力码，收集新助力码
Apr 26 10:30:01 东东萌宠好友互助码：清理 /scripts/logs/sharecodeCollection.log 中的旧助力码，收集新助力码
Apr 26 10:30:01 京东种豆得豆好友互助码：清理 /scripts/logs/sharecodeCollection.log 中的旧助力码，收集新助力码
Apr 26 10:30:01 京喜工厂好友互助码：清理 /scripts/logs/sharecodeCollection.log 中的旧助力码，收集新助力码
Apr 26 10:30:01 东东工厂好友互助码：清理 /scripts/logs/sharecodeCollection.log 中的旧助力码，收集新助力码
Apr 26 10:30:01 crazyJoy任务好友互助码：清理 /scripts/logs/sharecodeCollection.log 中的旧助力码，收集新助力码
Apr 26 10:30:01 京喜财富岛好友互助码：清理 /scripts/logs/sharecodeCollection.log 中的旧助力码，收集新助力码
Apr 26 10:30:01 京喜农场好友互助码：清理 /scripts/logs/sharecodeCollection.log 中的旧助力码，收集新助力码
Apr 26 10:30:01 京东赚赚好友互助码：清理 /scripts/logs/sharecodeCollection.log 中的旧助力码，收集新助力码
Apr 26 10:30:01 口袋书店好友互助码：清理 /scripts/logs/sharecodeCollection.log 中的旧助力码，收集新助力码
Apr 26 10:30:01 签到领现金好友互助码：清理 /scripts/logs/sharecodeCollection.log 中的旧助力码，收集新助力码
Apr 26 10:30:01 闪购盲盒好友互助码：清理 /scripts/logs/sharecodeCollection.log 中的旧助力码，收集新助力码
Apr 26 10:30:01 东东健康社区好友互助码：清理 /scripts/logs/sharecodeCollection.log 中的旧助力码，收集新助力码
Apr 26 11:30:00 东东农场好友互助码：清理 /scripts/logs/sharecodeCollection.log 中的旧助力码，收集新助力码
Apr 26 11:30:00 东东萌宠好友互助码：清理 /scripts/logs/sharecodeCollection.log 中的旧助力码，收集新助力码
Apr 26 11:30:00 京东种豆得豆好友互助码：清理 /scripts/logs/sharecodeCollection.log 中的旧助力码，收集新助力码
Apr 26 11:30:00 京喜工厂好友互助码：清理 /scripts/logs/sharecodeCollection.log 中的旧助力码，收集新助力码
Apr 26 11:30:00 东东工厂好友互助码：清理 /scripts/logs/sharecodeCollection.log 中的旧助力码，收集新助力码
Apr 26 11:30:00 crazyJoy任务好友互助码：清理 /scripts/logs/sharecodeCollection.log 中的旧助力码，收集新助力码
Apr 26 11:30:00 京喜财富岛好友互助码：清理 /scripts/logs/sharecodeCollection.log 中的旧助力码，收集新助力码
Apr 26 11:30:00 京喜农场好友互助码：清理 /scripts/logs/sharecodeCollection.log 中的旧助力码，收集新助力码
Apr 26 11:30:00 京东赚赚好友互助码：清理 /scripts/logs/sharecodeCollection.log 中的旧助力码，收集新助力码
Apr 26 11:30:00 口袋书店好友互助码：清理 /scripts/logs/sharecodeCollection.log 中的旧助力码，收集新助力码
Apr 26 11:30:00 签到领现金好友互助码：清理 /scripts/logs/sharecodeCollection.log 中的旧助力码，收集新助力码
Apr 26 11:30:00 闪购盲盒好友互助码：清理 /scripts/logs/sharecodeCollection.log 中的旧助力码，收集新助力码
Apr 26 11:30:00 东东健康社区好友互助码：清理 /scripts/logs/sharecodeCollection.log 中的旧助力码，收集新助力码
Apr 26 12:30:00 东东农场好友互助码：清理 /scripts/logs/sharecodeCollection.log 中的旧助力码，收集新助力码
Apr 26 12:30:00 东东萌宠好友互助码：清理 /scripts/logs/sharecodeCollection.log 中的旧助力码，收集新助力码
Apr 26 12:30:00 京东种豆得豆好友互助码：清理 /scripts/logs/sharecodeCollection.log 中的旧助力码，收集新助力码
Apr 26 12:30:00 京喜工厂好友互助码：清理 /scripts/logs/sharecodeCollection.log 中的旧助力码，收集新助力码
Apr 26 12:30:00 东东工厂好友互助码：清理 /scripts/logs/sharecodeCollection.log 中的旧助力码，收集新助力码
Apr 26 12:30:00 crazyJoy任务好友互助码：清理 /scripts/logs/sharecodeCollection.log 中的旧助力码，收集新助力码
Apr 26 12:30:00 京喜财富岛好友互助码：清理 /scripts/logs/sharecodeCollection.log 中的旧助力码，收集新助力码
Apr 26 12:30:00 京喜农场好友互助码：清理 /scripts/logs/sharecodeCollection.log 中的旧助力码，收集新助力码
Apr 26 12:30:00 京东赚赚好友互助码：清理 /scripts/logs/sharecodeCollection.log 中的旧助力码，收集新助力码
Apr 26 12:30:00 口袋书店好友互助码：清理 /scripts/logs/sharecodeCollection.log 中的旧助力码，收集新助力码
Apr 26 12:30:00 签到领现金好友互助码：清理 /scripts/logs/sharecodeCollection.log 中的旧助力码，收集新助力码
Apr 26 12:30:00 闪购盲盒好友互助码：清理 /scripts/logs/sharecodeCollection.log 中的旧助力码，收集新助力码
Apr 26 12:30:00 东东健康社区好友互助码：清理 /scripts/logs/sharecodeCollection.log 中的旧助力码，收集新助力码
Apr 26 13:30:00 东东农场好友互助码：清理 /scripts/logs/sharecodeCollection.log 中的旧助力码，收集新助力码
Apr 26 13:30:00 东东萌宠好友互助码：清理 /scripts/logs/sharecodeCollection.log 中的旧助力码，收集新助力码
Apr 26 13:30:00 京东种豆得豆好友互助码：清理 /scripts/logs/sharecodeCollection.log 中的旧助力码，收集新助力码
Apr 26 13:30:00 京喜工厂好友互助码：清理 /scripts/logs/sharecodeCollection.log 中的旧助力码，收集新助力码
Apr 26 13:30:00 东东工厂好友互助码：清理 /scripts/logs/sharecodeCollection.log 中的旧助力码，收集新助力码
Apr 26 13:30:00 crazyJoy任务好友互助码：清理 /scripts/logs/sharecodeCollection.log 中的旧助力码，收集新助力码
Apr 26 13:30:00 京喜财富岛好友互助码：清理 /scripts/logs/sharecodeCollection.log 中的旧助力码，收集新助力码
Apr 26 13:30:00 京喜农场好友互助码：清理 /scripts/logs/sharecodeCollection.log 中的旧助力码，收集新助力码
Apr 26 13:30:00 京东赚赚好友互助码：清理 /scripts/logs/sharecodeCollection.log 中的旧助力码，收集新助力码
Apr 26 13:30:00 口袋书店好友互助码：清理 /scripts/logs/sharecodeCollection.log 中的旧助力码，收集新助力码
Apr 26 13:30:00 签到领现金好友互助码：清理 /scripts/logs/sharecodeCollection.log 中的旧助力码，收集新助力码
Apr 26 13:30:00 闪购盲盒好友互助码：清理 /scripts/logs/sharecodeCollection.log 中的旧助力码，收集新助力码
Apr 26 13:30:00 东东健康社区好友互助码：清理 /scripts/logs/sharecodeCollection.log 中的旧助力码，收集新助力码
Apr 26 14:30:00 东东农场好友互助码：清理 /scripts/logs/sharecodeCollection.log 中的旧助力码，收集新助力码
Apr 26 14:30:00 东东萌宠好友互助码：清理 /scripts/logs/sharecodeCollection.log 中的旧助力码，收集新助力码
Apr 26 14:30:00 京东种豆得豆好友互助码：清理 /scripts/logs/sharecodeCollection.log 中的旧助力码，收集新助力码
Apr 26 14:30:00 京喜工厂好友互助码：清理 /scripts/logs/sharecodeCollection.log 中的旧助力码，收集新助力码
Apr 26 14:30:00 东东工厂好友互助码：清理 /scripts/logs/sharecodeCollection.log 中的旧助力码，收集新助力码
Apr 26 14:30:00 crazyJoy任务好友互助码：清理 /scripts/logs/sharecodeCollection.log 中的旧助力码，收集新助力码
Apr 26 14:30:00 京喜财富岛好友互助码：清理 /scripts/logs/sharecodeCollection.log 中的旧助力码，收集新助力码
Apr 26 14:30:00 京喜农场好友互助码：清理 /scripts/logs/sharecodeCollection.log 中的旧助力码，收集新助力码
Apr 26 14:30:00 京东赚赚好友互助码：清理 /scripts/logs/sharecodeCollection.log 中的旧助力码，收集新助力码
Apr 26 14:30:00 口袋书店好友互助码：清理 /scripts/logs/sharecodeCollection.log 中的旧助力码，收集新助力码
Apr 26 14:30:00 签到领现金好友互助码：清理 /scripts/logs/sharecodeCollection.log 中的旧助力码，收集新助力码
Apr 26 14:30:00 闪购盲盒好友互助码：清理 /scripts/logs/sharecodeCollection.log 中的旧助力码，收集新助力码
Apr 26 14:30:00 东东健康社区好友互助码：清理 /scripts/logs/sharecodeCollection.log 中的旧助力码，收集新助力码
Apr 26 15:30:00 东东农场好友互助码：清理 /scripts/logs/sharecodeCollection.log 中的旧助力码，收集新助力码
Apr 26 15:30:00 东东萌宠好友互助码：清理 /scripts/logs/sharecodeCollection.log 中的旧助力码，收集新助力码
Apr 26 15:30:00 京东种豆得豆好友互助码：清理 /scripts/logs/sharecodeCollection.log 中的旧助力码，收集新助力码
Apr 26 15:30:00 京喜工厂好友互助码：清理 /scripts/logs/sharecodeCollection.log 中的旧助力码，收集新助力码
Apr 26 15:30:00 东东工厂好友互助码：清理 /scripts/logs/sharecodeCollection.log 中的旧助力码，收集新助力码
Apr 26 15:30:00 crazyJoy任务好友互助码：清理 /scripts/logs/sharecodeCollection.log 中的旧助力码，收集新助力码
Apr 26 15:30:00 京喜财富岛好友互助码：清理 /scripts/logs/sharecodeCollection.log 中的旧助力码，收集新助力码
Apr 26 15:30:00 京喜农场好友互助码：清理 /scripts/logs/sharecodeCollection.log 中的旧助力码，收集新助力码
Apr 26 15:30:00 京东赚赚好友互助码：清理 /scripts/logs/sharecodeCollection.log 中的旧助力码，收集新助力码
Apr 26 15:30:00 口袋书店好友互助码：清理 /scripts/logs/sharecodeCollection.log 中的旧助力码，收集新助力码
Apr 26 15:30:00 签到领现金好友互助码：清理 /scripts/logs/sharecodeCollection.log 中的旧助力码，收集新助力码
Apr 26 15:30:00 闪购盲盒好友互助码：清理 /scripts/logs/sharecodeCollection.log 中的旧助力码，收集新助力码
Apr 26 15:30:00 东东健康社区好友互助码：清理 /scripts/logs/sharecodeCollection.log 中的旧助力码，收集新助力码
Apr 26 16:30:00 东东农场好友互助码：清理 /scripts/logs/sharecodeCollection.log 中的旧助力码，收集新助力码
Apr 26 16:30:00 东东萌宠好友互助码：清理 /scripts/logs/sharecodeCollection.log 中的旧助力码，收集新助力码
Apr 26 16:30:00 京东种豆得豆好友互助码：清理 /scripts/logs/sharecodeCollection.log 中的旧助力码，收集新助力码
Apr 26 16:30:00 京喜工厂好友互助码：清理 /scripts/logs/sharecodeCollection.log 中的旧助力码，收集新助力码
Apr 26 16:30:00 东东工厂好友互助码：清理 /scripts/logs/sharecodeCollection.log 中的旧助力码，收集新助力码
Apr 26 16:30:00 crazyJoy任务好友互助码：清理 /scripts/logs/sharecodeCollection.log 中的旧助力码，收集新助力码
Apr 26 16:30:00 京喜财富岛好友互助码：清理 /scripts/logs/sharecodeCollection.log 中的旧助力码，收集新助力码
Apr 26 16:30:00 京喜农场好友互助码：清理 /scripts/logs/sharecodeCollection.log 中的旧助力码，收集新助力码
Apr 26 16:30:00 京东赚赚好友互助码：清理 /scripts/logs/sharecodeCollection.log 中的旧助力码，收集新助力码
Apr 26 16:30:00 口袋书店好友互助码：清理 /scripts/logs/sharecodeCollection.log 中的旧助力码，收集新助力码
Apr 26 16:30:00 签到领现金好友互助码：清理 /scripts/logs/sharecodeCollection.log 中的旧助力码，收集新助力码
Apr 26 16:30:01 闪购盲盒好友互助码：清理 /scripts/logs/sharecodeCollection.log 中的旧助力码，收集新助力码
Apr 26 16:30:01 东东健康社区好友互助码：清理 /scripts/logs/sharecodeCollection.log 中的旧助力码，收集新助力码
Apr 26 17:30:00 东东农场好友互助码：清理 /scripts/logs/sharecodeCollection.log 中的旧助力码，收集新助力码
Apr 26 17:30:00 东东萌宠好友互助码：清理 /scripts/logs/sharecodeCollection.log 中的旧助力码，收集新助力码
Apr 26 17:30:00 京东种豆得豆好友互助码：清理 /scripts/logs/sharecodeCollection.log 中的旧助力码，收集新助力码
Apr 26 17:30:00 京喜工厂好友互助码：清理 /scripts/logs/sharecodeCollection.log 中的旧助力码，收集新助力码
Apr 26 17:30:00 东东工厂好友互助码：清理 /scripts/logs/sharecodeCollection.log 中的旧助力码，收集新助力码
Apr 26 17:30:01 crazyJoy任务好友互助码：清理 /scripts/logs/sharecodeCollection.log 中的旧助力码，收集新助力码
Apr 26 17:30:01 京喜财富岛好友互助码：清理 /scripts/logs/sharecodeCollection.log 中的旧助力码，收集新助力码
Apr 26 17:30:01 京喜农场好友互助码：清理 /scripts/logs/sharecodeCollection.log 中的旧助力码，收集新助力码
Apr 26 17:30:01 京东赚赚好友互助码：清理 /scripts/logs/sharecodeCollection.log 中的旧助力码，收集新助力码
Apr 26 17:30:01 口袋书店好友互助码：清理 /scripts/logs/sharecodeCollection.log 中的旧助力码，收集新助力码
Apr 26 17:30:01 签到领现金好友互助码：清理 /scripts/logs/sharecodeCollection.log 中的旧助力码，收集新助力码
Apr 26 17:30:01 闪购盲盒好友互助码：清理 /scripts/logs/sharecodeCollection.log 中的旧助力码，收集新助力码
Apr 26 17:30:01 东东健康社区好友互助码：清理 /scripts/logs/sharecodeCollection.log 中的旧助力码，收集新助力码
Apr 26 18:30:01 东东农场好友互助码：清理 /scripts/logs/sharecodeCollection.log 中的旧助力码，收集新助力码
Apr 26 18:30:01 东东萌宠好友互助码：清理 /scripts/logs/sharecodeCollection.log 中的旧助力码，收集新助力码
Apr 26 18:30:01 京东种豆得豆好友互助码：清理 /scripts/logs/sharecodeCollection.log 中的旧助力码，收集新助力码
Apr 26 18:30:01 京喜工厂好友互助码：清理 /scripts/logs/sharecodeCollection.log 中的旧助力码，收集新助力码
Apr 26 18:30:01 东东工厂好友互助码：清理 /scripts/logs/sharecodeCollection.log 中的旧助力码，收集新助力码
Apr 26 18:30:01 crazyJoy任务好友互助码：清理 /scripts/logs/sharecodeCollection.log 中的旧助力码，收集新助力码
Apr 26 18:30:01 京喜财富岛好友互助码：清理 /scripts/logs/sharecodeCollection.log 中的旧助力码，收集新助力码
Apr 26 18:30:01 京喜农场好友互助码：清理 /scripts/logs/sharecodeCollection.log 中的旧助力码，收集新助力码
Apr 26 18:30:01 京东赚赚好友互助码：清理 /scripts/logs/sharecodeCollection.log 中的旧助力码，收集新助力码
Apr 26 18:30:01 口袋书店好友互助码：清理 /scripts/logs/sharecodeCollection.log 中的旧助力码，收集新助力码
Apr 26 18:30:01 签到领现金好友互助码：清理 /scripts/logs/sharecodeCollection.log 中的旧助力码，收集新助力码
Apr 26 18:30:01 闪购盲盒好友互助码：清理 /scripts/logs/sharecodeCollection.log 中的旧助力码，收集新助力码
Apr 26 18:30:01 东东健康社区好友互助码：清理 /scripts/logs/sharecodeCollection.log 中的旧助力码，收集新助力码
Apr 26 19:30:00 东东农场好友互助码：清理 /scripts/logs/sharecodeCollection.log 中的旧助力码，收集新助力码
Apr 26 19:30:00 东东萌宠好友互助码：清理 /scripts/logs/sharecodeCollection.log 中的旧助力码，收集新助力码
Apr 26 19:30:00 京东种豆得豆好友互助码：清理 /scripts/logs/sharecodeCollection.log 中的旧助力码，收集新助力码
Apr 26 19:30:00 京喜工厂好友互助码：清理 /scripts/logs/sharecodeCollection.log 中的旧助力码，收集新助力码
Apr 26 19:30:00 东东工厂好友互助码：清理 /scripts/logs/sharecodeCollection.log 中的旧助力码，收集新助力码
Apr 26 19:30:00 crazyJoy任务好友互助码：清理 /scripts/logs/sharecodeCollection.log 中的旧助力码，收集新助力码
Apr 26 19:30:00 京喜财富岛好友互助码：清理 /scripts/logs/sharecodeCollection.log 中的旧助力码，收集新助力码
Apr 26 19:30:00 京喜农场好友互助码：清理 /scripts/logs/sharecodeCollection.log 中的旧助力码，收集新助力码
Apr 26 19:30:00 京东赚赚好友互助码：清理 /scripts/logs/sharecodeCollection.log 中的旧助力码，收集新助力码
Apr 26 19:30:00 口袋书店好友互助码：清理 /scripts/logs/sharecodeCollection.log 中的旧助力码，收集新助力码
Apr 26 19:30:00 签到领现金好友互助码：清理 /scripts/logs/sharecodeCollection.log 中的旧助力码，收集新助力码
Apr 26 19:30:00 闪购盲盒好友互助码：清理 /scripts/logs/sharecodeCollection.log 中的旧助力码，收集新助力码
Apr 26 19:30:00 东东健康社区好友互助码：清理 /scripts/logs/sharecodeCollection.log 中的旧助力码，收集新助力码
Apr 26 20:30:00 东东农场好友互助码：清理 /scripts/logs/sharecodeCollection.log 中的旧助力码，收集新助力码
Apr 26 20:30:00 东东萌宠好友互助码：清理 /scripts/logs/sharecodeCollection.log 中的旧助力码，收集新助力码
Apr 26 20:30:00 京东种豆得豆好友互助码：清理 /scripts/logs/sharecodeCollection.log 中的旧助力码，收集新助力码
Apr 26 20:30:00 京喜工厂好友互助码：清理 /scripts/logs/sharecodeCollection.log 中的旧助力码，收集新助力码
Apr 26 20:30:00 东东工厂好友互助码：清理 /scripts/logs/sharecodeCollection.log 中的旧助力码，收集新助力码
Apr 26 20:30:00 crazyJoy任务好友互助码：清理 /scripts/logs/sharecodeCollection.log 中的旧助力码，收集新助力码
Apr 26 20:30:00 京喜财富岛好友互助码：清理 /scripts/logs/sharecodeCollection.log 中的旧助力码，收集新助力码
Apr 26 20:30:00 京喜农场好友互助码：清理 /scripts/logs/sharecodeCollection.log 中的旧助力码，收集新助力码
Apr 26 20:30:00 京东赚赚好友互助码：清理 /scripts/logs/sharecodeCollection.log 中的旧助力码，收集新助力码
Apr 26 20:30:00 口袋书店好友互助码：清理 /scripts/logs/sharecodeCollection.log 中的旧助力码，收集新助力码
Apr 26 20:30:00 签到领现金好友互助码：清理 /scripts/logs/sharecodeCollection.log 中的旧助力码，收集新助力码
Apr 26 20:30:00 闪购盲盒好友互助码：清理 /scripts/logs/sharecodeCollection.log 中的旧助力码，收集新助力码
Apr 26 20:30:00 东东健康社区好友互助码：清理 /scripts/logs/sharecodeCollection.log 中的旧助力码，收集新助力码
Apr 26 21:30:00 东东农场好友互助码：清理 /scripts/logs/sharecodeCollection.log 中的旧助力码，收集新助力码
Apr 26 21:30:00 东东萌宠好友互助码：清理 /scripts/logs/sharecodeCollection.log 中的旧助力码，收集新助力码
Apr 26 21:30:00 京东种豆得豆好友互助码：清理 /scripts/logs/sharecodeCollection.log 中的旧助力码，收集新助力码
Apr 26 21:30:00 京喜工厂好友互助码：清理 /scripts/logs/sharecodeCollection.log 中的旧助力码，收集新助力码
Apr 26 21:30:00 东东工厂好友互助码：清理 /scripts/logs/sharecodeCollection.log 中的旧助力码，收集新助力码
Apr 26 21:30:00 crazyJoy任务好友互助码：清理 /scripts/logs/sharecodeCollection.log 中的旧助力码，收集新助力码
Apr 26 21:30:00 京喜财富岛好友互助码：清理 /scripts/logs/sharecodeCollection.log 中的旧助力码，收集新助力码
Apr 26 21:30:00 京喜农场好友互助码：清理 /scripts/logs/sharecodeCollection.log 中的旧助力码，收集新助力码
Apr 26 21:30:00 京东赚赚好友互助码：清理 /scripts/logs/sharecodeCollection.log 中的旧助力码，收集新助力码
Apr 26 21:30:00 口袋书店好友互助码：清理 /scripts/logs/sharecodeCollection.log 中的旧助力码，收集新助力码
Apr 26 21:30:00 签到领现金好友互助码：清理 /scripts/logs/sharecodeCollection.log 中的旧助力码，收集新助力码
Apr 26 21:30:00 闪购盲盒好友互助码：清理 /scripts/logs/sharecodeCollection.log 中的旧助力码，收集新助力码
Apr 26 21:30:00 东东健康社区好友互助码：清理 /scripts/logs/sharecodeCollection.log 中的旧助力码，收集新助力码
Apr 26 22:30:00 东东农场好友互助码：清理 /scripts/logs/sharecodeCollection.log 中的旧助力码，收集新助力码
Apr 26 22:30:00 东东萌宠好友互助码：清理 /scripts/logs/sharecodeCollection.log 中的旧助力码，收集新助力码
Apr 26 22:30:00 京东种豆得豆好友互助码：清理 /scripts/logs/sharecodeCollection.log 中的旧助力码，收集新助力码
Apr 26 22:30:00 京喜工厂好友互助码：清理 /scripts/logs/sharecodeCollection.log 中的旧助力码，收集新助力码
Apr 26 22:30:00 东东工厂好友互助码：清理 /scripts/logs/sharecodeCollection.log 中的旧助力码，收集新助力码
Apr 26 22:30:00 crazyJoy任务好友互助码：清理 /scripts/logs/sharecodeCollection.log 中的旧助力码，收集新助力码
Apr 26 22:30:00 京喜财富岛好友互助码：清理 /scripts/logs/sharecodeCollection.log 中的旧助力码，收集新助力码
Apr 26 22:30:00 京喜农场好友互助码：清理 /scripts/logs/sharecodeCollection.log 中的旧助力码，收集新助力码
Apr 26 22:30:00 京东赚赚好友互助码：清理 /scripts/logs/sharecodeCollection.log 中的旧助力码，收集新助力码
Apr 26 22:30:00 口袋书店好友互助码：清理 /scripts/logs/sharecodeCollection.log 中的旧助力码，收集新助力码
Apr 26 22:30:00 签到领现金好友互助码：清理 /scripts/logs/sharecodeCollection.log 中的旧助力码，收集新助力码
Apr 26 22:30:00 闪购盲盒好友互助码：清理 /scripts/logs/sharecodeCollection.log 中的旧助力码，收集新助力码
Apr 26 22:30:00 东东健康社区好友互助码：清理 /scripts/logs/sharecodeCollection.log 中的旧助力码，收集新助力码
Apr 26 23:30:00 东东农场好友互助码：清理 /scripts/logs/sharecodeCollection.log 中的旧助力码，收集新助力码
Apr 26 23:30:00 东东萌宠好友互助码：清理 /scripts/logs/sharecodeCollection.log 中的旧助力码，收集新助力码
Apr 26 23:30:00 京东种豆得豆好友互助码：清理 /scripts/logs/sharecodeCollection.log 中的旧助力码，收集新助力码
Apr 26 23:30:00 京喜工厂好友互助码：清理 /scripts/logs/sharecodeCollection.log 中的旧助力码，收集新助力码
Apr 26 23:30:00 东东工厂好友互助码：清理 /scripts/logs/sharecodeCollection.log 中的旧助力码，收集新助力码
Apr 26 23:30:00 crazyJoy任务好友互助码：清理 /scripts/logs/sharecodeCollection.log 中的旧助力码，收集新助力码
Apr 26 23:30:00 京喜财富岛好友互助码：清理 /scripts/logs/sharecodeCollection.log 中的旧助力码，收集新助力码
Apr 26 23:30:00 京喜农场好友互助码：清理 /scripts/logs/sharecodeCollection.log 中的旧助力码，收集新助力码
Apr 26 23:30:00 京东赚赚好友互助码：清理 /scripts/logs/sharecodeCollection.log 中的旧助力码，收集新助力码
Apr 26 23:30:00 口袋书店好友互助码：清理 /scripts/logs/sharecodeCollection.log 中的旧助力码，收集新助力码
Apr 26 23:30:00 签到领现金好友互助码：清理 /scripts/logs/sharecodeCollection.log 中的旧助力码，收集新助力码
Apr 26 23:30:00 闪购盲盒好友互助码：清理 /scripts/logs/sharecodeCollection.log 中的旧助力码，收集新助力码
Apr 26 23:30:00 东东健康社区好友互助码：清理 /scripts/logs/sharecodeCollection.log 中的旧助力码，收集新助力码
Apr 27 00:30:00 东东农场好友互助码：清理 /scripts/logs/sharecodeCollection.log 中的旧助力码，收集新助力码
Apr 27 00:30:00 东东萌宠好友互助码：清理 /scripts/logs/sharecodeCollection.log 中的旧助力码，收集新助力码
Apr 27 00:30:00 京东种豆得豆好友互助码：清理 /scripts/logs/sharecodeCollection.log 中的旧助力码，收集新助力码
Apr 27 00:30:01 京喜工厂好友互助码：清理 /scripts/logs/sharecodeCollection.log 中的旧助力码，收集新助力码
Apr 27 00:30:01 东东工厂好友互助码：清理 /scripts/logs/sharecodeCollection.log 中的旧助力码，收集新助力码
Apr 27 00:30:01 crazyJoy任务好友互助码：清理 /scripts/logs/sharecodeCollection.log 中的旧助力码，收集新助力码
Apr 27 00:30:01 京喜财富岛好友互助码：清理 /scripts/logs/sharecodeCollection.log 中的旧助力码，收集新助力码
Apr 27 00:30:01 京喜农场好友互助码：清理 /scripts/logs/sharecodeCollection.log 中的旧助力码，收集新助力码
Apr 27 00:30:01 京东赚赚好友互助码：清理 /scripts/logs/sharecodeCollection.log 中的旧助力码，收集新助力码
Apr 27 00:30:01 口袋书店好友互助码：清理 /scripts/logs/sharecodeCollection.log 中的旧助力码，收集新助力码
Apr 27 00:30:01 签到领现金好友互助码：清理 /scripts/logs/sharecodeCollection.log 中的旧助力码，收集新助力码
Apr 27 00:30:01 闪购盲盒好友互助码：清理 /scripts/logs/sharecodeCollection.log 中的旧助力码，收集新助力码
Apr 27 00:30:01 东东健康社区好友互助码：清理 /scripts/logs/sharecodeCollection.log 中的旧助力码，收集新助力码
Apr 27 01:30:01 东东农场好友互助码：清理 /scripts/logs/sharecodeCollection.log 中的旧助力码，收集新助力码
Apr 27 01:30:01 东东萌宠好友互助码：清理 /scripts/logs/sharecodeCollection.log 中的旧助力码，收集新助力码
Apr 27 01:30:01 京东种豆得豆好友互助码：清理 /scripts/logs/sharecodeCollection.log 中的旧助力码，收集新助力码
Apr 27 01:30:01 京喜工厂好友互助码：清理 /scripts/logs/sharecodeCollection.log 中的旧助力码，收集新助力码
Apr 27 01:30:01 东东工厂好友互助码：清理 /scripts/logs/sharecodeCollection.log 中的旧助力码，收集新助力码
Apr 27 01:30:01 crazyJoy任务好友互助码：清理 /scripts/logs/sharecodeCollection.log 中的旧助力码，收集新助力码
Apr 27 01:30:01 京喜财富岛好友互助码：清理 /scripts/logs/sharecodeCollection.log 中的旧助力码，收集新助力码
Apr 27 01:30:01 京喜农场好友互助码：清理 /scripts/logs/sharecodeCollection.log 中的旧助力码，收集新助力码
Apr 27 01:30:01 京东赚赚好友互助码：清理 /scripts/logs/sharecodeCollection.log 中的旧助力码，收集新助力码
Apr 27 01:30:01 口袋书店好友互助码：清理 /scripts/logs/sharecodeCollection.log 中的旧助力码，收集新助力码
Apr 27 01:30:01 签到领现金好友互助码：清理 /scripts/logs/sharecodeCollection.log 中的旧助力码，收集新助力码
Apr 27 01:30:01 闪购盲盒好友互助码：清理 /scripts/logs/sharecodeCollection.log 中的旧助力码，收集新助力码
Apr 27 01:30:01 东东健康社区好友互助码：清理 /scripts/logs/sharecodeCollection.log 中的旧助力码，收集新助力码
Apr 27 02:30:00 东东农场好友互助码：清理 /scripts/logs/sharecodeCollection.log 中的旧助力码，收集新助力码
Apr 27 02:30:00 东东萌宠好友互助码：清理 /scripts/logs/sharecodeCollection.log 中的旧助力码，收集新助力码
Apr 27 02:30:00 京东种豆得豆好友互助码：清理 /scripts/logs/sharecodeCollection.log 中的旧助力码，收集新助力码
Apr 27 02:30:00 京喜工厂好友互助码：清理 /scripts/logs/sharecodeCollection.log 中的旧助力码，收集新助力码
Apr 27 02:30:00 东东工厂好友互助码：清理 /scripts/logs/sharecodeCollection.log 中的旧助力码，收集新助力码
Apr 27 02:30:00 crazyJoy任务好友互助码：清理 /scripts/logs/sharecodeCollection.log 中的旧助力码，收集新助力码
Apr 27 02:30:00 京喜财富岛好友互助码：清理 /scripts/logs/sharecodeCollection.log 中的旧助力码，收集新助力码
Apr 27 02:30:00 京喜农场好友互助码：清理 /scripts/logs/sharecodeCollection.log 中的旧助力码，收集新助力码
Apr 27 02:30:00 京东赚赚好友互助码：清理 /scripts/logs/sharecodeCollection.log 中的旧助力码，收集新助力码
Apr 27 02:30:00 口袋书店好友互助码：清理 /scripts/logs/sharecodeCollection.log 中的旧助力码，收集新助力码
Apr 27 02:30:00 签到领现金好友互助码：清理 /scripts/logs/sharecodeCollection.log 中的旧助力码，收集新助力码
Apr 27 02:30:00 闪购盲盒好友互助码：清理 /scripts/logs/sharecodeCollection.log 中的旧助力码，收集新助力码
Apr 27 02:30:00 东东健康社区好友互助码：清理 /scripts/logs/sharecodeCollection.log 中的旧助力码，收集新助力码
Apr 27 03:30:00 东东农场好友互助码：清理 /scripts/logs/sharecodeCollection.log 中的旧助力码，收集新助力码
Apr 27 03:30:00 东东萌宠好友互助码：清理 /scripts/logs/sharecodeCollection.log 中的旧助力码，收集新助力码
Apr 27 03:30:00 京东种豆得豆好友互助码：清理 /scripts/logs/sharecodeCollection.log 中的旧助力码，收集新助力码
Apr 27 03:30:00 京喜工厂好友互助码：清理 /scripts/logs/sharecodeCollection.log 中的旧助力码，收集新助力码
Apr 27 03:30:00 东东工厂好友互助码：清理 /scripts/logs/sharecodeCollection.log 中的旧助力码，收集新助力码
Apr 27 03:30:00 crazyJoy任务好友互助码：清理 /scripts/logs/sharecodeCollection.log 中的旧助力码，收集新助力码
Apr 27 03:30:00 京喜财富岛好友互助码：清理 /scripts/logs/sharecodeCollection.log 中的旧助力码，收集新助力码
Apr 27 03:30:00 京喜农场好友互助码：清理 /scripts/logs/sharecodeCollection.log 中的旧助力码，收集新助力码
Apr 27 03:30:00 京东赚赚好友互助码：清理 /scripts/logs/sharecodeCollection.log 中的旧助力码，收集新助力码
Apr 27 03:30:00 口袋书店好友互助码：清理 /scripts/logs/sharecodeCollection.log 中的旧助力码，收集新助力码
Apr 27 03:30:00 签到领现金好友互助码：清理 /scripts/logs/sharecodeCollection.log 中的旧助力码，收集新助力码
Apr 27 03:30:00 闪购盲盒好友互助码：清理 /scripts/logs/sharecodeCollection.log 中的旧助力码，收集新助力码
Apr 27 03:30:00 东东健康社区好友互助码：清理 /scripts/logs/sharecodeCollection.log 中的旧助力码，收集新助力码
Apr 27 04:30:00 东东农场好友互助码：清理 /scripts/logs/sharecodeCollection.log 中的旧助力码，收集新助力码
Apr 27 04:30:00 东东萌宠好友互助码：清理 /scripts/logs/sharecodeCollection.log 中的旧助力码，收集新助力码
Apr 27 04:30:00 京东种豆得豆好友互助码：清理 /scripts/logs/sharecodeCollection.log 中的旧助力码，收集新助力码
Apr 27 04:30:00 京喜工厂好友互助码：清理 /scripts/logs/sharecodeCollection.log 中的旧助力码，收集新助力码
Apr 27 04:30:00 东东工厂好友互助码：清理 /scripts/logs/sharecodeCollection.log 中的旧助力码，收集新助力码
Apr 27 04:30:00 crazyJoy任务好友互助码：清理 /scripts/logs/sharecodeCollection.log 中的旧助力码，收集新助力码
Apr 27 04:30:00 京喜财富岛好友互助码：清理 /scripts/logs/sharecodeCollection.log 中的旧助力码，收集新助力码
Apr 27 04:30:00 京喜农场好友互助码：清理 /scripts/logs/sharecodeCollection.log 中的旧助力码，收集新助力码
Apr 27 04:30:00 京东赚赚好友互助码：清理 /scripts/logs/sharecodeCollection.log 中的旧助力码，收集新助力码
Apr 27 04:30:00 口袋书店好友互助码：清理 /scripts/logs/sharecodeCollection.log 中的旧助力码，收集新助力码
Apr 27 04:30:00 签到领现金好友互助码：清理 /scripts/logs/sharecodeCollection.log 中的旧助力码，收集新助力码
Apr 27 04:30:00 闪购盲盒好友互助码：清理 /scripts/logs/sharecodeCollection.log 中的旧助力码，收集新助力码
Apr 27 04:30:00 东东健康社区好友互助码：清理 /scripts/logs/sharecodeCollection.log 中的旧助力码，收集新助力码
Apr 27 05:30:00 东东农场好友互助码：清理 /scripts/logs/sharecodeCollection.log 中的旧助力码，收集新助力码
Apr 27 05:30:00 东东萌宠好友互助码：清理 /scripts/logs/sharecodeCollection.log 中的旧助力码，收集新助力码
Apr 27 05:30:00 京东种豆得豆好友互助码：清理 /scripts/logs/sharecodeCollection.log 中的旧助力码，收集新助力码
Apr 27 05:30:00 京喜工厂好友互助码：清理 /scripts/logs/sharecodeCollection.log 中的旧助力码，收集新助力码
Apr 27 05:30:00 东东工厂好友互助码：清理 /scripts/logs/sharecodeCollection.log 中的旧助力码，收集新助力码
Apr 27 05:30:00 crazyJoy任务好友互助码：清理 /scripts/logs/sharecodeCollection.log 中的旧助力码，收集新助力码
Apr 27 05:30:00 京喜财富岛好友互助码：清理 /scripts/logs/sharecodeCollection.log 中的旧助力码，收集新助力码
Apr 27 05:30:00 京喜农场好友互助码：清理 /scripts/logs/sharecodeCollection.log 中的旧助力码，收集新助力码
Apr 27 05:30:00 京东赚赚好友互助码：清理 /scripts/logs/sharecodeCollection.log 中的旧助力码，收集新助力码
Apr 27 05:30:00 口袋书店好友互助码：清理 /scripts/logs/sharecodeCollection.log 中的旧助力码，收集新助力码
Apr 27 05:30:00 签到领现金好友互助码：清理 /scripts/logs/sharecodeCollection.log 中的旧助力码，收集新助力码
Apr 27 05:30:00 闪购盲盒好友互助码：清理 /scripts/logs/sharecodeCollection.log 中的旧助力码，收集新助力码
Apr 27 05:30:00 东东健康社区好友互助码：清理 /scripts/logs/sharecodeCollection.log 中的旧助力码，收集新助力码
Apr 27 06:30:00 东东农场好友互助码：清理 /scripts/logs/sharecodeCollection.log 中的旧助力码，收集新助力码
Apr 27 06:30:00 东东萌宠好友互助码：清理 /scripts/logs/sharecodeCollection.log 中的旧助力码，收集新助力码
Apr 27 06:30:00 京东种豆得豆好友互助码：清理 /scripts/logs/sharecodeCollection.log 中的旧助力码，收集新助力码
Apr 27 06:30:00 京喜工厂好友互助码：清理 /scripts/logs/sharecodeCollection.log 中的旧助力码，收集新助力码
Apr 27 06:30:00 东东工厂好友互助码：清理 /scripts/logs/sharecodeCollection.log 中的旧助力码，收集新助力码
Apr 27 06:30:00 crazyJoy任务好友互助码：清理 /scripts/logs/sharecodeCollection.log 中的旧助力码，收集新助力码
Apr 27 06:30:00 京喜财富岛好友互助码：清理 /scripts/logs/sharecodeCollection.log 中的旧助力码，收集新助力码
Apr 27 06:30:00 京喜农场好友互助码：清理 /scripts/logs/sharecodeCollection.log 中的旧助力码，收集新助力码
Apr 27 06:30:00 京东赚赚好友互助码：清理 /scripts/logs/sharecodeCollection.log 中的旧助力码，收集新助力码
Apr 27 06:30:00 口袋书店好友互助码：清理 /scripts/logs/sharecodeCollection.log 中的旧助力码，收集新助力码
Apr 27 06:30:00 签到领现金好友互助码：清理 /scripts/logs/sharecodeCollection.log 中的旧助力码，收集新助力码
Apr 27 06:30:00 闪购盲盒好友互助码：清理 /scripts/logs/sharecodeCollection.log 中的旧助力码，收集新助力码
Apr 27 06:30:00 东东健康社区好友互助码：清理 /scripts/logs/sharecodeCollection.log 中的旧助力码，收集新助力码
Apr 27 07:30:00 东东农场好友互助码：清理 /scripts/logs/sharecodeCollection.log 中的旧助力码，收集新助力码
Apr 27 07:30:00 东东萌宠好友互助码：清理 /scripts/logs/sharecodeCollection.log 中的旧助力码，收集新助力码
Apr 27 07:30:00 京东种豆得豆好友互助码：清理 /scripts/logs/sharecodeCollection.log 中的旧助力码，收集新助力码
Apr 27 07:30:00 京喜工厂好友互助码：清理 /scripts/logs/sharecodeCollection.log 中的旧助力码，收集新助力码
Apr 27 07:30:00 东东工厂好友互助码：清理 /scripts/logs/sharecodeCollection.log 中的旧助力码，收集新助力码
Apr 27 07:30:00 crazyJoy任务好友互助码：清理 /scripts/logs/sharecodeCollection.log 中的旧助力码，收集新助力码
Apr 27 07:30:00 京喜财富岛好友互助码：清理 /scripts/logs/sharecodeCollection.log 中的旧助力码，收集新助力码
Apr 27 07:30:01 京喜农场好友互助码：清理 /scripts/logs/sharecodeCollection.log 中的旧助力码，收集新助力码
Apr 27 07:30:01 京东赚赚好友互助码：清理 /scripts/logs/sharecodeCollection.log 中的旧助力码，收集新助力码
Apr 27 07:30:01 口袋书店好友互助码：清理 /scripts/logs/sharecodeCollection.log 中的旧助力码，收集新助力码
Apr 27 07:30:01 签到领现金好友互助码：清理 /scripts/logs/sharecodeCollection.log 中的旧助力码，收集新助力码
Apr 27 07:30:01 闪购盲盒好友互助码：清理 /scripts/logs/sharecodeCollection.log 中的旧助力码，收集新助力码
Apr 27 07:30:01 东东健康社区好友互助码：清理 /scripts/logs/sharecodeCollection.log 中的旧助力码，收集新助力码
Apr 27 08:30:00 东东农场好友互助码：清理 /scripts/logs/sharecodeCollection.log 中的旧助力码，收集新助力码
Apr 27 08:30:00 东东萌宠好友互助码：清理 /scripts/logs/sharecodeCollection.log 中的旧助力码，收集新助力码
Apr 27 08:30:00 京东种豆得豆好友互助码：清理 /scripts/logs/sharecodeCollection.log 中的旧助力码，收集新助力码
Apr 27 08:30:01 京喜工厂好友互助码：清理 /scripts/logs/sharecodeCollection.log 中的旧助力码，收集新助力码
Apr 27 08:30:01 东东工厂好友互助码：清理 /scripts/logs/sharecodeCollection.log 中的旧助力码，收集新助力码
Apr 27 08:30:01 crazyJoy任务好友互助码：清理 /scripts/logs/sharecodeCollection.log 中的旧助力码，收集新助力码
Apr 27 08:30:01 京喜财富岛好友互助码：清理 /scripts/logs/sharecodeCollection.log 中的旧助力码，收集新助力码
Apr 27 08:30:01 京喜农场好友互助码：清理 /scripts/logs/sharecodeCollection.log 中的旧助力码，收集新助力码
Apr 27 08:30:01 京东赚赚好友互助码：清理 /scripts/logs/sharecodeCollection.log 中的旧助力码，收集新助力码
Apr 27 08:30:01 口袋书店好友互助码：清理 /scripts/logs/sharecodeCollection.log 中的旧助力码，收集新助力码
Apr 27 08:30:01 签到领现金好友互助码：清理 /scripts/logs/sharecodeCollection.log 中的旧助力码，收集新助力码
Apr 27 08:30:01 闪购盲盒好友互助码：清理 /scripts/logs/sharecodeCollection.log 中的旧助力码，收集新助力码
Apr 27 08:30:01 东东健康社区好友互助码：清理 /scripts/logs/sharecodeCollection.log 中的旧助力码，收集新助力码
Apr 27 09:30:00 东东农场好友互助码：清理 /scripts/logs/sharecodeCollection.log 中的旧助力码，收集新助力码
Apr 27 09:30:00 东东萌宠好友互助码：清理 /scripts/logs/sharecodeCollection.log 中的旧助力码，收集新助力码
Apr 27 09:30:00 京东种豆得豆好友互助码：清理 /scripts/logs/sharecodeCollection.log 中的旧助力码，收集新助力码
Apr 27 09:30:00 京喜工厂好友互助码：清理 /scripts/logs/sharecodeCollection.log 中的旧助力码，收集新助力码
Apr 27 09:30:00 东东工厂好友互助码：清理 /scripts/logs/sharecodeCollection.log 中的旧助力码，收集新助力码
Apr 27 09:30:00 crazyJoy任务好友互助码：清理 /scripts/logs/sharecodeCollection.log 中的旧助力码，收集新助力码
Apr 27 09:30:00 京喜财富岛好友互助码：清理 /scripts/logs/sharecodeCollection.log 中的旧助力码，收集新助力码
Apr 27 09:30:00 京喜农场好友互助码：清理 /scripts/logs/sharecodeCollection.log 中的旧助力码，收集新助力码
Apr 27 09:30:00 京东赚赚好友互助码：清理 /scripts/logs/sharecodeCollection.log 中的旧助力码，收集新助力码
Apr 27 09:30:00 口袋书店好友互助码：清理 /scripts/logs/sharecodeCollection.log 中的旧助力码，收集新助力码
Apr 27 09:30:00 签到领现金好友互助码：清理 /scripts/logs/sharecodeCollection.log 中的旧助力码，收集新助力码
Apr 27 09:30:00 闪购盲盒好友互助码：清理 /scripts/logs/sharecodeCollection.log 中的旧助力码，收集新助力码
Apr 27 09:30:00 东东健康社区好友互助码：清理 /scripts/logs/sharecodeCollection.log 中的旧助力码，收集新助力码
Apr 27 10:30:00 东东农场好友互助码：清理 /scripts/logs/sharecodeCollection.log 中的旧助力码，收集新助力码
Apr 27 10:30:00 东东萌宠好友互助码：清理 /scripts/logs/sharecodeCollection.log 中的旧助力码，收集新助力码
Apr 27 10:30:00 京东种豆得豆好友互助码：清理 /scripts/logs/sharecodeCollection.log 中的旧助力码，收集新助力码
Apr 27 10:30:00 京喜工厂好友互助码：清理 /scripts/logs/sharecodeCollection.log 中的旧助力码，收集新助力码
Apr 27 10:30:00 东东工厂好友互助码：清理 /scripts/logs/sharecodeCollection.log 中的旧助力码，收集新助力码
Apr 27 10:30:00 crazyJoy任务好友互助码：清理 /scripts/logs/sharecodeCollection.log 中的旧助力码，收集新助力码
Apr 27 10:30:00 京喜财富岛好友互助码：清理 /scripts/logs/sharecodeCollection.log 中的旧助力码，收集新助力码
Apr 27 10:30:00 京喜农场好友互助码：清理 /scripts/logs/sharecodeCollection.log 中的旧助力码，收集新助力码
Apr 27 10:30:00 京东赚赚好友互助码：清理 /scripts/logs/sharecodeCollection.log 中的旧助力码，收集新助力码
Apr 27 10:30:00 口袋书店好友互助码：清理 /scripts/logs/sharecodeCollection.log 中的旧助力码，收集新助力码
Apr 27 10:30:00 签到领现金好友互助码：清理 /scripts/logs/sharecodeCollection.log 中的旧助力码，收集新助力码
Apr 27 10:30:00 闪购盲盒好友互助码：清理 /scripts/logs/sharecodeCollection.log 中的旧助力码，收集新助力码
Apr 27 10:30:00 东东健康社区好友互助码：清理 /scripts/logs/sharecodeCollection.log 中的旧助力码，收集新助力码
May 20 11:30:00 东东农场好友互助码：清理 /scripts/logs/sharecodeCollection.log 中的旧助力码，收集新助力码
May 20 11:30:00 东东萌宠好友互助码：清理 /scripts/logs/sharecodeCollection.log 中的旧助力码，收集新助力码
May 20 11:30:00 京东种豆得豆好友互助码：清理 /scripts/logs/sharecodeCollection.log 中的旧助力码，收集新助力码
May 20 11:30:00 京喜工厂好友互助码：清理 /scripts/logs/sharecodeCollection.log 中的旧助力码，收集新助力码
May 20 11:30:00 东东工厂好友互助码：清理 /scripts/logs/sharecodeCollection.log 中的旧助力码，收集新助力码
May 20 11:30:00 crazyJoy任务好友互助码：清理 /scripts/logs/sharecodeCollection.log 中的旧助力码，收集新助力码
May 20 11:30:00 京喜财富岛好友互助码：清理 /scripts/logs/sharecodeCollection.log 中的旧助力码，收集新助力码
May 20 11:30:00 京喜农场好友互助码：清理 /scripts/logs/sharecodeCollection.log 中的旧助力码，收集新助力码
May 20 11:30:00 京东赚赚好友互助码：清理 /scripts/logs/sharecodeCollection.log 中的旧助力码，收集新助力码
May 20 11:30:00 口袋书店好友互助码：清理 /scripts/logs/sharecodeCollection.log 中的旧助力码，收集新助力码
May 20 11:30:00 签到领现金好友互助码：清理 /scripts/logs/sharecodeCollection.log 中的旧助力码，收集新助力码
May 20 11:30:00 闪购盲盒好友互助码：清理 /scripts/logs/sharecodeCollection.log 中的旧助力码，收集新助力码
May 20 11:30:00 东东健康社区好友互助码：清理 /scripts/logs/sharecodeCollection.log 中的旧助力码，收集新助力码
May 20 12:30:00 东东农场好友互助码：清理 /scripts/logs/sharecodeCollection.log 中的旧助力码，收集新助力码
May 20 12:30:00 东东萌宠好友互助码：清理 /scripts/logs/sharecodeCollection.log 中的旧助力码，收集新助力码
May 20 12:30:00 京东种豆得豆好友互助码：清理 /scripts/logs/sharecodeCollection.log 中的旧助力码，收集新助力码
May 20 12:30:00 京喜工厂好友互助码：清理 /scripts/logs/sharecodeCollection.log 中的旧助力码，收集新助力码
May 20 12:30:01 东东工厂好友互助码：清理 /scripts/logs/sharecodeCollection.log 中的旧助力码，收集新助力码
May 20 12:30:01 crazyJoy任务好友互助码：清理 /scripts/logs/sharecodeCollection.log 中的旧助力码，收集新助力码
May 20 12:30:01 京喜财富岛好友互助码：清理 /scripts/logs/sharecodeCollection.log 中的旧助力码，收集新助力码
May 20 12:30:01 京喜农场好友互助码：清理 /scripts/logs/sharecodeCollection.log 中的旧助力码，收集新助力码
May 20 12:30:01 京东赚赚好友互助码：清理 /scripts/logs/sharecodeCollection.log 中的旧助力码，收集新助力码
May 20 12:30:01 口袋书店好友互助码：清理 /scripts/logs/sharecodeCollection.log 中的旧助力码，收集新助力码
May 20 12:30:02 签到领现金好友互助码：清理 /scripts/logs/sharecodeCollection.log 中的旧助力码，收集新助力码
May 20 12:30:02 闪购盲盒好友互助码：清理 /scripts/logs/sharecodeCollection.log 中的旧助力码，收集新助力码
May 20 12:30:02 东东健康社区好友互助码：清理 /scripts/logs/sharecodeCollection.log 中的旧助力码，收集新助力码
May 20 13:30:00 东东农场好友互助码：清理 /scripts/logs/sharecodeCollection.log 中的旧助力码，收集新助力码
May 20 13:30:00 东东萌宠好友互助码：清理 /scripts/logs/sharecodeCollection.log 中的旧助力码，收集新助力码
May 20 13:30:00 京东种豆得豆好友互助码：清理 /scripts/logs/sharecodeCollection.log 中的旧助力码，收集新助力码
May 20 13:30:00 京喜工厂好友互助码：清理 /scripts/logs/sharecodeCollection.log 中的旧助力码，收集新助力码
May 20 13:30:00 东东工厂好友互助码：清理 /scripts/logs/sharecodeCollection.log 中的旧助力码，收集新助力码
May 20 13:30:00 crazyJoy任务好友互助码：清理 /scripts/logs/sharecodeCollection.log 中的旧助力码，收集新助力码
May 20 13:30:00 京喜财富岛好友互助码：清理 /scripts/logs/sharecodeCollection.log 中的旧助力码，收集新助力码
May 20 13:30:00 京喜农场好友互助码：清理 /scripts/logs/sharecodeCollection.log 中的旧助力码，收集新助力码
May 20 13:30:00 京东赚赚好友互助码：清理 /scripts/logs/sharecodeCollection.log 中的旧助力码，收集新助力码
May 20 13:30:00 口袋书店好友互助码：清理 /scripts/logs/sharecodeCollection.log 中的旧助力码，收集新助力码
May 20 13:30:00 签到领现金好友互助码：清理 /scripts/logs/sharecodeCollection.log 中的旧助力码，收集新助力码
May 20 13:30:00 闪购盲盒好友互助码：清理 /scripts/logs/sharecodeCollection.log 中的旧助力码，收集新助力码
May 20 13:30:00 东东健康社区好友互助码：清理 /scripts/logs/sharecodeCollection.log 中的旧助力码，收集新助力码
May 20 14:30:00 东东农场好友互助码：清理 /scripts/logs/sharecodeCollection.log 中的旧助力码，收集新助力码
May 20 14:30:00 东东萌宠好友互助码：清理 /scripts/logs/sharecodeCollection.log 中的旧助力码，收集新助力码
May 20 14:30:00 京东种豆得豆好友互助码：清理 /scripts/logs/sharecodeCollection.log 中的旧助力码，收集新助力码
May 20 14:30:00 京喜工厂好友互助码：清理 /scripts/logs/sharecodeCollection.log 中的旧助力码，收集新助力码
May 20 14:30:00 东东工厂好友互助码：清理 /scripts/logs/sharecodeCollection.log 中的旧助力码，收集新助力码
May 20 14:30:00 crazyJoy任务好友互助码：清理 /scripts/logs/sharecodeCollection.log 中的旧助力码，收集新助力码
May 20 14:30:00 京喜财富岛好友互助码：清理 /scripts/logs/sharecodeCollection.log 中的旧助力码，收集新助力码
May 20 14:30:00 京喜农场好友互助码：清理 /scripts/logs/sharecodeCollection.log 中的旧助力码，收集新助力码
May 20 14:30:00 京东赚赚好友互助码：清理 /scripts/logs/sharecodeCollection.log 中的旧助力码，收集新助力码
May 20 14:30:00 口袋书店好友互助码：清理 /scripts/logs/sharecodeCollection.log 中的旧助力码，收集新助力码
May 20 14:30:00 签到领现金好友互助码：清理 /scripts/logs/sharecodeCollection.log 中的旧助力码，收集新助力码
May 20 14:30:00 闪购盲盒好友互助码：清理 /scripts/logs/sharecodeCollection.log 中的旧助力码，收集新助力码
May 20 14:30:00 东东健康社区好友互助码：清理 /scripts/logs/sharecodeCollection.log 中的旧助力码，收集新助力码
May 20 15:30:00 东东农场好友互助码：清理 /scripts/logs/sharecodeCollection.log 中的旧助力码，收集新助力码
May 20 15:30:00 东东萌宠好友互助码：清理 /scripts/logs/sharecodeCollection.log 中的旧助力码，收集新助力码
May 20 15:30:00 京东种豆得豆好友互助码：清理 /scripts/logs/sharecodeCollection.log 中的旧助力码，收集新助力码
May 20 15:30:00 京喜工厂好友互助码：清理 /scripts/logs/sharecodeCollection.log 中的旧助力码，收集新助力码
May 20 15:30:00 东东工厂好友互助码：清理 /scripts/logs/sharecodeCollection.log 中的旧助力码，收集新助力码
May 20 15:30:00 crazyJoy任务好友互助码：清理 /scripts/logs/sharecodeCollection.log 中的旧助力码，收集新助力码
May 20 15:30:00 京喜财富岛好友互助码：清理 /scripts/logs/sharecodeCollection.log 中的旧助力码，收集新助力码
May 20 15:30:00 京喜农场好友互助码：清理 /scripts/logs/sharecodeCollection.log 中的旧助力码，收集新助力码
May 20 15:30:00 京东赚赚好友互助码：清理 /scripts/logs/sharecodeCollection.log 中的旧助力码，收集新助力码
May 20 15:30:00 口袋书店好友互助码：清理 /scripts/logs/sharecodeCollection.log 中的旧助力码，收集新助力码
May 20 15:30:00 签到领现金好友互助码：清理 /scripts/logs/sharecodeCollection.log 中的旧助力码，收集新助力码
May 20 15:30:00 闪购盲盒好友互助码：清理 /scripts/logs/sharecodeCollection.log 中的旧助力码，收集新助力码
May 20 15:30:00 东东健康社区好友互助码：清理 /scripts/logs/sharecodeCollection.log 中的旧助力码，收集新助力码
May 20 16:30:00 东东农场好友互助码：清理 /scripts/logs/sharecodeCollection.log 中的旧助力码，收集新助力码
May 20 16:30:00 东东萌宠好友互助码：清理 /scripts/logs/sharecodeCollection.log 中的旧助力码，收集新助力码
May 20 16:30:00 京东种豆得豆好友互助码：清理 /scripts/logs/sharecodeCollection.log 中的旧助力码，收集新助力码
May 20 16:30:00 京喜工厂好友互助码：清理 /scripts/logs/sharecodeCollection.log 中的旧助力码，收集新助力码
May 20 16:30:00 东东工厂好友互助码：清理 /scripts/logs/sharecodeCollection.log 中的旧助力码，收集新助力码
May 20 16:30:00 crazyJoy任务好友互助码：清理 /scripts/logs/sharecodeCollection.log 中的旧助力码，收集新助力码
May 20 16:30:00 京喜财富岛好友互助码：清理 /scripts/logs/sharecodeCollection.log 中的旧助力码，收集新助力码
May 20 16:30:01 京喜农场好友互助码：清理 /scripts/logs/sharecodeCollection.log 中的旧助力码，收集新助力码
May 20 16:30:01 京东赚赚好友互助码：清理 /scripts/logs/sharecodeCollection.log 中的旧助力码，收集新助力码
May 20 16:30:01 口袋书店好友互助码：清理 /scripts/logs/sharecodeCollection.log 中的旧助力码，收集新助力码
May 20 16:30:01 签到领现金好友互助码：清理 /scripts/logs/sharecodeCollection.log 中的旧助力码，收集新助力码
May 20 16:30:01 闪购盲盒好友互助码：清理 /scripts/logs/sharecodeCollection.log 中的旧助力码，收集新助力码
May 20 16:30:01 东东健康社区好友互助码：清理 /scripts/logs/sharecodeCollection.log 中的旧助力码，收集新助力码
May 20 17:30:00 东东农场好友互助码：清理 /scripts/logs/sharecodeCollection.log 中的旧助力码，收集新助力码
May 20 17:30:00 东东萌宠好友互助码：清理 /scripts/logs/sharecodeCollection.log 中的旧助力码，收集新助力码
May 20 17:30:00 京东种豆得豆好友互助码：清理 /scripts/logs/sharecodeCollection.log 中的旧助力码，收集新助力码
May 20 17:30:00 京喜工厂好友互助码：清理 /scripts/logs/sharecodeCollection.log 中的旧助力码，收集新助力码
May 20 17:30:00 东东工厂好友互助码：清理 /scripts/logs/sharecodeCollection.log 中的旧助力码，收集新助力码
May 20 17:30:00 crazyJoy任务好友互助码：清理 /scripts/logs/sharecodeCollection.log 中的旧助力码，收集新助力码
May 20 17:30:00 京喜财富岛好友互助码：清理 /scripts/logs/sharecodeCollection.log 中的旧助力码，收集新助力码
May 20 17:30:01 京喜农场好友互助码：清理 /scripts/logs/sharecodeCollection.log 中的旧助力码，收集新助力码
May 20 17:30:01 京东赚赚好友互助码：清理 /scripts/logs/sharecodeCollection.log 中的旧助力码，收集新助力码
May 20 17:30:01 口袋书店好友互助码：清理 /scripts/logs/sharecodeCollection.log 中的旧助力码，收集新助力码
May 20 17:30:01 签到领现金好友互助码：清理 /scripts/logs/sharecodeCollection.log 中的旧助力码，收集新助力码
May 20 17:30:01 闪购盲盒好友互助码：清理 /scripts/logs/sharecodeCollection.log 中的旧助力码，收集新助力码
May 20 17:30:01 东东健康社区好友互助码：清理 /scripts/logs/sharecodeCollection.log 中的旧助力码，收集新助力码
