Apr 25 13:35:00 设定远程仓库地址...
Apr 25 13:35:00 HEAD is now at 1bef53ed fix
Apr 25 13:35:00 git pull拉取最新代码...
Apr 25 13:35:00 Updating 1bef53ed..79a76b11
Apr 25 13:35:00 Fast-forward
Apr 25 13:35:00  docker/crontab_list.sh |   4 +-
Apr 25 13:35:00  jd_dreamFactory.js     |   2 +-
Apr 25 13:35:00  jd_joy_feedPets.js     |   3 +-
Apr 25 13:35:00  jd_tcl.js              | 472 +++++++++++++++++++++++++++++++++++++++++++++++++
Apr 25 13:35:00  serverless.yml         |   6 +-
Apr 25 13:35:00  5 files changed, 481 insertions(+), 6 deletions(-)
Apr 25 13:35:00  create mode 100644 jd_tcl.js
Apr 25 13:35:00 Current branch master is up to date.
Apr 25 13:35:00 npm install 安装最新依赖
Apr 25 13:35:04 up to date in 2.625s
Apr 25 13:35:04 
Apr 25 13:35:04 11 packages are looking for funding
Apr 25 13:35:04   run `npm fund` for details
Apr 25 13:35:04 
Apr 25 13:35:04 ------------------------------------------------执行定时任务任务shell脚本------------------------------------------------
Apr 25 13:35:04 定义定时任务合并处理用到的文件路径...
Apr 25 13:35:04 默认文件定时任务文件路径为 /scripts/docker/crontab_list.sh
Apr 25 13:35:04 合并后定时任务文件路径为 /scripts/docker/merged_list_file.sh
Apr 25 13:35:04 第1步将默认定时任务列表添加到并后定时任务文件...
Apr 25 13:35:04 第2步判断是否存在自定义任务任务列表并追加...
Apr 25 13:35:04 当前只使用了默认定时任务文件 crontab_list.sh ...
Apr 25 13:35:04 第3步判断是否配置了随机延迟参数...
Apr 25 13:35:04 已设置随机延迟为 120 , 设置延迟任务中...
Apr 25 13:35:04 第4步判断是否配置自定义shell执行脚本...
Apr 25 13:35:04 未配置自定shell脚本文件，跳过执行。
Apr 25 13:35:04 第5步删除不运行的脚本任务...
Apr 25 13:35:04 第6步设定下次运行docker_entrypoint.sh时间...
Apr 25 13:35:04 删除原有docker_entrypoint.sh任务
Apr 25 13:35:04 设定 docker_entrypoint.sh cron为：
Apr 25 13:35:04 52 10 * * * docker_entrypoint.sh >> /scripts/logs/default_task.log 2>&1
Apr 25 13:35:04 第7步 自动助力
Apr 25 13:35:04 第8步增加 |ts 任务日志输出时间戳...
Apr 25 13:35:04 第9步执行proc_file.sh脚本任务...
Apr 25 13:35:04 处理jd_crazy_joy_coin任务。。。
Apr 25 13:35:04 配置启用jd_crazy_joy_coin，杀掉jd_crazy_joy_coin任务，并重启
Apr 25 13:35:04 配置jd_crazy_joy_coin重启完成
Apr 25 13:35:04 第10步加载最新的定时任务文件...
Apr 25 13:35:05 第11步将仓库的docker_entrypoint.sh脚本更新至系统/usr/local/bin/docker_entrypoint.sh内...
Apr 25 13:35:05 发送通知
Apr 25 13:35:05 --------------------------------------------------默认定时任务执行完成---------------------------------------------------
Apr 25 13:35:05 默认定时任务执行结束。
Apr 26 10:52:00 设定远程仓库地址...
Apr 26 10:52:00 HEAD is now at 82297151 update
Apr 26 10:52:00 git pull拉取最新代码...
Apr 26 10:52:00 Updating 82297151..6088b7ce
Apr 26 10:52:00 Fast-forward
Apr 26 10:52:00  docker/crontab_list.sh |  4 ++--
Apr 26 10:52:00  jd_necklace.js         | 10 +++++-----
Apr 26 10:52:00  jd_superMarket.js      |  1 -
Apr 26 10:52:00  3 files changed, 7 insertions(+), 8 deletions(-)
Apr 26 10:52:00 Current branch master is up to date.
Apr 26 10:52:00 npm install 安装最新依赖
Apr 26 10:52:04 up to date in 2.755s
Apr 26 10:52:04 
Apr 26 10:52:04 11 packages are looking for funding
Apr 26 10:52:04   run `npm fund` for details
Apr 26 10:52:04 
Apr 26 10:52:04 ------------------------------------------------执行定时任务任务shell脚本------------------------------------------------
Apr 26 10:52:04 定义定时任务合并处理用到的文件路径...
Apr 26 10:52:04 默认文件定时任务文件路径为 /scripts/docker/crontab_list.sh
Apr 26 10:52:04 合并后定时任务文件路径为 /scripts/docker/merged_list_file.sh
Apr 26 10:52:04 第1步将默认定时任务列表添加到并后定时任务文件...
Apr 26 10:52:04 第2步判断是否存在自定义任务任务列表并追加...
Apr 26 10:52:04 当前只使用了默认定时任务文件 crontab_list.sh ...
Apr 26 10:52:04 第3步判断是否配置了随机延迟参数...
Apr 26 10:52:04 已设置随机延迟为 120 , 设置延迟任务中...
Apr 26 10:52:04 第4步判断是否配置自定义shell执行脚本...
Apr 26 10:52:04 未配置自定shell脚本文件，跳过执行。
Apr 26 10:52:04 第5步删除不运行的脚本任务...
Apr 26 10:52:04 第6步设定下次运行docker_entrypoint.sh时间...
Apr 26 10:52:04 删除原有docker_entrypoint.sh任务
Apr 26 10:52:04 设定 docker_entrypoint.sh cron为：
Apr 26 10:52:04 18 13 * * * docker_entrypoint.sh >> /scripts/logs/default_task.log 2>&1
Apr 26 10:52:04 第7步 自动助力
Apr 26 10:52:04 第8步增加 |ts 任务日志输出时间戳...
Apr 26 10:52:04 第9步执行proc_file.sh脚本任务...
Apr 26 10:52:04 处理jd_crazy_joy_coin任务。。。
Apr 26 10:52:04 配置启用jd_crazy_joy_coin，杀掉jd_crazy_joy_coin任务，并重启
Apr 26 10:52:04 配置jd_crazy_joy_coin重启完成
Apr 26 10:52:04 第10步加载最新的定时任务文件...
Apr 26 10:52:04 第11步将仓库的docker_entrypoint.sh脚本更新至系统/usr/local/bin/docker_entrypoint.sh内...
Apr 26 10:52:04 发送通知
Apr 26 10:52:04 --------------------------------------------------默认定时任务执行完成---------------------------------------------------
Apr 26 10:52:04 默认定时任务执行结束。
Apr 26 13:18:00 设定远程仓库地址...
Apr 26 13:18:00 HEAD is now at 6088b7ce fix
Apr 26 13:18:00 git pull拉取最新代码...
Apr 26 13:18:00 Updating 6088b7ce..a08b275c
Apr 26 13:18:00 Fast-forward
Apr 26 13:18:00  jd_mohe.js | 47 ++++-------------------------------------------
Apr 26 13:18:00  1 file changed, 4 insertions(+), 43 deletions(-)
Apr 26 13:18:00 Current branch master is up to date.
Apr 26 13:18:00 npm install 安装最新依赖
Apr 26 13:18:04 up to date in 2.872s
Apr 26 13:18:04 
Apr 26 13:18:04 11 packages are looking for funding
Apr 26 13:18:04   run `npm fund` for details
Apr 26 13:18:04 
Apr 26 13:18:04 ------------------------------------------------执行定时任务任务shell脚本------------------------------------------------
Apr 26 13:18:04 定义定时任务合并处理用到的文件路径...
Apr 26 13:18:04 默认文件定时任务文件路径为 /scripts/docker/crontab_list.sh
Apr 26 13:18:04 合并后定时任务文件路径为 /scripts/docker/merged_list_file.sh
Apr 26 13:18:04 第1步将默认定时任务列表添加到并后定时任务文件...
Apr 26 13:18:04 第2步判断是否存在自定义任务任务列表并追加...
Apr 26 13:18:04 当前只使用了默认定时任务文件 crontab_list.sh ...
Apr 26 13:18:04 第3步判断是否配置了随机延迟参数...
Apr 26 13:18:04 已设置随机延迟为 120 , 设置延迟任务中...
Apr 26 13:18:04 第4步判断是否配置自定义shell执行脚本...
Apr 26 13:18:04 未配置自定shell脚本文件，跳过执行。
Apr 26 13:18:04 第5步删除不运行的脚本任务...
Apr 26 13:18:04 第6步设定下次运行docker_entrypoint.sh时间...
Apr 26 13:18:04 删除原有docker_entrypoint.sh任务
Apr 26 13:18:04 设定 docker_entrypoint.sh cron为：
Apr 26 13:18:04 33 9 * * * docker_entrypoint.sh >> /scripts/logs/default_task.log 2>&1
Apr 26 13:18:04 第7步 自动助力
Apr 26 13:18:04 第8步增加 |ts 任务日志输出时间戳...
Apr 26 13:18:04 第9步执行proc_file.sh脚本任务...
Apr 26 13:18:04 处理jd_crazy_joy_coin任务。。。
Apr 26 13:18:04 配置启用jd_crazy_joy_coin，杀掉jd_crazy_joy_coin任务，并重启
Apr 26 13:18:04 配置jd_crazy_joy_coin重启完成
Apr 26 13:18:04 第10步加载最新的定时任务文件...
Apr 26 13:18:04 第11步将仓库的docker_entrypoint.sh脚本更新至系统/usr/local/bin/docker_entrypoint.sh内...
Apr 26 13:18:04 发送通知
Apr 26 13:18:04 --------------------------------------------------默认定时任务执行完成---------------------------------------------------
Apr 26 13:18:04 默认定时任务执行结束。
Apr 27 09:33:00 设定远程仓库地址...
Apr 27 09:33:00 HEAD is now at a08b275c 去掉自动提交,改成自己账号内部互助.
Apr 27 09:33:00 git pull拉取最新代码...
Apr 27 09:33:00 Updating a08b275c..01203b40
Apr 27 09:33:00 Fast-forward
Apr 27 09:33:00  Loon/lxk0301_LoonTask.conf           |   8 +-
Apr 27 09:33:00  QuantumultX/lxk0301_gallery.json     |   4 +-
Apr 27 09:33:00  README.md                            |  70 +++---
Apr 27 09:33:00  Surge/lxk0301_Task.sgmodule.sgmodule |   4 +-
Apr 27 09:33:00  docker/crontab_list.sh               |   4 +-
Apr 27 09:33:00  jd_jin_tie.js                        | 473 +++++++++++++++++++++++++++++++++++
Apr 27 09:33:00  jd_live_redrain.js                   |   2 +-
Apr 27 09:33:00  jd_pigPet.js                         |  44 ++--
Apr 27 09:33:00  serverless.yml                       |   6 +-
Apr 27 09:33:00  9 files changed, 557 insertions(+), 58 deletions(-)
Apr 27 09:33:00  create mode 100644 jd_jin_tie.js
Apr 27 09:33:00 Current branch master is up to date.
Apr 27 09:33:00 npm install 安装最新依赖
Apr 27 09:33:04 up to date in 2.702s
Apr 27 09:33:04 
Apr 27 09:33:04 11 packages are looking for funding
Apr 27 09:33:04   run `npm fund` for details
Apr 27 09:33:04 
Apr 27 09:33:04 ------------------------------------------------执行定时任务任务shell脚本------------------------------------------------
Apr 27 09:33:04 定义定时任务合并处理用到的文件路径...
Apr 27 09:33:04 默认文件定时任务文件路径为 /scripts/docker/crontab_list.sh
Apr 27 09:33:04 合并后定时任务文件路径为 /scripts/docker/merged_list_file.sh
Apr 27 09:33:04 第1步将默认定时任务列表添加到并后定时任务文件...
Apr 27 09:33:04 第2步判断是否存在自定义任务任务列表并追加...
Apr 27 09:33:04 当前只使用了默认定时任务文件 crontab_list.sh ...
Apr 27 09:33:04 第3步判断是否配置了随机延迟参数...
Apr 27 09:33:04 已设置随机延迟为 120 , 设置延迟任务中...
Apr 27 09:33:04 第4步判断是否配置自定义shell执行脚本...
Apr 27 09:33:04 未配置自定shell脚本文件，跳过执行。
Apr 27 09:33:04 第5步删除不运行的脚本任务...
Apr 27 09:33:04 第6步设定下次运行docker_entrypoint.sh时间...
Apr 27 09:33:04 删除原有docker_entrypoint.sh任务
Apr 27 09:33:04 设定 docker_entrypoint.sh cron为：
Apr 27 09:33:04 35 21 * * * docker_entrypoint.sh >> /scripts/logs/default_task.log 2>&1
Apr 27 09:33:04 第7步 自动助力
Apr 27 09:33:04 第8步增加 |ts 任务日志输出时间戳...
Apr 27 09:33:04 第9步执行proc_file.sh脚本任务...
Apr 27 09:33:04 处理jd_crazy_joy_coin任务。。。
Apr 27 09:33:04 配置启用jd_crazy_joy_coin，杀掉jd_crazy_joy_coin任务，并重启
Apr 27 09:33:04 配置jd_crazy_joy_coin重启完成
Apr 27 09:33:04 第10步加载最新的定时任务文件...
Apr 27 09:33:04 第11步将仓库的docker_entrypoint.sh脚本更新至系统/usr/local/bin/docker_entrypoint.sh内...
Apr 27 09:33:04 发送通知
Apr 27 09:33:04 --------------------------------------------------默认定时任务执行完成---------------------------------------------------
Apr 27 09:33:04 默认定时任务执行结束。
