Apr 25 07:42:44 
Apr 25 07:42:44 🔔美丽研究院, 开始!
Apr 25 07:42:44 
Apr 25 07:42:44 ====================共6个京东账号Cookie=========
Apr 25 07:42:44 
Apr 25 07:42:44 ==================脚本执行- 北京时间(UTC+8)：4/25/2021, 7:42:44 AM=====================
Apr 25 07:42:44 
Apr 25 07:42:44 
Apr 25 07:42:44 ******开始【京东账号1】18337656372_p*********
Apr 25 07:42:44 
Apr 25 07:42:45 AAEAIMk5QWTp9WJbScKwHIBeNWlNs3GG7aXluKj6E8O5n70Y0
Apr 25 07:42:45 AAFghKz1ADD-OY9o-hEqyXyjtpqf2iJ1eJJ7jXEVSCBRLsGD37I9SVsW2USigZ6S1H3egyD0jDI
Apr 25 07:42:45 "Response code 403 (Forbidden)"
Apr 25 07:42:45 美丽研究院 API请求失败，请检查网路重试
Apr 25 07:42:45 
Apr 25 07:42:45 
Apr 25 07:42:45 提示：请尝试换服务器ip或者设置"xinruimz-isv.isvjcloud.com"域名直连，或者自定义UA再次尝试(环境变量JD_USER_AGENT)
Apr 25 07:42:45 
Apr 25 07:42:45 
Apr 25 07:42:45 
Apr 25 07:42:45 ******开始【京东账号2】jd_MCazEJrLyuXn*********
Apr 25 07:42:45 
Apr 25 07:42:45 AAEAIJ2kvClHKT-Z-upkTg2WoCeL-Wsp29LNMnL-jkWlyDsI0
Apr 25 07:42:45 AAFghKz1ADCUkC_zal7kUulF1dP4by6zfrONyKEMq_PVpLBcIs1p4MKZOn_94zlmbDJ1jzDhLgw
Apr 25 07:42:45 "Response code 403 (Forbidden)"
Apr 25 07:42:45 美丽研究院 API请求失败，请检查网路重试
Apr 25 07:42:45 
Apr 25 07:42:45 
Apr 25 07:42:45 提示：请尝试换服务器ip或者设置"xinruimz-isv.isvjcloud.com"域名直连，或者自定义UA再次尝试(环境变量JD_USER_AGENT)
Apr 25 07:42:45 
Apr 25 07:42:45 
Apr 25 07:42:45 
Apr 25 07:42:45 ******开始【京东账号3】鬼神之吕奉先*********
Apr 25 07:42:45 
Apr 25 07:42:45 AAEAIFGBTR9Nw6CR0yvktWkwl6kubsoHLBoLR62jsi2fkclD0
Apr 25 07:42:46 AAFghKz2AEBEFDwKzAfB4wVLSb8K0hqb5arUTJknfcRPQj3EINmC6yMh-5TSaziKViVq_X5SrUe9oy2QCue4J65s-MILGi31
Apr 25 07:42:46 "Response code 403 (Forbidden)"
Apr 25 07:42:46 美丽研究院 API请求失败，请检查网路重试
Apr 25 07:42:46 
Apr 25 07:42:46 
Apr 25 07:42:46 提示：请尝试换服务器ip或者设置"xinruimz-isv.isvjcloud.com"域名直连，或者自定义UA再次尝试(环境变量JD_USER_AGENT)
Apr 25 07:42:46 
Apr 25 07:42:46 
Apr 25 07:42:46 
Apr 25 07:42:46 ******开始【京东账号4】jd_6ba76f15069fd*********
Apr 25 07:42:46 
Apr 25 07:42:46 AAEAIIGV_TmJ20Aa_zRDzXSoKiFmt0avbcaW6R9Xi866TaAk0
Apr 25 07:42:46 AAFghKz2ADC0sKNXxjlNZfXLhR2DU23vXMMMvZkk6_CmDYjmvBL8nUVrPJntPYFUNMI30NK-iR4
Apr 25 07:42:46 "Response code 403 (Forbidden)"
Apr 25 07:42:46 美丽研究院 API请求失败，请检查网路重试
Apr 25 07:42:46 
Apr 25 07:42:46 
Apr 25 07:42:46 提示：请尝试换服务器ip或者设置"xinruimz-isv.isvjcloud.com"域名直连，或者自定义UA再次尝试(环境变量JD_USER_AGENT)
Apr 25 07:42:46 
Apr 25 07:42:46 
Apr 25 07:42:46 
Apr 25 07:42:46 ******开始【京东账号5】jd_46928899fcc30*********
Apr 25 07:42:46 
Apr 25 07:42:46 AAEAIMXCISueGPQ7dwespBivaatAVYPsYCpA2B5QgXDni0HG0
Apr 25 07:42:46 AAFghKz2ADCAL8zimC-B2rAf9acK0R1drtOvEmMBvGvJN1JWZgMJkER1nEQGKpSA-GhYnOTKaeQ
Apr 25 07:42:46 "Response code 403 (Forbidden)"
Apr 25 07:42:46 美丽研究院 API请求失败，请检查网路重试
Apr 25 07:42:46 
Apr 25 07:42:46 
Apr 25 07:42:46 提示：请尝试换服务器ip或者设置"xinruimz-isv.isvjcloud.com"域名直连，或者自定义UA再次尝试(环境变量JD_USER_AGENT)
Apr 25 07:42:46 
Apr 25 07:42:46 
Apr 25 07:42:47 
Apr 25 07:42:47 ******开始【京东账号6】jd_EirxWEerdtmu*********
Apr 25 07:42:47 
Apr 25 07:42:47 AAEAIDmQB-Q4I_VQfJiilTelyUisbt152rIQ6Zqv48z96rpo0
Apr 25 07:42:47 AAFghKz3ADArL11HO5lll-iMJzwB1ApyLQsRstq4ucQoHEq462Ywow_zx3zTTQ-kNeagCOq48EI
Apr 25 07:42:47 "Response code 403 (Forbidden)"
Apr 25 07:42:47 美丽研究院 API请求失败，请检查网路重试
Apr 25 07:42:47 
Apr 25 07:42:47 
Apr 25 07:42:47 提示：请尝试换服务器ip或者设置"xinruimz-isv.isvjcloud.com"域名直连，或者自定义UA再次尝试(环境变量JD_USER_AGENT)
Apr 25 07:42:47 
Apr 25 07:42:47 
Apr 25 07:42:47 
Apr 25 07:42:47 🔔美丽研究院, 结束! 🕛 2.725 秒
Apr 25 07:42:47 
Apr 25 12:42:38 
Apr 25 12:42:38 🔔美丽研究院, 开始!
Apr 25 12:42:38 
Apr 25 12:42:38 ====================共6个京东账号Cookie=========
Apr 25 12:42:38 
Apr 25 12:42:38 ==================脚本执行- 北京时间(UTC+8)：4/25/2021, 12:42:38 PM=====================
Apr 25 12:42:38 
Apr 25 12:42:38 
Apr 25 12:42:38 ******开始【京东账号1】18337656372_p*********
Apr 25 12:42:38 
Apr 25 12:42:38 AAEAIGjzuJDFHgLQ2m_KFTBkQlt1K_dvCbzCVA3lpYWEyO6n0
Apr 25 12:42:38 AAFghPM-ADBSt6WnwPzCNFCYE_TNxPhMesLhmQPjwmUsJRNj8ez-LfxIo1BlpoYbgnhXtCRBPVo
Apr 25 12:42:39 "Response code 403 (Forbidden)"
Apr 25 12:42:39 美丽研究院 API请求失败，请检查网路重试
Apr 25 12:42:39 
Apr 25 12:42:39 
Apr 25 12:42:39 提示：请尝试换服务器ip或者设置"xinruimz-isv.isvjcloud.com"域名直连，或者自定义UA再次尝试(环境变量JD_USER_AGENT)
Apr 25 12:42:39 
Apr 25 12:42:39 
Apr 25 12:42:39 
Apr 25 12:42:39 ******开始【京东账号2】jd_MCazEJrLyuXn*********
Apr 25 12:42:39 
Apr 25 12:42:39 AAEAIG0CGxwuFadiuJwoW3-QNwV5aULjhAHO3b2RmzyEgIoG0
Apr 25 12:42:39 AAFghPM_ADCRHZ0h5h7HrlPGXeqg85lrGpuwu25pisKLlxk7UikjIq7cJR_wii-gppapqY9OyE8
Apr 25 12:42:39 "Response code 403 (Forbidden)"
Apr 25 12:42:39 美丽研究院 API请求失败，请检查网路重试
Apr 25 12:42:39 
Apr 25 12:42:39 
Apr 25 12:42:39 提示：请尝试换服务器ip或者设置"xinruimz-isv.isvjcloud.com"域名直连，或者自定义UA再次尝试(环境变量JD_USER_AGENT)
Apr 25 12:42:39 
Apr 25 12:42:39 
Apr 25 12:42:39 
Apr 25 12:42:39 ******开始【京东账号3】鬼神之吕奉先*********
Apr 25 12:42:39 
Apr 25 12:42:39 AAEAIOcO8B0XnUSc91XGRBUEQxLCRStVcmkMZCuwXTHaRuSx0
Apr 25 12:42:39 AAFghPM_AEAJPf0Opupyq9egX9heniglgWFtfRtVi5xmPn4DqHY-jXjDAP-ZMxW4I11f5VOG9TchVK4wXDtCMI2q0O_hha26
Apr 25 12:42:39 "Response code 403 (Forbidden)"
Apr 25 12:42:39 美丽研究院 API请求失败，请检查网路重试
Apr 25 12:42:39 
Apr 25 12:42:39 
Apr 25 12:42:39 提示：请尝试换服务器ip或者设置"xinruimz-isv.isvjcloud.com"域名直连，或者自定义UA再次尝试(环境变量JD_USER_AGENT)
Apr 25 12:42:39 
Apr 25 12:42:39 
Apr 25 12:42:39 
Apr 25 12:42:39 ******开始【京东账号4】jd_6ba76f15069fd*********
Apr 25 12:42:39 
Apr 25 12:42:40 AAEAIAv2Y2Pjofd30ZPlCR6jDQDp8E2c2T6JxkmdP6MT-6k50
Apr 25 12:42:40 AAFghPNAADA1ir6eB5CTAQctiwNpr6pHY61Jajp5A9rvWDXs7vG-aj0daRrqFX4NIAYcOSjPrmA
Apr 25 12:42:40 "Response code 403 (Forbidden)"
Apr 25 12:42:40 美丽研究院 API请求失败，请检查网路重试
Apr 25 12:42:40 
Apr 25 12:42:40 
Apr 25 12:42:40 提示：请尝试换服务器ip或者设置"xinruimz-isv.isvjcloud.com"域名直连，或者自定义UA再次尝试(环境变量JD_USER_AGENT)
Apr 25 12:42:40 
Apr 25 12:42:40 
Apr 25 12:42:40 
Apr 25 12:42:40 ******开始【京东账号5】jd_46928899fcc30*********
Apr 25 12:42:40 
Apr 25 12:42:40 AAEAIOrkFYa4TWdASHza182t1vxuux4tPp2eKqpBUT9_doyi0
Apr 25 12:42:40 AAFghPNAADCDUOTnhucV3dWd3uCL5ypZrjB7Cr2CZjJgkX3FdFb4jZoV2d5RjrU2cPpDGhcz5Ms
Apr 25 12:42:40 "Response code 403 (Forbidden)"
Apr 25 12:42:40 美丽研究院 API请求失败，请检查网路重试
Apr 25 12:42:40 
Apr 25 12:42:40 
Apr 25 12:42:40 提示：请尝试换服务器ip或者设置"xinruimz-isv.isvjcloud.com"域名直连，或者自定义UA再次尝试(环境变量JD_USER_AGENT)
Apr 25 12:42:40 
Apr 25 12:42:40 
Apr 25 12:42:40 
Apr 25 12:42:40 ******开始【京东账号6】jd_EirxWEerdtmu*********
Apr 25 12:42:40 
Apr 25 12:42:40 AAEAICncmk2A6T4yfWZAqJVRLRMLyIzlI31cnQgAhbQt5Db70
Apr 25 12:42:40 AAFghPNAADCY6uksdJSlz-QIh5ItTUja0taroom9n3yVrtA1UVUtM_upPvY-_gqCEAlORN4BpUI
Apr 25 12:42:41 "Response code 403 (Forbidden)"
Apr 25 12:42:41 美丽研究院 API请求失败，请检查网路重试
Apr 25 12:42:41 
Apr 25 12:42:41 
Apr 25 12:42:41 提示：请尝试换服务器ip或者设置"xinruimz-isv.isvjcloud.com"域名直连，或者自定义UA再次尝试(环境变量JD_USER_AGENT)
Apr 25 12:42:41 
Apr 25 12:42:41 
Apr 25 12:42:41 
Apr 25 12:42:41 🔔美丽研究院, 结束! 🕛 2.671 秒
Apr 25 12:42:41 
Apr 25 19:41:27 
Apr 25 19:41:27 🔔美丽研究院, 开始!
Apr 25 19:41:27 
Apr 25 19:41:27 ====================共6个京东账号Cookie=========
Apr 25 19:41:27 
Apr 25 19:41:27 ==================脚本执行- 北京时间(UTC+8)：4/25/2021, 7:41:27 PM=====================
Apr 25 19:41:27 
Apr 25 19:41:27 
Apr 25 19:41:27 ******开始【京东账号1】18337656372_p*********
Apr 25 19:41:27 
Apr 25 19:41:27 AAEAIFPj60BYAc_iKEsoXKCZMK-9HMIkWBQw7DM3AghcqJuC0
Apr 25 19:41:27 AAFghVVnADDLkUZ7Ieswju7xpqGuH9HFtlmS3gyL67zOpHovEIZd_NRicMOOAqWTLGAoJjUb3e0
Apr 25 19:41:27 "Response code 403 (Forbidden)"
Apr 25 19:41:27 美丽研究院 API请求失败，请检查网路重试
Apr 25 19:41:27 
Apr 25 19:41:27 
Apr 25 19:41:27 提示：请尝试换服务器ip或者设置"xinruimz-isv.isvjcloud.com"域名直连，或者自定义UA再次尝试(环境变量JD_USER_AGENT)
Apr 25 19:41:27 
Apr 25 19:41:27 
Apr 25 19:41:28 
Apr 25 19:41:28 ******开始【京东账号2】jd_MCazEJrLyuXn*********
Apr 25 19:41:28 
Apr 25 19:41:28 AAEAIE5TZDTzTzuZgotYOZGBXBQj14x_jhQVr7zX4mSmb94z0
Apr 25 19:41:28 AAFghVVoADC28wBgj8JnxdgHL0OsZov2WqRRAgh5K2UcfKLaDtd3nsCvmv6S_r6ZOcrpkVUbFME
Apr 25 19:41:28 "Response code 403 (Forbidden)"
Apr 25 19:41:28 美丽研究院 API请求失败，请检查网路重试
Apr 25 19:41:28 
Apr 25 19:41:28 
Apr 25 19:41:28 提示：请尝试换服务器ip或者设置"xinruimz-isv.isvjcloud.com"域名直连，或者自定义UA再次尝试(环境变量JD_USER_AGENT)
Apr 25 19:41:28 
Apr 25 19:41:28 
Apr 25 19:41:28 
Apr 25 19:41:28 ******开始【京东账号3】鬼神之吕奉先*********
Apr 25 19:41:28 
Apr 25 19:41:28 AAEAIFeRakeLzpsuWY5Fqd1O3p2RcLEA9zpNPIhWN-Xb0HmT0
Apr 25 19:41:28 AAFghVVoAEDi34fBUhiOfwzw8EaTR4wxVGyCU81oN_0r9gYEduIPE7M9qPbNNwMmN2HD5Ssx7juExt4_HQCIN3FMcyZkoeLz
Apr 25 19:41:28 "Response code 403 (Forbidden)"
Apr 25 19:41:28 美丽研究院 API请求失败，请检查网路重试
Apr 25 19:41:28 
Apr 25 19:41:28 
Apr 25 19:41:28 提示：请尝试换服务器ip或者设置"xinruimz-isv.isvjcloud.com"域名直连，或者自定义UA再次尝试(环境变量JD_USER_AGENT)
Apr 25 19:41:28 
Apr 25 19:41:28 
Apr 25 19:41:28 
Apr 25 19:41:28 ******开始【京东账号4】jd_6ba76f15069fd*********
Apr 25 19:41:28 
Apr 25 19:41:28 AAEAIDDK4f2qAp3VYgBLbdtRwLzpt7QG05mxnVfeXM1zUOQM0
Apr 25 19:41:29 AAFghVVoADBe7T85JZCdy1GkriUG43OozKaBTXCirAFn73Z7IhW000UWMkO5JOlDjdunXaxSGMw
Apr 25 19:41:29 "Response code 403 (Forbidden)"
Apr 25 19:41:29 美丽研究院 API请求失败，请检查网路重试
Apr 25 19:41:29 
Apr 25 19:41:29 
Apr 25 19:41:29 提示：请尝试换服务器ip或者设置"xinruimz-isv.isvjcloud.com"域名直连，或者自定义UA再次尝试(环境变量JD_USER_AGENT)
Apr 25 19:41:29 
Apr 25 19:41:29 
Apr 25 19:41:29 
Apr 25 19:41:29 ******开始【京东账号5】jd_46928899fcc30*********
Apr 25 19:41:29 
Apr 25 19:41:29 AAEAIIqwMY4gA7GYU0u_151KYfsrisuIAIvnCyz20ImzNdQB0
Apr 25 19:41:29 AAFghVVpADCaqhC-SJZ98OiIXY5DsIawRuJsHeFAZZEBZNIoHcJ_AhrsV0RGkkIPNb4ebpH9Ais
Apr 25 19:41:29 "Response code 403 (Forbidden)"
Apr 25 19:41:29 美丽研究院 API请求失败，请检查网路重试
Apr 25 19:41:29 
Apr 25 19:41:29 
Apr 25 19:41:29 提示：请尝试换服务器ip或者设置"xinruimz-isv.isvjcloud.com"域名直连，或者自定义UA再次尝试(环境变量JD_USER_AGENT)
Apr 25 19:41:29 
Apr 25 19:41:29 
Apr 25 19:41:29 
Apr 25 19:41:29 ******开始【京东账号6】jd_EirxWEerdtmu*********
Apr 25 19:41:29 
Apr 25 19:41:29 AAEAIFZhRvd5ZrtWJhnxM1hseEyCN2H0SgUqaXUOJlbVS7Q30
Apr 25 19:41:29 AAFghVVpADATQv7Q3zKLRtGflMJhlnIZFjB3STN3e_kCUqc3Kc0-jVfxH16OAEiT1Z2XKbFFATM
Apr 25 19:41:29 "Response code 403 (Forbidden)"
Apr 25 19:41:29 美丽研究院 API请求失败，请检查网路重试
Apr 25 19:41:29 
Apr 25 19:41:29 
Apr 25 19:41:29 提示：请尝试换服务器ip或者设置"xinruimz-isv.isvjcloud.com"域名直连，或者自定义UA再次尝试(环境变量JD_USER_AGENT)
Apr 25 19:41:29 
Apr 25 19:41:29 
Apr 25 19:41:29 
Apr 25 19:41:29 🔔美丽研究院, 结束! 🕛 2.721 秒
Apr 25 19:41:29 
Apr 26 07:41:48 
Apr 26 07:41:48 🔔美丽研究院, 开始!
Apr 26 07:41:48 
Apr 26 07:41:48 ====================共6个京东账号Cookie=========
Apr 26 07:41:48 
Apr 26 07:41:48 ==================脚本执行- 北京时间(UTC+8)：4/26/2021, 7:41:48 AM=====================
Apr 26 07:41:48 
Apr 26 07:41:49 
Apr 26 07:41:49 ******开始【京东账号1】18337656372_p*********
Apr 26 07:41:49 
Apr 26 07:41:49 AAEAIA9qzgswCrTc8LufZEfMFM1g1JBWyflmRGIQjOW7bdVi0
Apr 26 07:41:49 AAFghf49ADBk6zn5U6dudgF-8J2PINdY3djbqCZa67AtlbOcAqpNDbVnFXOFvJjK562bB8Myo2o
Apr 26 07:41:49 "Response code 403 (Forbidden)"
Apr 26 07:41:49 美丽研究院 API请求失败，请检查网路重试
Apr 26 07:41:49 
Apr 26 07:41:49 
Apr 26 07:41:49 提示：请尝试换服务器ip或者设置"xinruimz-isv.isvjcloud.com"域名直连，或者自定义UA再次尝试(环境变量JD_USER_AGENT)
Apr 26 07:41:49 
Apr 26 07:41:49 
Apr 26 07:41:49 
Apr 26 07:41:49 ******开始【京东账号2】jd_MCazEJrLyuXn*********
Apr 26 07:41:49 
Apr 26 07:41:49 AAEAIOPqTeotIraKEjynljsbMiynq6vA2fHF4ndNHfqSdCiy0
Apr 26 07:41:49 AAFghf49ADD4eb5k-GB86nNaXV-xaHIwMK7Q9KgDQcmgh2XDP70MCaOE2ed81MlgBYOSgPeNUwE
Apr 26 07:41:49 "Response code 403 (Forbidden)"
Apr 26 07:41:49 美丽研究院 API请求失败，请检查网路重试
Apr 26 07:41:49 
Apr 26 07:41:49 
Apr 26 07:41:49 提示：请尝试换服务器ip或者设置"xinruimz-isv.isvjcloud.com"域名直连，或者自定义UA再次尝试(环境变量JD_USER_AGENT)
Apr 26 07:41:49 
Apr 26 07:41:49 
Apr 26 07:41:50 
Apr 26 07:41:50 ******开始【京东账号3】鬼神之吕奉先*********
Apr 26 07:41:50 
Apr 26 07:41:50 AAEAIMyVUpcPhVLSuXw4pMoXDUazf2RkzOpm08GaRyAyPlVq0
Apr 26 07:41:50 AAFghf4-AECr_TpTYXutfaEb3OWzJoeCQfztlI4QGiO0G0yrwk1p59v3KtgvXrcW39DPFDqHJRjcmiPuvlej0gaJ2oTSM2ul
Apr 26 07:41:50 "Response code 403 (Forbidden)"
Apr 26 07:41:50 美丽研究院 API请求失败，请检查网路重试
Apr 26 07:41:50 
Apr 26 07:41:50 
Apr 26 07:41:50 提示：请尝试换服务器ip或者设置"xinruimz-isv.isvjcloud.com"域名直连，或者自定义UA再次尝试(环境变量JD_USER_AGENT)
Apr 26 07:41:50 
Apr 26 07:41:50 
Apr 26 07:41:50 
Apr 26 07:41:50 ******开始【京东账号4】jd_6ba76f15069fd*********
Apr 26 07:41:50 
Apr 26 07:41:50 AAEAIGHGyCw057fYu31m9Pb8uEsr_1ps5v17z66cTDzmTKhF0
Apr 26 07:41:50 AAFghf4-ADDH2qmG61pIssx-ZhQOXBxrlzzGS5sY140BUr607EO67PFiskVFJtZwF-UPhZqOZck
Apr 26 07:41:50 "Response code 403 (Forbidden)"
Apr 26 07:41:50 美丽研究院 API请求失败，请检查网路重试
Apr 26 07:41:50 
Apr 26 07:41:50 
Apr 26 07:41:50 提示：请尝试换服务器ip或者设置"xinruimz-isv.isvjcloud.com"域名直连，或者自定义UA再次尝试(环境变量JD_USER_AGENT)
Apr 26 07:41:50 
Apr 26 07:41:50 
Apr 26 07:41:50 
Apr 26 07:41:50 ******开始【京东账号5】jd_46928899fcc30*********
Apr 26 07:41:50 
Apr 26 07:41:50 AAEAILQdbfTxyfpaV24Nihy51e5eWvB5hR6emyxTMIFyxvPq0
Apr 26 07:41:51 AAFghf4_ADBm4k4j5vNocSmbcZ4_4de2izXXfwheNEozxNEcpWgMfZUF7o9M1z6D_NGCsULjOGI
Apr 26 07:41:51 "Response code 403 (Forbidden)"
Apr 26 07:41:51 美丽研究院 API请求失败，请检查网路重试
Apr 26 07:41:51 
Apr 26 07:41:51 
Apr 26 07:41:51 提示：请尝试换服务器ip或者设置"xinruimz-isv.isvjcloud.com"域名直连，或者自定义UA再次尝试(环境变量JD_USER_AGENT)
Apr 26 07:41:51 
Apr 26 07:41:51 
Apr 26 07:41:51 
Apr 26 07:41:51 ******开始【京东账号6】jd_EirxWEerdtmu*********
Apr 26 07:41:51 
Apr 26 07:41:51 AAEAIFctnWWnpKSISnA-NxUPMB47gF57rH1Yf_HD-QR7e3XI0
Apr 26 07:41:51 AAFghf4_ADCI4H3XpsnAVel-jp8OTLRG0WFO_hHTlESlqRfX6TnQcSDg2UEas2-koooYDaJkwzM
Apr 26 07:41:51 "Response code 403 (Forbidden)"
Apr 26 07:41:51 美丽研究院 API请求失败，请检查网路重试
Apr 26 07:41:51 
Apr 26 07:41:51 
Apr 26 07:41:51 提示：请尝试换服务器ip或者设置"xinruimz-isv.isvjcloud.com"域名直连，或者自定义UA再次尝试(环境变量JD_USER_AGENT)
Apr 26 07:41:51 
Apr 26 07:41:51 
Apr 26 07:41:51 
Apr 26 07:41:51 🔔美丽研究院, 结束! 🕛 2.811 秒
Apr 26 07:41:51 
Apr 26 12:42:59 
Apr 26 12:42:59 🔔美丽研究院, 开始!
Apr 26 12:42:59 
Apr 26 12:42:59 ====================共6个京东账号Cookie=========
Apr 26 12:42:59 
Apr 26 12:42:59 ==================脚本执行- 北京时间(UTC+8)：4/26/2021, 12:42:59 PM=====================
Apr 26 12:42:59 
Apr 26 12:42:59 
Apr 26 12:42:59 ******开始【京东账号1】18337656372_p*********
Apr 26 12:42:59 
Apr 26 12:42:59 AAEAIPE7p6rQdMBmXBgUEPpV0OFEcx0eqkP7ri6iddlnhnAP0
Apr 26 12:42:59 AAFghkTTADCsfuUiHeK1Y09xQmfooRlA8I_v7vC2D4PotNBVFo_6VwIWCylLHMQD8VLWQOnUQaI
Apr 26 12:43:00 "Response code 403 (Forbidden)"
Apr 26 12:43:00 美丽研究院 API请求失败，请检查网路重试
Apr 26 12:43:00 
Apr 26 12:43:00 
Apr 26 12:43:00 提示：请尝试换服务器ip或者设置"xinruimz-isv.isvjcloud.com"域名直连，或者自定义UA再次尝试(环境变量JD_USER_AGENT)
Apr 26 12:43:00 
Apr 26 12:43:00 
Apr 26 12:43:00 
Apr 26 12:43:00 ******开始【京东账号2】jd_MCazEJrLyuXn*********
Apr 26 12:43:00 
Apr 26 12:43:00 AAEAIMr-lQiguDG7rXUdJiE6km9GK6pslRBGpLq_TdFpWrHM0
Apr 26 12:43:00 AAFghkTUADCmiNqXU9O5GjvaUXqS5WD8RzwQ5cKpkAGj-pNseXSRhpZuXIlbFg-UPJB0BQD69_4
Apr 26 12:43:00 "Response code 403 (Forbidden)"
Apr 26 12:43:00 美丽研究院 API请求失败，请检查网路重试
Apr 26 12:43:00 
Apr 26 12:43:00 
Apr 26 12:43:00 提示：请尝试换服务器ip或者设置"xinruimz-isv.isvjcloud.com"域名直连，或者自定义UA再次尝试(环境变量JD_USER_AGENT)
Apr 26 12:43:00 
Apr 26 12:43:00 
Apr 26 12:43:00 
Apr 26 12:43:00 ******开始【京东账号3】鬼神之吕奉先*********
Apr 26 12:43:00 
Apr 26 12:43:00 AAEAIDA0q7Pee-dw01XERccII0jRFBnWuyRFNJyt3CS8x9Vi0
Apr 26 12:43:00 AAFghkTUAEDfuGl9jcVG8Sq5abAdn6wZG0CxtDpBqX7yvOHk3itgDE0ufVNN0kC7QWStG9rkB9k7l13pvXqoPAgzux0BsG4I
Apr 26 12:43:00 "Response code 403 (Forbidden)"
Apr 26 12:43:00 美丽研究院 API请求失败，请检查网路重试
Apr 26 12:43:00 
Apr 26 12:43:00 
Apr 26 12:43:00 提示：请尝试换服务器ip或者设置"xinruimz-isv.isvjcloud.com"域名直连，或者自定义UA再次尝试(环境变量JD_USER_AGENT)
Apr 26 12:43:00 
Apr 26 12:43:00 
Apr 26 12:43:00 
Apr 26 12:43:00 ******开始【京东账号4】jd_6ba76f15069fd*********
Apr 26 12:43:00 
Apr 26 12:43:01 AAEAIEKptBKtXfsKhHOzxq1mBJrbAfnYhFZELO8nnhKxPcDV0
Apr 26 12:43:01 AAFghkTVADC7-nTO3cJwR3ynM4_e5ZvrwwwJeV7uZA2hxrJA_9zpz9ZCUm24z6rpzk42Xmm6Q1o
Apr 26 12:43:01 "Response code 403 (Forbidden)"
Apr 26 12:43:01 美丽研究院 API请求失败，请检查网路重试
Apr 26 12:43:01 
Apr 26 12:43:01 
Apr 26 12:43:01 提示：请尝试换服务器ip或者设置"xinruimz-isv.isvjcloud.com"域名直连，或者自定义UA再次尝试(环境变量JD_USER_AGENT)
Apr 26 12:43:01 
Apr 26 12:43:01 
Apr 26 12:43:01 
Apr 26 12:43:01 ******开始【京东账号5】jd_46928899fcc30*********
Apr 26 12:43:01 
Apr 26 12:43:01 AAEAIGBfol4KQIoGIGPFRdYgKVhqonZfrxxidvrdbwHoWCIS0
Apr 26 12:43:01 AAFghkTVADA96vTUMDetd1q7SdYS6zequ0mOf_sDm9pH8NMt4hjMANGGdW74ng4nUhGCO5UzU1Q
Apr 26 12:43:01 "Response code 403 (Forbidden)"
Apr 26 12:43:01 美丽研究院 API请求失败，请检查网路重试
Apr 26 12:43:01 
Apr 26 12:43:01 
Apr 26 12:43:01 提示：请尝试换服务器ip或者设置"xinruimz-isv.isvjcloud.com"域名直连，或者自定义UA再次尝试(环境变量JD_USER_AGENT)
Apr 26 12:43:01 
Apr 26 12:43:01 
Apr 26 12:43:01 
Apr 26 12:43:01 ******开始【京东账号6】jd_EirxWEerdtmu*********
Apr 26 12:43:01 
Apr 26 12:43:01 AAEAIIYRodIE-x5AvrLSIkhalNAQCQEbQCA81xorYRpDP5TX0
Apr 26 12:43:02 AAFghkTVADAAVmRZjAvrGQj84OJMIB79LY99OETCZ0itUo05HtCvoypqdDYgtYmeV0ydsTvUtYs
Apr 26 12:43:02 "Response code 403 (Forbidden)"
Apr 26 12:43:02 美丽研究院 API请求失败，请检查网路重试
Apr 26 12:43:02 
Apr 26 12:43:02 
Apr 26 12:43:02 提示：请尝试换服务器ip或者设置"xinruimz-isv.isvjcloud.com"域名直连，或者自定义UA再次尝试(环境变量JD_USER_AGENT)
Apr 26 12:43:02 
Apr 26 12:43:02 
Apr 26 12:43:02 
Apr 26 12:43:02 🔔美丽研究院, 结束! 🕛 2.704 秒
Apr 26 12:43:02 
Apr 26 19:41:56 
Apr 26 19:41:56 🔔美丽研究院, 开始!
Apr 26 19:41:56 
Apr 26 19:41:56 ====================共6个京东账号Cookie=========
Apr 26 19:41:56 
Apr 26 19:41:56 ==================脚本执行- 北京时间(UTC+8)：4/26/2021, 7:41:56 PM=====================
Apr 26 19:41:56 
Apr 26 19:41:56 
Apr 26 19:41:56 ******开始【京东账号1】18337656372_p*********
Apr 26 19:41:56 
Apr 26 19:41:56 AAEAIH9Rbw2F3TwmvdfF1PIkorAOuy5HBjPJm4YXXV_1ZpGZ0
Apr 26 19:41:56 AAFghqcEADBqe6rQQCBIjcg88eEv2XRd7kVCFmOHxkR2jUeAFmhvwg1UmWnMfdFXxoBGbii_gRs
Apr 26 19:41:56 "Response code 403 (Forbidden)"
Apr 26 19:41:56 美丽研究院 API请求失败，请检查网路重试
Apr 26 19:41:56 
Apr 26 19:41:56 
Apr 26 19:41:56 提示：请尝试换服务器ip或者设置"xinruimz-isv.isvjcloud.com"域名直连，或者自定义UA再次尝试(环境变量JD_USER_AGENT)
Apr 26 19:41:56 
Apr 26 19:41:56 
Apr 26 19:41:57 
Apr 26 19:41:57 ******开始【京东账号2】jd_MCazEJrLyuXn*********
Apr 26 19:41:57 
Apr 26 19:41:57 AAEAIC58XpHQb7G2JT_FZ00Y8je30FtrN4AnaZeLVNLfmxWD0
Apr 26 19:41:57 AAFghqcFADAuecfmmyIsafertDnGCDKlESCFdEkPlgzr4sdjzyhhL_qf0kpav9dlBV-hTQ_abcs
Apr 26 19:41:57 "Response code 403 (Forbidden)"
Apr 26 19:41:57 美丽研究院 API请求失败，请检查网路重试
Apr 26 19:41:57 
Apr 26 19:41:57 
Apr 26 19:41:57 提示：请尝试换服务器ip或者设置"xinruimz-isv.isvjcloud.com"域名直连，或者自定义UA再次尝试(环境变量JD_USER_AGENT)
Apr 26 19:41:57 
Apr 26 19:41:57 
Apr 26 19:41:57 
Apr 26 19:41:57 ******开始【京东账号3】鬼神之吕奉先*********
Apr 26 19:41:57 
Apr 26 19:41:57 AAEAIGQWP7nSLWJyhFB7MPVsAvJgkln_htJLN6rZECDUSu9Y0
Apr 26 19:41:57 AAFghqcFAEAz8zrRhshWxT1etEci1P1e0KGk9FeQP8pyaFr7fKpTnDTFX4JongFwBEypBoQ63JfKWv7YQS-THZKycIhSVB9W
Apr 26 19:41:57 "Response code 403 (Forbidden)"
Apr 26 19:41:57 美丽研究院 API请求失败，请检查网路重试
Apr 26 19:41:57 
Apr 26 19:41:57 
Apr 26 19:41:57 提示：请尝试换服务器ip或者设置"xinruimz-isv.isvjcloud.com"域名直连，或者自定义UA再次尝试(环境变量JD_USER_AGENT)
Apr 26 19:41:57 
Apr 26 19:41:57 
Apr 26 19:41:57 
Apr 26 19:41:57 ******开始【京东账号4】jd_6ba76f15069fd*********
Apr 26 19:41:57 
Apr 26 19:41:57 AAEAIF67UaHeEZqpfFMD9iWboepuI2JR6oNzILAW3ZEHpe_I0
Apr 26 19:41:58 AAFghqcFADC6VDlIxYQ1u8UxHtawL4qiKy4wp4Q4tAzwgTtr66hcM-SJRm02xI0yrRjW6CLBs1I
Apr 26 19:41:58 "Response code 403 (Forbidden)"
Apr 26 19:41:58 美丽研究院 API请求失败，请检查网路重试
Apr 26 19:41:58 
Apr 26 19:41:58 
Apr 26 19:41:58 提示：请尝试换服务器ip或者设置"xinruimz-isv.isvjcloud.com"域名直连，或者自定义UA再次尝试(环境变量JD_USER_AGENT)
Apr 26 19:41:58 
Apr 26 19:41:58 
Apr 26 19:41:58 
Apr 26 19:41:58 ******开始【京东账号5】jd_46928899fcc30*********
Apr 26 19:41:58 
Apr 26 19:41:58 AAEAIKXn-tbqOkYwRWVWQPLLHtG8__DnD-Ae2CtDD5Mmw68X0
Apr 26 19:41:58 AAFghqcGADCvpQ3u-cq95R9BNkcpjiLOZResSyJmMr9bfN1S_DxobxFQks1j7kUdAkXeLZFXHEc
Apr 26 19:41:58 "Response code 403 (Forbidden)"
Apr 26 19:41:58 美丽研究院 API请求失败，请检查网路重试
Apr 26 19:41:58 
Apr 26 19:41:58 
Apr 26 19:41:58 提示：请尝试换服务器ip或者设置"xinruimz-isv.isvjcloud.com"域名直连，或者自定义UA再次尝试(环境变量JD_USER_AGENT)
Apr 26 19:41:58 
Apr 26 19:41:58 
Apr 26 19:41:58 
Apr 26 19:41:58 ******开始【京东账号6】jd_EirxWEerdtmu*********
Apr 26 19:41:58 
Apr 26 19:41:58 AAEAIJ7Ikk4vi5_qnUEQ1pWzhylWPfVabjMxCvNLCExjj-Gs0
Apr 26 19:41:58 AAFghqcGADBx-rTLPyOnN9YuicTpNVWq8ajtLFYFgKAMHSQqMh5DvM62frnijyLL2F1cuX3aKUk
Apr 26 19:41:58 "Response code 403 (Forbidden)"
Apr 26 19:41:58 美丽研究院 API请求失败，请检查网路重试
Apr 26 19:41:58 
Apr 26 19:41:58 
Apr 26 19:41:58 提示：请尝试换服务器ip或者设置"xinruimz-isv.isvjcloud.com"域名直连，或者自定义UA再次尝试(环境变量JD_USER_AGENT)
Apr 26 19:41:58 
Apr 26 19:41:58 
Apr 26 19:41:58 
Apr 26 19:41:58 🔔美丽研究院, 结束! 🕛 2.685 秒
Apr 26 19:41:58 
Apr 27 07:41:07 
Apr 27 07:41:07 🔔美丽研究院, 开始!
Apr 27 07:41:07 
Apr 27 07:41:07 ====================共6个京东账号Cookie=========
Apr 27 07:41:07 
Apr 27 07:41:07 ==================脚本执行- 北京时间(UTC+8)：4/27/2021, 7:41:07 AM=====================
Apr 27 07:41:07 
Apr 27 07:41:08 
Apr 27 07:41:08 ******开始【京东账号1】18337656372_p*********
Apr 27 07:41:08 
Apr 27 07:41:08 AAEAIIEu0eJGkHo2nAyxU6GMCYP1MXardn_qWlhWJ27359W60
Apr 27 07:41:08 AAFgh0-UADAIax7FSSX8CumK2r5_-4TfT0R7ULpvCK9trF-rwk7etTPZp3qwFp7HWbCv3mTEkEY
Apr 27 07:41:08 "Response code 403 (Forbidden)"
Apr 27 07:41:08 美丽研究院 API请求失败，请检查网路重试
Apr 27 07:41:08 
Apr 27 07:41:08 
Apr 27 07:41:08 提示：请尝试换服务器ip或者设置"xinruimz-isv.isvjcloud.com"域名直连，或者自定义UA再次尝试(环境变量JD_USER_AGENT)
Apr 27 07:41:08 
Apr 27 07:41:08 
Apr 27 07:41:08 
Apr 27 07:41:08 ******开始【京东账号2】jd_MCazEJrLyuXn*********
Apr 27 07:41:08 
Apr 27 07:41:08 AAEAIHmN8XRb8pCRoNi7WqkKEXHJCo2JcTrGArzDbSDTCZDT0
Apr 27 07:41:08 AAFgh0-UADCjLgcn2YaCvqVeJLYhGN0ujrBXttO6QytbU1wFpjHQlYdZJ7iXMKcQnHwgOTTUXQ8
Apr 27 07:41:08 "Response code 403 (Forbidden)"
Apr 27 07:41:08 美丽研究院 API请求失败，请检查网路重试
Apr 27 07:41:08 
Apr 27 07:41:08 
Apr 27 07:41:08 提示：请尝试换服务器ip或者设置"xinruimz-isv.isvjcloud.com"域名直连，或者自定义UA再次尝试(环境变量JD_USER_AGENT)
Apr 27 07:41:08 
Apr 27 07:41:08 
Apr 27 07:41:09 
Apr 27 07:41:09 ******开始【京东账号3】鬼神之吕奉先*********
Apr 27 07:41:09 
Apr 27 07:41:09 AAEAIK0MgPGfDQnbzoK1HG1yLtcML8qbpW-Y3JZF2QNBftjP0
Apr 27 07:41:09 AAFgh0-VAEDOg3HNRF0kZa4qcS4Khmc_de7JHR1vF5Kj-uwiF5VQ2sEao96DJS7L7ldMpL1aFFoBvwrXI2aFMyU_q_RXPNwm
Apr 27 07:41:09 "Response code 403 (Forbidden)"
Apr 27 07:41:09 美丽研究院 API请求失败，请检查网路重试
Apr 27 07:41:09 
Apr 27 07:41:09 
Apr 27 07:41:09 提示：请尝试换服务器ip或者设置"xinruimz-isv.isvjcloud.com"域名直连，或者自定义UA再次尝试(环境变量JD_USER_AGENT)
Apr 27 07:41:09 
Apr 27 07:41:09 
Apr 27 07:41:09 
Apr 27 07:41:09 ******开始【京东账号4】jd_6ba76f15069fd*********
Apr 27 07:41:09 
Apr 27 07:41:09 AAEAIK9rohIPR7ygqcMwQ3GzyVgfJV-FY5sdpbo4b8YAppIF0
Apr 27 07:41:09 AAFgh0-VADA8JMmqnWfVithWLXHUJF7VVyEesxgt6sIaEmlgulFJTseZFyk4kcmxdMGpF3O0Slc
Apr 27 07:41:09 "Response code 403 (Forbidden)"
Apr 27 07:41:09 美丽研究院 API请求失败，请检查网路重试
Apr 27 07:41:09 
Apr 27 07:41:09 
Apr 27 07:41:09 提示：请尝试换服务器ip或者设置"xinruimz-isv.isvjcloud.com"域名直连，或者自定义UA再次尝试(环境变量JD_USER_AGENT)
Apr 27 07:41:09 
Apr 27 07:41:09 
Apr 27 07:41:09 
Apr 27 07:41:09 ******开始【京东账号5】jd_46928899fcc30*********
Apr 27 07:41:09 
Apr 27 07:41:10 AAEAILtQ1owo1uTQwrD-xF8TbR1tiO8TOnkSRzi2psCbDY4k0
Apr 27 07:41:10 AAFgh0-WADD0cvPuJ-neuTW0V3RreYc_gyLj9GZmavFacR9Q8rgyAnq00OTmWafnwrIIkUXDgpM
Apr 27 07:41:10 "Response code 403 (Forbidden)"
Apr 27 07:41:10 美丽研究院 API请求失败，请检查网路重试
Apr 27 07:41:10 
Apr 27 07:41:10 
Apr 27 07:41:10 提示：请尝试换服务器ip或者设置"xinruimz-isv.isvjcloud.com"域名直连，或者自定义UA再次尝试(环境变量JD_USER_AGENT)
Apr 27 07:41:10 
Apr 27 07:41:10 
Apr 27 07:41:10 
Apr 27 07:41:10 ******开始【京东账号6】jd_EirxWEerdtmu*********
Apr 27 07:41:10 
Apr 27 07:41:10 AAEAILHYrljcYtkRBzw1SOL6rYNDv_AqOoJ8QH_SWGF9TudE0
Apr 27 07:41:10 AAFgh0-WADCFaMMmLDsWCOuSsNLANrDIK0NSQWa5XRkO_JhRBB9nSn2M3i8F7xOAbT0cN1Vwpsc
Apr 27 07:41:10 "Response code 403 (Forbidden)"
Apr 27 07:41:10 美丽研究院 API请求失败，请检查网路重试
Apr 27 07:41:10 
Apr 27 07:41:10 
Apr 27 07:41:10 提示：请尝试换服务器ip或者设置"xinruimz-isv.isvjcloud.com"域名直连，或者自定义UA再次尝试(环境变量JD_USER_AGENT)
Apr 27 07:41:10 
Apr 27 07:41:10 
Apr 27 07:41:10 
Apr 27 07:41:10 🔔美丽研究院, 结束! 🕛 2.749 秒
Apr 27 07:41:10 
May 20 12:41:00 
May 20 12:41:00 🔔美丽研究院, 开始!
May 20 12:41:00 
May 20 12:41:00 ====================共6个京东账号Cookie=========
May 20 12:41:00 
May 20 12:41:00 ==================脚本执行- 北京时间(UTC+8)：5/20/2021, 12:41:00 PM=====================
May 20 12:41:00 
May 20 12:41:00 
May 20 12:41:00 ******开始【京东账号1】18337656372_p*********
May 20 12:41:00 
May 20 12:41:00 ***检测账号是否黑号***
May 20 12:41:00 isvToken:AAEAINoJMtfSR74rPLtgo7cycSxQ7Hzu0bydqFnuGH57jBUJ0
May 20 12:41:01 token2:AAFgpehcADB4kVi6p3JFe9TZDP_16fVx_7-mTW7HRrYuP9R-81sDPYEKZmAnKTQ443htKvATQdk
May 20 12:41:01 $.token eyJ0eXAiOiJKV1QiLCJhbGciOiJIUzI1NiJ9.eyJpc3MiOiJodHRwOlwvXC8xMjcuMC4wLjE6OTUwMlwvYXBpXC9hdXRoIiwiaWF0IjoxNjIxNDg1NjYxLCJleHAiOjE2MjE1Mjg4NjEsIm5iZiI6MTYyMTQ4NTY2MSwianRpIjoiYklzR1Q5N2xhaGpOWVFGcSIsInN1YiI6MTgwMDAwNiwicHJ2IjoiMjNiZDVjODk0OWY2MDBhZGIzOWU3MDFjNDAwODcyZGI3YTU5NzZmNyJ9.BiPdBbApDelAYYrvCsi2jjsNIMjdTEN42L73SP5NNmA
May 20 12:41:01 美容研究院服务器连接成功
May 20 12:41:02 操作成功，账号正常
May 20 12:41:02 服务器连接关闭
May 20 12:41:03 wss://xinruimz-isv.isvjcloud.com/wss/?token=eyJ0eXAiOiJKV1QiLCJhbGciOiJIUzI1NiJ9.eyJpc3MiOiJodHRwOlwvXC8xMjcuMC4wLjE6OTUwMlwvYXBpXC9hdXRoIiwiaWF0IjoxNjIxNDg1NjYxLCJleHAiOjE2MjE1Mjg4NjEsIm5iZiI6MTYyMTQ4NTY2MSwianRpIjoiYklzR1Q5N2xhaGpOWVFGcSIsInN1YiI6MTgwMDAwNiwicHJ2IjoiMjNiZDVjODk0OWY2MDBhZGIzOWU3MDFjNDAwODcyZGI3YTU5NzZmNyJ9.BiPdBbApDelAYYrvCsi2jjsNIMjdTEN42L73SP5NNmA
May 20 12:41:06 美容研究院服务器连接成功
May 20 12:41:11 
May 20 12:41:11 开始任务：""get_user"
May 20 12:41:11 当前美妆币25640，用户等级3
May 20 12:41:11 
May 20 12:41:11 开始任务：""check_up"
May 20 12:41:11 去领取第1次签到奖励
May 20 12:41:11 去领取第2次签到奖励
May 20 12:41:11 helpInfo []
May 20 12:41:13 
May 20 12:41:13 开始任务：""get_ad"
May 20 12:41:13 当期活动：美妆馆日常
May 20 12:41:14 
May 20 12:41:14 开始任务：""get_package"
May 20 12:41:14 仓库信息:【乳化剂】100份 【油脂】52份 【保湿剂】495份 【矿物质水】3份 【颜料】198份 【滑石粉】395份 【树脂】619份 【滋润剂】294份 【香料】2份 【蜂蜡】447份 【胶合剂】147份 【乙醇】397份 
May 20 12:41:15 ========原料生产信息========
May 20 12:41:32 
May 20 12:41:32 开始任务：""check_up_receive"
May 20 12:41:32 任务完成成功，获得100美妆币
May 20 12:41:33 
May 20 12:41:33 开始任务：""check_up_receive"
May 20 12:41:33 任务完成成功，获得100美妆币
May 20 12:41:35 
May 20 12:41:35 开始任务：""get_produce_material"
May 20 12:41:35 
May 20 12:41:35 开始任务：""shop_products"
May 20 12:41:35 去做关注店铺任务
May 20 12:41:35 去做关注店铺【PMPM京东自营旗舰店】
May 20 12:41:36 去做关注店铺【京东美妆严选自营旗舰店】
May 20 12:41:37 
May 20 12:41:37 开始任务：""product_producing"
May 20 12:41:37 去做关注店铺【百雀羚京东自营官方旗舰店】
May 20 12:41:38 去做关注店铺【兰蔻京东自营官方体验零售店】
May 20 12:41:38 
May 20 12:41:38 开始任务：""get_package"
May 20 12:41:38 仓库信息:【乳化剂】100份 【油脂】52份 【保湿剂】495份 【矿物质水】3份 【颜料】198份 【滑石粉】395份 【树脂】619份 【滋润剂】294份 【香料】2份 【蜂蜡】447份 【胶合剂】147份 【乙醇】397份 
May 20 12:41:39 去做第1次浏览会场任务
May 20 12:41:40 
May 20 12:41:40 开始任务：""produce_position_info_v2"
May 20 12:41:40 【h2】上尚未开始生产
May 20 12:41:40 $.needs:[]
May 20 12:41:40 elsema:undefined
May 20 12:41:40 ma booleamfalse
May 20 12:41:40 
May 20 12:41:40 开始任务：""produce_position_info_v2"
May 20 12:41:40 【h1】上尚未开始生产
May 20 12:41:40 $.needs:[]
May 20 12:41:40 elsema:{"id":13,"name":"乙醇","type":"base","level":3,"unit_time":30,"describe":"其蒸发速度较快，将化妆品的香味更快散逸，具有辅助卸妆效力","unit_name":"个","pic":"https://jd-beauty-cdn.h5.sinreweb.com/jd-beauty/images/8442d52d91586b6d55f00171f67d78f1.png","coins":15,"sort":40,"start_at":"2020-11-20 14:00:19","end_at":"2028-01-02 14:00:19","created_at":"2020-11-20 14:02:02","updated_at":"2021-04-02 00:06:28"}
May 20 12:41:40 ma booleamtrue
May 20 12:41:40 去生产乙醇
May 20 12:41:40 
May 20 12:41:40 开始任务：""product_lists"
May 20 12:41:40 ========可生产商品信息========
May 20 12:41:40 生产【粉饼】需要原料“滑石粉2 份” （库存 395 份）需要原料“颜料4 份” （库存 198 份）需要原料“胶合剂2 份” （库存 147 份），可生产 49份
May 20 12:41:40 【粉饼】可生产份数大于0，去生产
May 20 12:41:40 
May 20 12:41:40 开始任务：""produce_position_info_v2"
May 20 12:41:40 【b1】上尚未开始生产
May 20 12:41:40 $.needs:[]
May 20 12:41:40 elsema:{"id":15,"name":"蜂蜡","type":"base","level":3,"unit_time":30,"describe":"利用其天然的良好黏着性、可透性、乳化性、光滑性等特性，广泛应用于各类化妆品","unit_name":"个","pic":"https://jd-beauty-cdn.h5.sinreweb.com/jd-beauty/images/b3c66d240896fab8253b0b671ef67c3a.png","coins":15,"sort":41,"start_at":"2020-11-20 14:02:18","end_at":"2023-08-27 14:00:19","created_at":"2020-11-20 14:02:46","updated_at":"2021-04-02 00:06:20"}
May 20 12:41:40 ma booleamtrue
May 20 12:41:40 去生产蜂蜡
May 20 12:41:40 
May 20 12:41:40 开始任务：""produce_position_info_v2"
May 20 12:41:40 【b2】上尚未开始生产
May 20 12:41:40 $.needs:[]
May 20 12:41:40 elsema:undefined
May 20 12:41:40 ma booleamfalse
May 20 12:41:40 
May 20 12:41:40 开始任务：""get_benefit"
May 20 12:41:40 benefit:{"id":7,"type":1,"name":"京豆","coins":"1000","description":"1 京豆","image":"https://jd-beauty-cdn.h5.sinreweb.com/jd-beauty-laboratory-20201102/images/0dcdc19525d059f863ddf7b39ba1f72f.jpg","global_daily_limit":0,"day_limit":8,"level_limit":1,"times_limit":0,"initial_stock":16000000,"stock":88172092,"sort":10000,"status":1,"setting":{"beans_count":"1","gift_bag":"0"},"created_at":"2020-11-11 14:16:44","updated_at":"2021-05-20 12:41:00","all_exchange_count":98,"day_exchange_count":0}
May 20 12:41:40 
May 20 12:41:40 开始任务：""produce_position_info_v2"
May 20 12:41:40 【s1】上尚未开始生产
May 20 12:41:40 $.needs:[]
May 20 12:41:40 elsema:{"id":10,"name":"胶合剂","type":"base","level":3,"unit_time":30,"describe":"与其他成分配合使用，常用于粉状化妆品中","unit_name":"个","pic":"https://jd-beauty-cdn.h5.sinreweb.com/jd-beauty/images/24399b365641e744ed94152981605689.png","coins":15,"sort":39,"start_at":"2020-11-20 13:59:04","end_at":"2023-12-31 13:59:04","created_at":"2020-11-20 14:00:15","updated_at":"2021-04-02 00:06:36"}
May 20 12:41:40 ma booleamtrue
May 20 12:41:40 去生产胶合剂
May 20 12:41:41 生产【香水】需要原料“矿物质水3 份” （库存 3 份）需要原料“香料3 份” （库存 2 份）需要原料“乙醇1 份” （库存 397 份）
May 20 12:41:41 【香水】原料不足，无法生产
May 20 12:41:41 生产【口红】需要原料“油脂2 份” （库存 52 份）需要原料“颜料4 份” （库存 198 份）需要原料“蜂蜡2 份” （库存 447 份），可生产 26份
May 20 12:41:41 【口红】可生产份数大于0，去生产
May 20 12:41:41 
May 20 12:41:41 开始任务：""collect_coins"
May 20 12:41:41 收取成功，获得0美妆币，当前总美妆币：25840
May 20 12:41:41 
May 20 12:41:41 
May 20 12:41:41 开始任务：""produce_position_info_v2"
May 20 12:41:41 【s2】上尚未开始生产
May 20 12:41:41 $.needs:[]
May 20 12:41:41 elsema:undefined
May 20 12:41:41 ma booleamfalse
May 20 12:41:41 
May 20 12:41:41 开始任务：""get_user"
May 20 12:41:41 当前美妆币25840，用户等级3
May 20 12:41:41 =======================
May 20 12:41:41 去做第2次浏览会场任务
May 20 12:41:43 去做第3次浏览会场任务
May 20 12:41:45 去做第4次浏览会场任务
May 20 12:41:46 
May 20 12:41:46 开始任务：""shop_view"
May 20 12:41:46 任务完成成功，获得50美妆币
May 20 12:41:47 去做第5次浏览会场任务
May 20 12:41:49 
May 20 12:41:49 开始任务：""shop_view"
May 20 12:41:49 任务完成成功，获得50美妆币
May 20 12:41:49 去做第6次浏览会场任务
May 20 12:41:49 
May 20 12:41:49 开始任务：""new_product_fetch"
May 20 12:41:49 收取产品【粉饼】25份
May 20 12:41:50 benefit:{"id":9,"type":1,"name":"京豆大礼包(0点限量)","coins":"100000","description":"500颗京豆打包兑换","image":"https://jd-beauty-cdn.h5.sinreweb.com/jd-beauty-laboratory-20201102/images/0dcdc19525d059f863ddf7b39ba1f72f.jpg","global_daily_limit":20,"day_limit":1,"level_limit":1,"times_limit":0,"initial_stock":1000,"stock":534,"sort":9999,"status":1,"setting":{"beans_count":"500","gift_bag":"1"},"created_at":"2020-11-11 14:16:44","updated_at":"2021-05-20 00:00:00","all_exchange_count":0,"day_exchange_count":0}
May 20 12:41:51 
May 20 12:41:51 开始任务：""new_product_fetch"
May 20 12:41:51 收取产品【香水】32份
May 20 12:41:51 去做第7次浏览会场任务
May 20 12:41:52 
May 20 12:41:52 开始任务：""shop_view"
May 20 12:41:52 任务完成成功，获得50美妆币
May 20 12:41:52 
May 20 12:41:52 开始任务：""shop_view"
May 20 12:41:52 任务完成成功，获得50美妆币
May 20 12:41:53 去做第8次浏览会场任务
May 20 12:41:55 去做第9次浏览会场任务
May 20 12:41:57 去做每日问答任务
May 20 12:42:38 
May 20 12:42:38 开始任务：""meetingplace_view"
May 20 12:42:38 任务完成成功，获得100美妆币
May 20 12:43:28 
May 20 12:43:28 开始任务：""product_produce"
May 20 12:43:28 生产成功
May 20 12:43:28 
May 20 12:43:28 开始任务：""material_produce_v2"
May 20 12:43:28 【h1】上开始生产乙醇
May 20 12:43:29 
May 20 12:43:29 开始任务：""material_produce_v2"
May 20 12:43:29 【b1】上开始生产蜂蜡
May 20 12:44:11 
May 20 12:44:11 开始任务：""to_exchange"
May 20 12:44:11 兑换10京豆成功;{"data":{"coins":-1000,"user_coins":25140},"msg":"操作成功","code":200,"action":"to_exchange"}
May 20 12:44:58 
May 20 12:44:58 开始任务：""material_produce_v2"
May 20 12:44:58 【s1】上开始生产胶合剂
May 20 12:44:59 
May 20 12:44:59 开始任务：""product_produce"
May 20 12:44:59 生产信息获取失败，错误信息材料不足
May 20 12:45:49 
May 20 12:45:49 开始任务：""meetingplace_view"
May 20 12:45:49 任务完成成功，获得100美妆币
May 20 12:45:50 
May 20 12:45:50 开始任务：""to_exchange"
May 20 12:45:50 兑换10京豆成功;{"data":{"coins":-1000,"user_coins":24140},"msg":"操作成功","code":200,"action":"to_exchange"}
May 20 12:46:47 本次运行获得美妆币600
May 20 12:46:47 服务器连接关闭
May 20 12:46:48 
May 20 12:46:48 ==============📣系统通知📣==============
May 20 12:46:48 美丽研究院
May 20 12:46:48 京东账号118337656372_p
May 20 12:46:48 本次运行获得美妆币600枚
May 20 12:46:48 当前美妆币24240
May 20 12:46:48 
May 20 12:46:48 ******开始【京东账号2】jd_MCazEJrLyuXn*********
May 20 12:46:48 
May 20 12:46:48 ***检测账号是否黑号***
May 20 12:46:48 isvToken:AAEAIFMs9DZvhJyRuS2KZSuGpMet46PFHTHWcSA4KKzAACN70
May 20 12:46:48 token2:AAFgpem4ADBFo8_gkgElC5dR47pSBJYgZqZ-ZvPh-6krUbElXAoxY4RwpJrVAAjWvJ8qtJDeDrE
May 20 12:46:50 $.token eyJ0eXAiOiJKV1QiLCJhbGciOiJIUzI1NiJ9.eyJpc3MiOiJodHRwOlwvXC8xMjcuMC4wLjE6OTUwMlwvYXBpXC9hdXRoIiwiaWF0IjoxNjIxNDg2MDEwLCJleHAiOjE2MjE1MjkyMTAsIm5iZiI6MTYyMTQ4NjAxMCwianRpIjoidmlJblZpTTFkVnhiTmJOTCIsInN1YiI6MjQyNzU5MCwicHJ2IjoiMjNiZDVjODk0OWY2MDBhZGIzOWU3MDFjNDAwODcyZGI3YTU5NzZmNyJ9.aBhUfNnHn8jf-YfbXZmX0oTBF55ptnxTQyuTn1vjJE8
