Apr 25 04:24:36 
Apr 25 04:24:36 🔔领京豆额外奖励, 开始!
Apr 25 04:24:36 
Apr 25 04:24:36 ====================共6个京东账号Cookie=========
Apr 25 04:24:36 
Apr 25 04:24:36 ==================脚本执行- 北京时间(UTC+8)：4/25/2021, 4:24:36 AM=====================
Apr 25 04:24:36 
Apr 25 04:24:36 
Apr 25 04:24:36 ******开始【京东账号1】18337656372_p*********
Apr 25 04:24:36 
Apr 25 04:24:36 任务完成进度：1 / 3
Apr 25 04:24:39 任务完成进度：2 / 3
Apr 25 04:24:43 任务完成进度：3 / 3
Apr 25 04:24:47 领奖成功，获得 1 个京豆
Apr 25 04:24:49 完成任务成功，进度1/5
Apr 25 04:24:52 完成任务成功，进度2/5
Apr 25 04:24:55 完成任务成功，进度3/5
Apr 25 04:24:58 完成任务成功，进度4/5
Apr 25 04:25:02 完成任务成功，进度5/5
Apr 25 04:25:05 领奖成功，获得 3 个京豆
Apr 25 04:25:05 强制开启新版领京豆结果:{"code":"0","errorCode":"SI404","errorMessage":"已经初始化过了~"}
Apr 25 04:25:05 
Apr 25 04:25:05 
Apr 25 04:25:05 ==============📣系统通知📣==============
Apr 25 04:25:05 领京豆额外奖励
Apr 25 04:25:05 【京东账号1】18337656372_p
Apr 25 04:25:05 领奖成功，获得 1 个京豆
Apr 25 04:25:05 领奖成功，获得 3 个京豆
Apr 25 04:25:05 
Apr 25 04:25:05 
Apr 25 04:25:05 ******开始【京东账号2】jd_MCazEJrLyuXn*********
Apr 25 04:25:05 
Apr 25 04:25:05 做任务异常：{"code":"0","errorCode":"HT304","errorMessage":"风控用户无法参与任务~"}
Apr 25 04:25:09 领奖失败，风控用户无法参与任务~
Apr 25 04:25:10 
Apr 25 04:25:10 ❗️领京豆额外奖励, 错误!
Apr 25 04:25:10 TypeError: Cannot read property 'jklInfo' of undefined
Apr 25 04:25:10     at /scripts/jd_bean_home.js:214:26
Apr 25 04:25:10     at got.post.then.message (/scripts/jd_bean_home.js:553:5772)
Apr 25 04:25:10     at processTicksAndRejections (internal/process/task_queues.js:97:5)
Apr 25 04:25:12 完成任务失败，风控用户无法参与任务~
Apr 25 04:25:15 完成任务失败，风控用户无法参与任务~
Apr 25 04:25:18 完成任务失败，风控用户无法参与任务~
Apr 25 04:25:21 完成任务失败，风控用户无法参与任务~
Apr 25 04:25:24 完成任务失败，风控用户无法参与任务~
Apr 25 04:25:27 领奖失败，风控用户无法参与任务~
Apr 25 04:25:27 强制开启新版领京豆结果:{"code":"0","errorCode":"SI204","errorMessage":"风控用户无法初始化~"}
Apr 25 04:25:27 
Apr 25 04:25:27 
Apr 25 04:25:27 ******开始【京东账号3】鬼神之吕奉先*********
Apr 25 04:25:27 
Apr 25 04:25:27 任务完成进度：1 / 3
Apr 25 04:25:30 任务完成进度：2 / 3
Apr 25 04:25:34 任务完成进度：3 / 3
Apr 25 04:25:38 领奖成功，获得 1 个京豆
Apr 25 04:25:40 完成任务成功，进度1/5
Apr 25 04:25:43 完成任务成功，进度2/5
Apr 25 04:25:46 完成任务成功，进度3/5
Apr 25 04:25:49 完成任务成功，进度4/5
Apr 25 04:25:53 完成任务成功，进度5/5
Apr 25 04:25:56 领奖成功，获得 3 个京豆
Apr 25 04:25:56 强制开启新版领京豆结果:{"code":"0","errorCode":"SI404","errorMessage":"已经初始化过了~"}
Apr 25 04:25:56 
Apr 25 04:25:56 
Apr 25 04:25:56 ==============📣系统通知📣==============
Apr 25 04:25:56 领京豆额外奖励
Apr 25 04:25:56 【京东账号3】鬼神之吕奉先
Apr 25 04:25:56 领奖成功，获得 1 个京豆
Apr 25 04:25:56 领奖成功，获得 3 个京豆
Apr 25 04:25:56 
Apr 25 04:25:56 
Apr 25 04:25:56 ******开始【京东账号4】jd_6ba76f15069fd*********
Apr 25 04:25:56 
Apr 25 04:25:56 任务完成进度：1 / 3
Apr 25 04:25:59 任务完成进度：2 / 3
Apr 25 04:26:02 任务完成进度：3 / 3
Apr 25 04:26:06 领奖成功，获得 1 个京豆
Apr 25 04:26:09 完成任务成功，进度1/5
Apr 25 04:26:12 完成任务成功，进度2/5
Apr 25 04:26:15 完成任务成功，进度3/5
Apr 25 04:26:18 完成任务成功，进度4/5
Apr 25 04:26:21 完成任务成功，进度5/5
Apr 25 04:26:25 领奖成功，获得 3 个京豆
Apr 25 04:26:25 强制开启新版领京豆结果:{"code":"0","errorCode":"SI404","errorMessage":"已经初始化过了~"}
Apr 25 04:26:25 
Apr 25 04:26:25 
Apr 25 04:26:25 ==============📣系统通知📣==============
Apr 25 04:26:25 领京豆额外奖励
Apr 25 04:26:25 【京东账号4】jd_6ba76f15069fd
Apr 25 04:26:25 领奖成功，获得 1 个京豆
Apr 25 04:26:25 领奖成功，获得 3 个京豆
Apr 25 04:26:25 
Apr 25 04:26:25 
Apr 25 04:26:25 ******开始【京东账号5】jd_46928899fcc30*********
Apr 25 04:26:25 
Apr 25 04:26:25 任务完成进度：1 / 3
Apr 25 04:26:28 任务完成进度：2 / 3
Apr 25 04:26:31 任务完成进度：3 / 3
Apr 25 04:26:35 领奖成功，获得 1 个京豆
Apr 25 04:26:38 完成任务成功，进度1/5
Apr 25 04:26:41 完成任务成功，进度2/5
Apr 25 04:26:44 完成任务成功，进度3/5
Apr 25 04:26:47 完成任务成功，进度4/5
Apr 25 04:26:50 完成任务成功，进度5/5
Apr 25 04:26:53 领奖成功，获得 3 个京豆
Apr 25 04:26:53 强制开启新版领京豆结果:{"code":"0","errorCode":"SI404","errorMessage":"已经初始化过了~"}
Apr 25 04:26:53 
Apr 25 04:26:53 
Apr 25 04:26:53 ==============📣系统通知📣==============
Apr 25 04:26:53 领京豆额外奖励
Apr 25 04:26:53 【京东账号5】jd_46928899fcc30
Apr 25 04:26:53 领奖成功，获得 1 个京豆
Apr 25 04:26:53 领奖成功，获得 3 个京豆
Apr 25 04:26:53 
Apr 25 04:26:54 
Apr 25 04:26:54 ******开始【京东账号6】jd_EirxWEerdtmu*********
Apr 25 04:26:54 
Apr 25 04:26:54 任务完成进度：1 / 3
Apr 25 04:26:57 任务完成进度：2 / 3
Apr 25 04:27:00 任务完成进度：3 / 3
Apr 25 04:27:04 领奖成功，获得 1 个京豆
Apr 25 04:27:06 完成任务成功，进度1/5
Apr 25 04:27:10 完成任务成功，进度2/5
Apr 25 04:27:13 完成任务成功，进度3/5
Apr 25 04:27:16 完成任务成功，进度4/5
Apr 25 04:27:19 完成任务成功，进度5/5
Apr 25 04:27:22 领奖成功，获得 3 个京豆
Apr 25 04:27:22 强制开启新版领京豆结果:{"code":"0","errorCode":"SI404","errorMessage":"已经初始化过了~"}
Apr 25 04:27:22 
Apr 25 04:27:22 
Apr 25 04:27:22 ==============📣系统通知📣==============
Apr 25 04:27:22 领京豆额外奖励
Apr 25 04:27:22 【京东账号6】jd_EirxWEerdtmu
Apr 25 04:27:22 领奖成功，获得 1 个京豆
Apr 25 04:27:22 领奖成功，获得 3 个京豆
Apr 25 04:27:22 
Apr 25 04:27:22 
Apr 25 04:27:22 🔔领京豆额外奖励, 结束! 🕛 166.359 秒
Apr 25 04:27:22 
Apr 26 04:24:02 
Apr 26 04:24:02 🔔领京豆额外奖励, 开始!
Apr 26 04:24:02 
Apr 26 04:24:02 ====================共6个京东账号Cookie=========
Apr 26 04:24:02 
Apr 26 04:24:02 ==================脚本执行- 北京时间(UTC+8)：4/26/2021, 4:24:02 AM=====================
Apr 26 04:24:02 
Apr 26 04:24:02 
Apr 26 04:24:02 ******开始【京东账号1】18337656372_p*********
Apr 26 04:24:02 
Apr 26 04:24:02 任务完成进度：1 / 3
Apr 26 04:24:05 任务完成进度：2 / 3
Apr 26 04:24:09 任务完成进度：3 / 3
Apr 26 04:24:13 领奖成功，获得 1 个京豆
Apr 26 04:24:15 完成任务成功，进度1/5
Apr 26 04:24:18 完成任务成功，进度2/5
Apr 26 04:24:21 完成任务成功，进度3/5
Apr 26 04:24:24 完成任务成功，进度4/5
Apr 26 04:24:28 完成任务成功，进度5/5
Apr 26 04:24:31 领奖成功，获得 3 个京豆
Apr 26 04:24:31 强制开启新版领京豆结果:{"code":"0","errorCode":"SI404","errorMessage":"已经初始化过了~"}
Apr 26 04:24:31 
Apr 26 04:24:31 
Apr 26 04:24:31 ==============📣系统通知📣==============
Apr 26 04:24:31 领京豆额外奖励
Apr 26 04:24:31 【京东账号1】18337656372_p
Apr 26 04:24:31 领奖成功，获得 1 个京豆
Apr 26 04:24:31 领奖成功，获得 3 个京豆
Apr 26 04:24:31 
Apr 26 04:24:31 
Apr 26 04:24:31 ******开始【京东账号2】jd_MCazEJrLyuXn*********
Apr 26 04:24:31 
Apr 26 04:24:31 做任务异常：{"code":"0","errorCode":"HT304","errorMessage":"风控用户无法参与任务~"}
Apr 26 04:24:35 领奖失败，风控用户无法参与任务~
Apr 26 04:24:36 
Apr 26 04:24:36 ❗️领京豆额外奖励, 错误!
Apr 26 04:24:36 TypeError: Cannot read property 'jklInfo' of undefined
Apr 26 04:24:36     at /scripts/jd_bean_home.js:214:26
Apr 26 04:24:36     at got.post.then.message (/scripts/jd_bean_home.js:553:5772)
Apr 26 04:24:36     at processTicksAndRejections (internal/process/task_queues.js:97:5)
Apr 26 04:24:38 完成任务失败，风控用户无法参与任务~
Apr 26 04:24:41 完成任务失败，风控用户无法参与任务~
Apr 26 04:24:44 完成任务失败，风控用户无法参与任务~
Apr 26 04:24:47 完成任务失败，风控用户无法参与任务~
Apr 26 04:24:50 完成任务失败，风控用户无法参与任务~
Apr 26 04:24:53 领奖失败，风控用户无法参与任务~
Apr 26 04:24:53 强制开启新版领京豆结果:{"code":"0","errorCode":"SI204","errorMessage":"风控用户无法初始化~"}
Apr 26 04:24:53 
Apr 26 04:24:53 
Apr 26 04:24:53 ******开始【京东账号3】鬼神之吕奉先*********
Apr 26 04:24:53 
Apr 26 04:24:53 任务完成进度：1 / 3
Apr 26 04:24:56 任务完成进度：2 / 3
Apr 26 04:25:00 任务完成进度：3 / 3
Apr 26 04:25:04 领奖成功，获得 1 个京豆
Apr 26 04:25:06 完成任务成功，进度1/5
Apr 26 04:25:09 完成任务成功，进度2/5
Apr 26 04:25:12 完成任务成功，进度3/5
Apr 26 04:25:15 完成任务成功，进度4/5
Apr 26 04:25:19 完成任务成功，进度5/5
Apr 26 04:25:22 领奖成功，获得 3 个京豆
Apr 26 04:25:22 强制开启新版领京豆结果:{"code":"0","errorCode":"SI404","errorMessage":"已经初始化过了~"}
Apr 26 04:25:22 
Apr 26 04:25:22 
Apr 26 04:25:22 ==============📣系统通知📣==============
Apr 26 04:25:22 领京豆额外奖励
Apr 26 04:25:22 【京东账号3】鬼神之吕奉先
Apr 26 04:25:22 领奖成功，获得 1 个京豆
Apr 26 04:25:22 领奖成功，获得 3 个京豆
Apr 26 04:25:22 
Apr 26 04:25:22 
Apr 26 04:25:22 ******开始【京东账号4】jd_6ba76f15069fd*********
Apr 26 04:25:22 
Apr 26 04:25:22 任务完成进度：1 / 3
Apr 26 04:25:25 任务完成进度：2 / 3
Apr 26 04:25:28 任务完成进度：3 / 3
Apr 26 04:25:32 领奖成功，获得 1 个京豆
Apr 26 04:25:35 完成任务成功，进度1/5
Apr 26 04:25:38 完成任务成功，进度2/5
Apr 26 04:25:41 完成任务成功，进度3/5
Apr 26 04:25:44 完成任务成功，进度4/5
Apr 26 04:25:47 完成任务成功，进度5/5
Apr 26 04:25:50 领奖成功，获得 3 个京豆
Apr 26 04:25:51 强制开启新版领京豆结果:{"code":"0","errorCode":"SI404","errorMessage":"已经初始化过了~"}
Apr 26 04:25:51 
Apr 26 04:25:51 
Apr 26 04:25:51 ==============📣系统通知📣==============
Apr 26 04:25:51 领京豆额外奖励
Apr 26 04:25:51 【京东账号4】jd_6ba76f15069fd
Apr 26 04:25:51 领奖成功，获得 1 个京豆
Apr 26 04:25:51 领奖成功，获得 3 个京豆
Apr 26 04:25:51 
Apr 26 04:25:51 
Apr 26 04:25:51 ******开始【京东账号5】jd_46928899fcc30*********
Apr 26 04:25:51 
Apr 26 04:25:51 任务完成进度：1 / 3
Apr 26 04:25:54 任务完成进度：2 / 3
Apr 26 04:25:57 任务完成进度：3 / 3
Apr 26 04:26:01 领奖成功，获得 1 个京豆
Apr 26 04:26:04 完成任务成功，进度1/5
Apr 26 04:26:07 完成任务成功，进度2/5
Apr 26 04:26:10 完成任务成功，进度3/5
Apr 26 04:26:13 完成任务成功，进度4/5
Apr 26 04:26:16 完成任务成功，进度5/5
Apr 26 04:26:19 领奖成功，获得 3 个京豆
Apr 26 04:26:19 强制开启新版领京豆结果:{"code":"0","errorCode":"SI404","errorMessage":"已经初始化过了~"}
Apr 26 04:26:19 
Apr 26 04:26:19 
Apr 26 04:26:19 ==============📣系统通知📣==============
Apr 26 04:26:19 领京豆额外奖励
Apr 26 04:26:19 【京东账号5】jd_46928899fcc30
Apr 26 04:26:19 领奖成功，获得 1 个京豆
Apr 26 04:26:19 领奖成功，获得 3 个京豆
Apr 26 04:26:19 
Apr 26 04:26:19 
Apr 26 04:26:19 ******开始【京东账号6】jd_EirxWEerdtmu*********
Apr 26 04:26:19 
Apr 26 04:26:19 任务完成进度：1 / 3
Apr 26 04:26:23 任务完成进度：2 / 3
Apr 26 04:26:26 任务完成进度：3 / 3
Apr 26 04:26:30 领奖成功，获得 1 个京豆
Apr 26 04:26:32 完成任务成功，进度1/5
Apr 26 04:26:35 完成任务成功，进度2/5
Apr 26 04:26:39 完成任务成功，进度3/5
Apr 26 04:26:42 完成任务成功，进度4/5
Apr 26 04:26:45 完成任务成功，进度5/5
Apr 26 04:26:48 领奖成功，获得 3 个京豆
Apr 26 04:26:48 强制开启新版领京豆结果:{"code":"0","errorCode":"SI404","errorMessage":"已经初始化过了~"}
Apr 26 04:26:48 
Apr 26 04:26:48 
Apr 26 04:26:48 ==============📣系统通知📣==============
Apr 26 04:26:48 领京豆额外奖励
Apr 26 04:26:48 【京东账号6】jd_EirxWEerdtmu
Apr 26 04:26:48 领奖成功，获得 1 个京豆
Apr 26 04:26:48 领奖成功，获得 3 个京豆
Apr 26 04:26:48 
Apr 26 04:26:48 
Apr 26 04:26:48 🔔领京豆额外奖励, 结束! 🕛 166.178 秒
Apr 26 04:26:48 
Apr 27 04:23:27 
Apr 27 04:23:27 🔔领京豆额外奖励, 开始!
Apr 27 04:23:27 
Apr 27 04:23:27 ====================共6个京东账号Cookie=========
Apr 27 04:23:27 
Apr 27 04:23:27 ==================脚本执行- 北京时间(UTC+8)：4/27/2021, 4:23:27 AM=====================
Apr 27 04:23:27 
Apr 27 04:23:27 
Apr 27 04:23:27 ******开始【京东账号1】18337656372_p*********
Apr 27 04:23:27 
Apr 27 04:23:27 任务完成进度：1 / 3
Apr 27 04:23:31 任务完成进度：2 / 3
Apr 27 04:23:34 任务完成进度：3 / 3
Apr 27 04:23:38 领奖成功，获得 1 个京豆
Apr 27 04:23:40 完成任务成功，进度1/5
Apr 27 04:23:43 完成任务成功，进度2/5
Apr 27 04:23:46 完成任务成功，进度3/5
Apr 27 04:23:50 完成任务成功，进度4/5
Apr 27 04:23:53 完成任务成功，进度5/5
Apr 27 04:23:56 领奖成功，获得 3 个京豆
Apr 27 04:23:56 强制开启新版领京豆结果:{"code":"0","errorCode":"SI404","errorMessage":"已经初始化过了~"}
Apr 27 04:23:56 
Apr 27 04:23:56 
Apr 27 04:23:56 ==============📣系统通知📣==============
Apr 27 04:23:56 领京豆额外奖励
Apr 27 04:23:56 【京东账号1】18337656372_p
Apr 27 04:23:56 领奖成功，获得 1 个京豆
Apr 27 04:23:56 领奖成功，获得 3 个京豆
Apr 27 04:23:56 
Apr 27 04:23:56 
Apr 27 04:23:56 ******开始【京东账号2】jd_MCazEJrLyuXn*********
Apr 27 04:23:56 
Apr 27 04:23:56 任务完成进度：1 / 3
Apr 27 04:23:59 任务完成进度：2 / 3
Apr 27 04:24:02 任务完成进度：3 / 3
Apr 27 04:24:07 领奖成功，获得 1 个京豆
Apr 27 04:24:09 完成任务成功，进度1/5
Apr 27 04:24:12 完成任务成功，进度2/5
Apr 27 04:24:15 完成任务成功，进度3/5
Apr 27 04:24:18 完成任务成功，进度4/5
Apr 27 04:24:21 完成任务成功，进度5/5
Apr 27 04:24:25 领奖成功，获得 3 个京豆
Apr 27 04:24:25 强制开启新版领京豆结果:{"code":"0","errorCode":"SI404","errorMessage":"已经初始化过了~"}
Apr 27 04:24:25 
Apr 27 04:24:25 
Apr 27 04:24:25 ==============📣系统通知📣==============
Apr 27 04:24:25 领京豆额外奖励
Apr 27 04:24:25 【京东账号2】jd_MCazEJrLyuXn
Apr 27 04:24:25 领奖成功，获得 1 个京豆
Apr 27 04:24:25 领奖成功，获得 3 个京豆
Apr 27 04:24:25 
Apr 27 04:24:25 
Apr 27 04:24:25 ******开始【京东账号3】鬼神之吕奉先*********
Apr 27 04:24:25 
Apr 27 04:24:25 任务完成进度：1 / 3
Apr 27 04:24:28 任务完成进度：2 / 3
Apr 27 04:24:31 任务完成进度：3 / 3
Apr 27 04:24:35 领奖成功，获得 1 个京豆
Apr 27 04:24:38 完成任务成功，进度1/5
Apr 27 04:24:41 完成任务成功，进度2/5
Apr 27 04:24:44 完成任务成功，进度3/5
Apr 27 04:24:47 完成任务成功，进度4/5
Apr 27 04:24:50 完成任务成功，进度5/5
Apr 27 04:24:53 领奖成功，获得 3 个京豆
Apr 27 04:24:53 强制开启新版领京豆结果:{"code":"0","errorCode":"SI404","errorMessage":"已经初始化过了~"}
Apr 27 04:24:53 
Apr 27 04:24:53 
Apr 27 04:24:53 ==============📣系统通知📣==============
Apr 27 04:24:53 领京豆额外奖励
Apr 27 04:24:53 【京东账号3】鬼神之吕奉先
Apr 27 04:24:53 领奖成功，获得 1 个京豆
Apr 27 04:24:53 领奖成功，获得 3 个京豆
Apr 27 04:24:53 
Apr 27 04:24:54 
Apr 27 04:24:54 ******开始【京东账号4】jd_6ba76f15069fd*********
Apr 27 04:24:54 
Apr 27 04:24:54 任务完成进度：1 / 3
Apr 27 04:24:57 任务完成进度：2 / 3
Apr 27 04:25:00 任务完成进度：3 / 3
Apr 27 04:25:04 领奖成功，获得 1 个京豆
Apr 27 04:25:06 完成任务成功，进度1/5
Apr 27 04:25:10 完成任务成功，进度2/5
Apr 27 04:25:13 完成任务成功，进度3/5
Apr 27 04:25:16 完成任务成功，进度4/5
Apr 27 04:25:19 完成任务成功，进度5/5
Apr 27 04:25:22 领奖成功，获得 3 个京豆
Apr 27 04:25:22 强制开启新版领京豆结果:{"code":"0","errorCode":"SI404","errorMessage":"已经初始化过了~"}
Apr 27 04:25:22 
Apr 27 04:25:22 
Apr 27 04:25:22 ==============📣系统通知📣==============
Apr 27 04:25:22 领京豆额外奖励
Apr 27 04:25:22 【京东账号4】jd_6ba76f15069fd
Apr 27 04:25:22 领奖成功，获得 1 个京豆
Apr 27 04:25:22 领奖成功，获得 3 个京豆
Apr 27 04:25:22 
Apr 27 04:25:22 
Apr 27 04:25:22 ******开始【京东账号5】jd_46928899fcc30*********
Apr 27 04:25:22 
Apr 27 04:25:22 任务完成进度：1 / 3
Apr 27 04:25:26 任务完成进度：2 / 3
Apr 27 04:25:29 任务完成进度：3 / 3
Apr 27 04:25:33 领奖成功，获得 1 个京豆
Apr 27 04:25:35 完成任务成功，进度1/5
Apr 27 04:25:38 完成任务成功，进度2/5
Apr 27 04:25:41 完成任务成功，进度3/5
Apr 27 04:25:45 完成任务成功，进度4/5
Apr 27 04:25:48 完成任务成功，进度5/5
Apr 27 04:25:51 领奖成功，获得 3 个京豆
Apr 27 04:25:51 强制开启新版领京豆结果:{"code":"0","errorCode":"SI404","errorMessage":"已经初始化过了~"}
Apr 27 04:25:51 
Apr 27 04:25:51 
Apr 27 04:25:51 ==============📣系统通知📣==============
Apr 27 04:25:51 领京豆额外奖励
Apr 27 04:25:51 【京东账号5】jd_46928899fcc30
Apr 27 04:25:51 领奖成功，获得 1 个京豆
Apr 27 04:25:51 领奖成功，获得 3 个京豆
Apr 27 04:25:51 
Apr 27 04:25:51 
Apr 27 04:25:51 ******开始【京东账号6】jd_EirxWEerdtmu*********
Apr 27 04:25:51 
Apr 27 04:25:51 做任务异常：{"code":"0","errorCode":"HT304","errorMessage":"风控用户无法参与任务~"}
Apr 27 04:25:55 领奖失败，风控用户无法参与任务~
Apr 27 04:25:58 完成任务失败，风控用户无法参与任务~
Apr 27 04:26:01 完成任务失败，风控用户无法参与任务~
Apr 27 04:26:04 完成任务失败，风控用户无法参与任务~
Apr 27 04:26:07 完成任务失败，风控用户无法参与任务~
Apr 27 04:26:10 完成任务失败，风控用户无法参与任务~
Apr 27 04:26:13 领奖失败，风控用户无法参与任务~
Apr 27 04:26:14 强制开启新版领京豆结果:{"code":"0","errorCode":"SI204","errorMessage":"风控用户无法初始化~"}
Apr 27 04:26:14 
Apr 27 04:26:14 
Apr 27 04:26:14 🔔领京豆额外奖励, 结束! 🕛 166.676 秒
Apr 27 04:26:14 
May 20 12:23:00 
May 20 12:23:00 🔔领京豆额外奖励, 开始!
May 20 12:23:00 
May 20 12:23:00 ====================共6个京东账号Cookie=========
May 20 12:23:00 
May 20 12:23:00 ==================脚本执行- 北京时间(UTC+8)：5/20/2021, 12:23:00 PM=====================
May 20 12:23:00 
May 20 12:23:02 
May 20 12:23:02 ******开始【京东账号1】18337656372_p*********
May 20 12:23:02 
May 20 12:23:06 领奖失败，今天该任务类型已经领过奖了~
May 20 12:23:07 A287D20A628841425BFF18F671118F40 844728439129653248
May 20 12:23:08 领奖失败，今天该任务类型已经领过奖了~
May 20 12:23:08 强制开启新版领京豆结果:{"code":"0","errorCode":"SI404","errorMessage":"已经初始化过了~"}
May 20 12:23:08 
May 20 12:23:09 
May 20 12:23:09 ******开始【京东账号2】jd_MCazEJrLyuXn*********
May 20 12:23:09 
May 20 12:23:13 领奖失败，今天该任务类型已经领过奖了~
May 20 12:23:14 2B3EAB91DCD5331B423EB119A4D8C52E 844728571634143232
May 20 12:23:15 领奖失败，今天该任务类型已经领过奖了~
May 20 12:23:15 强制开启新版领京豆结果:{"code":"0","errorCode":"SI404","errorMessage":"已经初始化过了~"}
May 20 12:23:15 
May 20 12:23:15 
May 20 12:23:15 ******开始【京东账号3】鬼神之吕奉先*********
May 20 12:23:15 
May 20 12:23:20 领奖失败，今天该任务类型已经领过奖了~
May 20 12:23:21 C43D067546FED1D1591EF1CA5DAAD26066030C8A4C7DF812A9F91927420A82C3 844728703767433216
May 20 12:23:22 领奖失败，今天该任务类型已经领过奖了~
May 20 12:23:22 强制开启新版领京豆结果:{"code":"0","errorCode":"SI404","errorMessage":"已经初始化过了~"}
May 20 12:23:22 
May 20 12:23:22 
May 20 12:23:22 ******开始【京东账号4】jd_6ba76f15069fd*********
May 20 12:23:22 
May 20 12:23:27 领奖失败，今天该任务类型已经领过奖了~
May 20 12:23:28 D02B60515D0AA4D58C222AA73B519F06AD1DAAB9A3E3F6CBAFDE81EEB7393333 844728836605104128
May 20 12:23:29 领奖失败，今天该任务类型已经领过奖了~
May 20 12:23:29 强制开启新版领京豆结果:{"code":"0","errorCode":"SI404","errorMessage":"已经初始化过了~"}
May 20 12:23:29 
May 20 12:23:29 
May 20 12:23:29 ******开始【京东账号5】jd_46928899fcc30*********
May 20 12:23:29 
May 20 12:23:29 做任务异常：{"code":"0","errorCode":"HT304","errorMessage":"风控用户无法参与任务~"}
May 20 12:23:33 领奖失败，风控用户无法参与任务~
May 20 12:23:35 未获取到助力码，去开团
May 20 12:23:35 开团失败，错误信息{"respCode":"SG100","pageFlag":0,"popInfo":{"popMsg":"开团失败啦~_请稍后再试吧~","popButtonMsg":"知道了","popButtonEvent":"close"}}
May 20 12:23:36 完成任务失败，风控用户无法参与任务~
May 20 12:23:39 完成任务失败，风控用户无法参与任务~
May 20 12:23:42 完成任务失败，风控用户无法参与任务~
May 20 12:23:45 完成任务失败，风控用户无法参与任务~
May 20 12:23:48 完成任务失败，风控用户无法参与任务~
May 20 12:23:51 领奖失败，风控用户无法参与任务~
May 20 12:23:51 强制开启新版领京豆结果:{"code":"0","errorCode":"SI204","errorMessage":"风控用户无法初始化~"}
May 20 12:23:51 
May 20 12:23:52 
May 20 12:23:52 ******开始【京东账号6】jd_EirxWEerdtmu*********
May 20 12:23:52 
May 20 12:23:52 做任务异常：{"code":"0","errorCode":"HT304","errorMessage":"风控用户无法参与任务~"}
May 20 12:23:56 领奖失败，风控用户无法参与任务~
May 20 12:23:57 未获取到助力码，去开团
May 20 12:23:57 开团失败，错误信息{"respCode":"SG100","pageFlag":0,"popInfo":{"popMsg":"开团失败啦~_请稍后再试吧~","popButtonMsg":"知道了","popButtonEvent":"close"}}
May 20 12:23:58 完成任务失败，风控用户无法参与任务~
May 20 12:24:01 完成任务失败，风控用户无法参与任务~
May 20 12:24:04 完成任务失败，风控用户无法参与任务~
May 20 12:24:08 完成任务失败，风控用户无法参与任务~
May 20 12:24:11 完成任务失败，风控用户无法参与任务~
May 20 12:24:14 领奖失败，风控用户无法参与任务~
May 20 12:24:14 强制开启新版领京豆结果:{"code":"0","errorCode":"SI204","errorMessage":"风控用户无法初始化~"}
May 20 12:24:14 
May 20 12:24:14 
May 20 12:24:14 【抢京豆】 jd_EirxWEerdtmu 去助力排名第一的cookie
May 20 12:24:14 【抢京豆】去助力好友A287D20A628841425BFF18F671118F40
May 20 12:24:14 【抢京豆】不可以为自己助力哦~
May 20 12:24:14 
May 20 12:24:14 【抢京豆】jd_EirxWEerdtmu 去帮助作者
May 20 12:24:14 【抢京豆】jd_EirxWEerdtmu 去助力账号 2
May 20 12:24:14 【抢京豆】去助力好友2B3EAB91DCD5331B423EB119A4D8C52E
May 20 12:24:14 【抢京豆】您已经助力过啦~
May 20 12:24:14 【抢京豆】jd_EirxWEerdtmu 去助力账号 3
May 20 12:24:14 【抢京豆】去助力好友C43D067546FED1D1591EF1CA5DAAD26066030C8A4C7DF812A9F91927420A82C3
May 20 12:24:14 【抢京豆】助力成功
May 20 12:24:14 【抢京豆】jd_EirxWEerdtmu 去助力账号 4
May 20 12:24:14 【抢京豆】去助力好友D02B60515D0AA4D58C222AA73B519F06AD1DAAB9A3E3F6CBAFDE81EEB7393333
May 20 12:24:14 【抢京豆】您今日助力次数已达上限~
May 20 12:24:14 
May 20 12:24:14 【抢京豆】 18337656372_p 去助力排名第一的cookie
May 20 12:24:14 【抢京豆】去助力好友A287D20A628841425BFF18F671118F40
May 20 12:24:15 【抢京豆】助力成功
May 20 12:24:15 
May 20 12:24:15 【抢京豆】18337656372_p 去帮助作者
May 20 12:24:15 【抢京豆】18337656372_p 去助力账号 2
May 20 12:24:15 【抢京豆】去助力好友2B3EAB91DCD5331B423EB119A4D8C52E
May 20 12:24:15 【抢京豆】您今日助力次数已达上限~
May 20 12:24:15 【抢京豆】18337656372_p 去助力账号 3
May 20 12:24:15 【抢京豆】去助力好友C43D067546FED1D1591EF1CA5DAAD26066030C8A4C7DF812A9F91927420A82C3
May 20 12:24:15 【抢京豆】您今日助力次数已达上限~
May 20 12:24:15 【抢京豆】18337656372_p 去助力账号 4
May 20 12:24:15 【抢京豆】去助力好友D02B60515D0AA4D58C222AA73B519F06AD1DAAB9A3E3F6CBAFDE81EEB7393333
May 20 12:24:15 【抢京豆】您今日助力次数已达上限~
May 20 12:24:15 
May 20 12:24:15 【抢京豆】 jd_MCazEJrLyuXn 去助力排名第一的cookie
May 20 12:24:15 【抢京豆】去助力好友A287D20A628841425BFF18F671118F40
May 20 12:24:15 【抢京豆】助力成功
May 20 12:24:15 
May 20 12:24:15 【抢京豆】jd_MCazEJrLyuXn 去帮助作者
May 20 12:24:15 【抢京豆】jd_MCazEJrLyuXn 去助力账号 2
May 20 12:24:15 【抢京豆】去助力好友2B3EAB91DCD5331B423EB119A4D8C52E
May 20 12:24:15 【抢京豆】您今日助力次数已达上限~
May 20 12:24:15 【抢京豆】jd_MCazEJrLyuXn 去助力账号 3
May 20 12:24:15 【抢京豆】去助力好友C43D067546FED1D1591EF1CA5DAAD26066030C8A4C7DF812A9F91927420A82C3
May 20 12:24:15 【抢京豆】您今日助力次数已达上限~
May 20 12:24:15 【抢京豆】jd_MCazEJrLyuXn 去助力账号 4
May 20 12:24:15 【抢京豆】去助力好友D02B60515D0AA4D58C222AA73B519F06AD1DAAB9A3E3F6CBAFDE81EEB7393333
May 20 12:24:15 【抢京豆】您今日助力次数已达上限~
May 20 12:24:15 
May 20 12:24:15 【抢京豆】 鬼神之吕奉先 去助力排名第一的cookie
May 20 12:24:15 【抢京豆】去助力好友A287D20A628841425BFF18F671118F40
May 20 12:24:15 【抢京豆】助力成功
May 20 12:24:15 
May 20 12:24:15 【抢京豆】鬼神之吕奉先 去帮助作者
May 20 12:24:15 【抢京豆】鬼神之吕奉先 去助力账号 2
May 20 12:24:15 【抢京豆】去助力好友2B3EAB91DCD5331B423EB119A4D8C52E
May 20 12:24:16 【抢京豆】您今日助力次数已达上限~
May 20 12:24:16 【抢京豆】鬼神之吕奉先 去助力账号 3
May 20 12:24:16 【抢京豆】去助力好友C43D067546FED1D1591EF1CA5DAAD26066030C8A4C7DF812A9F91927420A82C3
May 20 12:24:16 【抢京豆】您今日助力次数已达上限~
May 20 12:24:16 【抢京豆】鬼神之吕奉先 去助力账号 4
May 20 12:24:16 【抢京豆】去助力好友D02B60515D0AA4D58C222AA73B519F06AD1DAAB9A3E3F6CBAFDE81EEB7393333
May 20 12:24:16 【抢京豆】您今日助力次数已达上限~
May 20 12:24:16 
May 20 12:24:16 【抢京豆】 jd_6ba76f15069fd 去助力排名第一的cookie
May 20 12:24:16 【抢京豆】去助力好友A287D20A628841425BFF18F671118F40
May 20 12:24:16 【抢京豆】活动太火爆啦~请稍后再试~
May 20 12:24:16 
May 20 12:24:16 【抢京豆】jd_6ba76f15069fd 去帮助作者
May 20 12:24:16 【抢京豆】jd_6ba76f15069fd 去助力账号 2
May 20 12:24:16 【抢京豆】去助力好友2B3EAB91DCD5331B423EB119A4D8C52E
May 20 12:24:16 【抢京豆】活动太火爆啦~请稍后再试~
May 20 12:24:16 【抢京豆】jd_6ba76f15069fd 去助力账号 3
May 20 12:24:16 【抢京豆】去助力好友C43D067546FED1D1591EF1CA5DAAD26066030C8A4C7DF812A9F91927420A82C3
May 20 12:24:16 【抢京豆】活动太火爆啦~请稍后再试~
May 20 12:24:16 【抢京豆】jd_6ba76f15069fd 去助力账号 4
May 20 12:24:16 【抢京豆】去助力好友D02B60515D0AA4D58C222AA73B519F06AD1DAAB9A3E3F6CBAFDE81EEB7393333
May 20 12:24:16 【抢京豆】活动太火爆啦~请稍后再试~
May 20 12:24:16 
May 20 12:24:16 【抢京豆】 jd_46928899fcc30 去助力排名第一的cookie
May 20 12:24:16 【抢京豆】去助力好友A287D20A628841425BFF18F671118F40
May 20 12:24:16 【抢京豆】活动太火爆啦~请稍后再试~
May 20 12:24:16 
May 20 12:24:16 【抢京豆】jd_46928899fcc30 去帮助作者
May 20 12:24:16 【抢京豆】jd_46928899fcc30 去助力账号 2
May 20 12:24:16 【抢京豆】去助力好友2B3EAB91DCD5331B423EB119A4D8C52E
May 20 12:24:16 【抢京豆】活动太火爆啦~请稍后再试~
May 20 12:24:16 【抢京豆】jd_46928899fcc30 去助力账号 3
May 20 12:24:16 【抢京豆】去助力好友C43D067546FED1D1591EF1CA5DAAD26066030C8A4C7DF812A9F91927420A82C3
May 20 12:24:17 【抢京豆】活动太火爆啦~请稍后再试~
May 20 12:24:17 【抢京豆】jd_46928899fcc30 去助力账号 4
May 20 12:24:17 【抢京豆】去助力好友D02B60515D0AA4D58C222AA73B519F06AD1DAAB9A3E3F6CBAFDE81EEB7393333
May 20 12:24:17 【抢京豆】活动太火爆啦~请稍后再试~
May 20 12:24:17 
May 20 12:24:17 🔔领京豆额外奖励, 结束! 🕛 76.656 秒
May 20 12:24:17 
