Apr 25 08:39:03 
Apr 25 08:39:03 🔔口袋书店, 开始!
Apr 25 08:39:03 
Apr 25 08:39:03 ====================共6个京东账号Cookie=========
Apr 25 08:39:03 
Apr 25 08:39:03 ==================脚本执行- 北京时间(UTC+8)：4/25/2021, 8:39:03 AM=====================
Apr 25 08:39:03 
Apr 25 08:39:03 开始获取口袋书店配置文件
Apr 25 08:39:03 
Apr 25 08:39:03 共6个京东账号
Apr 25 08:39:03 
Apr 25 08:39:03 您提供了0个账号的口袋书店助力码
Apr 25 08:39:03 
Apr 25 08:39:04 
Apr 25 08:39:04 ******开始【京东账号1】18337656372_p*********
Apr 25 08:39:04 
Apr 25 08:39:04 由于您第1个京东账号未提供shareCode,将采纳本脚本自带的助力码
Apr 25 08:39:04 
Apr 25 08:39:04 第1个京东账号将要助力的好友["28a699ac78d74aa3b31f7103597f8927","2f14ee9c92954cf79829320dd482bf49","fdf827db272543d88dbb51a505c2e869","ce2536153a8742fb9e8754a9a7d361da","38ba4e7ba8074b78851e928af2b4f6b2"]
Apr 25 08:39:05 用户【最初的梦想o】信息获取成功
Apr 25 08:39:05 京东账号1尚未开启口袋书店，请手动开启
Apr 25 08:39:05 
Apr 25 08:39:05 ******开始【京东账号2】jd_MCazEJrLyuXn*********
Apr 25 08:39:05 
Apr 25 08:39:05 由于您第2个京东账号未提供shareCode,将采纳本脚本自带的助力码
Apr 25 08:39:05 
Apr 25 08:39:05 第2个京东账号将要助力的好友["28a699ac78d74aa3b31f7103597f8927","2f14ee9c92954cf79829320dd482bf49","fdf827db272543d88dbb51a505c2e869"]
Apr 25 08:39:07 今日助力情况0/10
Apr 25 08:39:07 SyntaxError: Unexpected end of JSON input
Apr 25 08:39:07     at JSON.parse (<anonymous>)
Apr 25 08:39:07     at safeGet (/scripts/jd_bookshop.js:707:21)
Apr 25 08:39:07     at /scripts/jd_bookshop.js:426:15
Apr 25 08:39:07     at got.post.then.message (/scripts/jd_bookshop.js:729:5772)
Apr 25 08:39:07     at processTicksAndRejections (internal/process/task_queues.js:97:5)
Apr 25 08:39:07 京东服务器访问数据为空，请检查自身设备网络情况
Apr 25 08:39:07 SyntaxError: Unexpected end of JSON input
Apr 25 08:39:07     at JSON.parse (<anonymous>)
Apr 25 08:39:07     at safeGet (/scripts/jd_bookshop.js:707:21)
Apr 25 08:39:07     at /scripts/jd_bookshop.js:481:15
Apr 25 08:39:07     at got.post.then.message (/scripts/jd_bookshop.js:729:5772)
Apr 25 08:39:07     at processTicksAndRejections (internal/process/task_queues.js:97:5)
Apr 25 08:39:07 京东服务器访问数据为空，请检查自身设备网络情况
Apr 25 08:39:07 去助力好友28a699ac78d74aa3b31f7103597f8927
Apr 25 08:39:08 去助力好友2f14ee9c92954cf79829320dd482bf49
Apr 25 08:39:09 去助力好友fdf827db272543d88dbb51a505c2e869
Apr 25 08:39:09 
Apr 25 08:39:09 ******开始【京东账号3】鬼神之吕奉先*********
Apr 25 08:39:09 
Apr 25 08:39:09 由于您第3个京东账号未提供shareCode,将采纳本脚本自带的助力码
Apr 25 08:39:09 
Apr 25 08:39:09 第3个京东账号将要助力的好友["28a699ac78d74aa3b31f7103597f8927","2f14ee9c92954cf79829320dd482bf49","fdf827db272543d88dbb51a505c2e869"]
Apr 25 08:39:10 用户【鬼神之吕奉先】信息获取成功
Apr 25 08:39:11 京东账号3尚未开启口袋书店，请手动开启
Apr 25 08:39:11 
Apr 25 08:39:11 ******开始【京东账号4】jd_6ba76f15069fd*********
Apr 25 08:39:11 
Apr 25 08:39:11 由于您第4个京东账号未提供shareCode,将采纳本脚本自带的助力码
Apr 25 08:39:11 
Apr 25 08:39:11 第4个京东账号将要助力的好友["28a699ac78d74aa3b31f7103597f8927","2f14ee9c92954cf79829320dd482bf49","fdf827db272543d88dbb51a505c2e869"]
Apr 25 08:39:12 用户【jd_189371pwlx】信息获取成功
Apr 25 08:39:13 京东账号4尚未开启口袋书店，请手动开启
Apr 25 08:39:13 
Apr 25 08:39:13 ******开始【京东账号5】jd_46928899fcc30*********
Apr 25 08:39:13 
Apr 25 08:39:13 由于您第5个京东账号未提供shareCode,将采纳本脚本自带的助力码
Apr 25 08:39:13 
Apr 25 08:39:13 第5个京东账号将要助力的好友["28a699ac78d74aa3b31f7103597f8927","2f14ee9c92954cf79829320dd482bf49","fdf827db272543d88dbb51a505c2e869"]
Apr 25 08:39:15 用户【jd_46928899fcc30】信息获取成功
Apr 25 08:39:15 京东账号5尚未开启口袋书店，请手动开启
Apr 25 08:39:15 
Apr 25 08:39:15 ******开始【京东账号6】jd_EirxWEerdtmu*********
Apr 25 08:39:15 
Apr 25 08:39:15 由于您第6个京东账号未提供shareCode,将采纳本脚本自带的助力码
Apr 25 08:39:15 
Apr 25 08:39:15 第6个京东账号将要助力的好友["28a699ac78d74aa3b31f7103597f8927","2f14ee9c92954cf79829320dd482bf49","fdf827db272543d88dbb51a505c2e869"]
Apr 25 08:39:22 用户【jd_EirxWEerdtmu】信息获取成功
Apr 25 08:39:23 京东账号6尚未开启口袋书店，请手动开启
Apr 25 08:39:23 
Apr 25 08:39:23 🔔口袋书店, 结束! 🕛 19.919 秒
Apr 25 08:39:23 
Apr 25 12:39:26 
Apr 25 12:39:26 🔔口袋书店, 开始!
Apr 25 12:39:26 
Apr 25 12:39:26 ====================共6个京东账号Cookie=========
Apr 25 12:39:26 
Apr 25 12:39:26 ==================脚本执行- 北京时间(UTC+8)：4/25/2021, 12:39:26 PM=====================
Apr 25 12:39:26 
Apr 25 12:39:26 开始获取口袋书店配置文件
Apr 25 12:39:26 
Apr 25 12:39:26 共6个京东账号
Apr 25 12:39:26 
Apr 25 12:39:26 您提供了0个账号的口袋书店助力码
Apr 25 12:39:26 
Apr 25 12:39:26 
Apr 25 12:39:26 ******开始【京东账号1】18337656372_p*********
Apr 25 12:39:26 
Apr 25 12:39:26 由于您第1个京东账号未提供shareCode,将采纳本脚本自带的助力码
Apr 25 12:39:26 
Apr 25 12:39:26 第1个京东账号将要助力的好友["28a699ac78d74aa3b31f7103597f8927","2f14ee9c92954cf79829320dd482bf49","fdf827db272543d88dbb51a505c2e869","ce2536153a8742fb9e8754a9a7d361da","38ba4e7ba8074b78851e928af2b4f6b2"]
Apr 25 12:39:27 用户【最初的梦想o】信息获取成功
Apr 25 12:39:27 京东账号1尚未开启口袋书店，请手动开启
Apr 25 12:39:28 
Apr 25 12:39:28 ******开始【京东账号2】jd_MCazEJrLyuXn*********
Apr 25 12:39:28 
Apr 25 12:39:28 由于您第2个京东账号未提供shareCode,将采纳本脚本自带的助力码
Apr 25 12:39:28 
Apr 25 12:39:28 第2个京东账号将要助力的好友["28a699ac78d74aa3b31f7103597f8927","2f14ee9c92954cf79829320dd482bf49","fdf827db272543d88dbb51a505c2e869"]
Apr 25 12:39:30 今日助力情况0/10
Apr 25 12:39:30 SyntaxError: Unexpected end of JSON input
Apr 25 12:39:30     at JSON.parse (<anonymous>)
Apr 25 12:39:30     at safeGet (/scripts/jd_bookshop.js:707:21)
Apr 25 12:39:30     at /scripts/jd_bookshop.js:426:15
Apr 25 12:39:30     at got.post.then.message (/scripts/jd_bookshop.js:729:5772)
Apr 25 12:39:30     at processTicksAndRejections (internal/process/task_queues.js:97:5)
Apr 25 12:39:30 京东服务器访问数据为空，请检查自身设备网络情况
Apr 25 12:39:30 SyntaxError: Unexpected end of JSON input
Apr 25 12:39:30     at JSON.parse (<anonymous>)
Apr 25 12:39:30     at safeGet (/scripts/jd_bookshop.js:707:21)
Apr 25 12:39:30     at /scripts/jd_bookshop.js:481:15
Apr 25 12:39:30     at got.post.then.message (/scripts/jd_bookshop.js:729:5772)
Apr 25 12:39:30     at processTicksAndRejections (internal/process/task_queues.js:97:5)
Apr 25 12:39:30 京东服务器访问数据为空，请检查自身设备网络情况
Apr 25 12:39:30 去助力好友28a699ac78d74aa3b31f7103597f8927
Apr 25 12:39:31 去助力好友2f14ee9c92954cf79829320dd482bf49
Apr 25 12:39:31 去助力好友fdf827db272543d88dbb51a505c2e869
Apr 25 12:39:32 
Apr 25 12:39:32 ******开始【京东账号3】鬼神之吕奉先*********
Apr 25 12:39:32 
Apr 25 12:39:32 由于您第3个京东账号未提供shareCode,将采纳本脚本自带的助力码
Apr 25 12:39:32 
Apr 25 12:39:32 第3个京东账号将要助力的好友["28a699ac78d74aa3b31f7103597f8927","2f14ee9c92954cf79829320dd482bf49","fdf827db272543d88dbb51a505c2e869"]
Apr 25 12:39:33 用户【鬼神之吕奉先】信息获取成功
Apr 25 12:39:34 京东账号3尚未开启口袋书店，请手动开启
Apr 25 12:39:34 
Apr 25 12:39:34 ******开始【京东账号4】jd_6ba76f15069fd*********
Apr 25 12:39:34 
Apr 25 12:39:34 由于您第4个京东账号未提供shareCode,将采纳本脚本自带的助力码
Apr 25 12:39:34 
Apr 25 12:39:34 第4个京东账号将要助力的好友["28a699ac78d74aa3b31f7103597f8927","2f14ee9c92954cf79829320dd482bf49","fdf827db272543d88dbb51a505c2e869"]
Apr 25 12:39:35 用户【jd_189371pwlx】信息获取成功
Apr 25 12:39:35 京东账号4尚未开启口袋书店，请手动开启
Apr 25 12:39:35 
Apr 25 12:39:35 ******开始【京东账号5】jd_46928899fcc30*********
Apr 25 12:39:35 
Apr 25 12:39:35 由于您第5个京东账号未提供shareCode,将采纳本脚本自带的助力码
Apr 25 12:39:35 
Apr 25 12:39:35 第5个京东账号将要助力的好友["28a699ac78d74aa3b31f7103597f8927","2f14ee9c92954cf79829320dd482bf49","fdf827db272543d88dbb51a505c2e869"]
Apr 25 12:39:36 用户【jd_46928899fcc30】信息获取成功
Apr 25 12:39:37 京东账号5尚未开启口袋书店，请手动开启
Apr 25 12:39:37 
Apr 25 12:39:37 ******开始【京东账号6】jd_EirxWEerdtmu*********
Apr 25 12:39:37 
Apr 25 12:39:37 由于您第6个京东账号未提供shareCode,将采纳本脚本自带的助力码
Apr 25 12:39:37 
Apr 25 12:39:37 第6个京东账号将要助力的好友["28a699ac78d74aa3b31f7103597f8927","2f14ee9c92954cf79829320dd482bf49","fdf827db272543d88dbb51a505c2e869"]
Apr 25 12:39:39 用户【jd_EirxWEerdtmu】信息获取成功
Apr 25 12:39:39 京东账号6尚未开启口袋书店，请手动开启
Apr 25 12:39:39 
Apr 25 12:39:39 🔔口袋书店, 结束! 🕛 13.441 秒
Apr 25 12:39:39 
Apr 25 18:38:08 
Apr 25 18:38:08 🔔口袋书店, 开始!
Apr 25 18:38:08 
Apr 25 18:38:08 ====================共6个京东账号Cookie=========
Apr 25 18:38:08 
Apr 25 18:38:08 ==================脚本执行- 北京时间(UTC+8)：4/25/2021, 6:38:08 PM=====================
Apr 25 18:38:08 
Apr 25 18:38:08 开始获取口袋书店配置文件
Apr 25 18:38:08 
Apr 25 18:38:08 共6个京东账号
Apr 25 18:38:08 
Apr 25 18:38:08 您提供了0个账号的口袋书店助力码
Apr 25 18:38:08 
Apr 25 18:38:08 
Apr 25 18:38:08 ******开始【京东账号1】18337656372_p*********
Apr 25 18:38:08 
Apr 25 18:38:08 由于您第1个京东账号未提供shareCode,将采纳本脚本自带的助力码
Apr 25 18:38:08 
Apr 25 18:38:08 第1个京东账号将要助力的好友["28a699ac78d74aa3b31f7103597f8927","2f14ee9c92954cf79829320dd482bf49","fdf827db272543d88dbb51a505c2e869","ce2536153a8742fb9e8754a9a7d361da","38ba4e7ba8074b78851e928af2b4f6b2"]
Apr 25 18:38:09 用户【最初的梦想o】信息获取成功
Apr 25 18:38:12 京东账号1尚未开启口袋书店，请手动开启
Apr 25 18:38:12 
Apr 25 18:38:12 ******开始【京东账号2】jd_MCazEJrLyuXn*********
Apr 25 18:38:12 
Apr 25 18:38:12 由于您第2个京东账号未提供shareCode,将采纳本脚本自带的助力码
Apr 25 18:38:12 
Apr 25 18:38:12 第2个京东账号将要助力的好友["28a699ac78d74aa3b31f7103597f8927","2f14ee9c92954cf79829320dd482bf49","fdf827db272543d88dbb51a505c2e869"]
Apr 25 18:38:13 今日助力情况0/10
Apr 25 18:38:14 SyntaxError: Unexpected end of JSON input
Apr 25 18:38:14     at JSON.parse (<anonymous>)
Apr 25 18:38:14     at safeGet (/scripts/jd_bookshop.js:707:21)
Apr 25 18:38:14     at /scripts/jd_bookshop.js:426:15
Apr 25 18:38:14     at got.post.then.message (/scripts/jd_bookshop.js:729:5772)
Apr 25 18:38:14     at processTicksAndRejections (internal/process/task_queues.js:97:5)
Apr 25 18:38:14 京东服务器访问数据为空，请检查自身设备网络情况
Apr 25 18:38:14 SyntaxError: Unexpected end of JSON input
Apr 25 18:38:14     at JSON.parse (<anonymous>)
Apr 25 18:38:14     at safeGet (/scripts/jd_bookshop.js:707:21)
Apr 25 18:38:14     at /scripts/jd_bookshop.js:481:15
Apr 25 18:38:14     at got.post.then.message (/scripts/jd_bookshop.js:729:5772)
Apr 25 18:38:14     at processTicksAndRejections (internal/process/task_queues.js:97:5)
Apr 25 18:38:14 京东服务器访问数据为空，请检查自身设备网络情况
Apr 25 18:38:14 去助力好友28a699ac78d74aa3b31f7103597f8927
Apr 25 18:38:14 去助力好友2f14ee9c92954cf79829320dd482bf49
Apr 25 18:38:15 去助力好友fdf827db272543d88dbb51a505c2e869
Apr 25 18:38:16 
Apr 25 18:38:16 ******开始【京东账号3】鬼神之吕奉先*********
Apr 25 18:38:16 
Apr 25 18:38:16 由于您第3个京东账号未提供shareCode,将采纳本脚本自带的助力码
Apr 25 18:38:16 
Apr 25 18:38:16 第3个京东账号将要助力的好友["28a699ac78d74aa3b31f7103597f8927","2f14ee9c92954cf79829320dd482bf49","fdf827db272543d88dbb51a505c2e869"]
Apr 25 18:38:17 用户【鬼神之吕奉先】信息获取成功
Apr 25 18:38:17 京东账号3尚未开启口袋书店，请手动开启
Apr 25 18:38:17 
Apr 25 18:38:17 ******开始【京东账号4】jd_6ba76f15069fd*********
Apr 25 18:38:17 
Apr 25 18:38:17 由于您第4个京东账号未提供shareCode,将采纳本脚本自带的助力码
Apr 25 18:38:17 
Apr 25 18:38:17 第4个京东账号将要助力的好友["28a699ac78d74aa3b31f7103597f8927","2f14ee9c92954cf79829320dd482bf49","fdf827db272543d88dbb51a505c2e869"]
Apr 25 18:38:18 用户【jd_189371pwlx】信息获取成功
Apr 25 18:38:19 京东账号4尚未开启口袋书店，请手动开启
Apr 25 18:38:19 
Apr 25 18:38:19 ******开始【京东账号5】jd_46928899fcc30*********
Apr 25 18:38:19 
Apr 25 18:38:19 由于您第5个京东账号未提供shareCode,将采纳本脚本自带的助力码
Apr 25 18:38:19 
Apr 25 18:38:19 第5个京东账号将要助力的好友["28a699ac78d74aa3b31f7103597f8927","2f14ee9c92954cf79829320dd482bf49","fdf827db272543d88dbb51a505c2e869"]
Apr 25 18:38:20 用户【jd_46928899fcc30】信息获取成功
Apr 25 18:38:21 京东账号5尚未开启口袋书店，请手动开启
Apr 25 18:38:21 
Apr 25 18:38:21 ******开始【京东账号6】jd_EirxWEerdtmu*********
Apr 25 18:38:21 
Apr 25 18:38:21 由于您第6个京东账号未提供shareCode,将采纳本脚本自带的助力码
Apr 25 18:38:21 
Apr 25 18:38:21 第6个京东账号将要助力的好友["28a699ac78d74aa3b31f7103597f8927","2f14ee9c92954cf79829320dd482bf49","fdf827db272543d88dbb51a505c2e869"]
Apr 25 18:38:27 用户【jd_EirxWEerdtmu】信息获取成功
Apr 25 18:38:27 京东账号6尚未开启口袋书店，请手动开启
Apr 25 18:38:27 
Apr 25 18:38:27 🔔口袋书店, 结束! 🕛 19.666 秒
Apr 25 18:38:27 
Apr 26 08:39:16 
Apr 26 08:39:16 🔔口袋书店, 开始!
Apr 26 08:39:16 
Apr 26 08:39:16 ====================共6个京东账号Cookie=========
Apr 26 08:39:16 
Apr 26 08:39:16 ==================脚本执行- 北京时间(UTC+8)：4/26/2021, 8:39:16 AM=====================
Apr 26 08:39:16 
Apr 26 08:39:16 开始获取口袋书店配置文件
Apr 26 08:39:16 
Apr 26 08:39:16 共6个京东账号
Apr 26 08:39:16 
Apr 26 08:39:16 您提供了0个账号的口袋书店助力码
Apr 26 08:39:16 
Apr 26 08:39:17 
Apr 26 08:39:17 ******开始【京东账号1】18337656372_p*********
Apr 26 08:39:17 
Apr 26 08:39:17 由于您第1个京东账号未提供shareCode,将采纳本脚本自带的助力码
Apr 26 08:39:17 
Apr 26 08:39:17 第1个京东账号将要助力的好友["28a699ac78d74aa3b31f7103597f8927","2f14ee9c92954cf79829320dd482bf49","fdf827db272543d88dbb51a505c2e869","ce2536153a8742fb9e8754a9a7d361da","38ba4e7ba8074b78851e928af2b4f6b2"]
Apr 26 08:39:18 用户【最初的梦想o】信息获取成功
Apr 26 08:39:18 京东账号1尚未开启口袋书店，请手动开启
Apr 26 08:39:18 
Apr 26 08:39:18 ******开始【京东账号2】jd_MCazEJrLyuXn*********
Apr 26 08:39:18 
Apr 26 08:39:18 由于您第2个京东账号未提供shareCode,将采纳本脚本自带的助力码
Apr 26 08:39:18 
Apr 26 08:39:18 第2个京东账号将要助力的好友["28a699ac78d74aa3b31f7103597f8927","2f14ee9c92954cf79829320dd482bf49","fdf827db272543d88dbb51a505c2e869"]
Apr 26 08:39:19 今日助力情况0/10
Apr 26 08:39:20 SyntaxError: Unexpected end of JSON input
Apr 26 08:39:20     at JSON.parse (<anonymous>)
Apr 26 08:39:20     at safeGet (/scripts/jd_bookshop.js:707:21)
Apr 26 08:39:20     at /scripts/jd_bookshop.js:426:15
Apr 26 08:39:20     at got.post.then.message (/scripts/jd_bookshop.js:729:5772)
Apr 26 08:39:20     at processTicksAndRejections (internal/process/task_queues.js:97:5)
Apr 26 08:39:20 京东服务器访问数据为空，请检查自身设备网络情况
Apr 26 08:39:20 SyntaxError: Unexpected end of JSON input
Apr 26 08:39:20     at JSON.parse (<anonymous>)
Apr 26 08:39:20     at safeGet (/scripts/jd_bookshop.js:707:21)
Apr 26 08:39:20     at /scripts/jd_bookshop.js:481:15
Apr 26 08:39:20     at got.post.then.message (/scripts/jd_bookshop.js:729:5772)
Apr 26 08:39:20     at processTicksAndRejections (internal/process/task_queues.js:97:5)
Apr 26 08:39:20 京东服务器访问数据为空，请检查自身设备网络情况
Apr 26 08:39:20 去助力好友28a699ac78d74aa3b31f7103597f8927
Apr 26 08:39:20 去助力好友2f14ee9c92954cf79829320dd482bf49
Apr 26 08:39:21 去助力好友fdf827db272543d88dbb51a505c2e869
Apr 26 08:39:22 
Apr 26 08:39:22 ******开始【京东账号3】鬼神之吕奉先*********
Apr 26 08:39:22 
Apr 26 08:39:22 由于您第3个京东账号未提供shareCode,将采纳本脚本自带的助力码
Apr 26 08:39:22 
Apr 26 08:39:22 第3个京东账号将要助力的好友["28a699ac78d74aa3b31f7103597f8927","2f14ee9c92954cf79829320dd482bf49","fdf827db272543d88dbb51a505c2e869"]
Apr 26 08:39:23 用户【鬼神之吕奉先】信息获取成功
Apr 26 08:39:23 京东账号3尚未开启口袋书店，请手动开启
Apr 26 08:39:24 
Apr 26 08:39:24 ******开始【京东账号4】jd_6ba76f15069fd*********
Apr 26 08:39:24 
Apr 26 08:39:24 由于您第4个京东账号未提供shareCode,将采纳本脚本自带的助力码
Apr 26 08:39:24 
Apr 26 08:39:24 第4个京东账号将要助力的好友["28a699ac78d74aa3b31f7103597f8927","2f14ee9c92954cf79829320dd482bf49","fdf827db272543d88dbb51a505c2e869"]
Apr 26 08:39:25 用户【jd_189371pwlx】信息获取成功
Apr 26 08:39:25 京东账号4尚未开启口袋书店，请手动开启
Apr 26 08:39:25 
Apr 26 08:39:25 ******开始【京东账号5】jd_46928899fcc30*********
Apr 26 08:39:25 
Apr 26 08:39:25 由于您第5个京东账号未提供shareCode,将采纳本脚本自带的助力码
Apr 26 08:39:25 
Apr 26 08:39:25 第5个京东账号将要助力的好友["28a699ac78d74aa3b31f7103597f8927","2f14ee9c92954cf79829320dd482bf49","fdf827db272543d88dbb51a505c2e869"]
Apr 26 08:39:32 用户【jd_46928899fcc30】信息获取成功
Apr 26 08:39:32 京东账号5尚未开启口袋书店，请手动开启
Apr 26 08:39:32 
Apr 26 08:39:32 ******开始【京东账号6】jd_EirxWEerdtmu*********
Apr 26 08:39:32 
Apr 26 08:39:32 由于您第6个京东账号未提供shareCode,将采纳本脚本自带的助力码
Apr 26 08:39:32 
Apr 26 08:39:32 第6个京东账号将要助力的好友["28a699ac78d74aa3b31f7103597f8927","2f14ee9c92954cf79829320dd482bf49","fdf827db272543d88dbb51a505c2e869"]
Apr 26 08:39:33 用户【jd_EirxWEerdtmu】信息获取成功
Apr 26 08:39:34 京东账号6尚未开启口袋书店，请手动开启
Apr 26 08:39:34 
Apr 26 08:39:34 🔔口袋书店, 结束! 🕛 17.339 秒
Apr 26 08:39:34 
Apr 26 12:39:21 
Apr 26 12:39:21 🔔口袋书店, 开始!
Apr 26 12:39:21 
Apr 26 12:39:21 ====================共6个京东账号Cookie=========
Apr 26 12:39:21 
Apr 26 12:39:21 ==================脚本执行- 北京时间(UTC+8)：4/26/2021, 12:39:21 PM=====================
Apr 26 12:39:21 
Apr 26 12:39:21 开始获取口袋书店配置文件
Apr 26 12:39:21 
Apr 26 12:39:21 共6个京东账号
Apr 26 12:39:21 
Apr 26 12:39:21 您提供了0个账号的口袋书店助力码
Apr 26 12:39:21 
Apr 26 12:39:21 
Apr 26 12:39:21 ******开始【京东账号1】18337656372_p*********
Apr 26 12:39:21 
Apr 26 12:39:21 由于您第1个京东账号未提供shareCode,将采纳本脚本自带的助力码
Apr 26 12:39:21 
Apr 26 12:39:21 第1个京东账号将要助力的好友["28a699ac78d74aa3b31f7103597f8927","2f14ee9c92954cf79829320dd482bf49","fdf827db272543d88dbb51a505c2e869","ce2536153a8742fb9e8754a9a7d361da","38ba4e7ba8074b78851e928af2b4f6b2"]
Apr 26 12:39:23 用户【最初的梦想o】信息获取成功
Apr 26 12:39:23 京东账号1尚未开启口袋书店，请手动开启
Apr 26 12:39:23 
Apr 26 12:39:23 ******开始【京东账号2】jd_MCazEJrLyuXn*********
Apr 26 12:39:23 
Apr 26 12:39:23 由于您第2个京东账号未提供shareCode,将采纳本脚本自带的助力码
Apr 26 12:39:23 
Apr 26 12:39:23 第2个京东账号将要助力的好友["28a699ac78d74aa3b31f7103597f8927","2f14ee9c92954cf79829320dd482bf49","fdf827db272543d88dbb51a505c2e869"]
Apr 26 12:39:24 今日助力情况0/10
Apr 26 12:39:24 SyntaxError: Unexpected end of JSON input
Apr 26 12:39:24     at JSON.parse (<anonymous>)
Apr 26 12:39:24     at safeGet (/scripts/jd_bookshop.js:707:21)
Apr 26 12:39:24     at /scripts/jd_bookshop.js:426:15
Apr 26 12:39:24     at got.post.then.message (/scripts/jd_bookshop.js:729:5772)
Apr 26 12:39:24     at processTicksAndRejections (internal/process/task_queues.js:97:5)
Apr 26 12:39:24 京东服务器访问数据为空，请检查自身设备网络情况
Apr 26 12:39:25 SyntaxError: Unexpected end of JSON input
Apr 26 12:39:25     at JSON.parse (<anonymous>)
Apr 26 12:39:25     at safeGet (/scripts/jd_bookshop.js:707:21)
Apr 26 12:39:25     at /scripts/jd_bookshop.js:481:15
Apr 26 12:39:25     at got.post.then.message (/scripts/jd_bookshop.js:729:5772)
Apr 26 12:39:25     at processTicksAndRejections (internal/process/task_queues.js:97:5)
Apr 26 12:39:25 京东服务器访问数据为空，请检查自身设备网络情况
Apr 26 12:39:25 去助力好友28a699ac78d74aa3b31f7103597f8927
Apr 26 12:39:25 去助力好友2f14ee9c92954cf79829320dd482bf49
Apr 26 12:39:26 去助力好友fdf827db272543d88dbb51a505c2e869
Apr 26 12:39:27 
Apr 26 12:39:27 ******开始【京东账号3】鬼神之吕奉先*********
Apr 26 12:39:27 
Apr 26 12:39:27 由于您第3个京东账号未提供shareCode,将采纳本脚本自带的助力码
Apr 26 12:39:27 
Apr 26 12:39:27 第3个京东账号将要助力的好友["28a699ac78d74aa3b31f7103597f8927","2f14ee9c92954cf79829320dd482bf49","fdf827db272543d88dbb51a505c2e869"]
Apr 26 12:39:29 用户【鬼神之吕奉先】信息获取成功
Apr 26 12:39:29 京东账号3尚未开启口袋书店，请手动开启
Apr 26 12:39:29 
Apr 26 12:39:29 ******开始【京东账号4】jd_6ba76f15069fd*********
Apr 26 12:39:29 
Apr 26 12:39:29 由于您第4个京东账号未提供shareCode,将采纳本脚本自带的助力码
Apr 26 12:39:29 
Apr 26 12:39:29 第4个京东账号将要助力的好友["28a699ac78d74aa3b31f7103597f8927","2f14ee9c92954cf79829320dd482bf49","fdf827db272543d88dbb51a505c2e869"]
Apr 26 12:39:30 用户【jd_189371pwlx】信息获取成功
Apr 26 12:39:31 京东账号4尚未开启口袋书店，请手动开启
Apr 26 12:39:31 
Apr 26 12:39:31 ******开始【京东账号5】jd_46928899fcc30*********
Apr 26 12:39:31 
Apr 26 12:39:31 由于您第5个京东账号未提供shareCode,将采纳本脚本自带的助力码
Apr 26 12:39:31 
Apr 26 12:39:31 第5个京东账号将要助力的好友["28a699ac78d74aa3b31f7103597f8927","2f14ee9c92954cf79829320dd482bf49","fdf827db272543d88dbb51a505c2e869"]
Apr 26 12:39:32 用户【jd_46928899fcc30】信息获取成功
Apr 26 12:39:33 京东账号5尚未开启口袋书店，请手动开启
Apr 26 12:39:33 
Apr 26 12:39:33 ******开始【京东账号6】jd_EirxWEerdtmu*********
Apr 26 12:39:33 
Apr 26 12:39:33 由于您第6个京东账号未提供shareCode,将采纳本脚本自带的助力码
Apr 26 12:39:33 
Apr 26 12:39:33 第6个京东账号将要助力的好友["28a699ac78d74aa3b31f7103597f8927","2f14ee9c92954cf79829320dd482bf49","fdf827db272543d88dbb51a505c2e869"]
Apr 26 12:39:34 用户【jd_EirxWEerdtmu】信息获取成功
Apr 26 12:39:35 京东账号6尚未开启口袋书店，请手动开启
Apr 26 12:39:35 
Apr 26 12:39:35 🔔口袋书店, 结束! 🕛 13.807 秒
Apr 26 12:39:35 
Apr 26 18:39:00 
Apr 26 18:39:00 🔔口袋书店, 开始!
Apr 26 18:39:00 
Apr 26 18:39:00 ====================共6个京东账号Cookie=========
Apr 26 18:39:00 
Apr 26 18:39:00 ==================脚本执行- 北京时间(UTC+8)：4/26/2021, 6:39:00 PM=====================
Apr 26 18:39:00 
Apr 26 18:39:00 开始获取口袋书店配置文件
Apr 26 18:39:00 
Apr 26 18:39:00 共6个京东账号
Apr 26 18:39:00 
Apr 26 18:39:00 您提供了0个账号的口袋书店助力码
Apr 26 18:39:00 
Apr 26 18:39:00 
Apr 26 18:39:00 ******开始【京东账号1】18337656372_p*********
Apr 26 18:39:00 
Apr 26 18:39:00 由于您第1个京东账号未提供shareCode,将采纳本脚本自带的助力码
Apr 26 18:39:00 
Apr 26 18:39:00 第1个京东账号将要助力的好友["28a699ac78d74aa3b31f7103597f8927","2f14ee9c92954cf79829320dd482bf49","fdf827db272543d88dbb51a505c2e869","ce2536153a8742fb9e8754a9a7d361da","38ba4e7ba8074b78851e928af2b4f6b2"]
Apr 26 18:39:01 用户【最初的梦想o】信息获取成功
Apr 26 18:39:01 京东账号1尚未开启口袋书店，请手动开启
Apr 26 18:39:01 
Apr 26 18:39:01 ******开始【京东账号2】jd_MCazEJrLyuXn*********
Apr 26 18:39:01 
Apr 26 18:39:01 由于您第2个京东账号未提供shareCode,将采纳本脚本自带的助力码
Apr 26 18:39:01 
Apr 26 18:39:01 第2个京东账号将要助力的好友["28a699ac78d74aa3b31f7103597f8927","2f14ee9c92954cf79829320dd482bf49","fdf827db272543d88dbb51a505c2e869"]
Apr 26 18:39:02 今日助力情况0/10
Apr 26 18:39:03 SyntaxError: Unexpected end of JSON input
Apr 26 18:39:03     at JSON.parse (<anonymous>)
Apr 26 18:39:03     at safeGet (/scripts/jd_bookshop.js:707:21)
Apr 26 18:39:03     at /scripts/jd_bookshop.js:426:15
Apr 26 18:39:03     at got.post.then.message (/scripts/jd_bookshop.js:729:5772)
Apr 26 18:39:03     at processTicksAndRejections (internal/process/task_queues.js:97:5)
Apr 26 18:39:03 京东服务器访问数据为空，请检查自身设备网络情况
Apr 26 18:39:03 SyntaxError: Unexpected end of JSON input
Apr 26 18:39:03     at JSON.parse (<anonymous>)
Apr 26 18:39:03     at safeGet (/scripts/jd_bookshop.js:707:21)
Apr 26 18:39:03     at /scripts/jd_bookshop.js:481:15
Apr 26 18:39:03     at got.post.then.message (/scripts/jd_bookshop.js:729:5772)
Apr 26 18:39:03     at processTicksAndRejections (internal/process/task_queues.js:97:5)
Apr 26 18:39:03 京东服务器访问数据为空，请检查自身设备网络情况
Apr 26 18:39:03 去助力好友28a699ac78d74aa3b31f7103597f8927
Apr 26 18:39:03 去助力好友2f14ee9c92954cf79829320dd482bf49
Apr 26 18:39:04 去助力好友fdf827db272543d88dbb51a505c2e869
Apr 26 18:39:05 
Apr 26 18:39:05 ******开始【京东账号3】鬼神之吕奉先*********
Apr 26 18:39:05 
Apr 26 18:39:05 由于您第3个京东账号未提供shareCode,将采纳本脚本自带的助力码
Apr 26 18:39:05 
Apr 26 18:39:05 第3个京东账号将要助力的好友["28a699ac78d74aa3b31f7103597f8927","2f14ee9c92954cf79829320dd482bf49","fdf827db272543d88dbb51a505c2e869"]
Apr 26 18:39:12 用户【鬼神之吕奉先】信息获取成功
Apr 26 18:39:12 京东账号3尚未开启口袋书店，请手动开启
Apr 26 18:39:12 
Apr 26 18:39:12 ******开始【京东账号4】jd_6ba76f15069fd*********
Apr 26 18:39:12 
Apr 26 18:39:12 由于您第4个京东账号未提供shareCode,将采纳本脚本自带的助力码
Apr 26 18:39:12 
Apr 26 18:39:12 第4个京东账号将要助力的好友["28a699ac78d74aa3b31f7103597f8927","2f14ee9c92954cf79829320dd482bf49","fdf827db272543d88dbb51a505c2e869"]
Apr 26 18:39:13 用户【jd_189371pwlx】信息获取成功
Apr 26 18:39:13 京东账号4尚未开启口袋书店，请手动开启
Apr 26 18:39:13 
Apr 26 18:39:13 ******开始【京东账号5】jd_46928899fcc30*********
Apr 26 18:39:13 
Apr 26 18:39:13 由于您第5个京东账号未提供shareCode,将采纳本脚本自带的助力码
Apr 26 18:39:13 
Apr 26 18:39:13 第5个京东账号将要助力的好友["28a699ac78d74aa3b31f7103597f8927","2f14ee9c92954cf79829320dd482bf49","fdf827db272543d88dbb51a505c2e869"]
Apr 26 18:39:16 用户【jd_46928899fcc30】信息获取成功
Apr 26 18:39:16 京东账号5尚未开启口袋书店，请手动开启
Apr 26 18:39:16 
Apr 26 18:39:16 ******开始【京东账号6】jd_EirxWEerdtmu*********
Apr 26 18:39:16 
Apr 26 18:39:16 由于您第6个京东账号未提供shareCode,将采纳本脚本自带的助力码
Apr 26 18:39:16 
Apr 26 18:39:16 第6个京东账号将要助力的好友["28a699ac78d74aa3b31f7103597f8927","2f14ee9c92954cf79829320dd482bf49","fdf827db272543d88dbb51a505c2e869"]
Apr 26 18:39:17 用户【jd_EirxWEerdtmu】信息获取成功
Apr 26 18:39:17 京东账号6尚未开启口袋书店，请手动开启
Apr 26 18:39:17 
Apr 26 18:39:17 🔔口袋书店, 结束! 🕛 17.754 秒
Apr 26 18:39:17 
Apr 27 08:39:10 
Apr 27 08:39:10 🔔口袋书店, 开始!
Apr 27 08:39:10 
Apr 27 08:39:10 ====================共6个京东账号Cookie=========
Apr 27 08:39:10 
Apr 27 08:39:10 ==================脚本执行- 北京时间(UTC+8)：4/27/2021, 8:39:10 AM=====================
Apr 27 08:39:10 
Apr 27 08:39:10 开始获取口袋书店配置文件
Apr 27 08:39:10 
Apr 27 08:39:10 共6个京东账号
Apr 27 08:39:10 
Apr 27 08:39:10 您提供了0个账号的口袋书店助力码
Apr 27 08:39:10 
Apr 27 08:39:10 
Apr 27 08:39:10 ******开始【京东账号1】18337656372_p*********
Apr 27 08:39:10 
Apr 27 08:39:10 由于您第1个京东账号未提供shareCode,将采纳本脚本自带的助力码
Apr 27 08:39:10 
Apr 27 08:39:10 第1个京东账号将要助力的好友["28a699ac78d74aa3b31f7103597f8927","2f14ee9c92954cf79829320dd482bf49","fdf827db272543d88dbb51a505c2e869","ce2536153a8742fb9e8754a9a7d361da","38ba4e7ba8074b78851e928af2b4f6b2"]
Apr 27 08:39:12 用户【最初的梦想o】信息获取成功
Apr 27 08:39:12 京东账号1尚未开启口袋书店，请手动开启
Apr 27 08:39:12 
Apr 27 08:39:12 ******开始【京东账号2】jd_MCazEJrLyuXn*********
Apr 27 08:39:12 
Apr 27 08:39:12 由于您第2个京东账号未提供shareCode,将采纳本脚本自带的助力码
Apr 27 08:39:12 
Apr 27 08:39:12 第2个京东账号将要助力的好友["28a699ac78d74aa3b31f7103597f8927","2f14ee9c92954cf79829320dd482bf49","fdf827db272543d88dbb51a505c2e869"]
Apr 27 08:39:16 今日助力情况0/10
Apr 27 08:39:16 SyntaxError: Unexpected end of JSON input
Apr 27 08:39:16     at JSON.parse (<anonymous>)
Apr 27 08:39:16     at safeGet (/scripts/jd_bookshop.js:707:21)
Apr 27 08:39:16     at /scripts/jd_bookshop.js:426:15
Apr 27 08:39:16     at got.post.then.message (/scripts/jd_bookshop.js:729:5772)
Apr 27 08:39:16     at processTicksAndRejections (internal/process/task_queues.js:97:5)
Apr 27 08:39:16 京东服务器访问数据为空，请检查自身设备网络情况
Apr 27 08:39:16 SyntaxError: Unexpected end of JSON input
Apr 27 08:39:16     at JSON.parse (<anonymous>)
Apr 27 08:39:16     at safeGet (/scripts/jd_bookshop.js:707:21)
Apr 27 08:39:16     at /scripts/jd_bookshop.js:481:15
Apr 27 08:39:16     at got.post.then.message (/scripts/jd_bookshop.js:729:5772)
Apr 27 08:39:16     at processTicksAndRejections (internal/process/task_queues.js:97:5)
Apr 27 08:39:16 京东服务器访问数据为空，请检查自身设备网络情况
Apr 27 08:39:16 去助力好友28a699ac78d74aa3b31f7103597f8927
Apr 27 08:39:17 去助力好友2f14ee9c92954cf79829320dd482bf49
Apr 27 08:39:18 去助力好友fdf827db272543d88dbb51a505c2e869
Apr 27 08:39:18 
Apr 27 08:39:18 ******开始【京东账号3】鬼神之吕奉先*********
Apr 27 08:39:18 
Apr 27 08:39:18 由于您第3个京东账号未提供shareCode,将采纳本脚本自带的助力码
Apr 27 08:39:18 
Apr 27 08:39:18 第3个京东账号将要助力的好友["28a699ac78d74aa3b31f7103597f8927","2f14ee9c92954cf79829320dd482bf49","fdf827db272543d88dbb51a505c2e869"]
Apr 27 08:39:20 用户【鬼神之吕奉先】信息获取成功
Apr 27 08:39:20 京东账号3尚未开启口袋书店，请手动开启
Apr 27 08:39:20 
Apr 27 08:39:20 ******开始【京东账号4】jd_6ba76f15069fd*********
Apr 27 08:39:20 
Apr 27 08:39:20 由于您第4个京东账号未提供shareCode,将采纳本脚本自带的助力码
Apr 27 08:39:20 
Apr 27 08:39:20 第4个京东账号将要助力的好友["28a699ac78d74aa3b31f7103597f8927","2f14ee9c92954cf79829320dd482bf49","fdf827db272543d88dbb51a505c2e869"]
Apr 27 08:39:21 用户【jd_189371pwlx】信息获取成功
Apr 27 08:39:21 京东账号4尚未开启口袋书店，请手动开启
Apr 27 08:39:22 
Apr 27 08:39:22 ******开始【京东账号5】jd_46928899fcc30*********
Apr 27 08:39:22 
Apr 27 08:39:22 由于您第5个京东账号未提供shareCode,将采纳本脚本自带的助力码
Apr 27 08:39:22 
Apr 27 08:39:22 第5个京东账号将要助力的好友["28a699ac78d74aa3b31f7103597f8927","2f14ee9c92954cf79829320dd482bf49","fdf827db272543d88dbb51a505c2e869"]
Apr 27 08:39:22 用户【jd_46928899fcc30】信息获取成功
Apr 27 08:39:23 京东账号5尚未开启口袋书店，请手动开启
Apr 27 08:39:23 
Apr 27 08:39:23 ******开始【京东账号6】jd_EirxWEerdtmu*********
Apr 27 08:39:23 
Apr 27 08:39:23 由于您第6个京东账号未提供shareCode,将采纳本脚本自带的助力码
Apr 27 08:39:23 
Apr 27 08:39:23 第6个京东账号将要助力的好友["28a699ac78d74aa3b31f7103597f8927","2f14ee9c92954cf79829320dd482bf49","fdf827db272543d88dbb51a505c2e869"]
Apr 27 08:39:24 用户【jd_EirxWEerdtmu】信息获取成功
Apr 27 08:39:24 京东账号6尚未开启口袋书店，请手动开启
Apr 27 08:39:24 
Apr 27 08:39:24 🔔口袋书店, 结束! 🕛 14.391 秒
Apr 27 08:39:24 
May 20 12:38:00 
May 20 12:38:00 🔔口袋书店, 开始!
May 20 12:38:00 
May 20 12:38:00 ====================共6个京东账号Cookie=========
May 20 12:38:00 
May 20 12:38:00 ==================脚本执行- 北京时间(UTC+8)：5/20/2021, 12:38:00 PM=====================
May 20 12:38:00 
May 20 12:38:00 开始获取口袋书店配置文件
May 20 12:38:00 
May 20 12:38:00 共6个京东账号
May 20 12:38:00 
May 20 12:38:00 您提供了0个账号的口袋书店助力码
May 20 12:38:00 
May 20 12:38:00 
May 20 12:38:00 ******开始【京东账号1】18337656372_p*********
May 20 12:38:00 
May 20 12:38:00 由于您第1个京东账号未提供shareCode,将采纳本脚本自带的助力码
May 20 12:38:00 
May 20 12:38:00 第1个京东账号将要助力的好友["28a699ac78d74aa3b31f7103597f8927","2f14ee9c92954cf79829320dd482bf49","fdf827db272543d88dbb51a505c2e869","ce2536153a8742fb9e8754a9a7d361da","38ba4e7ba8074b78851e928af2b4f6b2"]
May 20 12:38:01 用户【最初的梦想o】信息获取成功
May 20 12:38:01 京东账号1尚未开启口袋书店，请手动开启
May 20 12:38:01 
May 20 12:38:01 提示：从五月份开始，需要手动进入一下活动页面。不然即使是开启了这个活动。跑脚本也提示未开启活动
May 20 12:38:01 
May 20 12:38:02 
May 20 12:38:02 ******开始【京东账号2】jd_MCazEJrLyuXn*********
May 20 12:38:02 
May 20 12:38:02 由于您第2个京东账号未提供shareCode,将采纳本脚本自带的助力码
May 20 12:38:02 
May 20 12:38:02 第2个京东账号将要助力的好友["28a699ac78d74aa3b31f7103597f8927","2f14ee9c92954cf79829320dd482bf49","fdf827db272543d88dbb51a505c2e869"]
May 20 12:38:02 用户【jd_MCazEJrLyuXn】信息获取成功
May 20 12:38:03 京东账号2尚未开启口袋书店，请手动开启
May 20 12:38:03 
May 20 12:38:03 提示：从五月份开始，需要手动进入一下活动页面。不然即使是开启了这个活动。跑脚本也提示未开启活动
May 20 12:38:03 
May 20 12:38:03 
May 20 12:38:03 ******开始【京东账号3】鬼神之吕奉先*********
May 20 12:38:03 
May 20 12:38:03 由于您第3个京东账号未提供shareCode,将采纳本脚本自带的助力码
May 20 12:38:03 
May 20 12:38:03 第3个京东账号将要助力的好友["28a699ac78d74aa3b31f7103597f8927","2f14ee9c92954cf79829320dd482bf49","fdf827db272543d88dbb51a505c2e869"]
May 20 12:38:03 用户【鬼神之吕奉先】信息获取成功
May 20 12:38:04 京东账号3尚未开启口袋书店，请手动开启
May 20 12:38:04 
May 20 12:38:04 提示：从五月份开始，需要手动进入一下活动页面。不然即使是开启了这个活动。跑脚本也提示未开启活动
May 20 12:38:04 
May 20 12:38:04 
May 20 12:38:04 ******开始【京东账号4】jd_6ba76f15069fd*********
May 20 12:38:04 
May 20 12:38:04 由于您第4个京东账号未提供shareCode,将采纳本脚本自带的助力码
May 20 12:38:04 
May 20 12:38:04 第4个京东账号将要助力的好友["28a699ac78d74aa3b31f7103597f8927","2f14ee9c92954cf79829320dd482bf49","fdf827db272543d88dbb51a505c2e869"]
May 20 12:38:05 用户【jd_189371pwlx】信息获取成功
May 20 12:38:05 京东账号4尚未开启口袋书店，请手动开启
May 20 12:38:05 
May 20 12:38:05 提示：从五月份开始，需要手动进入一下活动页面。不然即使是开启了这个活动。跑脚本也提示未开启活动
May 20 12:38:05 
May 20 12:38:05 
May 20 12:38:05 ******开始【京东账号5】jd_46928899fcc30*********
May 20 12:38:05 
May 20 12:38:05 由于您第5个京东账号未提供shareCode,将采纳本脚本自带的助力码
May 20 12:38:05 
May 20 12:38:05 第5个京东账号将要助力的好友["28a699ac78d74aa3b31f7103597f8927","2f14ee9c92954cf79829320dd482bf49","fdf827db272543d88dbb51a505c2e869"]
May 20 12:38:06 用户【jd_46928899fcc30】信息获取成功
May 20 12:38:06 京东账号5尚未开启口袋书店，请手动开启
May 20 12:38:06 
May 20 12:38:06 提示：从五月份开始，需要手动进入一下活动页面。不然即使是开启了这个活动。跑脚本也提示未开启活动
May 20 12:38:06 
May 20 12:38:06 
May 20 12:38:06 ******开始【京东账号6】jd_EirxWEerdtmu*********
May 20 12:38:06 
May 20 12:38:06 由于您第6个京东账号未提供shareCode,将采纳本脚本自带的助力码
May 20 12:38:06 
May 20 12:38:06 第6个京东账号将要助力的好友["28a699ac78d74aa3b31f7103597f8927","2f14ee9c92954cf79829320dd482bf49","fdf827db272543d88dbb51a505c2e869"]
May 20 12:38:07 用户【jd_EirxWEerdtmu】信息获取成功
May 20 12:38:07 京东账号6尚未开启口袋书店，请手动开启
May 20 12:38:07 
May 20 12:38:07 提示：从五月份开始，需要手动进入一下活动页面。不然即使是开启了这个活动。跑脚本也提示未开启活动
May 20 12:38:07 
May 20 12:38:07 
May 20 12:38:07 🔔口袋书店, 结束! 🕛 7.096 秒
May 20 12:38:07 
