Apr 25 00:00:01 
Apr 25 00:00:01 🔔东东超市兑换奖品, 开始!
Apr 25 00:00:01 
Apr 25 00:00:01 ====================共6个京东账号Cookie=========
Apr 25 00:00:01 
Apr 25 00:00:01 ==================脚本执行- 北京时间(UTC+8)：4/25/2021, 12:00:01 AM=====================
Apr 25 00:00:01 
Apr 25 00:00:01 
Apr 25 00:00:01 ****开始【京东账号1】18337656372_p****
Apr 25 00:00:01 
Apr 25 00:00:01 【总蓝币】626531个
Apr 25 00:00:01 
Apr 25 00:00:02 查询换超值京豆包(0点限量)ID成功，ID:0066473013
Apr 25 00:00:02 兑换结果:{"code":0,"data":{"bizCode":505,"bizMsg":"奖品库存不足","success":false}}
Apr 25 00:00:02 
Apr 25 00:00:02 【京东账号1】18337656372_p
Apr 25 00:00:02 【兑换超值京豆包(0点限量)】奖品库存不足
Apr 25 00:00:02 
Apr 25 00:00:02 
Apr 25 00:00:02 ****开始【京东账号2】jd_MCazEJrLyuXn****
Apr 25 00:00:02 
Apr 25 00:00:02 活动太火爆啦
Apr 25 00:00:02 
Apr 25 00:00:02 
Apr 25 00:00:02 【京东账号2】jd_MCazEJrLyuXn
Apr 25 00:00:02 【兑换】活动太火爆啦
Apr 25 00:00:02 
Apr 25 00:00:02 
Apr 25 00:00:02 ****开始【京东账号3】鬼神之吕奉先****
Apr 25 00:00:02 
Apr 25 00:00:02 【总蓝币】451000个
Apr 25 00:00:02 
Apr 25 00:00:02 查询换超值京豆包（0点限量）ID成功，ID:3401477516
Apr 25 00:00:02 
Apr 25 00:00:02 【京东账号3】鬼神之吕奉先
Apr 25 00:00:02 【兑换超值京豆包（0点限量）】失败，1000京豆领光了，请明天再来
Apr 25 00:00:02 
Apr 25 00:00:02 
Apr 25 00:00:02 ****开始【京东账号4】jd_6ba76f15069fd****
Apr 25 00:00:02 
Apr 25 00:00:02 【总蓝币】99600个
Apr 25 00:00:02 
Apr 25 00:00:02 查询换超值京豆包(0点限量)ID成功，ID:0066473013
Apr 25 00:00:02 兑换失败,您目前蓝币99600个,不足以兑换超值京豆包(0点限量)所需的440000个
Apr 25 00:00:02 
Apr 25 00:00:02 【京东账号4】jd_6ba76f15069fd
Apr 25 00:00:02 【兑换超值京豆包(0点限量)】兑换失败,您目前蓝币99600个,不足以兑换超值京豆包(0点限量)所需的440000个
Apr 25 00:00:02 
Apr 25 00:00:02 
Apr 25 00:00:02 ****开始【京东账号5】jd_46928899fcc30****
Apr 25 00:00:02 
Apr 25 00:00:03 【总蓝币】99600个
Apr 25 00:00:03 
Apr 25 00:00:03 查询换超值京豆包（0点限量）ID成功，ID:3401477516
Apr 25 00:00:03 
Apr 25 00:00:03 【京东账号5】jd_46928899fcc30
Apr 25 00:00:03 【兑换超值京豆包（0点限量）】失败，1000京豆领光了，请明天再来
Apr 25 00:00:03 
Apr 25 00:00:03 
Apr 25 00:00:03 ****开始【京东账号6】jd_EirxWEerdtmu****
Apr 25 00:00:03 
Apr 25 00:00:03 【总蓝币】99600个
Apr 25 00:00:03 
Apr 25 00:00:03 查询换超值京豆包(0点限量)ID成功，ID:0066473013
Apr 25 00:00:03 兑换失败,您目前蓝币99600个,不足以兑换超值京豆包(0点限量)所需的440000个
Apr 25 00:00:03 
Apr 25 00:00:03 【京东账号6】jd_EirxWEerdtmu
Apr 25 00:00:03 【兑换超值京豆包(0点限量)】兑换失败,您目前蓝币99600个,不足以兑换超值京豆包(0点限量)所需的440000个
Apr 25 00:00:03 
Apr 25 00:00:03 
Apr 25 00:00:03 🔔东东超市兑换奖品, 结束! 🕛 2.336 秒
Apr 25 00:00:03 
Apr 25 00:30:01 
Apr 25 00:30:01 🔔东东超市兑换奖品, 开始!
Apr 25 00:30:01 
Apr 25 00:30:01 ====================共6个京东账号Cookie=========
Apr 25 00:30:01 
Apr 25 00:30:01 ==================脚本执行- 北京时间(UTC+8)：4/25/2021, 12:30:01 AM=====================
Apr 25 00:30:01 
Apr 25 00:30:01 
Apr 25 00:30:01 ****开始【京东账号1】18337656372_p****
Apr 25 00:30:01 
Apr 25 00:30:01 【总蓝币】627031个
Apr 25 00:30:01 
Apr 25 00:30:01 查询换超值京豆包(0点限量)ID成功，ID:0066473013
Apr 25 00:30:01 兑换结果:{"code":0,"data":{"bizCode":505,"bizMsg":"奖品库存不足","success":false}}
Apr 25 00:30:01 
Apr 25 00:30:01 【京东账号1】18337656372_p
Apr 25 00:30:01 【兑换超值京豆包(0点限量)】奖品库存不足
Apr 25 00:30:01 
Apr 25 00:30:01 
Apr 25 00:30:01 ****开始【京东账号2】jd_MCazEJrLyuXn****
Apr 25 00:30:01 
Apr 25 00:30:01 活动太火爆啦
Apr 25 00:30:01 
Apr 25 00:30:01 
Apr 25 00:30:01 【京东账号2】jd_MCazEJrLyuXn
Apr 25 00:30:01 【兑换】活动太火爆啦
Apr 25 00:30:01 
Apr 25 00:30:01 
Apr 25 00:30:01 ****开始【京东账号3】鬼神之吕奉先****
Apr 25 00:30:01 
Apr 25 00:30:01 【总蓝币】451500个
Apr 25 00:30:01 
Apr 25 00:30:02 查询换超值京豆包（0点限量）ID成功，ID:3401477516
Apr 25 00:30:02 
Apr 25 00:30:02 【京东账号3】鬼神之吕奉先
Apr 25 00:30:02 【兑换超值京豆包（0点限量）】失败，1000京豆领光了，请明天再来
Apr 25 00:30:02 
Apr 25 00:30:02 
Apr 25 00:30:02 ****开始【京东账号4】jd_6ba76f15069fd****
Apr 25 00:30:02 
Apr 25 00:30:02 【总蓝币】100100个
Apr 25 00:30:02 
Apr 25 00:30:02 查询换超值京豆包(0点限量)ID成功，ID:0066473013
Apr 25 00:30:02 兑换失败,您目前蓝币100100个,不足以兑换超值京豆包(0点限量)所需的440000个
Apr 25 00:30:02 
Apr 25 00:30:02 【京东账号4】jd_6ba76f15069fd
Apr 25 00:30:02 【兑换超值京豆包(0点限量)】兑换失败,您目前蓝币100100个,不足以兑换超值京豆包(0点限量)所需的440000个
Apr 25 00:30:02 
Apr 25 00:30:02 
Apr 25 00:30:02 ****开始【京东账号5】jd_46928899fcc30****
Apr 25 00:30:02 
Apr 25 00:30:02 【总蓝币】100100个
Apr 25 00:30:02 
Apr 25 00:30:02 查询换超值京豆包（0点限量）ID成功，ID:3401477516
Apr 25 00:30:02 
Apr 25 00:30:02 【京东账号5】jd_46928899fcc30
Apr 25 00:30:02 【兑换超值京豆包（0点限量）】失败，1000京豆领光了，请明天再来
Apr 25 00:30:02 
Apr 25 00:30:02 
Apr 25 00:30:02 ****开始【京东账号6】jd_EirxWEerdtmu****
Apr 25 00:30:02 
Apr 25 00:30:02 【总蓝币】100100个
Apr 25 00:30:02 
Apr 25 00:30:02 查询换超值京豆包(0点限量)ID成功，ID:0066473013
Apr 25 00:30:02 兑换失败,您目前蓝币100100个,不足以兑换超值京豆包(0点限量)所需的440000个
Apr 25 00:30:02 
Apr 25 00:30:02 【京东账号6】jd_EirxWEerdtmu
Apr 25 00:30:02 【兑换超值京豆包(0点限量)】兑换失败,您目前蓝币100100个,不足以兑换超值京豆包(0点限量)所需的440000个
Apr 25 00:30:02 
Apr 25 00:30:02 
Apr 25 00:30:02 🔔东东超市兑换奖品, 结束! 🕛 1.666 秒
Apr 25 00:30:02 
Apr 26 00:00:00 
Apr 26 00:00:00 🔔东东超市兑换奖品, 开始!
Apr 26 00:00:00 
Apr 26 00:00:00 ====================共6个京东账号Cookie=========
Apr 26 00:00:00 
Apr 26 00:00:01 ==================脚本执行- 北京时间(UTC+8)：4/26/2021, 12:00:00 AM=====================
Apr 26 00:00:01 
Apr 26 00:00:01 
Apr 26 00:00:01 ****开始【京东账号1】18337656372_p****
Apr 26 00:00:01 
Apr 26 00:00:01 【总蓝币】643631个
Apr 26 00:00:01 
Apr 26 00:00:01 查询换超值京豆包(0点限量)ID成功，ID:0066473013
Apr 26 00:00:02 兑换结果:{"code":0,"data":{"bizCode":505,"bizMsg":"奖品库存不足","success":false}}
Apr 26 00:00:02 
Apr 26 00:00:02 【京东账号1】18337656372_p
Apr 26 00:00:02 【兑换超值京豆包(0点限量)】奖品库存不足
Apr 26 00:00:02 
Apr 26 00:00:02 
Apr 26 00:00:02 ****开始【京东账号2】jd_MCazEJrLyuXn****
Apr 26 00:00:02 
Apr 26 00:00:02 活动太火爆啦
Apr 26 00:00:02 
Apr 26 00:00:02 
Apr 26 00:00:02 【京东账号2】jd_MCazEJrLyuXn
Apr 26 00:00:02 【兑换】活动太火爆啦
Apr 26 00:00:02 
Apr 26 00:00:02 
Apr 26 00:00:02 ****开始【京东账号3】鬼神之吕奉先****
Apr 26 00:00:02 
Apr 26 00:00:02 【总蓝币】468600个
Apr 26 00:00:02 
Apr 26 00:00:02 查询换超值京豆包（0点限量）ID成功，ID:3401477516
Apr 26 00:00:02 
Apr 26 00:00:02 【京东账号3】鬼神之吕奉先
Apr 26 00:00:02 【兑换超值京豆包（0点限量）】失败，1000京豆领光了，请明天再来
Apr 26 00:00:02 
Apr 26 00:00:02 
Apr 26 00:00:02 ****开始【京东账号4】jd_6ba76f15069fd****
Apr 26 00:00:02 
Apr 26 00:00:02 【总蓝币】117200个
Apr 26 00:00:02 
Apr 26 00:00:02 查询换超值京豆包(0点限量)ID成功，ID:0066473013
Apr 26 00:00:02 兑换失败,您目前蓝币117200个,不足以兑换超值京豆包(0点限量)所需的440000个
Apr 26 00:00:02 
Apr 26 00:00:02 【京东账号4】jd_6ba76f15069fd
Apr 26 00:00:02 【兑换超值京豆包(0点限量)】兑换失败,您目前蓝币117200个,不足以兑换超值京豆包(0点限量)所需的440000个
Apr 26 00:00:02 
Apr 26 00:00:02 
Apr 26 00:00:02 ****开始【京东账号5】jd_46928899fcc30****
Apr 26 00:00:02 
Apr 26 00:00:02 【总蓝币】117200个
Apr 26 00:00:02 
Apr 26 00:00:02 查询换超值京豆包（0点限量）ID成功，ID:3401477516
Apr 26 00:00:02 
Apr 26 00:00:02 【京东账号5】jd_46928899fcc30
Apr 26 00:00:02 【兑换超值京豆包（0点限量）】失败，1000京豆领光了，请明天再来
Apr 26 00:00:02 
Apr 26 00:00:02 
Apr 26 00:00:02 ****开始【京东账号6】jd_EirxWEerdtmu****
Apr 26 00:00:02 
Apr 26 00:00:03 【总蓝币】117200个
Apr 26 00:00:03 
Apr 26 00:00:03 查询换超值京豆包(0点限量)ID成功，ID:0066473013
Apr 26 00:00:03 兑换失败,您目前蓝币117200个,不足以兑换超值京豆包(0点限量)所需的440000个
Apr 26 00:00:03 
Apr 26 00:00:03 【京东账号6】jd_EirxWEerdtmu
Apr 26 00:00:03 【兑换超值京豆包(0点限量)】兑换失败,您目前蓝币117200个,不足以兑换超值京豆包(0点限量)所需的440000个
Apr 26 00:00:03 
Apr 26 00:00:03 
Apr 26 00:00:03 🔔东东超市兑换奖品, 结束! 🕛 2.182 秒
Apr 26 00:00:03 
Apr 26 00:30:00 
Apr 26 00:30:00 🔔东东超市兑换奖品, 开始!
Apr 26 00:30:00 
Apr 26 00:30:00 ====================共6个京东账号Cookie=========
Apr 26 00:30:00 
Apr 26 00:30:00 ==================脚本执行- 北京时间(UTC+8)：4/26/2021, 12:30:00 AM=====================
Apr 26 00:30:00 
Apr 26 00:30:00 
Apr 26 00:30:00 ****开始【京东账号1】18337656372_p****
Apr 26 00:30:00 
Apr 26 00:30:01 【总蓝币】644131个
Apr 26 00:30:01 
Apr 26 00:30:01 查询换超值京豆包(0点限量)ID成功，ID:0066473013
Apr 26 00:30:01 兑换结果:{"code":0,"data":{"bizCode":505,"bizMsg":"奖品库存不足","success":false}}
Apr 26 00:30:01 
Apr 26 00:30:01 【京东账号1】18337656372_p
Apr 26 00:30:01 【兑换超值京豆包(0点限量)】奖品库存不足
Apr 26 00:30:01 
Apr 26 00:30:01 
Apr 26 00:30:01 ****开始【京东账号2】jd_MCazEJrLyuXn****
Apr 26 00:30:01 
Apr 26 00:30:01 活动太火爆啦
Apr 26 00:30:01 
Apr 26 00:30:01 
Apr 26 00:30:01 【京东账号2】jd_MCazEJrLyuXn
Apr 26 00:30:01 【兑换】活动太火爆啦
Apr 26 00:30:01 
Apr 26 00:30:01 
Apr 26 00:30:01 ****开始【京东账号3】鬼神之吕奉先****
Apr 26 00:30:01 
Apr 26 00:30:01 【总蓝币】469100个
Apr 26 00:30:01 
Apr 26 00:30:02 查询换超值京豆包（0点限量）ID成功，ID:3401477516
Apr 26 00:30:02 
Apr 26 00:30:02 【京东账号3】鬼神之吕奉先
Apr 26 00:30:02 【兑换超值京豆包（0点限量）】失败，1000京豆领光了，请明天再来
Apr 26 00:30:02 
Apr 26 00:30:02 
Apr 26 00:30:02 ****开始【京东账号4】jd_6ba76f15069fd****
Apr 26 00:30:02 
Apr 26 00:30:02 【总蓝币】117700个
Apr 26 00:30:02 
Apr 26 00:30:02 查询换超值京豆包(0点限量)ID成功，ID:0066473013
Apr 26 00:30:02 兑换失败,您目前蓝币117700个,不足以兑换超值京豆包(0点限量)所需的440000个
Apr 26 00:30:02 
Apr 26 00:30:02 【京东账号4】jd_6ba76f15069fd
Apr 26 00:30:02 【兑换超值京豆包(0点限量)】兑换失败,您目前蓝币117700个,不足以兑换超值京豆包(0点限量)所需的440000个
Apr 26 00:30:02 
Apr 26 00:30:02 
Apr 26 00:30:02 ****开始【京东账号5】jd_46928899fcc30****
Apr 26 00:30:02 
Apr 26 00:30:02 【总蓝币】117700个
Apr 26 00:30:02 
Apr 26 00:30:02 查询换超值京豆包（0点限量）ID成功，ID:3401477516
Apr 26 00:30:02 
Apr 26 00:30:02 【京东账号5】jd_46928899fcc30
Apr 26 00:30:02 【兑换超值京豆包（0点限量）】失败，1000京豆领光了，请明天再来
Apr 26 00:30:02 
Apr 26 00:30:02 
Apr 26 00:30:02 ****开始【京东账号6】jd_EirxWEerdtmu****
Apr 26 00:30:02 
Apr 26 00:30:02 【总蓝币】117700个
Apr 26 00:30:02 
Apr 26 00:30:02 查询换超值京豆包(0点限量)ID成功，ID:0066473013
Apr 26 00:30:02 兑换失败,您目前蓝币117700个,不足以兑换超值京豆包(0点限量)所需的440000个
Apr 26 00:30:02 
Apr 26 00:30:02 【京东账号6】jd_EirxWEerdtmu
Apr 26 00:30:02 【兑换超值京豆包(0点限量)】兑换失败,您目前蓝币117700个,不足以兑换超值京豆包(0点限量)所需的440000个
Apr 26 00:30:02 
Apr 26 00:30:02 
Apr 26 00:30:02 🔔东东超市兑换奖品, 结束! 🕛 1.732 秒
Apr 26 00:30:02 
Apr 27 00:00:01 
Apr 27 00:00:01 🔔东东超市兑换奖品, 开始!
Apr 27 00:00:01 
Apr 27 00:00:01 ====================共6个京东账号Cookie=========
Apr 27 00:00:01 
Apr 27 00:00:01 ==================脚本执行- 北京时间(UTC+8)：4/27/2021, 12:00:01 AM=====================
Apr 27 00:00:01 
Apr 27 00:00:01 
Apr 27 00:00:01 ****开始【京东账号1】18337656372_p****
Apr 27 00:00:01 
Apr 27 00:00:01 【总蓝币】656231个
Apr 27 00:00:01 
Apr 27 00:00:01 查询换超值京豆包(0点限量)ID成功，ID:0066473013
Apr 27 00:00:02 兑换结果:{"code":0,"data":{"bizCode":505,"bizMsg":"奖品库存不足","success":false}}
Apr 27 00:00:02 
Apr 27 00:00:02 【京东账号1】18337656372_p
Apr 27 00:00:02 【兑换超值京豆包(0点限量)】奖品库存不足
Apr 27 00:00:02 
Apr 27 00:00:02 
Apr 27 00:00:02 ****开始【京东账号2】jd_MCazEJrLyuXn****
Apr 27 00:00:02 
Apr 27 00:00:02 活动太火爆啦
Apr 27 00:00:02 
Apr 27 00:00:02 
Apr 27 00:00:02 【京东账号2】jd_MCazEJrLyuXn
Apr 27 00:00:02 【兑换】活动太火爆啦
Apr 27 00:00:02 
Apr 27 00:00:02 
Apr 27 00:00:02 ****开始【京东账号3】鬼神之吕奉先****
Apr 27 00:00:02 
Apr 27 00:00:02 【总蓝币】486200个
Apr 27 00:00:02 
Apr 27 00:00:02 查询换超值京豆包(0点限量)ID成功，ID:0066473013
Apr 27 00:00:02 兑换结果:{"code":0,"data":{"bizCode":505,"bizMsg":"奖品库存不足","success":false}}
Apr 27 00:00:02 
Apr 27 00:00:02 【京东账号3】鬼神之吕奉先
Apr 27 00:00:02 【兑换超值京豆包(0点限量)】奖品库存不足
Apr 27 00:00:02 
Apr 27 00:00:02 
Apr 27 00:00:02 ****开始【京东账号4】jd_6ba76f15069fd****
Apr 27 00:00:02 
Apr 27 00:00:02 【总蓝币】134800个
Apr 27 00:00:02 
Apr 27 00:00:02 查询换超值京豆包(0点限量)ID成功，ID:0066473013
Apr 27 00:00:02 兑换失败,您目前蓝币134800个,不足以兑换超值京豆包(0点限量)所需的440000个
Apr 27 00:00:02 
Apr 27 00:00:02 【京东账号4】jd_6ba76f15069fd
Apr 27 00:00:02 【兑换超值京豆包(0点限量)】兑换失败,您目前蓝币134800个,不足以兑换超值京豆包(0点限量)所需的440000个
Apr 27 00:00:02 
Apr 27 00:00:02 
Apr 27 00:00:02 ****开始【京东账号5】jd_46928899fcc30****
Apr 27 00:00:02 
Apr 27 00:00:02 【总蓝币】134800个
Apr 27 00:00:02 
Apr 27 00:00:02 查询换超值京豆包(0点限量)ID成功，ID:0066473013
Apr 27 00:00:02 兑换失败,您目前蓝币134800个,不足以兑换超值京豆包(0点限量)所需的440000个
Apr 27 00:00:02 
Apr 27 00:00:02 【京东账号5】jd_46928899fcc30
Apr 27 00:00:02 【兑换超值京豆包(0点限量)】兑换失败,您目前蓝币134800个,不足以兑换超值京豆包(0点限量)所需的440000个
Apr 27 00:00:02 
Apr 27 00:00:02 
Apr 27 00:00:02 ****开始【京东账号6】jd_EirxWEerdtmu****
Apr 27 00:00:02 
Apr 27 00:00:03 【总蓝币】134800个
Apr 27 00:00:03 
Apr 27 00:00:03 查询换超值京豆包(0点限量)ID成功，ID:0066473013
Apr 27 00:00:03 兑换失败,您目前蓝币134800个,不足以兑换超值京豆包(0点限量)所需的440000个
Apr 27 00:00:03 
Apr 27 00:00:03 【京东账号6】jd_EirxWEerdtmu
Apr 27 00:00:03 【兑换超值京豆包(0点限量)】兑换失败,您目前蓝币134800个,不足以兑换超值京豆包(0点限量)所需的440000个
Apr 27 00:00:03 
Apr 27 00:00:03 
Apr 27 00:00:03 🔔东东超市兑换奖品, 结束! 🕛 2.17 秒
Apr 27 00:00:03 
Apr 27 00:30:01 
Apr 27 00:30:01 🔔东东超市兑换奖品, 开始!
Apr 27 00:30:01 
Apr 27 00:30:01 ====================共6个京东账号Cookie=========
Apr 27 00:30:01 
Apr 27 00:30:01 ==================脚本执行- 北京时间(UTC+8)：4/27/2021, 12:30:01 AM=====================
Apr 27 00:30:01 
Apr 27 00:30:01 
Apr 27 00:30:01 ****开始【京东账号1】18337656372_p****
Apr 27 00:30:01 
Apr 27 00:30:01 【总蓝币】656231个
Apr 27 00:30:01 
Apr 27 00:30:01 查询换超值京豆包(0点限量)ID成功，ID:0066473013
Apr 27 00:30:02 兑换结果:{"code":0,"data":{"bizCode":505,"bizMsg":"奖品库存不足","success":false}}
Apr 27 00:30:02 
Apr 27 00:30:02 【京东账号1】18337656372_p
Apr 27 00:30:02 【兑换超值京豆包(0点限量)】奖品库存不足
Apr 27 00:30:02 
Apr 27 00:30:02 
Apr 27 00:30:02 ****开始【京东账号2】jd_MCazEJrLyuXn****
Apr 27 00:30:02 
Apr 27 00:30:02 活动太火爆啦
Apr 27 00:30:02 
Apr 27 00:30:02 
Apr 27 00:30:02 【京东账号2】jd_MCazEJrLyuXn
Apr 27 00:30:02 【兑换】活动太火爆啦
Apr 27 00:30:02 
Apr 27 00:30:02 
Apr 27 00:30:02 ****开始【京东账号3】鬼神之吕奉先****
Apr 27 00:30:02 
Apr 27 00:30:02 【总蓝币】486200个
Apr 27 00:30:02 
Apr 27 00:30:02 查询换超值京豆包(0点限量)ID成功，ID:0066473013
Apr 27 00:30:02 兑换结果:{"code":0,"data":{"bizCode":505,"bizMsg":"奖品库存不足","success":false}}
Apr 27 00:30:02 
Apr 27 00:30:02 【京东账号3】鬼神之吕奉先
Apr 27 00:30:02 【兑换超值京豆包(0点限量)】奖品库存不足
Apr 27 00:30:02 
Apr 27 00:30:02 
Apr 27 00:30:02 ****开始【京东账号4】jd_6ba76f15069fd****
Apr 27 00:30:02 
Apr 27 00:30:02 【总蓝币】134800个
Apr 27 00:30:02 
Apr 27 00:30:02 查询换超值京豆包(0点限量)ID成功，ID:0066473013
Apr 27 00:30:02 兑换失败,您目前蓝币134800个,不足以兑换超值京豆包(0点限量)所需的440000个
Apr 27 00:30:02 
Apr 27 00:30:02 【京东账号4】jd_6ba76f15069fd
Apr 27 00:30:02 【兑换超值京豆包(0点限量)】兑换失败,您目前蓝币134800个,不足以兑换超值京豆包(0点限量)所需的440000个
Apr 27 00:30:02 
Apr 27 00:30:02 
Apr 27 00:30:02 ****开始【京东账号5】jd_46928899fcc30****
Apr 27 00:30:02 
Apr 27 00:30:02 【总蓝币】134800个
Apr 27 00:30:02 
Apr 27 00:30:03 查询换超值京豆包(0点限量)ID成功，ID:0066473013
Apr 27 00:30:03 兑换失败,您目前蓝币134800个,不足以兑换超值京豆包(0点限量)所需的440000个
Apr 27 00:30:03 
Apr 27 00:30:03 【京东账号5】jd_46928899fcc30
Apr 27 00:30:03 【兑换超值京豆包(0点限量)】兑换失败,您目前蓝币134800个,不足以兑换超值京豆包(0点限量)所需的440000个
Apr 27 00:30:03 
Apr 27 00:30:03 
Apr 27 00:30:03 ****开始【京东账号6】jd_EirxWEerdtmu****
Apr 27 00:30:03 
Apr 27 00:30:03 【总蓝币】134800个
Apr 27 00:30:03 
Apr 27 00:30:03 查询换超值京豆包(0点限量)ID成功，ID:0066473013
Apr 27 00:30:03 兑换失败,您目前蓝币134800个,不足以兑换超值京豆包(0点限量)所需的440000个
Apr 27 00:30:03 
Apr 27 00:30:03 【京东账号6】jd_EirxWEerdtmu
Apr 27 00:30:03 【兑换超值京豆包(0点限量)】兑换失败,您目前蓝币134800个,不足以兑换超值京豆包(0点限量)所需的440000个
Apr 27 00:30:03 
Apr 27 00:30:03 
Apr 27 00:30:03 🔔东东超市兑换奖品, 结束! 🕛 2.281 秒
Apr 27 00:30:03 
