Apr 25 10:21:49 
Apr 25 10:21:50 🔔京东资产变动通知, 开始!
Apr 25 10:21:50 
Apr 25 10:21:50 ====================共6个京东账号Cookie=========
Apr 25 10:21:50 
Apr 25 10:21:50 ==================脚本执行- 北京时间(UTC+8)：4/25/2021, 10:21:50 AM=====================
Apr 25 10:21:50 
Apr 25 10:21:50 
Apr 25 10:21:50 ********开始【京东账号1】最初的梦想o******
Apr 25 10:21:50 
Apr 25 10:21:51 2021-04-25日过期京豆：1
Apr 25 10:21:51 
Apr 25 10:21:51 2021-04-26日过期京豆：1
Apr 25 10:21:51 
Apr 25 10:21:51 2021-04-27日过期京豆：0
Apr 25 10:21:51 
Apr 25 10:21:51 2021-04-28日过期京豆：0
Apr 25 10:21:51 
Apr 25 10:21:51 2021-04-29日过期京豆：0
Apr 25 10:21:51 
Apr 25 10:21:51 2021-04-30日过期京豆：0
Apr 25 10:21:51 
Apr 25 10:21:51 2021-05-01日过期京豆：0
Apr 25 10:21:51 
Apr 25 10:21:51 
Apr 25 10:21:51 ==============📣系统通知📣==============
Apr 25 10:21:51 京东资产变动通知
Apr 25 10:21:51 账号1：最初的梦想o
Apr 25 10:21:51 昨日收入：100京豆 🐶
Apr 25 10:21:51 昨日支出：0京豆 🐶
Apr 25 10:21:51 当前京豆：8560(今日将过期1)京豆🐶
Apr 25 10:21:51 当前总红包：6.61(今日总过期2.98)元 🧧
Apr 25 10:21:51 京喜红包：4.78(今日将过期2.33)元 🧧
Apr 25 10:21:51 极速版红包：0.01(今日将过期0.00)元 🧧
Apr 25 10:21:51 京东红包：1.82(今日将过期0.65)元 🧧
Apr 25 10:21:51 健康红包：0.00(今日将过期0.00)元 🧧
Apr 25 10:21:51 
Apr 25 10:21:51 ********开始【京东账号2】jd_MCazEJrLyuXn******
Apr 25 10:21:51 
Apr 25 10:21:51 2021-04-25日过期京豆：0
Apr 25 10:21:51 
Apr 25 10:21:51 2021-04-26日过期京豆：0
Apr 25 10:21:51 
Apr 25 10:21:51 2021-04-27日过期京豆：0
Apr 25 10:21:51 
Apr 25 10:21:51 2021-04-28日过期京豆：0
Apr 25 10:21:51 
Apr 25 10:21:51 2021-04-29日过期京豆：0
Apr 25 10:21:51 
Apr 25 10:21:51 2021-04-30日过期京豆：0
Apr 25 10:21:51 
Apr 25 10:21:51 2021-05-01日过期京豆：0
Apr 25 10:21:51 
Apr 25 10:21:51 
Apr 25 10:21:51 ==============📣系统通知📣==============
Apr 25 10:21:51 京东资产变动通知
Apr 25 10:21:51 账号2：jd_MCazEJrLyuXn
Apr 25 10:21:51 昨日收入：102京豆 🐶
Apr 25 10:21:51 昨日支出：0京豆 🐶
Apr 25 10:21:51 当前京豆：1070(今日将过期0)京豆🐶
Apr 25 10:21:51 当前总红包：1.10(今日总过期0.23)元 🧧
Apr 25 10:21:51 京喜红包：0.98(今日将过期0.20)元 🧧
Apr 25 10:21:51 极速版红包：0.12(今日将过期0.03)元 🧧
Apr 25 10:21:51 京东红包：0.00(今日将过期0.00)元 🧧
Apr 25 10:21:51 健康红包：0.00(今日将过期0.00)元 🧧
Apr 25 10:21:51 
Apr 25 10:21:51 ********开始【京东账号3】鬼神之吕奉先******
Apr 25 10:21:51 
Apr 25 10:21:52 2021-04-25日过期京豆：0
Apr 25 10:21:52 
Apr 25 10:21:52 2021-04-26日过期京豆：0
Apr 25 10:21:52 
Apr 25 10:21:52 2021-04-27日过期京豆：0
Apr 25 10:21:52 
Apr 25 10:21:52 2021-04-28日过期京豆：0
Apr 25 10:21:52 
Apr 25 10:21:52 2021-04-29日过期京豆：0
Apr 25 10:21:52 
Apr 25 10:21:52 2021-04-30日过期京豆：0
Apr 25 10:21:52 
Apr 25 10:21:52 2021-05-01日过期京豆：0
Apr 25 10:21:52 
Apr 25 10:21:52 
Apr 25 10:21:52 ==============📣系统通知📣==============
Apr 25 10:21:52 京东资产变动通知
Apr 25 10:21:52 账号3：鬼神之吕奉先
Apr 25 10:21:52 昨日收入：86京豆 🐶
Apr 25 10:21:52 昨日支出：0京豆 🐶
Apr 25 10:21:52 当前京豆：4269(今日将过期0)京豆🐶
Apr 25 10:21:52 当前总红包：2.37(今日总过期0.73)元 🧧
Apr 25 10:21:52 京喜红包：0.61(今日将过期0.50)元 🧧
Apr 25 10:21:52 极速版红包：0.02(今日将过期0.01)元 🧧
Apr 25 10:21:52 京东红包：1.74(今日将过期0.22)元 🧧
Apr 25 10:21:52 健康红包：0.00(今日将过期0.00)元 🧧
Apr 25 10:21:52 
Apr 25 10:21:52 ********开始【京东账号4】jd_189371pwlx******
Apr 25 10:21:52 
Apr 25 10:21:53 2021-04-25日过期京豆：1
Apr 25 10:21:53 
Apr 25 10:21:53 2021-04-26日过期京豆：1
Apr 25 10:21:53 
Apr 25 10:21:53 2021-04-27日过期京豆：100
Apr 25 10:21:53 
Apr 25 10:21:53 2021-04-28日过期京豆：100
Apr 25 10:21:53 
Apr 25 10:21:53 2021-04-29日过期京豆：50
Apr 25 10:21:53 
Apr 25 10:21:53 2021-04-30日过期京豆：0
Apr 25 10:21:53 
Apr 25 10:21:53 2021-05-01日过期京豆：0
Apr 25 10:21:53 
Apr 25 10:21:53 
Apr 25 10:21:53 ==============📣系统通知📣==============
Apr 25 10:21:53 京东资产变动通知
Apr 25 10:21:53 账号4：jd_189371pwlx
Apr 25 10:21:53 昨日收入：99京豆 🐶
Apr 25 10:21:53 昨日支出：-1京豆 🐶
Apr 25 10:21:53 当前京豆：1918(今日将过期1)京豆🐶
Apr 25 10:21:53 当前总红包：15.89(今日总过期0.33)元 🧧
Apr 25 10:21:53 京喜红包：2.82(今日将过期0.10)元 🧧
Apr 25 10:21:53 极速版红包：0.01(今日将过期0.00)元 🧧
Apr 25 10:21:53 京东红包：13.06(今日将过期0.23)元 🧧
Apr 25 10:21:53 健康红包：0.00(今日将过期0.00)元 🧧
Apr 25 10:21:53 
Apr 25 10:21:53 ********开始【京东账号5】jd_46928899fcc30******
Apr 25 10:21:53 
Apr 25 10:21:54 2021-04-25日过期京豆：1
Apr 25 10:21:54 
Apr 25 10:21:54 2021-04-26日过期京豆：1
Apr 25 10:21:54 
Apr 25 10:21:54 2021-04-27日过期京豆：100
Apr 25 10:21:54 
Apr 25 10:21:54 2021-04-28日过期京豆：0
Apr 25 10:21:54 
Apr 25 10:21:54 2021-04-29日过期京豆：50
Apr 25 10:21:54 
Apr 25 10:21:54 2021-04-30日过期京豆：0
Apr 25 10:21:54 
Apr 25 10:21:54 2021-05-01日过期京豆：0
Apr 25 10:21:54 
Apr 25 10:21:54 
Apr 25 10:21:54 ==============📣系统通知📣==============
Apr 25 10:21:54 京东资产变动通知
Apr 25 10:21:54 账号5：jd_46928899fcc30
Apr 25 10:21:54 昨日收入：79京豆 🐶
Apr 25 10:21:54 昨日支出：-1京豆 🐶
Apr 25 10:21:54 当前京豆：1208(今日将过期1)京豆🐶
Apr 25 10:21:54 当前总红包：2.59(今日总过期0.59)元 🧧
Apr 25 10:21:54 京喜红包：1.56(今日将过期0.30)元 🧧
Apr 25 10:21:54 极速版红包：0.01(今日将过期0.00)元 🧧
Apr 25 10:21:54 京东红包：1.02(今日将过期0.29)元 🧧
Apr 25 10:21:54 健康红包：0.00(今日将过期0.00)元 🧧
Apr 25 10:21:54 
Apr 25 10:21:54 ********开始【京东账号6】jd_EirxWEerdtmu******
Apr 25 10:21:54 
Apr 25 10:21:55 2021-04-25日过期京豆：1
Apr 25 10:21:55 
Apr 25 10:21:55 2021-04-26日过期京豆：101
Apr 25 10:21:55 
Apr 25 10:21:55 2021-04-27日过期京豆：100
Apr 25 10:21:55 
Apr 25 10:21:55 2021-04-28日过期京豆：100
Apr 25 10:21:55 
Apr 25 10:21:55 2021-04-29日过期京豆：50
Apr 25 10:21:55 
Apr 25 10:21:55 2021-04-30日过期京豆：0
Apr 25 10:21:55 
Apr 25 10:21:55 2021-05-01日过期京豆：0
Apr 25 10:21:55 
Apr 25 10:21:55 
Apr 25 10:21:55 ==============📣系统通知📣==============
Apr 25 10:21:55 京东资产变动通知
Apr 25 10:21:55 账号6：jd_EirxWEerdtmu
Apr 25 10:21:55 昨日收入：106京豆 🐶
Apr 25 10:21:55 昨日支出：-1京豆 🐶
Apr 25 10:21:55 当前京豆：1428(今日将过期1)京豆🐶
Apr 25 10:21:55 当前总红包：14.85(今日总过期0.74)元 🧧
Apr 25 10:21:55 京喜红包：1.38(今日将过期0.01)元 🧧
Apr 25 10:21:55 极速版红包：0.00(今日将过期0.00)元 🧧
Apr 25 10:21:55 京东红包：13.47(今日将过期0.73)元 🧧
Apr 25 10:21:55 健康红包：0.00(今日将过期0.00)元 🧧
Apr 25 10:21:55 
Apr 25 10:21:55 
Apr 25 10:21:55 您未提供server酱的SCKEY，取消微信推送消息通知🚫
Apr 25 10:21:55 
Apr 25 10:21:55 您未提供push+推送所需的PUSH_PLUS_TOKEN，取消push+推送消息通知🚫
Apr 25 10:21:55 
Apr 25 10:21:55 您未提供Bark的APP推送BARK_PUSH，取消Bark推送消息通知🚫
Apr 25 10:21:55 
Apr 25 10:21:55 您未提供telegram机器人推送所需的TG_BOT_TOKEN和TG_USER_ID，取消telegram推送消息通知🚫
Apr 25 10:21:55 
Apr 25 10:21:55 您未提供钉钉机器人推送所需的DD_BOT_TOKEN或者DD_BOT_SECRET，取消钉钉推送消息通知🚫
Apr 25 10:21:55 
Apr 25 10:21:55 您未提供企业微信机器人推送所需的QYWX_KEY，取消企业微信推送消息通知🚫
Apr 25 10:21:55 
Apr 25 10:21:55 您未提供iGot的推送IGOT_PUSH_KEY，取消iGot推送消息通知🚫
Apr 25 10:21:55 
Apr 25 10:21:56 成员ID:@all企业微信应用消息发送通知消息成功🎉。
Apr 25 10:21:56 
Apr 25 10:21:56 
Apr 25 10:21:56 🔔京东资产变动通知, 结束! 🕛 6.09 秒
Apr 25 10:21:56 
Apr 26 10:20:58 
Apr 26 10:20:58 🔔京东资产变动通知, 开始!
Apr 26 10:20:58 
Apr 26 10:20:58 ====================共6个京东账号Cookie=========
Apr 26 10:20:58 
Apr 26 10:20:58 ==================脚本执行- 北京时间(UTC+8)：4/26/2021, 10:20:58 AM=====================
Apr 26 10:20:58 
Apr 26 10:20:58 
Apr 26 10:20:58 ********开始【京东账号1】最初的梦想o******
Apr 26 10:20:58 
Apr 26 10:20:59 2021-04-26日过期京豆：1
Apr 26 10:20:59 
Apr 26 10:20:59 2021-04-27日过期京豆：1
Apr 26 10:20:59 
Apr 26 10:20:59 2021-04-28日过期京豆：0
Apr 26 10:20:59 
Apr 26 10:20:59 2021-04-29日过期京豆：0
Apr 26 10:20:59 
Apr 26 10:20:59 2021-04-30日过期京豆：0
Apr 26 10:20:59 
Apr 26 10:20:59 2021-05-01日过期京豆：0
Apr 26 10:20:59 
Apr 26 10:20:59 2021-05-02日过期京豆：0
Apr 26 10:20:59 
Apr 26 10:20:59 
Apr 26 10:20:59 ==============📣系统通知📣==============
Apr 26 10:20:59 京东资产变动通知
Apr 26 10:20:59 账号1：最初的梦想o
Apr 26 10:20:59 昨日收入：123京豆 🐶
Apr 26 10:20:59 昨日支出：0京豆 🐶
Apr 26 10:20:59 当前京豆：8826(今日将过期1)京豆🐶
Apr 26 10:20:59 当前总红包：4.82(今日总过期2.64)元 🧧
Apr 26 10:20:59 京喜红包：2.81(今日将过期2.00)元 🧧
Apr 26 10:20:59 极速版红包：0.02(今日将过期0.00)元 🧧
Apr 26 10:20:59 京东红包：1.99(今日将过期0.64)元 🧧
Apr 26 10:20:59 健康红包：0.00(今日将过期0.00)元 🧧
Apr 26 10:20:59 
Apr 26 10:20:59 ********开始【京东账号2】jd_MCazEJrLyuXn******
Apr 26 10:20:59 
Apr 26 10:20:59 2021-04-26日过期京豆：0
Apr 26 10:20:59 
Apr 26 10:20:59 2021-04-27日过期京豆：0
Apr 26 10:20:59 
Apr 26 10:20:59 2021-04-28日过期京豆：0
Apr 26 10:20:59 
Apr 26 10:20:59 2021-04-29日过期京豆：0
Apr 26 10:20:59 
Apr 26 10:20:59 2021-04-30日过期京豆：0
Apr 26 10:20:59 
Apr 26 10:20:59 2021-05-01日过期京豆：0
Apr 26 10:20:59 
Apr 26 10:20:59 2021-05-02日过期京豆：0
Apr 26 10:20:59 
Apr 26 10:20:59 
Apr 26 10:20:59 ==============📣系统通知📣==============
Apr 26 10:20:59 京东资产变动通知
Apr 26 10:20:59 账号2：jd_MCazEJrLyuXn
Apr 26 10:20:59 昨日收入：65京豆 🐶
Apr 26 10:20:59 昨日支出：0京豆 🐶
Apr 26 10:20:59 当前京豆：1214(今日将过期0)京豆🐶
Apr 26 10:20:59 当前总红包：1.20(今日总过期0.10)元 🧧
Apr 26 10:20:59 京喜红包：1.10(今日将过期0.07)元 🧧
Apr 26 10:20:59 极速版红包：0.10(今日将过期0.03)元 🧧
Apr 26 10:20:59 京东红包：0.00(今日将过期0.00)元 🧧
Apr 26 10:20:59 健康红包：0.00(今日将过期0.00)元 🧧
Apr 26 10:20:59 
Apr 26 10:20:59 ********开始【京东账号3】鬼神之吕奉先******
Apr 26 10:20:59 
Apr 26 10:21:00 2021-04-26日过期京豆：0
Apr 26 10:21:00 
Apr 26 10:21:00 2021-04-27日过期京豆：0
Apr 26 10:21:00 
Apr 26 10:21:00 2021-04-28日过期京豆：0
Apr 26 10:21:00 
Apr 26 10:21:00 2021-04-29日过期京豆：0
Apr 26 10:21:00 
Apr 26 10:21:00 2021-04-30日过期京豆：0
Apr 26 10:21:00 
Apr 26 10:21:00 2021-05-01日过期京豆：0
Apr 26 10:21:00 
Apr 26 10:21:00 2021-05-02日过期京豆：0
Apr 26 10:21:00 
Apr 26 10:21:00 
Apr 26 10:21:00 ==============📣系统通知📣==============
Apr 26 10:21:00 京东资产变动通知
Apr 26 10:21:00 账号3：鬼神之吕奉先
Apr 26 10:21:00 昨日收入：180京豆 🐶
Apr 26 10:21:00 昨日支出：0京豆 🐶
Apr 26 10:21:00 当前京豆：4464(今日将过期0)京豆🐶
Apr 26 10:21:00 当前总红包：2.38(今日总过期0.39)元 🧧
Apr 26 10:21:00 京喜红包：0.41(今日将过期0.05)元 🧧
Apr 26 10:21:00 极速版红包：0.01(今日将过期0.00)元 🧧
Apr 26 10:21:00 京东红包：1.96(今日将过期0.34)元 🧧
Apr 26 10:21:00 健康红包：0.00(今日将过期0.00)元 🧧
Apr 26 10:21:00 
Apr 26 10:21:00 ********开始【京东账号4】jd_189371pwlx******
Apr 26 10:21:00 
Apr 26 10:21:01 2021-04-26日过期京豆：1
Apr 26 10:21:01 
Apr 26 10:21:01 2021-04-27日过期京豆：100
Apr 26 10:21:01 
Apr 26 10:21:01 2021-04-28日过期京豆：100
Apr 26 10:21:01 
Apr 26 10:21:01 2021-04-29日过期京豆：50
Apr 26 10:21:01 
Apr 26 10:21:01 2021-04-30日过期京豆：0
Apr 26 10:21:01 
Apr 26 10:21:01 2021-05-01日过期京豆：0
Apr 26 10:21:01 
Apr 26 10:21:01 2021-05-02日过期京豆：0
Apr 26 10:21:01 
Apr 26 10:21:01 
Apr 26 10:21:01 ==============📣系统通知📣==============
Apr 26 10:21:01 京东资产变动通知
Apr 26 10:21:01 账号4：jd_189371pwlx
Apr 26 10:21:01 昨日收入：223京豆 🐶
Apr 26 10:21:01 昨日支出：-1京豆 🐶
Apr 26 10:21:01 当前京豆：2156(今日将过期1)京豆🐶
Apr 26 10:21:01 当前总红包：16.17(今日总过期0.80)元 🧧
Apr 26 10:21:01 京喜红包：3.02(今日将过期0.50)元 🧧
Apr 26 10:21:01 极速版红包：0.03(今日将过期0.00)元 🧧
Apr 26 10:21:01 京东红包：13.12(今日将过期0.30)元 🧧
Apr 26 10:21:01 健康红包：0.00(今日将过期0.00)元 🧧
Apr 26 10:21:01 
Apr 26 10:21:01 ********开始【京东账号5】jd_46928899fcc30******
Apr 26 10:21:01 
Apr 26 10:21:02 2021-04-26日过期京豆：1
Apr 26 10:21:02 
Apr 26 10:21:02 2021-04-27日过期京豆：100
Apr 26 10:21:02 
Apr 26 10:21:02 2021-04-28日过期京豆：0
Apr 26 10:21:02 
Apr 26 10:21:02 2021-04-29日过期京豆：50
Apr 26 10:21:02 
Apr 26 10:21:02 2021-04-30日过期京豆：0
Apr 26 10:21:02 
Apr 26 10:21:02 2021-05-01日过期京豆：0
Apr 26 10:21:02 
Apr 26 10:21:02 2021-05-02日过期京豆：50
Apr 26 10:21:02 
Apr 26 10:21:02 
Apr 26 10:21:02 ==============📣系统通知📣==============
Apr 26 10:21:02 京东资产变动通知
Apr 26 10:21:02 账号5：jd_46928899fcc30
Apr 26 10:21:02 昨日收入：211京豆 🐶
Apr 26 10:21:02 昨日支出：-1京豆 🐶
Apr 26 10:21:02 当前京豆：1389(今日将过期1)京豆🐶
Apr 26 10:21:02 当前总红包：2.52(今日总过期0.38)元 🧧
Apr 26 10:21:02 京喜红包：1.56(今日将过期0.15)元 🧧
Apr 26 10:21:02 极速版红包：0.01(今日将过期0.00)元 🧧
Apr 26 10:21:02 京东红包：0.95(今日将过期0.23)元 🧧
Apr 26 10:21:02 健康红包：0.00(今日将过期0.00)元 🧧
Apr 26 10:21:02 
Apr 26 10:21:02 ********开始【京东账号6】jd_EirxWEerdtmu******
Apr 26 10:21:02 
Apr 26 10:21:03 2021-04-26日过期京豆：101
Apr 26 10:21:03 
Apr 26 10:21:03 2021-04-27日过期京豆：100
Apr 26 10:21:03 
Apr 26 10:21:03 2021-04-28日过期京豆：100
Apr 26 10:21:03 
Apr 26 10:21:03 2021-04-29日过期京豆：50
Apr 26 10:21:03 
Apr 26 10:21:03 2021-04-30日过期京豆：0
Apr 26 10:21:03 
Apr 26 10:21:03 2021-05-01日过期京豆：0
Apr 26 10:21:03 
Apr 26 10:21:03 2021-05-02日过期京豆：50
Apr 26 10:21:03 
Apr 26 10:21:03 
Apr 26 10:21:03 ==============📣系统通知📣==============
Apr 26 10:21:03 京东资产变动通知
Apr 26 10:21:03 账号6：jd_EirxWEerdtmu
Apr 26 10:21:03 昨日收入：217京豆 🐶
Apr 26 10:21:03 昨日支出：-1京豆 🐶
Apr 26 10:21:03 当前京豆：1636(今日将过期101)京豆🐶
Apr 26 10:21:03 当前总红包：14.32(今日总过期0.26)元 🧧
Apr 26 10:21:03 京喜红包：1.38(今日将过期0.05)元 🧧
Apr 26 10:21:03 极速版红包：0.01(今日将过期0.00)元 🧧
Apr 26 10:21:03 京东红包：12.93(今日将过期0.21)元 🧧
Apr 26 10:21:03 健康红包：0.00(今日将过期0.00)元 🧧
Apr 26 10:21:03 
Apr 26 10:21:03 
Apr 26 10:21:03 您未提供server酱的SCKEY，取消微信推送消息通知🚫
Apr 26 10:21:03 
Apr 26 10:21:03 您未提供push+推送所需的PUSH_PLUS_TOKEN，取消push+推送消息通知🚫
Apr 26 10:21:03 
Apr 26 10:21:03 您未提供Bark的APP推送BARK_PUSH，取消Bark推送消息通知🚫
Apr 26 10:21:03 
Apr 26 10:21:03 您未提供telegram机器人推送所需的TG_BOT_TOKEN和TG_USER_ID，取消telegram推送消息通知🚫
Apr 26 10:21:03 
Apr 26 10:21:03 您未提供钉钉机器人推送所需的DD_BOT_TOKEN或者DD_BOT_SECRET，取消钉钉推送消息通知🚫
Apr 26 10:21:03 
Apr 26 10:21:03 您未提供企业微信机器人推送所需的QYWX_KEY，取消企业微信推送消息通知🚫
Apr 26 10:21:03 
Apr 26 10:21:03 您未提供iGot的推送IGOT_PUSH_KEY，取消iGot推送消息通知🚫
Apr 26 10:21:03 
Apr 26 10:21:03 成员ID:@all企业微信应用消息发送通知消息成功🎉。
Apr 26 10:21:03 
Apr 26 10:21:03 
Apr 26 10:21:03 🔔京东资产变动通知, 结束! 🕛 5.846 秒
Apr 26 10:21:03 
Apr 27 10:21:31 
Apr 27 10:21:31 🔔京东资产变动通知, 开始!
Apr 27 10:21:31 
Apr 27 10:21:31 ====================共6个京东账号Cookie=========
Apr 27 10:21:31 
Apr 27 10:21:31 ==================脚本执行- 北京时间(UTC+8)：4/27/2021, 10:21:31 AM=====================
Apr 27 10:21:31 
Apr 27 10:21:31 
Apr 27 10:21:31 ********开始【京东账号1】最初的梦想o******
Apr 27 10:21:31 
Apr 27 10:21:32 2021-04-27日过期京豆：1
Apr 27 10:21:32 
Apr 27 10:21:32 2021-04-28日过期京豆：1
Apr 27 10:21:32 
Apr 27 10:21:32 2021-04-29日过期京豆：0
Apr 27 10:21:32 
Apr 27 10:21:32 2021-04-30日过期京豆：0
Apr 27 10:21:32 
Apr 27 10:21:32 2021-05-01日过期京豆：0
Apr 27 10:21:32 
Apr 27 10:21:32 2021-05-02日过期京豆：0
Apr 27 10:21:32 
Apr 27 10:21:32 2021-05-03日过期京豆：0
Apr 27 10:21:32 
Apr 27 10:21:32 
Apr 27 10:21:32 ==============📣系统通知📣==============
Apr 27 10:21:32 京东资产变动通知
Apr 27 10:21:32 账号1：最初的梦想o
Apr 27 10:21:32 昨日收入：269京豆 🐶
Apr 27 10:21:32 昨日支出：-1京豆 🐶
Apr 27 10:21:32 当前京豆：8928(今日将过期1)京豆🐶
Apr 27 10:21:32 当前总红包：0.90(今日总过期0.01)元 🧧
Apr 27 10:21:32 京喜红包：0.25(今日将过期0.00)元 🧧
Apr 27 10:21:32 极速版红包：0.02(今日将过期0.01)元 🧧
Apr 27 10:21:32 京东红包：0.63(今日将过期0.00)元 🧧
Apr 27 10:21:32 健康红包：0.00(今日将过期0.00)元 🧧
Apr 27 10:21:32 
Apr 27 10:21:32 ********开始【京东账号2】jd_MCazEJrLyuXn******
Apr 27 10:21:32 
Apr 27 10:21:32 2021-04-27日过期京豆：0
Apr 27 10:21:32 
Apr 27 10:21:32 2021-04-28日过期京豆：0
Apr 27 10:21:32 
Apr 27 10:21:32 2021-04-29日过期京豆：0
Apr 27 10:21:32 
Apr 27 10:21:32 2021-04-30日过期京豆：0
Apr 27 10:21:32 
Apr 27 10:21:32 2021-05-01日过期京豆：0
Apr 27 10:21:32 
Apr 27 10:21:32 2021-05-02日过期京豆：0
Apr 27 10:21:32 
Apr 27 10:21:32 2021-05-03日过期京豆：0
Apr 27 10:21:32 
Apr 27 10:21:33 
Apr 27 10:21:33 ==============📣系统通知📣==============
Apr 27 10:21:33 京东资产变动通知
Apr 27 10:21:33 账号2：jd_MCazEJrLyuXn
Apr 27 10:21:33 昨日收入：145京豆 🐶
Apr 27 10:21:33 昨日支出：0京豆 🐶
Apr 27 10:21:33 当前京豆：1268(今日将过期0)京豆🐶
Apr 27 10:21:33 当前总红包：0.99(今日总过期0.35)元 🧧
Apr 27 10:21:33 京喜红包：0.80(今日将过期0.32)元 🧧
Apr 27 10:21:33 极速版红包：0.12(今日将过期0.03)元 🧧
Apr 27 10:21:33 京东红包：0.07(今日将过期0.00)元 🧧
Apr 27 10:21:33 健康红包：0.00(今日将过期0.00)元 🧧
Apr 27 10:21:33 
Apr 27 10:21:33 ********开始【京东账号3】鬼神之吕奉先******
Apr 27 10:21:33 
Apr 27 10:21:33 2021-04-27日过期京豆：0
Apr 27 10:21:33 
Apr 27 10:21:33 2021-04-28日过期京豆：0
Apr 27 10:21:33 
Apr 27 10:21:33 2021-04-29日过期京豆：0
Apr 27 10:21:33 
Apr 27 10:21:33 2021-04-30日过期京豆：0
Apr 27 10:21:33 
Apr 27 10:21:33 2021-05-01日过期京豆：0
Apr 27 10:21:33 
Apr 27 10:21:33 2021-05-02日过期京豆：0
Apr 27 10:21:33 
Apr 27 10:21:33 2021-05-03日过期京豆：0
Apr 27 10:21:33 
Apr 27 10:21:34 
Apr 27 10:21:34 ==============📣系统通知📣==============
Apr 27 10:21:34 京东资产变动通知
Apr 27 10:21:34 账号3：鬼神之吕奉先
Apr 27 10:21:34 昨日收入：194京豆 🐶
Apr 27 10:21:34 昨日支出：0京豆 🐶
Apr 27 10:21:34 当前京豆：4557(今日将过期0)京豆🐶
Apr 27 10:21:34 当前总红包：2.81(今日总过期0.45)元 🧧
Apr 27 10:21:34 京喜红包：0.66(今日将过期0.06)元 🧧
Apr 27 10:21:34 极速版红包：0.01(今日将过期0.00)元 🧧
Apr 27 10:21:34 京东红包：2.14(今日将过期0.39)元 🧧
Apr 27 10:21:34 健康红包：0.00(今日将过期0.00)元 🧧
Apr 27 10:21:34 
Apr 27 10:21:34 ********开始【京东账号4】jd_189371pwlx******
Apr 27 10:21:34 
Apr 27 10:21:34 2021-04-27日过期京豆：100
Apr 27 10:21:34 
Apr 27 10:21:34 2021-04-28日过期京豆：100
Apr 27 10:21:34 
Apr 27 10:21:34 2021-04-29日过期京豆：50
Apr 27 10:21:34 
Apr 27 10:21:34 2021-04-30日过期京豆：0
Apr 27 10:21:34 
Apr 27 10:21:34 2021-05-01日过期京豆：0
Apr 27 10:21:34 
Apr 27 10:21:34 2021-05-02日过期京豆：0
Apr 27 10:21:34 
Apr 27 10:21:34 2021-05-03日过期京豆：0
Apr 27 10:21:34 
Apr 27 10:21:34 
Apr 27 10:21:34 ==============📣系统通知📣==============
Apr 27 10:21:34 京东资产变动通知
Apr 27 10:21:34 账号4：jd_189371pwlx
Apr 27 10:21:34 昨日收入：186京豆 🐶
Apr 27 10:21:34 昨日支出：-1京豆 🐶
Apr 27 10:21:34 当前京豆：2234(今日将过期100)京豆🐶
Apr 27 10:21:34 当前总红包：4.07(今日总过期2.22)元 🧧
Apr 27 10:21:34 京喜红包：2.52(今日将过期2.22)元 🧧
Apr 27 10:21:34 极速版红包：0.04(今日将过期0.00)元 🧧
Apr 27 10:21:34 京东红包：1.51(今日将过期0.00)元 🧧
Apr 27 10:21:34 健康红包：0.00(今日将过期0.00)元 🧧
Apr 27 10:21:34 
Apr 27 10:21:34 ********开始【京东账号5】jd_46928899fcc30******
Apr 27 10:21:34 
Apr 27 10:21:35 2021-04-27日过期京豆：100
Apr 27 10:21:35 
Apr 27 10:21:35 2021-04-28日过期京豆：0
Apr 27 10:21:35 
Apr 27 10:21:35 2021-04-29日过期京豆：50
Apr 27 10:21:35 
Apr 27 10:21:35 2021-04-30日过期京豆：0
Apr 27 10:21:35 
Apr 27 10:21:35 2021-05-01日过期京豆：0
Apr 27 10:21:35 
Apr 27 10:21:35 2021-05-02日过期京豆：50
Apr 27 10:21:35 
Apr 27 10:21:35 2021-05-03日过期京豆：0
Apr 27 10:21:35 
Apr 27 10:21:35 
Apr 27 10:21:35 ==============📣系统通知📣==============
Apr 27 10:21:35 京东资产变动通知
Apr 27 10:21:35 账号5：jd_46928899fcc30
Apr 27 10:21:35 昨日收入：179京豆 🐶
Apr 27 10:21:35 昨日支出：-1京豆 🐶
Apr 27 10:21:35 当前京豆：1467(今日将过期100)京豆🐶
Apr 27 10:21:35 当前总红包：2.40(今日总过期1.30)元 🧧
Apr 27 10:21:35 京喜红包：1.48(今日将过期1.11)元 🧧
Apr 27 10:21:35 极速版红包：0.02(今日将过期0.00)元 🧧
Apr 27 10:21:35 京东红包：0.90(今日将过期0.19)元 🧧
Apr 27 10:21:35 健康红包：0.00(今日将过期0.00)元 🧧
Apr 27 10:21:35 
Apr 27 10:21:35 ********开始【京东账号6】jd_EirxWEerdtmu******
Apr 27 10:21:35 
Apr 27 10:21:36 2021-04-27日过期京豆：100
Apr 27 10:21:36 
Apr 27 10:21:36 2021-04-28日过期京豆：100
Apr 27 10:21:36 
Apr 27 10:21:36 2021-04-29日过期京豆：50
Apr 27 10:21:36 
Apr 27 10:21:36 2021-04-30日过期京豆：0
Apr 27 10:21:36 
Apr 27 10:21:36 2021-05-01日过期京豆：0
Apr 27 10:21:36 
Apr 27 10:21:36 2021-05-02日过期京豆：50
Apr 27 10:21:36 
Apr 27 10:21:36 2021-05-03日过期京豆：15
Apr 27 10:21:36 
Apr 27 10:21:36 
Apr 27 10:21:36 ==============📣系统通知📣==============
Apr 27 10:21:36 京东资产变动通知
Apr 27 10:21:36 账号6：jd_EirxWEerdtmu
Apr 27 10:21:36 昨日收入：182京豆 🐶
Apr 27 10:21:36 昨日支出：-1京豆 🐶
Apr 27 10:21:36 当前京豆：1598(今日将过期100)京豆🐶
Apr 27 10:21:36 当前总红包：14.35(今日总过期1.54)元 🧧
Apr 27 10:21:36 京喜红包：1.34(今日将过期1.32)元 🧧
Apr 27 10:21:36 极速版红包：0.01(今日将过期0.00)元 🧧
Apr 27 10:21:36 京东红包：13.00(今日将过期0.22)元 🧧
Apr 27 10:21:36 健康红包：0.00(今日将过期0.00)元 🧧
Apr 27 10:21:36 
Apr 27 10:21:36 
Apr 27 10:21:36 您未提供server酱的SCKEY，取消微信推送消息通知🚫
Apr 27 10:21:36 
Apr 27 10:21:36 您未提供push+推送所需的PUSH_PLUS_TOKEN，取消push+推送消息通知🚫
Apr 27 10:21:36 
Apr 27 10:21:36 您未提供Bark的APP推送BARK_PUSH，取消Bark推送消息通知🚫
Apr 27 10:21:36 
Apr 27 10:21:36 您未提供telegram机器人推送所需的TG_BOT_TOKEN和TG_USER_ID，取消telegram推送消息通知🚫
Apr 27 10:21:36 
Apr 27 10:21:36 您未提供钉钉机器人推送所需的DD_BOT_TOKEN或者DD_BOT_SECRET，取消钉钉推送消息通知🚫
Apr 27 10:21:36 
Apr 27 10:21:36 您未提供企业微信机器人推送所需的QYWX_KEY，取消企业微信推送消息通知🚫
Apr 27 10:21:36 
Apr 27 10:21:36 您未提供iGot的推送IGOT_PUSH_KEY，取消iGot推送消息通知🚫
Apr 27 10:21:36 
Apr 27 10:21:36 成员ID:@all企业微信应用消息发送通知消息成功🎉。
Apr 27 10:21:36 
Apr 27 10:21:36 
Apr 27 10:21:36 🔔京东资产变动通知, 结束! 🕛 5.749 秒
Apr 27 10:21:36 
