Apr 25 00:06:34 
Apr 25 00:06:34 🔔摇京豆, 开始!
Apr 25 00:06:34 
Apr 25 00:06:34 ====================共6个京东账号Cookie=========
Apr 25 00:06:34 
Apr 25 00:06:34 ==================脚本执行- 北京时间(UTC+8)：4/25/2021, 12:06:34 AM=====================
Apr 25 00:06:34 
Apr 25 00:06:35 【超级摇一摇】活动链接：https://h5.m.jd.com/babelDiy/Zeus/Bi1tmXR8PK8kiq7CNTDvEwSKKv6/index.html?babelChannel=ttt3
Apr 25 00:06:35 
Apr 25 00:06:35 开始【京东账号1】18337656372_p
Apr 25 00:06:35 
Apr 25 00:06:35 开始做浏览页面任务
Apr 25 00:06:43 开始做关注店铺任务
Apr 25 00:06:46 摇京豆——摇奖次数12
Apr 25 00:06:46 京东会员——摇奖次数7
Apr 25 00:06:46 开始 【京东会员】 摇奖
Apr 25 00:06:47 京东会员-剩余摇奖次数：6
Apr 25 00:06:47 未中奖
Apr 25 00:06:47 
Apr 25 00:06:47 开始 【京东会员】 摇奖
Apr 25 00:06:48 京东会员-剩余摇奖次数：5
Apr 25 00:06:48 未中奖
Apr 25 00:06:48 
Apr 25 00:06:48 开始 【京东会员】 摇奖
Apr 25 00:06:49 京东会员-剩余摇奖次数：4
Apr 25 00:06:49 恭喜你，京东会员中奖了，获得1京豆
Apr 25 00:06:49 
Apr 25 00:06:49 开始 【京东会员】 摇奖
Apr 25 00:06:51 开始 【京东会员】 摇奖
Apr 25 00:06:52 京东会员-剩余摇奖次数：3
Apr 25 00:06:52 未中奖
Apr 25 00:06:52 
Apr 25 00:06:52 开始 【京东会员】 摇奖
Apr 25 00:06:53 京东会员-剩余摇奖次数：2
Apr 25 00:06:53 未中奖
Apr 25 00:06:53 
Apr 25 00:06:53 开始 【京东会员】 摇奖
Apr 25 00:06:54 京东会员-剩余摇奖次数：1
Apr 25 00:06:54 未中奖
Apr 25 00:06:54 
Apr 25 00:06:54 开始 【摇京豆】 摇奖
Apr 25 00:06:55 剩余摇奖次数：11
Apr 25 00:06:55 摇奖其他未知结果：{"data":{"luckyBox":{"costBeanCount":2,"feeTimes":2,"freeTimes":11,"totalBeanCount":8494}},"success":true}
Apr 25 00:06:55 
Apr 25 00:06:55 开始 【摇京豆】 摇奖
Apr 25 00:06:56 剩余摇奖次数：10
Apr 25 00:06:56 获得优惠券：限购[天喜厨具旗舰店]店铺部分商品
Apr 25 00:06:56 
Apr 25 00:06:56 开始 【摇京豆】 摇奖
Apr 25 00:06:58 剩余摇奖次数：9
Apr 25 00:06:58 摇奖其他未知结果：{"data":{"luckyBox":{"costBeanCount":2,"feeTimes":2,"freeTimes":9,"totalBeanCount":8494}},"success":true}
Apr 25 00:06:58 
Apr 25 00:06:58 开始 【摇京豆】 摇奖
Apr 25 00:06:59 剩余摇奖次数：8
Apr 25 00:06:59 摇奖其他未知结果：{"data":{"luckyBox":{"costBeanCount":2,"feeTimes":2,"freeTimes":8,"totalBeanCount":8494}},"success":true}
Apr 25 00:06:59 
Apr 25 00:06:59 开始 【摇京豆】 摇奖
Apr 25 00:07:00 剩余摇奖次数：7
Apr 25 00:07:00 摇奖其他未知结果：{"data":{"luckyBox":{"costBeanCount":2,"feeTimes":2,"freeTimes":7,"totalBeanCount":8494}},"success":true}
Apr 25 00:07:00 
Apr 25 00:07:00 开始 【摇京豆】 摇奖
Apr 25 00:07:01 开始 【摇京豆】 摇奖
Apr 25 00:07:02 剩余摇奖次数：6
Apr 25 00:07:02 摇奖其他未知结果：{"data":{"luckyBox":{"costBeanCount":2,"feeTimes":2,"freeTimes":6,"totalBeanCount":8494}},"success":true}
Apr 25 00:07:02 
Apr 25 00:07:02 开始 【摇京豆】 摇奖
Apr 25 00:07:04 开始 【摇京豆】 摇奖
Apr 25 00:07:05 剩余摇奖次数：5
Apr 25 00:07:05 摇奖其他未知结果：{"data":{"luckyBox":{"costBeanCount":2,"feeTimes":2,"freeTimes":5,"totalBeanCount":8494}},"success":true}
Apr 25 00:07:05 
Apr 25 00:07:05 开始 【摇京豆】 摇奖
Apr 25 00:07:06 剩余摇奖次数：4
Apr 25 00:07:06 摇奖其他未知结果：{"data":{"luckyBox":{"costBeanCount":2,"feeTimes":2,"freeTimes":4,"totalBeanCount":8494}},"success":true}
Apr 25 00:07:06 
Apr 25 00:07:06 开始 【摇京豆】 摇奖
Apr 25 00:07:07 开始 【摇京豆】 摇奖
Apr 25 00:07:09 京东会员第2天签到结果；{"data":{"pin":"18337656372_p","rewardVos":[{"couponVo":null,"drawInfoVo":null,"hongBaoVo":null,"jingBeanVo":{"beanNum":1},"pitType":0,"rewardSource":0,"signItemId":"592868347230359552","signTime":"2021-04-25 00:07:08","signType":0},{"couponVo":null,"drawInfoVo":null,"hongBaoVo":null,"jingBeanVo":null,"pitType":3,"rewardSource":1,"signItemId":"592868347230359552","signTime":"2021-04-25 00:07:08","signType":0}],"signActId":"1","signActInstanceId":"592506201520517120"},"dataAbInfoList":null,"expInfo":null,"expLabel":null,"message":null,"officialDocument":null,"pftid":null,"resultCode":null,"resultTips":null,"success":true}
Apr 25 00:07:09 京东会员第2天签到成功。获得1京豆
Apr 25 00:07:09 
Apr 25 00:07:09 
Apr 25 00:07:09 【超级摇一摇】获取信息失败：没有查询到活动信息
Apr 25 00:07:09 
Apr 25 00:07:09 【4.19苏泊尔 brandActivityId】：d629534c-5276-4b59-953f-ba101df525e5
Apr 25 00:07:09 超级超级品牌日 getHomeData 失败： 活动不在进行中哦
Apr 25 00:07:09 去看看其他活动吧~
Apr 25 00:07:09 【4.19苏泊尔 超级品牌日】：已完成抽奖或活动不在进行中
Apr 25 00:07:09 
Apr 25 00:07:09 ==============📣系统通知📣==============
Apr 25 00:07:09 摇京豆
Apr 25 00:07:09 京东账号1 18337656372_p
Apr 25 00:07:09 摇京豆：获得1京豆
Apr 25 00:07:09 京东会员签到：1获得京豆
Apr 25 00:07:09 
Apr 25 00:07:09 开始【京东账号2】jd_MCazEJrLyuXn
Apr 25 00:07:09 
Apr 25 00:07:09 开始做浏览页面任务
Apr 25 00:07:17 开始做关注店铺任务
Apr 25 00:07:20 摇京豆——摇奖次数10
Apr 25 00:07:20 京东会员——摇奖次数7
Apr 25 00:07:20 开始 【京东会员】 摇奖
Apr 25 00:07:21 开始 【京东会员】 摇奖
Apr 25 00:07:22 开始 【京东会员】 摇奖
Apr 25 00:07:23 开始 【京东会员】 摇奖
Apr 25 00:07:24 开始 【京东会员】 摇奖
Apr 25 00:07:25 开始 【京东会员】 摇奖
Apr 25 00:07:27 开始 【京东会员】 摇奖
Apr 25 00:07:28 开始 【摇京豆】 摇奖
Apr 25 00:07:29 剩余摇奖次数：9
Apr 25 00:07:29 摇奖其他未知结果：{"data":{"luckyBox":{"costBeanCount":2,"feeTimes":2,"freeTimes":9,"totalBeanCount":1029}},"success":true}
Apr 25 00:07:29 
Apr 25 00:07:29 开始 【摇京豆】 摇奖
Apr 25 00:07:30 剩余摇奖次数：8
Apr 25 00:07:30 摇奖其他未知结果：{"data":{"luckyBox":{"costBeanCount":2,"feeTimes":2,"freeTimes":8,"totalBeanCount":1029}},"success":true}
Apr 25 00:07:30 
Apr 25 00:07:30 开始 【摇京豆】 摇奖
Apr 25 00:07:31 剩余摇奖次数：7
Apr 25 00:07:31 摇奖其他未知结果：{"data":{"luckyBox":{"costBeanCount":2,"feeTimes":2,"freeTimes":7,"totalBeanCount":1029}},"success":true}
Apr 25 00:07:31 
Apr 25 00:07:31 开始 【摇京豆】 摇奖
Apr 25 00:07:32 开始 【摇京豆】 摇奖
Apr 25 00:07:33 剩余摇奖次数：6
Apr 25 00:07:33 摇奖其他未知结果：{"data":{"luckyBox":{"costBeanCount":2,"feeTimes":2,"freeTimes":6,"totalBeanCount":1056}},"success":true}
Apr 25 00:07:33 
Apr 25 00:07:33 开始 【摇京豆】 摇奖
Apr 25 00:07:35 剩余摇奖次数：5
Apr 25 00:07:35 摇奖其他未知结果：{"data":{"luckyBox":{"costBeanCount":2,"feeTimes":2,"freeTimes":5,"totalBeanCount":1067}},"success":true}
Apr 25 00:07:35 
Apr 25 00:07:35 开始 【摇京豆】 摇奖
Apr 25 00:07:36 剩余摇奖次数：4
Apr 25 00:07:36 摇奖其他未知结果：{"data":{"luckyBox":{"costBeanCount":2,"feeTimes":2,"freeTimes":4,"totalBeanCount":1067}},"success":true}
Apr 25 00:07:36 
Apr 25 00:07:36 开始 【摇京豆】 摇奖
Apr 25 00:07:37 剩余摇奖次数：3
Apr 25 00:07:37 摇奖其他未知结果：{"data":{"luckyBox":{"costBeanCount":2,"feeTimes":2,"freeTimes":3,"totalBeanCount":1067}},"success":true}
Apr 25 00:07:37 
Apr 25 00:07:37 开始 【摇京豆】 摇奖
Apr 25 00:07:38 剩余摇奖次数：2
Apr 25 00:07:38 摇奖其他未知结果：{"data":{"luckyBox":{"costBeanCount":2,"feeTimes":2,"freeTimes":2,"totalBeanCount":1067}},"success":true}
Apr 25 00:07:38 
Apr 25 00:07:38 开始 【摇京豆】 摇奖
Apr 25 00:07:39 剩余摇奖次数：1
Apr 25 00:07:39 摇奖其他未知结果：{"data":{"luckyBox":{"costBeanCount":2,"feeTimes":2,"freeTimes":1,"totalBeanCount":1067}},"success":true}
Apr 25 00:07:39 
Apr 25 00:07:39 京东会员第7天签到结果；{"data":null,"dataAbInfoList":null,"expInfo":null,"expLabel":null,"message":"活动太火爆，请稍后再试","officialDocument":"活动太火爆，请稍后再试","pftid":null,"resultCode":"2400013","resultTips":"活动太火爆，请稍后再试","success":false}
Apr 25 00:07:39 
Apr 25 00:07:39 【超级摇一摇】获取信息失败：没有查询到活动信息
Apr 25 00:07:39 
Apr 25 00:07:40 【4.19苏泊尔 brandActivityId】：d629534c-5276-4b59-953f-ba101df525e5
Apr 25 00:07:40 超级超级品牌日 getHomeData 失败： 活动不在进行中哦
Apr 25 00:07:40 去看看其他活动吧~
Apr 25 00:07:40 【4.19苏泊尔 超级品牌日】：已完成抽奖或活动不在进行中
Apr 25 00:07:40 
Apr 25 00:07:40 开始【京东账号3】鬼神之吕奉先
Apr 25 00:07:40 
Apr 25 00:07:40 开始做浏览页面任务
Apr 25 00:07:48 开始做关注店铺任务
Apr 25 00:07:50 摇京豆——摇奖次数9
Apr 25 00:07:50 京东会员——摇奖次数7
Apr 25 00:07:50 开始 【京东会员】 摇奖
Apr 25 00:07:52 京东会员-剩余摇奖次数：6
Apr 25 00:07:52 未中奖
Apr 25 00:07:52 
Apr 25 00:07:52 开始 【京东会员】 摇奖
Apr 25 00:07:53 京东会员-剩余摇奖次数：5
Apr 25 00:07:53 未中奖
Apr 25 00:07:53 
Apr 25 00:07:53 开始 【京东会员】 摇奖
Apr 25 00:07:54 京东会员-剩余摇奖次数：4
Apr 25 00:07:54 未中奖
Apr 25 00:07:54 
Apr 25 00:07:54 开始 【京东会员】 摇奖
Apr 25 00:07:56 京东会员-剩余摇奖次数：3
Apr 25 00:07:56 未中奖
Apr 25 00:07:56 
Apr 25 00:07:56 开始 【京东会员】 摇奖
Apr 25 00:07:57 京东会员-剩余摇奖次数：2
Apr 25 00:07:57 未中奖
Apr 25 00:07:57 
Apr 25 00:07:57 开始 【京东会员】 摇奖
Apr 25 00:07:58 京东会员-剩余摇奖次数：1
Apr 25 00:07:58 未中奖
Apr 25 00:07:58 
Apr 25 00:07:58 开始 【京东会员】 摇奖
Apr 25 00:07:59 京东会员-剩余摇奖次数：0
Apr 25 00:07:59 未中奖
Apr 25 00:07:59 
Apr 25 00:07:59 开始 【摇京豆】 摇奖
Apr 25 00:08:00 开始 【摇京豆】 摇奖
Apr 25 00:08:02 剩余摇奖次数：8
Apr 25 00:08:02 获得优惠券：仅可购买宝洁自营部分商品
Apr 25 00:08:02 
Apr 25 00:08:02 开始 【摇京豆】 摇奖
Apr 25 00:08:03 剩余摇奖次数：7
Apr 25 00:08:03 摇奖其他未知结果：{"data":{"luckyBox":{"costBeanCount":2,"feeTimes":2,"freeTimes":7,"totalBeanCount":4157}},"success":true}
Apr 25 00:08:03 
Apr 25 00:08:03 开始 【摇京豆】 摇奖
Apr 25 00:08:04 剩余摇奖次数：6
Apr 25 00:08:04 获得优惠券：仅可购买电脑数码部分店铺指定商品
Apr 25 00:08:04 
Apr 25 00:08:04 开始 【摇京豆】 摇奖
Apr 25 00:08:05 剩余摇奖次数：5
Apr 25 00:08:05 获得优惠券：仅可购买京东京造部分商品
Apr 25 00:08:05 
Apr 25 00:08:05 开始 【摇京豆】 摇奖
Apr 25 00:08:06 开始 【摇京豆】 摇奖
Apr 25 00:08:08 剩余摇奖次数：4
Apr 25 00:08:08 获得优惠券：仅可购买京东京造部分商品
Apr 25 00:08:08 
Apr 25 00:08:08 开始 【摇京豆】 摇奖
Apr 25 00:08:09 剩余摇奖次数：3
Apr 25 00:08:09 获得优惠券：仅可购买佳佰部分商品
Apr 25 00:08:09 
Apr 25 00:08:09 开始 【摇京豆】 摇奖
Apr 25 00:08:10 京东会员第7天签到结果；{"data":{"pin":"鬼神之吕奉先","rewardVos":[{"couponVo":null,"drawInfoVo":null,"hongBaoVo":null,"jingBeanVo":{"beanNum":1},"pitType":0,"rewardSource":1,"signItemId":"592868606012649472","signTime":"2021-04-25 00:08:10","signType":0},{"couponVo":null,"drawInfoVo":null,"hongBaoVo":null,"jingBeanVo":{"beanNum":18},"pitType":0,"rewardSource":0,"signItemId":"592868606042009600","signTime":"2021-04-25 00:08:10","signType":1}],"signActId":"1","signActInstanceId":"591041512374767616"},"dataAbInfoList":null,"expInfo":null,"expLabel":null,"message":null,"officialDocument":null,"pftid":null,"resultCode":null,"resultTips":null,"success":true}
Apr 25 00:08:10 京东会员第7天签到成功。获得1京豆
Apr 25 00:08:10 
Apr 25 00:08:10 
Apr 25 00:08:10 【超级摇一摇】获取信息失败：没有查询到活动信息
Apr 25 00:08:10 
Apr 25 00:08:10 【4.19苏泊尔 brandActivityId】：d629534c-5276-4b59-953f-ba101df525e5
Apr 25 00:08:11 超级超级品牌日 getHomeData 失败： 活动不在进行中哦
Apr 25 00:08:11 去看看其他活动吧~
Apr 25 00:08:11 【4.19苏泊尔 超级品牌日】：已完成抽奖或活动不在进行中
Apr 25 00:08:11 
Apr 25 00:08:11 ==============📣系统通知📣==============
Apr 25 00:08:11 摇京豆
Apr 25 00:08:11 京东账号3 鬼神之吕奉先
Apr 25 00:08:11 
Apr 25 00:08:11 京东会员签到：1获得京豆
Apr 25 00:08:11 
Apr 25 00:08:11 开始【京东账号4】jd_6ba76f15069fd
Apr 25 00:08:11 
Apr 25 00:08:11 开始做浏览页面任务
Apr 25 00:08:19 开始做关注店铺任务
Apr 25 00:08:21 摇京豆——摇奖次数9
Apr 25 00:08:21 京东会员——摇奖次数7
Apr 25 00:08:21 开始 【京东会员】 摇奖
Apr 25 00:08:23 京东会员-剩余摇奖次数：6
Apr 25 00:08:23 未中奖
Apr 25 00:08:23 
Apr 25 00:08:23 开始 【京东会员】 摇奖
Apr 25 00:08:24 京东会员-剩余摇奖次数：5
Apr 25 00:08:24 未中奖
Apr 25 00:08:24 
Apr 25 00:08:24 开始 【京东会员】 摇奖
Apr 25 00:08:25 京东会员-剩余摇奖次数：4
Apr 25 00:08:25 未中奖
Apr 25 00:08:25 
Apr 25 00:08:25 开始 【京东会员】 摇奖
Apr 25 00:08:26 京东会员-剩余摇奖次数：3
Apr 25 00:08:26 恭喜你，京东会员中奖了，获得1京豆
Apr 25 00:08:26 
Apr 25 00:08:26 开始 【京东会员】 摇奖
Apr 25 00:08:28 京东会员-剩余摇奖次数：2
Apr 25 00:08:28 恭喜你，京东会员中奖了，获得1京豆
Apr 25 00:08:28 
Apr 25 00:08:28 开始 【京东会员】 摇奖
Apr 25 00:08:29 京东会员-剩余摇奖次数：1
Apr 25 00:08:29 未中奖
Apr 25 00:08:29 
Apr 25 00:08:29 开始 【京东会员】 摇奖
Apr 25 00:08:30 京东会员-剩余摇奖次数：0
Apr 25 00:08:30 未中奖
Apr 25 00:08:30 
Apr 25 00:08:30 开始 【摇京豆】 摇奖
Apr 25 00:08:31 剩余摇奖次数：8
Apr 25 00:08:31 摇奖其他未知结果：{"data":{"luckyBox":{"costBeanCount":2,"feeTimes":2,"freeTimes":8,"totalBeanCount":1859}},"success":true}
Apr 25 00:08:31 
Apr 25 00:08:31 开始 【摇京豆】 摇奖
Apr 25 00:08:32 剩余摇奖次数：7
Apr 25 00:08:32 获得优惠券：限购[致禾清洁用品专营店]店铺部分商品
Apr 25 00:08:32 
Apr 25 00:08:32 开始 【摇京豆】 摇奖
Apr 25 00:08:34 剩余摇奖次数：6
Apr 25 00:08:34 获得优惠券：限购[百适柔baishirou官方旗舰店]店铺部分商品
Apr 25 00:08:34 
Apr 25 00:08:34 开始 【摇京豆】 摇奖
Apr 25 00:08:35 剩余摇奖次数：5
Apr 25 00:08:35 获得优惠券：限购[正拓家庭清洁专营店]店铺部分商品
Apr 25 00:08:35 
Apr 25 00:08:35 开始 【摇京豆】 摇奖
Apr 25 00:08:36 剩余摇奖次数：4
Apr 25 00:08:36 获得优惠券：限购[世外桃源家清专营店]店铺部分商品
Apr 25 00:08:36 
Apr 25 00:08:36 开始 【摇京豆】 摇奖
Apr 25 00:08:37 剩余摇奖次数：3
Apr 25 00:08:37 获得优惠券：限购[大公鸡管家天真亮专卖店]店铺商品
Apr 25 00:08:37 
Apr 25 00:08:37 开始 【摇京豆】 摇奖
Apr 25 00:08:38 剩余摇奖次数：2
Apr 25 00:08:38 获得优惠券：仅可购买京东健康部分商品
Apr 25 00:08:38 
Apr 25 00:08:38 开始 【摇京豆】 摇奖
Apr 25 00:08:40 剩余摇奖次数：1
Apr 25 00:08:40 获得优惠券：仅可购买电脑数码部分店铺指定商品
Apr 25 00:08:40 
Apr 25 00:08:40 开始 【摇京豆】 摇奖
Apr 25 00:08:41 剩余摇奖次数：0
Apr 25 00:08:41 获得优惠券：仅可购买电脑数码部分店铺指定商品
Apr 25 00:08:41 
Apr 25 00:08:41 京东会员第7天签到结果；{"data":{"pin":"jd_6ba76f15069fd","rewardVos":[{"couponVo":null,"drawInfoVo":null,"hongBaoVo":null,"jingBeanVo":{"beanNum":1},"pitType":0,"rewardSource":1,"signItemId":"592868736320024576","signTime":"2021-04-25 00:08:41","signType":0},{"couponVo":null,"drawInfoVo":null,"hongBaoVo":null,"jingBeanVo":{"beanNum":18},"pitType":0,"rewardSource":0,"signItemId":"592868736374550528","signTime":"2021-04-25 00:08:41","signType":1}],"signActId":"1","signActInstanceId":"591041645615034368"},"dataAbInfoList":null,"expInfo":null,"expLabel":null,"message":null,"officialDocument":null,"pftid":null,"resultCode":null,"resultTips":null,"success":true}
Apr 25 00:08:41 京东会员第7天签到成功。获得1京豆
Apr 25 00:08:41 
Apr 25 00:08:41 
Apr 25 00:08:41 【超级摇一摇】获取信息失败：没有查询到活动信息
Apr 25 00:08:41 
Apr 25 00:08:42 【4.19苏泊尔 brandActivityId】：d629534c-5276-4b59-953f-ba101df525e5
Apr 25 00:08:42 超级超级品牌日 getHomeData 失败： 活动不在进行中哦
Apr 25 00:08:42 去看看其他活动吧~
Apr 25 00:08:42 【4.19苏泊尔 超级品牌日】：已完成抽奖或活动不在进行中
Apr 25 00:08:42 
Apr 25 00:08:42 ==============📣系统通知📣==============
Apr 25 00:08:42 摇京豆
Apr 25 00:08:42 京东账号4 jd_6ba76f15069fd
Apr 25 00:08:42 摇京豆：获得2京豆
Apr 25 00:08:42 京东会员签到：1获得京豆
Apr 25 00:08:42 
Apr 25 00:08:42 开始【京东账号5】jd_46928899fcc30
Apr 25 00:08:42 
Apr 25 00:08:42 开始做浏览页面任务
Apr 25 00:08:50 开始做关注店铺任务
Apr 25 00:08:52 摇京豆——摇奖次数9
Apr 25 00:08:53 京东会员——摇奖次数7
Apr 25 00:08:53 开始 【京东会员】 摇奖
Apr 25 00:08:54 京东会员-剩余摇奖次数：6
Apr 25 00:08:54 未中奖
Apr 25 00:08:54 
Apr 25 00:08:54 开始 【京东会员】 摇奖
Apr 25 00:08:55 京东会员-剩余摇奖次数：5
Apr 25 00:08:55 未中奖
Apr 25 00:08:55 
Apr 25 00:08:55 开始 【京东会员】 摇奖
Apr 25 00:08:56 京东会员-剩余摇奖次数：4
Apr 25 00:08:56 未中奖
Apr 25 00:08:56 
Apr 25 00:08:56 开始 【京东会员】 摇奖
Apr 25 00:08:58 京东会员-剩余摇奖次数：3
Apr 25 00:08:58 未中奖
Apr 25 00:08:58 
Apr 25 00:08:58 开始 【京东会员】 摇奖
Apr 25 00:08:59 京东会员-剩余摇奖次数：2
Apr 25 00:08:59 未中奖
Apr 25 00:08:59 
Apr 25 00:08:59 开始 【京东会员】 摇奖
Apr 25 00:09:00 京东会员-剩余摇奖次数：1
Apr 25 00:09:00 未中奖
Apr 25 00:09:00 
Apr 25 00:09:00 开始 【京东会员】 摇奖
Apr 25 00:09:01 京东会员-剩余摇奖次数：0
Apr 25 00:09:01 未中奖
Apr 25 00:09:01 
Apr 25 00:09:01 开始 【摇京豆】 摇奖
Apr 25 00:09:02 剩余摇奖次数：8
Apr 25 00:09:02 获得优惠券：仅可购买美妆部分自营商品
Apr 25 00:09:02 
Apr 25 00:09:02 开始 【摇京豆】 摇奖
Apr 25 00:09:04 剩余摇奖次数：7
Apr 25 00:09:04 获得优惠券：仅可购买个人护理品类部分商品
Apr 25 00:09:04 
Apr 25 00:09:04 开始 【摇京豆】 摇奖
Apr 25 00:09:05 开始 【摇京豆】 摇奖
Apr 25 00:09:06 剩余摇奖次数：6
Apr 25 00:09:06 获得优惠券：仅可购买个人护理品类部分商品
Apr 25 00:09:06 
Apr 25 00:09:06 开始 【摇京豆】 摇奖
Apr 25 00:09:07 剩余摇奖次数：5
Apr 25 00:09:07 获得优惠券：限购[博雅世图图书专营店]店铺部分商品
Apr 25 00:09:07 
Apr 25 00:09:07 开始 【摇京豆】 摇奖
Apr 25 00:09:08 剩余摇奖次数：4
Apr 25 00:09:08 获得优惠券：限购[博雅世图图书专营店]店铺部分商品
Apr 25 00:09:08 
Apr 25 00:09:08 开始 【摇京豆】 摇奖
Apr 25 00:09:10 剩余摇奖次数：3
Apr 25 00:09:10 获得优惠券：限购[国教图书专营店]店铺部分商品
Apr 25 00:09:10 
Apr 25 00:09:10 开始 【摇京豆】 摇奖
Apr 25 00:09:11 开始 【摇京豆】 摇奖
Apr 25 00:09:12 剩余摇奖次数：2
Apr 25 00:09:12 获得优惠券：限购[百草味官方旗舰店]店铺部分商品
Apr 25 00:09:12 
Apr 25 00:09:12 京东会员第7天签到结果；{"data":{"pin":"jd_46928899fcc30","rewardVos":[{"couponVo":null,"drawInfoVo":null,"hongBaoVo":null,"jingBeanVo":{"beanNum":1},"pitType":0,"rewardSource":1,"signItemId":"592868866089234432","signTime":"2021-04-25 00:09:12","signType":0},{"couponVo":null,"drawInfoVo":null,"hongBaoVo":null,"jingBeanVo":{"beanNum":18},"pitType":0,"rewardSource":0,"signItemId":"592868866114400256","signTime":"2021-04-25 00:09:12","signType":1}],"signActId":"1","signActInstanceId":"591041778760953856"},"dataAbInfoList":null,"expInfo":null,"expLabel":null,"message":null,"officialDocument":null,"pftid":null,"resultCode":null,"resultTips":null,"success":true}
Apr 25 00:09:12 京东会员第7天签到成功。获得1京豆
Apr 25 00:09:12 
Apr 25 00:09:12 
Apr 25 00:09:12 【超级摇一摇】获取信息失败：没有查询到活动信息
Apr 25 00:09:12 
Apr 25 00:09:12 【4.19苏泊尔 brandActivityId】：d629534c-5276-4b59-953f-ba101df525e5
Apr 25 00:09:13 超级超级品牌日 getHomeData 失败： 活动不在进行中哦
Apr 25 00:09:13 去看看其他活动吧~
Apr 25 00:09:13 【4.19苏泊尔 超级品牌日】：已完成抽奖或活动不在进行中
Apr 25 00:09:13 
Apr 25 00:09:13 ==============📣系统通知📣==============
Apr 25 00:09:13 摇京豆
Apr 25 00:09:13 京东账号5 jd_46928899fcc30
Apr 25 00:09:13 
Apr 25 00:09:13 京东会员签到：1获得京豆
Apr 25 00:09:13 
Apr 25 00:09:13 开始【京东账号6】jd_EirxWEerdtmu
Apr 25 00:09:13 
Apr 25 00:09:13 开始做浏览页面任务
Apr 25 00:09:21 开始做关注店铺任务
Apr 25 00:09:23 摇京豆——摇奖次数9
Apr 25 00:09:23 京东会员——摇奖次数7
Apr 25 00:09:23 开始 【京东会员】 摇奖
Apr 25 00:09:25 京东会员-剩余摇奖次数：6
Apr 25 00:09:25 恭喜你，京东会员中奖了，获得1京豆
Apr 25 00:09:25 
Apr 25 00:09:25 开始 【京东会员】 摇奖
Apr 25 00:09:26 京东会员-剩余摇奖次数：5
Apr 25 00:09:26 未中奖
Apr 25 00:09:26 
Apr 25 00:09:26 开始 【京东会员】 摇奖
Apr 25 00:09:27 京东会员-剩余摇奖次数：4
Apr 25 00:09:27 未中奖
Apr 25 00:09:27 
Apr 25 00:09:27 开始 【京东会员】 摇奖
Apr 25 00:09:28 京东会员-剩余摇奖次数：3
Apr 25 00:09:28 未中奖
Apr 25 00:09:28 
Apr 25 00:09:28 开始 【京东会员】 摇奖
Apr 25 00:09:30 京东会员-剩余摇奖次数：2
Apr 25 00:09:30 未中奖
Apr 25 00:09:30 
Apr 25 00:09:30 开始 【京东会员】 摇奖
Apr 25 00:09:31 京东会员-剩余摇奖次数：1
Apr 25 00:09:31 未中奖
Apr 25 00:09:31 
Apr 25 00:09:31 开始 【京东会员】 摇奖
Apr 25 00:09:32 京东会员-剩余摇奖次数：0
Apr 25 00:09:32 未中奖
Apr 25 00:09:32 
Apr 25 00:09:32 开始 【摇京豆】 摇奖
Apr 25 00:09:33 剩余摇奖次数：8
Apr 25 00:09:33 获得优惠券：限购[菲奥家庭清洁专营店]店铺商品
Apr 25 00:09:33 
Apr 25 00:09:33 开始 【摇京豆】 摇奖
Apr 25 00:09:34 剩余摇奖次数：7
Apr 25 00:09:34 摇奖其他未知结果：{"data":{"luckyBox":{"costBeanCount":2,"feeTimes":2,"freeTimes":7,"totalBeanCount":1302}},"success":true}
Apr 25 00:09:34 
Apr 25 00:09:34 开始 【摇京豆】 摇奖
Apr 25 00:09:36 剩余摇奖次数：6
Apr 25 00:09:36 获得优惠券：限购[凡购家庭清洁专营店]店铺商品
Apr 25 00:09:36 
Apr 25 00:09:36 开始 【摇京豆】 摇奖
Apr 25 00:09:37 剩余摇奖次数：5
Apr 25 00:09:37 获得优惠券：仅可购买佳佰部分商品
Apr 25 00:09:37 
Apr 25 00:09:37 开始 【摇京豆】 摇奖
Apr 25 00:09:38 剩余摇奖次数：4
Apr 25 00:09:38 获得优惠券：仅可购买佳佰部分商品
Apr 25 00:09:38 
Apr 25 00:09:38 开始 【摇京豆】 摇奖
Apr 25 00:09:39 剩余摇奖次数：3
Apr 25 00:09:39 获得优惠券：仅可购买成人尿裤自营商品
Apr 25 00:09:39 
Apr 25 00:09:39 开始 【摇京豆】 摇奖
Apr 25 00:09:40 剩余摇奖次数：2
Apr 25 00:09:40 获得优惠券：仅可购买京东京造部分商品
Apr 25 00:09:40 
Apr 25 00:09:40 开始 【摇京豆】 摇奖
Apr 25 00:09:42 剩余摇奖次数：1
Apr 25 00:09:42 获得优惠券：仅可购买京东京造部分商品
Apr 25 00:09:42 
Apr 25 00:09:42 开始 【摇京豆】 摇奖
Apr 25 00:09:43 剩余摇奖次数：0
Apr 25 00:09:43 获得优惠券：仅可购买佳佰部分商品
Apr 25 00:09:43 
Apr 25 00:09:43 京东会员第7天签到结果；{"data":{"pin":"jd_EirxWEerdtmu","rewardVos":[{"couponVo":null,"drawInfoVo":null,"hongBaoVo":null,"jingBeanVo":{"beanNum":1},"pitType":0,"rewardSource":1,"signItemId":"592868996116475904","signTime":"2021-04-25 00:09:43","signType":0},{"couponVo":null,"drawInfoVo":null,"hongBaoVo":null,"jingBeanVo":{"beanNum":18},"pitType":0,"rewardSource":0,"signItemId":"592868996150030336","signTime":"2021-04-25 00:09:43","signType":1}],"signActId":"1","signActInstanceId":"591041911919783936"},"dataAbInfoList":null,"expInfo":null,"expLabel":null,"message":null,"officialDocument":null,"pftid":null,"resultCode":null,"resultTips":null,"success":true}
Apr 25 00:09:43 京东会员第7天签到成功。获得1京豆
Apr 25 00:09:43 
Apr 25 00:09:43 
Apr 25 00:09:43 【超级摇一摇】获取信息失败：没有查询到活动信息
Apr 25 00:09:43 
Apr 25 00:09:43 【4.19苏泊尔 brandActivityId】：d629534c-5276-4b59-953f-ba101df525e5
Apr 25 00:09:44 超级超级品牌日 getHomeData 失败： 活动不在进行中哦
Apr 25 00:09:44 去看看其他活动吧~
Apr 25 00:09:44 【4.19苏泊尔 超级品牌日】：已完成抽奖或活动不在进行中
Apr 25 00:09:44 
Apr 25 00:09:44 ==============📣系统通知📣==============
Apr 25 00:09:44 摇京豆
Apr 25 00:09:44 京东账号6 jd_EirxWEerdtmu
Apr 25 00:09:44 摇京豆：获得1京豆
Apr 25 00:09:44 京东会员签到：1获得京豆
Apr 25 00:09:44 
Apr 25 00:09:44 🔔摇京豆, 结束! 🕛 189.131 秒
Apr 25 00:09:44 
Apr 25 23:06:08 
Apr 25 23:06:08 🔔摇京豆, 开始!
Apr 25 23:06:08 
Apr 25 23:06:08 ====================共6个京东账号Cookie=========
Apr 25 23:06:08 
Apr 25 23:06:08 ==================脚本执行- 北京时间(UTC+8)：4/25/2021, 11:06:08 PM=====================
Apr 25 23:06:08 
Apr 25 23:06:09 
Apr 25 23:06:09 开始【京东账号1】最初的梦想o
Apr 25 23:06:09 
Apr 25 23:06:09 摇京豆——摇奖次数0
Apr 25 23:06:09 京东会员——摇奖次数1
Apr 25 23:06:09 开始 【京东会员】 摇奖
Apr 25 23:06:11 京东会员-剩余摇奖次数：0
Apr 25 23:06:11 未中奖
Apr 25 23:06:11 
Apr 25 23:06:11 京东会员第2天已签到
Apr 25 23:06:11 
Apr 25 23:06:11 【超级摇一摇】获取信息失败：没有查询到活动信息
Apr 25 23:06:11 
Apr 25 23:06:11 【4.19苏泊尔 brandActivityId】：d629534c-5276-4b59-953f-ba101df525e5
Apr 25 23:06:11 超级超级品牌日 getHomeData 失败： 活动不在进行中哦
Apr 25 23:06:11 去看看其他活动吧~
Apr 25 23:06:11 【4.19苏泊尔 超级品牌日】：已完成抽奖或活动不在进行中
Apr 25 23:06:11 
Apr 25 23:06:11 开始【京东账号2】jd_MCazEJrLyuXn
Apr 25 23:06:11 
Apr 25 23:06:12 摇京豆——摇奖次数0
Apr 25 23:06:12 京东会员——摇奖次数7
Apr 25 23:06:12 开始 【京东会员】 摇奖
Apr 25 23:06:13 开始 【京东会员】 摇奖
Apr 25 23:06:14 开始 【京东会员】 摇奖
Apr 25 23:06:15 开始 【京东会员】 摇奖
Apr 25 23:06:16 开始 【京东会员】 摇奖
Apr 25 23:06:17 开始 【京东会员】 摇奖
Apr 25 23:06:18 开始 【京东会员】 摇奖
Apr 25 23:06:20 京东会员第7天签到结果；{"data":null,"dataAbInfoList":null,"expInfo":null,"expLabel":null,"message":"活动太火爆，请稍后再试","officialDocument":"活动太火爆，请稍后再试","pftid":null,"resultCode":"2400013","resultTips":"活动太火爆，请稍后再试","success":false}
Apr 25 23:06:20 
Apr 25 23:06:20 【超级摇一摇】获取信息失败：没有查询到活动信息
Apr 25 23:06:20 
Apr 25 23:06:20 【4.19苏泊尔 brandActivityId】：d629534c-5276-4b59-953f-ba101df525e5
Apr 25 23:06:20 超级超级品牌日 getHomeData 失败： 活动不在进行中哦
Apr 25 23:06:20 去看看其他活动吧~
Apr 25 23:06:20 【4.19苏泊尔 超级品牌日】：已完成抽奖或活动不在进行中
Apr 25 23:06:20 
Apr 25 23:06:20 开始【京东账号3】鬼神之吕奉先
Apr 25 23:06:20 
Apr 25 23:06:21 摇京豆——摇奖次数0
Apr 25 23:06:21 京东会员——摇奖次数0
Apr 25 23:06:21 京东会员第7天已签到
Apr 25 23:06:21 
Apr 25 23:06:21 【超级摇一摇】获取信息失败：没有查询到活动信息
Apr 25 23:06:21 
Apr 25 23:06:21 【4.19苏泊尔 brandActivityId】：d629534c-5276-4b59-953f-ba101df525e5
Apr 25 23:06:21 超级超级品牌日 getHomeData 失败： 活动不在进行中哦
Apr 25 23:06:21 去看看其他活动吧~
Apr 25 23:06:21 【4.19苏泊尔 超级品牌日】：已完成抽奖或活动不在进行中
Apr 25 23:06:21 
Apr 25 23:06:21 开始【京东账号4】jd_189371pwlx
Apr 25 23:06:21 
Apr 25 23:06:22 摇京豆——摇奖次数0
Apr 25 23:06:22 京东会员——摇奖次数0
Apr 25 23:06:22 京东会员第7天已签到
Apr 25 23:06:22 
Apr 25 23:06:22 【超级摇一摇】获取信息失败：没有查询到活动信息
Apr 25 23:06:22 
Apr 25 23:06:22 【4.19苏泊尔 brandActivityId】：d629534c-5276-4b59-953f-ba101df525e5
Apr 25 23:06:22 超级超级品牌日 getHomeData 失败： 活动不在进行中哦
Apr 25 23:06:22 去看看其他活动吧~
Apr 25 23:06:22 【4.19苏泊尔 超级品牌日】：已完成抽奖或活动不在进行中
Apr 25 23:06:23 
Apr 25 23:06:23 开始【京东账号5】jd_46928899fcc30
Apr 25 23:06:23 
Apr 25 23:06:23 摇京豆——摇奖次数0
Apr 25 23:06:23 京东会员——摇奖次数0
Apr 25 23:06:23 京东会员第7天已签到
Apr 25 23:06:23 
Apr 25 23:06:23 【超级摇一摇】获取信息失败：没有查询到活动信息
Apr 25 23:06:23 
Apr 25 23:06:23 【4.19苏泊尔 brandActivityId】：d629534c-5276-4b59-953f-ba101df525e5
Apr 25 23:06:24 超级超级品牌日 getHomeData 失败： 活动不在进行中哦
Apr 25 23:06:24 去看看其他活动吧~
Apr 25 23:06:24 【4.19苏泊尔 超级品牌日】：已完成抽奖或活动不在进行中
Apr 25 23:06:24 
Apr 25 23:06:24 开始【京东账号6】jd_EirxWEerdtmu
Apr 25 23:06:24 
Apr 25 23:06:24 摇京豆——摇奖次数0
Apr 25 23:06:24 京东会员——摇奖次数0
Apr 25 23:06:24 京东会员第7天已签到
Apr 25 23:06:25 
Apr 25 23:06:25 【超级摇一摇】获取信息失败：没有查询到活动信息
Apr 25 23:06:25 
Apr 25 23:06:25 【4.19苏泊尔 brandActivityId】：d629534c-5276-4b59-953f-ba101df525e5
Apr 25 23:06:25 超级超级品牌日 getHomeData 失败： 活动不在进行中哦
Apr 25 23:06:25 去看看其他活动吧~
Apr 25 23:06:25 【4.19苏泊尔 超级品牌日】：已完成抽奖或活动不在进行中
Apr 25 23:06:25 
Apr 25 23:06:25 🔔摇京豆, 结束! 🕛 16.633 秒
Apr 25 23:06:25 
Apr 26 00:07:40 
Apr 26 00:07:40 🔔摇京豆, 开始!
Apr 26 00:07:40 
Apr 26 00:07:40 ====================共6个京东账号Cookie=========
Apr 26 00:07:40 
Apr 26 00:07:40 ==================脚本执行- 北京时间(UTC+8)：4/26/2021, 12:07:40 AM=====================
Apr 26 00:07:40 
Apr 26 00:07:41 
Apr 26 00:07:41 开始【京东账号1】最初的梦想o
Apr 26 00:07:41 
Apr 26 00:07:41 开始做浏览页面任务
Apr 26 00:07:49 开始做关注店铺任务
Apr 26 00:07:52 摇京豆——摇奖次数9
Apr 26 00:07:52 京东会员——摇奖次数7
Apr 26 00:07:52 开始 【京东会员】 摇奖
Apr 26 00:07:53 京东会员-剩余摇奖次数：6
Apr 26 00:07:53 恭喜你，京东会员中奖了，获得1京豆
Apr 26 00:07:53 
Apr 26 00:07:53 开始 【京东会员】 摇奖
Apr 26 00:07:54 京东会员-剩余摇奖次数：5
Apr 26 00:07:54 未中奖
Apr 26 00:07:54 
Apr 26 00:07:54 开始 【京东会员】 摇奖
Apr 26 00:07:55 京东会员-剩余摇奖次数：4
Apr 26 00:07:55 未中奖
Apr 26 00:07:55 
Apr 26 00:07:55 开始 【京东会员】 摇奖
Apr 26 00:07:57 京东会员-剩余摇奖次数：3
Apr 26 00:07:57 未中奖
Apr 26 00:07:57 
Apr 26 00:07:57 开始 【京东会员】 摇奖
Apr 26 00:07:58 京东会员-剩余摇奖次数：2
Apr 26 00:07:58 恭喜你，京东会员中奖了，获得1京豆
Apr 26 00:07:58 
Apr 26 00:07:58 开始 【京东会员】 摇奖
Apr 26 00:07:59 京东会员-剩余摇奖次数：1
Apr 26 00:07:59 未中奖
Apr 26 00:07:59 
Apr 26 00:07:59 开始 【京东会员】 摇奖
Apr 26 00:08:00 京东会员-剩余摇奖次数：0
Apr 26 00:08:00 未中奖
Apr 26 00:08:00 
Apr 26 00:08:00 开始 【摇京豆】 摇奖
Apr 26 00:08:01 剩余摇奖次数：8
Apr 26 00:08:01 摇奖其他未知结果：{"data":{"luckyBox":{"costBeanCount":2,"feeTimes":2,"freeTimes":8,"totalBeanCount":8649}},"success":true}
Apr 26 00:08:01 
Apr 26 00:08:01 开始 【摇京豆】 摇奖
Apr 26 00:08:03 剩余摇奖次数：7
Apr 26 00:08:03 摇奖其他未知结果：{"data":{"luckyBox":{"costBeanCount":2,"feeTimes":2,"freeTimes":7,"totalBeanCount":8649}},"success":true}
Apr 26 00:08:03 
Apr 26 00:08:03 开始 【摇京豆】 摇奖
Apr 26 00:08:04 剩余摇奖次数：6
Apr 26 00:08:04 摇奖其他未知结果：{"data":{"luckyBox":{"costBeanCount":2,"feeTimes":2,"freeTimes":6,"totalBeanCount":8649}},"success":true}
Apr 26 00:08:04 
Apr 26 00:08:04 开始 【摇京豆】 摇奖
Apr 26 00:08:05 剩余摇奖次数：5
Apr 26 00:08:05 摇奖其他未知结果：{"data":{"luckyBox":{"costBeanCount":2,"feeTimes":2,"freeTimes":5,"totalBeanCount":8649}},"success":true}
Apr 26 00:08:05 
Apr 26 00:08:05 开始 【摇京豆】 摇奖
Apr 26 00:08:06 剩余摇奖次数：4
Apr 26 00:08:06 摇奖其他未知结果：{"data":{"luckyBox":{"costBeanCount":2,"feeTimes":2,"freeTimes":4,"totalBeanCount":8649}},"success":true}
Apr 26 00:08:06 
Apr 26 00:08:06 开始 【摇京豆】 摇奖
Apr 26 00:08:08 剩余摇奖次数：3
Apr 26 00:08:08 摇奖其他未知结果：{"data":{"luckyBox":{"costBeanCount":2,"feeTimes":2,"freeTimes":3,"totalBeanCount":8649}},"success":true}
Apr 26 00:08:08 
Apr 26 00:08:08 开始 【摇京豆】 摇奖
Apr 26 00:08:09 剩余摇奖次数：2
Apr 26 00:08:09 摇奖其他未知结果：{"data":{"luckyBox":{"costBeanCount":2,"feeTimes":2,"freeTimes":2,"totalBeanCount":8649}},"success":true}
Apr 26 00:08:09 
Apr 26 00:08:09 开始 【摇京豆】 摇奖
Apr 26 00:08:10 剩余摇奖次数：1
Apr 26 00:08:10 摇奖其他未知结果：{"data":{"luckyBox":{"costBeanCount":2,"feeTimes":2,"freeTimes":1,"totalBeanCount":8649}},"success":true}
Apr 26 00:08:10 
Apr 26 00:08:10 开始 【摇京豆】 摇奖
Apr 26 00:08:11 剩余摇奖次数：0
Apr 26 00:08:11 摇奖其他未知结果：{"data":{"luckyBox":{"costBeanCount":2,"feeTimes":2,"freeTimes":0,"totalBeanCount":8649}},"success":true}
Apr 26 00:08:11 
Apr 26 00:08:12 京东会员第3天签到结果；{"data":{"pin":"18337656372_p","rewardVos":[{"couponVo":null,"drawInfoVo":null,"hongBaoVo":null,"jingBeanVo":{"beanNum":1},"pitType":0,"rewardSource":0,"signItemId":"593230999808880640","signTime":"2021-04-26 00:08:12","signType":0},{"couponVo":null,"drawInfoVo":null,"hongBaoVo":null,"jingBeanVo":null,"pitType":3,"rewardSource":1,"signItemId":"593230999808880640","signTime":"2021-04-26 00:08:12","signType":0},{"couponVo":null,"drawInfoVo":null,"hongBaoVo":null,"jingBeanVo":{"beanNum":8},"pitType":0,"rewardSource":0,"signItemId":"593230999863406592","signTime":"2021-04-26 00:08:12","signType":1}],"signActId":"1","signActInstanceId":"592506201520517120"},"dataAbInfoList":null,"expInfo":null,"expLabel":null,"message":null,"officialDocument":null,"pftid":null,"resultCode":null,"resultTips":null,"success":true}
Apr 26 00:08:12 京东会员第3天签到成功。获得1京豆
Apr 26 00:08:12 
Apr 26 00:08:12 
Apr 26 00:08:12 【超级摇一摇】获取信息失败：没有查询到活动信息
Apr 26 00:08:12 
Apr 26 00:08:12 【4.19苏泊尔 brandActivityId】：d629534c-5276-4b59-953f-ba101df525e5
Apr 26 00:08:12 超级超级品牌日 getHomeData 失败： 活动不在进行中哦
Apr 26 00:08:12 去看看其他活动吧~
Apr 26 00:08:12 【4.19苏泊尔 超级品牌日】：已完成抽奖或活动不在进行中
Apr 26 00:08:12 
Apr 26 00:08:12 ==============📣系统通知📣==============
Apr 26 00:08:12 摇京豆
Apr 26 00:08:12 京东账号1 最初的梦想o
Apr 26 00:08:12 摇京豆：获得2京豆
Apr 26 00:08:12 京东会员签到：1获得京豆
Apr 26 00:08:12 
Apr 26 00:08:12 开始【京东账号2】jd_MCazEJrLyuXn
Apr 26 00:08:12 
Apr 26 00:08:12 开始做浏览页面任务
Apr 26 00:08:20 开始做关注店铺任务
Apr 26 00:08:23 摇京豆——摇奖次数10
Apr 26 00:08:23 京东会员——摇奖次数7
Apr 26 00:08:23 开始 【京东会员】 摇奖
Apr 26 00:08:24 开始 【京东会员】 摇奖
Apr 26 00:08:25 开始 【京东会员】 摇奖
Apr 26 00:08:26 开始 【京东会员】 摇奖
Apr 26 00:08:27 开始 【京东会员】 摇奖
Apr 26 00:08:28 开始 【京东会员】 摇奖
Apr 26 00:08:30 开始 【京东会员】 摇奖
Apr 26 00:08:31 开始 【摇京豆】 摇奖
Apr 26 00:08:32 剩余摇奖次数：9
Apr 26 00:08:32 摇奖其他未知结果：{"data":{"luckyBox":{"costBeanCount":2,"feeTimes":2,"freeTimes":9,"totalBeanCount":1099}},"success":true}
Apr 26 00:08:32 
Apr 26 00:08:32 开始 【摇京豆】 摇奖
Apr 26 00:08:33 剩余摇奖次数：8
Apr 26 00:08:33 摇奖其他未知结果：{"data":{"luckyBox":{"costBeanCount":2,"feeTimes":2,"freeTimes":8,"totalBeanCount":1099}},"success":true}
Apr 26 00:08:33 
Apr 26 00:08:33 开始 【摇京豆】 摇奖
Apr 26 00:08:34 剩余摇奖次数：7
Apr 26 00:08:34 摇奖其他未知结果：{"data":{"luckyBox":{"costBeanCount":2,"feeTimes":2,"freeTimes":7,"totalBeanCount":1099}},"success":true}
Apr 26 00:08:34 
Apr 26 00:08:34 开始 【摇京豆】 摇奖
Apr 26 00:08:35 剩余摇奖次数：6
Apr 26 00:08:35 摇奖其他未知结果：{"data":{"luckyBox":{"costBeanCount":2,"feeTimes":2,"freeTimes":6,"totalBeanCount":1099}},"success":true}
Apr 26 00:08:35 
Apr 26 00:08:35 开始 【摇京豆】 摇奖
Apr 26 00:08:37 剩余摇奖次数：5
Apr 26 00:08:37 摇奖其他未知结果：{"data":{"luckyBox":{"costBeanCount":2,"feeTimes":2,"freeTimes":5,"totalBeanCount":1099}},"success":true}
Apr 26 00:08:37 
Apr 26 00:08:37 开始 【摇京豆】 摇奖
Apr 26 00:08:38 剩余摇奖次数：4
Apr 26 00:08:38 摇奖其他未知结果：{"data":{"luckyBox":{"costBeanCount":2,"feeTimes":2,"freeTimes":4,"totalBeanCount":1099}},"success":true}
Apr 26 00:08:38 
Apr 26 00:08:38 开始 【摇京豆】 摇奖
Apr 26 00:08:39 剩余摇奖次数：3
Apr 26 00:08:39 摇奖其他未知结果：{"data":{"luckyBox":{"costBeanCount":2,"feeTimes":2,"freeTimes":3,"totalBeanCount":1099}},"success":true}
Apr 26 00:08:39 
Apr 26 00:08:39 开始 【摇京豆】 摇奖
Apr 26 00:08:40 剩余摇奖次数：2
Apr 26 00:08:40 摇奖其他未知结果：{"data":{"luckyBox":{"costBeanCount":2,"feeTimes":2,"freeTimes":2,"totalBeanCount":1099}},"success":true}
Apr 26 00:08:40 
Apr 26 00:08:40 开始 【摇京豆】 摇奖
Apr 26 00:08:41 剩余摇奖次数：1
Apr 26 00:08:41 摇奖其他未知结果：{"data":{"luckyBox":{"costBeanCount":2,"feeTimes":2,"freeTimes":1,"totalBeanCount":1099}},"success":true}
Apr 26 00:08:41 
Apr 26 00:08:41 开始 【摇京豆】 摇奖
Apr 26 00:08:43 剩余摇奖次数：0
Apr 26 00:08:43 摇奖其他未知结果：{"data":{"luckyBox":{"costBeanCount":2,"feeTimes":2,"freeTimes":0,"totalBeanCount":1099}},"success":true}
Apr 26 00:08:43 
Apr 26 00:08:43 京东会员第1天签到结果；{"data":null,"dataAbInfoList":null,"expInfo":null,"expLabel":null,"message":"活动太火爆，请稍后再试","officialDocument":"活动太火爆，请稍后再试","pftid":null,"resultCode":"2400013","resultTips":"活动太火爆，请稍后再试","success":false}
Apr 26 00:08:43 
Apr 26 00:08:43 【超级摇一摇】获取信息失败：没有查询到活动信息
Apr 26 00:08:43 
Apr 26 00:08:43 【4.19苏泊尔 brandActivityId】：d629534c-5276-4b59-953f-ba101df525e5
Apr 26 00:08:43 超级超级品牌日 getHomeData 失败： 活动不在进行中哦
Apr 26 00:08:43 去看看其他活动吧~
Apr 26 00:08:43 【4.19苏泊尔 超级品牌日】：已完成抽奖或活动不在进行中
Apr 26 00:08:43 
Apr 26 00:08:43 开始【京东账号3】鬼神之吕奉先
Apr 26 00:08:43 
Apr 26 00:08:43 开始做浏览页面任务
Apr 26 00:08:52 开始做关注店铺任务
Apr 26 00:08:54 摇京豆——摇奖次数9
Apr 26 00:08:54 京东会员——摇奖次数7
Apr 26 00:08:54 开始 【京东会员】 摇奖
Apr 26 00:08:55 京东会员-剩余摇奖次数：6
Apr 26 00:08:55 未中奖
Apr 26 00:08:55 
Apr 26 00:08:55 开始 【京东会员】 摇奖
Apr 26 00:08:57 京东会员-剩余摇奖次数：5
Apr 26 00:08:57 未中奖
Apr 26 00:08:57 
Apr 26 00:08:57 开始 【京东会员】 摇奖
Apr 26 00:08:58 京东会员-剩余摇奖次数：4
Apr 26 00:08:58 恭喜你，京东会员中奖了，获得1京豆
Apr 26 00:08:58 
Apr 26 00:08:58 开始 【京东会员】 摇奖
Apr 26 00:08:59 京东会员-剩余摇奖次数：3
Apr 26 00:08:59 恭喜你，京东会员中奖了，获得1京豆
Apr 26 00:08:59 
Apr 26 00:08:59 开始 【京东会员】 摇奖
Apr 26 00:09:00 京东会员-剩余摇奖次数：2
Apr 26 00:09:00 恭喜你，京东会员中奖了，获得1京豆
Apr 26 00:09:00 
Apr 26 00:09:00 开始 【京东会员】 摇奖
Apr 26 00:09:01 京东会员-剩余摇奖次数：1
Apr 26 00:09:01 未中奖
Apr 26 00:09:01 
Apr 26 00:09:01 开始 【京东会员】 摇奖
Apr 26 00:09:02 京东会员-剩余摇奖次数：0
Apr 26 00:09:02 未中奖
Apr 26 00:09:02 
Apr 26 00:09:02 开始 【摇京豆】 摇奖
Apr 26 00:09:03 剩余摇奖次数：8
Apr 26 00:09:03 摇奖其他未知结果：{"data":{"luckyBox":{"costBeanCount":2,"feeTimes":2,"freeTimes":8,"totalBeanCount":4316}},"success":true}
Apr 26 00:09:03 
Apr 26 00:09:03 开始 【摇京豆】 摇奖
Apr 26 00:09:05 剩余摇奖次数：7
Apr 26 00:09:05 获得优惠券：限购[宅一起生活电器旗舰店]店铺商品
Apr 26 00:09:05 
Apr 26 00:09:05 开始 【摇京豆】 摇奖
Apr 26 00:09:06 剩余摇奖次数：6
Apr 26 00:09:06 获得优惠券：限购[宅一起生活电器旗舰店]店铺商品
Apr 26 00:09:06 
Apr 26 00:09:06 开始 【摇京豆】 摇奖
Apr 26 00:09:07 剩余摇奖次数：5
Apr 26 00:09:07 获得优惠券：限购[宅一起生活电器旗舰店]店铺商品
Apr 26 00:09:07 
Apr 26 00:09:07 开始 【摇京豆】 摇奖
Apr 26 00:09:08 剩余摇奖次数：4
Apr 26 00:09:08 获得优惠券：限购[宅一起生活电器旗舰店]店铺商品
Apr 26 00:09:08 
Apr 26 00:09:08 开始 【摇京豆】 摇奖
Apr 26 00:09:09 开始 【摇京豆】 摇奖
Apr 26 00:09:11 剩余摇奖次数：3
Apr 26 00:09:11 获得优惠券：限购[阿米巴房产专营店]店铺部分商品
Apr 26 00:09:11 
Apr 26 00:09:11 开始 【摇京豆】 摇奖
Apr 26 00:09:12 剩余摇奖次数：2
Apr 26 00:09:12 获得优惠券：仅可购买小家电品类部分商品
Apr 26 00:09:12 
Apr 26 00:09:12 开始 【摇京豆】 摇奖
Apr 26 00:09:13 剩余摇奖次数：1
Apr 26 00:09:13 获得优惠券：限购[京东房产自营旗舰店]店铺商品
Apr 26 00:09:13 
Apr 26 00:09:13 京东会员第1天签到结果；{"data":{"pin":"鬼神之吕奉先","rewardVos":[{"couponVo":null,"drawInfoVo":null,"hongBaoVo":null,"jingBeanVo":{"beanNum":1},"pitType":0,"rewardSource":0,"signItemId":"593231258760998912","signTime":"2021-04-26 00:09:13","signType":0},{"couponVo":null,"drawInfoVo":null,"hongBaoVo":null,"jingBeanVo":null,"pitType":3,"rewardSource":1,"signItemId":"593231258760998912","signTime":"2021-04-26 00:09:13","signType":0}],"signActId":"1","signActInstanceId":"593231258065235968"},"dataAbInfoList":null,"expInfo":null,"expLabel":null,"message":null,"officialDocument":null,"pftid":null,"resultCode":null,"resultTips":null,"success":true}
Apr 26 00:09:13 京东会员第1天签到成功。获得1京豆
Apr 26 00:09:13 
Apr 26 00:09:14 
Apr 26 00:09:14 【超级摇一摇】获取信息失败：没有查询到活动信息
Apr 26 00:09:14 
Apr 26 00:09:14 【4.19苏泊尔 brandActivityId】：d629534c-5276-4b59-953f-ba101df525e5
Apr 26 00:09:14 超级超级品牌日 getHomeData 失败： 活动不在进行中哦
Apr 26 00:09:14 去看看其他活动吧~
Apr 26 00:09:14 【4.19苏泊尔 超级品牌日】：已完成抽奖或活动不在进行中
Apr 26 00:09:14 
Apr 26 00:09:14 ==============📣系统通知📣==============
Apr 26 00:09:14 摇京豆
Apr 26 00:09:14 京东账号3 鬼神之吕奉先
Apr 26 00:09:14 摇京豆：获得3京豆
Apr 26 00:09:14 京东会员签到：1获得京豆
Apr 26 00:09:14 
Apr 26 00:09:14 开始【京东账号4】jd_189371pwlx
Apr 26 00:09:14 
Apr 26 00:09:14 开始做浏览页面任务
Apr 26 00:09:22 开始做关注店铺任务
Apr 26 00:09:25 摇京豆——摇奖次数9
Apr 26 00:09:25 京东会员——摇奖次数7
Apr 26 00:09:25 开始 【京东会员】 摇奖
Apr 26 00:09:26 京东会员-剩余摇奖次数：6
Apr 26 00:09:26 恭喜你，京东会员中奖了，获得1京豆
Apr 26 00:09:26 
Apr 26 00:09:26 开始 【京东会员】 摇奖
Apr 26 00:09:27 京东会员-剩余摇奖次数：5
Apr 26 00:09:27 未中奖
Apr 26 00:09:27 
Apr 26 00:09:27 开始 【京东会员】 摇奖
Apr 26 00:09:28 京东会员-剩余摇奖次数：4
Apr 26 00:09:28 未中奖
Apr 26 00:09:28 
Apr 26 00:09:28 开始 【京东会员】 摇奖
Apr 26 00:09:30 京东会员-剩余摇奖次数：3
Apr 26 00:09:30 未中奖
Apr 26 00:09:30 
Apr 26 00:09:30 开始 【京东会员】 摇奖
Apr 26 00:09:31 京东会员-剩余摇奖次数：2
Apr 26 00:09:31 未中奖
Apr 26 00:09:31 
Apr 26 00:09:31 开始 【京东会员】 摇奖
Apr 26 00:09:32 京东会员-剩余摇奖次数：1
Apr 26 00:09:32 恭喜你，京东会员中奖了，获得1京豆
Apr 26 00:09:32 
Apr 26 00:09:32 开始 【京东会员】 摇奖
Apr 26 00:09:33 京东会员-剩余摇奖次数：0
Apr 26 00:09:33 未中奖
Apr 26 00:09:33 
Apr 26 00:09:33 开始 【摇京豆】 摇奖
Apr 26 00:09:34 剩余摇奖次数：8
Apr 26 00:09:34 获得优惠券：仅可购买男装服饰部分商品
Apr 26 00:09:34 
Apr 26 00:09:34 开始 【摇京豆】 摇奖
Apr 26 00:09:36 剩余摇奖次数：7
Apr 26 00:09:36 摇奖其他未知结果：{"data":{"luckyBox":{"costBeanCount":2,"feeTimes":2,"freeTimes":7,"totalBeanCount":2023}},"success":true}
Apr 26 00:09:36 
Apr 26 00:09:36 开始 【摇京豆】 摇奖
Apr 26 00:09:37 剩余摇奖次数：6
Apr 26 00:09:37 获得优惠券：仅可购买男装服饰部分商品
Apr 26 00:09:37 
Apr 26 00:09:37 开始 【摇京豆】 摇奖
Apr 26 00:09:38 剩余摇奖次数：5
Apr 26 00:09:38 获得优惠券：仅可购买内衣类目部分商品
Apr 26 00:09:38 
Apr 26 00:09:38 开始 【摇京豆】 摇奖
Apr 26 00:09:39 剩余摇奖次数：4
Apr 26 00:09:39 获得优惠券：限购[阿米巴房产专营店]店铺部分商品
Apr 26 00:09:39 
Apr 26 00:09:39 开始 【摇京豆】 摇奖
Apr 26 00:09:40 剩余摇奖次数：3
Apr 26 00:09:40 摇奖其他未知结果：{"data":{"luckyBox":{"costBeanCount":2,"feeTimes":2,"freeTimes":3,"totalBeanCount":2023}},"success":true}
Apr 26 00:09:40 
Apr 26 00:09:40 开始 【摇京豆】 摇奖
Apr 26 00:09:41 剩余摇奖次数：2
Apr 26 00:09:41 获得优惠券：仅可购买乳品冷饮（新用户）商品
Apr 26 00:09:41 
Apr 26 00:09:41 开始 【摇京豆】 摇奖
Apr 26 00:09:43 剩余摇奖次数：1
Apr 26 00:09:43 获得优惠券：限购[摩斯维旗舰店]店铺部分商品
Apr 26 00:09:43 
Apr 26 00:09:43 开始 【摇京豆】 摇奖
Apr 26 00:09:44 剩余摇奖次数：0
Apr 26 00:09:44 获得优惠券：仅可购买内衣品类部分商品
Apr 26 00:09:44 
Apr 26 00:09:44 京东会员第1天签到结果；{"data":{"pin":"jd_6ba76f15069fd","rewardVos":[{"couponVo":null,"drawInfoVo":null,"hongBaoVo":null,"jingBeanVo":{"beanNum":1},"pitType":0,"rewardSource":0,"signItemId":"593231388145385472","signTime":"2021-04-26 00:09:44","signType":0},{"couponVo":null,"drawInfoVo":null,"hongBaoVo":null,"jingBeanVo":null,"pitType":3,"rewardSource":1,"signItemId":"593231388145385472","signTime":"2021-04-26 00:09:44","signType":0}],"signActId":"1","signActInstanceId":"593231387507363840"},"dataAbInfoList":null,"expInfo":null,"expLabel":null,"message":null,"officialDocument":null,"pftid":null,"resultCode":null,"resultTips":null,"success":true}
Apr 26 00:09:44 京东会员第1天签到成功。获得1京豆
Apr 26 00:09:44 
Apr 26 00:09:44 
Apr 26 00:09:44 【超级摇一摇】获取信息失败：没有查询到活动信息
Apr 26 00:09:44 
Apr 26 00:09:44 【4.19苏泊尔 brandActivityId】：d629534c-5276-4b59-953f-ba101df525e5
Apr 26 00:09:45 超级超级品牌日 getHomeData 失败： 活动不在进行中哦
Apr 26 00:09:45 去看看其他活动吧~
Apr 26 00:09:45 【4.19苏泊尔 超级品牌日】：已完成抽奖或活动不在进行中
Apr 26 00:09:45 
Apr 26 00:09:45 ==============📣系统通知📣==============
Apr 26 00:09:45 摇京豆
Apr 26 00:09:45 京东账号4 jd_189371pwlx
Apr 26 00:09:45 摇京豆：获得2京豆
Apr 26 00:09:45 京东会员签到：1获得京豆
Apr 26 00:09:45 
Apr 26 00:09:45 开始【京东账号5】jd_46928899fcc30
Apr 26 00:09:45 
Apr 26 00:09:45 开始做浏览页面任务
Apr 26 00:09:53 开始做关注店铺任务
Apr 26 00:09:55 摇京豆——摇奖次数9
Apr 26 00:09:55 京东会员——摇奖次数7
Apr 26 00:09:55 开始 【京东会员】 摇奖
Apr 26 00:09:57 京东会员-剩余摇奖次数：6
Apr 26 00:09:57 恭喜你，京东会员中奖了，获得1京豆
Apr 26 00:09:57 
Apr 26 00:09:57 开始 【京东会员】 摇奖
Apr 26 00:09:58 京东会员-剩余摇奖次数：5
Apr 26 00:09:58 未中奖
Apr 26 00:09:58 
Apr 26 00:09:58 开始 【京东会员】 摇奖
Apr 26 00:09:59 京东会员-剩余摇奖次数：4
Apr 26 00:09:59 未中奖
Apr 26 00:09:59 
Apr 26 00:09:59 开始 【京东会员】 摇奖
Apr 26 00:10:00 京东会员-剩余摇奖次数：3
Apr 26 00:10:00 恭喜你，京东会员中奖了，获得1京豆
Apr 26 00:10:00 
Apr 26 00:10:00 开始 【京东会员】 摇奖
Apr 26 00:10:01 京东会员-剩余摇奖次数：2
Apr 26 00:10:01 未中奖
Apr 26 00:10:01 
Apr 26 00:10:01 开始 【京东会员】 摇奖
Apr 26 00:10:03 京东会员-剩余摇奖次数：1
Apr 26 00:10:03 未中奖
Apr 26 00:10:03 
Apr 26 00:10:03 开始 【京东会员】 摇奖
Apr 26 00:10:04 京东会员-剩余摇奖次数：0
Apr 26 00:10:04 未中奖
Apr 26 00:10:04 
Apr 26 00:10:04 开始 【摇京豆】 摇奖
Apr 26 00:10:05 剩余摇奖次数：8
Apr 26 00:10:05 摇奖其他未知结果：{"data":{"luckyBox":{"costBeanCount":2,"feeTimes":2,"freeTimes":8,"totalBeanCount":1259}},"success":true}
Apr 26 00:10:05 
Apr 26 00:10:05 开始 【摇京豆】 摇奖
Apr 26 00:10:06 剩余摇奖次数：7
Apr 26 00:10:06 获得优惠券：限购[阿米巴房产专营店]店铺部分商品
Apr 26 00:10:06 
Apr 26 00:10:06 开始 【摇京豆】 摇奖
Apr 26 00:10:07 剩余摇奖次数：6
Apr 26 00:10:07 获得优惠券：限购[阔步专营店]店铺部分商品
Apr 26 00:10:07 
Apr 26 00:10:07 开始 【摇京豆】 摇奖
Apr 26 00:10:08 剩余摇奖次数：5
Apr 26 00:10:08 获得优惠券：限购[北京博文图书专营店]店铺部分商品
Apr 26 00:10:08 
Apr 26 00:10:08 开始 【摇京豆】 摇奖
Apr 26 00:10:10 剩余摇奖次数：4
Apr 26 00:10:10 获得优惠券：限购[北京博文图书专营店]店铺部分商品
Apr 26 00:10:10 
Apr 26 00:10:10 开始 【摇京豆】 摇奖
Apr 26 00:10:11 剩余摇奖次数：3
Apr 26 00:10:11 获得优惠券：仅可购买个人护理品类部分商品
Apr 26 00:10:11 
Apr 26 00:10:11 开始 【摇京豆】 摇奖
Apr 26 00:10:12 剩余摇奖次数：2
Apr 26 00:10:12 获得优惠券：仅可购买自营图书部分商品
Apr 26 00:10:12 
Apr 26 00:10:12 开始 【摇京豆】 摇奖
Apr 26 00:10:13 剩余摇奖次数：1
Apr 26 00:10:13 获得优惠券：仅可购买京东京造部分商品
Apr 26 00:10:13 
Apr 26 00:10:13 开始 【摇京豆】 摇奖
Apr 26 00:10:15 剩余摇奖次数：0
Apr 26 00:10:15 获得优惠券：仅可购买佳佰部分商品
Apr 26 00:10:15 
Apr 26 00:10:15 京东会员第1天签到结果；{"data":{"pin":"jd_46928899fcc30","rewardVos":[{"couponVo":null,"drawInfoVo":null,"hongBaoVo":null,"jingBeanVo":{"beanNum":1},"pitType":0,"rewardSource":0,"signItemId":"593231516618424320","signTime":"2021-04-26 00:10:15","signType":0},{"couponVo":null,"drawInfoVo":null,"hongBaoVo":null,"jingBeanVo":null,"pitType":3,"rewardSource":1,"signItemId":"593231516618424320","signTime":"2021-04-26 00:10:15","signType":0}],"signActId":"1","signActInstanceId":"593231515909402624"},"dataAbInfoList":null,"expInfo":null,"expLabel":null,"message":null,"officialDocument":null,"pftid":null,"resultCode":null,"resultTips":null,"success":true}
Apr 26 00:10:15 京东会员第1天签到成功。获得1京豆
Apr 26 00:10:15 
Apr 26 00:10:15 
Apr 26 00:10:15 【超级摇一摇】获取信息失败：没有查询到活动信息
Apr 26 00:10:15 
Apr 26 00:10:15 【4.19苏泊尔 brandActivityId】：d629534c-5276-4b59-953f-ba101df525e5
Apr 26 00:10:15 超级超级品牌日 getHomeData 失败： 活动不在进行中哦
Apr 26 00:10:15 去看看其他活动吧~
Apr 26 00:10:15 【4.19苏泊尔 超级品牌日】：已完成抽奖或活动不在进行中
Apr 26 00:10:15 
Apr 26 00:10:15 ==============📣系统通知📣==============
Apr 26 00:10:15 摇京豆
Apr 26 00:10:15 京东账号5 jd_46928899fcc30
Apr 26 00:10:15 摇京豆：获得2京豆
Apr 26 00:10:15 京东会员签到：1获得京豆
Apr 26 00:10:15 
Apr 26 00:10:15 开始【京东账号6】jd_EirxWEerdtmu
Apr 26 00:10:15 
Apr 26 00:10:15 开始做浏览页面任务
Apr 26 00:10:24 开始做关注店铺任务
Apr 26 00:10:26 摇京豆——摇奖次数9
Apr 26 00:10:26 京东会员——摇奖次数7
Apr 26 00:10:26 开始 【京东会员】 摇奖
Apr 26 00:10:27 京东会员-剩余摇奖次数：6
Apr 26 00:10:27 恭喜你，京东会员中奖了，获得1京豆
Apr 26 00:10:27 
Apr 26 00:10:27 开始 【京东会员】 摇奖
Apr 26 00:10:28 京东会员-剩余摇奖次数：5
Apr 26 00:10:28 未中奖
Apr 26 00:10:28 
Apr 26 00:10:28 开始 【京东会员】 摇奖
Apr 26 00:10:30 京东会员-剩余摇奖次数：4
Apr 26 00:10:30 未中奖
Apr 26 00:10:30 
Apr 26 00:10:30 开始 【京东会员】 摇奖
Apr 26 00:10:31 京东会员-剩余摇奖次数：3
Apr 26 00:10:31 恭喜你，京东会员中奖了，获得1京豆
Apr 26 00:10:31 
Apr 26 00:10:31 开始 【京东会员】 摇奖
Apr 26 00:10:32 京东会员-剩余摇奖次数：2
Apr 26 00:10:32 未中奖
Apr 26 00:10:32 
Apr 26 00:10:32 开始 【京东会员】 摇奖
Apr 26 00:10:33 京东会员-剩余摇奖次数：1
Apr 26 00:10:33 未中奖
Apr 26 00:10:33 
Apr 26 00:10:33 开始 【京东会员】 摇奖
Apr 26 00:10:34 京东会员-剩余摇奖次数：0
Apr 26 00:10:34 未中奖
Apr 26 00:10:34 
Apr 26 00:10:34 开始 【摇京豆】 摇奖
Apr 26 00:10:36 剩余摇奖次数：8
Apr 26 00:10:36 摇奖其他未知结果：{"data":{"luckyBox":{"costBeanCount":2,"feeTimes":2,"freeTimes":8,"totalBeanCount":1503}},"success":true}
Apr 26 00:10:36 
Apr 26 00:10:36 开始 【摇京豆】 摇奖
Apr 26 00:10:37 剩余摇奖次数：7
Apr 26 00:10:37 获得优惠券：仅可购买佳佰部分商品
Apr 26 00:10:37 
Apr 26 00:10:37 开始 【摇京豆】 摇奖
Apr 26 00:10:38 剩余摇奖次数：6
Apr 26 00:10:38 摇奖其他未知结果：{"data":{"luckyBox":{"costBeanCount":2,"feeTimes":2,"freeTimes":6,"totalBeanCount":1503}},"success":true}
Apr 26 00:10:38 
Apr 26 00:10:38 开始 【摇京豆】 摇奖
Apr 26 00:10:39 剩余摇奖次数：5
Apr 26 00:10:39 获得优惠券：仅可购买佳佰部分商品
Apr 26 00:10:39 
Apr 26 00:10:39 开始 【摇京豆】 摇奖
Apr 26 00:10:40 剩余摇奖次数：4
Apr 26 00:10:40 摇奖其他未知结果：{"data":{"luckyBox":{"costBeanCount":2,"feeTimes":2,"freeTimes":4,"totalBeanCount":1503}},"success":true}
Apr 26 00:10:40 
Apr 26 00:10:40 开始 【摇京豆】 摇奖
Apr 26 00:10:42 剩余摇奖次数：3
Apr 26 00:10:42 获得优惠券：仅可购买佳佰部分商品
Apr 26 00:10:42 
Apr 26 00:10:42 开始 【摇京豆】 摇奖
Apr 26 00:10:43 剩余摇奖次数：2
Apr 26 00:10:43 获得优惠券：仅可购买佳佰部分商品商品
Apr 26 00:10:43 
Apr 26 00:10:43 开始 【摇京豆】 摇奖
Apr 26 00:10:44 剩余摇奖次数：1
Apr 26 00:10:44 获得优惠券：仅可购买部分商品
Apr 26 00:10:44 
Apr 26 00:10:44 开始 【摇京豆】 摇奖
Apr 26 00:10:45 剩余摇奖次数：0
Apr 26 00:10:45 获得优惠券：仅可购买京东京造部分商品
Apr 26 00:10:45 
Apr 26 00:10:46 京东会员第1天签到结果；{"data":{"pin":"jd_EirxWEerdtmu","rewardVos":[{"couponVo":null,"drawInfoVo":null,"hongBaoVo":null,"jingBeanVo":{"beanNum":1},"pitType":0,"rewardSource":0,"signItemId":"593231645851922432","signTime":"2021-04-26 00:10:46","signType":0},{"couponVo":null,"drawInfoVo":null,"hongBaoVo":null,"jingBeanVo":null,"pitType":3,"rewardSource":1,"signItemId":"593231645851922432","signTime":"2021-04-26 00:10:46","signType":0}],"signActId":"1","signActInstanceId":"593231645242880000"},"dataAbInfoList":null,"expInfo":null,"expLabel":null,"message":null,"officialDocument":null,"pftid":null,"resultCode":null,"resultTips":null,"success":true}
Apr 26 00:10:46 京东会员第1天签到成功。获得1京豆
Apr 26 00:10:46 
Apr 26 00:10:46 
Apr 26 00:10:46 【超级摇一摇】获取信息失败：没有查询到活动信息
Apr 26 00:10:46 
Apr 26 00:10:46 【4.19苏泊尔 brandActivityId】：d629534c-5276-4b59-953f-ba101df525e5
Apr 26 00:10:46 超级超级品牌日 getHomeData 失败： 活动不在进行中哦
Apr 26 00:10:46 去看看其他活动吧~
Apr 26 00:10:46 【4.19苏泊尔 超级品牌日】：已完成抽奖或活动不在进行中
Apr 26 00:10:46 
Apr 26 00:10:46 ==============📣系统通知📣==============
Apr 26 00:10:46 摇京豆
Apr 26 00:10:46 京东账号6 jd_EirxWEerdtmu
Apr 26 00:10:46 摇京豆：获得2京豆
Apr 26 00:10:46 京东会员签到：1获得京豆
Apr 26 00:10:46 
Apr 26 00:10:46 🔔摇京豆, 结束! 🕛 185.683 秒
Apr 26 00:10:46 
Apr 26 23:06:07 
Apr 26 23:06:07 🔔摇京豆, 开始!
Apr 26 23:06:07 
Apr 26 23:06:07 ====================共6个京东账号Cookie=========
Apr 26 23:06:07 
Apr 26 23:06:07 ==================脚本执行- 北京时间(UTC+8)：4/26/2021, 11:06:07 PM=====================
Apr 26 23:06:07 
Apr 26 23:06:08 
Apr 26 23:06:08 开始【京东账号1】最初的梦想o
Apr 26 23:06:08 
Apr 26 23:06:08 摇京豆——摇奖次数0
Apr 26 23:06:08 京东会员——摇奖次数0
Apr 26 23:06:08 京东会员第3天已签到
Apr 26 23:06:09 
Apr 26 23:06:09 【超级摇一摇】获取信息失败：没有查询到活动信息
Apr 26 23:06:09 
Apr 26 23:06:09 【4.19苏泊尔 brandActivityId】：d629534c-5276-4b59-953f-ba101df525e5
Apr 26 23:06:09 超级超级品牌日 getHomeData 失败： 活动不在进行中哦
Apr 26 23:06:09 去看看其他活动吧~
Apr 26 23:06:09 【4.19苏泊尔 超级品牌日】：已完成抽奖或活动不在进行中
Apr 26 23:06:09 
Apr 26 23:06:09 开始【京东账号2】jd_MCazEJrLyuXn
Apr 26 23:06:09 
Apr 26 23:06:09 摇京豆——摇奖次数0
Apr 26 23:06:09 京东会员——摇奖次数7
Apr 26 23:06:09 开始 【京东会员】 摇奖
Apr 26 23:06:11 开始 【京东会员】 摇奖
Apr 26 23:06:12 开始 【京东会员】 摇奖
Apr 26 23:06:13 开始 【京东会员】 摇奖
Apr 26 23:06:14 开始 【京东会员】 摇奖
Apr 26 23:06:15 开始 【京东会员】 摇奖
Apr 26 23:06:16 开始 【京东会员】 摇奖
Apr 26 23:06:17 京东会员第1天签到结果；{"data":null,"dataAbInfoList":null,"expInfo":null,"expLabel":null,"message":"活动太火爆，请稍后再试","officialDocument":"活动太火爆，请稍后再试","pftid":null,"resultCode":"2400013","resultTips":"活动太火爆，请稍后再试","success":false}
Apr 26 23:06:17 
Apr 26 23:06:17 【超级摇一摇】获取信息失败：没有查询到活动信息
Apr 26 23:06:17 
Apr 26 23:06:18 【4.19苏泊尔 brandActivityId】：d629534c-5276-4b59-953f-ba101df525e5
Apr 26 23:06:18 超级超级品牌日 getHomeData 失败： 活动不在进行中哦
Apr 26 23:06:18 去看看其他活动吧~
Apr 26 23:06:18 【4.19苏泊尔 超级品牌日】：已完成抽奖或活动不在进行中
Apr 26 23:06:18 
Apr 26 23:06:18 开始【京东账号3】鬼神之吕奉先
Apr 26 23:06:18 
Apr 26 23:06:18 摇京豆——摇奖次数0
Apr 26 23:06:18 京东会员——摇奖次数0
Apr 26 23:06:19 京东会员第1天已签到
Apr 26 23:06:19 
Apr 26 23:06:19 【超级摇一摇】获取信息失败：没有查询到活动信息
Apr 26 23:06:19 
Apr 26 23:06:19 【4.19苏泊尔 brandActivityId】：d629534c-5276-4b59-953f-ba101df525e5
Apr 26 23:06:19 超级超级品牌日 getHomeData 失败： 活动不在进行中哦
Apr 26 23:06:19 去看看其他活动吧~
Apr 26 23:06:19 【4.19苏泊尔 超级品牌日】：已完成抽奖或活动不在进行中
Apr 26 23:06:19 
Apr 26 23:06:19 开始【京东账号4】jd_189371pwlx
Apr 26 23:06:19 
Apr 26 23:06:19 摇京豆——摇奖次数0
Apr 26 23:06:20 京东会员——摇奖次数0
Apr 26 23:06:20 京东会员第1天已签到
Apr 26 23:06:20 
Apr 26 23:06:20 【超级摇一摇】获取信息失败：没有查询到活动信息
Apr 26 23:06:20 
Apr 26 23:06:20 【4.19苏泊尔 brandActivityId】：d629534c-5276-4b59-953f-ba101df525e5
Apr 26 23:06:20 超级超级品牌日 getHomeData 失败： 活动不在进行中哦
Apr 26 23:06:20 去看看其他活动吧~
Apr 26 23:06:20 【4.19苏泊尔 超级品牌日】：已完成抽奖或活动不在进行中
Apr 26 23:06:20 
Apr 26 23:06:20 开始【京东账号5】jd_46928899fcc30
Apr 26 23:06:20 
Apr 26 23:06:20 摇京豆——摇奖次数0
Apr 26 23:06:21 京东会员——摇奖次数0
Apr 26 23:06:21 京东会员第1天已签到
Apr 26 23:06:21 
Apr 26 23:06:21 【超级摇一摇】获取信息失败：没有查询到活动信息
Apr 26 23:06:21 
Apr 26 23:06:21 【4.19苏泊尔 brandActivityId】：d629534c-5276-4b59-953f-ba101df525e5
Apr 26 23:06:21 超级超级品牌日 getHomeData 失败： 活动不在进行中哦
Apr 26 23:06:21 去看看其他活动吧~
Apr 26 23:06:21 【4.19苏泊尔 超级品牌日】：已完成抽奖或活动不在进行中
Apr 26 23:06:21 
Apr 26 23:06:21 开始【京东账号6】jd_EirxWEerdtmu
Apr 26 23:06:21 
Apr 26 23:06:22 摇京豆——摇奖次数0
Apr 26 23:06:22 京东会员——摇奖次数0
Apr 26 23:06:22 京东会员第1天已签到
Apr 26 23:06:22 
Apr 26 23:06:22 【超级摇一摇】获取信息失败：没有查询到活动信息
Apr 26 23:06:22 
Apr 26 23:06:22 【4.19苏泊尔 brandActivityId】：d629534c-5276-4b59-953f-ba101df525e5
Apr 26 23:06:22 超级超级品牌日 getHomeData 失败： 活动不在进行中哦
Apr 26 23:06:22 去看看其他活动吧~
Apr 26 23:06:22 【4.19苏泊尔 超级品牌日】：已完成抽奖或活动不在进行中
Apr 26 23:06:22 
Apr 26 23:06:22 🔔摇京豆, 结束! 🕛 15.211 秒
Apr 26 23:06:22 
Apr 27 00:07:13 
Apr 27 00:07:13 🔔摇京豆, 开始!
Apr 27 00:07:13 
Apr 27 00:07:13 ====================共6个京东账号Cookie=========
Apr 27 00:07:13 
Apr 27 00:07:13 ==================脚本执行- 北京时间(UTC+8)：4/27/2021, 12:07:13 AM=====================
Apr 27 00:07:13 
Apr 27 00:07:14 
Apr 27 00:07:14 开始【京东账号1】最初的梦想o
Apr 27 00:07:14 
Apr 27 00:07:14 开始做浏览页面任务
Apr 27 00:07:22 开始做关注店铺任务
Apr 27 00:07:25 摇京豆——摇奖次数4
Apr 27 00:07:25 京东会员——摇奖次数3
Apr 27 00:07:25 开始 【京东会员】 摇奖
Apr 27 00:07:26 京东会员-剩余摇奖次数：2
Apr 27 00:07:26 恭喜你，京东会员中奖了，获得1京豆
Apr 27 00:07:26 
Apr 27 00:07:26 开始 【京东会员】 摇奖
Apr 27 00:07:27 开始 【京东会员】 摇奖
Apr 27 00:07:28 京东会员-剩余摇奖次数：1
Apr 27 00:07:28 未中奖
Apr 27 00:07:28 
Apr 27 00:07:28 开始 【摇京豆】 摇奖
Apr 27 00:07:29 开始 【摇京豆】 摇奖
Apr 27 00:07:31 剩余摇奖次数：3
Apr 27 00:07:31 摇奖其他未知结果：{"data":{"luckyBox":{"costBeanCount":2,"feeTimes":2,"freeTimes":3,"totalBeanCount":8902}},"success":true}
Apr 27 00:07:31 
Apr 27 00:07:31 开始 【摇京豆】 摇奖
Apr 27 00:07:32 开始 【摇京豆】 摇奖
Apr 27 00:07:34 京东会员第4天签到结果；{"data":{"pin":"18337656372_p","rewardVos":[{"couponVo":null,"drawInfoVo":null,"hongBaoVo":null,"jingBeanVo":{"beanNum":1},"pitType":0,"rewardSource":0,"signItemId":"593593227711795200","signTime":"2021-04-27 00:07:33","signType":0},{"couponVo":null,"drawInfoVo":null,"hongBaoVo":null,"jingBeanVo":null,"pitType":3,"rewardSource":1,"signItemId":"593593227711795200","signTime":"2021-04-27 00:07:33","signType":0}],"signActId":"1","signActInstanceId":"592506201520517120"},"dataAbInfoList":null,"expInfo":null,"expLabel":null,"message":null,"officialDocument":null,"pftid":null,"resultCode":null,"resultTips":null,"success":true}
Apr 27 00:07:34 京东会员第4天签到成功。获得1京豆
Apr 27 00:07:34 
Apr 27 00:07:34 
Apr 27 00:07:34 【超级摇一摇】获取信息失败：没有查询到活动信息
Apr 27 00:07:34 
Apr 27 00:07:34 【4.19苏泊尔 brandActivityId】：d629534c-5276-4b59-953f-ba101df525e5
Apr 27 00:07:34 超级超级品牌日 getHomeData 失败： 活动不在进行中哦
Apr 27 00:07:34 去看看其他活动吧~
Apr 27 00:07:34 【4.19苏泊尔 超级品牌日】：已完成抽奖或活动不在进行中
Apr 27 00:07:34 
Apr 27 00:07:34 ==============📣系统通知📣==============
Apr 27 00:07:34 摇京豆
Apr 27 00:07:34 京东账号1 最初的梦想o
Apr 27 00:07:34 摇京豆：获得1京豆
Apr 27 00:07:34 京东会员签到：1获得京豆
Apr 27 00:07:34 
Apr 27 00:07:34 开始【京东账号2】jd_MCazEJrLyuXn
Apr 27 00:07:34 
Apr 27 00:07:34 开始做浏览页面任务
Apr 27 00:07:42 开始做关注店铺任务
Apr 27 00:07:45 摇京豆——摇奖次数6
Apr 27 00:07:45 京东会员——摇奖次数4
Apr 27 00:07:45 开始 【京东会员】 摇奖
Apr 27 00:07:46 开始 【京东会员】 摇奖
Apr 27 00:07:47 开始 【京东会员】 摇奖
Apr 27 00:07:48 开始 【京东会员】 摇奖
Apr 27 00:07:49 开始 【摇京豆】 摇奖
Apr 27 00:07:50 开始 【摇京豆】 摇奖
Apr 27 00:07:51 开始 【摇京豆】 摇奖
Apr 27 00:07:53 剩余摇奖次数：5
Apr 27 00:07:53 摇奖其他未知结果：{"data":{"luckyBox":{"costBeanCount":2,"feeTimes":2,"freeTimes":5,"totalBeanCount":1247}},"success":true}
Apr 27 00:07:53 
Apr 27 00:07:53 开始 【摇京豆】 摇奖
Apr 27 00:07:54 剩余摇奖次数：4
Apr 27 00:07:54 摇奖其他未知结果：{"data":{"luckyBox":{"costBeanCount":2,"feeTimes":2,"freeTimes":4,"totalBeanCount":1247}},"success":true}
Apr 27 00:07:54 
Apr 27 00:07:54 开始 【摇京豆】 摇奖
Apr 27 00:07:55 开始 【摇京豆】 摇奖
Apr 27 00:07:56 京东会员第2天签到结果；{"data":null,"dataAbInfoList":null,"expInfo":null,"expLabel":null,"message":"活动太火爆，请稍后再试","officialDocument":"活动太火爆，请稍后再试","pftid":null,"resultCode":"2400013","resultTips":"活动太火爆，请稍后再试","success":false}
Apr 27 00:07:56 
Apr 27 00:07:56 【超级摇一摇】获取信息失败：没有查询到活动信息
Apr 27 00:07:56 
Apr 27 00:07:56 【4.19苏泊尔 brandActivityId】：d629534c-5276-4b59-953f-ba101df525e5
Apr 27 00:07:56 超级超级品牌日 getHomeData 失败： 活动不在进行中哦
Apr 27 00:07:56 去看看其他活动吧~
Apr 27 00:07:56 【4.19苏泊尔 超级品牌日】：已完成抽奖或活动不在进行中
Apr 27 00:07:57 
Apr 27 00:07:57 开始【京东账号3】鬼神之吕奉先
Apr 27 00:07:57 
Apr 27 00:07:57 开始做浏览页面任务
Apr 27 00:08:05 开始做关注店铺任务
Apr 27 00:08:07 摇京豆——摇奖次数8
Apr 27 00:08:07 京东会员——摇奖次数4
Apr 27 00:08:07 开始 【京东会员】 摇奖
Apr 27 00:08:09 京东会员-剩余摇奖次数：3
Apr 27 00:08:09 未中奖
Apr 27 00:08:09 
Apr 27 00:08:09 开始 【京东会员】 摇奖
Apr 27 00:08:10 京东会员-剩余摇奖次数：2
Apr 27 00:08:10 未中奖
Apr 27 00:08:10 
Apr 27 00:08:10 开始 【京东会员】 摇奖
Apr 27 00:08:11 京东会员-剩余摇奖次数：1
Apr 27 00:08:11 恭喜你，京东会员中奖了，获得1京豆
Apr 27 00:08:11 
Apr 27 00:08:11 开始 【京东会员】 摇奖
Apr 27 00:08:12 京东会员-剩余摇奖次数：0
Apr 27 00:08:12 恭喜你，京东会员中奖了，获得1京豆
Apr 27 00:08:12 
Apr 27 00:08:12 开始 【摇京豆】 摇奖
Apr 27 00:08:13 开始 【摇京豆】 摇奖
Apr 27 00:08:14 剩余摇奖次数：7
Apr 27 00:08:14 摇奖其他未知结果：{"data":{"luckyBox":{"costBeanCount":2,"feeTimes":2,"freeTimes":7,"totalBeanCount":0}},"success":true}
Apr 27 00:08:14 
Apr 27 00:08:14 开始 【摇京豆】 摇奖
Apr 27 00:08:16 开始 【摇京豆】 摇奖
Apr 27 00:08:17 开始 【摇京豆】 摇奖
Apr 27 00:08:18 剩余摇奖次数：6
Apr 27 00:08:18 获得优惠券：仅可购买京东国际进口居家部分商品
Apr 27 00:08:18 
Apr 27 00:08:18 开始 【摇京豆】 摇奖
Apr 27 00:08:19 剩余摇奖次数：5
Apr 27 00:08:19 获得优惠券：仅可购买母婴用品商品
Apr 27 00:08:19 
Apr 27 00:08:19 开始 【摇京豆】 摇奖
Apr 27 00:08:20 剩余摇奖次数：4
Apr 27 00:08:20 获得优惠券：限购[良品铺子官方旗舰店]店铺部分商品
Apr 27 00:08:20 
Apr 27 00:08:20 开始 【摇京豆】 摇奖
Apr 27 00:08:22 剩余摇奖次数：3
Apr 27 00:08:22 获得优惠券：限购[非凡邦旗舰店]店铺商品
Apr 27 00:08:22 
Apr 27 00:08:22 京东会员第2天签到结果；{"data":{"pin":"鬼神之吕奉先","rewardVos":[{"couponVo":null,"drawInfoVo":null,"hongBaoVo":null,"jingBeanVo":{"beanNum":1},"pitType":0,"rewardSource":0,"signItemId":"593593430790406144","signTime":"2021-04-27 00:08:22","signType":0},{"couponVo":null,"drawInfoVo":null,"hongBaoVo":null,"jingBeanVo":null,"pitType":3,"rewardSource":1,"signItemId":"593593430790406144","signTime":"2021-04-27 00:08:22","signType":0}],"signActId":"1","signActInstanceId":"593231258065235968"},"dataAbInfoList":null,"expInfo":null,"expLabel":null,"message":null,"officialDocument":null,"pftid":null,"resultCode":null,"resultTips":null,"success":true}
Apr 27 00:08:22 京东会员第2天签到成功。获得1京豆
Apr 27 00:08:22 
Apr 27 00:08:22 
Apr 27 00:08:22 【超级摇一摇】获取信息失败：没有查询到活动信息
Apr 27 00:08:22 
Apr 27 00:08:22 【4.19苏泊尔 brandActivityId】：d629534c-5276-4b59-953f-ba101df525e5
Apr 27 00:08:22 超级超级品牌日 getHomeData 失败： 活动不在进行中哦
Apr 27 00:08:22 去看看其他活动吧~
Apr 27 00:08:22 【4.19苏泊尔 超级品牌日】：已完成抽奖或活动不在进行中
Apr 27 00:08:22 
Apr 27 00:08:22 ==============📣系统通知📣==============
Apr 27 00:08:22 摇京豆
Apr 27 00:08:22 京东账号3 鬼神之吕奉先
Apr 27 00:08:22 摇京豆：获得2京豆
Apr 27 00:08:22 京东会员签到：1获得京豆
Apr 27 00:08:22 
Apr 27 00:08:22 开始【京东账号4】jd_189371pwlx
Apr 27 00:08:22 
Apr 27 00:08:23 开始做浏览页面任务
Apr 27 00:08:31 开始做关注店铺任务
Apr 27 00:08:33 摇京豆——摇奖次数8
Apr 27 00:08:33 京东会员——摇奖次数5
Apr 27 00:08:33 开始 【京东会员】 摇奖
Apr 27 00:08:34 京东会员-剩余摇奖次数：4
Apr 27 00:08:34 未中奖
Apr 27 00:08:34 
Apr 27 00:08:34 开始 【京东会员】 摇奖
Apr 27 00:08:36 京东会员-剩余摇奖次数：3
Apr 27 00:08:36 未中奖
Apr 27 00:08:36 
Apr 27 00:08:36 开始 【京东会员】 摇奖
Apr 27 00:08:37 京东会员-剩余摇奖次数：2
Apr 27 00:08:37 未中奖
Apr 27 00:08:37 
Apr 27 00:08:37 开始 【京东会员】 摇奖
Apr 27 00:08:38 京东会员-剩余摇奖次数：1
Apr 27 00:08:38 未中奖
Apr 27 00:08:38 
Apr 27 00:08:38 开始 【京东会员】 摇奖
Apr 27 00:08:39 京东会员-剩余摇奖次数：0
Apr 27 00:08:39 未中奖
Apr 27 00:08:39 
Apr 27 00:08:39 开始 【摇京豆】 摇奖
Apr 27 00:08:40 剩余摇奖次数：7
Apr 27 00:08:40 摇奖其他未知结果：{"data":{"luckyBox":{"costBeanCount":2,"feeTimes":2,"freeTimes":7,"totalBeanCount":2210}},"success":true}
Apr 27 00:08:40 
Apr 27 00:08:40 开始 【摇京豆】 摇奖
Apr 27 00:08:42 剩余摇奖次数：6
Apr 27 00:08:42 获得优惠券：限购[良品铺子官方旗舰店]店铺部分商品
Apr 27 00:08:42 
Apr 27 00:08:42 开始 【摇京豆】 摇奖
Apr 27 00:08:43 剩余摇奖次数：5
Apr 27 00:08:43 获得优惠券：限购[良品铺子官方旗舰店]店铺部分商品
Apr 27 00:08:43 
Apr 27 00:08:43 开始 【摇京豆】 摇奖
Apr 27 00:08:44 剩余摇奖次数：4
Apr 27 00:08:44 获得优惠券：限购[京东房产自营旗舰店]店铺商品
Apr 27 00:08:44 
Apr 27 00:08:44 开始 【摇京豆】 摇奖
Apr 27 00:08:45 开始 【摇京豆】 摇奖
Apr 27 00:08:46 开始 【摇京豆】 摇奖
Apr 27 00:08:48 剩余摇奖次数：3
Apr 27 00:08:48 摇奖其他未知结果：{"data":{"luckyBox":{"costBeanCount":2,"feeTimes":2,"freeTimes":3,"totalBeanCount":2212}},"success":true}
Apr 27 00:08:48 
Apr 27 00:08:48 开始 【摇京豆】 摇奖
Apr 27 00:08:49 京东会员第2天签到结果；{"data":{"pin":"jd_6ba76f15069fd","rewardVos":[{"couponVo":null,"drawInfoVo":null,"hongBaoVo":null,"jingBeanVo":{"beanNum":1},"pitType":0,"rewardSource":0,"signItemId":"593593544868855808","signTime":"2021-04-27 00:08:49","signType":0},{"couponVo":null,"drawInfoVo":null,"hongBaoVo":null,"jingBeanVo":null,"pitType":3,"rewardSource":1,"signItemId":"593593544868855808","signTime":"2021-04-27 00:08:49","signType":0}],"signActId":"1","signActInstanceId":"593231387507363840"},"dataAbInfoList":null,"expInfo":null,"expLabel":null,"message":null,"officialDocument":null,"pftid":null,"resultCode":null,"resultTips":null,"success":true}
Apr 27 00:08:49 京东会员第2天签到成功。获得1京豆
Apr 27 00:08:49 
Apr 27 00:08:49 
Apr 27 00:08:49 【超级摇一摇】获取信息失败：没有查询到活动信息
Apr 27 00:08:49 
Apr 27 00:08:49 【4.19苏泊尔 brandActivityId】：d629534c-5276-4b59-953f-ba101df525e5
Apr 27 00:08:50 超级超级品牌日 getHomeData 失败： 活动不在进行中哦
Apr 27 00:08:50 去看看其他活动吧~
Apr 27 00:08:50 【4.19苏泊尔 超级品牌日】：已完成抽奖或活动不在进行中
Apr 27 00:08:50 
Apr 27 00:08:50 ==============📣系统通知📣==============
Apr 27 00:08:50 摇京豆
Apr 27 00:08:50 京东账号4 jd_189371pwlx
Apr 27 00:08:50 
Apr 27 00:08:50 京东会员签到：1获得京豆
Apr 27 00:08:50 
Apr 27 00:08:50 开始【京东账号5】jd_46928899fcc30
Apr 27 00:08:50 
Apr 27 00:08:50 开始做浏览页面任务
Apr 27 00:09:03 开始做关注店铺任务
Apr 27 00:09:06 摇京豆——摇奖次数7
Apr 27 00:09:06 京东会员——摇奖次数6
Apr 27 00:09:06 开始 【京东会员】 摇奖
Apr 27 00:09:07 京东会员-剩余摇奖次数：5
Apr 27 00:09:07 恭喜你，京东会员中奖了，获得1京豆
Apr 27 00:09:07 
Apr 27 00:09:07 开始 【京东会员】 摇奖
Apr 27 00:09:08 京东会员-剩余摇奖次数：4
Apr 27 00:09:08 未中奖
Apr 27 00:09:08 
Apr 27 00:09:08 开始 【京东会员】 摇奖
Apr 27 00:09:10 京东会员-剩余摇奖次数：3
Apr 27 00:09:10 未中奖
Apr 27 00:09:10 
Apr 27 00:09:10 开始 【京东会员】 摇奖
Apr 27 00:09:11 京东会员-剩余摇奖次数：2
Apr 27 00:09:11 未中奖
Apr 27 00:09:11 
Apr 27 00:09:11 开始 【京东会员】 摇奖
Apr 27 00:09:12 开始 【京东会员】 摇奖
Apr 27 00:09:13 京东会员-剩余摇奖次数：1
Apr 27 00:09:13 未中奖
Apr 27 00:09:13 
Apr 27 00:09:13 开始 【摇京豆】 摇奖
Apr 27 00:09:14 剩余摇奖次数：6
Apr 27 00:09:14 获得优惠券：仅可购买佳佰部分商品
Apr 27 00:09:14 
Apr 27 00:09:14 开始 【摇京豆】 摇奖
Apr 27 00:09:15 开始 【摇京豆】 摇奖
Apr 27 00:09:17 剩余摇奖次数：5
Apr 27 00:09:17 获得优惠券：仅可购买佳佰部分商品
Apr 27 00:09:17 
Apr 27 00:09:17 开始 【摇京豆】 摇奖
Apr 27 00:09:18 开始 【摇京豆】 摇奖
Apr 27 00:09:19 剩余摇奖次数：4
Apr 27 00:09:19 获得优惠券：仅可购买佳佰部分商品商品
Apr 27 00:09:19 
Apr 27 00:09:19 开始 【摇京豆】 摇奖
Apr 27 00:09:20 剩余摇奖次数：3
Apr 27 00:09:20 获得优惠券：仅可购买京东京造部分商品
Apr 27 00:09:20 
Apr 27 00:09:20 开始 【摇京豆】 摇奖
Apr 27 00:09:21 剩余摇奖次数：2
Apr 27 00:09:21 摇奖其他未知结果：{"data":{"luckyBox":{"costBeanCount":2,"feeTimes":2,"freeTimes":2,"totalBeanCount":1438}},"success":true}
Apr 27 00:09:21 
Apr 27 00:09:22 京东会员第2天签到结果；{"data":{"pin":"jd_46928899fcc30","rewardVos":[{"couponVo":null,"drawInfoVo":null,"hongBaoVo":null,"jingBeanVo":{"beanNum":1},"pitType":0,"rewardSource":0,"signItemId":"593593682030985216","signTime":"2021-04-27 00:09:22","signType":0},{"couponVo":null,"drawInfoVo":null,"hongBaoVo":null,"jingBeanVo":null,"pitType":3,"rewardSource":1,"signItemId":"593593682030985216","signTime":"2021-04-27 00:09:22","signType":0}],"signActId":"1","signActInstanceId":"593231515909402624"},"dataAbInfoList":null,"expInfo":null,"expLabel":null,"message":null,"officialDocument":null,"pftid":null,"resultCode":null,"resultTips":null,"success":true}
Apr 27 00:09:22 京东会员第2天签到成功。获得1京豆
Apr 27 00:09:22 
Apr 27 00:09:22 
Apr 27 00:09:22 【超级摇一摇】获取信息失败：没有查询到活动信息
Apr 27 00:09:22 
Apr 27 00:09:22 【4.19苏泊尔 brandActivityId】：d629534c-5276-4b59-953f-ba101df525e5
Apr 27 00:09:22 超级超级品牌日 getHomeData 失败： 活动不在进行中哦
Apr 27 00:09:22 去看看其他活动吧~
Apr 27 00:09:22 【4.19苏泊尔 超级品牌日】：已完成抽奖或活动不在进行中
Apr 27 00:09:22 
Apr 27 00:09:22 ==============📣系统通知📣==============
Apr 27 00:09:22 摇京豆
Apr 27 00:09:22 京东账号5 jd_46928899fcc30
Apr 27 00:09:22 摇京豆：获得1京豆
Apr 27 00:09:22 京东会员签到：1获得京豆
Apr 27 00:09:22 
Apr 27 00:09:22 开始【京东账号6】jd_EirxWEerdtmu
Apr 27 00:09:22 
Apr 27 00:09:22 开始做浏览页面任务
Apr 27 00:09:31 开始做关注店铺任务
Apr 27 00:09:33 摇京豆——摇奖次数10
Apr 27 00:09:33 京东会员——摇奖次数7
Apr 27 00:09:33 开始 【京东会员】 摇奖
Apr 27 00:09:34 京东会员-剩余摇奖次数：6
Apr 27 00:09:34 恭喜你，京东会员中奖了，获得1京豆
Apr 27 00:09:34 
Apr 27 00:09:34 开始 【京东会员】 摇奖
Apr 27 00:09:36 京东会员-剩余摇奖次数：5
Apr 27 00:09:36 未中奖
Apr 27 00:09:36 
Apr 27 00:09:36 开始 【京东会员】 摇奖
Apr 27 00:09:37 京东会员-剩余摇奖次数：4
Apr 27 00:09:37 未中奖
Apr 27 00:09:37 
Apr 27 00:09:37 开始 【京东会员】 摇奖
Apr 27 00:09:38 京东会员-剩余摇奖次数：3
Apr 27 00:09:38 未中奖
Apr 27 00:09:38 
Apr 27 00:09:38 开始 【京东会员】 摇奖
Apr 27 00:09:39 京东会员-剩余摇奖次数：2
Apr 27 00:09:39 未中奖
Apr 27 00:09:39 
Apr 27 00:09:39 开始 【京东会员】 摇奖
Apr 27 00:09:40 京东会员-剩余摇奖次数：1
Apr 27 00:09:40 未中奖
Apr 27 00:09:40 
Apr 27 00:09:40 开始 【京东会员】 摇奖
Apr 27 00:09:42 京东会员-剩余摇奖次数：0
Apr 27 00:09:42 未中奖
Apr 27 00:09:42 
Apr 27 00:09:42 开始 【摇京豆】 摇奖
Apr 27 00:09:43 剩余摇奖次数：9
Apr 27 00:09:43 摇奖其他未知结果：{"data":{"luckyBox":{"costBeanCount":2,"feeTimes":2,"freeTimes":9,"totalBeanCount":1684}},"success":true}
Apr 27 00:09:43 
Apr 27 00:09:43 开始 【摇京豆】 摇奖
Apr 27 00:09:44 剩余摇奖次数：8
Apr 27 00:09:44 摇奖其他未知结果：{"data":{"luckyBox":{"costBeanCount":2,"feeTimes":2,"freeTimes":8,"totalBeanCount":1684}},"success":true}
Apr 27 00:09:44 
Apr 27 00:09:44 开始 【摇京豆】 摇奖
Apr 27 00:09:45 剩余摇奖次数：7
Apr 27 00:09:45 摇奖其他未知结果：{"data":{"luckyBox":{"costBeanCount":2,"feeTimes":2,"freeTimes":7,"totalBeanCount":1684}},"success":true}
Apr 27 00:09:45 
Apr 27 00:09:45 开始 【摇京豆】 摇奖
Apr 27 00:09:46 开始 【摇京豆】 摇奖
Apr 27 00:09:47 剩余摇奖次数：6
Apr 27 00:09:47 摇奖其他未知结果：{"data":{"luckyBox":{"costBeanCount":2,"feeTimes":2,"freeTimes":6,"totalBeanCount":1684}},"success":true}
Apr 27 00:09:47 
Apr 27 00:09:47 开始 【摇京豆】 摇奖
Apr 27 00:09:49 剩余摇奖次数：5
Apr 27 00:09:49 摇奖其他未知结果：{"data":{"luckyBox":{"costBeanCount":2,"feeTimes":2,"freeTimes":5,"totalBeanCount":1684}},"success":true}
Apr 27 00:09:49 
Apr 27 00:09:49 开始 【摇京豆】 摇奖
Apr 27 00:09:50 剩余摇奖次数：4
Apr 27 00:09:50 摇奖其他未知结果：{"data":{"luckyBox":{"costBeanCount":2,"feeTimes":2,"freeTimes":4,"totalBeanCount":1684}},"success":true}
Apr 27 00:09:50 
Apr 27 00:09:50 开始 【摇京豆】 摇奖
Apr 27 00:09:51 剩余摇奖次数：3
Apr 27 00:09:51 摇奖其他未知结果：{"data":{"luckyBox":{"costBeanCount":2,"feeTimes":2,"freeTimes":3,"totalBeanCount":1684}},"success":true}
Apr 27 00:09:51 
Apr 27 00:09:51 开始 【摇京豆】 摇奖
Apr 27 00:09:52 剩余摇奖次数：2
Apr 27 00:09:52 摇奖其他未知结果：{"data":{"luckyBox":{"costBeanCount":2,"feeTimes":2,"freeTimes":2,"totalBeanCount":1684}},"success":true}
Apr 27 00:09:52 
Apr 27 00:09:52 开始 【摇京豆】 摇奖
Apr 27 00:09:54 京东会员第2天签到结果；{"data":{"pin":"jd_EirxWEerdtmu","rewardVos":[{"couponVo":null,"drawInfoVo":null,"hongBaoVo":null,"jingBeanVo":{"beanNum":1},"pitType":0,"rewardSource":0,"signItemId":"593593815680823296","signTime":"2021-04-27 00:09:54","signType":0},{"couponVo":null,"drawInfoVo":null,"hongBaoVo":null,"jingBeanVo":null,"pitType":3,"rewardSource":1,"signItemId":"593593815680823296","signTime":"2021-04-27 00:09:54","signType":0}],"signActId":"1","signActInstanceId":"593231645242880000"},"dataAbInfoList":null,"expInfo":null,"expLabel":null,"message":null,"officialDocument":null,"pftid":null,"resultCode":null,"resultTips":null,"success":true}
Apr 27 00:09:54 京东会员第2天签到成功。获得1京豆
Apr 27 00:09:54 
Apr 27 00:09:54 
Apr 27 00:09:54 【超级摇一摇】获取信息失败：没有查询到活动信息
Apr 27 00:09:54 
Apr 27 00:09:54 【4.19苏泊尔 brandActivityId】：d629534c-5276-4b59-953f-ba101df525e5
Apr 27 00:09:54 超级超级品牌日 getHomeData 失败： 活动不在进行中哦
Apr 27 00:09:54 去看看其他活动吧~
Apr 27 00:09:54 【4.19苏泊尔 超级品牌日】：已完成抽奖或活动不在进行中
Apr 27 00:09:54 
Apr 27 00:09:54 ==============📣系统通知📣==============
Apr 27 00:09:54 摇京豆
Apr 27 00:09:54 京东账号6 jd_EirxWEerdtmu
Apr 27 00:09:54 摇京豆：获得1京豆
Apr 27 00:09:54 京东会员签到：1获得京豆
Apr 27 00:09:54 
Apr 27 00:09:54 🔔摇京豆, 结束! 🕛 160.56 秒
Apr 27 00:09:54 
