Apr 25 00:01:29 
Apr 25 00:01:29 🔔京东汽车, 开始!
Apr 25 00:01:29 
Apr 25 00:01:29 ====================共6个京东账号Cookie=========
Apr 25 00:01:29 
Apr 25 00:01:29 ==================脚本执行- 北京时间(UTC+8)：4/25/2021, 12:01:29 AM=====================
Apr 25 00:01:29 
Apr 25 00:01:30 
Apr 25 00:01:30 ******开始【京东账号1】18337656372_p*********
Apr 25 00:01:30 
Apr 25 00:01:30 兑换结果：{"status":true,"data":{"result":1,"reason":null}}
Apr 25 00:02:05 签到成功，获得5，已签到4天
Apr 25 00:02:06 去做任务：参加京东汽车赛事
Apr 25 00:02:07 任务领取成功
Apr 25 00:02:14 任务完成成功
Apr 25 00:02:16 当前赛点：1070/500，可以兑换京豆，请打开APP兑换
Apr 25 00:02:16 
Apr 25 00:02:16 ==============📣系统通知📣==============
Apr 25 00:02:16 京东汽车
Apr 25 00:02:16 【京东账号1】18337656372_p
Apr 25 00:02:16 签到成功，获得5，已签到4天
Apr 25 00:02:16 当前赛点：1070/500，可以兑换京豆，请打开APP兑换
Apr 25 00:02:16 
Apr 25 00:02:16 
Apr 25 00:02:16 ******开始【京东账号2】jd_MCazEJrLyuXn*********
Apr 25 00:02:16 
Apr 25 00:02:18 兑换结果：{"status":true,"data":{"result":2,"reason":"今日京豆已兑换完毕<br/>明天早点来哟~"}}
Apr 25 00:02:49 签到成功，获得5，已签到6天
Apr 25 00:02:50 去做任务：参加京东汽车赛事
Apr 25 00:02:50 任务领取成功
Apr 25 00:02:50 任务完成成功
Apr 25 00:02:52 当前赛点：125/500无法兑换京豆
Apr 25 00:02:52 
Apr 25 00:02:52 ==============📣系统通知📣==============
Apr 25 00:02:52 京东汽车
Apr 25 00:02:52 【京东账号2】jd_MCazEJrLyuXn
Apr 25 00:02:52 签到成功，获得5，已签到6天
Apr 25 00:02:52 当前赛点：125/500，无法兑换京豆
Apr 25 00:02:52 
Apr 25 00:02:52 
Apr 25 00:02:52 ******开始【京东账号3】鬼神之吕奉先*********
Apr 25 00:02:52 
Apr 25 00:02:53 兑换结果：{"status":true,"data":{"result":2,"reason":"今日京豆已兑换完毕<br/>明天早点来哟~"}}
Apr 25 00:02:53 签到成功，获得5，已签到6天
Apr 25 00:02:54 去做任务：参加京东汽车赛事
Apr 25 00:02:54 任务领取成功
Apr 25 00:02:57 任务完成成功
Apr 25 00:02:59 当前赛点：520/500，可以兑换京豆，请打开APP兑换
Apr 25 00:02:59 
Apr 25 00:02:59 ==============📣系统通知📣==============
Apr 25 00:02:59 京东汽车
Apr 25 00:02:59 【京东账号3】鬼神之吕奉先
Apr 25 00:02:59 签到成功，获得5，已签到6天
Apr 25 00:02:59 当前赛点：520/500，可以兑换京豆，请打开APP兑换
Apr 25 00:02:59 
Apr 25 00:02:59 
Apr 25 00:02:59 ******开始【京东账号4】jd_6ba76f15069fd*********
Apr 25 00:02:59 
Apr 25 00:02:59 兑换结果：{"status":true,"data":{"result":2,"reason":"今日京豆已兑换完毕<br/>明天早点来哟~"}}
Apr 25 00:02:59 签到成功，获得5，已签到6天
Apr 25 00:03:01 去做任务：参加京东汽车赛事
Apr 25 00:03:06 任务领取成功
Apr 25 00:03:37 任务完成成功
Apr 25 00:03:39 当前赛点：125/500无法兑换京豆
Apr 25 00:03:39 
Apr 25 00:03:39 ==============📣系统通知📣==============
Apr 25 00:03:39 京东汽车
Apr 25 00:03:39 【京东账号4】jd_6ba76f15069fd
Apr 25 00:03:39 签到成功，获得5，已签到6天
Apr 25 00:03:39 当前赛点：125/500，无法兑换京豆
Apr 25 00:03:39 
Apr 25 00:03:39 
Apr 25 00:03:39 ******开始【京东账号5】jd_46928899fcc30*********
Apr 25 00:03:39 
Apr 25 00:03:39 兑换结果：{"status":true,"data":{"result":2,"reason":"今日京豆已兑换完毕<br/>明天早点来哟~"}}
Apr 25 00:03:40 签到成功，获得5，已签到6天
Apr 25 00:03:41 去做任务：参加京东汽车赛事
Apr 25 00:03:41 任务领取成功
Apr 25 00:04:04 任务完成成功
Apr 25 00:04:07 当前赛点：125/500无法兑换京豆
Apr 25 00:04:07 
Apr 25 00:04:07 ==============📣系统通知📣==============
Apr 25 00:04:07 京东汽车
Apr 25 00:04:07 【京东账号5】jd_46928899fcc30
Apr 25 00:04:07 签到成功，获得5，已签到6天
Apr 25 00:04:07 当前赛点：125/500，无法兑换京豆
Apr 25 00:04:07 
Apr 25 00:04:07 
Apr 25 00:04:07 ******开始【京东账号6】jd_EirxWEerdtmu*********
Apr 25 00:04:07 
Apr 25 00:04:07 兑换结果：{"status":true,"data":{"result":2,"reason":"今日京豆已兑换完毕<br/>明天早点来哟~"}}
Apr 25 00:04:07 签到成功，获得5，已签到6天
Apr 25 00:04:08 去做任务：参加京东汽车赛事
Apr 25 00:04:08 任务领取成功
Apr 25 00:04:08 任务完成成功
Apr 25 00:04:10 当前赛点：125/500无法兑换京豆
Apr 25 00:04:10 
Apr 25 00:04:10 ==============📣系统通知📣==============
Apr 25 00:04:10 京东汽车
Apr 25 00:04:10 【京东账号6】jd_EirxWEerdtmu
Apr 25 00:04:10 签到成功，获得5，已签到6天
Apr 25 00:04:10 当前赛点：125/500，无法兑换京豆
Apr 25 00:04:10 
Apr 25 00:04:10 
Apr 25 00:04:10 🔔京东汽车, 结束! 🕛 161.045 秒
Apr 25 00:04:10 
Apr 26 00:00:42 
Apr 26 00:00:42 🔔京东汽车, 开始!
Apr 26 00:00:42 
Apr 26 00:00:42 ====================共6个京东账号Cookie=========
Apr 26 00:00:42 
Apr 26 00:00:42 ==================脚本执行- 北京时间(UTC+8)：4/26/2021, 12:00:42 AM=====================
Apr 26 00:00:42 
Apr 26 00:00:43 
Apr 26 00:00:43 ******开始【京东账号1】18337656372_p*********
Apr 26 00:00:43 
Apr 26 00:01:01 兑换结果：{"status":true,"data":{"result":1,"reason":null}}
Apr 26 00:01:02 签到成功，获得5，已签到5天
Apr 26 00:01:18 去做任务：参加京东汽车赛事
Apr 26 00:01:30 任务领取成功
Apr 26 00:01:30 任务完成成功
Apr 26 00:01:32 当前赛点：1085/500，可以兑换京豆，请打开APP兑换
Apr 26 00:01:32 
Apr 26 00:01:32 ==============📣系统通知📣==============
Apr 26 00:01:32 京东汽车
Apr 26 00:01:32 【京东账号1】18337656372_p
Apr 26 00:01:32 签到成功，获得5，已签到5天
Apr 26 00:01:32 当前赛点：1085/500，可以兑换京豆，请打开APP兑换
Apr 26 00:01:32 
Apr 26 00:01:32 
Apr 26 00:01:32 ******开始【京东账号2】jd_MCazEJrLyuXn*********
Apr 26 00:01:32 
Apr 26 00:01:32 兑换结果：{"status":true,"data":{"result":3,"reason":"可兑换京豆不足500"}}
Apr 26 00:01:38 签到成功，获得20，已签到7天
Apr 26 00:01:52 去做任务：参加京东汽车赛事
Apr 26 00:02:05 任务领取成功
Apr 26 00:02:05 任务完成成功
Apr 26 00:02:13 当前赛点：155/500无法兑换京豆
Apr 26 00:02:13 
Apr 26 00:02:13 ==============📣系统通知📣==============
Apr 26 00:02:13 京东汽车
Apr 26 00:02:13 【京东账号2】jd_MCazEJrLyuXn
Apr 26 00:02:13 签到成功，获得20，已签到7天
Apr 26 00:02:13 当前赛点：155/500，无法兑换京豆
Apr 26 00:02:13 
Apr 26 00:02:13 
Apr 26 00:02:13 ******开始【京东账号3】鬼神之吕奉先*********
Apr 26 00:02:13 
Apr 26 00:02:13 兑换结果：{"status":true,"data":{"result":1,"reason":null}}
Apr 26 00:02:25 签到成功，获得20，已签到7天
Apr 26 00:02:27 去做任务：参加京东汽车赛事
Apr 26 00:02:56 任务领取成功
Apr 26 00:03:02 任务完成成功
Apr 26 00:03:04 当前赛点：550/500，可以兑换京豆，请打开APP兑换
Apr 26 00:03:04 
Apr 26 00:03:04 ==============📣系统通知📣==============
Apr 26 00:03:04 京东汽车
Apr 26 00:03:04 【京东账号3】鬼神之吕奉先
Apr 26 00:03:04 签到成功，获得20，已签到7天
Apr 26 00:03:04 当前赛点：550/500，可以兑换京豆，请打开APP兑换
Apr 26 00:03:04 
Apr 26 00:03:04 
Apr 26 00:03:04 ******开始【京东账号4】jd_6ba76f15069fd*********
Apr 26 00:03:04 
Apr 26 00:03:04 兑换结果：{"status":true,"data":{"result":2,"reason":"今日京豆已兑换完毕<br/>明天早点来哟~"}}
Apr 26 00:03:04 签到成功，获得20，已签到7天
Apr 26 00:03:06 去做任务：参加京东汽车赛事
Apr 26 00:03:06 任务领取成功
Apr 26 00:03:11 任务完成成功
Apr 26 00:03:16 当前赛点：155/500无法兑换京豆
Apr 26 00:03:16 
Apr 26 00:03:16 ==============📣系统通知📣==============
Apr 26 00:03:16 京东汽车
Apr 26 00:03:16 【京东账号4】jd_6ba76f15069fd
Apr 26 00:03:16 签到成功，获得20，已签到7天
Apr 26 00:03:16 当前赛点：155/500，无法兑换京豆
Apr 26 00:03:16 
Apr 26 00:03:16 
Apr 26 00:03:16 ******开始【京东账号5】jd_46928899fcc30*********
Apr 26 00:03:16 
Apr 26 00:03:43 兑换结果：{"status":true,"data":{"result":2,"reason":"今日京豆已兑换完毕<br/>明天早点来哟~"}}
Apr 26 00:03:44 签到成功，获得20，已签到7天
Apr 26 00:03:45 去做任务：参加京东汽车赛事
Apr 26 00:03:45 任务领取成功
Apr 26 00:03:45 任务完成成功
Apr 26 00:03:47 当前赛点：155/500无法兑换京豆
Apr 26 00:03:47 
Apr 26 00:03:47 ==============📣系统通知📣==============
Apr 26 00:03:47 京东汽车
Apr 26 00:03:47 【京东账号5】jd_46928899fcc30
Apr 26 00:03:47 签到成功，获得20，已签到7天
Apr 26 00:03:47 当前赛点：155/500，无法兑换京豆
Apr 26 00:03:47 
Apr 26 00:03:47 
Apr 26 00:03:47 ******开始【京东账号6】jd_EirxWEerdtmu*********
Apr 26 00:03:47 
Apr 26 00:03:47 兑换结果：{"status":true,"data":{"result":2,"reason":"今日京豆已兑换完毕<br/>明天早点来哟~"}}
Apr 26 00:03:47 签到成功，获得20，已签到7天
Apr 26 00:03:49 去做任务：参加京东汽车赛事
Apr 26 00:03:49 任务领取成功
Apr 26 00:03:49 任务完成成功
Apr 26 00:03:51 当前赛点：155/500无法兑换京豆
Apr 26 00:03:51 
Apr 26 00:03:51 ==============📣系统通知📣==============
Apr 26 00:03:51 京东汽车
Apr 26 00:03:51 【京东账号6】jd_EirxWEerdtmu
Apr 26 00:03:51 签到成功，获得20，已签到7天
Apr 26 00:03:51 当前赛点：155/500，无法兑换京豆
Apr 26 00:03:51 
Apr 26 00:03:51 
Apr 26 00:03:51 🔔京东汽车, 结束! 🕛 188.884 秒
Apr 26 00:03:51 
Apr 27 00:00:53 
Apr 27 00:00:53 🔔京东汽车, 开始!
Apr 27 00:00:53 
Apr 27 00:00:53 ====================共6个京东账号Cookie=========
Apr 27 00:00:53 
Apr 27 00:00:53 ==================脚本执行- 北京时间(UTC+8)：4/27/2021, 12:00:53 AM=====================
Apr 27 00:00:53 
Apr 27 00:00:54 
Apr 27 00:00:54 ******开始【京东账号1】18337656372_p*********
Apr 27 00:00:54 
Apr 27 00:01:09 兑换结果：{"status":true,"data":{"result":1,"reason":null}}
Apr 27 00:01:15 签到成功，获得5，已签到6天
Apr 27 00:01:16 去做任务：参加京东汽车赛事
Apr 27 00:01:16 任务领取成功
Apr 27 00:01:17 任务完成成功
Apr 27 00:01:25 当前赛点：1100/500，可以兑换京豆，请打开APP兑换
Apr 27 00:01:25 
Apr 27 00:01:25 ==============📣系统通知📣==============
Apr 27 00:01:25 京东汽车
Apr 27 00:01:25 【京东账号1】18337656372_p
Apr 27 00:01:25 签到成功，获得5，已签到6天
Apr 27 00:01:25 当前赛点：1100/500，可以兑换京豆，请打开APP兑换
Apr 27 00:01:25 
Apr 27 00:01:25 
Apr 27 00:01:25 ******开始【京东账号2】jd_MCazEJrLyuXn*********
Apr 27 00:01:25 
Apr 27 00:01:25 兑换结果：{"status":true,"data":{"result":3,"reason":"可兑换京豆不足500"}}
Apr 27 00:01:30 签到失败，请稍候重试
Apr 27 00:01:31 去做任务：参加京东汽车赛事
Apr 27 00:01:56 任务领取成功
Apr 27 00:02:06 任务完成成功
Apr 27 00:02:23 当前赛点：165/500无法兑换京豆
Apr 27 00:02:23 
Apr 27 00:02:23 ==============📣系统通知📣==============
Apr 27 00:02:23 京东汽车
Apr 27 00:02:23 【京东账号2】jd_MCazEJrLyuXn
Apr 27 00:02:23 签到失败，签到失败，请稍候重试
Apr 27 00:02:23 当前赛点：165/500，无法兑换京豆
Apr 27 00:02:23 
Apr 27 00:02:23 
Apr 27 00:02:23 ******开始【京东账号3】鬼神之吕奉先*********
Apr 27 00:02:23 
Apr 27 00:02:29 兑换结果：{"status":true,"data":{"result":2,"reason":"今日京豆已兑换完毕<br/>明天早点来哟~"}}
Apr 27 00:02:29 签到失败，请稍候重试
Apr 27 00:02:30 去做任务：参加京东汽车赛事
Apr 27 00:02:30 任务领取成功
Apr 27 00:02:30 任务完成成功
Apr 27 00:02:32 当前赛点：560/500，可以兑换京豆，请打开APP兑换
Apr 27 00:02:32 
Apr 27 00:02:32 ==============📣系统通知📣==============
Apr 27 00:02:32 京东汽车
Apr 27 00:02:32 【京东账号3】鬼神之吕奉先
Apr 27 00:02:32 签到失败，签到失败，请稍候重试
Apr 27 00:02:32 当前赛点：560/500，可以兑换京豆，请打开APP兑换
Apr 27 00:02:32 
Apr 27 00:02:33 
Apr 27 00:02:33 ******开始【京东账号4】jd_6ba76f15069fd*********
Apr 27 00:02:33 
Apr 27 00:02:33 兑换结果：{"status":true,"data":{"result":2,"reason":"今日京豆已兑换完毕<br/>明天早点来哟~"}}
Apr 27 00:02:33 签到失败，请稍候重试
Apr 27 00:02:34 去做任务：参加京东汽车赛事
Apr 27 00:02:34 任务领取成功
Apr 27 00:02:34 任务完成成功
Apr 27 00:02:36 当前赛点：165/500无法兑换京豆
Apr 27 00:02:36 
Apr 27 00:02:36 ==============📣系统通知📣==============
Apr 27 00:02:36 京东汽车
Apr 27 00:02:36 【京东账号4】jd_6ba76f15069fd
Apr 27 00:02:36 签到失败，签到失败，请稍候重试
Apr 27 00:02:36 当前赛点：165/500，无法兑换京豆
Apr 27 00:02:36 
Apr 27 00:02:36 
Apr 27 00:02:36 ******开始【京东账号5】jd_46928899fcc30*********
Apr 27 00:02:36 
Apr 27 00:02:37 兑换结果：{"status":true,"data":{"result":2,"reason":"今日京豆已兑换完毕<br/>明天早点来哟~"}}
Apr 27 00:02:37 签到失败，请稍候重试
Apr 27 00:02:38 去做任务：参加京东汽车赛事
Apr 27 00:02:38 任务领取成功
Apr 27 00:02:38 任务完成成功
Apr 27 00:03:05 当前赛点：165/500无法兑换京豆
Apr 27 00:03:05 
Apr 27 00:03:05 ==============📣系统通知📣==============
Apr 27 00:03:05 京东汽车
Apr 27 00:03:05 【京东账号5】jd_46928899fcc30
Apr 27 00:03:05 签到失败，签到失败，请稍候重试
Apr 27 00:03:05 当前赛点：165/500，无法兑换京豆
Apr 27 00:03:05 
Apr 27 00:03:05 
Apr 27 00:03:05 ******开始【京东账号6】jd_EirxWEerdtmu*********
Apr 27 00:03:05 
Apr 27 00:03:05 兑换结果：{"status":true,"data":{"result":2,"reason":"今日京豆已兑换完毕<br/>明天早点来哟~"}}
Apr 27 00:03:05 签到失败，请稍候重试
Apr 27 00:03:07 去做任务：参加京东汽车赛事
Apr 27 00:03:07 任务领取成功
Apr 27 00:03:07 任务完成成功
Apr 27 00:03:09 当前赛点：165/500无法兑换京豆
Apr 27 00:03:09 
Apr 27 00:03:09 ==============📣系统通知📣==============
Apr 27 00:03:09 京东汽车
Apr 27 00:03:09 【京东账号6】jd_EirxWEerdtmu
Apr 27 00:03:09 签到失败，签到失败，请稍候重试
Apr 27 00:03:09 当前赛点：165/500，无法兑换京豆
Apr 27 00:03:09 
Apr 27 00:03:09 
Apr 27 00:03:09 🔔京东汽车, 结束! 🕛 135.618 秒
Apr 27 00:03:09 
