Apr 25 12:11:56 
Apr 25 12:11:56 🔔监控crazyJoy分红, 开始!
Apr 25 12:11:56 
Apr 25 12:11:56 ====================共6个京东账号Cookie=========
Apr 25 12:11:56 
Apr 25 12:11:56 ==================脚本执行- 北京时间(UTC+8)：4/25/2021, 12:11:56 PM=====================
Apr 25 12:11:56 
Apr 25 12:11:56 
Apr 25 12:11:56 开始【京东账号1】18337656372_p
Apr 25 12:11:56 
Apr 25 12:11:56 分红JOY数量：0,昨日是否达标：false
Apr 25 12:11:56 昨日获得京豆数量：0
Apr 25 12:11:56 
Apr 25 12:11:56 
Apr 25 12:11:56 开始【京东账号2】jd_MCazEJrLyuXn
Apr 25 12:11:56 
Apr 25 12:11:56 分红JOY数量：0,昨日是否达标：false
Apr 25 12:11:56 昨日获得京豆数量：0
Apr 25 12:11:56 
Apr 25 12:11:57 
Apr 25 12:11:57 开始【京东账号3】鬼神之吕奉先
Apr 25 12:11:57 
Apr 25 12:11:57 分红JOY数量：0,昨日是否达标：false
Apr 25 12:11:57 昨日获得京豆数量：0
Apr 25 12:11:57 
Apr 25 12:11:57 
Apr 25 12:11:57 开始【京东账号4】jd_6ba76f15069fd
Apr 25 12:11:57 
Apr 25 12:11:57 分红JOY数量：0,昨日是否达标：false
Apr 25 12:11:57 昨日获得京豆数量：0
Apr 25 12:11:57 
Apr 25 12:11:57 
Apr 25 12:11:57 开始【京东账号5】jd_46928899fcc30
Apr 25 12:11:57 
Apr 25 12:11:57 分红JOY数量：0,昨日是否达标：false
Apr 25 12:11:57 昨日获得京豆数量：0
Apr 25 12:11:57 
Apr 25 12:11:57 
Apr 25 12:11:57 开始【京东账号6】jd_EirxWEerdtmu
Apr 25 12:11:57 
Apr 25 12:11:57 分红JOY数量：0,昨日是否达标：false
Apr 25 12:11:57 昨日获得京豆数量：0
Apr 25 12:11:57 
Apr 25 12:11:57 
Apr 25 12:11:57 🔔监控crazyJoy分红, 结束! 🕛 1.529 秒
Apr 25 12:11:57 
Apr 26 12:10:34 
Apr 26 12:10:34 🔔监控crazyJoy分红, 开始!
Apr 26 12:10:34 
Apr 26 12:10:34 ====================共6个京东账号Cookie=========
Apr 26 12:10:34 
Apr 26 12:10:34 ==================脚本执行- 北京时间(UTC+8)：4/26/2021, 12:10:34 PM=====================
Apr 26 12:10:34 
Apr 26 12:10:34 
Apr 26 12:10:34 开始【京东账号1】18337656372_p
Apr 26 12:10:34 
Apr 26 12:10:34 分红JOY数量：0,昨日是否达标：false
Apr 26 12:10:34 昨日获得京豆数量：0
Apr 26 12:10:34 
Apr 26 12:10:34 
Apr 26 12:10:34 开始【京东账号2】jd_MCazEJrLyuXn
Apr 26 12:10:34 
Apr 26 12:10:34 分红JOY数量：0,昨日是否达标：false
Apr 26 12:10:34 昨日获得京豆数量：0
Apr 26 12:10:34 
Apr 26 12:10:35 
Apr 26 12:10:35 开始【京东账号3】鬼神之吕奉先
Apr 26 12:10:35 
Apr 26 12:10:35 分红JOY数量：0,昨日是否达标：false
Apr 26 12:10:35 昨日获得京豆数量：0
Apr 26 12:10:35 
Apr 26 12:10:35 
Apr 26 12:10:35 开始【京东账号4】jd_6ba76f15069fd
Apr 26 12:10:35 
Apr 26 12:10:35 分红JOY数量：0,昨日是否达标：false
Apr 26 12:10:35 昨日获得京豆数量：0
Apr 26 12:10:35 
Apr 26 12:10:35 
Apr 26 12:10:35 开始【京东账号5】jd_46928899fcc30
Apr 26 12:10:35 
Apr 26 12:10:35 分红JOY数量：0,昨日是否达标：false
Apr 26 12:10:35 昨日获得京豆数量：0
Apr 26 12:10:35 
Apr 26 12:10:35 
Apr 26 12:10:35 开始【京东账号6】jd_EirxWEerdtmu
Apr 26 12:10:35 
Apr 26 12:10:35 分红JOY数量：0,昨日是否达标：false
Apr 26 12:10:35 昨日获得京豆数量：0
Apr 26 12:10:35 
Apr 26 12:10:35 
Apr 26 12:10:35 🔔监控crazyJoy分红, 结束! 🕛 1.507 秒
Apr 26 12:10:35 
May 20 12:10:00 
May 20 12:10:00 🔔监控crazyJoy分红, 开始!
May 20 12:10:00 
May 20 12:10:00 ====================共6个京东账号Cookie=========
May 20 12:10:00 
May 20 12:10:00 ==================脚本执行- 北京时间(UTC+8)：5/20/2021, 12:10:00 PM=====================
May 20 12:10:00 
May 20 12:10:01 
May 20 12:10:01 开始【京东账号1】18337656372_p
May 20 12:10:01 
May 20 12:10:01 分红JOY数量：0,昨日是否达标：false
May 20 12:10:01 昨日获得京豆数量：0
May 20 12:10:01 
May 20 12:10:01 
May 20 12:10:01 开始【京东账号2】jd_MCazEJrLyuXn
May 20 12:10:01 
May 20 12:10:03 分红JOY数量：0,昨日是否达标：false
May 20 12:10:03 昨日获得京豆数量：0
May 20 12:10:03 
May 20 12:10:03 
May 20 12:10:03 开始【京东账号3】鬼神之吕奉先
May 20 12:10:03 
May 20 12:10:03 分红JOY数量：0,昨日是否达标：false
May 20 12:10:03 昨日获得京豆数量：0
May 20 12:10:03 
May 20 12:10:03 
May 20 12:10:03 开始【京东账号4】jd_6ba76f15069fd
May 20 12:10:03 
May 20 12:10:03 分红JOY数量：0,昨日是否达标：false
May 20 12:10:03 昨日获得京豆数量：0
May 20 12:10:03 
May 20 12:10:03 
May 20 12:10:03 开始【京东账号5】jd_46928899fcc30
May 20 12:10:03 
May 20 12:10:04 分红JOY数量：0,昨日是否达标：false
May 20 12:10:04 昨日获得京豆数量：0
May 20 12:10:04 
May 20 12:10:04 
May 20 12:10:04 开始【京东账号6】jd_EirxWEerdtmu
May 20 12:10:04 
May 20 12:10:04 分红JOY数量：0,昨日是否达标：false
May 20 12:10:04 昨日获得京豆数量：0
May 20 12:10:04 
May 20 12:10:04 
May 20 12:10:04 🔔监控crazyJoy分红, 结束! 🕛 3.685 秒
May 20 12:10:04 
