Apr 25 00:29:50 
Apr 25 00:29:50 🔔天天提鹅, 开始!
Apr 25 00:29:50 
Apr 25 00:29:50 ====================共6个京东账号Cookie=========
Apr 25 00:29:50 
Apr 25 00:29:50 ==================脚本执行- 北京时间(UTC+8)：4/25/2021, 12:29:50 AM=====================
Apr 25 00:29:50 
Apr 25 00:29:51 
Apr 25 00:29:51 ***********开始【京东账号1】18337656372_p********
Apr 25 00:29:51 
Apr 25 00:29:51 收取鹅蛋:37个成功
Apr 25 00:29:51 当前总鹅蛋数量:1202
Apr 25 00:29:52 兑换金币:3
Apr 25 00:29:52 当前总金币:574
Apr 25 00:29:52 
Apr 25 00:29:52 ***********开始【京东账号2】jd_MCazEJrLyuXn********
Apr 25 00:29:52 
Apr 25 00:29:52 收取鹅蛋失败:活动太火爆，请稍后尝试
Apr 25 00:29:52 兑换金币失败:活动太火爆，请稍后尝试
Apr 25 00:29:53 
Apr 25 00:29:53 ***********开始【京东账号3】鬼神之吕奉先********
Apr 25 00:29:53 
Apr 25 00:29:53 收取鹅蛋:31个成功
Apr 25 00:29:53 当前总鹅蛋数量:4331
Apr 25 00:29:53 兑换金币:3
Apr 25 00:29:53 当前总金币:202
Apr 25 00:29:54 
Apr 25 00:29:54 ***********开始【京东账号4】jd_6ba76f15069fd********
Apr 25 00:29:54 
Apr 25 00:29:54 收取鹅蛋:30个成功
Apr 25 00:29:54 当前总鹅蛋数量:670
Apr 25 00:29:55 兑换金币:3
Apr 25 00:29:55 当前总金币:217
Apr 25 00:29:55 
Apr 25 00:29:55 ***********开始【京东账号5】jd_46928899fcc30********
Apr 25 00:29:55 
Apr 25 00:29:55 收取鹅蛋失败:活动太火爆，请稍后尝试
Apr 25 00:29:55 兑换金币失败:活动太火爆，请稍后尝试
Apr 25 00:29:55 
Apr 25 00:29:55 ***********开始【京东账号6】jd_EirxWEerdtmu********
Apr 25 00:29:55 
Apr 25 00:29:56 收取鹅蛋失败:活动太火爆，请稍后尝试
Apr 25 00:29:56 兑换金币失败:活动太火爆，请稍后尝试
Apr 25 00:29:56 
Apr 25 00:29:56 🔔天天提鹅, 结束! 🕛 5.273 秒
Apr 25 00:29:56 
Apr 25 01:29:48 
Apr 25 01:29:48 🔔天天提鹅, 开始!
Apr 25 01:29:48 
Apr 25 01:29:48 ====================共6个京东账号Cookie=========
Apr 25 01:29:48 
Apr 25 01:29:48 ==================脚本执行- 北京时间(UTC+8)：4/25/2021, 1:29:48 AM=====================
Apr 25 01:29:48 
Apr 25 01:29:48 
Apr 25 01:29:48 ***********开始【京东账号1】18337656372_p********
Apr 25 01:29:48 
Apr 25 01:29:49 收取鹅蛋:37个成功
Apr 25 01:29:49 当前总鹅蛋数量:1232
Apr 25 01:29:49 兑换金币:3
Apr 25 01:29:49 当前总金币:577
Apr 25 01:29:49 
Apr 25 01:29:49 ***********开始【京东账号2】jd_MCazEJrLyuXn********
Apr 25 01:29:49 
Apr 25 01:29:49 收取鹅蛋失败:活动太火爆，请稍后尝试
Apr 25 01:29:49 兑换金币失败:活动太火爆，请稍后尝试
Apr 25 01:29:50 
Apr 25 01:29:50 ***********开始【京东账号3】鬼神之吕奉先********
Apr 25 01:29:50 
Apr 25 01:29:50 收取鹅蛋:31个成功
Apr 25 01:29:50 当前总鹅蛋数量:4361
Apr 25 01:29:50 兑换金币:3
Apr 25 01:29:50 当前总金币:205
Apr 25 01:29:50 
Apr 25 01:29:50 ***********开始【京东账号4】jd_6ba76f15069fd********
Apr 25 01:29:50 
Apr 25 01:29:51 收取鹅蛋:30个成功
Apr 25 01:29:51 当前总鹅蛋数量:700
Apr 25 01:29:51 兑换金币:3
Apr 25 01:29:51 当前总金币:220
Apr 25 01:29:51 
Apr 25 01:29:51 ***********开始【京东账号5】jd_46928899fcc30********
Apr 25 01:29:51 
Apr 25 01:29:52 收取鹅蛋失败:活动太火爆，请稍后尝试
Apr 25 01:29:52 兑换金币失败:活动太火爆，请稍后尝试
Apr 25 01:29:52 
Apr 25 01:29:52 ***********开始【京东账号6】jd_EirxWEerdtmu********
Apr 25 01:29:52 
Apr 25 01:29:52 收取鹅蛋失败:活动太火爆，请稍后尝试
Apr 25 01:29:52 兑换金币失败:活动太火爆，请稍后尝试
Apr 25 01:29:52 
Apr 25 01:29:52 🔔天天提鹅, 结束! 🕛 4.815 秒
Apr 25 01:29:52 
Apr 25 02:29:22 
Apr 25 02:29:22 🔔天天提鹅, 开始!
Apr 25 02:29:22 
Apr 25 02:29:22 ====================共6个京东账号Cookie=========
Apr 25 02:29:22 
Apr 25 02:29:22 ==================脚本执行- 北京时间(UTC+8)：4/25/2021, 2:29:22 AM=====================
Apr 25 02:29:22 
Apr 25 02:29:22 
Apr 25 02:29:22 ***********开始【京东账号1】18337656372_p********
Apr 25 02:29:22 
Apr 25 02:29:23 收取鹅蛋:37个成功
Apr 25 02:29:23 当前总鹅蛋数量:1262
Apr 25 02:29:23 兑换金币:3
Apr 25 02:29:23 当前总金币:580
Apr 25 02:29:23 
Apr 25 02:29:23 ***********开始【京东账号2】jd_MCazEJrLyuXn********
Apr 25 02:29:23 
Apr 25 02:29:23 收取鹅蛋失败:活动太火爆，请稍后尝试
Apr 25 02:29:23 兑换金币失败:活动太火爆，请稍后尝试
Apr 25 02:29:24 
Apr 25 02:29:24 ***********开始【京东账号3】鬼神之吕奉先********
Apr 25 02:29:24 
Apr 25 02:29:24 收取鹅蛋:31个成功
Apr 25 02:29:24 当前总鹅蛋数量:4391
Apr 25 02:29:24 兑换金币:3
Apr 25 02:29:24 当前总金币:208
Apr 25 02:29:25 
Apr 25 02:29:25 ***********开始【京东账号4】jd_6ba76f15069fd********
Apr 25 02:29:25 
Apr 25 02:29:25 收取鹅蛋:30个成功
Apr 25 02:29:25 当前总鹅蛋数量:730
Apr 25 02:29:25 兑换金币:3
Apr 25 02:29:25 当前总金币:223
Apr 25 02:29:25 
Apr 25 02:29:25 ***********开始【京东账号5】jd_46928899fcc30********
Apr 25 02:29:25 
Apr 25 02:29:26 收取鹅蛋失败:活动太火爆，请稍后尝试
Apr 25 02:29:26 兑换金币失败:活动太火爆，请稍后尝试
Apr 25 02:29:26 
Apr 25 02:29:26 ***********开始【京东账号6】jd_EirxWEerdtmu********
Apr 25 02:29:26 
Apr 25 02:29:26 收取鹅蛋失败:活动太火爆，请稍后尝试
Apr 25 02:29:26 兑换金币失败:活动太火爆，请稍后尝试
Apr 25 02:29:26 
Apr 25 02:29:26 🔔天天提鹅, 结束! 🕛 4.79 秒
Apr 25 02:29:26 
Apr 25 03:28:30 
Apr 25 03:28:30 🔔天天提鹅, 开始!
Apr 25 03:28:30 
Apr 25 03:28:30 ====================共6个京东账号Cookie=========
Apr 25 03:28:30 
Apr 25 03:28:30 ==================脚本执行- 北京时间(UTC+8)：4/25/2021, 3:28:30 AM=====================
Apr 25 03:28:30 
Apr 25 03:28:30 
Apr 25 03:28:30 ***********开始【京东账号1】18337656372_p********
Apr 25 03:28:30 
Apr 25 03:28:31 收取鹅蛋:37个成功
Apr 25 03:28:31 当前总鹅蛋数量:1292
Apr 25 03:28:31 兑换金币:3
Apr 25 03:28:31 当前总金币:583
Apr 25 03:28:31 
Apr 25 03:28:31 ***********开始【京东账号2】jd_MCazEJrLyuXn********
Apr 25 03:28:31 
Apr 25 03:28:31 收取鹅蛋失败:活动太火爆，请稍后尝试
Apr 25 03:28:32 兑换金币失败:活动太火爆，请稍后尝试
Apr 25 03:28:32 
Apr 25 03:28:32 ***********开始【京东账号3】鬼神之吕奉先********
Apr 25 03:28:32 
Apr 25 03:28:32 收取鹅蛋:31个成功
Apr 25 03:28:32 当前总鹅蛋数量:4421
Apr 25 03:28:32 兑换金币:3
Apr 25 03:28:32 当前总金币:211
Apr 25 03:28:33 
Apr 25 03:28:33 ***********开始【京东账号4】jd_6ba76f15069fd********
Apr 25 03:28:33 
Apr 25 03:28:33 收取鹅蛋:30个成功
Apr 25 03:28:33 当前总鹅蛋数量:760
Apr 25 03:28:33 兑换金币:3
Apr 25 03:28:33 当前总金币:226
Apr 25 03:28:34 
Apr 25 03:28:34 ***********开始【京东账号5】jd_46928899fcc30********
Apr 25 03:28:34 
Apr 25 03:28:34 收取鹅蛋失败:活动太火爆，请稍后尝试
Apr 25 03:28:34 兑换金币失败:活动太火爆，请稍后尝试
Apr 25 03:28:34 
Apr 25 03:28:34 ***********开始【京东账号6】jd_EirxWEerdtmu********
Apr 25 03:28:34 
Apr 25 03:28:34 收取鹅蛋失败:活动太火爆，请稍后尝试
Apr 25 03:28:35 兑换金币失败:活动太火爆，请稍后尝试
Apr 25 03:28:35 
Apr 25 03:28:35 🔔天天提鹅, 结束! 🕛 4.793 秒
Apr 25 03:28:35 
Apr 25 04:28:39 
Apr 25 04:28:39 🔔天天提鹅, 开始!
Apr 25 04:28:39 
Apr 25 04:28:39 ====================共6个京东账号Cookie=========
Apr 25 04:28:39 
Apr 25 04:28:39 ==================脚本执行- 北京时间(UTC+8)：4/25/2021, 4:28:39 AM=====================
Apr 25 04:28:39 
Apr 25 04:28:39 
Apr 25 04:28:39 ***********开始【京东账号1】18337656372_p********
Apr 25 04:28:39 
Apr 25 04:28:40 收取鹅蛋:37个成功
Apr 25 04:28:40 当前总鹅蛋数量:1322
Apr 25 04:28:40 兑换金币:3
Apr 25 04:28:40 当前总金币:586
Apr 25 04:28:40 
Apr 25 04:28:40 ***********开始【京东账号2】jd_MCazEJrLyuXn********
Apr 25 04:28:40 
Apr 25 04:28:40 收取鹅蛋失败:活动太火爆，请稍后尝试
Apr 25 04:28:41 兑换金币失败:活动太火爆，请稍后尝试
Apr 25 04:28:41 
Apr 25 04:28:41 ***********开始【京东账号3】鬼神之吕奉先********
Apr 25 04:28:41 
Apr 25 04:28:41 收取鹅蛋:31个成功
Apr 25 04:28:41 当前总鹅蛋数量:4451
Apr 25 04:28:41 兑换金币:3
Apr 25 04:28:41 当前总金币:214
Apr 25 04:28:41 
Apr 25 04:28:41 ***********开始【京东账号4】jd_6ba76f15069fd********
Apr 25 04:28:41 
Apr 25 04:28:42 收取鹅蛋:30个成功
Apr 25 04:28:42 当前总鹅蛋数量:790
Apr 25 04:28:42 兑换金币:3
Apr 25 04:28:42 当前总金币:229
Apr 25 04:28:42 
Apr 25 04:28:42 ***********开始【京东账号5】jd_46928899fcc30********
Apr 25 04:28:42 
Apr 25 04:28:43 收取鹅蛋失败:活动太火爆，请稍后尝试
Apr 25 04:28:43 兑换金币失败:活动太火爆，请稍后尝试
Apr 25 04:28:43 
Apr 25 04:28:43 ***********开始【京东账号6】jd_EirxWEerdtmu********
Apr 25 04:28:43 
Apr 25 04:28:43 收取鹅蛋失败:活动太火爆，请稍后尝试
Apr 25 04:28:43 兑换金币失败:活动太火爆，请稍后尝试
Apr 25 04:28:43 
Apr 25 04:28:43 🔔天天提鹅, 结束! 🕛 4.519 秒
Apr 25 04:28:43 
Apr 25 05:29:40 
Apr 25 05:29:40 🔔天天提鹅, 开始!
Apr 25 05:29:40 
Apr 25 05:29:40 ====================共6个京东账号Cookie=========
Apr 25 05:29:40 
Apr 25 05:29:40 ==================脚本执行- 北京时间(UTC+8)：4/25/2021, 5:29:40 AM=====================
Apr 25 05:29:40 
Apr 25 05:29:40 
Apr 25 05:29:40 ***********开始【京东账号1】18337656372_p********
Apr 25 05:29:40 
Apr 25 05:29:41 收取鹅蛋:37个成功
Apr 25 05:29:41 当前总鹅蛋数量:1352
Apr 25 05:29:41 兑换金币:3
Apr 25 05:29:41 当前总金币:589
Apr 25 05:29:41 
Apr 25 05:29:41 ***********开始【京东账号2】jd_MCazEJrLyuXn********
Apr 25 05:29:41 
Apr 25 05:29:42 收取鹅蛋失败:活动太火爆，请稍后尝试
Apr 25 05:29:42 兑换金币失败:活动太火爆，请稍后尝试
Apr 25 05:29:42 
Apr 25 05:29:42 ***********开始【京东账号3】鬼神之吕奉先********
Apr 25 05:29:42 
Apr 25 05:29:42 收取鹅蛋:31个成功
Apr 25 05:29:42 当前总鹅蛋数量:4481
Apr 25 05:29:42 兑换金币:3
Apr 25 05:29:42 当前总金币:217
Apr 25 05:29:42 
Apr 25 05:29:42 ***********开始【京东账号4】jd_6ba76f15069fd********
Apr 25 05:29:42 
Apr 25 05:29:43 收取鹅蛋:30个成功
Apr 25 05:29:43 当前总鹅蛋数量:820
Apr 25 05:29:43 兑换金币:3
Apr 25 05:29:43 当前总金币:232
Apr 25 05:29:43 
Apr 25 05:29:43 ***********开始【京东账号5】jd_46928899fcc30********
Apr 25 05:29:43 
Apr 25 05:29:44 收取鹅蛋失败:活动太火爆，请稍后尝试
Apr 25 05:29:44 兑换金币失败:活动太火爆，请稍后尝试
Apr 25 05:29:44 
Apr 25 05:29:44 ***********开始【京东账号6】jd_EirxWEerdtmu********
Apr 25 05:29:44 
Apr 25 05:29:44 收取鹅蛋失败:活动太火爆，请稍后尝试
Apr 25 05:29:44 兑换金币失败:活动太火爆，请稍后尝试
Apr 25 05:29:44 
Apr 25 05:29:44 🔔天天提鹅, 结束! 🕛 4.375 秒
Apr 25 05:29:44 
Apr 25 06:28:31 
Apr 25 06:28:31 🔔天天提鹅, 开始!
Apr 25 06:28:31 
Apr 25 06:28:31 ====================共6个京东账号Cookie=========
Apr 25 06:28:31 
Apr 25 06:28:31 ==================脚本执行- 北京时间(UTC+8)：4/25/2021, 6:28:31 AM=====================
Apr 25 06:28:31 
Apr 25 06:28:31 
Apr 25 06:28:31 ***********开始【京东账号1】18337656372_p********
Apr 25 06:28:31 
Apr 25 06:28:32 收取鹅蛋:37个成功
Apr 25 06:28:32 当前总鹅蛋数量:1382
Apr 25 06:28:32 兑换金币:3
Apr 25 06:28:32 当前总金币:592
Apr 25 06:28:32 
Apr 25 06:28:32 ***********开始【京东账号2】jd_MCazEJrLyuXn********
Apr 25 06:28:32 
Apr 25 06:28:33 收取鹅蛋失败:活动太火爆，请稍后尝试
Apr 25 06:28:33 兑换金币失败:活动太火爆，请稍后尝试
Apr 25 06:28:33 
Apr 25 06:28:33 ***********开始【京东账号3】鬼神之吕奉先********
Apr 25 06:28:33 
Apr 25 06:28:33 收取鹅蛋:31个成功
Apr 25 06:28:33 当前总鹅蛋数量:4511
Apr 25 06:28:34 兑换金币:3
Apr 25 06:28:34 当前总金币:220
Apr 25 06:28:34 
Apr 25 06:28:34 ***********开始【京东账号4】jd_6ba76f15069fd********
Apr 25 06:28:34 
Apr 25 06:28:34 收取鹅蛋:30个成功
Apr 25 06:28:34 当前总鹅蛋数量:850
Apr 25 06:28:35 兑换金币:3
Apr 25 06:28:35 当前总金币:235
Apr 25 06:28:35 
Apr 25 06:28:35 ***********开始【京东账号5】jd_46928899fcc30********
Apr 25 06:28:35 
Apr 25 06:28:35 收取鹅蛋失败:活动太火爆，请稍后尝试
Apr 25 06:28:35 兑换金币失败:活动太火爆，请稍后尝试
Apr 25 06:28:35 
Apr 25 06:28:35 ***********开始【京东账号6】jd_EirxWEerdtmu********
Apr 25 06:28:35 
Apr 25 06:28:35 收取鹅蛋失败:活动太火爆，请稍后尝试
Apr 25 06:28:36 兑换金币失败:活动太火爆，请稍后尝试
Apr 25 06:28:36 
Apr 25 06:28:36 🔔天天提鹅, 结束! 🕛 4.657 秒
Apr 25 06:28:36 
Apr 25 07:29:03 
Apr 25 07:29:03 🔔天天提鹅, 开始!
Apr 25 07:29:03 
Apr 25 07:29:03 ====================共6个京东账号Cookie=========
Apr 25 07:29:03 
Apr 25 07:29:03 ==================脚本执行- 北京时间(UTC+8)：4/25/2021, 7:29:03 AM=====================
Apr 25 07:29:03 
Apr 25 07:29:03 
Apr 25 07:29:03 ***********开始【京东账号1】18337656372_p********
Apr 25 07:29:03 
Apr 25 07:29:04 收取鹅蛋:37个成功
Apr 25 07:29:04 当前总鹅蛋数量:1412
Apr 25 07:29:04 兑换金币:3
Apr 25 07:29:04 当前总金币:595
Apr 25 07:29:04 
Apr 25 07:29:04 ***********开始【京东账号2】jd_MCazEJrLyuXn********
Apr 25 07:29:04 
Apr 25 07:29:05 收取鹅蛋失败:活动太火爆，请稍后尝试
Apr 25 07:29:05 兑换金币失败:活动太火爆，请稍后尝试
Apr 25 07:29:05 
Apr 25 07:29:05 ***********开始【京东账号3】鬼神之吕奉先********
Apr 25 07:29:05 
Apr 25 07:29:05 收取鹅蛋:31个成功
Apr 25 07:29:05 当前总鹅蛋数量:4541
Apr 25 07:29:06 兑换金币:3
Apr 25 07:29:06 当前总金币:223
Apr 25 07:29:06 
Apr 25 07:29:06 ***********开始【京东账号4】jd_6ba76f15069fd********
Apr 25 07:29:06 
Apr 25 07:29:06 收取鹅蛋:30个成功
Apr 25 07:29:06 当前总鹅蛋数量:880
Apr 25 07:29:07 兑换金币:3
Apr 25 07:29:07 当前总金币:238
Apr 25 07:29:07 
Apr 25 07:29:07 ***********开始【京东账号5】jd_46928899fcc30********
Apr 25 07:29:07 
Apr 25 07:29:07 收取鹅蛋失败:活动太火爆，请稍后尝试
Apr 25 07:29:07 兑换金币失败:活动太火爆，请稍后尝试
Apr 25 07:29:07 
Apr 25 07:29:07 ***********开始【京东账号6】jd_EirxWEerdtmu********
Apr 25 07:29:07 
Apr 25 07:29:08 收取鹅蛋失败:活动太火爆，请稍后尝试
Apr 25 07:29:08 兑换金币失败:活动太火爆，请稍后尝试
Apr 25 07:29:08 
Apr 25 07:29:08 🔔天天提鹅, 结束! 🕛 4.685 秒
Apr 25 07:29:08 
Apr 25 08:29:15 
Apr 25 08:29:15 🔔天天提鹅, 开始!
Apr 25 08:29:15 
Apr 25 08:29:15 ====================共6个京东账号Cookie=========
Apr 25 08:29:15 
Apr 25 08:29:15 ==================脚本执行- 北京时间(UTC+8)：4/25/2021, 8:29:15 AM=====================
Apr 25 08:29:15 
Apr 25 08:29:16 
Apr 25 08:29:16 ***********开始【京东账号1】18337656372_p********
Apr 25 08:29:16 
Apr 25 08:29:16 收取鹅蛋:17个成功
Apr 25 08:29:16 当前总鹅蛋数量:1422
Apr 25 08:29:17 兑换金币:1
Apr 25 08:29:17 当前总金币:596
Apr 25 08:29:17 
Apr 25 08:29:17 ***********开始【京东账号2】jd_MCazEJrLyuXn********
Apr 25 08:29:17 
Apr 25 08:29:17 收取鹅蛋失败:活动太火爆，请稍后尝试
Apr 25 08:29:17 兑换金币失败:活动太火爆，请稍后尝试
Apr 25 08:29:17 
Apr 25 08:29:17 ***********开始【京东账号3】鬼神之吕奉先********
Apr 25 08:29:17 
Apr 25 08:29:18 收取鹅蛋:11个成功
Apr 25 08:29:18 当前总鹅蛋数量:4551
Apr 25 08:29:18 兑换金币:1
Apr 25 08:29:18 当前总金币:224
Apr 25 08:29:18 
Apr 25 08:29:18 ***********开始【京东账号4】jd_6ba76f15069fd********
Apr 25 08:29:18 
Apr 25 08:29:18 收取鹅蛋:10个成功
Apr 25 08:29:18 当前总鹅蛋数量:890
Apr 25 08:29:19 兑换金币:1
Apr 25 08:29:19 当前总金币:239
Apr 25 08:29:19 
Apr 25 08:29:19 ***********开始【京东账号5】jd_46928899fcc30********
Apr 25 08:29:19 
Apr 25 08:29:19 收取鹅蛋失败:活动太火爆，请稍后尝试
Apr 25 08:29:19 兑换金币失败:活动太火爆，请稍后尝试
Apr 25 08:29:19 
Apr 25 08:29:19 ***********开始【京东账号6】jd_EirxWEerdtmu********
Apr 25 08:29:19 
Apr 25 08:29:20 收取鹅蛋失败:活动太火爆，请稍后尝试
Apr 25 08:29:20 兑换金币失败:活动太火爆，请稍后尝试
Apr 25 08:29:20 
Apr 25 08:29:20 🔔天天提鹅, 结束! 🕛 4.484 秒
Apr 25 08:29:20 
Apr 25 09:28:41 
Apr 25 09:28:41 🔔天天提鹅, 开始!
Apr 25 09:28:41 
Apr 25 09:28:41 ====================共6个京东账号Cookie=========
Apr 25 09:28:41 
Apr 25 09:28:41 ==================脚本执行- 北京时间(UTC+8)：4/25/2021, 9:28:41 AM=====================
Apr 25 09:28:41 
Apr 25 09:28:42 
Apr 25 09:28:42 ***********开始【京东账号1】18337656372_p********
Apr 25 09:28:42 
Apr 25 09:28:42 收取鹅蛋:15个成功
Apr 25 09:28:42 当前总鹅蛋数量:1430
Apr 25 09:28:43 兑换金币:1
Apr 25 09:28:43 当前总金币:597
Apr 25 09:28:43 
Apr 25 09:28:43 ***********开始【京东账号2】jd_MCazEJrLyuXn********
Apr 25 09:28:43 
Apr 25 09:28:43 收取鹅蛋失败:活动太火爆，请稍后尝试
Apr 25 09:28:43 兑换金币失败:活动太火爆，请稍后尝试
Apr 25 09:28:43 
Apr 25 09:28:43 ***********开始【京东账号3】鬼神之吕奉先********
Apr 25 09:28:43 
Apr 25 09:28:44 收取鹅蛋:9个成功
Apr 25 09:28:44 当前总鹅蛋数量:4559
Apr 25 09:28:44 兑换金币失败:剩余数量不足
Apr 25 09:28:44 
Apr 25 09:28:44 ***********开始【京东账号4】jd_6ba76f15069fd********
Apr 25 09:28:44 
Apr 25 09:28:45 收取鹅蛋:8个成功
Apr 25 09:28:45 当前总鹅蛋数量:898
Apr 25 09:28:45 兑换金币失败:剩余数量不足
Apr 25 09:28:45 
Apr 25 09:28:45 ***********开始【京东账号5】jd_46928899fcc30********
Apr 25 09:28:45 
Apr 25 09:28:45 收取鹅蛋失败:活动太火爆，请稍后尝试
Apr 25 09:28:45 兑换金币失败:活动太火爆，请稍后尝试
Apr 25 09:28:45 
Apr 25 09:28:45 ***********开始【京东账号6】jd_EirxWEerdtmu********
Apr 25 09:28:45 
Apr 25 09:28:46 收取鹅蛋失败:活动太火爆，请稍后尝试
Apr 25 09:28:46 兑换金币失败:活动太火爆，请稍后尝试
Apr 25 09:28:46 
Apr 25 09:28:46 🔔天天提鹅, 结束! 🕛 4.402 秒
Apr 25 09:28:46 
Apr 25 10:29:14 
Apr 25 10:29:14 🔔天天提鹅, 开始!
Apr 25 10:29:14 
Apr 25 10:29:14 ====================共6个京东账号Cookie=========
Apr 25 10:29:14 
Apr 25 10:29:14 ==================脚本执行- 北京时间(UTC+8)：4/25/2021, 10:29:14 AM=====================
Apr 25 10:29:14 
Apr 25 10:29:14 
Apr 25 10:29:14 ***********开始【京东账号1】18337656372_p********
Apr 25 10:29:14 
Apr 25 10:29:14 收取鹅蛋:14个成功
Apr 25 10:29:14 当前总鹅蛋数量:1439
Apr 25 10:29:15 兑换金币:1
Apr 25 10:29:15 当前总金币:598
Apr 25 10:29:15 
Apr 25 10:29:15 ***********开始【京东账号2】jd_MCazEJrLyuXn********
Apr 25 10:29:15 
Apr 25 10:29:15 收取鹅蛋失败:活动太火爆，请稍后尝试
Apr 25 10:29:15 兑换金币失败:活动太火爆，请稍后尝试
Apr 25 10:29:15 
Apr 25 10:29:15 ***********开始【京东账号3】鬼神之吕奉先********
Apr 25 10:29:15 
Apr 25 10:29:16 收取鹅蛋:18个成功
Apr 25 10:29:16 当前总鹅蛋数量:4568
Apr 25 10:29:16 兑换金币:1
Apr 25 10:29:16 当前总金币:225
Apr 25 10:29:16 
Apr 25 10:29:16 ***********开始【京东账号4】jd_6ba76f15069fd********
Apr 25 10:29:16 
Apr 25 10:29:17 收取鹅蛋:17个成功
Apr 25 10:29:17 当前总鹅蛋数量:907
Apr 25 10:29:17 兑换金币:1
Apr 25 10:29:17 当前总金币:240
Apr 25 10:29:17 
Apr 25 10:29:17 ***********开始【京东账号5】jd_46928899fcc30********
Apr 25 10:29:17 
Apr 25 10:29:17 收取鹅蛋失败:活动太火爆，请稍后尝试
Apr 25 10:29:18 兑换金币失败:活动太火爆，请稍后尝试
Apr 25 10:29:18 
Apr 25 10:29:18 ***********开始【京东账号6】jd_EirxWEerdtmu********
Apr 25 10:29:18 
Apr 25 10:29:18 收取鹅蛋失败:活动太火爆，请稍后尝试
Apr 25 10:29:18 兑换金币失败:活动太火爆，请稍后尝试
Apr 25 10:29:18 
Apr 25 10:29:18 🔔天天提鹅, 结束! 🕛 4.606 秒
Apr 25 10:29:18 
Apr 25 11:29:47 
Apr 25 11:29:47 🔔天天提鹅, 开始!
Apr 25 11:29:47 
Apr 25 11:29:47 ====================共6个京东账号Cookie=========
Apr 25 11:29:47 
Apr 25 11:29:47 ==================脚本执行- 北京时间(UTC+8)：4/25/2021, 11:29:47 AM=====================
Apr 25 11:29:47 
Apr 25 11:29:47 
Apr 25 11:29:47 ***********开始【京东账号1】18337656372_p********
Apr 25 11:29:47 
Apr 25 11:29:51 收取鹅蛋:12个成功
Apr 25 11:29:51 当前总鹅蛋数量:1447
Apr 25 11:29:51 兑换金币:1
Apr 25 11:29:51 当前总金币:599
Apr 25 11:29:51 
Apr 25 11:29:51 ***********开始【京东账号2】jd_MCazEJrLyuXn********
Apr 25 11:29:51 
Apr 25 11:29:51 收取鹅蛋失败:活动太火爆，请稍后尝试
Apr 25 11:29:51 兑换金币失败:活动太火爆，请稍后尝试
Apr 25 11:29:52 
Apr 25 11:29:52 ***********开始【京东账号3】鬼神之吕奉先********
Apr 25 11:29:52 
Apr 25 11:29:52 收取鹅蛋:16个成功
Apr 25 11:29:52 当前总鹅蛋数量:4576
Apr 25 11:29:52 兑换金币:1
Apr 25 11:29:52 当前总金币:226
Apr 25 11:29:52 
Apr 25 11:29:52 ***********开始【京东账号4】jd_6ba76f15069fd********
Apr 25 11:29:52 
Apr 25 11:29:53 收取鹅蛋:15个成功
Apr 25 11:29:53 当前总鹅蛋数量:915
Apr 25 11:29:53 兑换金币:1
Apr 25 11:29:53 当前总金币:241
Apr 25 11:29:53 
Apr 25 11:29:53 ***********开始【京东账号5】jd_46928899fcc30********
Apr 25 11:29:53 
Apr 25 11:29:54 收取鹅蛋失败:活动太火爆，请稍后尝试
Apr 25 11:29:54 兑换金币失败:活动太火爆，请稍后尝试
Apr 25 11:29:54 
Apr 25 11:29:54 ***********开始【京东账号6】jd_EirxWEerdtmu********
Apr 25 11:29:54 
Apr 25 11:29:54 收取鹅蛋失败:活动太火爆，请稍后尝试
Apr 25 11:29:54 兑换金币失败:活动太火爆，请稍后尝试
Apr 25 11:29:54 
Apr 25 11:29:54 🔔天天提鹅, 结束! 🕛 7.701 秒
Apr 25 11:29:54 
Apr 25 12:29:06 
Apr 25 12:29:06 🔔天天提鹅, 开始!
Apr 25 12:29:06 
Apr 25 12:29:06 ====================共6个京东账号Cookie=========
Apr 25 12:29:06 
Apr 25 12:29:06 ==================脚本执行- 北京时间(UTC+8)：4/25/2021, 12:29:06 PM=====================
Apr 25 12:29:06 
Apr 25 12:29:06 
Apr 25 12:29:06 ***********开始【京东账号1】18337656372_p********
Apr 25 12:29:06 
Apr 25 12:29:07 收取鹅蛋:11个成功
Apr 25 12:29:07 当前总鹅蛋数量:1456
Apr 25 12:29:07 兑换金币:1
Apr 25 12:29:07 当前总金币:600
Apr 25 12:29:07 
Apr 25 12:29:07 ***********开始【京东账号2】jd_MCazEJrLyuXn********
Apr 25 12:29:07 
Apr 25 12:29:08 收取鹅蛋失败:活动太火爆，请稍后尝试
Apr 25 12:29:08 兑换金币失败:活动太火爆，请稍后尝试
Apr 25 12:29:08 
Apr 25 12:29:08 ***********开始【京东账号3】鬼神之吕奉先********
Apr 25 12:29:08 
Apr 25 12:29:08 收取鹅蛋:15个成功
Apr 25 12:29:08 当前总鹅蛋数量:4585
Apr 25 12:29:09 兑换金币:1
Apr 25 12:29:09 当前总金币:227
Apr 25 12:29:09 
Apr 25 12:29:09 ***********开始【京东账号4】jd_6ba76f15069fd********
Apr 25 12:29:09 
Apr 25 12:29:09 收取鹅蛋:14个成功
Apr 25 12:29:09 当前总鹅蛋数量:924
Apr 25 12:29:10 兑换金币:1
Apr 25 12:29:10 当前总金币:242
Apr 25 12:29:10 
Apr 25 12:29:10 ***********开始【京东账号5】jd_46928899fcc30********
Apr 25 12:29:10 
Apr 25 12:29:10 收取鹅蛋失败:活动太火爆，请稍后尝试
Apr 25 12:29:10 兑换金币失败:活动太火爆，请稍后尝试
Apr 25 12:29:10 
Apr 25 12:29:10 ***********开始【京东账号6】jd_EirxWEerdtmu********
Apr 25 12:29:10 
Apr 25 12:29:10 收取鹅蛋失败:活动太火爆，请稍后尝试
Apr 25 12:29:11 兑换金币失败:活动太火爆，请稍后尝试
Apr 25 12:29:11 
Apr 25 12:29:11 🔔天天提鹅, 结束! 🕛 4.8 秒
Apr 25 12:29:11 
Apr 25 13:28:34 
Apr 25 13:28:34 🔔天天提鹅, 开始!
Apr 25 13:28:34 
Apr 25 13:28:34 ====================共6个京东账号Cookie=========
Apr 25 13:28:34 
Apr 25 13:28:34 ==================脚本执行- 北京时间(UTC+8)：4/25/2021, 1:28:34 PM=====================
Apr 25 13:28:34 
Apr 25 13:28:34 
Apr 25 13:28:34 ***********开始【京东账号1】18337656372_p********
Apr 25 13:28:34 
Apr 25 13:28:35 收取鹅蛋:9个成功
Apr 25 13:28:35 当前总鹅蛋数量:1464
Apr 25 13:28:35 兑换金币失败:剩余数量不足
Apr 25 13:28:35 
Apr 25 13:28:35 ***********开始【京东账号2】jd_MCazEJrLyuXn********
Apr 25 13:28:35 
Apr 25 13:28:35 收取鹅蛋失败:活动太火爆，请稍后尝试
Apr 25 13:28:36 兑换金币失败:活动太火爆，请稍后尝试
Apr 25 13:28:36 
Apr 25 13:28:36 ***********开始【京东账号3】鬼神之吕奉先********
Apr 25 13:28:36 
Apr 25 13:28:36 收取鹅蛋:13个成功
Apr 25 13:28:36 当前总鹅蛋数量:4593
Apr 25 13:28:36 兑换金币:1
Apr 25 13:28:36 当前总金币:228
Apr 25 13:28:37 
Apr 25 13:28:37 ***********开始【京东账号4】jd_6ba76f15069fd********
Apr 25 13:28:37 
Apr 25 13:28:37 收取鹅蛋:12个成功
Apr 25 13:28:37 当前总鹅蛋数量:932
Apr 25 13:28:37 兑换金币:1
Apr 25 13:28:37 当前总金币:243
Apr 25 13:28:37 
Apr 25 13:28:37 ***********开始【京东账号5】jd_46928899fcc30********
Apr 25 13:28:37 
Apr 25 13:28:38 收取鹅蛋失败:活动太火爆，请稍后尝试
Apr 25 13:28:38 兑换金币失败:活动太火爆，请稍后尝试
Apr 25 13:28:38 
Apr 25 13:28:38 ***********开始【京东账号6】jd_EirxWEerdtmu********
Apr 25 13:28:38 
Apr 25 13:28:38 收取鹅蛋失败:活动太火爆，请稍后尝试
Apr 25 13:28:38 兑换金币失败:活动太火爆，请稍后尝试
Apr 25 13:28:38 
Apr 25 13:28:38 🔔天天提鹅, 结束! 🕛 4.392 秒
Apr 25 13:28:38 
Apr 25 14:29:05 
Apr 25 14:29:05 🔔天天提鹅, 开始!
Apr 25 14:29:05 
Apr 25 14:29:05 ====================共6个京东账号Cookie=========
Apr 25 14:29:05 
Apr 25 14:29:05 ==================脚本执行- 北京时间(UTC+8)：4/25/2021, 2:29:05 PM=====================
Apr 25 14:29:05 
Apr 25 14:29:05 
Apr 25 14:29:05 ***********开始【京东账号1】18337656372_p********
Apr 25 14:29:05 
Apr 25 14:29:06 收取鹅蛋:18个成功
Apr 25 14:29:06 当前总鹅蛋数量:1473
Apr 25 14:29:06 兑换金币:1
Apr 25 14:29:06 当前总金币:601
Apr 25 14:29:06 
Apr 25 14:29:06 ***********开始【京东账号2】jd_MCazEJrLyuXn********
Apr 25 14:29:06 
Apr 25 14:29:07 收取鹅蛋失败:活动太火爆，请稍后尝试
Apr 25 14:29:07 兑换金币失败:活动太火爆，请稍后尝试
Apr 25 14:29:07 
Apr 25 14:29:07 ***********开始【京东账号3】鬼神之吕奉先********
Apr 25 14:29:07 
Apr 25 14:29:07 收取鹅蛋:12个成功
Apr 25 14:29:07 当前总鹅蛋数量:4602
Apr 25 14:29:08 兑换金币:1
Apr 25 14:29:08 当前总金币:229
Apr 25 14:29:08 
Apr 25 14:29:08 ***********开始【京东账号4】jd_6ba76f15069fd********
Apr 25 14:29:08 
Apr 25 14:29:08 收取鹅蛋:11个成功
Apr 25 14:29:08 当前总鹅蛋数量:941
Apr 25 14:29:09 兑换金币:1
Apr 25 14:29:09 当前总金币:244
Apr 25 14:29:09 
Apr 25 14:29:09 ***********开始【京东账号5】jd_46928899fcc30********
Apr 25 14:29:09 
Apr 25 14:29:09 收取鹅蛋失败:活动太火爆，请稍后尝试
Apr 25 14:29:09 兑换金币失败:活动太火爆，请稍后尝试
Apr 25 14:29:09 
Apr 25 14:29:09 ***********开始【京东账号6】jd_EirxWEerdtmu********
Apr 25 14:29:09 
Apr 25 14:29:10 收取鹅蛋失败:活动太火爆，请稍后尝试
Apr 25 14:29:10 兑换金币失败:活动太火爆，请稍后尝试
Apr 25 14:29:10 
Apr 25 14:29:10 🔔天天提鹅, 结束! 🕛 4.854 秒
Apr 25 14:29:10 
Apr 25 15:29:52 
Apr 25 15:29:52 🔔天天提鹅, 开始!
Apr 25 15:29:52 
Apr 25 15:29:52 ====================共6个京东账号Cookie=========
Apr 25 15:29:52 
Apr 25 15:29:52 ==================脚本执行- 北京时间(UTC+8)：4/25/2021, 3:29:52 PM=====================
Apr 25 15:29:52 
Apr 25 15:29:53 
Apr 25 15:29:53 ***********开始【京东账号1】18337656372_p********
Apr 25 15:29:53 
Apr 25 15:29:53 收取鹅蛋:14个成功
Apr 25 15:29:53 当前总鹅蛋数量:1479
Apr 25 15:29:53 兑换金币:1
Apr 25 15:29:53 当前总金币:602
Apr 25 15:29:53 
Apr 25 15:29:53 ***********开始【京东账号2】jd_MCazEJrLyuXn********
Apr 25 15:29:53 
Apr 25 15:29:54 收取鹅蛋失败:活动太火爆，请稍后尝试
Apr 25 15:29:54 兑换金币失败:活动太火爆，请稍后尝试
Apr 25 15:29:54 
Apr 25 15:29:54 ***********开始【京东账号3】鬼神之吕奉先********
Apr 25 15:29:54 
Apr 25 15:29:55 收取鹅蛋:8个成功
Apr 25 15:29:55 当前总鹅蛋数量:4608
Apr 25 15:29:55 兑换金币失败:剩余数量不足
Apr 25 15:29:55 
Apr 25 15:29:55 ***********开始【京东账号4】jd_6ba76f15069fd********
Apr 25 15:29:55 
Apr 25 15:29:55 收取鹅蛋:7个成功
Apr 25 15:29:55 当前总鹅蛋数量:947
Apr 25 15:29:55 兑换金币失败:剩余数量不足
Apr 25 15:29:56 
Apr 25 15:29:56 ***********开始【京东账号5】jd_46928899fcc30********
Apr 25 15:29:56 
Apr 25 15:29:56 收取鹅蛋失败:活动太火爆，请稍后尝试
Apr 25 15:29:56 兑换金币失败:活动太火爆，请稍后尝试
Apr 25 15:29:56 
Apr 25 15:29:56 ***********开始【京东账号6】jd_EirxWEerdtmu********
Apr 25 15:29:56 
Apr 25 15:29:56 收取鹅蛋失败:活动太火爆，请稍后尝试
Apr 25 15:29:57 兑换金币失败:活动太火爆，请稍后尝试
Apr 25 15:29:57 
Apr 25 15:29:57 🔔天天提鹅, 结束! 🕛 4.436 秒
Apr 25 15:29:57 
Apr 25 16:28:49 
Apr 25 16:28:49 🔔天天提鹅, 开始!
Apr 25 16:28:49 
Apr 25 16:28:49 ====================共6个京东账号Cookie=========
Apr 25 16:28:49 
Apr 25 16:28:49 ==================脚本执行- 北京时间(UTC+8)：4/25/2021, 4:28:49 PM=====================
Apr 25 16:28:49 
Apr 25 16:28:50 
Apr 25 16:28:50 ***********开始【京东账号1】18337656372_p********
Apr 25 16:28:50 
Apr 25 16:28:50 收取鹅蛋:10个成功
Apr 25 16:28:50 当前总鹅蛋数量:1485
Apr 25 16:28:50 兑换金币:1
Apr 25 16:28:50 当前总金币:603
Apr 25 16:28:51 
Apr 25 16:28:51 ***********开始【京东账号2】jd_MCazEJrLyuXn********
Apr 25 16:28:51 
Apr 25 16:28:51 收取鹅蛋失败:活动太火爆，请稍后尝试
Apr 25 16:28:51 兑换金币失败:活动太火爆，请稍后尝试
Apr 25 16:28:51 
Apr 25 16:28:51 ***********开始【京东账号3】鬼神之吕奉先********
Apr 25 16:28:51 
Apr 25 16:28:52 收取鹅蛋:14个成功
Apr 25 16:28:52 当前总鹅蛋数量:4614
Apr 25 16:28:52 兑换金币:1
Apr 25 16:28:52 当前总金币:230
Apr 25 16:28:52 
Apr 25 16:28:52 ***********开始【京东账号4】jd_6ba76f15069fd********
Apr 25 16:28:52 
Apr 25 16:28:52 收取鹅蛋:13个成功
Apr 25 16:28:52 当前总鹅蛋数量:953
Apr 25 16:28:53 兑换金币:1
Apr 25 16:28:53 当前总金币:245
Apr 25 16:28:53 
Apr 25 16:28:53 ***********开始【京东账号5】jd_46928899fcc30********
Apr 25 16:28:53 
Apr 25 16:28:53 收取鹅蛋失败:活动太火爆，请稍后尝试
Apr 25 16:28:53 兑换金币失败:活动太火爆，请稍后尝试
Apr 25 16:28:53 
Apr 25 16:28:53 ***********开始【京东账号6】jd_EirxWEerdtmu********
Apr 25 16:28:53 
Apr 25 16:28:54 收取鹅蛋失败:活动太火爆，请稍后尝试
Apr 25 16:28:54 兑换金币失败:活动太火爆，请稍后尝试
Apr 25 16:28:54 
Apr 25 16:28:54 🔔天天提鹅, 结束! 🕛 4.514 秒
Apr 25 16:28:54 
Apr 25 17:29:13 
Apr 25 17:29:13 🔔天天提鹅, 开始!
Apr 25 17:29:13 
Apr 25 17:29:13 ====================共6个京东账号Cookie=========
Apr 25 17:29:13 
Apr 25 17:29:13 ==================脚本执行- 北京时间(UTC+8)：4/25/2021, 5:29:13 PM=====================
Apr 25 17:29:13 
Apr 25 17:29:14 
Apr 25 17:29:14 ***********开始【京东账号1】18337656372_p********
Apr 25 17:29:14 
Apr 25 17:29:14 收取鹅蛋:5个成功
Apr 25 17:29:14 当前总鹅蛋数量:1490
Apr 25 17:29:14 兑换金币失败:剩余数量不足
Apr 25 17:29:15 
Apr 25 17:29:15 ***********开始【京东账号2】jd_MCazEJrLyuXn********
Apr 25 17:29:15 
Apr 25 17:29:15 收取鹅蛋失败:活动太火爆，请稍后尝试
Apr 25 17:29:15 兑换金币失败:活动太火爆，请稍后尝试
Apr 25 17:29:15 
Apr 25 17:29:15 ***********开始【京东账号3】鬼神之吕奉先********
Apr 25 17:29:15 
Apr 25 17:29:16 收取鹅蛋:9个成功
Apr 25 17:29:16 当前总鹅蛋数量:4619
Apr 25 17:29:16 兑换金币失败:剩余数量不足
Apr 25 17:29:16 
Apr 25 17:29:16 ***********开始【京东账号4】jd_6ba76f15069fd********
Apr 25 17:29:16 
Apr 25 17:29:16 收取鹅蛋:8个成功
Apr 25 17:29:16 当前总鹅蛋数量:958
Apr 25 17:29:17 兑换金币失败:剩余数量不足
Apr 25 17:29:17 
Apr 25 17:29:17 ***********开始【京东账号5】jd_46928899fcc30********
Apr 25 17:29:17 
Apr 25 17:29:17 收取鹅蛋失败:活动太火爆，请稍后尝试
Apr 25 17:29:17 兑换金币失败:活动太火爆，请稍后尝试
Apr 25 17:29:17 
Apr 25 17:29:17 ***********开始【京东账号6】jd_EirxWEerdtmu********
Apr 25 17:29:17 
Apr 25 17:29:17 收取鹅蛋失败:活动太火爆，请稍后尝试
Apr 25 17:29:18 兑换金币失败:活动太火爆，请稍后尝试
Apr 25 17:29:18 
Apr 25 17:29:18 🔔天天提鹅, 结束! 🕛 4.198 秒
Apr 25 17:29:18 
Apr 25 18:28:58 
Apr 25 18:28:58 🔔天天提鹅, 开始!
Apr 25 18:28:58 
Apr 25 18:28:58 ====================共6个京东账号Cookie=========
Apr 25 18:28:58 
Apr 25 18:28:58 ==================脚本执行- 北京时间(UTC+8)：4/25/2021, 6:28:58 PM=====================
Apr 25 18:28:58 
Apr 25 18:28:58 
Apr 25 18:28:58 ***********开始【京东账号1】18337656372_p********
Apr 25 18:28:58 
Apr 25 18:28:58 收取鹅蛋:11个成功
Apr 25 18:28:58 当前总鹅蛋数量:1496
Apr 25 18:28:59 兑换金币:1
Apr 25 18:28:59 当前总金币:604
Apr 25 18:28:59 
Apr 25 18:28:59 ***********开始【京东账号2】jd_MCazEJrLyuXn********
Apr 25 18:28:59 
Apr 25 18:28:59 收取鹅蛋失败:活动太火爆，请稍后尝试
Apr 25 18:28:59 兑换金币失败:活动太火爆，请稍后尝试
Apr 25 18:28:59 
Apr 25 18:28:59 ***********开始【京东账号3】鬼神之吕奉先********
Apr 25 18:28:59 
Apr 25 18:29:00 收取鹅蛋:15个成功
Apr 25 18:29:00 当前总鹅蛋数量:4625
Apr 25 18:29:00 兑换金币:1
Apr 25 18:29:00 当前总金币:231
Apr 25 18:29:00 
Apr 25 18:29:00 ***********开始【京东账号4】jd_6ba76f15069fd********
Apr 25 18:29:00 
Apr 25 18:29:01 收取鹅蛋:14个成功
Apr 25 18:29:01 当前总鹅蛋数量:964
Apr 25 18:29:01 兑换金币:1
Apr 25 18:29:01 当前总金币:246
Apr 25 18:29:01 
Apr 25 18:29:01 ***********开始【京东账号5】jd_46928899fcc30********
Apr 25 18:29:01 
Apr 25 18:29:02 收取鹅蛋失败:活动太火爆，请稍后尝试
Apr 25 18:29:02 兑换金币失败:活动太火爆，请稍后尝试
Apr 25 18:29:02 
Apr 25 18:29:02 ***********开始【京东账号6】jd_EirxWEerdtmu********
Apr 25 18:29:02 
Apr 25 18:29:02 收取鹅蛋失败:活动太火爆，请稍后尝试
Apr 25 18:29:02 兑换金币失败:活动太火爆，请稍后尝试
Apr 25 18:29:02 
Apr 25 18:29:02 🔔天天提鹅, 结束! 🕛 4.74 秒
Apr 25 18:29:02 
Apr 25 19:28:40 
Apr 25 19:28:40 🔔天天提鹅, 开始!
Apr 25 19:28:40 
Apr 25 19:28:40 ====================共6个京东账号Cookie=========
Apr 25 19:28:40 
Apr 25 19:28:40 ==================脚本执行- 北京时间(UTC+8)：4/25/2021, 7:28:40 PM=====================
Apr 25 19:28:40 
Apr 25 19:28:40 
Apr 25 19:28:40 ***********开始【京东账号1】18337656372_p********
Apr 25 19:28:40 
Apr 25 19:28:41 收取鹅蛋:7个成功
Apr 25 19:28:41 当前总鹅蛋数量:1502
Apr 25 19:28:41 兑换金币失败:剩余数量不足
Apr 25 19:28:41 
Apr 25 19:28:41 ***********开始【京东账号2】jd_MCazEJrLyuXn********
Apr 25 19:28:41 
Apr 25 19:28:41 收取鹅蛋失败:活动太火爆，请稍后尝试
Apr 25 19:28:41 兑换金币失败:活动太火爆，请稍后尝试
Apr 25 19:28:41 
Apr 25 19:28:41 ***********开始【京东账号3】鬼神之吕奉先********
Apr 25 19:28:41 
Apr 25 19:28:42 收取鹅蛋:11个成功
Apr 25 19:28:42 当前总鹅蛋数量:4631
Apr 25 19:28:42 兑换金币:1
Apr 25 19:28:42 当前总金币:232
Apr 25 19:28:42 
Apr 25 19:28:42 ***********开始【京东账号4】jd_6ba76f15069fd********
Apr 25 19:28:42 
Apr 25 19:28:43 收取鹅蛋:10个成功
Apr 25 19:28:43 当前总鹅蛋数量:970
Apr 25 19:28:43 兑换金币:1
Apr 25 19:28:43 当前总金币:247
Apr 25 19:28:43 
Apr 25 19:28:43 ***********开始【京东账号5】jd_46928899fcc30********
Apr 25 19:28:43 
Apr 25 19:28:43 收取鹅蛋失败:活动太火爆，请稍后尝试
Apr 25 19:28:44 兑换金币失败:活动太火爆，请稍后尝试
Apr 25 19:28:44 
Apr 25 19:28:44 ***********开始【京东账号6】jd_EirxWEerdtmu********
Apr 25 19:28:44 
Apr 25 19:28:44 收取鹅蛋失败:活动太火爆，请稍后尝试
Apr 25 19:28:44 兑换金币失败:活动太火爆，请稍后尝试
Apr 25 19:28:44 
Apr 25 19:28:44 🔔天天提鹅, 结束! 🕛 4.403 秒
Apr 25 19:28:44 
Apr 25 20:29:53 
Apr 25 20:29:53 🔔天天提鹅, 开始!
Apr 25 20:29:53 
Apr 25 20:29:53 ====================共6个京东账号Cookie=========
Apr 25 20:29:53 
Apr 25 20:29:53 ==================脚本执行- 北京时间(UTC+8)：4/25/2021, 8:29:53 PM=====================
Apr 25 20:29:53 
Apr 25 20:29:53 
Apr 25 20:29:53 ***********开始【京东账号1】最初的梦想o********
Apr 25 20:29:53 
Apr 25 20:29:54 收取鹅蛋:13个成功
Apr 25 20:29:54 当前总鹅蛋数量:1508
Apr 25 20:29:54 兑换金币:1
Apr 25 20:29:54 当前总金币:605
Apr 25 20:29:54 
Apr 25 20:29:54 ***********开始【京东账号2】jd_MCazEJrLyuXn********
Apr 25 20:29:54 
Apr 25 20:29:54 收取鹅蛋失败:活动太火爆，请稍后尝试
Apr 25 20:29:55 兑换金币失败:活动太火爆，请稍后尝试
Apr 25 20:29:55 
Apr 25 20:29:55 ***********开始【京东账号3】鬼神之吕奉先********
Apr 25 20:29:55 
Apr 25 20:29:55 收取鹅蛋:7个成功
Apr 25 20:29:55 当前总鹅蛋数量:4637
Apr 25 20:29:55 兑换金币失败:剩余数量不足
Apr 25 20:29:56 
Apr 25 20:29:56 ***********开始【京东账号4】jd_189371pwlx********
Apr 25 20:29:56 
Apr 25 20:29:56 收取鹅蛋:6个成功
Apr 25 20:29:56 当前总鹅蛋数量:976
Apr 25 20:29:56 兑换金币失败:剩余数量不足
Apr 25 20:29:56 
Apr 25 20:29:56 ***********开始【京东账号5】jd_46928899fcc30********
Apr 25 20:29:56 
Apr 25 20:29:57 收取鹅蛋失败:活动太火爆，请稍后尝试
Apr 25 20:29:57 兑换金币失败:活动太火爆，请稍后尝试
Apr 25 20:29:57 
Apr 25 20:29:57 ***********开始【京东账号6】jd_EirxWEerdtmu********
Apr 25 20:29:57 
Apr 25 20:29:57 收取鹅蛋失败:活动太火爆，请稍后尝试
Apr 25 20:29:57 兑换金币失败:活动太火爆，请稍后尝试
Apr 25 20:29:57 
Apr 25 20:29:57 🔔天天提鹅, 结束! 🕛 4.614 秒
Apr 25 20:29:57 
Apr 25 21:29:35 
Apr 25 21:29:35 🔔天天提鹅, 开始!
Apr 25 21:29:35 
Apr 25 21:29:35 ====================共6个京东账号Cookie=========
Apr 25 21:29:35 
Apr 25 21:29:35 ==================脚本执行- 北京时间(UTC+8)：4/25/2021, 9:29:35 PM=====================
Apr 25 21:29:35 
Apr 25 21:29:35 
Apr 25 21:29:35 ***********开始【京东账号1】18337656372_p********
Apr 25 21:29:35 
Apr 25 21:29:36 收取鹅蛋:8个成功
Apr 25 21:29:36 当前总鹅蛋数量:1513
Apr 25 21:29:36 兑换金币失败:剩余数量不足
Apr 25 21:29:36 
Apr 25 21:29:36 ***********开始【京东账号2】jd_MCazEJrLyuXn********
Apr 25 21:29:36 
Apr 25 21:29:37 收取鹅蛋失败:活动太火爆，请稍后尝试
Apr 25 21:29:37 兑换金币失败:活动太火爆，请稍后尝试
Apr 25 21:29:37 
Apr 25 21:29:37 ***********开始【京东账号3】鬼神之吕奉先********
Apr 25 21:29:37 
Apr 25 21:29:37 收取鹅蛋:12个成功
Apr 25 21:29:37 当前总鹅蛋数量:4642
Apr 25 21:29:38 兑换金币:1
Apr 25 21:29:38 当前总金币:233
Apr 25 21:29:38 
Apr 25 21:29:38 ***********开始【京东账号4】jd_6ba76f15069fd********
Apr 25 21:29:38 
Apr 25 21:29:38 收取鹅蛋:11个成功
Apr 25 21:29:38 当前总鹅蛋数量:981
Apr 25 21:29:39 兑换金币:1
Apr 25 21:29:39 当前总金币:248
Apr 25 21:29:39 
Apr 25 21:29:39 ***********开始【京东账号5】jd_46928899fcc30********
Apr 25 21:29:39 
Apr 25 21:29:39 收取鹅蛋失败:活动太火爆，请稍后尝试
Apr 25 21:29:39 兑换金币失败:活动太火爆，请稍后尝试
Apr 25 21:29:39 
Apr 25 21:29:39 ***********开始【京东账号6】jd_EirxWEerdtmu********
Apr 25 21:29:39 
Apr 25 21:29:39 收取鹅蛋失败:活动太火爆，请稍后尝试
Apr 25 21:29:40 兑换金币失败:活动太火爆，请稍后尝试
Apr 25 21:29:40 
Apr 25 21:29:40 🔔天天提鹅, 结束! 🕛 4.71 秒
Apr 25 21:29:40 
Apr 25 22:29:01 
Apr 25 22:29:01 🔔天天提鹅, 开始!
Apr 25 22:29:01 
Apr 25 22:29:01 ====================共6个京东账号Cookie=========
Apr 25 22:29:01 
Apr 25 22:29:01 ==================脚本执行- 北京时间(UTC+8)：4/25/2021, 10:29:01 PM=====================
Apr 25 22:29:01 
Apr 25 22:29:01 
Apr 25 22:29:01 ***********开始【京东账号1】18337656372_p********
Apr 25 22:29:01 
Apr 25 22:29:02 收取鹅蛋:14个成功
Apr 25 22:29:02 当前总鹅蛋数量:1519
Apr 25 22:29:02 兑换金币失败:系统异常
Apr 25 22:29:02 
Apr 25 22:29:02 ***********开始【京东账号2】jd_MCazEJrLyuXn********
Apr 25 22:29:02 
Apr 25 22:29:03 收取鹅蛋失败:活动太火爆，请稍后尝试
Apr 25 22:29:03 兑换金币失败:活动太火爆，请稍后尝试
Apr 25 22:29:03 
Apr 25 22:29:03 ***********开始【京东账号3】鬼神之吕奉先********
Apr 25 22:29:03 
Apr 25 22:29:03 收取鹅蛋:8个成功
Apr 25 22:29:03 当前总鹅蛋数量:4648
Apr 25 22:29:04 兑换金币失败:剩余数量不足
Apr 25 22:29:04 
Apr 25 22:29:04 ***********开始【京东账号4】jd_6ba76f15069fd********
Apr 25 22:29:04 
Apr 25 22:29:04 收取鹅蛋:7个成功
Apr 25 22:29:04 当前总鹅蛋数量:987
Apr 25 22:29:04 兑换金币失败:剩余数量不足
Apr 25 22:29:04 
Apr 25 22:29:04 ***********开始【京东账号5】jd_46928899fcc30********
Apr 25 22:29:04 
Apr 25 22:29:05 收取鹅蛋失败:活动太火爆，请稍后尝试
Apr 25 22:29:05 兑换金币失败:活动太火爆，请稍后尝试
Apr 25 22:29:05 
Apr 25 22:29:05 ***********开始【京东账号6】jd_EirxWEerdtmu********
Apr 25 22:29:05 
Apr 25 22:29:05 收取鹅蛋失败:活动太火爆，请稍后尝试
Apr 25 22:29:05 兑换金币失败:活动太火爆，请稍后尝试
Apr 25 22:29:05 
Apr 25 22:29:05 🔔天天提鹅, 结束! 🕛 4.37 秒
Apr 25 22:29:05 
Apr 25 23:28:00 
Apr 25 23:28:00 🔔天天提鹅, 开始!
Apr 25 23:28:00 
Apr 25 23:28:00 ====================共6个京东账号Cookie=========
Apr 25 23:28:00 
Apr 25 23:28:00 ==================脚本执行- 北京时间(UTC+8)：4/25/2021, 11:28:00 PM=====================
Apr 25 23:28:00 
Apr 25 23:28:00 
Apr 25 23:28:00 ***********开始【京东账号1】18337656372_p********
Apr 25 23:28:00 
Apr 25 23:28:01 收取鹅蛋:20个成功
Apr 25 23:28:01 当前总鹅蛋数量:1525
Apr 25 23:28:01 兑换金币失败:系统异常
Apr 25 23:28:02 
Apr 25 23:28:02 ***********开始【京东账号2】jd_MCazEJrLyuXn********
Apr 25 23:28:02 
Apr 25 23:28:02 收取鹅蛋失败:活动太火爆，请稍后尝试
Apr 25 23:28:02 兑换金币失败:活动太火爆，请稍后尝试
Apr 25 23:28:02 
Apr 25 23:28:02 ***********开始【京东账号3】鬼神之吕奉先********
Apr 25 23:28:02 
Apr 25 23:28:03 收取鹅蛋:14个成功
Apr 25 23:28:03 当前总鹅蛋数量:4654
Apr 25 23:28:03 兑换金币失败:系统异常
Apr 25 23:28:03 
Apr 25 23:28:03 ***********开始【京东账号4】jd_6ba76f15069fd********
Apr 25 23:28:03 
Apr 25 23:28:03 收取鹅蛋:13个成功
Apr 25 23:28:03 当前总鹅蛋数量:993
Apr 25 23:28:04 兑换金币失败:系统异常
Apr 25 23:28:04 
Apr 25 23:28:04 ***********开始【京东账号5】jd_46928899fcc30********
Apr 25 23:28:04 
Apr 25 23:28:04 收取鹅蛋失败:活动太火爆，请稍后尝试
Apr 25 23:28:04 兑换金币失败:活动太火爆，请稍后尝试
Apr 25 23:28:04 
Apr 25 23:28:04 ***********开始【京东账号6】jd_EirxWEerdtmu********
Apr 25 23:28:04 
Apr 25 23:28:05 收取鹅蛋失败:活动太火爆，请稍后尝试
Apr 25 23:28:05 兑换金币失败:活动太火爆，请稍后尝试
Apr 25 23:28:05 
Apr 25 23:28:05 🔔天天提鹅, 结束! 🕛 4.642 秒
Apr 25 23:28:05 
Apr 26 00:29:12 
Apr 26 00:29:12 🔔天天提鹅, 开始!
Apr 26 00:29:12 
Apr 26 00:29:12 ====================共6个京东账号Cookie=========
Apr 26 00:29:12 
Apr 26 00:29:12 ==================脚本执行- 北京时间(UTC+8)：4/26/2021, 12:29:12 AM=====================
Apr 26 00:29:12 
Apr 26 00:29:13 
Apr 26 00:29:13 ***********开始【京东账号1】18337656372_p********
Apr 26 00:29:13 
Apr 26 00:29:13 收取鹅蛋:48个成功
Apr 26 00:29:13 当前总鹅蛋数量:1553
Apr 26 00:29:14 兑换金币失败:系统异常
Apr 26 00:29:14 
Apr 26 00:29:14 ***********开始【京东账号2】jd_MCazEJrLyuXn********
Apr 26 00:29:14 
Apr 26 00:29:14 收取鹅蛋失败:活动太火爆，请稍后尝试
Apr 26 00:29:14 兑换金币失败:活动太火爆，请稍后尝试
Apr 26 00:29:14 
Apr 26 00:29:14 ***********开始【京东账号3】鬼神之吕奉先********
Apr 26 00:29:14 
Apr 26 00:29:15 收取鹅蛋:42个成功
Apr 26 00:29:15 当前总鹅蛋数量:4682
Apr 26 00:29:15 兑换金币失败:系统异常
Apr 26 00:29:15 
Apr 26 00:29:15 ***********开始【京东账号4】jd_6ba76f15069fd********
Apr 26 00:29:15 
Apr 26 00:29:16 收取鹅蛋:41个成功
Apr 26 00:29:16 当前总鹅蛋数量:1021
Apr 26 00:29:16 兑换金币失败:系统异常
Apr 26 00:29:16 
Apr 26 00:29:16 ***********开始【京东账号5】jd_46928899fcc30********
Apr 26 00:29:16 
Apr 26 00:29:17 收取鹅蛋失败:活动太火爆，请稍后尝试
Apr 26 00:29:17 兑换金币失败:活动太火爆，请稍后尝试
Apr 26 00:29:17 
Apr 26 00:29:17 ***********开始【京东账号6】jd_EirxWEerdtmu********
Apr 26 00:29:17 
Apr 26 00:29:17 收取鹅蛋失败:活动太火爆，请稍后尝试
Apr 26 00:29:17 兑换金币失败:活动太火爆，请稍后尝试
Apr 26 00:29:17 
Apr 26 00:29:17 🔔天天提鹅, 结束! 🕛 5.037 秒
Apr 26 00:29:17 
Apr 26 01:29:55 
Apr 26 01:29:55 🔔天天提鹅, 开始!
Apr 26 01:29:55 
Apr 26 01:29:55 ====================共6个京东账号Cookie=========
Apr 26 01:29:55 
Apr 26 01:29:55 ==================脚本执行- 北京时间(UTC+8)：4/26/2021, 1:29:55 AM=====================
Apr 26 01:29:55 
Apr 26 01:29:56 
Apr 26 01:29:56 ***********开始【京东账号1】18337656372_p********
Apr 26 01:29:56 
Apr 26 01:29:56 收取鹅蛋:78个成功
Apr 26 01:29:56 当前总鹅蛋数量:1583
Apr 26 01:29:57 兑换金币失败:系统异常
Apr 26 01:29:57 
Apr 26 01:29:57 ***********开始【京东账号2】jd_MCazEJrLyuXn********
Apr 26 01:29:57 
Apr 26 01:29:57 收取鹅蛋失败:活动太火爆，请稍后尝试
Apr 26 01:29:57 兑换金币失败:活动太火爆，请稍后尝试
Apr 26 01:29:57 
Apr 26 01:29:57 ***********开始【京东账号3】鬼神之吕奉先********
Apr 26 01:29:57 
Apr 26 01:29:58 收取鹅蛋:72个成功
Apr 26 01:29:58 当前总鹅蛋数量:4712
Apr 26 01:29:58 兑换金币失败:系统异常
Apr 26 01:29:58 
Apr 26 01:29:58 ***********开始【京东账号4】jd_6ba76f15069fd********
Apr 26 01:29:58 
Apr 26 01:29:59 收取鹅蛋:71个成功
Apr 26 01:29:59 当前总鹅蛋数量:1051
Apr 26 01:29:59 兑换金币失败:系统异常
Apr 26 01:29:59 
Apr 26 01:29:59 ***********开始【京东账号5】jd_46928899fcc30********
Apr 26 01:29:59 
Apr 26 01:29:59 收取鹅蛋失败:活动太火爆，请稍后尝试
Apr 26 01:29:59 兑换金币失败:活动太火爆，请稍后尝试
Apr 26 01:29:59 
Apr 26 01:29:59 ***********开始【京东账号6】jd_EirxWEerdtmu********
Apr 26 01:29:59 
Apr 26 01:30:00 收取鹅蛋失败:活动太火爆，请稍后尝试
Apr 26 01:30:00 兑换金币失败:活动太火爆，请稍后尝试
Apr 26 01:30:00 
Apr 26 01:30:00 🔔天天提鹅, 结束! 🕛 4.516 秒
Apr 26 01:30:00 
Apr 26 02:28:27 
Apr 26 02:28:27 🔔天天提鹅, 开始!
Apr 26 02:28:27 
Apr 26 02:28:27 ====================共6个京东账号Cookie=========
Apr 26 02:28:27 
Apr 26 02:28:27 ==================脚本执行- 北京时间(UTC+8)：4/26/2021, 2:28:27 AM=====================
Apr 26 02:28:27 
Apr 26 02:28:27 
Apr 26 02:28:27 ***********开始【京东账号1】18337656372_p********
Apr 26 02:28:27 
Apr 26 02:28:28 收取鹅蛋:108个成功
Apr 26 02:28:28 当前总鹅蛋数量:1613
Apr 26 02:28:28 兑换金币失败:系统异常
Apr 26 02:28:28 
Apr 26 02:28:28 ***********开始【京东账号2】jd_MCazEJrLyuXn********
Apr 26 02:28:28 
Apr 26 02:28:28 收取鹅蛋失败:活动太火爆，请稍后尝试
Apr 26 02:28:28 兑换金币失败:活动太火爆，请稍后尝试
Apr 26 02:28:28 
Apr 26 02:28:28 ***********开始【京东账号3】鬼神之吕奉先********
Apr 26 02:28:28 
Apr 26 02:28:29 收取鹅蛋:102个成功
Apr 26 02:28:29 当前总鹅蛋数量:4742
Apr 26 02:28:29 兑换金币失败:系统异常
Apr 26 02:28:29 
Apr 26 02:28:29 ***********开始【京东账号4】jd_6ba76f15069fd********
Apr 26 02:28:29 
Apr 26 02:28:30 收取鹅蛋:101个成功
Apr 26 02:28:30 当前总鹅蛋数量:1081
Apr 26 02:28:30 兑换金币失败:系统异常
Apr 26 02:28:30 
Apr 26 02:28:30 ***********开始【京东账号5】jd_46928899fcc30********
Apr 26 02:28:30 
Apr 26 02:28:30 收取鹅蛋失败:活动太火爆，请稍后尝试
Apr 26 02:28:30 兑换金币失败:活动太火爆，请稍后尝试
Apr 26 02:28:31 
Apr 26 02:28:31 ***********开始【京东账号6】jd_EirxWEerdtmu********
Apr 26 02:28:31 
Apr 26 02:28:31 收取鹅蛋失败:活动太火爆，请稍后尝试
Apr 26 02:28:31 兑换金币失败:活动太火爆，请稍后尝试
Apr 26 02:28:31 
Apr 26 02:28:31 🔔天天提鹅, 结束! 🕛 4.365 秒
Apr 26 02:28:31 
Apr 26 03:29:37 
Apr 26 03:29:37 🔔天天提鹅, 开始!
Apr 26 03:29:37 
Apr 26 03:29:37 ====================共6个京东账号Cookie=========
Apr 26 03:29:37 
Apr 26 03:29:37 ==================脚本执行- 北京时间(UTC+8)：4/26/2021, 3:29:37 AM=====================
Apr 26 03:29:37 
Apr 26 03:29:37 
Apr 26 03:29:37 ***********开始【京东账号1】18337656372_p********
Apr 26 03:29:37 
Apr 26 03:29:38 收取鹅蛋:138个成功
Apr 26 03:29:38 当前总鹅蛋数量:1643
Apr 26 03:29:38 兑换金币失败:系统异常
Apr 26 03:29:38 
Apr 26 03:29:38 ***********开始【京东账号2】jd_MCazEJrLyuXn********
Apr 26 03:29:38 
Apr 26 03:29:38 收取鹅蛋失败:活动太火爆，请稍后尝试
Apr 26 03:29:38 兑换金币失败:活动太火爆，请稍后尝试
Apr 26 03:29:38 
Apr 26 03:29:38 ***********开始【京东账号3】鬼神之吕奉先********
Apr 26 03:29:38 
Apr 26 03:29:39 收取鹅蛋:132个成功
Apr 26 03:29:39 当前总鹅蛋数量:4772
Apr 26 03:29:39 兑换金币失败:系统异常
Apr 26 03:29:39 
Apr 26 03:29:39 ***********开始【京东账号4】jd_6ba76f15069fd********
Apr 26 03:29:39 
Apr 26 03:29:40 收取鹅蛋:131个成功
Apr 26 03:29:40 当前总鹅蛋数量:1111
Apr 26 03:29:40 兑换金币失败:系统异常
Apr 26 03:29:40 
Apr 26 03:29:40 ***********开始【京东账号5】jd_46928899fcc30********
Apr 26 03:29:40 
Apr 26 03:29:40 收取鹅蛋失败:活动太火爆，请稍后尝试
Apr 26 03:29:41 兑换金币失败:活动太火爆，请稍后尝试
Apr 26 03:29:41 
Apr 26 03:29:41 ***********开始【京东账号6】jd_EirxWEerdtmu********
Apr 26 03:29:41 
Apr 26 03:29:41 收取鹅蛋失败:活动太火爆，请稍后尝试
Apr 26 03:29:41 兑换金币失败:活动太火爆，请稍后尝试
Apr 26 03:29:41 
Apr 26 03:29:41 🔔天天提鹅, 结束! 🕛 4.374 秒
Apr 26 03:29:41 
Apr 26 04:28:42 
Apr 26 04:28:42 🔔天天提鹅, 开始!
Apr 26 04:28:42 
Apr 26 04:28:42 ====================共6个京东账号Cookie=========
Apr 26 04:28:42 
Apr 26 04:28:42 ==================脚本执行- 北京时间(UTC+8)：4/26/2021, 4:28:42 AM=====================
Apr 26 04:28:42 
Apr 26 04:28:42 
Apr 26 04:28:42 ***********开始【京东账号1】18337656372_p********
Apr 26 04:28:42 
Apr 26 04:28:43 收取鹅蛋:168个成功
Apr 26 04:28:43 当前总鹅蛋数量:1673
Apr 26 04:28:43 兑换金币失败:系统异常
Apr 26 04:28:43 
Apr 26 04:28:43 ***********开始【京东账号2】jd_MCazEJrLyuXn********
Apr 26 04:28:43 
Apr 26 04:28:43 收取鹅蛋失败:活动太火爆，请稍后尝试
Apr 26 04:28:43 兑换金币失败:活动太火爆，请稍后尝试
Apr 26 04:28:44 
Apr 26 04:28:44 ***********开始【京东账号3】鬼神之吕奉先********
Apr 26 04:28:44 
Apr 26 04:28:44 收取鹅蛋:162个成功
Apr 26 04:28:44 当前总鹅蛋数量:4802
Apr 26 04:28:44 兑换金币失败:系统异常
Apr 26 04:28:44 
Apr 26 04:28:44 ***********开始【京东账号4】jd_6ba76f15069fd********
Apr 26 04:28:44 
Apr 26 04:28:45 收取鹅蛋:161个成功
Apr 26 04:28:45 当前总鹅蛋数量:1141
Apr 26 04:28:45 兑换金币失败:系统异常
Apr 26 04:28:45 
Apr 26 04:28:45 ***********开始【京东账号5】jd_46928899fcc30********
Apr 26 04:28:45 
Apr 26 04:28:46 收取鹅蛋失败:活动太火爆，请稍后尝试
Apr 26 04:28:46 兑换金币失败:活动太火爆，请稍后尝试
Apr 26 04:28:46 
Apr 26 04:28:46 ***********开始【京东账号6】jd_EirxWEerdtmu********
Apr 26 04:28:46 
Apr 26 04:28:46 收取鹅蛋失败:活动太火爆，请稍后尝试
Apr 26 04:28:46 兑换金币失败:活动太火爆，请稍后尝试
Apr 26 04:28:46 
Apr 26 04:28:46 🔔天天提鹅, 结束! 🕛 4.355 秒
Apr 26 04:28:46 
Apr 26 05:29:58 
Apr 26 05:29:58 🔔天天提鹅, 开始!
Apr 26 05:29:58 
Apr 26 05:29:58 ====================共6个京东账号Cookie=========
Apr 26 05:29:58 
Apr 26 05:29:58 ==================脚本执行- 北京时间(UTC+8)：4/26/2021, 5:29:58 AM=====================
Apr 26 05:29:58 
Apr 26 05:29:58 
Apr 26 05:29:58 ***********开始【京东账号1】18337656372_p********
Apr 26 05:29:58 
Apr 26 05:29:59 收取鹅蛋:198个成功
Apr 26 05:29:59 当前总鹅蛋数量:1703
Apr 26 05:29:59 兑换金币失败:系统异常
Apr 26 05:29:59 
Apr 26 05:29:59 ***********开始【京东账号2】jd_MCazEJrLyuXn********
Apr 26 05:29:59 
Apr 26 05:30:00 收取鹅蛋失败:活动太火爆，请稍后尝试
Apr 26 05:30:00 兑换金币失败:活动太火爆，请稍后尝试
Apr 26 05:30:00 
Apr 26 05:30:00 ***********开始【京东账号3】鬼神之吕奉先********
Apr 26 05:30:00 
Apr 26 05:30:00 收取鹅蛋:192个成功
Apr 26 05:30:00 当前总鹅蛋数量:4832
Apr 26 05:30:01 兑换金币失败:系统异常
Apr 26 05:30:01 
Apr 26 05:30:01 ***********开始【京东账号4】jd_6ba76f15069fd********
Apr 26 05:30:01 
Apr 26 05:30:01 收取鹅蛋:191个成功
Apr 26 05:30:01 当前总鹅蛋数量:1171
Apr 26 05:30:01 兑换金币失败:系统异常
Apr 26 05:30:02 
Apr 26 05:30:02 ***********开始【京东账号5】jd_46928899fcc30********
Apr 26 05:30:02 
Apr 26 05:30:02 收取鹅蛋失败:活动太火爆，请稍后尝试
Apr 26 05:30:02 兑换金币失败:活动太火爆，请稍后尝试
Apr 26 05:30:02 
Apr 26 05:30:02 ***********开始【京东账号6】jd_EirxWEerdtmu********
Apr 26 05:30:02 
Apr 26 05:30:02 收取鹅蛋失败:活动太火爆，请稍后尝试
Apr 26 05:30:03 兑换金币失败:活动太火爆，请稍后尝试
Apr 26 05:30:03 
Apr 26 05:30:03 🔔天天提鹅, 结束! 🕛 4.671 秒
Apr 26 05:30:03 
Apr 26 06:29:25 
Apr 26 06:29:25 🔔天天提鹅, 开始!
Apr 26 06:29:25 
Apr 26 06:29:25 ====================共6个京东账号Cookie=========
Apr 26 06:29:25 
Apr 26 06:29:25 ==================脚本执行- 北京时间(UTC+8)：4/26/2021, 6:29:25 AM=====================
Apr 26 06:29:25 
Apr 26 06:29:25 
Apr 26 06:29:25 ***********开始【京东账号1】18337656372_p********
Apr 26 06:29:25 
Apr 26 06:29:26 收取鹅蛋:228个成功
Apr 26 06:29:26 当前总鹅蛋数量:1733
Apr 26 06:29:26 兑换金币失败:系统异常
Apr 26 06:29:26 
Apr 26 06:29:26 ***********开始【京东账号2】jd_MCazEJrLyuXn********
Apr 26 06:29:26 
Apr 26 06:29:27 收取鹅蛋失败:活动太火爆，请稍后尝试
Apr 26 06:29:27 兑换金币失败:活动太火爆，请稍后尝试
Apr 26 06:29:27 
Apr 26 06:29:27 ***********开始【京东账号3】鬼神之吕奉先********
Apr 26 06:29:27 
Apr 26 06:29:27 收取鹅蛋:222个成功
Apr 26 06:29:27 当前总鹅蛋数量:4862
Apr 26 06:29:28 兑换金币失败:系统异常
Apr 26 06:29:28 
Apr 26 06:29:28 ***********开始【京东账号4】jd_6ba76f15069fd********
Apr 26 06:29:28 
Apr 26 06:29:28 收取鹅蛋:221个成功
Apr 26 06:29:28 当前总鹅蛋数量:1201
Apr 26 06:29:28 兑换金币失败:系统异常
Apr 26 06:29:29 
Apr 26 06:29:29 ***********开始【京东账号5】jd_46928899fcc30********
Apr 26 06:29:29 
Apr 26 06:29:29 收取鹅蛋失败:活动太火爆，请稍后尝试
Apr 26 06:29:29 兑换金币失败:活动太火爆，请稍后尝试
Apr 26 06:29:29 
Apr 26 06:29:29 ***********开始【京东账号6】jd_EirxWEerdtmu********
Apr 26 06:29:29 
Apr 26 06:29:29 收取鹅蛋失败:活动太火爆，请稍后尝试
Apr 26 06:29:30 兑换金币失败:活动太火爆，请稍后尝试
Apr 26 06:29:30 
Apr 26 06:29:30 🔔天天提鹅, 结束! 🕛 4.505 秒
Apr 26 06:29:30 
Apr 26 07:29:34 
Apr 26 07:29:34 🔔天天提鹅, 开始!
Apr 26 07:29:34 
Apr 26 07:29:34 ====================共6个京东账号Cookie=========
Apr 26 07:29:34 
Apr 26 07:29:34 ==================脚本执行- 北京时间(UTC+8)：4/26/2021, 7:29:34 AM=====================
Apr 26 07:29:34 
Apr 26 07:29:35 
Apr 26 07:29:35 ***********开始【京东账号1】18337656372_p********
Apr 26 07:29:35 
Apr 26 07:29:35 收取鹅蛋:258个成功
Apr 26 07:29:35 当前总鹅蛋数量:1763
Apr 26 07:29:35 兑换金币失败:系统异常
Apr 26 07:29:36 
Apr 26 07:29:36 ***********开始【京东账号2】jd_MCazEJrLyuXn********
Apr 26 07:29:36 
Apr 26 07:29:36 收取鹅蛋失败:活动太火爆，请稍后尝试
Apr 26 07:29:36 兑换金币失败:活动太火爆，请稍后尝试
Apr 26 07:29:36 
Apr 26 07:29:36 ***********开始【京东账号3】鬼神之吕奉先********
Apr 26 07:29:36 
Apr 26 07:29:37 收取鹅蛋:252个成功
Apr 26 07:29:37 当前总鹅蛋数量:4892
Apr 26 07:29:37 兑换金币失败:系统异常
Apr 26 07:29:37 
Apr 26 07:29:37 ***********开始【京东账号4】jd_6ba76f15069fd********
Apr 26 07:29:37 
Apr 26 07:29:37 收取鹅蛋:251个成功
Apr 26 07:29:37 当前总鹅蛋数量:1231
Apr 26 07:29:38 兑换金币失败:系统异常
Apr 26 07:29:38 
Apr 26 07:29:38 ***********开始【京东账号5】jd_46928899fcc30********
Apr 26 07:29:38 
Apr 26 07:29:38 收取鹅蛋失败:活动太火爆，请稍后尝试
Apr 26 07:29:38 兑换金币失败:活动太火爆，请稍后尝试
Apr 26 07:29:38 
Apr 26 07:29:38 ***********开始【京东账号6】jd_EirxWEerdtmu********
Apr 26 07:29:38 
Apr 26 07:29:38 收取鹅蛋失败:活动太火爆，请稍后尝试
Apr 26 07:29:39 兑换金币失败:活动太火爆，请稍后尝试
Apr 26 07:29:39 
Apr 26 07:29:39 🔔天天提鹅, 结束! 🕛 4.435 秒
Apr 26 07:29:39 
Apr 26 08:29:09 
Apr 26 08:29:09 🔔天天提鹅, 开始!
Apr 26 08:29:09 
Apr 26 08:29:09 ====================共6个京东账号Cookie=========
Apr 26 08:29:09 
Apr 26 08:29:09 ==================脚本执行- 北京时间(UTC+8)：4/26/2021, 8:29:09 AM=====================
Apr 26 08:29:09 
Apr 26 08:29:10 
Apr 26 08:29:10 ***********开始【京东账号1】18337656372_p********
Apr 26 08:29:10 
Apr 26 08:29:10 收取鹅蛋:268个成功
Apr 26 08:29:10 当前总鹅蛋数量:1773
Apr 26 08:29:11 兑换金币失败:系统异常
Apr 26 08:29:11 
Apr 26 08:29:11 ***********开始【京东账号2】jd_MCazEJrLyuXn********
Apr 26 08:29:11 
Apr 26 08:29:11 收取鹅蛋失败:活动太火爆，请稍后尝试
Apr 26 08:29:11 兑换金币失败:活动太火爆，请稍后尝试
Apr 26 08:29:11 
Apr 26 08:29:11 ***********开始【京东账号3】鬼神之吕奉先********
Apr 26 08:29:11 
Apr 26 08:29:12 收取鹅蛋:262个成功
Apr 26 08:29:12 当前总鹅蛋数量:4902
Apr 26 08:29:12 兑换金币失败:系统异常
Apr 26 08:29:12 
Apr 26 08:29:12 ***********开始【京东账号4】jd_6ba76f15069fd********
Apr 26 08:29:12 
Apr 26 08:29:13 收取鹅蛋:261个成功
Apr 26 08:29:13 当前总鹅蛋数量:1241
Apr 26 08:29:13 兑换金币失败:系统异常
Apr 26 08:29:13 
Apr 26 08:29:13 ***********开始【京东账号5】jd_46928899fcc30********
Apr 26 08:29:13 
Apr 26 08:29:13 收取鹅蛋失败:活动太火爆，请稍后尝试
Apr 26 08:29:13 兑换金币失败:活动太火爆，请稍后尝试
Apr 26 08:29:14 
Apr 26 08:29:14 ***********开始【京东账号6】jd_EirxWEerdtmu********
Apr 26 08:29:14 
Apr 26 08:29:14 收取鹅蛋失败:活动太火爆，请稍后尝试
Apr 26 08:29:14 兑换金币失败:活动太火爆，请稍后尝试
Apr 26 08:29:14 
Apr 26 08:29:14 🔔天天提鹅, 结束! 🕛 4.637 秒
Apr 26 08:29:14 
Apr 26 09:28:22 
Apr 26 09:28:22 🔔天天提鹅, 开始!
Apr 26 09:28:23 
Apr 26 09:28:23 ====================共6个京东账号Cookie=========
Apr 26 09:28:23 
Apr 26 09:28:23 ==================脚本执行- 北京时间(UTC+8)：4/26/2021, 9:28:23 AM=====================
Apr 26 09:28:23 
Apr 26 09:28:23 
Apr 26 09:28:23 ***********开始【京东账号1】18337656372_p********
Apr 26 09:28:23 
Apr 26 09:28:23 收取鹅蛋:276个成功
Apr 26 09:28:23 当前总鹅蛋数量:1781
Apr 26 09:28:23 兑换金币失败:系统异常
Apr 26 09:28:24 
Apr 26 09:28:24 ***********开始【京东账号2】jd_MCazEJrLyuXn********
Apr 26 09:28:24 
Apr 26 09:28:24 收取鹅蛋失败:活动太火爆，请稍后尝试
Apr 26 09:28:24 兑换金币失败:活动太火爆，请稍后尝试
Apr 26 09:28:24 
Apr 26 09:28:24 ***********开始【京东账号3】鬼神之吕奉先********
Apr 26 09:28:24 
Apr 26 09:28:25 收取鹅蛋:270个成功
Apr 26 09:28:25 当前总鹅蛋数量:4910
Apr 26 09:28:25 兑换金币失败:系统异常
Apr 26 09:28:25 
Apr 26 09:28:25 ***********开始【京东账号4】jd_6ba76f15069fd********
Apr 26 09:28:25 
Apr 26 09:28:26 收取鹅蛋:269个成功
Apr 26 09:28:26 当前总鹅蛋数量:1249
Apr 26 09:28:26 兑换金币失败:系统异常
Apr 26 09:28:26 
Apr 26 09:28:26 ***********开始【京东账号5】jd_46928899fcc30********
Apr 26 09:28:26 
Apr 26 09:28:26 收取鹅蛋失败:活动太火爆，请稍后尝试
Apr 26 09:28:26 兑换金币失败:活动太火爆，请稍后尝试
Apr 26 09:28:27 
Apr 26 09:28:27 ***********开始【京东账号6】jd_EirxWEerdtmu********
Apr 26 09:28:27 
Apr 26 09:28:27 收取鹅蛋失败:活动太火爆，请稍后尝试
Apr 26 09:28:27 兑换金币失败:活动太火爆，请稍后尝试
Apr 26 09:28:27 
Apr 26 09:28:27 🔔天天提鹅, 结束! 🕛 4.547 秒
Apr 26 09:28:27 
Apr 26 10:28:42 
Apr 26 10:28:42 🔔天天提鹅, 开始!
Apr 26 10:28:42 
Apr 26 10:28:42 ====================共6个京东账号Cookie=========
Apr 26 10:28:42 
Apr 26 10:28:42 ==================脚本执行- 北京时间(UTC+8)：4/26/2021, 10:28:42 AM=====================
Apr 26 10:28:42 
Apr 26 10:28:42 
Apr 26 10:28:42 ***********开始【京东账号1】18337656372_p********
Apr 26 10:28:42 
Apr 26 10:28:43 收取鹅蛋:285个成功
Apr 26 10:28:43 当前总鹅蛋数量:1790
Apr 26 10:28:43 兑换金币失败:系统异常
Apr 26 10:28:43 
Apr 26 10:28:43 ***********开始【京东账号2】jd_MCazEJrLyuXn********
Apr 26 10:28:43 
Apr 26 10:28:43 收取鹅蛋失败:活动太火爆，请稍后尝试
Apr 26 10:28:43 兑换金币失败:活动太火爆，请稍后尝试
Apr 26 10:28:43 
Apr 26 10:28:43 ***********开始【京东账号3】鬼神之吕奉先********
Apr 26 10:28:43 
Apr 26 10:28:44 收取鹅蛋:279个成功
Apr 26 10:28:44 当前总鹅蛋数量:4919
Apr 26 10:28:44 兑换金币失败:系统异常
Apr 26 10:28:44 
Apr 26 10:28:44 ***********开始【京东账号4】jd_6ba76f15069fd********
Apr 26 10:28:44 
Apr 26 10:28:45 收取鹅蛋:278个成功
Apr 26 10:28:45 当前总鹅蛋数量:1258
Apr 26 10:28:45 兑换金币失败:系统异常
Apr 26 10:28:45 
Apr 26 10:28:45 ***********开始【京东账号5】jd_46928899fcc30********
Apr 26 10:28:45 
Apr 26 10:28:45 收取鹅蛋失败:活动太火爆，请稍后尝试
Apr 26 10:28:46 兑换金币失败:活动太火爆，请稍后尝试
Apr 26 10:28:46 
Apr 26 10:28:46 ***********开始【京东账号6】jd_EirxWEerdtmu********
Apr 26 10:28:46 
Apr 26 10:28:46 收取鹅蛋失败:活动太火爆，请稍后尝试
Apr 26 10:28:46 兑换金币失败:活动太火爆，请稍后尝试
Apr 26 10:28:46 
Apr 26 10:28:46 🔔天天提鹅, 结束! 🕛 4.525 秒
Apr 26 10:28:46 
Apr 26 11:28:43 
Apr 26 11:28:43 🔔天天提鹅, 开始!
Apr 26 11:28:43 
Apr 26 11:28:43 ====================共6个京东账号Cookie=========
Apr 26 11:28:43 
Apr 26 11:28:43 ==================脚本执行- 北京时间(UTC+8)：4/26/2021, 11:28:43 AM=====================
Apr 26 11:28:43 
Apr 26 11:28:43 
Apr 26 11:28:43 ***********开始【京东账号1】18337656372_p********
Apr 26 11:28:43 
Apr 26 11:28:44 收取鹅蛋:293个成功
Apr 26 11:28:44 当前总鹅蛋数量:1798
Apr 26 11:28:44 兑换金币失败:系统异常
Apr 26 11:28:44 
Apr 26 11:28:44 ***********开始【京东账号2】jd_MCazEJrLyuXn********
Apr 26 11:28:44 
Apr 26 11:28:44 收取鹅蛋失败:活动太火爆，请稍后尝试
Apr 26 11:28:44 兑换金币失败:活动太火爆，请稍后尝试
Apr 26 11:28:45 
Apr 26 11:28:45 ***********开始【京东账号3】鬼神之吕奉先********
Apr 26 11:28:45 
Apr 26 11:28:45 收取鹅蛋:287个成功
Apr 26 11:28:45 当前总鹅蛋数量:4927
Apr 26 11:28:45 兑换金币失败:系统异常
Apr 26 11:28:45 
Apr 26 11:28:45 ***********开始【京东账号4】jd_6ba76f15069fd********
Apr 26 11:28:45 
Apr 26 11:28:46 收取鹅蛋:286个成功
Apr 26 11:28:46 当前总鹅蛋数量:1266
Apr 26 11:28:46 兑换金币失败:系统异常
Apr 26 11:28:46 
Apr 26 11:28:46 ***********开始【京东账号5】jd_46928899fcc30********
Apr 26 11:28:46 
Apr 26 11:28:47 收取鹅蛋失败:活动太火爆，请稍后尝试
Apr 26 11:28:47 兑换金币失败:活动太火爆，请稍后尝试
Apr 26 11:28:47 
Apr 26 11:28:47 ***********开始【京东账号6】jd_EirxWEerdtmu********
Apr 26 11:28:47 
Apr 26 11:28:47 收取鹅蛋失败:活动太火爆，请稍后尝试
Apr 26 11:28:47 兑换金币失败:活动太火爆，请稍后尝试
Apr 26 11:28:47 
Apr 26 11:28:47 🔔天天提鹅, 结束! 🕛 4.626 秒
Apr 26 11:28:47 
Apr 26 12:28:34 
Apr 26 12:28:34 🔔天天提鹅, 开始!
Apr 26 12:28:34 
Apr 26 12:28:34 ====================共6个京东账号Cookie=========
Apr 26 12:28:34 
Apr 26 12:28:34 ==================脚本执行- 北京时间(UTC+8)：4/26/2021, 12:28:34 PM=====================
Apr 26 12:28:34 
Apr 26 12:28:34 
Apr 26 12:28:34 ***********开始【京东账号1】18337656372_p********
Apr 26 12:28:34 
Apr 26 12:28:35 收取鹅蛋:302个成功
Apr 26 12:28:35 当前总鹅蛋数量:1807
Apr 26 12:28:35 兑换金币失败:系统异常
Apr 26 12:28:35 
Apr 26 12:28:35 ***********开始【京东账号2】jd_MCazEJrLyuXn********
Apr 26 12:28:35 
Apr 26 12:28:35 收取鹅蛋失败:活动太火爆，请稍后尝试
Apr 26 12:28:36 兑换金币失败:活动太火爆，请稍后尝试
Apr 26 12:28:36 
Apr 26 12:28:36 ***********开始【京东账号3】鬼神之吕奉先********
Apr 26 12:28:36 
Apr 26 12:28:36 收取鹅蛋:296个成功
Apr 26 12:28:36 当前总鹅蛋数量:4936
Apr 26 12:28:36 兑换金币失败:系统异常
Apr 26 12:28:36 
Apr 26 12:28:36 ***********开始【京东账号4】jd_6ba76f15069fd********
Apr 26 12:28:36 
Apr 26 12:28:37 收取鹅蛋:295个成功
Apr 26 12:28:37 当前总鹅蛋数量:1275
Apr 26 12:28:37 兑换金币失败:系统异常
Apr 26 12:28:37 
Apr 26 12:28:37 ***********开始【京东账号5】jd_46928899fcc30********
Apr 26 12:28:37 
Apr 26 12:28:38 收取鹅蛋失败:活动太火爆，请稍后尝试
Apr 26 12:28:38 兑换金币失败:活动太火爆，请稍后尝试
Apr 26 12:28:38 
Apr 26 12:28:38 ***********开始【京东账号6】jd_EirxWEerdtmu********
Apr 26 12:28:38 
Apr 26 12:28:38 收取鹅蛋失败:活动太火爆，请稍后尝试
Apr 26 12:28:38 兑换金币失败:活动太火爆，请稍后尝试
Apr 26 12:28:38 
Apr 26 12:28:38 🔔天天提鹅, 结束! 🕛 4.319 秒
Apr 26 12:28:38 
Apr 26 13:29:01 
Apr 26 13:29:01 🔔天天提鹅, 开始!
Apr 26 13:29:01 
Apr 26 13:29:01 ====================共6个京东账号Cookie=========
Apr 26 13:29:01 
Apr 26 13:29:01 ==================脚本执行- 北京时间(UTC+8)：4/26/2021, 1:29:01 PM=====================
Apr 26 13:29:01 
Apr 26 13:29:01 
Apr 26 13:29:01 ***********开始【京东账号1】18337656372_p********
Apr 26 13:29:01 
Apr 26 13:29:02 收取鹅蛋:310个成功
Apr 26 13:29:02 当前总鹅蛋数量:1815
Apr 26 13:29:02 兑换金币失败:系统异常
Apr 26 13:29:02 
Apr 26 13:29:02 ***********开始【京东账号2】jd_MCazEJrLyuXn********
Apr 26 13:29:02 
Apr 26 13:29:03 收取鹅蛋失败:活动太火爆，请稍后尝试
Apr 26 13:29:03 兑换金币失败:活动太火爆，请稍后尝试
Apr 26 13:29:03 
Apr 26 13:29:03 ***********开始【京东账号3】鬼神之吕奉先********
Apr 26 13:29:03 
Apr 26 13:29:03 收取鹅蛋:304个成功
Apr 26 13:29:03 当前总鹅蛋数量:4944
Apr 26 13:29:04 兑换金币失败:系统异常
Apr 26 13:29:04 
Apr 26 13:29:04 ***********开始【京东账号4】jd_6ba76f15069fd********
Apr 26 13:29:04 
Apr 26 13:29:04 收取鹅蛋:303个成功
Apr 26 13:29:04 当前总鹅蛋数量:1283
Apr 26 13:29:05 兑换金币失败:系统异常
Apr 26 13:29:05 
Apr 26 13:29:05 ***********开始【京东账号5】jd_46928899fcc30********
Apr 26 13:29:05 
Apr 26 13:29:05 收取鹅蛋失败:活动太火爆，请稍后尝试
Apr 26 13:29:05 兑换金币失败:活动太火爆，请稍后尝试
Apr 26 13:29:05 
Apr 26 13:29:05 ***********开始【京东账号6】jd_EirxWEerdtmu********
Apr 26 13:29:05 
Apr 26 13:29:05 收取鹅蛋失败:活动太火爆，请稍后尝试
Apr 26 13:29:06 兑换金币失败:活动太火爆，请稍后尝试
Apr 26 13:29:06 
Apr 26 13:29:06 🔔天天提鹅, 结束! 🕛 4.634 秒
Apr 26 13:29:06 
Apr 26 14:28:02 
Apr 26 14:28:02 🔔天天提鹅, 开始!
Apr 26 14:28:02 
Apr 26 14:28:02 ====================共6个京东账号Cookie=========
Apr 26 14:28:02 
Apr 26 14:28:02 ==================脚本执行- 北京时间(UTC+8)：4/26/2021, 2:28:02 PM=====================
Apr 26 14:28:02 
Apr 26 14:28:02 
Apr 26 14:28:02 ***********开始【京东账号1】18337656372_p********
Apr 26 14:28:02 
Apr 26 14:28:03 收取鹅蛋:319个成功
Apr 26 14:28:03 当前总鹅蛋数量:1824
Apr 26 14:28:03 兑换金币失败:系统异常
Apr 26 14:28:03 
Apr 26 14:28:03 ***********开始【京东账号2】jd_MCazEJrLyuXn********
Apr 26 14:28:03 
Apr 26 14:28:04 收取鹅蛋失败:活动太火爆，请稍后尝试
Apr 26 14:28:04 兑换金币失败:活动太火爆，请稍后尝试
Apr 26 14:28:04 
Apr 26 14:28:04 ***********开始【京东账号3】鬼神之吕奉先********
Apr 26 14:28:04 
Apr 26 14:28:04 收取鹅蛋:313个成功
Apr 26 14:28:04 当前总鹅蛋数量:4953
Apr 26 14:28:05 兑换金币失败:系统异常
Apr 26 14:28:05 
Apr 26 14:28:05 ***********开始【京东账号4】jd_6ba76f15069fd********
Apr 26 14:28:05 
Apr 26 14:28:05 收取鹅蛋:312个成功
Apr 26 14:28:05 当前总鹅蛋数量:1292
Apr 26 14:28:05 兑换金币失败:系统异常
Apr 26 14:28:06 
Apr 26 14:28:06 ***********开始【京东账号5】jd_46928899fcc30********
Apr 26 14:28:06 
Apr 26 14:28:06 收取鹅蛋失败:活动太火爆，请稍后尝试
Apr 26 14:28:06 兑换金币失败:活动太火爆，请稍后尝试
Apr 26 14:28:06 
Apr 26 14:28:06 ***********开始【京东账号6】jd_EirxWEerdtmu********
Apr 26 14:28:06 
Apr 26 14:28:06 收取鹅蛋失败:活动太火爆，请稍后尝试
Apr 26 14:28:07 兑换金币失败:活动太火爆，请稍后尝试
Apr 26 14:28:07 
Apr 26 14:28:07 🔔天天提鹅, 结束! 🕛 4.529 秒
Apr 26 14:28:07 
Apr 26 15:28:47 
Apr 26 15:28:47 🔔天天提鹅, 开始!
Apr 26 15:28:47 
Apr 26 15:28:47 ====================共6个京东账号Cookie=========
Apr 26 15:28:47 
Apr 26 15:28:47 ==================脚本执行- 北京时间(UTC+8)：4/26/2021, 3:28:47 PM=====================
Apr 26 15:28:47 
Apr 26 15:28:48 
Apr 26 15:28:48 ***********开始【京东账号1】18337656372_p********
Apr 26 15:28:48 
Apr 26 15:28:48 收取鹅蛋:325个成功
Apr 26 15:28:48 当前总鹅蛋数量:1830
Apr 26 15:28:48 兑换金币失败:系统异常
Apr 26 15:28:48 
Apr 26 15:28:48 ***********开始【京东账号2】jd_MCazEJrLyuXn********
Apr 26 15:28:48 
Apr 26 15:28:49 收取鹅蛋失败:活动太火爆，请稍后尝试
Apr 26 15:28:49 兑换金币失败:活动太火爆，请稍后尝试
Apr 26 15:28:49 
Apr 26 15:28:49 ***********开始【京东账号3】鬼神之吕奉先********
Apr 26 15:28:49 
Apr 26 15:28:50 收取鹅蛋:319个成功
Apr 26 15:28:50 当前总鹅蛋数量:4959
Apr 26 15:28:50 兑换金币失败:系统异常
Apr 26 15:28:50 
Apr 26 15:28:50 ***********开始【京东账号4】jd_6ba76f15069fd********
Apr 26 15:28:50 
Apr 26 15:28:50 收取鹅蛋:318个成功
Apr 26 15:28:50 当前总鹅蛋数量:1298
Apr 26 15:28:51 兑换金币失败:系统异常
Apr 26 15:28:51 
Apr 26 15:28:51 ***********开始【京东账号5】jd_46928899fcc30********
Apr 26 15:28:51 
Apr 26 15:28:51 收取鹅蛋失败:活动太火爆，请稍后尝试
Apr 26 15:28:51 兑换金币失败:活动太火爆，请稍后尝试
Apr 26 15:28:51 
Apr 26 15:28:51 ***********开始【京东账号6】jd_EirxWEerdtmu********
Apr 26 15:28:51 
Apr 26 15:28:52 收取鹅蛋失败:活动太火爆，请稍后尝试
Apr 26 15:28:52 兑换金币失败:活动太火爆，请稍后尝试
Apr 26 15:28:52 
Apr 26 15:28:52 🔔天天提鹅, 结束! 🕛 4.493 秒
Apr 26 15:28:52 
Apr 26 16:29:35 
Apr 26 16:29:35 🔔天天提鹅, 开始!
Apr 26 16:29:35 
Apr 26 16:29:35 ====================共6个京东账号Cookie=========
Apr 26 16:29:35 
Apr 26 16:29:35 ==================脚本执行- 北京时间(UTC+8)：4/26/2021, 4:29:35 PM=====================
Apr 26 16:29:35 
Apr 26 16:29:36 
Apr 26 16:29:36 ***********开始【京东账号1】18337656372_p********
Apr 26 16:29:36 
Apr 26 16:29:36 收取鹅蛋:331个成功
Apr 26 16:29:36 当前总鹅蛋数量:1836
Apr 26 16:29:36 兑换金币失败:系统异常
Apr 26 16:29:37 
Apr 26 16:29:37 ***********开始【京东账号2】jd_MCazEJrLyuXn********
Apr 26 16:29:37 
Apr 26 16:29:37 收取鹅蛋失败:活动太火爆，请稍后尝试
Apr 26 16:29:37 兑换金币失败:活动太火爆，请稍后尝试
Apr 26 16:29:37 
Apr 26 16:29:37 ***********开始【京东账号3】鬼神之吕奉先********
Apr 26 16:29:37 
Apr 26 16:29:38 收取鹅蛋:325个成功
Apr 26 16:29:38 当前总鹅蛋数量:4965
Apr 26 16:29:38 兑换金币失败:系统异常
Apr 26 16:29:38 
Apr 26 16:29:38 ***********开始【京东账号4】jd_6ba76f15069fd********
Apr 26 16:29:38 
Apr 26 16:29:38 收取鹅蛋:324个成功
Apr 26 16:29:38 当前总鹅蛋数量:1304
Apr 26 16:29:39 兑换金币失败:系统异常
Apr 26 16:29:39 
Apr 26 16:29:39 ***********开始【京东账号5】jd_46928899fcc30********
Apr 26 16:29:39 
Apr 26 16:29:39 收取鹅蛋失败:活动太火爆，请稍后尝试
Apr 26 16:29:39 兑换金币失败:活动太火爆，请稍后尝试
Apr 26 16:29:39 
Apr 26 16:29:39 ***********开始【京东账号6】jd_EirxWEerdtmu********
Apr 26 16:29:39 
Apr 26 16:29:40 收取鹅蛋失败:活动太火爆，请稍后尝试
Apr 26 16:29:40 兑换金币失败:活动太火爆，请稍后尝试
Apr 26 16:29:40 
Apr 26 16:29:40 🔔天天提鹅, 结束! 🕛 4.399 秒
Apr 26 16:29:40 
Apr 26 17:29:49 
Apr 26 17:29:49 🔔天天提鹅, 开始!
Apr 26 17:29:49 
Apr 26 17:29:49 ====================共6个京东账号Cookie=========
Apr 26 17:29:49 
Apr 26 17:29:49 ==================脚本执行- 北京时间(UTC+8)：4/26/2021, 5:29:49 PM=====================
Apr 26 17:29:49 
Apr 26 17:29:50 
Apr 26 17:29:50 ***********开始【京东账号1】18337656372_p********
Apr 26 17:29:50 
Apr 26 17:29:50 收取鹅蛋:336个成功
Apr 26 17:29:50 当前总鹅蛋数量:1841
Apr 26 17:29:51 兑换金币失败:系统异常
Apr 26 17:29:51 
Apr 26 17:29:51 ***********开始【京东账号2】jd_MCazEJrLyuXn********
Apr 26 17:29:51 
Apr 26 17:29:51 收取鹅蛋失败:活动太火爆，请稍后尝试
Apr 26 17:29:51 兑换金币失败:活动太火爆，请稍后尝试
Apr 26 17:29:51 
Apr 26 17:29:51 ***********开始【京东账号3】鬼神之吕奉先********
Apr 26 17:29:51 
Apr 26 17:29:52 收取鹅蛋:330个成功
Apr 26 17:29:52 当前总鹅蛋数量:4970
Apr 26 17:29:52 兑换金币失败:系统异常
Apr 26 17:29:52 
Apr 26 17:29:52 ***********开始【京东账号4】jd_6ba76f15069fd********
Apr 26 17:29:52 
Apr 26 17:29:53 收取鹅蛋:329个成功
Apr 26 17:29:53 当前总鹅蛋数量:1309
Apr 26 17:29:53 兑换金币失败:系统异常
Apr 26 17:29:53 
Apr 26 17:29:53 ***********开始【京东账号5】jd_46928899fcc30********
Apr 26 17:29:53 
Apr 26 17:29:53 收取鹅蛋失败:活动太火爆，请稍后尝试
Apr 26 17:29:53 兑换金币失败:活动太火爆，请稍后尝试
Apr 26 17:29:54 
Apr 26 17:29:54 ***********开始【京东账号6】jd_EirxWEerdtmu********
Apr 26 17:29:54 
Apr 26 17:29:54 收取鹅蛋失败:活动太火爆，请稍后尝试
Apr 26 17:29:54 兑换金币失败:活动太火爆，请稍后尝试
Apr 26 17:29:54 
Apr 26 17:29:54 🔔天天提鹅, 结束! 🕛 4.556 秒
Apr 26 17:29:54 
Apr 26 18:28:51 
Apr 26 18:28:51 🔔天天提鹅, 开始!
Apr 26 18:28:51 
Apr 26 18:28:51 ====================共6个京东账号Cookie=========
Apr 26 18:28:51 
Apr 26 18:28:51 ==================脚本执行- 北京时间(UTC+8)：4/26/2021, 6:28:51 PM=====================
Apr 26 18:28:51 
Apr 26 18:28:51 
Apr 26 18:28:51 ***********开始【京东账号1】18337656372_p********
Apr 26 18:28:51 
Apr 26 18:28:52 收取鹅蛋:342个成功
Apr 26 18:28:52 当前总鹅蛋数量:1847
Apr 26 18:28:52 兑换金币失败:系统异常
Apr 26 18:28:52 
Apr 26 18:28:52 ***********开始【京东账号2】jd_MCazEJrLyuXn********
Apr 26 18:28:52 
Apr 26 18:28:52 收取鹅蛋失败:活动太火爆，请稍后尝试
Apr 26 18:28:52 兑换金币失败:活动太火爆，请稍后尝试
Apr 26 18:28:52 
Apr 26 18:28:52 ***********开始【京东账号3】鬼神之吕奉先********
Apr 26 18:28:52 
Apr 26 18:28:53 收取鹅蛋:336个成功
Apr 26 18:28:53 当前总鹅蛋数量:4976
Apr 26 18:28:53 兑换金币失败:系统异常
Apr 26 18:28:53 
Apr 26 18:28:53 ***********开始【京东账号4】jd_6ba76f15069fd********
Apr 26 18:28:53 
Apr 26 18:28:54 收取鹅蛋:335个成功
Apr 26 18:28:54 当前总鹅蛋数量:1315
Apr 26 18:28:54 兑换金币失败:系统异常
Apr 26 18:28:54 
Apr 26 18:28:54 ***********开始【京东账号5】jd_46928899fcc30********
Apr 26 18:28:54 
Apr 26 18:28:54 收取鹅蛋失败:活动太火爆，请稍后尝试
Apr 26 18:28:55 兑换金币失败:活动太火爆，请稍后尝试
Apr 26 18:28:55 
Apr 26 18:28:55 ***********开始【京东账号6】jd_EirxWEerdtmu********
Apr 26 18:28:55 
Apr 26 18:28:55 收取鹅蛋失败:活动太火爆，请稍后尝试
Apr 26 18:28:55 兑换金币失败:活动太火爆，请稍后尝试
Apr 26 18:28:55 
Apr 26 18:28:55 🔔天天提鹅, 结束! 🕛 4.587 秒
Apr 26 18:28:55 
Apr 26 19:28:21 
Apr 26 19:28:21 🔔天天提鹅, 开始!
Apr 26 19:28:21 
Apr 26 19:28:21 ====================共6个京东账号Cookie=========
Apr 26 19:28:21 
Apr 26 19:28:21 ==================脚本执行- 北京时间(UTC+8)：4/26/2021, 7:28:21 PM=====================
Apr 26 19:28:21 
Apr 26 19:28:21 
Apr 26 19:28:21 ***********开始【京东账号1】18337656372_p********
Apr 26 19:28:21 
Apr 26 19:28:22 收取鹅蛋:348个成功
Apr 26 19:28:22 当前总鹅蛋数量:1853
Apr 26 19:28:22 兑换金币:34
Apr 26 19:28:22 当前总金币:639
Apr 26 19:28:22 
Apr 26 19:28:22 ***********开始【京东账号2】jd_MCazEJrLyuXn********
Apr 26 19:28:22 
Apr 26 19:28:22 收取鹅蛋失败:活动太火爆，请稍后尝试
Apr 26 19:28:22 兑换金币失败:活动太火爆，请稍后尝试
Apr 26 19:28:22 
Apr 26 19:28:22 ***********开始【京东账号3】鬼神之吕奉先********
Apr 26 19:28:22 
Apr 26 19:28:23 收取鹅蛋:342个成功
Apr 26 19:28:23 当前总鹅蛋数量:4982
Apr 26 19:28:23 兑换金币:34
Apr 26 19:28:23 当前总金币:267
Apr 26 19:28:23 
Apr 26 19:28:23 ***********开始【京东账号4】jd_6ba76f15069fd********
Apr 26 19:28:23 
Apr 26 19:28:24 收取鹅蛋:341个成功
Apr 26 19:28:24 当前总鹅蛋数量:1321
Apr 26 19:28:24 兑换金币:34
Apr 26 19:28:24 当前总金币:282
Apr 26 19:28:24 
Apr 26 19:28:24 ***********开始【京东账号5】jd_46928899fcc30********
Apr 26 19:28:24 
Apr 26 19:28:24 收取鹅蛋失败:活动太火爆，请稍后尝试
Apr 26 19:28:25 兑换金币失败:活动太火爆，请稍后尝试
Apr 26 19:28:25 
Apr 26 19:28:25 ***********开始【京东账号6】jd_EirxWEerdtmu********
Apr 26 19:28:25 
Apr 26 19:28:25 收取鹅蛋失败:活动太火爆，请稍后尝试
Apr 26 19:28:25 兑换金币失败:活动太火爆，请稍后尝试
Apr 26 19:28:25 
Apr 26 19:28:25 🔔天天提鹅, 结束! 🕛 4.432 秒
Apr 26 19:28:25 
Apr 26 20:28:49 
Apr 26 20:28:49 🔔天天提鹅, 开始!
Apr 26 20:28:49 
Apr 26 20:28:49 ====================共6个京东账号Cookie=========
Apr 26 20:28:49 
Apr 26 20:28:49 ==================脚本执行- 北京时间(UTC+8)：4/26/2021, 8:28:49 PM=====================
Apr 26 20:28:49 
Apr 26 20:28:49 
Apr 26 20:28:49 ***********开始【京东账号1】18337656372_p********
Apr 26 20:28:49 
Apr 26 20:28:50 收取鹅蛋:14个成功
Apr 26 20:28:50 当前总鹅蛋数量:1859
Apr 26 20:28:50 兑换金币:1
Apr 26 20:28:50 当前总金币:640
Apr 26 20:28:50 
Apr 26 20:28:50 ***********开始【京东账号2】jd_MCazEJrLyuXn********
Apr 26 20:28:50 
Apr 26 20:28:51 收取鹅蛋失败:活动太火爆，请稍后尝试
Apr 26 20:28:51 兑换金币失败:活动太火爆，请稍后尝试
Apr 26 20:28:51 
Apr 26 20:28:51 ***********开始【京东账号3】鬼神之吕奉先********
Apr 26 20:28:51 
Apr 26 20:28:51 收取鹅蛋:8个成功
Apr 26 20:28:51 当前总鹅蛋数量:4988
Apr 26 20:28:51 兑换金币失败:剩余数量不足
Apr 26 20:28:52 
Apr 26 20:28:52 ***********开始【京东账号4】jd_6ba76f15069fd********
Apr 26 20:28:52 
Apr 26 20:28:52 收取鹅蛋:7个成功
Apr 26 20:28:52 当前总鹅蛋数量:1327
Apr 26 20:28:52 兑换金币失败:剩余数量不足
Apr 26 20:28:52 
Apr 26 20:28:52 ***********开始【京东账号5】jd_46928899fcc30********
Apr 26 20:28:52 
Apr 26 20:28:53 收取鹅蛋失败:活动太火爆，请稍后尝试
Apr 26 20:28:53 兑换金币失败:活动太火爆，请稍后尝试
Apr 26 20:28:53 
Apr 26 20:28:53 ***********开始【京东账号6】jd_EirxWEerdtmu********
Apr 26 20:28:53 
Apr 26 20:28:53 收取鹅蛋失败:活动太火爆，请稍后尝试
Apr 26 20:28:53 兑换金币失败:活动太火爆，请稍后尝试
Apr 26 20:28:53 
Apr 26 20:28:53 🔔天天提鹅, 结束! 🕛 4.387 秒
Apr 26 20:28:53 
Apr 26 21:29:12 
Apr 26 21:29:12 🔔天天提鹅, 开始!
Apr 26 21:29:12 
Apr 26 21:29:12 ====================共6个京东账号Cookie=========
Apr 26 21:29:12 
Apr 26 21:29:12 ==================脚本执行- 北京时间(UTC+8)：4/26/2021, 9:29:12 PM=====================
Apr 26 21:29:12 
Apr 26 21:29:12 
Apr 26 21:29:12 ***********开始【京东账号1】18337656372_p********
Apr 26 21:29:12 
Apr 26 21:29:13 收取鹅蛋:9个成功
Apr 26 21:29:13 当前总鹅蛋数量:1864
Apr 26 21:29:13 兑换金币失败:剩余数量不足
Apr 26 21:29:13 
Apr 26 21:29:13 ***********开始【京东账号2】jd_MCazEJrLyuXn********
Apr 26 21:29:13 
Apr 26 21:29:14 收取鹅蛋失败:活动太火爆，请稍后尝试
Apr 26 21:29:14 兑换金币失败:活动太火爆，请稍后尝试
Apr 26 21:29:14 
Apr 26 21:29:14 ***********开始【京东账号3】鬼神之吕奉先********
Apr 26 21:29:14 
Apr 26 21:29:14 收取鹅蛋:13个成功
Apr 26 21:29:14 当前总鹅蛋数量:4993
Apr 26 21:29:15 兑换金币:1
Apr 26 21:29:15 当前总金币:268
Apr 26 21:29:15 
Apr 26 21:29:15 ***********开始【京东账号4】jd_6ba76f15069fd********
Apr 26 21:29:15 
Apr 26 21:29:15 收取鹅蛋:12个成功
Apr 26 21:29:15 当前总鹅蛋数量:1332
Apr 26 21:29:16 兑换金币:1
Apr 26 21:29:16 当前总金币:283
Apr 26 21:29:16 
Apr 26 21:29:16 ***********开始【京东账号5】jd_46928899fcc30********
Apr 26 21:29:16 
Apr 26 21:29:16 收取鹅蛋失败:活动太火爆，请稍后尝试
Apr 26 21:29:16 兑换金币失败:活动太火爆，请稍后尝试
Apr 26 21:29:16 
Apr 26 21:29:16 ***********开始【京东账号6】jd_EirxWEerdtmu********
Apr 26 21:29:16 
Apr 26 21:29:17 收取鹅蛋失败:活动太火爆，请稍后尝试
Apr 26 21:29:17 兑换金币失败:活动太火爆，请稍后尝试
Apr 26 21:29:17 
Apr 26 21:29:17 🔔天天提鹅, 结束! 🕛 4.833 秒
Apr 26 21:29:17 
Apr 26 22:29:59 
Apr 26 22:29:59 🔔天天提鹅, 开始!
Apr 26 22:29:59 
Apr 26 22:29:59 ====================共6个京东账号Cookie=========
Apr 26 22:29:59 
Apr 26 22:29:59 ==================脚本执行- 北京时间(UTC+8)：4/26/2021, 10:29:59 PM=====================
Apr 26 22:29:59 
Apr 26 22:29:59 
Apr 26 22:29:59 ***********开始【京东账号1】18337656372_p********
Apr 26 22:29:59 
Apr 26 22:30:00 收取鹅蛋:15个成功
Apr 26 22:30:00 当前总鹅蛋数量:1870
Apr 26 22:30:00 兑换金币:1
Apr 26 22:30:00 当前总金币:641
Apr 26 22:30:00 
Apr 26 22:30:00 ***********开始【京东账号2】jd_MCazEJrLyuXn********
Apr 26 22:30:00 
Apr 26 22:30:01 收取鹅蛋失败:活动太火爆，请稍后尝试
Apr 26 22:30:01 兑换金币失败:活动太火爆，请稍后尝试
Apr 26 22:30:01 
Apr 26 22:30:01 ***********开始【京东账号3】鬼神之吕奉先********
Apr 26 22:30:01 
Apr 26 22:30:01 收取鹅蛋:9个成功
Apr 26 22:30:01 当前总鹅蛋数量:4999
Apr 26 22:30:02 兑换金币失败:剩余数量不足
Apr 26 22:30:02 
Apr 26 22:30:02 ***********开始【京东账号4】jd_6ba76f15069fd********
Apr 26 22:30:02 
Apr 26 22:30:02 收取鹅蛋:8个成功
Apr 26 22:30:02 当前总鹅蛋数量:1338
Apr 26 22:30:02 兑换金币失败:剩余数量不足
Apr 26 22:30:02 
Apr 26 22:30:02 ***********开始【京东账号5】jd_46928899fcc30********
Apr 26 22:30:02 
Apr 26 22:30:03 收取鹅蛋失败:活动太火爆，请稍后尝试
Apr 26 22:30:03 兑换金币失败:活动太火爆，请稍后尝试
Apr 26 22:30:03 
Apr 26 22:30:03 ***********开始【京东账号6】jd_EirxWEerdtmu********
Apr 26 22:30:03 
Apr 26 22:30:03 收取鹅蛋失败:活动太火爆，请稍后尝试
Apr 26 22:30:03 兑换金币失败:活动太火爆，请稍后尝试
Apr 26 22:30:03 
Apr 26 22:30:03 🔔天天提鹅, 结束! 🕛 4.398 秒
Apr 26 22:30:03 
Apr 26 23:28:44 
Apr 26 23:28:44 🔔天天提鹅, 开始!
Apr 26 23:28:44 
Apr 26 23:28:44 ====================共6个京东账号Cookie=========
Apr 26 23:28:44 
Apr 26 23:28:44 ==================脚本执行- 北京时间(UTC+8)：4/26/2021, 11:28:44 PM=====================
Apr 26 23:28:44 
Apr 26 23:28:45 
Apr 26 23:28:45 ***********开始【京东账号1】18337656372_p********
Apr 26 23:28:45 
Apr 26 23:28:45 收取鹅蛋:11个成功
Apr 26 23:28:45 当前总鹅蛋数量:1876
Apr 26 23:28:45 兑换金币:1
Apr 26 23:28:45 当前总金币:642
Apr 26 23:28:46 
Apr 26 23:28:46 ***********开始【京东账号2】jd_MCazEJrLyuXn********
Apr 26 23:28:46 
Apr 26 23:28:46 收取鹅蛋失败:活动太火爆，请稍后尝试
Apr 26 23:28:46 兑换金币失败:活动太火爆，请稍后尝试
Apr 26 23:28:46 
Apr 26 23:28:46 ***********开始【京东账号3】鬼神之吕奉先********
Apr 26 23:28:46 
Apr 26 23:28:47 收取鹅蛋:15个成功
Apr 26 23:28:47 当前总鹅蛋数量:55
Apr 26 23:28:47 兑换金币:6
Apr 26 23:28:47 当前总金币:274
Apr 26 23:28:47 
Apr 26 23:28:47 ***********开始【京东账号4】jd_6ba76f15069fd********
Apr 26 23:28:47 
Apr 26 23:28:47 收取鹅蛋:14个成功
Apr 26 23:28:47 当前总鹅蛋数量:1344
Apr 26 23:28:48 兑换金币:1
Apr 26 23:28:48 当前总金币:284
Apr 26 23:28:48 
Apr 26 23:28:48 ***********开始【京东账号5】jd_46928899fcc30********
Apr 26 23:28:48 
Apr 26 23:28:48 收取鹅蛋失败:活动太火爆，请稍后尝试
Apr 26 23:28:48 兑换金币失败:活动太火爆，请稍后尝试
Apr 26 23:28:49 
Apr 26 23:28:49 ***********开始【京东账号6】jd_EirxWEerdtmu********
Apr 26 23:28:49 
Apr 26 23:28:49 收取鹅蛋失败:活动太火爆，请稍后尝试
Apr 26 23:28:49 兑换金币失败:活动太火爆，请稍后尝试
Apr 26 23:28:49 
Apr 26 23:28:49 🔔天天提鹅, 结束! 🕛 4.72 秒
Apr 26 23:28:49 
Apr 27 00:28:04 
Apr 27 00:28:04 🔔天天提鹅, 开始!
Apr 27 00:28:04 
Apr 27 00:28:04 ====================共6个京东账号Cookie=========
Apr 27 00:28:04 
Apr 27 00:28:04 ==================脚本执行- 北京时间(UTC+8)：4/27/2021, 12:28:04 AM=====================
Apr 27 00:28:04 
Apr 27 00:28:05 
Apr 27 00:28:05 ***********开始【京东账号1】18337656372_p********
Apr 27 00:28:05 
Apr 27 00:28:05 收取鹅蛋:29个成功
Apr 27 00:28:05 当前总鹅蛋数量:1904
Apr 27 00:28:06 兑换金币:2
Apr 27 00:28:06 当前总金币:644
Apr 27 00:28:06 
Apr 27 00:28:06 ***********开始【京东账号2】jd_MCazEJrLyuXn********
Apr 27 00:28:06 
Apr 27 00:28:06 收取鹅蛋失败:活动太火爆，请稍后尝试
Apr 27 00:28:06 兑换金币失败:活动太火爆，请稍后尝试
Apr 27 00:28:06 
Apr 27 00:28:06 ***********开始【京东账号3】鬼神之吕奉先********
Apr 27 00:28:06 
Apr 27 00:28:07 收取鹅蛋:33个成功
Apr 27 00:28:07 当前总鹅蛋数量:83
Apr 27 00:28:07 兑换金币:3
Apr 27 00:28:07 当前总金币:277
Apr 27 00:28:07 
Apr 27 00:28:07 ***********开始【京东账号4】jd_6ba76f15069fd********
Apr 27 00:28:07 
Apr 27 00:28:08 收取鹅蛋:32个成功
Apr 27 00:28:08 当前总鹅蛋数量:1372
Apr 27 00:28:08 兑换金币:3
Apr 27 00:28:08 当前总金币:287
Apr 27 00:28:09 
Apr 27 00:28:09 ***********开始【京东账号5】jd_46928899fcc30********
Apr 27 00:28:09 
Apr 27 00:28:09 收取鹅蛋失败:活动太火爆，请稍后尝试
Apr 27 00:28:09 兑换金币失败:活动太火爆，请稍后尝试
Apr 27 00:28:09 
Apr 27 00:28:09 ***********开始【京东账号6】jd_EirxWEerdtmu********
Apr 27 00:28:09 
Apr 27 00:28:09 收取鹅蛋失败:活动太火爆，请稍后尝试
Apr 27 00:28:10 兑换金币失败:活动太火爆，请稍后尝试
Apr 27 00:28:10 
Apr 27 00:28:10 🔔天天提鹅, 结束! 🕛 5.156 秒
Apr 27 00:28:10 
Apr 27 01:28:27 
Apr 27 01:28:27 🔔天天提鹅, 开始!
Apr 27 01:28:27 
Apr 27 01:28:27 ====================共6个京东账号Cookie=========
Apr 27 01:28:27 
Apr 27 01:28:27 ==================脚本执行- 北京时间(UTC+8)：4/27/2021, 1:28:27 AM=====================
Apr 27 01:28:27 
Apr 27 01:28:27 
Apr 27 01:28:27 ***********开始【京东账号1】18337656372_p********
Apr 27 01:28:27 
Apr 27 01:28:27 收取鹅蛋:69个成功
Apr 27 01:28:27 当前总鹅蛋数量:1964
Apr 27 01:28:28 兑换金币:6
Apr 27 01:28:28 当前总金币:650
Apr 27 01:28:28 
Apr 27 01:28:28 ***********开始【京东账号2】jd_MCazEJrLyuXn********
Apr 27 01:28:28 
Apr 27 01:28:28 收取鹅蛋失败:活动太火爆，请稍后尝试
Apr 27 01:28:28 兑换金币失败:活动太火爆，请稍后尝试
Apr 27 01:28:28 
Apr 27 01:28:28 ***********开始【京东账号3】鬼神之吕奉先********
Apr 27 01:28:28 
Apr 27 01:28:29 收取鹅蛋:33个成功
Apr 27 01:28:29 当前总鹅蛋数量:113
Apr 27 01:28:29 兑换金币:3
Apr 27 01:28:29 当前总金币:280
Apr 27 01:28:29 
Apr 27 01:28:29 ***********开始【京东账号4】jd_6ba76f15069fd********
Apr 27 01:28:29 
Apr 27 01:28:30 收取鹅蛋:32个成功
Apr 27 01:28:30 当前总鹅蛋数量:1402
Apr 27 01:28:30 兑换金币:3
Apr 27 01:28:30 当前总金币:290
Apr 27 01:28:30 
Apr 27 01:28:30 ***********开始【京东账号5】jd_46928899fcc30********
Apr 27 01:28:30 
Apr 27 01:28:31 收取鹅蛋失败:活动太火爆，请稍后尝试
Apr 27 01:28:31 兑换金币失败:活动太火爆，请稍后尝试
Apr 27 01:28:31 
Apr 27 01:28:31 ***********开始【京东账号6】jd_EirxWEerdtmu********
Apr 27 01:28:31 
Apr 27 01:28:31 收取鹅蛋失败:活动太火爆，请稍后尝试
Apr 27 01:28:31 兑换金币失败:活动太火爆，请稍后尝试
Apr 27 01:28:31 
Apr 27 01:28:31 🔔天天提鹅, 结束! 🕛 4.775 秒
Apr 27 01:28:31 
Apr 27 02:29:15 
Apr 27 02:29:15 🔔天天提鹅, 开始!
Apr 27 02:29:15 
Apr 27 02:29:15 ====================共6个京东账号Cookie=========
Apr 27 02:29:15 
Apr 27 02:29:15 ==================脚本执行- 北京时间(UTC+8)：4/27/2021, 2:29:15 AM=====================
Apr 27 02:29:15 
Apr 27 02:29:15 
Apr 27 02:29:15 ***********开始【京东账号1】18337656372_p********
Apr 27 02:29:15 
Apr 27 02:29:16 收取鹅蛋:39个成功
Apr 27 02:29:16 当前总鹅蛋数量:1994
Apr 27 02:29:16 兑换金币:3
Apr 27 02:29:16 当前总金币:653
Apr 27 02:29:16 
Apr 27 02:29:16 ***********开始【京东账号2】jd_MCazEJrLyuXn********
Apr 27 02:29:16 
Apr 27 02:29:16 收取鹅蛋失败:活动太火爆，请稍后尝试
Apr 27 02:29:16 兑换金币失败:活动太火爆，请稍后尝试
Apr 27 02:29:17 
Apr 27 02:29:17 ***********开始【京东账号3】鬼神之吕奉先********
Apr 27 02:29:17 
Apr 27 02:29:17 收取鹅蛋:33个成功
Apr 27 02:29:17 当前总鹅蛋数量:143
Apr 27 02:29:17 兑换金币:3
Apr 27 02:29:17 当前总金币:283
Apr 27 02:29:17 
Apr 27 02:29:17 ***********开始【京东账号4】jd_6ba76f15069fd********
Apr 27 02:29:17 
Apr 27 02:29:18 收取鹅蛋:32个成功
Apr 27 02:29:18 当前总鹅蛋数量:1432
Apr 27 02:29:18 兑换金币:3
Apr 27 02:29:18 当前总金币:293
Apr 27 02:29:18 
Apr 27 02:29:18 ***********开始【京东账号5】jd_46928899fcc30********
Apr 27 02:29:18 
Apr 27 02:29:19 收取鹅蛋失败:活动太火爆，请稍后尝试
Apr 27 02:29:19 兑换金币失败:活动太火爆，请稍后尝试
Apr 27 02:29:19 
Apr 27 02:29:19 ***********开始【京东账号6】jd_EirxWEerdtmu********
Apr 27 02:29:19 
Apr 27 02:29:19 收取鹅蛋失败:活动太火爆，请稍后尝试
Apr 27 02:29:19 兑换金币失败:活动太火爆，请稍后尝试
Apr 27 02:29:19 
Apr 27 02:29:19 🔔天天提鹅, 结束! 🕛 4.709 秒
Apr 27 02:29:19 
Apr 27 03:29:40 
Apr 27 03:29:40 🔔天天提鹅, 开始!
Apr 27 03:29:40 
Apr 27 03:29:40 ====================共6个京东账号Cookie=========
Apr 27 03:29:40 
Apr 27 03:29:40 ==================脚本执行- 北京时间(UTC+8)：4/27/2021, 3:29:40 AM=====================
Apr 27 03:29:40 
Apr 27 03:29:40 
Apr 27 03:29:40 ***********开始【京东账号1】18337656372_p********
Apr 27 03:29:40 
Apr 27 03:29:41 收取鹅蛋:39个成功
Apr 27 03:29:41 当前总鹅蛋数量:2024
Apr 27 03:29:41 兑换金币:3
Apr 27 03:29:41 当前总金币:656
Apr 27 03:29:41 
Apr 27 03:29:41 ***********开始【京东账号2】jd_MCazEJrLyuXn********
Apr 27 03:29:41 
Apr 27 03:29:41 收取鹅蛋失败:活动太火爆，请稍后尝试
Apr 27 03:29:42 兑换金币失败:活动太火爆，请稍后尝试
Apr 27 03:29:42 
Apr 27 03:29:42 ***********开始【京东账号3】鬼神之吕奉先********
Apr 27 03:29:42 
Apr 27 03:29:42 收取鹅蛋:33个成功
Apr 27 03:29:42 当前总鹅蛋数量:173
Apr 27 03:29:42 兑换金币:3
Apr 27 03:29:42 当前总金币:286
Apr 27 03:29:42 
Apr 27 03:29:42 ***********开始【京东账号4】jd_6ba76f15069fd********
Apr 27 03:29:42 
Apr 27 03:29:43 收取鹅蛋:32个成功
Apr 27 03:29:43 当前总鹅蛋数量:1462
Apr 27 03:29:43 兑换金币:3
Apr 27 03:29:43 当前总金币:296
Apr 27 03:29:43 
Apr 27 03:29:43 ***********开始【京东账号5】jd_46928899fcc30********
Apr 27 03:29:43 
Apr 27 03:29:44 收取鹅蛋失败:活动太火爆，请稍后尝试
Apr 27 03:29:44 兑换金币失败:活动太火爆，请稍后尝试
Apr 27 03:29:44 
Apr 27 03:29:44 ***********开始【京东账号6】jd_EirxWEerdtmu********
Apr 27 03:29:44 
Apr 27 03:29:44 收取鹅蛋失败:活动太火爆，请稍后尝试
Apr 27 03:29:44 兑换金币失败:活动太火爆，请稍后尝试
Apr 27 03:29:44 
Apr 27 03:29:44 🔔天天提鹅, 结束! 🕛 4.479 秒
Apr 27 03:29:44 
Apr 27 04:29:59 
Apr 27 04:29:59 🔔天天提鹅, 开始!
Apr 27 04:29:59 
Apr 27 04:29:59 ====================共6个京东账号Cookie=========
Apr 27 04:29:59 
Apr 27 04:29:59 ==================脚本执行- 北京时间(UTC+8)：4/27/2021, 4:29:59 AM=====================
Apr 27 04:29:59 
Apr 27 04:29:59 
Apr 27 04:29:59 ***********开始【京东账号1】18337656372_p********
Apr 27 04:29:59 
Apr 27 04:30:00 收取鹅蛋:39个成功
Apr 27 04:30:00 当前总鹅蛋数量:2054
Apr 27 04:30:00 兑换金币:3
Apr 27 04:30:00 当前总金币:659
Apr 27 04:30:00 
Apr 27 04:30:00 ***********开始【京东账号2】jd_MCazEJrLyuXn********
Apr 27 04:30:00 
Apr 27 04:30:01 收取鹅蛋失败:活动太火爆，请稍后尝试
Apr 27 04:30:01 兑换金币失败:活动太火爆，请稍后尝试
Apr 27 04:30:01 
Apr 27 04:30:01 ***********开始【京东账号3】鬼神之吕奉先********
Apr 27 04:30:01 
Apr 27 04:30:01 收取鹅蛋:33个成功
Apr 27 04:30:01 当前总鹅蛋数量:203
Apr 27 04:30:02 兑换金币:3
Apr 27 04:30:02 当前总金币:289
Apr 27 04:30:02 
Apr 27 04:30:02 ***********开始【京东账号4】jd_6ba76f15069fd********
Apr 27 04:30:02 
Apr 27 04:30:02 收取鹅蛋:32个成功
Apr 27 04:30:02 当前总鹅蛋数量:1492
Apr 27 04:30:03 兑换金币:3
Apr 27 04:30:03 当前总金币:299
Apr 27 04:30:03 
Apr 27 04:30:03 ***********开始【京东账号5】jd_46928899fcc30********
Apr 27 04:30:03 
Apr 27 04:30:03 收取鹅蛋失败:活动太火爆，请稍后尝试
Apr 27 04:30:03 兑换金币失败:活动太火爆，请稍后尝试
Apr 27 04:30:03 
Apr 27 04:30:03 ***********开始【京东账号6】jd_EirxWEerdtmu********
Apr 27 04:30:03 
Apr 27 04:30:04 收取鹅蛋失败:活动太火爆，请稍后尝试
Apr 27 04:30:04 兑换金币失败:活动太火爆，请稍后尝试
Apr 27 04:30:04 
Apr 27 04:30:04 🔔天天提鹅, 结束! 🕛 4.85 秒
Apr 27 04:30:04 
Apr 27 05:29:10 
Apr 27 05:29:10 🔔天天提鹅, 开始!
Apr 27 05:29:10 
Apr 27 05:29:10 ====================共6个京东账号Cookie=========
Apr 27 05:29:10 
Apr 27 05:29:10 ==================脚本执行- 北京时间(UTC+8)：4/27/2021, 5:29:10 AM=====================
Apr 27 05:29:10 
Apr 27 05:29:10 
Apr 27 05:29:10 ***********开始【京东账号1】18337656372_p********
Apr 27 05:29:10 
Apr 27 05:29:11 收取鹅蛋:39个成功
Apr 27 05:29:11 当前总鹅蛋数量:2084
Apr 27 05:29:11 兑换金币:3
Apr 27 05:29:11 当前总金币:662
Apr 27 05:29:11 
Apr 27 05:29:11 ***********开始【京东账号2】jd_MCazEJrLyuXn********
Apr 27 05:29:11 
Apr 27 05:29:12 收取鹅蛋失败:活动太火爆，请稍后尝试
Apr 27 05:29:12 兑换金币失败:活动太火爆，请稍后尝试
Apr 27 05:29:12 
Apr 27 05:29:12 ***********开始【京东账号3】鬼神之吕奉先********
Apr 27 05:29:12 
Apr 27 05:29:12 收取鹅蛋:33个成功
Apr 27 05:29:12 当前总鹅蛋数量:233
Apr 27 05:29:13 兑换金币:3
Apr 27 05:29:13 当前总金币:292
Apr 27 05:29:13 
Apr 27 05:29:13 ***********开始【京东账号4】jd_6ba76f15069fd********
Apr 27 05:29:13 
Apr 27 05:29:13 收取鹅蛋:32个成功
Apr 27 05:29:13 当前总鹅蛋数量:1522
Apr 27 05:29:14 兑换金币:3
Apr 27 05:29:14 当前总金币:302
Apr 27 05:29:14 
Apr 27 05:29:14 ***********开始【京东账号5】jd_46928899fcc30********
Apr 27 05:29:14 
Apr 27 05:29:14 收取鹅蛋失败:活动太火爆，请稍后尝试
Apr 27 05:29:14 兑换金币失败:活动太火爆，请稍后尝试
Apr 27 05:29:14 
Apr 27 05:29:14 ***********开始【京东账号6】jd_EirxWEerdtmu********
Apr 27 05:29:14 
Apr 27 05:29:14 收取鹅蛋失败:活动太火爆，请稍后尝试
Apr 27 05:29:15 兑换金币失败:活动太火爆，请稍后尝试
Apr 27 05:29:15 
Apr 27 05:29:15 🔔天天提鹅, 结束! 🕛 4.542 秒
Apr 27 05:29:15 
Apr 27 06:29:15 
Apr 27 06:29:15 🔔天天提鹅, 开始!
Apr 27 06:29:15 
Apr 27 06:29:15 ====================共6个京东账号Cookie=========
Apr 27 06:29:15 
Apr 27 06:29:15 ==================脚本执行- 北京时间(UTC+8)：4/27/2021, 6:29:15 AM=====================
Apr 27 06:29:15 
Apr 27 06:29:16 
Apr 27 06:29:16 ***********开始【京东账号1】18337656372_p********
Apr 27 06:29:16 
Apr 27 06:29:16 收取鹅蛋:39个成功
Apr 27 06:29:16 当前总鹅蛋数量:2114
Apr 27 06:29:16 兑换金币:3
Apr 27 06:29:16 当前总金币:665
Apr 27 06:29:17 
Apr 27 06:29:17 ***********开始【京东账号2】jd_MCazEJrLyuXn********
Apr 27 06:29:17 
Apr 27 06:29:17 收取鹅蛋失败:活动太火爆，请稍后尝试
Apr 27 06:29:17 兑换金币失败:活动太火爆，请稍后尝试
Apr 27 06:29:17 
Apr 27 06:29:17 ***********开始【京东账号3】鬼神之吕奉先********
Apr 27 06:29:17 
Apr 27 06:29:18 收取鹅蛋:33个成功
Apr 27 06:29:18 当前总鹅蛋数量:263
Apr 27 06:29:18 兑换金币:3
Apr 27 06:29:18 当前总金币:295
Apr 27 06:29:18 
Apr 27 06:29:18 ***********开始【京东账号4】jd_6ba76f15069fd********
Apr 27 06:29:18 
Apr 27 06:29:19 收取鹅蛋:32个成功
Apr 27 06:29:19 当前总鹅蛋数量:1552
Apr 27 06:29:19 兑换金币:3
Apr 27 06:29:19 当前总金币:305
Apr 27 06:29:19 
Apr 27 06:29:19 ***********开始【京东账号5】jd_46928899fcc30********
Apr 27 06:29:19 
Apr 27 06:29:19 收取鹅蛋失败:活动太火爆，请稍后尝试
Apr 27 06:29:19 兑换金币失败:活动太火爆，请稍后尝试
Apr 27 06:29:20 
Apr 27 06:29:20 ***********开始【京东账号6】jd_EirxWEerdtmu********
Apr 27 06:29:20 
Apr 27 06:29:20 收取鹅蛋失败:活动太火爆，请稍后尝试
Apr 27 06:29:20 兑换金币失败:活动太火爆，请稍后尝试
Apr 27 06:29:20 
Apr 27 06:29:20 🔔天天提鹅, 结束! 🕛 4.789 秒
Apr 27 06:29:20 
Apr 27 07:28:10 
Apr 27 07:28:10 🔔天天提鹅, 开始!
Apr 27 07:28:10 
Apr 27 07:28:10 ====================共6个京东账号Cookie=========
Apr 27 07:28:10 
Apr 27 07:28:10 ==================脚本执行- 北京时间(UTC+8)：4/27/2021, 7:28:10 AM=====================
Apr 27 07:28:10 
Apr 27 07:28:11 
Apr 27 07:28:11 ***********开始【京东账号1】18337656372_p********
Apr 27 07:28:11 
Apr 27 07:28:11 收取鹅蛋:18个成功
Apr 27 07:28:11 当前总鹅蛋数量:2123
Apr 27 07:28:12 兑换金币:1
Apr 27 07:28:12 当前总金币:666
Apr 27 07:28:12 
Apr 27 07:28:12 ***********开始【京东账号2】jd_MCazEJrLyuXn********
Apr 27 07:28:12 
Apr 27 07:28:12 收取鹅蛋失败:活动太火爆，请稍后尝试
Apr 27 07:28:12 兑换金币失败:活动太火爆，请稍后尝试
Apr 27 07:28:12 
Apr 27 07:28:12 ***********开始【京东账号3】鬼神之吕奉先********
Apr 27 07:28:12 
Apr 27 07:28:13 收取鹅蛋:33个成功
Apr 27 07:28:13 当前总鹅蛋数量:293
Apr 27 07:28:13 兑换金币:3
Apr 27 07:28:13 当前总金币:298
Apr 27 07:28:13 
Apr 27 07:28:13 ***********开始【京东账号4】jd_6ba76f15069fd********
Apr 27 07:28:13 
Apr 27 07:28:14 收取鹅蛋:32个成功
Apr 27 07:28:14 当前总鹅蛋数量:1582
Apr 27 07:28:14 兑换金币:3
Apr 27 07:28:14 当前总金币:308
Apr 27 07:28:14 
Apr 27 07:28:14 ***********开始【京东账号5】jd_46928899fcc30********
Apr 27 07:28:14 
Apr 27 07:28:14 收取鹅蛋失败:活动太火爆，请稍后尝试
Apr 27 07:28:14 兑换金币失败:活动太火爆，请稍后尝试
Apr 27 07:28:15 
Apr 27 07:28:15 ***********开始【京东账号6】jd_EirxWEerdtmu********
Apr 27 07:28:15 
Apr 27 07:28:15 收取鹅蛋失败:活动太火爆，请稍后尝试
Apr 27 07:28:15 兑换金币失败:活动太火爆，请稍后尝试
Apr 27 07:28:15 
Apr 27 07:28:15 🔔天天提鹅, 结束! 🕛 4.615 秒
Apr 27 07:28:15 
Apr 27 08:29:50 
Apr 27 08:29:50 🔔天天提鹅, 开始!
Apr 27 08:29:50 
Apr 27 08:29:50 ====================共6个京东账号Cookie=========
Apr 27 08:29:50 
Apr 27 08:29:50 ==================脚本执行- 北京时间(UTC+8)：4/27/2021, 8:29:50 AM=====================
Apr 27 08:29:50 
Apr 27 08:29:50 
Apr 27 08:29:50 ***********开始【京东账号1】18337656372_p********
Apr 27 08:29:50 
Apr 27 08:29:50 收取鹅蛋:17个成功
Apr 27 08:29:50 当前总鹅蛋数量:2132
Apr 27 08:29:51 兑换金币:1
Apr 27 08:29:51 当前总金币:667
Apr 27 08:29:51 
Apr 27 08:29:51 ***********开始【京东账号2】jd_MCazEJrLyuXn********
Apr 27 08:29:51 
Apr 27 08:29:51 收取鹅蛋失败:活动太火爆，请稍后尝试
Apr 27 08:29:51 兑换金币失败:活动太火爆，请稍后尝试
Apr 27 08:29:51 
Apr 27 08:29:51 ***********开始【京东账号3】鬼神之吕奉先********
Apr 27 08:29:51 
Apr 27 08:29:52 收取鹅蛋:13个成功
Apr 27 08:29:52 当前总鹅蛋数量:303
Apr 27 08:29:52 兑换金币:1
Apr 27 08:29:52 当前总金币:299
Apr 27 08:29:52 
Apr 27 08:29:52 ***********开始【京东账号4】jd_6ba76f15069fd********
Apr 27 08:29:52 
Apr 27 08:29:53 收取鹅蛋:12个成功
Apr 27 08:29:53 当前总鹅蛋数量:1592
Apr 27 08:29:53 兑换金币:1
Apr 27 08:29:53 当前总金币:309
Apr 27 08:29:53 
Apr 27 08:29:53 ***********开始【京东账号5】jd_46928899fcc30********
Apr 27 08:29:53 
Apr 27 08:29:54 收取鹅蛋失败:活动太火爆，请稍后尝试
Apr 27 08:29:54 兑换金币失败:活动太火爆，请稍后尝试
Apr 27 08:29:54 
Apr 27 08:29:54 ***********开始【京东账号6】jd_EirxWEerdtmu********
Apr 27 08:29:54 
Apr 27 08:29:54 收取鹅蛋失败:活动太火爆，请稍后尝试
Apr 27 08:29:54 兑换金币失败:活动太火爆，请稍后尝试
Apr 27 08:29:54 
Apr 27 08:29:54 🔔天天提鹅, 结束! 🕛 4.703 秒
Apr 27 08:29:54 
Apr 27 09:28:33 
Apr 27 09:28:33 🔔天天提鹅, 开始!
Apr 27 09:28:33 
Apr 27 09:28:33 ====================共6个京东账号Cookie=========
Apr 27 09:28:33 
Apr 27 09:28:33 ==================脚本执行- 北京时间(UTC+8)：4/27/2021, 9:28:33 AM=====================
Apr 27 09:28:33 
Apr 27 09:28:33 
Apr 27 09:28:33 ***********开始【京东账号1】18337656372_p********
Apr 27 09:28:33 
Apr 27 09:28:34 收取鹅蛋:16个成功
Apr 27 09:28:34 当前总鹅蛋数量:2141
Apr 27 09:28:34 兑换金币:1
Apr 27 09:28:34 当前总金币:668
Apr 27 09:28:34 
Apr 27 09:28:34 ***********开始【京东账号2】jd_MCazEJrLyuXn********
Apr 27 09:28:34 
Apr 27 09:28:34 收取鹅蛋失败:活动太火爆，请稍后尝试
Apr 27 09:28:34 兑换金币失败:活动太火爆，请稍后尝试
Apr 27 09:28:35 
Apr 27 09:28:35 ***********开始【京东账号3】鬼神之吕奉先********
Apr 27 09:28:35 
Apr 27 09:28:35 收取鹅蛋:11个成功
Apr 27 09:28:35 当前总鹅蛋数量:311
Apr 27 09:28:35 兑换金币:1
Apr 27 09:28:35 当前总金币:300
Apr 27 09:28:35 
Apr 27 09:28:35 ***********开始【京东账号4】jd_6ba76f15069fd********
Apr 27 09:28:35 
Apr 27 09:28:36 收取鹅蛋:10个成功
Apr 27 09:28:36 当前总鹅蛋数量:1600
Apr 27 09:28:36 兑换金币:1
Apr 27 09:28:36 当前总金币:310
Apr 27 09:28:36 
Apr 27 09:28:36 ***********开始【京东账号5】jd_46928899fcc30********
Apr 27 09:28:36 
Apr 27 09:28:37 收取鹅蛋失败:活动太火爆，请稍后尝试
Apr 27 09:28:37 兑换金币失败:活动太火爆，请稍后尝试
Apr 27 09:28:37 
Apr 27 09:28:37 ***********开始【京东账号6】jd_EirxWEerdtmu********
Apr 27 09:28:37 
Apr 27 09:28:37 收取鹅蛋失败:活动太火爆，请稍后尝试
Apr 27 09:28:37 兑换金币失败:活动太火爆，请稍后尝试
Apr 27 09:28:37 
Apr 27 09:28:37 🔔天天提鹅, 结束! 🕛 4.642 秒
Apr 27 09:28:37 
Apr 27 10:28:11 
Apr 27 10:28:11 🔔天天提鹅, 开始!
Apr 27 10:28:11 
Apr 27 10:28:11 ====================共6个京东账号Cookie=========
Apr 27 10:28:11 
Apr 27 10:28:11 ==================脚本执行- 北京时间(UTC+8)：4/27/2021, 10:28:11 AM=====================
Apr 27 10:28:11 
Apr 27 10:28:11 
Apr 27 10:28:11 ***********开始【京东账号1】18337656372_p********
Apr 27 10:28:11 
Apr 27 10:28:12 收取鹅蛋:14个成功
Apr 27 10:28:12 当前总鹅蛋数量:2149
Apr 27 10:28:12 兑换金币:1
Apr 27 10:28:12 当前总金币:669
Apr 27 10:28:12 
Apr 27 10:28:12 ***********开始【京东账号2】jd_MCazEJrLyuXn********
Apr 27 10:28:12 
Apr 27 10:28:13 收取鹅蛋失败:活动太火爆，请稍后尝试
Apr 27 10:28:13 兑换金币失败:活动太火爆，请稍后尝试
Apr 27 10:28:13 
Apr 27 10:28:13 ***********开始【京东账号3】鬼神之吕奉先********
Apr 27 10:28:13 
Apr 27 10:28:13 收取鹅蛋:10个成功
Apr 27 10:28:13 当前总鹅蛋数量:320
Apr 27 10:28:14 兑换金币:1
Apr 27 10:28:14 当前总金币:301
Apr 27 10:28:14 
Apr 27 10:28:14 ***********开始【京东账号4】jd_6ba76f15069fd********
Apr 27 10:28:14 
Apr 27 10:28:14 收取鹅蛋:9个成功
Apr 27 10:28:14 当前总鹅蛋数量:1609
Apr 27 10:28:14 兑换金币失败:剩余数量不足
Apr 27 10:28:14 
Apr 27 10:28:14 ***********开始【京东账号5】jd_46928899fcc30********
Apr 27 10:28:14 
Apr 27 10:28:15 收取鹅蛋失败:活动太火爆，请稍后尝试
Apr 27 10:28:15 兑换金币失败:活动太火爆，请稍后尝试
Apr 27 10:28:15 
Apr 27 10:28:15 ***********开始【京东账号6】jd_EirxWEerdtmu********
Apr 27 10:28:15 
Apr 27 10:28:15 收取鹅蛋失败:活动太火爆，请稍后尝试
Apr 27 10:28:15 兑换金币失败:活动太火爆，请稍后尝试
Apr 27 10:28:15 
Apr 27 10:28:15 🔔天天提鹅, 结束! 🕛 4.746 秒
Apr 27 10:28:15 
May 20 11:28:00 
May 20 11:28:00 🔔天天提鹅, 开始!
May 20 11:28:00 
May 20 11:28:00 ====================共6个京东账号Cookie=========
May 20 11:28:00 
May 20 11:28:00 ==================脚本执行- 北京时间(UTC+8)：5/20/2021, 11:28:00 AM=====================
May 20 11:28:00 
May 20 11:28:00 
May 20 11:28:00 ***********开始【京东账号1】18337656372_p********
May 20 11:28:00 
May 20 11:28:01 收取鹅蛋:38个成功
May 20 11:28:01 当前总鹅蛋数量:1813
May 20 11:28:01 兑换金币:3
May 20 11:28:01 当前总金币:2482
May 20 11:28:01 
May 20 11:28:01 ***********开始【京东账号2】jd_MCazEJrLyuXn********
May 20 11:28:01 
May 20 11:28:02 收取鹅蛋失败:活动太火爆，请稍后尝试
May 20 11:28:02 兑换金币失败:活动太火爆，请稍后尝试
May 20 11:28:02 
May 20 11:28:02 ***********开始【京东账号3】鬼神之吕奉先********
May 20 11:28:02 
May 20 11:28:02 
May 20 11:28:02 ***********开始【京东账号4】jd_6ba76f15069fd********
May 20 11:28:02 
May 20 11:28:03 收取鹅蛋:39个成功
May 20 11:28:03 当前总鹅蛋数量:1879
May 20 11:28:03 兑换金币:3
May 20 11:28:03 当前总金币:1037
May 20 11:28:03 
May 20 11:28:03 ***********开始【京东账号5】jd_46928899fcc30********
May 20 11:28:03 
May 20 11:28:04 
May 20 11:28:04 ***********开始【京东账号6】jd_EirxWEerdtmu********
May 20 11:28:04 
May 20 11:28:04 收取鹅蛋失败:活动太火爆，请稍后尝试
May 20 11:28:04 兑换金币失败:活动太火爆，请稍后尝试
May 20 11:28:04 
May 20 11:28:04 🔔天天提鹅, 结束! 🕛 4.712 秒
May 20 11:28:04 
May 20 12:28:00 
May 20 12:28:00 🔔天天提鹅, 开始!
May 20 12:28:00 
May 20 12:28:00 ====================共6个京东账号Cookie=========
May 20 12:28:00 
May 20 12:28:00 ==================脚本执行- 北京时间(UTC+8)：5/20/2021, 12:28:00 PM=====================
May 20 12:28:00 
May 20 12:28:00 
May 20 12:28:00 ***********开始【京东账号1】18337656372_p********
May 20 12:28:00 
May 20 12:28:01 收取鹅蛋:38个成功
May 20 12:28:01 当前总鹅蛋数量:1843
May 20 12:28:01 兑换金币:3
May 20 12:28:01 当前总金币:2485
May 20 12:28:01 
May 20 12:28:01 ***********开始【京东账号2】jd_MCazEJrLyuXn********
May 20 12:28:01 
May 20 12:28:02 收取鹅蛋失败:活动太火爆，请稍后尝试
May 20 12:28:02 兑换金币失败:活动太火爆，请稍后尝试
May 20 12:28:02 
May 20 12:28:02 ***********开始【京东账号3】鬼神之吕奉先********
May 20 12:28:02 
May 20 12:28:03 兑换金币失败:剩余数量不足
May 20 12:28:03 
May 20 12:28:03 ***********开始【京东账号4】jd_6ba76f15069fd********
May 20 12:28:03 
May 20 12:28:03 
May 20 12:28:03 ***********开始【京东账号5】jd_46928899fcc30********
May 20 12:28:03 
May 20 12:28:04 兑换金币失败:活动太火爆，请稍后尝试
May 20 12:28:04 
May 20 12:28:04 ***********开始【京东账号6】jd_EirxWEerdtmu********
May 20 12:28:04 
May 20 12:28:04 兑换金币失败:活动太火爆，请稍后尝试
May 20 12:28:04 
May 20 12:28:04 🔔天天提鹅, 结束! 🕛 4.421 秒
May 20 12:28:04 
May 20 13:28:00 
May 20 13:28:00 🔔天天提鹅, 开始!
May 20 13:28:00 
May 20 13:28:00 ====================共6个京东账号Cookie=========
May 20 13:28:00 
May 20 13:28:00 ==================脚本执行- 北京时间(UTC+8)：5/20/2021, 1:28:00 PM=====================
May 20 13:28:00 
May 20 13:28:00 
May 20 13:28:00 ***********开始【京东账号1】18337656372_p********
May 20 13:28:00 
May 20 13:28:01 收取鹅蛋:38个成功
May 20 13:28:01 当前总鹅蛋数量:1873
May 20 13:28:01 兑换金币:3
May 20 13:28:01 当前总金币:2488
May 20 13:28:02 
May 20 13:28:02 ***********开始【京东账号2】jd_MCazEJrLyuXn********
May 20 13:28:02 
May 20 13:28:02 收取鹅蛋失败:活动太火爆，请稍后尝试
May 20 13:28:02 兑换金币失败:活动太火爆，请稍后尝试
May 20 13:28:02 
May 20 13:28:02 ***********开始【京东账号3】鬼神之吕奉先********
May 20 13:28:02 
May 20 13:28:03 收取鹅蛋:30个成功
May 20 13:28:03 当前总鹅蛋数量:7070
May 20 13:28:03 
May 20 13:28:03 ***********开始【京东账号4】jd_6ba76f15069fd********
May 20 13:28:03 
May 20 13:28:03 收取鹅蛋:39个成功
May 20 13:28:03 当前总鹅蛋数量:1909
May 20 13:28:04 兑换金币:3
May 20 13:28:04 当前总金币:1040
May 20 13:28:04 
May 20 13:28:04 ***********开始【京东账号5】jd_46928899fcc30********
May 20 13:28:04 
May 20 13:28:04 兑换金币失败:活动太火爆，请稍后尝试
May 20 13:28:04 
May 20 13:28:04 ***********开始【京东账号6】jd_EirxWEerdtmu********
May 20 13:28:04 
May 20 13:28:05 收取鹅蛋失败:活动太火爆，请稍后尝试
May 20 13:28:05 兑换金币失败:活动太火爆，请稍后尝试
May 20 13:28:05 
May 20 13:28:05 🔔天天提鹅, 结束! 🕛 4.968 秒
May 20 13:28:05 
May 20 14:28:00 
May 20 14:28:00 🔔天天提鹅, 开始!
May 20 14:28:00 
May 20 14:28:00 ====================共6个京东账号Cookie=========
May 20 14:28:00 
May 20 14:28:00 ==================脚本执行- 北京时间(UTC+8)：5/20/2021, 2:28:00 PM=====================
May 20 14:28:00 
May 20 14:28:00 
May 20 14:28:00 ***********开始【京东账号1】18337656372_p********
May 20 14:28:00 
May 20 14:28:01 收取鹅蛋:38个成功
May 20 14:28:01 当前总鹅蛋数量:1903
May 20 14:28:01 兑换金币:3
May 20 14:28:01 当前总金币:2491
May 20 14:28:02 
May 20 14:28:02 ***********开始【京东账号2】jd_MCazEJrLyuXn********
May 20 14:28:02 
May 20 14:28:02 收取鹅蛋失败:活动太火爆，请稍后尝试
May 20 14:28:03 
May 20 14:28:03 ***********开始【京东账号3】鬼神之吕奉先********
May 20 14:28:03 
May 20 14:28:04 收取鹅蛋:60个成功
May 20 14:28:04 当前总鹅蛋数量:7100
May 20 14:28:04 兑换金币:6
May 20 14:28:04 当前总金币:1560
May 20 14:28:04 
May 20 14:28:04 ***********开始【京东账号4】jd_6ba76f15069fd********
May 20 14:28:04 
May 20 14:28:04 收取鹅蛋:39个成功
May 20 14:28:04 当前总鹅蛋数量:1939
May 20 14:28:05 
May 20 14:28:05 ***********开始【京东账号5】jd_46928899fcc30********
May 20 14:28:05 
May 20 14:28:05 收取鹅蛋失败:活动太火爆，请稍后尝试
May 20 14:28:05 兑换金币失败:活动太火爆，请稍后尝试
May 20 14:28:05 
May 20 14:28:05 ***********开始【京东账号6】jd_EirxWEerdtmu********
May 20 14:28:05 
May 20 14:28:06 收取鹅蛋失败:活动太火爆，请稍后尝试
May 20 14:28:06 兑换金币失败:活动太火爆，请稍后尝试
May 20 14:28:06 
May 20 14:28:06 🔔天天提鹅, 结束! 🕛 5.708 秒
May 20 14:28:06 
May 20 15:28:00 
May 20 15:28:00 🔔天天提鹅, 开始!
May 20 15:28:00 
May 20 15:28:00 ====================共6个京东账号Cookie=========
May 20 15:28:00 
May 20 15:28:00 ==================脚本执行- 北京时间(UTC+8)：5/20/2021, 3:28:00 PM=====================
May 20 15:28:00 
May 20 15:28:00 
May 20 15:28:00 ***********开始【京东账号1】18337656372_p********
May 20 15:28:00 
May 20 15:28:01 收取鹅蛋:38个成功
May 20 15:28:01 当前总鹅蛋数量:1933
May 20 15:28:01 兑换金币:3
May 20 15:28:01 当前总金币:2494
May 20 15:28:02 
May 20 15:28:02 ***********开始【京东账号2】jd_MCazEJrLyuXn********
May 20 15:28:02 
May 20 15:28:02 收取鹅蛋失败:活动太火爆，请稍后尝试
May 20 15:28:02 
May 20 15:28:02 ***********开始【京东账号3】鬼神之吕奉先********
May 20 15:28:02 
May 20 15:28:03 收取鹅蛋:30个成功
May 20 15:28:03 当前总鹅蛋数量:7130
May 20 15:28:03 
May 20 15:28:03 ***********开始【京东账号4】jd_6ba76f15069fd********
May 20 15:28:03 
May 20 15:28:04 
May 20 15:28:04 ***********开始【京东账号5】jd_46928899fcc30********
May 20 15:28:04 
May 20 15:28:04 
May 20 15:28:04 ***********开始【京东账号6】jd_EirxWEerdtmu********
May 20 15:28:04 
May 20 15:28:04 收取鹅蛋失败:活动太火爆，请稍后尝试
May 20 15:28:05 兑换金币失败:活动太火爆，请稍后尝试
May 20 15:28:05 
May 20 15:28:05 🔔天天提鹅, 结束! 🕛 4.513 秒
May 20 15:28:05 
May 20 16:28:00 
May 20 16:28:00 🔔天天提鹅, 开始!
May 20 16:28:00 
May 20 16:28:00 ====================共6个京东账号Cookie=========
May 20 16:28:00 
May 20 16:28:00 ==================脚本执行- 北京时间(UTC+8)：5/20/2021, 4:28:00 PM=====================
May 20 16:28:00 
May 20 16:28:01 
May 20 16:28:01 ***********开始【京东账号1】18337656372_p********
May 20 16:28:01 
May 20 16:28:01 收取鹅蛋:18个成功
May 20 16:28:01 当前总鹅蛋数量:1943
May 20 16:28:02 兑换金币:1
May 20 16:28:02 当前总金币:2495
May 20 16:28:02 
May 20 16:28:02 ***********开始【京东账号2】jd_MCazEJrLyuXn********
May 20 16:28:02 
May 20 16:28:02 收取鹅蛋失败:活动太火爆，请稍后尝试
May 20 16:28:02 
May 20 16:28:02 ***********开始【京东账号3】鬼神之吕奉先********
May 20 16:28:02 
May 20 16:28:03 收取鹅蛋:60个成功
May 20 16:28:03 当前总鹅蛋数量:7160
May 20 16:28:03 
May 20 16:28:03 ***********开始【京东账号4】jd_6ba76f15069fd********
May 20 16:28:03 
May 20 16:28:04 收取鹅蛋:69个成功
May 20 16:28:04 当前总鹅蛋数量:1969
May 20 16:28:04 兑换金币:6
May 20 16:28:04 当前总金币:1046
May 20 16:28:04 
May 20 16:28:04 ***********开始【京东账号5】jd_46928899fcc30********
May 20 16:28:04 
May 20 16:28:04 收取鹅蛋失败:活动太火爆，请稍后尝试
May 20 16:28:04 兑换金币失败:活动太火爆，请稍后尝试
May 20 16:28:04 
May 20 16:28:04 ***********开始【京东账号6】jd_EirxWEerdtmu********
May 20 16:28:04 
May 20 16:28:05 兑换金币失败:活动太火爆，请稍后尝试
May 20 16:28:05 
May 20 16:28:05 🔔天天提鹅, 结束! 🕛 4.763 秒
May 20 16:28:05 
May 20 17:28:00 
May 20 17:28:00 🔔天天提鹅, 开始!
May 20 17:28:00 
May 20 17:28:00 ====================共6个京东账号Cookie=========
May 20 17:28:00 
May 20 17:28:00 ==================脚本执行- 北京时间(UTC+8)：5/20/2021, 5:28:00 PM=====================
May 20 17:28:00 
May 20 17:28:01 
May 20 17:28:01 ***********开始【京东账号1】18337656372_p********
May 20 17:28:01 
May 20 17:28:01 
May 20 17:28:01 ***********开始【京东账号2】jd_MCazEJrLyuXn********
May 20 17:28:01 
May 20 17:28:02 收取鹅蛋失败:活动太火爆，请稍后尝试
May 20 17:28:02 
May 20 17:28:02 ***********开始【京东账号3】鬼神之吕奉先********
May 20 17:28:02 
May 20 17:28:03 兑换金币:6
May 20 17:28:03 当前总金币:1566
May 20 17:28:03 
May 20 17:28:03 ***********开始【京东账号4】jd_6ba76f15069fd********
May 20 17:28:03 
May 20 17:28:03 收取鹅蛋:39个成功
May 20 17:28:03 当前总鹅蛋数量:1999
May 20 17:28:03 兑换金币:3
May 20 17:28:03 当前总金币:1049
May 20 17:28:04 
May 20 17:28:04 ***********开始【京东账号5】jd_46928899fcc30********
May 20 17:28:04 
May 20 17:28:04 
May 20 17:28:04 ***********开始【京东账号6】jd_EirxWEerdtmu********
May 20 17:28:04 
May 20 17:28:04 收取鹅蛋失败:活动太火爆，请稍后尝试
May 20 17:28:05 兑换金币失败:活动太火爆，请稍后尝试
May 20 17:28:05 
May 20 17:28:05 🔔天天提鹅, 结束! 🕛 4.3 秒
May 20 17:28:05 
