Apr 25 06:10:22 
Apr 25 06:10:22 🔔京东家庭号, 开始!
Apr 25 06:10:22 
Apr 25 06:10:22 ====================共6个京东账号Cookie=========
Apr 25 06:10:22 
Apr 25 06:10:22 ==================脚本执行- 北京时间(UTC+8)：4/25/2021, 6:10:22 AM=====================
Apr 25 06:10:22 
Apr 25 06:10:22 
Apr 25 06:10:22 ******开始【京东账号1】18337656372_p*********
Apr 25 06:10:22 
Apr 25 06:10:23 当前幸福值：4836
Apr 25 06:10:23 去做任务5fed97ce5da81a8c069810df
Apr 25 06:10:23 任务完成成功
Apr 25 06:10:24 去做任务600e29f6986178004811bdb0
Apr 25 06:10:24 任务完成失败，原因未知
Apr 25 06:10:25 去做任务5fed97ce5da81a8c069810de
Apr 25 06:10:25 任务完成失败，原因未知
Apr 25 06:10:26 去做任务5fed97ce5da81a8c069810dd
Apr 25 06:10:26 任务完成成功
Apr 25 06:10:27 去做任务5fed97ce5da81a8c069810da
Apr 25 06:10:27 任务完成成功
Apr 25 06:10:28 去做任务5fed97ce5da81a8c069810d9
Apr 25 06:10:28 任务完成成功
Apr 25 06:10:29 去做任务5fed97ce5da81a8c069810d8
Apr 25 06:10:30 任务完成成功
Apr 25 06:10:31 去做任务5fed97ce5da81a8c069810d7
Apr 25 06:10:31 任务完成成功
Apr 25 06:10:32 去做任务5fed97ce5da81a8c069810d6
Apr 25 06:10:32 任务完成成功
Apr 25 06:10:33 去做任务5fed97ce5da81a8c069810d5
Apr 25 06:10:33 任务完成成功
Apr 25 06:10:34 去做任务5fed97ce5da81a8c069810d4
Apr 25 06:10:34 任务完成成功
Apr 25 06:10:35 去做任务5ffbea8009fec446f7e505f7
Apr 25 06:10:35 任务完成成功
Apr 25 06:10:36 去做任务6000f97609fec446f7e50e01
Apr 25 06:10:36 任务完成成功
Apr 25 06:10:37 去做任务60064bfd8f6c83ec46a228e3
Apr 25 06:10:38 任务完成成功
Apr 25 06:10:39 当前幸福值：5078
Apr 25 06:10:39 京东家庭号
Apr 25 06:10:39 
Apr 25 06:10:39 京东账号118337656372_p
Apr 25 06:10:39 当前幸福值：5078
Apr 25 06:10:39 
Apr 25 06:10:39 ******开始【京东账号2】jd_MCazEJrLyuXn*********
Apr 25 06:10:39 
Apr 25 06:10:39 当前幸福值：0
Apr 25 06:10:39 去做任务5fed97ce5da81a8c069810df
Apr 25 06:10:39 任务完成失败，原因未知
Apr 25 06:10:40 去做任务600e29f6986178004811bdb0
Apr 25 06:10:40 任务完成失败，原因未知
Apr 25 06:10:41 去做任务5fed97ce5da81a8c069810de
Apr 25 06:10:42 任务完成失败，原因未知
Apr 25 06:10:43 去做任务5fed97ce5da81a8c069810dd
Apr 25 06:10:43 任务完成失败，原因未知
Apr 25 06:10:44 去做任务5fedbb7b5da81a8c06981156
Apr 25 06:10:44 任务完成失败，原因未知
Apr 25 06:10:45 去做任务5fedbb7b5da81a8c06981155
Apr 25 06:10:45 任务完成失败，原因未知
Apr 25 06:10:46 去做任务5fedbb7b5da81a8c06981154
Apr 25 06:10:46 任务完成失败，原因未知
Apr 25 06:10:47 去做任务60136fd7c73fea004a4036ff
Apr 25 06:10:47 任务完成失败，原因未知
Apr 25 06:10:48 去做任务60136fd7c73fea004a4036fe
Apr 25 06:10:48 任务完成失败，原因未知
Apr 25 06:10:49 去做任务5fed97ce5da81a8c069810da
Apr 25 06:10:49 任务完成失败，原因未知
Apr 25 06:10:50 去做任务5fed97ce5da81a8c069810d9
Apr 25 06:10:51 任务完成失败，原因未知
Apr 25 06:10:52 去做任务5fed97ce5da81a8c069810d8
Apr 25 06:10:52 任务完成失败，原因未知
Apr 25 06:10:53 去做任务5fed97ce5da81a8c069810d7
Apr 25 06:10:53 任务完成失败，原因未知
Apr 25 06:10:54 去做任务5fed97ce5da81a8c069810d6
Apr 25 06:10:54 任务完成失败，原因未知
Apr 25 06:10:55 去做任务5fed97ce5da81a8c069810d5
Apr 25 06:10:55 任务完成失败，原因未知
Apr 25 06:10:56 去做任务5fed97ce5da81a8c069810d4
Apr 25 06:10:56 任务完成失败，原因未知
Apr 25 06:10:57 去做任务5ffbea8009fec446f7e505f7
Apr 25 06:10:57 任务完成失败，原因未知
Apr 25 06:10:58 去做任务6000f97609fec446f7e50e01
Apr 25 06:10:58 任务完成失败，原因未知
Apr 25 06:10:59 去做任务60064bfd8f6c83ec46a228e3
Apr 25 06:11:00 任务完成失败，原因未知
Apr 25 06:11:01 当前幸福值：0
Apr 25 06:11:01 京东家庭号
Apr 25 06:11:01 
Apr 25 06:11:01 京东账号2jd_MCazEJrLyuXn
Apr 25 06:11:01 当前幸福值：0
Apr 25 06:11:01 
Apr 25 06:11:01 ******开始【京东账号3】鬼神之吕奉先*********
Apr 25 06:11:01 
Apr 25 06:11:01 当前幸福值：1420
Apr 25 06:11:01 去做任务5fed97ce5da81a8c069810df
Apr 25 06:11:01 任务完成成功
Apr 25 06:11:02 去做任务600e29f6986178004811bdb0
Apr 25 06:11:02 任务完成失败，原因未知
Apr 25 06:11:03 去做任务5fed97ce5da81a8c069810de
Apr 25 06:11:04 任务完成失败，原因未知
Apr 25 06:11:05 去做任务5fed97ce5da81a8c069810dd
Apr 25 06:11:05 任务完成成功
Apr 25 06:11:06 去做任务5fed97ce5da81a8c069810da
Apr 25 06:11:06 任务完成成功
Apr 25 06:11:07 去做任务5fed97ce5da81a8c069810d9
Apr 25 06:11:07 任务完成成功
Apr 25 06:11:08 去做任务5fed97ce5da81a8c069810d8
Apr 25 06:11:08 任务完成成功
Apr 25 06:11:09 去做任务5fed97ce5da81a8c069810d7
Apr 25 06:11:09 任务完成成功
Apr 25 06:11:10 去做任务5fed97ce5da81a8c069810d6
Apr 25 06:11:10 任务完成成功
Apr 25 06:11:11 去做任务5fed97ce5da81a8c069810d5
Apr 25 06:11:12 任务完成成功
Apr 25 06:11:13 去做任务5fed97ce5da81a8c069810d4
Apr 25 06:11:13 任务完成成功
Apr 25 06:11:14 去做任务5ffbea8009fec446f7e505f7
Apr 25 06:11:14 任务完成成功
Apr 25 06:11:15 去做任务6000f97609fec446f7e50e01
Apr 25 06:11:15 任务完成成功
Apr 25 06:11:16 去做任务60064bfd8f6c83ec46a228e3
Apr 25 06:11:16 任务完成成功
Apr 25 06:11:17 当前幸福值：1662
Apr 25 06:11:17 京东家庭号
Apr 25 06:11:17 
Apr 25 06:11:17 京东账号3鬼神之吕奉先
Apr 25 06:11:17 当前幸福值：1662
Apr 25 06:11:18 
Apr 25 06:11:18 ******开始【京东账号4】jd_6ba76f15069fd*********
Apr 25 06:11:18 
Apr 25 06:11:18 当前幸福值：1420
Apr 25 06:11:18 去做任务5fed97ce5da81a8c069810df
Apr 25 06:11:18 任务完成成功
Apr 25 06:11:19 去做任务600e29f6986178004811bdb0
Apr 25 06:11:19 任务完成失败，原因未知
Apr 25 06:11:20 去做任务5fed97ce5da81a8c069810de
Apr 25 06:11:20 任务完成失败，原因未知
Apr 25 06:11:21 去做任务5fed97ce5da81a8c069810dd
Apr 25 06:11:21 任务完成成功
Apr 25 06:11:22 去做任务5fed97ce5da81a8c069810da
Apr 25 06:11:23 任务完成成功
Apr 25 06:11:24 去做任务5fed97ce5da81a8c069810d9
Apr 25 06:11:24 任务完成成功
Apr 25 06:11:25 去做任务5fed97ce5da81a8c069810d8
Apr 25 06:11:25 任务完成成功
Apr 25 06:11:26 去做任务5fed97ce5da81a8c069810d7
Apr 25 06:11:26 任务完成成功
Apr 25 06:11:27 去做任务5fed97ce5da81a8c069810d6
Apr 25 06:11:27 任务完成成功
Apr 25 06:11:28 去做任务5fed97ce5da81a8c069810d5
Apr 25 06:11:28 任务完成成功
Apr 25 06:11:29 去做任务5fed97ce5da81a8c069810d4
Apr 25 06:11:29 任务完成成功
Apr 25 06:11:30 去做任务5ffbea8009fec446f7e505f7
Apr 25 06:11:31 任务完成成功
Apr 25 06:11:32 去做任务6000f97609fec446f7e50e01
Apr 25 06:11:32 任务完成成功
Apr 25 06:11:33 去做任务60064bfd8f6c83ec46a228e3
Apr 25 06:11:33 任务完成成功
Apr 25 06:11:34 当前幸福值：1662
Apr 25 06:11:34 京东家庭号
Apr 25 06:11:34 
Apr 25 06:11:34 京东账号4jd_6ba76f15069fd
Apr 25 06:11:34 当前幸福值：1662
Apr 25 06:11:34 
Apr 25 06:11:34 ******开始【京东账号5】jd_46928899fcc30*********
Apr 25 06:11:34 
Apr 25 06:11:35 当前幸福值：1420
Apr 25 06:11:35 去做任务5fed97ce5da81a8c069810df
Apr 25 06:11:35 任务完成成功
Apr 25 06:11:36 去做任务600e29f6986178004811bdb0
Apr 25 06:11:36 任务完成失败，原因未知
Apr 25 06:11:37 去做任务5fed97ce5da81a8c069810de
Apr 25 06:11:37 任务完成失败，原因未知
Apr 25 06:11:38 去做任务5fed97ce5da81a8c069810dd
Apr 25 06:11:38 任务完成成功
Apr 25 06:11:39 去做任务5fed97ce5da81a8c069810da
Apr 25 06:11:39 任务完成成功
Apr 25 06:11:40 去做任务5fed97ce5da81a8c069810d9
Apr 25 06:11:40 任务完成成功
Apr 25 06:11:41 去做任务5fed97ce5da81a8c069810d8
Apr 25 06:11:42 任务完成成功
Apr 25 06:11:43 去做任务5fed97ce5da81a8c069810d7
Apr 25 06:11:43 任务完成成功
Apr 25 06:11:44 去做任务5fed97ce5da81a8c069810d6
Apr 25 06:11:44 任务完成成功
Apr 25 06:11:45 去做任务5fed97ce5da81a8c069810d5
Apr 25 06:11:45 任务完成成功
Apr 25 06:11:46 去做任务5fed97ce5da81a8c069810d4
Apr 25 06:11:46 任务完成成功
Apr 25 06:11:47 去做任务5ffbea8009fec446f7e505f7
Apr 25 06:11:47 任务完成成功
Apr 25 06:11:48 去做任务6000f97609fec446f7e50e01
Apr 25 06:11:49 任务完成成功
Apr 25 06:11:50 去做任务60064bfd8f6c83ec46a228e3
Apr 25 06:11:50 任务完成成功
Apr 25 06:11:51 当前幸福值：1662
Apr 25 06:11:51 京东家庭号
Apr 25 06:11:51 
Apr 25 06:11:51 京东账号5jd_46928899fcc30
Apr 25 06:11:51 当前幸福值：1662
Apr 25 06:11:51 
Apr 25 06:11:51 ******开始【京东账号6】jd_EirxWEerdtmu*********
Apr 25 06:11:51 
Apr 25 06:11:51 当前幸福值：1176
Apr 25 06:11:51 去做任务5fed97ce5da81a8c069810df
Apr 25 06:11:51 任务完成成功
Apr 25 06:11:52 去做任务600e29f6986178004811bdb0
Apr 25 06:11:52 任务完成失败，原因未知
Apr 25 06:11:54 去做任务5fed97ce5da81a8c069810de
Apr 25 06:11:54 任务完成失败，原因未知
Apr 25 06:11:55 去做任务5fed97ce5da81a8c069810dd
Apr 25 06:11:55 任务完成成功
Apr 25 06:11:56 去做任务5fed97ce5da81a8c069810da
Apr 25 06:11:56 任务完成成功
Apr 25 06:11:57 去做任务5fed97ce5da81a8c069810d9
Apr 25 06:11:57 任务完成成功
Apr 25 06:11:58 去做任务5fed97ce5da81a8c069810d8
Apr 25 06:11:58 任务完成成功
Apr 25 06:11:59 去做任务5fed97ce5da81a8c069810d7
Apr 25 06:11:59 任务完成成功
Apr 25 06:12:00 去做任务5fed97ce5da81a8c069810d6
Apr 25 06:12:01 任务完成成功
Apr 25 06:12:02 去做任务5fed97ce5da81a8c069810d5
Apr 25 06:12:02 任务完成成功
Apr 25 06:12:03 去做任务5fed97ce5da81a8c069810d4
Apr 25 06:12:03 任务完成成功
Apr 25 06:12:04 去做任务5ffbea8009fec446f7e505f7
Apr 25 06:12:04 任务完成成功
Apr 25 06:12:05 去做任务6000f97609fec446f7e50e01
Apr 25 06:12:05 任务完成成功
Apr 25 06:12:06 去做任务60064bfd8f6c83ec46a228e3
Apr 25 06:12:06 任务完成成功
Apr 25 06:12:07 当前幸福值：1418
Apr 25 06:12:07 京东家庭号
Apr 25 06:12:07 
Apr 25 06:12:07 京东账号6jd_EirxWEerdtmu
Apr 25 06:12:07 当前幸福值：1418
Apr 25 06:12:07 
Apr 25 06:12:07 🔔京东家庭号, 结束! 🕛 105.567 秒
Apr 25 06:12:07 
Apr 25 07:10:56 
Apr 25 07:10:56 🔔京东家庭号, 开始!
Apr 25 07:10:56 
Apr 25 07:10:56 ====================共6个京东账号Cookie=========
Apr 25 07:10:56 
Apr 25 07:10:56 ==================脚本执行- 北京时间(UTC+8)：4/25/2021, 7:10:56 AM=====================
Apr 25 07:10:56 
Apr 25 07:10:56 
Apr 25 07:10:56 ******开始【京东账号1】18337656372_p*********
Apr 25 07:10:56 
Apr 25 07:10:57 当前幸福值：5078
Apr 25 07:10:57 去做任务5fed97ce5da81a8c069810df
Apr 25 07:10:57 任务完成成功
Apr 25 07:10:58 去做任务600e29f6986178004811bdb0
Apr 25 07:10:58 任务完成失败，原因未知
Apr 25 07:10:59 去做任务5fed97ce5da81a8c069810de
Apr 25 07:10:59 任务完成失败，原因未知
Apr 25 07:11:00 179分钟可后做任务5fed97ce5da81a8c069810dd
Apr 25 07:11:00 当前幸福值：5080
Apr 25 07:11:00 京东家庭号
Apr 25 07:11:00 
Apr 25 07:11:00 京东账号118337656372_p
Apr 25 07:11:00 当前幸福值：5080
Apr 25 07:11:00 
Apr 25 07:11:00 ******开始【京东账号2】jd_MCazEJrLyuXn*********
Apr 25 07:11:00 
Apr 25 07:11:01 当前幸福值：0
Apr 25 07:11:01 去做任务5fed97ce5da81a8c069810df
Apr 25 07:11:01 任务完成失败，原因未知
Apr 25 07:11:02 去做任务600e29f6986178004811bdb0
Apr 25 07:11:02 任务完成失败，原因未知
Apr 25 07:11:03 去做任务5fed97ce5da81a8c069810de
Apr 25 07:11:03 任务完成失败，原因未知
Apr 25 07:11:04 去做任务5fed97ce5da81a8c069810dd
Apr 25 07:11:04 任务完成失败，原因未知
Apr 25 07:11:05 去做任务5fedbb7b5da81a8c06981156
Apr 25 07:11:05 任务完成失败，原因未知
Apr 25 07:11:06 去做任务5fedbb7b5da81a8c06981155
Apr 25 07:11:06 任务完成失败，原因未知
Apr 25 07:11:07 去做任务5fedbb7b5da81a8c06981154
Apr 25 07:11:07 任务完成失败，原因未知
Apr 25 07:11:09 去做任务60136fd7c73fea004a4036ff
Apr 25 07:11:09 任务完成失败，原因未知
Apr 25 07:11:10 去做任务60136fd7c73fea004a4036fe
Apr 25 07:11:10 任务完成失败，原因未知
Apr 25 07:11:11 去做任务5fed97ce5da81a8c069810da
Apr 25 07:11:11 任务完成失败，原因未知
Apr 25 07:11:12 去做任务5fed97ce5da81a8c069810d9
Apr 25 07:11:12 任务完成失败，原因未知
Apr 25 07:11:13 去做任务5fed97ce5da81a8c069810d8
Apr 25 07:11:13 任务完成失败，原因未知
Apr 25 07:11:14 去做任务5fed97ce5da81a8c069810d7
Apr 25 07:11:14 任务完成失败，原因未知
Apr 25 07:11:15 去做任务5fed97ce5da81a8c069810d6
Apr 25 07:11:15 任务完成失败，原因未知
Apr 25 07:11:16 去做任务5fed97ce5da81a8c069810d5
Apr 25 07:11:17 任务完成失败，原因未知
Apr 25 07:11:18 去做任务5fed97ce5da81a8c069810d4
Apr 25 07:11:18 任务完成失败，原因未知
Apr 25 07:11:19 去做任务5ffbea8009fec446f7e505f7
Apr 25 07:11:19 任务完成失败，原因未知
Apr 25 07:11:20 去做任务6000f97609fec446f7e50e01
Apr 25 07:11:20 任务完成失败，原因未知
Apr 25 07:11:21 去做任务60064bfd8f6c83ec46a228e3
Apr 25 07:11:21 任务完成失败，原因未知
Apr 25 07:11:22 当前幸福值：0
Apr 25 07:11:22 京东家庭号
Apr 25 07:11:22 
Apr 25 07:11:22 京东账号2jd_MCazEJrLyuXn
Apr 25 07:11:22 当前幸福值：0
Apr 25 07:11:22 
Apr 25 07:11:22 ******开始【京东账号3】鬼神之吕奉先*********
Apr 25 07:11:22 
Apr 25 07:11:23 当前幸福值：1662
Apr 25 07:11:23 去做任务5fed97ce5da81a8c069810df
Apr 25 07:11:23 任务完成成功
Apr 25 07:11:24 去做任务600e29f6986178004811bdb0
Apr 25 07:11:24 任务完成失败，原因未知
Apr 25 07:11:25 去做任务5fed97ce5da81a8c069810de
Apr 25 07:11:25 任务完成失败，原因未知
Apr 25 07:11:26 179分钟可后做任务5fed97ce5da81a8c069810dd
Apr 25 07:11:26 当前幸福值：1664
Apr 25 07:11:26 京东家庭号
Apr 25 07:11:26 
Apr 25 07:11:26 京东账号3鬼神之吕奉先
Apr 25 07:11:26 当前幸福值：1664
Apr 25 07:11:26 
Apr 25 07:11:26 ******开始【京东账号4】jd_6ba76f15069fd*********
Apr 25 07:11:26 
Apr 25 07:11:27 当前幸福值：1662
Apr 25 07:11:27 去做任务5fed97ce5da81a8c069810df
Apr 25 07:11:27 任务完成成功
Apr 25 07:11:28 去做任务600e29f6986178004811bdb0
Apr 25 07:11:28 任务完成失败，原因未知
Apr 25 07:11:29 去做任务5fed97ce5da81a8c069810de
Apr 25 07:11:29 任务完成失败，原因未知
Apr 25 07:11:30 179分钟可后做任务5fed97ce5da81a8c069810dd
Apr 25 07:11:30 当前幸福值：1664
Apr 25 07:11:30 京东家庭号
Apr 25 07:11:30 
Apr 25 07:11:30 京东账号4jd_6ba76f15069fd
Apr 25 07:11:30 当前幸福值：1664
Apr 25 07:11:30 
Apr 25 07:11:30 ******开始【京东账号5】jd_46928899fcc30*********
Apr 25 07:11:30 
Apr 25 07:11:30 当前幸福值：1662
Apr 25 07:11:30 去做任务5fed97ce5da81a8c069810df
Apr 25 07:11:31 任务完成成功
Apr 25 07:11:32 去做任务600e29f6986178004811bdb0
Apr 25 07:11:32 任务完成失败，原因未知
Apr 25 07:11:33 去做任务5fed97ce5da81a8c069810de
Apr 25 07:11:33 任务完成失败，原因未知
Apr 25 07:11:34 180分钟可后做任务5fed97ce5da81a8c069810dd
Apr 25 07:11:34 当前幸福值：1664
Apr 25 07:11:34 京东家庭号
Apr 25 07:11:34 
Apr 25 07:11:34 京东账号5jd_46928899fcc30
Apr 25 07:11:34 当前幸福值：1664
Apr 25 07:11:34 
Apr 25 07:11:34 ******开始【京东账号6】jd_EirxWEerdtmu*********
Apr 25 07:11:34 
Apr 25 07:11:34 当前幸福值：1418
Apr 25 07:11:34 去做任务5fed97ce5da81a8c069810df
Apr 25 07:11:35 任务完成成功
Apr 25 07:11:36 去做任务600e29f6986178004811bdb0
Apr 25 07:11:36 任务完成失败，原因未知
Apr 25 07:11:37 去做任务5fed97ce5da81a8c069810de
Apr 25 07:11:37 任务完成失败，原因未知
Apr 25 07:11:38 180分钟可后做任务5fed97ce5da81a8c069810dd
Apr 25 07:11:38 当前幸福值：1420
Apr 25 07:11:38 京东家庭号
Apr 25 07:11:38 
Apr 25 07:11:38 京东账号6jd_EirxWEerdtmu
Apr 25 07:11:38 当前幸福值：1420
Apr 25 07:11:38 
Apr 25 07:11:38 🔔京东家庭号, 结束! 🕛 42.027 秒
Apr 25 07:11:38 
Apr 26 06:10:22 
Apr 26 06:10:22 🔔京东家庭号, 开始!
Apr 26 06:10:22 
Apr 26 06:10:22 ====================共6个京东账号Cookie=========
Apr 26 06:10:22 
Apr 26 06:10:22 ==================脚本执行- 北京时间(UTC+8)：4/26/2021, 6:10:22 AM=====================
Apr 26 06:10:22 
Apr 26 06:10:22 
Apr 26 06:10:22 ******开始【京东账号1】18337656372_p*********
Apr 26 06:10:22 
Apr 26 06:10:23 当前幸福值：5200
Apr 26 06:10:23 去做任务5fed97ce5da81a8c069810df
Apr 26 06:10:23 任务完成成功
Apr 26 06:10:24 去做任务600e29f6986178004811bdb0
Apr 26 06:10:24 任务完成失败，原因未知
Apr 26 06:10:25 去做任务5fed97ce5da81a8c069810dd
Apr 26 06:10:25 任务完成失败，原因未知
Apr 26 06:10:26 去做任务5fed97ce5da81a8c069810da
Apr 26 06:10:26 任务完成成功
Apr 26 06:10:27 去做任务5fed97ce5da81a8c069810d9
Apr 26 06:10:27 任务完成成功
Apr 26 06:10:28 去做任务5fed97ce5da81a8c069810d8
Apr 26 06:10:29 任务完成成功
Apr 26 06:10:30 去做任务5fed97ce5da81a8c069810d7
Apr 26 06:10:30 任务完成成功
Apr 26 06:10:31 去做任务5fed97ce5da81a8c069810d6
Apr 26 06:10:31 任务完成成功
Apr 26 06:10:32 去做任务5fed97ce5da81a8c069810d5
Apr 26 06:10:32 任务完成成功
Apr 26 06:10:33 去做任务5fed97ce5da81a8c069810d4
Apr 26 06:10:33 任务完成成功
Apr 26 06:10:34 去做任务5ffbea8009fec446f7e505f7
Apr 26 06:10:34 任务完成成功
Apr 26 06:10:35 去做任务6000f97609fec446f7e50e01
Apr 26 06:10:35 任务完成成功
Apr 26 06:10:36 去做任务60064bfd8f6c83ec46a228e3
Apr 26 06:10:37 任务完成成功
Apr 26 06:10:38 当前幸福值：5402
Apr 26 06:10:38 京东家庭号
Apr 26 06:10:38 
Apr 26 06:10:38 京东账号118337656372_p
Apr 26 06:10:38 当前幸福值：5402
Apr 26 06:10:38 
Apr 26 06:10:38 ******开始【京东账号2】jd_MCazEJrLyuXn*********
Apr 26 06:10:38 
Apr 26 06:10:38 当前幸福值：0
Apr 26 06:10:38 去做任务5fed97ce5da81a8c069810df
Apr 26 06:10:38 任务完成失败，原因未知
Apr 26 06:10:39 去做任务600e29f6986178004811bdb0
Apr 26 06:10:39 任务完成失败，原因未知
Apr 26 06:10:40 去做任务5fed97ce5da81a8c069810de
Apr 26 06:10:41 任务完成失败，原因未知
Apr 26 06:10:42 去做任务5fed97ce5da81a8c069810dd
Apr 26 06:10:42 任务完成失败，原因未知
Apr 26 06:10:43 去做任务5fedbb7b5da81a8c06981156
Apr 26 06:10:43 任务完成失败，原因未知
Apr 26 06:10:44 去做任务5fedbb7b5da81a8c06981155
Apr 26 06:10:44 任务完成失败，原因未知
Apr 26 06:10:45 去做任务5fedbb7b5da81a8c06981154
Apr 26 06:10:45 任务完成失败，原因未知
Apr 26 06:10:46 去做任务60136fd7c73fea004a4036ff
Apr 26 06:10:46 任务完成失败，原因未知
Apr 26 06:10:47 去做任务60136fd7c73fea004a4036fe
Apr 26 06:10:47 任务完成失败，原因未知
Apr 26 06:10:48 去做任务5fed97ce5da81a8c069810da
Apr 26 06:10:48 任务完成失败，原因未知
Apr 26 06:10:49 去做任务5fed97ce5da81a8c069810d9
Apr 26 06:10:50 任务完成失败，原因未知
Apr 26 06:10:51 去做任务5fed97ce5da81a8c069810d8
Apr 26 06:10:51 任务完成失败，原因未知
Apr 26 06:10:52 去做任务5fed97ce5da81a8c069810d7
Apr 26 06:10:52 任务完成失败，原因未知
Apr 26 06:10:53 去做任务5fed97ce5da81a8c069810d6
Apr 26 06:10:53 任务完成失败，原因未知
Apr 26 06:10:54 去做任务5fed97ce5da81a8c069810d5
Apr 26 06:10:54 任务完成失败，原因未知
Apr 26 06:10:55 去做任务5fed97ce5da81a8c069810d4
Apr 26 06:10:55 任务完成失败，原因未知
Apr 26 06:10:56 去做任务5ffbea8009fec446f7e505f7
Apr 26 06:10:56 任务完成失败，原因未知
Apr 26 06:10:57 去做任务6000f97609fec446f7e50e01
Apr 26 06:10:57 任务完成失败，原因未知
Apr 26 06:10:58 去做任务60064bfd8f6c83ec46a228e3
Apr 26 06:10:59 任务完成失败，原因未知
Apr 26 06:11:00 当前幸福值：0
Apr 26 06:11:00 京东家庭号
Apr 26 06:11:00 
Apr 26 06:11:00 京东账号2jd_MCazEJrLyuXn
Apr 26 06:11:00 当前幸福值：0
Apr 26 06:11:00 
Apr 26 06:11:00 ******开始【京东账号3】鬼神之吕奉先*********
Apr 26 06:11:00 
Apr 26 06:11:00 当前幸福值：1664
Apr 26 06:11:00 去做任务5fed97ce5da81a8c069810df
Apr 26 06:11:00 任务完成成功
Apr 26 06:11:01 去做任务600e29f6986178004811bdb0
Apr 26 06:11:01 任务完成失败，原因未知
Apr 26 06:11:02 去做任务5fed97ce5da81a8c069810de
Apr 26 06:11:03 任务完成失败，原因未知
Apr 26 06:11:04 去做任务5fed97ce5da81a8c069810dd
Apr 26 06:11:04 任务完成成功
Apr 26 06:11:05 去做任务5fed97ce5da81a8c069810da
Apr 26 06:11:05 任务完成成功
Apr 26 06:11:06 去做任务5fed97ce5da81a8c069810d9
Apr 26 06:11:06 任务完成成功
Apr 26 06:11:07 去做任务5fed97ce5da81a8c069810d8
Apr 26 06:11:07 任务完成成功
Apr 26 06:11:08 去做任务5fed97ce5da81a8c069810d7
Apr 26 06:11:08 任务完成成功
Apr 26 06:11:09 去做任务5fed97ce5da81a8c069810d6
Apr 26 06:11:10 任务完成成功
Apr 26 06:11:11 去做任务5fed97ce5da81a8c069810d5
Apr 26 06:11:11 任务完成成功
Apr 26 06:11:12 去做任务5fed97ce5da81a8c069810d4
Apr 26 06:11:12 任务完成成功
Apr 26 06:11:13 去做任务5ffbea8009fec446f7e505f7
Apr 26 06:11:13 任务完成成功
Apr 26 06:11:14 去做任务6000f97609fec446f7e50e01
Apr 26 06:11:14 任务完成成功
Apr 26 06:11:15 去做任务60064bfd8f6c83ec46a228e3
Apr 26 06:11:15 任务完成成功
Apr 26 06:11:17 当前幸福值：1906
Apr 26 06:11:17 京东家庭号
Apr 26 06:11:17 
Apr 26 06:11:17 京东账号3鬼神之吕奉先
Apr 26 06:11:17 当前幸福值：1906
Apr 26 06:11:17 
Apr 26 06:11:17 ******开始【京东账号4】jd_6ba76f15069fd*********
Apr 26 06:11:17 
Apr 26 06:11:17 当前幸福值：1664
Apr 26 06:11:17 去做任务5fed97ce5da81a8c069810df
Apr 26 06:11:17 任务完成成功
Apr 26 06:11:18 去做任务600e29f6986178004811bdb0
Apr 26 06:11:18 任务完成失败，原因未知
Apr 26 06:11:19 去做任务5fed97ce5da81a8c069810de
Apr 26 06:11:19 任务完成失败，原因未知
Apr 26 06:11:20 去做任务5fed97ce5da81a8c069810dd
Apr 26 06:11:21 任务完成成功
Apr 26 06:11:22 去做任务5fed97ce5da81a8c069810da
Apr 26 06:11:22 任务完成成功
Apr 26 06:11:23 去做任务5fed97ce5da81a8c069810d9
Apr 26 06:11:23 任务完成成功
Apr 26 06:11:24 去做任务5fed97ce5da81a8c069810d8
Apr 26 06:11:24 任务完成成功
Apr 26 06:11:25 去做任务5fed97ce5da81a8c069810d7
Apr 26 06:11:25 任务完成成功
Apr 26 06:11:26 去做任务5fed97ce5da81a8c069810d6
Apr 26 06:11:26 任务完成成功
Apr 26 06:11:27 去做任务5fed97ce5da81a8c069810d5
Apr 26 06:11:27 任务完成成功
Apr 26 06:11:28 去做任务5fed97ce5da81a8c069810d4
Apr 26 06:11:29 任务完成成功
Apr 26 06:11:30 去做任务5ffbea8009fec446f7e505f7
Apr 26 06:11:30 任务完成成功
Apr 26 06:11:31 去做任务6000f97609fec446f7e50e01
Apr 26 06:11:31 任务完成成功
Apr 26 06:11:32 去做任务60064bfd8f6c83ec46a228e3
Apr 26 06:11:32 任务完成成功
Apr 26 06:11:33 当前幸福值：1906
Apr 26 06:11:33 京东家庭号
Apr 26 06:11:33 
Apr 26 06:11:33 京东账号4jd_6ba76f15069fd
Apr 26 06:11:33 当前幸福值：1906
Apr 26 06:11:33 
Apr 26 06:11:33 ******开始【京东账号5】jd_46928899fcc30*********
Apr 26 06:11:33 
Apr 26 06:11:34 当前幸福值：1664
Apr 26 06:11:34 去做任务5fed97ce5da81a8c069810df
Apr 26 06:11:34 任务完成成功
Apr 26 06:11:35 去做任务600e29f6986178004811bdb0
Apr 26 06:11:35 任务完成失败，原因未知
Apr 26 06:11:36 去做任务5fed97ce5da81a8c069810de
Apr 26 06:11:36 任务完成失败，原因未知
Apr 26 06:11:37 去做任务5fed97ce5da81a8c069810dd
Apr 26 06:11:37 任务完成成功
Apr 26 06:11:38 去做任务5fed97ce5da81a8c069810da
Apr 26 06:11:38 任务完成成功
Apr 26 06:11:39 去做任务5fed97ce5da81a8c069810d9
Apr 26 06:11:40 任务完成成功
Apr 26 06:11:41 去做任务5fed97ce5da81a8c069810d8
Apr 26 06:11:41 任务完成成功
Apr 26 06:11:42 去做任务5fed97ce5da81a8c069810d7
Apr 26 06:11:42 任务完成成功
Apr 26 06:11:43 去做任务5fed97ce5da81a8c069810d6
Apr 26 06:11:43 任务完成成功
Apr 26 06:11:44 去做任务5fed97ce5da81a8c069810d5
Apr 26 06:11:44 任务完成成功
Apr 26 06:11:45 去做任务5fed97ce5da81a8c069810d4
Apr 26 06:11:45 任务完成成功
Apr 26 06:11:46 去做任务5ffbea8009fec446f7e505f7
Apr 26 06:11:46 任务完成成功
Apr 26 06:11:47 去做任务6000f97609fec446f7e50e01
Apr 26 06:11:48 任务完成成功
Apr 26 06:11:49 去做任务60064bfd8f6c83ec46a228e3
Apr 26 06:11:49 任务完成成功
Apr 26 06:11:50 当前幸福值：1906
Apr 26 06:11:50 京东家庭号
Apr 26 06:11:50 
Apr 26 06:11:50 京东账号5jd_46928899fcc30
Apr 26 06:11:50 当前幸福值：1906
Apr 26 06:11:50 
Apr 26 06:11:50 ******开始【京东账号6】jd_EirxWEerdtmu*********
Apr 26 06:11:50 
Apr 26 06:11:50 当前幸福值：1420
Apr 26 06:11:50 去做任务5fed97ce5da81a8c069810df
Apr 26 06:11:50 任务完成成功
Apr 26 06:11:51 去做任务600e29f6986178004811bdb0
Apr 26 06:11:52 任务完成失败，原因未知
Apr 26 06:11:53 去做任务5fed97ce5da81a8c069810de
Apr 26 06:11:53 任务完成失败，原因未知
Apr 26 06:11:54 去做任务5fed97ce5da81a8c069810dd
Apr 26 06:11:54 任务完成成功
Apr 26 06:11:55 去做任务5fed97ce5da81a8c069810da
Apr 26 06:11:55 任务完成成功
Apr 26 06:11:56 去做任务5fed97ce5da81a8c069810d9
Apr 26 06:11:56 任务完成成功
Apr 26 06:11:57 去做任务5fed97ce5da81a8c069810d8
Apr 26 06:11:57 任务完成成功
Apr 26 06:11:58 去做任务5fed97ce5da81a8c069810d7
Apr 26 06:11:59 任务完成成功
Apr 26 06:12:00 去做任务5fed97ce5da81a8c069810d6
Apr 26 06:12:00 任务完成成功
Apr 26 06:12:01 去做任务5fed97ce5da81a8c069810d5
Apr 26 06:12:01 任务完成成功
Apr 26 06:12:02 去做任务5fed97ce5da81a8c069810d4
Apr 26 06:12:02 任务完成成功
Apr 26 06:12:03 去做任务5ffbea8009fec446f7e505f7
Apr 26 06:12:03 任务完成成功
Apr 26 06:12:04 去做任务6000f97609fec446f7e50e01
Apr 26 06:12:04 任务完成成功
Apr 26 06:12:05 去做任务60064bfd8f6c83ec46a228e3
Apr 26 06:12:05 任务完成成功
Apr 26 06:12:07 当前幸福值：1662
Apr 26 06:12:07 京东家庭号
Apr 26 06:12:07 
Apr 26 06:12:07 京东账号6jd_EirxWEerdtmu
Apr 26 06:12:07 当前幸福值：1662
Apr 26 06:12:07 
Apr 26 06:12:07 🔔京东家庭号, 结束! 🕛 104.539 秒
Apr 26 06:12:07 
Apr 26 07:10:55 
Apr 26 07:10:55 🔔京东家庭号, 开始!
Apr 26 07:10:55 
Apr 26 07:10:55 ====================共6个京东账号Cookie=========
Apr 26 07:10:55 
Apr 26 07:10:55 ==================脚本执行- 北京时间(UTC+8)：4/26/2021, 7:10:55 AM=====================
Apr 26 07:10:55 
Apr 26 07:10:56 
Apr 26 07:10:56 ******开始【京东账号1】18337656372_p*********
Apr 26 07:10:56 
Apr 26 07:10:56 当前幸福值：5402
Apr 26 07:10:56 去做任务5fed97ce5da81a8c069810df
Apr 26 07:10:56 任务完成成功
Apr 26 07:10:57 去做任务600e29f6986178004811bdb0
Apr 26 07:10:57 任务完成失败，原因未知
Apr 26 07:10:58 去做任务5fed97ce5da81a8c069810dd
Apr 26 07:10:58 任务完成失败，原因未知
Apr 26 07:10:59 当前幸福值：5404
Apr 26 07:10:59 京东家庭号
Apr 26 07:10:59 
Apr 26 07:10:59 京东账号118337656372_p
Apr 26 07:10:59 当前幸福值：5404
Apr 26 07:11:00 
Apr 26 07:11:00 ******开始【京东账号2】jd_MCazEJrLyuXn*********
Apr 26 07:11:00 
Apr 26 07:11:00 当前幸福值：0
Apr 26 07:11:00 去做任务5fed97ce5da81a8c069810df
Apr 26 07:11:00 任务完成失败，原因未知
Apr 26 07:11:01 去做任务600e29f6986178004811bdb0
Apr 26 07:11:01 任务完成失败，原因未知
Apr 26 07:11:02 去做任务5fed97ce5da81a8c069810de
Apr 26 07:11:02 任务完成失败，原因未知
Apr 26 07:11:03 去做任务5fed97ce5da81a8c069810dd
Apr 26 07:11:03 任务完成失败，原因未知
Apr 26 07:11:04 去做任务5fedbb7b5da81a8c06981156
Apr 26 07:11:04 任务完成失败，原因未知
Apr 26 07:11:05 去做任务5fedbb7b5da81a8c06981155
Apr 26 07:11:06 任务完成失败，原因未知
Apr 26 07:11:07 去做任务5fedbb7b5da81a8c06981154
Apr 26 07:11:07 任务完成失败，原因未知
Apr 26 07:11:08 去做任务60136fd7c73fea004a4036ff
Apr 26 07:11:08 任务完成失败，原因未知
Apr 26 07:11:09 去做任务60136fd7c73fea004a4036fe
Apr 26 07:11:09 任务完成失败，原因未知
Apr 26 07:11:10 去做任务5fed97ce5da81a8c069810da
Apr 26 07:11:10 任务完成失败，原因未知
Apr 26 07:11:11 去做任务5fed97ce5da81a8c069810d9
Apr 26 07:11:11 任务完成失败，原因未知
Apr 26 07:11:12 去做任务5fed97ce5da81a8c069810d8
Apr 26 07:11:12 任务完成失败，原因未知
Apr 26 07:11:13 去做任务5fed97ce5da81a8c069810d7
Apr 26 07:11:13 任务完成失败，原因未知
Apr 26 07:11:14 去做任务5fed97ce5da81a8c069810d6
Apr 26 07:11:15 任务完成失败，原因未知
Apr 26 07:11:16 去做任务5fed97ce5da81a8c069810d5
Apr 26 07:11:16 任务完成失败，原因未知
Apr 26 07:11:17 去做任务5fed97ce5da81a8c069810d4
Apr 26 07:11:17 任务完成失败，原因未知
Apr 26 07:11:18 去做任务5ffbea8009fec446f7e505f7
Apr 26 07:11:18 任务完成失败，原因未知
Apr 26 07:11:19 去做任务6000f97609fec446f7e50e01
Apr 26 07:11:19 任务完成失败，原因未知
Apr 26 07:11:20 去做任务60064bfd8f6c83ec46a228e3
Apr 26 07:11:20 任务完成失败，原因未知
Apr 26 07:11:21 当前幸福值：0
Apr 26 07:11:21 京东家庭号
Apr 26 07:11:21 
Apr 26 07:11:21 京东账号2jd_MCazEJrLyuXn
Apr 26 07:11:21 当前幸福值：0
Apr 26 07:11:21 
Apr 26 07:11:21 ******开始【京东账号3】鬼神之吕奉先*********
Apr 26 07:11:21 
Apr 26 07:11:22 当前幸福值：1906
Apr 26 07:11:22 去做任务5fed97ce5da81a8c069810df
Apr 26 07:11:22 任务完成成功
Apr 26 07:11:23 去做任务600e29f6986178004811bdb0
Apr 26 07:11:23 任务完成失败，原因未知
Apr 26 07:11:24 去做任务5fed97ce5da81a8c069810de
Apr 26 07:11:24 任务完成失败，原因未知
Apr 26 07:11:25 179分钟可后做任务5fed97ce5da81a8c069810dd
Apr 26 07:11:25 当前幸福值：1908
Apr 26 07:11:25 京东家庭号
Apr 26 07:11:25 
Apr 26 07:11:25 京东账号3鬼神之吕奉先
Apr 26 07:11:25 当前幸福值：1908
Apr 26 07:11:25 
Apr 26 07:11:25 ******开始【京东账号4】jd_6ba76f15069fd*********
Apr 26 07:11:25 
Apr 26 07:11:26 当前幸福值：1906
Apr 26 07:11:26 去做任务5fed97ce5da81a8c069810df
Apr 26 07:11:26 任务完成成功
Apr 26 07:11:27 去做任务600e29f6986178004811bdb0
Apr 26 07:11:27 任务完成失败，原因未知
Apr 26 07:11:28 去做任务5fed97ce5da81a8c069810de
Apr 26 07:11:28 任务完成失败，原因未知
Apr 26 07:11:29 179分钟可后做任务5fed97ce5da81a8c069810dd
Apr 26 07:11:29 当前幸福值：1908
Apr 26 07:11:29 京东家庭号
Apr 26 07:11:29 
Apr 26 07:11:29 京东账号4jd_6ba76f15069fd
Apr 26 07:11:29 当前幸福值：1908
Apr 26 07:11:29 
Apr 26 07:11:29 ******开始【京东账号5】jd_46928899fcc30*********
Apr 26 07:11:29 
Apr 26 07:11:30 当前幸福值：1906
Apr 26 07:11:30 去做任务5fed97ce5da81a8c069810df
Apr 26 07:11:30 任务完成成功
Apr 26 07:11:31 去做任务600e29f6986178004811bdb0
Apr 26 07:11:31 任务完成失败，原因未知
Apr 26 07:11:32 去做任务5fed97ce5da81a8c069810de
Apr 26 07:11:32 任务完成失败，原因未知
Apr 26 07:11:33 180分钟可后做任务5fed97ce5da81a8c069810dd
Apr 26 07:11:33 当前幸福值：1908
Apr 26 07:11:33 京东家庭号
Apr 26 07:11:33 
Apr 26 07:11:33 京东账号5jd_46928899fcc30
Apr 26 07:11:33 当前幸福值：1908
Apr 26 07:11:33 
Apr 26 07:11:33 ******开始【京东账号6】jd_EirxWEerdtmu*********
Apr 26 07:11:33 
Apr 26 07:11:34 当前幸福值：1662
Apr 26 07:11:34 去做任务5fed97ce5da81a8c069810df
Apr 26 07:11:34 任务完成成功
Apr 26 07:11:35 去做任务600e29f6986178004811bdb0
Apr 26 07:11:35 任务完成失败，原因未知
Apr 26 07:11:36 去做任务5fed97ce5da81a8c069810de
Apr 26 07:11:36 任务完成失败，原因未知
Apr 26 07:11:37 180分钟可后做任务5fed97ce5da81a8c069810dd
Apr 26 07:11:37 当前幸福值：1664
Apr 26 07:11:37 京东家庭号
Apr 26 07:11:37 
Apr 26 07:11:37 京东账号6jd_EirxWEerdtmu
Apr 26 07:11:37 当前幸福值：1664
Apr 26 07:11:37 
Apr 26 07:11:37 🔔京东家庭号, 结束! 🕛 42.038 秒
Apr 26 07:11:37 
Apr 27 06:10:44 
Apr 27 06:10:44 🔔京东家庭号, 开始!
Apr 27 06:10:44 
Apr 27 06:10:44 ====================共6个京东账号Cookie=========
Apr 27 06:10:44 
Apr 27 06:10:44 ==================脚本执行- 北京时间(UTC+8)：4/27/2021, 6:10:44 AM=====================
Apr 27 06:10:44 
Apr 27 06:10:44 
Apr 27 06:10:44 ******开始【京东账号1】18337656372_p*********
Apr 27 06:10:44 
Apr 27 06:10:45 当前幸福值：5404
Apr 27 06:10:45 去做任务5fed97ce5da81a8c069810df
Apr 27 06:10:45 任务完成成功
Apr 27 06:10:46 去做任务600e29f6986178004811bdb0
Apr 27 06:10:46 任务完成失败，原因未知
Apr 27 06:10:47 去做任务5fed97ce5da81a8c069810de
Apr 27 06:10:47 任务完成失败，原因未知
Apr 27 06:10:48 去做任务5fed97ce5da81a8c069810dd
Apr 27 06:10:48 任务完成成功
Apr 27 06:10:49 去做任务5fed97ce5da81a8c069810da
Apr 27 06:10:49 任务完成成功
Apr 27 06:10:50 去做任务5fed97ce5da81a8c069810d9
Apr 27 06:10:51 任务完成成功
Apr 27 06:10:52 去做任务5fed97ce5da81a8c069810d8
Apr 27 06:10:52 任务完成成功
Apr 27 06:10:53 去做任务5fed97ce5da81a8c069810d7
Apr 27 06:10:53 任务完成成功
Apr 27 06:10:54 去做任务5fed97ce5da81a8c069810d6
Apr 27 06:10:54 任务完成成功
Apr 27 06:10:55 去做任务5fed97ce5da81a8c069810d5
Apr 27 06:10:55 任务完成成功
Apr 27 06:10:56 去做任务5fed97ce5da81a8c069810d4
Apr 27 06:10:56 任务完成成功
Apr 27 06:10:57 去做任务5ffbea8009fec446f7e505f7
Apr 27 06:10:58 任务完成成功
Apr 27 06:10:59 去做任务6000f97609fec446f7e50e01
Apr 27 06:10:59 任务完成成功
Apr 27 06:11:00 去做任务60064bfd8f6c83ec46a228e3
Apr 27 06:11:00 任务完成成功
Apr 27 06:11:01 当前幸福值：5646
Apr 27 06:11:01 京东家庭号
Apr 27 06:11:01 
Apr 27 06:11:01 京东账号118337656372_p
Apr 27 06:11:01 当前幸福值：5646
Apr 27 06:11:01 
Apr 27 06:11:01 ******开始【京东账号2】jd_MCazEJrLyuXn*********
Apr 27 06:11:01 
Apr 27 06:11:02 当前幸福值：1176
Apr 27 06:11:02 去做任务5fed97ce5da81a8c069810df
Apr 27 06:11:02 任务完成成功
Apr 27 06:11:03 去做任务600e29f6986178004811bdb0
Apr 27 06:11:03 任务完成失败，原因未知
Apr 27 06:11:04 去做任务5fed97ce5da81a8c069810de
Apr 27 06:11:04 任务完成失败，原因未知
Apr 27 06:11:05 去做任务5fed97ce5da81a8c069810dd
Apr 27 06:11:05 任务完成成功
Apr 27 06:11:06 去做任务5fed97ce5da81a8c069810da
Apr 27 06:11:06 任务完成成功
Apr 27 06:11:07 去做任务5fed97ce5da81a8c069810d9
Apr 27 06:11:07 任务完成成功
Apr 27 06:11:08 去做任务5fed97ce5da81a8c069810d8
Apr 27 06:11:09 任务完成成功
Apr 27 06:11:10 去做任务5fed97ce5da81a8c069810d7
Apr 27 06:11:10 任务完成成功
Apr 27 06:11:11 去做任务5fed97ce5da81a8c069810d6
Apr 27 06:11:11 任务完成成功
Apr 27 06:11:12 去做任务5fed97ce5da81a8c069810d5
Apr 27 06:11:12 任务完成成功
Apr 27 06:11:13 去做任务5fed97ce5da81a8c069810d4
Apr 27 06:11:13 任务完成成功
Apr 27 06:11:14 去做任务5ffbea8009fec446f7e505f7
Apr 27 06:11:14 任务完成成功
Apr 27 06:11:15 去做任务6000f97609fec446f7e50e01
Apr 27 06:11:15 任务完成成功
Apr 27 06:11:16 去做任务60064bfd8f6c83ec46a228e3
Apr 27 06:11:17 任务完成成功
Apr 27 06:11:18 当前幸福值：1418
Apr 27 06:11:18 京东家庭号
Apr 27 06:11:18 
Apr 27 06:11:18 京东账号2jd_MCazEJrLyuXn
Apr 27 06:11:18 当前幸福值：1418
Apr 27 06:11:18 
Apr 27 06:11:18 ******开始【京东账号3】鬼神之吕奉先*********
Apr 27 06:11:18 
Apr 27 06:11:18 当前幸福值：1908
Apr 27 06:11:18 去做任务5fed97ce5da81a8c069810df
Apr 27 06:11:18 任务完成成功
Apr 27 06:11:19 去做任务600e29f6986178004811bdb0
Apr 27 06:11:19 任务完成失败，原因未知
Apr 27 06:11:20 去做任务5fed97ce5da81a8c069810de
Apr 27 06:11:21 任务完成失败，原因未知
Apr 27 06:11:22 去做任务5fed97ce5da81a8c069810dd
Apr 27 06:11:22 任务完成成功
Apr 27 06:11:23 去做任务5fed97ce5da81a8c069810da
Apr 27 06:11:23 任务完成成功
Apr 27 06:11:24 去做任务5fed97ce5da81a8c069810d9
Apr 27 06:11:24 任务完成成功
Apr 27 06:11:25 去做任务5fed97ce5da81a8c069810d8
Apr 27 06:11:25 任务完成成功
Apr 27 06:11:26 去做任务5fed97ce5da81a8c069810d7
Apr 27 06:11:26 任务完成成功
Apr 27 06:11:27 去做任务5fed97ce5da81a8c069810d6
Apr 27 06:11:28 任务完成成功
Apr 27 06:11:29 去做任务5fed97ce5da81a8c069810d5
Apr 27 06:11:29 任务完成成功
Apr 27 06:11:30 去做任务5fed97ce5da81a8c069810d4
Apr 27 06:11:30 任务完成成功
Apr 27 06:11:31 去做任务5ffbea8009fec446f7e505f7
Apr 27 06:11:31 任务完成成功
Apr 27 06:11:32 去做任务6000f97609fec446f7e50e01
Apr 27 06:11:32 任务完成成功
Apr 27 06:11:33 去做任务60064bfd8f6c83ec46a228e3
Apr 27 06:11:33 任务完成成功
Apr 27 06:11:34 当前幸福值：2150
Apr 27 06:11:34 京东家庭号
Apr 27 06:11:34 
Apr 27 06:11:34 京东账号3鬼神之吕奉先
Apr 27 06:11:34 当前幸福值：2150
Apr 27 06:11:35 
Apr 27 06:11:35 ******开始【京东账号4】jd_6ba76f15069fd*********
Apr 27 06:11:35 
Apr 27 06:11:35 当前幸福值：1908
Apr 27 06:11:35 去做任务5fed97ce5da81a8c069810df
Apr 27 06:11:35 任务完成成功
Apr 27 06:11:36 去做任务600e29f6986178004811bdb0
Apr 27 06:11:36 任务完成失败，原因未知
Apr 27 06:11:37 去做任务5fed97ce5da81a8c069810de
Apr 27 06:11:37 任务完成失败，原因未知
Apr 27 06:11:38 去做任务5fed97ce5da81a8c069810dd
Apr 27 06:11:38 任务完成成功
Apr 27 06:11:39 去做任务5fed97ce5da81a8c069810da
Apr 27 06:11:40 任务完成成功
Apr 27 06:11:41 去做任务5fed97ce5da81a8c069810d9
Apr 27 06:11:41 任务完成成功
Apr 27 06:11:42 去做任务5fed97ce5da81a8c069810d8
Apr 27 06:11:42 任务完成成功
Apr 27 06:11:43 去做任务5fed97ce5da81a8c069810d7
Apr 27 06:11:43 任务完成成功
Apr 27 06:11:44 去做任务5fed97ce5da81a8c069810d6
Apr 27 06:11:44 任务完成成功
Apr 27 06:11:45 去做任务5fed97ce5da81a8c069810d5
Apr 27 06:11:45 任务完成成功
Apr 27 06:11:46 去做任务5fed97ce5da81a8c069810d4
Apr 27 06:11:47 任务完成成功
Apr 27 06:11:48 去做任务5ffbea8009fec446f7e505f7
Apr 27 06:11:48 任务完成成功
Apr 27 06:11:49 去做任务6000f97609fec446f7e50e01
Apr 27 06:11:49 任务完成成功
Apr 27 06:11:50 去做任务60064bfd8f6c83ec46a228e3
Apr 27 06:11:50 任务完成成功
Apr 27 06:11:51 当前幸福值：2150
Apr 27 06:11:51 京东家庭号
Apr 27 06:11:51 
Apr 27 06:11:51 京东账号4jd_6ba76f15069fd
Apr 27 06:11:51 当前幸福值：2150
Apr 27 06:11:51 
Apr 27 06:11:51 ******开始【京东账号5】jd_46928899fcc30*********
Apr 27 06:11:51 
Apr 27 06:11:52 当前幸福值：1908
Apr 27 06:11:52 去做任务5fed97ce5da81a8c069810df
Apr 27 06:11:52 任务完成成功
Apr 27 06:11:53 去做任务600e29f6986178004811bdb0
Apr 27 06:11:53 任务完成失败，原因未知
Apr 27 06:11:54 去做任务5fed97ce5da81a8c069810de
Apr 27 06:11:54 任务完成失败，原因未知
Apr 27 06:11:55 去做任务5fed97ce5da81a8c069810dd
Apr 27 06:11:55 任务完成成功
Apr 27 06:11:56 去做任务5fed97ce5da81a8c069810da
Apr 27 06:11:56 任务完成成功
Apr 27 06:11:57 去做任务5fed97ce5da81a8c069810d9
Apr 27 06:11:57 任务完成成功
Apr 27 06:11:58 去做任务5fed97ce5da81a8c069810d8
Apr 27 06:11:59 任务完成成功
Apr 27 06:12:00 去做任务5fed97ce5da81a8c069810d7
Apr 27 06:12:00 任务完成成功
Apr 27 06:12:01 去做任务5fed97ce5da81a8c069810d6
Apr 27 06:12:01 任务完成成功
Apr 27 06:12:02 去做任务5fed97ce5da81a8c069810d5
Apr 27 06:12:02 任务完成成功
Apr 27 06:12:03 去做任务5fed97ce5da81a8c069810d4
Apr 27 06:12:03 任务完成成功
Apr 27 06:12:04 去做任务5ffbea8009fec446f7e505f7
Apr 27 06:12:04 任务完成成功
Apr 27 06:12:05 去做任务6000f97609fec446f7e50e01
Apr 27 06:12:06 任务完成成功
Apr 27 06:12:07 去做任务60064bfd8f6c83ec46a228e3
Apr 27 06:12:07 任务完成成功
Apr 27 06:12:08 当前幸福值：2150
Apr 27 06:12:08 京东家庭号
Apr 27 06:12:08 
Apr 27 06:12:08 京东账号5jd_46928899fcc30
Apr 27 06:12:08 当前幸福值：2150
Apr 27 06:12:08 
Apr 27 06:12:08 ******开始【京东账号6】jd_EirxWEerdtmu*********
Apr 27 06:12:08 
Apr 27 06:12:08 当前幸福值：0
Apr 27 06:12:08 去做任务5fed97ce5da81a8c069810df
Apr 27 06:12:08 任务完成失败，原因未知
Apr 27 06:12:09 去做任务600e29f6986178004811bdb0
Apr 27 06:12:09 任务完成失败，原因未知
Apr 27 06:12:10 去做任务5fed97ce5da81a8c069810de
Apr 27 06:12:11 任务完成失败，原因未知
Apr 27 06:12:12 去做任务5fed97ce5da81a8c069810dd
Apr 27 06:12:12 任务完成失败，原因未知
Apr 27 06:12:13 去做任务5fedbb7b5da81a8c06981156
Apr 27 06:12:13 任务完成失败，原因未知
Apr 27 06:12:14 去做任务5fedbb7b5da81a8c06981155
Apr 27 06:12:14 任务完成失败，原因未知
Apr 27 06:12:15 去做任务5fedbb7b5da81a8c06981154
Apr 27 06:12:15 任务完成失败，原因未知
Apr 27 06:12:16 去做任务60136fd7c73fea004a4036ff
Apr 27 06:12:16 任务完成失败，原因未知
Apr 27 06:12:17 去做任务60136fd7c73fea004a4036fe
Apr 27 06:12:17 任务完成失败，原因未知
Apr 27 06:12:18 去做任务5fed97ce5da81a8c069810da
Apr 27 06:12:18 任务完成失败，原因未知
Apr 27 06:12:19 去做任务5fed97ce5da81a8c069810d9
Apr 27 06:12:20 任务完成失败，原因未知
Apr 27 06:12:21 去做任务5fed97ce5da81a8c069810d8
Apr 27 06:12:21 任务完成失败，原因未知
Apr 27 06:12:22 去做任务5fed97ce5da81a8c069810d7
Apr 27 06:12:22 任务完成失败，原因未知
Apr 27 06:12:23 去做任务5fed97ce5da81a8c069810d6
Apr 27 06:12:23 任务完成失败，原因未知
Apr 27 06:12:24 去做任务5fed97ce5da81a8c069810d5
Apr 27 06:12:24 任务完成失败，原因未知
Apr 27 06:12:25 去做任务5fed97ce5da81a8c069810d4
Apr 27 06:12:25 任务完成失败，原因未知
Apr 27 06:12:26 去做任务5ffbea8009fec446f7e505f7
Apr 27 06:12:26 任务完成失败，原因未知
Apr 27 06:12:27 去做任务6000f97609fec446f7e50e01
Apr 27 06:12:28 任务完成失败，原因未知
Apr 27 06:12:29 去做任务60064bfd8f6c83ec46a228e3
Apr 27 06:12:29 任务完成失败，原因未知
Apr 27 06:12:30 当前幸福值：0
Apr 27 06:12:30 京东家庭号
Apr 27 06:12:30 
Apr 27 06:12:30 京东账号6jd_EirxWEerdtmu
Apr 27 06:12:30 当前幸福值：0
Apr 27 06:12:30 
Apr 27 06:12:30 🔔京东家庭号, 结束! 🕛 105.702 秒
Apr 27 06:12:30 
Apr 27 07:10:22 
Apr 27 07:10:22 🔔京东家庭号, 开始!
Apr 27 07:10:22 
Apr 27 07:10:22 ====================共6个京东账号Cookie=========
Apr 27 07:10:22 
Apr 27 07:10:22 ==================脚本执行- 北京时间(UTC+8)：4/27/2021, 7:10:22 AM=====================
Apr 27 07:10:22 
Apr 27 07:10:23 
Apr 27 07:10:23 ******开始【京东账号1】18337656372_p*********
Apr 27 07:10:23 
Apr 27 07:10:23 当前幸福值：5646
Apr 27 07:10:23 去做任务5fed97ce5da81a8c069810df
Apr 27 07:10:23 任务完成成功
Apr 27 07:10:24 去做任务600e29f6986178004811bdb0
Apr 27 07:10:24 任务完成失败，原因未知
Apr 27 07:10:25 去做任务5fed97ce5da81a8c069810de
Apr 27 07:10:25 任务完成失败，原因未知
Apr 27 07:10:26 180分钟可后做任务5fed97ce5da81a8c069810dd
Apr 27 07:10:26 当前幸福值：5648
Apr 27 07:10:26 京东家庭号
Apr 27 07:10:26 
Apr 27 07:10:26 京东账号118337656372_p
Apr 27 07:10:26 当前幸福值：5648
Apr 27 07:10:27 
Apr 27 07:10:27 ******开始【京东账号2】jd_MCazEJrLyuXn*********
Apr 27 07:10:27 
Apr 27 07:10:27 当前幸福值：1418
Apr 27 07:10:27 去做任务5fed97ce5da81a8c069810df
Apr 27 07:10:27 任务完成成功
Apr 27 07:10:28 去做任务600e29f6986178004811bdb0
Apr 27 07:10:28 任务完成失败，原因未知
Apr 27 07:10:29 去做任务5fed97ce5da81a8c069810de
Apr 27 07:10:29 任务完成失败，原因未知
Apr 27 07:10:30 180分钟可后做任务5fed97ce5da81a8c069810dd
Apr 27 07:10:30 当前幸福值：1420
Apr 27 07:10:30 京东家庭号
Apr 27 07:10:30 
Apr 27 07:10:30 京东账号2jd_MCazEJrLyuXn
Apr 27 07:10:30 当前幸福值：1420
Apr 27 07:10:31 
Apr 27 07:10:31 ******开始【京东账号3】鬼神之吕奉先*********
Apr 27 07:10:31 
Apr 27 07:10:31 当前幸福值：2150
Apr 27 07:10:31 去做任务5fed97ce5da81a8c069810df
Apr 27 07:10:31 任务完成成功
Apr 27 07:10:32 去做任务600e29f6986178004811bdb0
Apr 27 07:10:32 任务完成失败，原因未知
Apr 27 07:10:33 去做任务5fed97ce5da81a8c069810de
Apr 27 07:10:33 任务完成失败，原因未知
Apr 27 07:10:34 180分钟可后做任务5fed97ce5da81a8c069810dd
Apr 27 07:10:34 当前幸福值：2152
Apr 27 07:10:34 京东家庭号
Apr 27 07:10:34 
Apr 27 07:10:34 京东账号3鬼神之吕奉先
Apr 27 07:10:34 当前幸福值：2152
Apr 27 07:10:34 
Apr 27 07:10:34 ******开始【京东账号4】jd_6ba76f15069fd*********
Apr 27 07:10:34 
Apr 27 07:10:35 当前幸福值：2150
Apr 27 07:10:35 去做任务5fed97ce5da81a8c069810df
Apr 27 07:10:35 任务完成成功
Apr 27 07:10:36 去做任务600e29f6986178004811bdb0
Apr 27 07:10:36 任务完成失败，原因未知
Apr 27 07:10:37 去做任务5fed97ce5da81a8c069810de
Apr 27 07:10:37 任务完成失败，原因未知
Apr 27 07:10:38 181分钟可后做任务5fed97ce5da81a8c069810dd
Apr 27 07:10:38 当前幸福值：2152
Apr 27 07:10:38 京东家庭号
Apr 27 07:10:38 
Apr 27 07:10:38 京东账号4jd_6ba76f15069fd
Apr 27 07:10:38 当前幸福值：2152
Apr 27 07:10:38 
Apr 27 07:10:38 ******开始【京东账号5】jd_46928899fcc30*********
Apr 27 07:10:38 
Apr 27 07:10:39 当前幸福值：2150
Apr 27 07:10:39 去做任务5fed97ce5da81a8c069810df
Apr 27 07:10:39 任务完成成功
Apr 27 07:10:40 去做任务600e29f6986178004811bdb0
Apr 27 07:10:40 任务完成失败，原因未知
Apr 27 07:10:41 去做任务5fed97ce5da81a8c069810de
Apr 27 07:10:41 任务完成失败，原因未知
Apr 27 07:10:42 181分钟可后做任务5fed97ce5da81a8c069810dd
Apr 27 07:10:42 当前幸福值：2152
Apr 27 07:10:42 京东家庭号
Apr 27 07:10:42 
Apr 27 07:10:42 京东账号5jd_46928899fcc30
Apr 27 07:10:42 当前幸福值：2152
Apr 27 07:10:42 
Apr 27 07:10:42 ******开始【京东账号6】jd_EirxWEerdtmu*********
Apr 27 07:10:42 
Apr 27 07:10:43 当前幸福值：0
Apr 27 07:10:43 去做任务5fed97ce5da81a8c069810df
Apr 27 07:10:43 任务完成失败，原因未知
Apr 27 07:10:44 去做任务600e29f6986178004811bdb0
Apr 27 07:10:44 任务完成失败，原因未知
Apr 27 07:10:45 去做任务5fed97ce5da81a8c069810de
Apr 27 07:10:45 任务完成失败，原因未知
Apr 27 07:10:46 去做任务5fed97ce5da81a8c069810dd
Apr 27 07:10:46 任务完成失败，原因未知
Apr 27 07:10:47 去做任务5fedbb7b5da81a8c06981156
Apr 27 07:10:47 任务完成失败，原因未知
Apr 27 07:10:48 去做任务5fedbb7b5da81a8c06981155
Apr 27 07:10:48 任务完成失败，原因未知
Apr 27 07:10:49 去做任务5fedbb7b5da81a8c06981154
Apr 27 07:10:50 任务完成失败，原因未知
Apr 27 07:10:51 去做任务60136fd7c73fea004a4036ff
Apr 27 07:10:51 任务完成失败，原因未知
Apr 27 07:10:52 去做任务60136fd7c73fea004a4036fe
Apr 27 07:10:52 任务完成失败，原因未知
Apr 27 07:10:53 去做任务5fed97ce5da81a8c069810da
Apr 27 07:10:53 任务完成失败，原因未知
Apr 27 07:10:54 去做任务5fed97ce5da81a8c069810d9
Apr 27 07:10:54 任务完成失败，原因未知
Apr 27 07:10:55 去做任务5fed97ce5da81a8c069810d8
Apr 27 07:10:55 任务完成失败，原因未知
Apr 27 07:10:56 去做任务5fed97ce5da81a8c069810d7
Apr 27 07:10:56 任务完成失败，原因未知
Apr 27 07:10:57 去做任务5fed97ce5da81a8c069810d6
Apr 27 07:10:58 任务完成失败，原因未知
Apr 27 07:10:59 去做任务5fed97ce5da81a8c069810d5
Apr 27 07:10:59 任务完成失败，原因未知
Apr 27 07:11:00 去做任务5fed97ce5da81a8c069810d4
Apr 27 07:11:00 任务完成失败，原因未知
Apr 27 07:11:01 去做任务5ffbea8009fec446f7e505f7
Apr 27 07:11:01 任务完成失败，原因未知
Apr 27 07:11:02 去做任务6000f97609fec446f7e50e01
Apr 27 07:11:02 任务完成失败，原因未知
Apr 27 07:11:03 去做任务60064bfd8f6c83ec46a228e3
Apr 27 07:11:03 任务完成失败，原因未知
Apr 27 07:11:04 当前幸福值：0
Apr 27 07:11:04 京东家庭号
Apr 27 07:11:04 
Apr 27 07:11:04 京东账号6jd_EirxWEerdtmu
Apr 27 07:11:04 当前幸福值：0
Apr 27 07:11:04 
Apr 27 07:11:04 🔔京东家庭号, 结束! 🕛 42.07 秒
Apr 27 07:11:04 
