Apr 25 07:24:15 
Apr 25 07:24:15 🔔获取互助码, 开始!
Apr 25 07:24:15 
Apr 25 07:24:15 ====================共6个京东账号Cookie=========
Apr 25 07:24:15 
Apr 25 07:24:15 ==================脚本执行- 北京时间(UTC+8)：4/25/2021, 7:24:15 AM=====================
Apr 25 07:24:15 
Apr 25 07:24:15 
Apr 25 07:24:15 注：临时活动的互助码不添加到此处，如有需要请手动运行对应临时活动脚本
Apr 25 07:24:15 
Apr 25 07:24:15 ======账号1开始======
Apr 25 07:24:16 【京东账号1（18337656372_p）京东农场】55d2a45017af474d86fc63aa4f460ca8
Apr 25 07:24:16 【京东账号1（18337656372_p）京东萌宠】MTE1NDUyMjEwMDAwMDAwNDMxMTkyODE=
Apr 25 07:24:16 【京东账号1（18337656372_p）种豆得豆】ocps4hxvbye54hdwj2wzwiyqjm3h7wlwy7o5jii
Apr 25 07:24:16 【京东账号1（18337656372_p）东东工厂】T018v_VwQxkf8FLUJxib1ACjVWnYaS5kRrbA
Apr 25 07:24:16 【京东账号1（18337656372_p）京喜工厂】7jf3ax6ypwNZ4lNJ11KAAQ==
Apr 25 07:24:16 注意：京喜农场 种植种子发生变化的时候，互助码也会变！！
Apr 25 07:24:16 【京东账号1（18337656372_p）京喜农场】{"smp":"7699d22d38c2753df620835ccaef7a68","active":"jdnc_1_xiacheng210315_2","joinnum":1}
Apr 25 07:24:16 【京东账号1（18337656372_p）的京东赚赚好友互助码】Sv_VwQxkf8FLUJxib1A
Apr 25 07:24:17 【京东账号1（18337656372_p）闪购盲盒】T018v_VwQxkf8FLUJxib1ACjVQmoaT5kRrbA
Apr 25 07:24:17 【京东账号1（18337656372_p）财富岛】6214C11A352BEFE103A07B5C7D5BDCEA34D1DCEB8E4EF18451EB3756F18B84AC
Apr 25 07:24:17 【京东账号1（18337656372_p）签到领现金】IhM0b-u0Y_ol9my6iw
Apr 25 07:24:17 ======账号1结束======
Apr 25 07:24:17 
Apr 25 07:24:17 ======账号2开始======
Apr 25 07:24:17 【京东账号2（jd_MCazEJrLyuXn）京东农场】040b315685e044c093e61ae7995336b0
Apr 25 07:24:17 【京东账号2（jd_MCazEJrLyuXn）京东萌宠】MTEyNDI1MTYxMDAwMDAwMDQ3ODE3Mjc1
Apr 25 07:24:17 【京东账号2（jd_MCazEJrLyuXn）种豆得豆】qwmkwedt5pnucxv4e2ftz7wb6icmz5nu4lfvtbi
Apr 25 07:24:17 【京东账号2（jd_MCazEJrLyuXn）东东工厂】T0205KkcPW1IvyGtYma90Z9UCjVWnYaS5kRrbA
Apr 25 07:24:18 【京东账号2（jd_MCazEJrLyuXn）京喜工厂】mr57DfMzCk3sSpPCHXgWpQ==
Apr 25 07:24:18 【京东账号2（jd_MCazEJrLyuXn）京喜农场】未选择种子，请先去京喜农场选择种子
Apr 25 07:24:18 【京东账号2（jd_MCazEJrLyuXn）的京东赚赚好友互助码】S5KkcPW1IvyGtYma90Z9U
Apr 25 07:24:18 【京东账号2（jd_MCazEJrLyuXn）crazyJoy】dH42HAqnjeKmBr_AM-ofkQ==
Apr 25 07:24:18 【京东账号2（jd_MCazEJrLyuXn）闪购盲盒】T0205KkcPW1IvyGtYma90Z9UCjVQmoaT5kRrbA
Apr 25 07:24:18 【京东账号2（jd_MCazEJrLyuXn）财富岛】AB1CA299A46524DE55DEF2244ADC02BE6F11D6DA845BFB98018E143AFDA66744
Apr 25 07:24:18 ======账号2结束======
Apr 25 07:24:18 
Apr 25 07:24:18 ======账号3开始======
Apr 25 07:24:19 【京东账号3（鬼神之吕奉先）京东农场】6fad39ee9273495fa18b867407b0cc62
Apr 25 07:24:19 【京东账号3（鬼神之吕奉先）京东萌宠】MTE1NDUwMTI0MDAwMDAwMDQ1MzYzMDkx
Apr 25 07:24:19 【京东账号3（鬼神之吕奉先）种豆得豆】2ymycip7rhtb3cnusszz5fcvmka54wjmytwej5q
Apr 25 07:24:19 【京东账号3（鬼神之吕奉先）东东工厂】T024Z2H_l4u3Id1s9bpRQWKzoYiSCjVWnYaS5kRrbA
Apr 25 07:24:19 【京东账号3（鬼神之吕奉先）京喜工厂】F3g4YmIswBYVAn_RY74hqJz-B-xC5u6MtRTZqYsBRm8=
Apr 25 07:24:19 【京东账号3（鬼神之吕奉先）京喜农场】未选择种子，请先去京喜农场选择种子
Apr 25 07:24:19 【京东账号3（鬼神之吕奉先）的京东赚赚好友互助码】SZ2H_l4u3Id1s9bpRQWKzoYiS
Apr 25 07:24:20 【京东账号3（鬼神之吕奉先）crazyJoy】9TrMshLnTm993MCdy0rbGGKfIzwppAvv
Apr 25 07:24:20 【京东账号3（鬼神之吕奉先）闪购盲盒】T024Z2H_l4u3Id1s9bpRQWKzoYiSCjVQmoaT5kRrbA
Apr 25 07:24:20 【京东账号3（鬼神之吕奉先）财富岛】AB73E64096AE2AB54A72679376E1C623E83D464D65C818D39657484DC9937FB0
Apr 25 07:24:20 【京东账号3（鬼神之吕奉先）签到领现金】-oe7u3kcsnWdJM5wHuaqA4t2
Apr 25 07:24:20 ======账号3结束======
Apr 25 07:24:20 
Apr 25 07:24:20 ======账号4开始======
Apr 25 07:24:20 【京东账号4（jd_6ba76f15069fd）京东农场】e47dd455b801406cb9db7a8dad3fe0eb
Apr 25 07:24:20 【京东账号4（jd_6ba76f15069fd）京东萌宠】MTE0MDQ3MzEwMDAwMDAwNDc4MzI3NDc=
Apr 25 07:24:20 【京东账号4（jd_6ba76f15069fd）种豆得豆】olmijoxgmjutzgmfnhskclsadsothyb7rpryita
Apr 25 07:24:20 【京东账号4（jd_6ba76f15069fd）东东工厂】T0225KkcRkxI8lKBIR_0kv5cIACjVWnYaS5kRrbA
Apr 25 07:24:21 【京东账号4（jd_6ba76f15069fd）京喜工厂】ZLGn7xswVyCd9OAkw5ishQ==
Apr 25 07:24:21 【京东账号4（jd_6ba76f15069fd）京喜农场】未选择种子，请先去京喜农场选择种子
Apr 25 07:24:21 【京东账号4（jd_6ba76f15069fd）的京东赚赚好友互助码】S5KkcRkxI8lKBIR_0kv5cIA
Apr 25 07:24:21 【京东账号4（jd_6ba76f15069fd）crazyJoy】2jVXBnPROJruw-bnZ_GXEqt9zd5YaBeE
Apr 25 07:24:21 【京东账号4（jd_6ba76f15069fd）闪购盲盒】T0225KkcRkxI8lKBIR_0kv5cIACjVQmoaT5kRrbA
Apr 25 07:24:21 【京东账号4（jd_6ba76f15069fd）财富岛】77E1737C2C984D2FC3208E915793EA0401CDFEB7052B9CE98D6CC1866F3AA507
Apr 25 07:24:21 【京东账号4（jd_6ba76f15069fd）签到领现金】eU9Yar7jYfpw8GvVzXpFgg
Apr 25 07:24:21 ======账号4结束======
Apr 25 07:24:21 
Apr 25 07:24:21 ======账号5开始======
Apr 25 07:24:22 【京东账号5（jd_46928899fcc30）京东农场】b5eb1ef609a549adb5b960a0e4bcff84
Apr 25 07:24:22 【京东账号5（jd_46928899fcc30）京东萌宠】MTE0MDkyMjIwMDAwMDAwNDc4MzI5MzE=
Apr 25 07:24:22 【京东账号5（jd_46928899fcc30）种豆得豆】e7lhibzb3zek3thj73ypr2cjmfzy7r6ymi6i5pi
Apr 25 07:24:22 【京东账号5（jd_46928899fcc30）东东工厂】T0225KkcRBgQ91zfKROix6QJdACjVWnYaS5kRrbA
Apr 25 07:24:22 【京东账号5（jd_46928899fcc30）京喜工厂】eW0lRnE-WsDwwAyIgCWI9Q==
Apr 25 07:24:22 【京东账号5（jd_46928899fcc30）京喜农场】未选择种子，请先去京喜农场选择种子
Apr 25 07:24:22 【京东账号5（jd_46928899fcc30）的京东赚赚好友互助码】S5KkcRBgQ91zfKROix6QJdA
Apr 25 07:24:23 【京东账号5（jd_46928899fcc30）crazyJoy】kvyQvXVyLzfp_00nW6qhg6t9zd5YaBeE
Apr 25 07:24:23 【京东账号5（jd_46928899fcc30）闪购盲盒】T0225KkcRBgQ91zfKROix6QJdACjVQmoaT5kRrbA
Apr 25 07:24:23 【京东账号5（jd_46928899fcc30）财富岛】389F36982737B532ADE1EE6A82BB3638286CD1535674BC1BBDF4855EEF80EDCA
Apr 25 07:24:23 【京东账号5（jd_46928899fcc30）签到领现金】eU9YaOq7ZPQu-GeDmCAQ1g
Apr 25 07:24:23 ======账号5结束======
Apr 25 07:24:23 
Apr 25 07:24:23 ======账号6开始======
Apr 25 07:24:23 【京东账号6（jd_EirxWEerdtmu）京东农场】6f5304641d99454e92722601a4fd9e91
Apr 25 07:24:23 【京东账号6（jd_EirxWEerdtmu）京东萌宠】MTE0MDkyMjIwMDAwMDAwNDc4MzMxMzk=
Apr 25 07:24:24 【京东账号6（jd_EirxWEerdtmu）种豆得豆】rxggow4kdwppagjigq26ixdxrsieixihenilpmi
Apr 25 07:24:24 【京东账号6（jd_EirxWEerdtmu）东东工厂】T0205KkcNUdbvTOidVig0KpPCjVWnYaS5kRrbA
Apr 25 07:24:24 【京东账号6（jd_EirxWEerdtmu）京喜工厂】C10RDdR5MRge2gU3vKvFvA==
Apr 25 07:24:24 【京东账号6（jd_EirxWEerdtmu）京喜农场】未选择种子，请先去京喜农场选择种子
Apr 25 07:24:24 【京东账号6（jd_EirxWEerdtmu）的京东赚赚好友互助码】S5KkcNUdbvTOidVig0KpP
Apr 25 07:24:24 【京东账号6（jd_EirxWEerdtmu）crazyJoy】WYz71TRA7ruBcutdm9w_Yg==
Apr 25 07:24:24 【京东账号6（jd_EirxWEerdtmu）闪购盲盒】T0205KkcNUdbvTOidVig0KpPCjVQmoaT5kRrbA
Apr 25 07:24:24 【京东账号6（jd_EirxWEerdtmu）财富岛】1E6FCF28067F1B809F109348F19CB216747DEE5CCC022F4A09B311D0C5BA7964
Apr 25 07:24:25 【京东账号6（jd_EirxWEerdtmu）签到领现金】eU9YGbXwLptTpCyBjy5W
Apr 25 07:24:25 ======账号6结束======
Apr 25 07:24:25 
Apr 25 07:24:25 
Apr 25 07:24:25 🔔获取互助码, 结束! 🕛 9.433 秒
Apr 25 07:24:25 
Apr 26 07:24:16 
Apr 26 07:24:16 🔔获取互助码, 开始!
Apr 26 07:24:16 
Apr 26 07:24:16 ====================共6个京东账号Cookie=========
Apr 26 07:24:16 
Apr 26 07:24:16 ==================脚本执行- 北京时间(UTC+8)：4/26/2021, 7:24:16 AM=====================
Apr 26 07:24:16 
Apr 26 07:24:16 
Apr 26 07:24:16 注：临时活动的互助码不添加到此处，如有需要请手动运行对应临时活动脚本
Apr 26 07:24:16 
Apr 26 07:24:17 ======账号1开始======
Apr 26 07:24:17 【京东账号1（18337656372_p）京东农场】55d2a45017af474d86fc63aa4f460ca8
Apr 26 07:24:17 【京东账号1（18337656372_p）京东萌宠】MTE1NDUyMjEwMDAwMDAwNDMxMTkyODE=
Apr 26 07:24:17 【京东账号1（18337656372_p）种豆得豆】ocps4hxvbye54hdwj2wzwiyqjm3h7wlwy7o5jii
Apr 26 07:24:17 【京东账号1（18337656372_p）东东工厂】T018v_VwQxkf8FLUJxib1ACjVWnYaS5kRrbA
Apr 26 07:24:17 【京东账号1（18337656372_p）京喜工厂】7jf3ax6ypwNZ4lNJ11KAAQ==
Apr 26 07:24:17 注意：京喜农场 种植种子发生变化的时候，互助码也会变！！
Apr 26 07:24:17 【京东账号1（18337656372_p）京喜农场】{"smp":"7699d22d38c2753df620835ccaef7a68","active":"jdnc_1_xiacheng210315_2","joinnum":1}
Apr 26 07:24:18 【京东账号1（18337656372_p）的京东赚赚好友互助码】Sv_VwQxkf8FLUJxib1A
Apr 26 07:24:18 【京东账号1（18337656372_p）crazyJoy】LQ3b3OH_Dz7sRYDpgaP6DQ==
Apr 26 07:24:18 【京东账号1（18337656372_p）闪购盲盒】T018v_VwQxkf8FLUJxib1ACjVQmoaT5kRrbA
Apr 26 07:24:18 【京东账号1（18337656372_p）财富岛】6214C11A352BEFE103A07B5C7D5BDCEA20AE8A027E9DD7F7F3086983334DF42A
Apr 26 07:24:18 【京东账号1（18337656372_p）签到领现金】IhM0b-u0Y_ol9my6iw
Apr 26 07:24:18 ======账号1结束======
Apr 26 07:24:18 
Apr 26 07:24:18 ======账号2开始======
Apr 26 07:24:18 【京东账号2（jd_MCazEJrLyuXn）京东农场】040b315685e044c093e61ae7995336b0
Apr 26 07:24:18 【京东账号2（jd_MCazEJrLyuXn）京东萌宠】MTEyNDI1MTYxMDAwMDAwMDQ3ODE3Mjc1
Apr 26 07:24:19 【京东账号2（jd_MCazEJrLyuXn）种豆得豆】qwmkwedt5pnucxv4e2ftz7wb6icmz5nu4lfvtbi
Apr 26 07:24:19 【京东账号2（jd_MCazEJrLyuXn）东东工厂】T0205KkcPW1IvyGtYma90Z9UCjVWnYaS5kRrbA
Apr 26 07:24:19 【京东账号2（jd_MCazEJrLyuXn）京喜工厂】mr57DfMzCk3sSpPCHXgWpQ==
Apr 26 07:24:19 【京东账号2（jd_MCazEJrLyuXn）京喜农场】未选择种子，请先去京喜农场选择种子
Apr 26 07:24:19 【京东账号2（jd_MCazEJrLyuXn）的京东赚赚好友互助码】S5KkcPW1IvyGtYma90Z9U
Apr 26 07:24:19 【京东账号2（jd_MCazEJrLyuXn）crazyJoy】dH42HAqnjeKmBr_AM-ofkQ==
Apr 26 07:24:19 【京东账号2（jd_MCazEJrLyuXn）闪购盲盒】T0205KkcPW1IvyGtYma90Z9UCjVQmoaT5kRrbA
Apr 26 07:24:19 【京东账号2（jd_MCazEJrLyuXn）财富岛】AB1CA299A46524DE55DEF2244ADC02BE8BA1A37D0F635FB71AE3CFDFDCF8262B
Apr 26 07:24:19 ======账号2结束======
Apr 26 07:24:19 
Apr 26 07:24:20 ======账号3开始======
Apr 26 07:24:20 【京东账号3（鬼神之吕奉先）京东农场】6fad39ee9273495fa18b867407b0cc62
Apr 26 07:24:20 【京东账号3（鬼神之吕奉先）京东萌宠】MTE1NDUwMTI0MDAwMDAwMDQ1MzYzMDkx
Apr 26 07:24:20 【京东账号3（鬼神之吕奉先）种豆得豆】2ymycip7rhtb3cnusszz5fcvmka54wjmytwej5q
Apr 26 07:24:20 【京东账号3（鬼神之吕奉先）东东工厂】T024Z2H_l4u3Id1s9bpRQWKzoYiSCjVWnYaS5kRrbA
Apr 26 07:24:20 【京东账号3（鬼神之吕奉先）京喜工厂】F3g4YmIswBYVAn_RY74hqJz-B-xC5u6MtRTZqYsBRm8=
Apr 26 07:24:20 【京东账号3（鬼神之吕奉先）京喜农场】未选择种子，请先去京喜农场选择种子
Apr 26 07:24:21 【京东账号3（鬼神之吕奉先）的京东赚赚好友互助码】SZ2H_l4u3Id1s9bpRQWKzoYiS
Apr 26 07:24:22 【京东账号3（鬼神之吕奉先）crazyJoy】9TrMshLnTm993MCdy0rbGGKfIzwppAvv
Apr 26 07:24:22 【京东账号3（鬼神之吕奉先）闪购盲盒】T024Z2H_l4u3Id1s9bpRQWKzoYiSCjVQmoaT5kRrbA
Apr 26 07:24:22 【京东账号3（鬼神之吕奉先）财富岛】AB73E64096AE2AB54A72679376E1C623CB47451743761404E2FF71DA9AF18FFC
Apr 26 07:24:22 【京东账号3（鬼神之吕奉先）签到领现金】-oe7u3kcsnWdJM5wHuaqA4t2
Apr 26 07:24:22 ======账号3结束======
Apr 26 07:24:22 
Apr 26 07:24:22 ======账号4开始======
Apr 26 07:24:22 【京东账号4（jd_6ba76f15069fd）京东农场】e47dd455b801406cb9db7a8dad3fe0eb
Apr 26 07:24:22 【京东账号4（jd_6ba76f15069fd）京东萌宠】MTE0MDQ3MzEwMDAwMDAwNDc4MzI3NDc=
Apr 26 07:24:23 【京东账号4（jd_6ba76f15069fd）种豆得豆】olmijoxgmjutzgmfnhskclsadsothyb7rpryita
Apr 26 07:24:23 【京东账号4（jd_6ba76f15069fd）东东工厂】T0225KkcRkxI8lKBIR_0kv5cIACjVWnYaS5kRrbA
Apr 26 07:24:23 【京东账号4（jd_6ba76f15069fd）京喜工厂】ZLGn7xswVyCd9OAkw5ishQ==
Apr 26 07:24:23 【京东账号4（jd_6ba76f15069fd）京喜农场】未选择种子，请先去京喜农场选择种子
Apr 26 07:24:23 【京东账号4（jd_6ba76f15069fd）的京东赚赚好友互助码】S5KkcRkxI8lKBIR_0kv5cIA
Apr 26 07:24:23 【京东账号4（jd_6ba76f15069fd）crazyJoy】2jVXBnPROJruw-bnZ_GXEqt9zd5YaBeE
Apr 26 07:24:23 【京东账号4（jd_6ba76f15069fd）闪购盲盒】T0225KkcRkxI8lKBIR_0kv5cIACjVQmoaT5kRrbA
Apr 26 07:24:23 【京东账号4（jd_6ba76f15069fd）财富岛】77E1737C2C984D2FC3208E915793EA044B41C5B606089F567DE39194544F5F8C
Apr 26 07:24:24 【京东账号4（jd_6ba76f15069fd）签到领现金】eU9Yar7jYfpw8GvVzXpFgg
Apr 26 07:24:24 ======账号4结束======
Apr 26 07:24:24 
Apr 26 07:24:24 ======账号5开始======
Apr 26 07:24:24 【京东账号5（jd_46928899fcc30）京东农场】b5eb1ef609a549adb5b960a0e4bcff84
Apr 26 07:24:24 【京东账号5（jd_46928899fcc30）京东萌宠】MTE0MDkyMjIwMDAwMDAwNDc4MzI5MzE=
Apr 26 07:24:24 【京东账号5（jd_46928899fcc30）种豆得豆】e7lhibzb3zek3thj73ypr2cjmfzy7r6ymi6i5pi
Apr 26 07:24:24 【京东账号5（jd_46928899fcc30）东东工厂】T0225KkcRBgQ91zfKROix6QJdACjVWnYaS5kRrbA
Apr 26 07:24:24 【京东账号5（jd_46928899fcc30）京喜工厂】eW0lRnE-WsDwwAyIgCWI9Q==
Apr 26 07:24:24 【京东账号5（jd_46928899fcc30）京喜农场】未选择种子，请先去京喜农场选择种子
Apr 26 07:24:25 【京东账号5（jd_46928899fcc30）的京东赚赚好友互助码】S5KkcRBgQ91zfKROix6QJdA
Apr 26 07:24:26 【京东账号5（jd_46928899fcc30）crazyJoy】kvyQvXVyLzfp_00nW6qhg6t9zd5YaBeE
Apr 26 07:24:26 【京东账号5（jd_46928899fcc30）闪购盲盒】T0225KkcRBgQ91zfKROix6QJdACjVQmoaT5kRrbA
Apr 26 07:24:26 【京东账号5（jd_46928899fcc30）财富岛】389F36982737B532ADE1EE6A82BB363891C0B80909E6E0472ED9F10C1CB8F5E1
Apr 26 07:24:26 【京东账号5（jd_46928899fcc30）签到领现金】eU9YaOq7ZPQu-GeDmCAQ1g
Apr 26 07:24:26 ======账号5结束======
Apr 26 07:24:26 
Apr 26 07:24:26 ======账号6开始======
Apr 26 07:24:27 【京东账号6（jd_EirxWEerdtmu）京东农场】6f5304641d99454e92722601a4fd9e91
Apr 26 07:24:27 【京东账号6（jd_EirxWEerdtmu）京东萌宠】MTE0MDkyMjIwMDAwMDAwNDc4MzMxMzk=
Apr 26 07:24:27 【京东账号6（jd_EirxWEerdtmu）种豆得豆】rxggow4kdwppagjigq26ixdxrsieixihenilpmi
Apr 26 07:24:27 【京东账号6（jd_EirxWEerdtmu）东东工厂】T0205KkcNUdbvTOidVig0KpPCjVWnYaS5kRrbA
Apr 26 07:24:27 【京东账号6（jd_EirxWEerdtmu）京喜工厂】C10RDdR5MRge2gU3vKvFvA==
Apr 26 07:24:27 【京东账号6（jd_EirxWEerdtmu）京喜农场】未选择种子，请先去京喜农场选择种子
Apr 26 07:24:27 【京东账号6（jd_EirxWEerdtmu）的京东赚赚好友互助码】S5KkcNUdbvTOidVig0KpP
Apr 26 07:24:27 【京东账号6（jd_EirxWEerdtmu）crazyJoy】WYz71TRA7ruBcutdm9w_Yg==
Apr 26 07:24:28 【京东账号6（jd_EirxWEerdtmu）闪购盲盒】T0205KkcNUdbvTOidVig0KpPCjVQmoaT5kRrbA
Apr 26 07:24:28 【京东账号6（jd_EirxWEerdtmu）财富岛】1E6FCF28067F1B809F109348F19CB2168A9BCE0D976AFA0AEC5E6E27C9E2E63B
Apr 26 07:24:28 【京东账号6（jd_EirxWEerdtmu）签到领现金】eU9YGbXwLptTpCyBjy5W
Apr 26 07:24:28 ======账号6结束======
Apr 26 07:24:28 
Apr 26 07:24:28 
Apr 26 07:24:28 🔔获取互助码, 结束! 🕛 11.59 秒
Apr 26 07:24:28 
Apr 27 07:23:16 
Apr 27 07:23:16 🔔获取互助码, 开始!
Apr 27 07:23:16 
Apr 27 07:23:16 ====================共6个京东账号Cookie=========
Apr 27 07:23:16 
Apr 27 07:23:16 ==================脚本执行- 北京时间(UTC+8)：4/27/2021, 7:23:16 AM=====================
Apr 27 07:23:16 
Apr 27 07:23:16 
Apr 27 07:23:16 注：临时活动的互助码不添加到此处，如有需要请手动运行对应临时活动脚本
Apr 27 07:23:16 
Apr 27 07:23:17 ======账号1开始======
Apr 27 07:23:17 【京东账号1（18337656372_p）京东农场】55d2a45017af474d86fc63aa4f460ca8
Apr 27 07:23:17 【京东账号1（18337656372_p）京东萌宠】MTE1NDUyMjEwMDAwMDAwNDMxMTkyODE=
Apr 27 07:23:17 【京东账号1（18337656372_p）种豆得豆】ocps4hxvbye54hdwj2wzwiyqjm3h7wlwy7o5jii
Apr 27 07:23:17 【京东账号1（18337656372_p）东东工厂】T018v_VwQxkf8FLUJxib1ACjVWnYaS5kRrbA
Apr 27 07:23:17 【京东账号1（18337656372_p）京喜工厂】7jf3ax6ypwNZ4lNJ11KAAQ==
Apr 27 07:23:18 注意：京喜农场 种植种子发生变化的时候，互助码也会变！！
Apr 27 07:23:18 【京东账号1（18337656372_p）京喜农场】{"smp":"7699d22d38c2753df620835ccaef7a68","active":"jdnc_1_xiacheng210315_2","joinnum":1}
Apr 27 07:23:18 【京东账号1（18337656372_p）的京东赚赚好友互助码】Sv_VwQxkf8FLUJxib1A
Apr 27 07:23:18 【京东账号1（18337656372_p）crazyJoy】LQ3b3OH_Dz7sRYDpgaP6DQ==
Apr 27 07:23:18 【京东账号1（18337656372_p）闪购盲盒】T018v_VwQxkf8FLUJxib1ACjVQmoaT5kRrbA
Apr 27 07:23:18 【京东账号1（18337656372_p）财富岛】6214C11A352BEFE103A07B5C7D5BDCEAFB571D58FCE3BD2EFF41A11244EFB9F0
Apr 27 07:23:18 【京东账号1（18337656372_p）签到领现金】IhM0b-u0Y_ol9my6iw
Apr 27 07:23:18 ======账号1结束======
Apr 27 07:23:18 
Apr 27 07:23:18 ======账号2开始======
Apr 27 07:23:18 【京东账号2（jd_MCazEJrLyuXn）京东农场】040b315685e044c093e61ae7995336b0
Apr 27 07:23:18 【京东账号2（jd_MCazEJrLyuXn）京东萌宠】MTEyNDI1MTYxMDAwMDAwMDQ3ODE3Mjc1
Apr 27 07:23:19 【京东账号2（jd_MCazEJrLyuXn）种豆得豆】qwmkwedt5pnucxv4e2ftz7wb6icmz5nu4lfvtbi
Apr 27 07:23:19 【京东账号2（jd_MCazEJrLyuXn）东东工厂】T0205KkcPW1IvyGtYma90Z9UCjVWnYaS5kRrbA
Apr 27 07:23:19 【京东账号2（jd_MCazEJrLyuXn）京喜工厂】mr57DfMzCk3sSpPCHXgWpQ==
Apr 27 07:23:19 【京东账号2（jd_MCazEJrLyuXn）京喜农场】未选择种子，请先去京喜农场选择种子
Apr 27 07:23:19 【京东账号2（jd_MCazEJrLyuXn）的京东赚赚好友互助码】S5KkcPW1IvyGtYma90Z9U
Apr 27 07:23:19 【京东账号2（jd_MCazEJrLyuXn）crazyJoy】dH42HAqnjeKmBr_AM-ofkQ==
Apr 27 07:23:19 【京东账号2（jd_MCazEJrLyuXn）闪购盲盒】T0205KkcPW1IvyGtYma90Z9UCjVQmoaT5kRrbA
Apr 27 07:23:19 【京东账号2（jd_MCazEJrLyuXn）财富岛】AB1CA299A46524DE55DEF2244ADC02BE9DB8D7EC707A8B7FE21BF77EEFC258B7
Apr 27 07:23:20 【京东账号2（jd_MCazEJrLyuXn）签到领现金】eU9YEZ_jLIlcsxKcjhtN
Apr 27 07:23:20 ======账号2结束======
Apr 27 07:23:20 
Apr 27 07:23:20 ======账号3开始======
Apr 27 07:23:20 【京东账号3（鬼神之吕奉先）京东农场】6fad39ee9273495fa18b867407b0cc62
Apr 27 07:23:20 【京东账号3（鬼神之吕奉先）京东萌宠】MTE1NDUwMTI0MDAwMDAwMDQ1MzYzMDkx
Apr 27 07:23:20 【京东账号3（鬼神之吕奉先）种豆得豆】2ymycip7rhtb3cnusszz5fcvmka54wjmytwej5q
Apr 27 07:23:20 【京东账号3（鬼神之吕奉先）东东工厂】T024Z2H_l4u3Id1s9bpRQWKzoYiSCjVWnYaS5kRrbA
Apr 27 07:23:20 【京东账号3（鬼神之吕奉先）京喜工厂】F3g4YmIswBYVAn_RY74hqJz-B-xC5u6MtRTZqYsBRm8=
Apr 27 07:23:20 【京东账号3（鬼神之吕奉先）京喜农场】未选择种子，请先去京喜农场选择种子
Apr 27 07:23:21 【京东账号3（鬼神之吕奉先）的京东赚赚好友互助码】SZ2H_l4u3Id1s9bpRQWKzoYiS
Apr 27 07:23:21 【京东账号3（鬼神之吕奉先）crazyJoy】9TrMshLnTm993MCdy0rbGGKfIzwppAvv
Apr 27 07:23:21 【京东账号3（鬼神之吕奉先）闪购盲盒】T024Z2H_l4u3Id1s9bpRQWKzoYiSCjVQmoaT5kRrbA
Apr 27 07:23:21 【京东账号3（鬼神之吕奉先）财富岛】AB73E64096AE2AB54A72679376E1C623958BC80E94E2DAEA60DCE1EF3E58AA87
Apr 27 07:23:21 【京东账号3（鬼神之吕奉先）签到领现金】-oe7u3kcsnWdJM5wHuaqA4t2
Apr 27 07:23:21 ======账号3结束======
Apr 27 07:23:21 
Apr 27 07:23:21 ======账号4开始======
Apr 27 07:23:21 【京东账号4（jd_6ba76f15069fd）京东农场】e47dd455b801406cb9db7a8dad3fe0eb
Apr 27 07:23:21 【京东账号4（jd_6ba76f15069fd）京东萌宠】MTE0MDQ3MzEwMDAwMDAwNDc4MzI3NDc=
Apr 27 07:23:22 【京东账号4（jd_6ba76f15069fd）种豆得豆】olmijoxgmjutzgmfnhskclsadsothyb7rpryita
Apr 27 07:23:22 【京东账号4（jd_6ba76f15069fd）东东工厂】T0225KkcRkxI8lKBIR_0kv5cIACjVWnYaS5kRrbA
Apr 27 07:23:22 【京东账号4（jd_6ba76f15069fd）京喜工厂】ZLGn7xswVyCd9OAkw5ishQ==
Apr 27 07:23:22 【京东账号4（jd_6ba76f15069fd）京喜农场】未选择种子，请先去京喜农场选择种子
Apr 27 07:23:22 【京东账号4（jd_6ba76f15069fd）的京东赚赚好友互助码】S5KkcRkxI8lKBIR_0kv5cIA
Apr 27 07:23:22 【京东账号4（jd_6ba76f15069fd）crazyJoy】2jVXBnPROJruw-bnZ_GXEqt9zd5YaBeE
Apr 27 07:23:22 【京东账号4（jd_6ba76f15069fd）闪购盲盒】T0225KkcRkxI8lKBIR_0kv5cIACjVQmoaT5kRrbA
Apr 27 07:23:22 【京东账号4（jd_6ba76f15069fd）财富岛】77E1737C2C984D2FC3208E915793EA04BCA2EB8E2ECEC1C43CD9D0CD10B56D40
Apr 27 07:23:23 【京东账号4（jd_6ba76f15069fd）签到领现金】eU9Yar7jYfpw8GvVzXpFgg
Apr 27 07:23:23 ======账号4结束======
Apr 27 07:23:23 
Apr 27 07:23:23 ======账号5开始======
Apr 27 07:23:23 【京东账号5（jd_46928899fcc30）京东农场】b5eb1ef609a549adb5b960a0e4bcff84
Apr 27 07:23:23 【京东账号5（jd_46928899fcc30）京东萌宠】MTE0MDkyMjIwMDAwMDAwNDc4MzI5MzE=
Apr 27 07:23:23 【京东账号5（jd_46928899fcc30）种豆得豆】e7lhibzb3zek3thj73ypr2cjmfzy7r6ymi6i5pi
Apr 27 07:23:23 【京东账号5（jd_46928899fcc30）东东工厂】T0225KkcRBgQ91zfKROix6QJdACjVWnYaS5kRrbA
Apr 27 07:23:23 【京东账号5（jd_46928899fcc30）京喜工厂】eW0lRnE-WsDwwAyIgCWI9Q==
Apr 27 07:23:23 【京东账号5（jd_46928899fcc30）京喜农场】未选择种子，请先去京喜农场选择种子
Apr 27 07:23:24 【京东账号5（jd_46928899fcc30）的京东赚赚好友互助码】S5KkcRBgQ91zfKROix6QJdA
Apr 27 07:23:24 【京东账号5（jd_46928899fcc30）crazyJoy】kvyQvXVyLzfp_00nW6qhg6t9zd5YaBeE
Apr 27 07:23:24 【京东账号5（jd_46928899fcc30）闪购盲盒】T0225KkcRBgQ91zfKROix6QJdACjVQmoaT5kRrbA
Apr 27 07:23:24 【京东账号5（jd_46928899fcc30）财富岛】389F36982737B532ADE1EE6A82BB3638174C06C9F39A3B0A3ED468F10329FE79
Apr 27 07:23:24 【京东账号5（jd_46928899fcc30）签到领现金】eU9YaOq7ZPQu-GeDmCAQ1g
Apr 27 07:23:24 ======账号5结束======
Apr 27 07:23:24 
Apr 27 07:23:24 ======账号6开始======
Apr 27 07:23:24 【京东账号6（jd_EirxWEerdtmu）京东农场】6f5304641d99454e92722601a4fd9e91
Apr 27 07:23:24 【京东账号6（jd_EirxWEerdtmu）京东萌宠】MTE0MDkyMjIwMDAwMDAwNDc4MzMxMzk=
Apr 27 07:23:24 【京东账号6（jd_EirxWEerdtmu）种豆得豆】rxggow4kdwppagjigq26ixdxrsieixihenilpmi
Apr 27 07:23:25 【京东账号6（jd_EirxWEerdtmu）东东工厂】T0205KkcNUdbvTOidVig0KpPCjVWnYaS5kRrbA
Apr 27 07:23:25 【京东账号6（jd_EirxWEerdtmu）京喜工厂】C10RDdR5MRge2gU3vKvFvA==
Apr 27 07:23:25 【京东账号6（jd_EirxWEerdtmu）京喜农场】未选择种子，请先去京喜农场选择种子
Apr 27 07:23:25 【京东账号6（jd_EirxWEerdtmu）的京东赚赚好友互助码】S5KkcNUdbvTOidVig0KpP
Apr 27 07:23:25 【京东账号6（jd_EirxWEerdtmu）crazyJoy】WYz71TRA7ruBcutdm9w_Yg==
Apr 27 07:23:25 【京东账号6（jd_EirxWEerdtmu）闪购盲盒】T0205KkcNUdbvTOidVig0KpPCjVQmoaT5kRrbA
Apr 27 07:23:25 【京东账号6（jd_EirxWEerdtmu）财富岛】1E6FCF28067F1B809F109348F19CB216D3CE8C8B5CA59AA18B0C8E76A8532581
Apr 27 07:23:26 【京东账号6（jd_EirxWEerdtmu）签到领现金】eU9YGbXwLptTpCyBjy5W
Apr 27 07:23:26 ======账号6结束======
Apr 27 07:23:26 
Apr 27 07:23:26 
Apr 27 07:23:26 🔔获取互助码, 结束! 🕛 9.217 秒
Apr 27 07:23:26 
