May 23 01:13:00 
May 23 01:13:00 🔔东东健康社区, 开始!
May 23 01:13:00 
May 23 01:13:00 ====================共6个京东账号Cookie=========
May 23 01:13:00 
May 23 01:13:00 ==================脚本执行- 北京时间(UTC+8)：5/23/2021, 1:13:00 AM=====================
May 23 01:13:00 
May 23 01:13:00 如果出现提示 ?.data. 错误，请升级nodejs版本(进入容器后，apk add nodejs-current)
May 23 01:13:00 开始获取东东健康社区配置文件
May 23 01:13:00 
May 23 01:13:00 共6个京东账号
May 23 01:13:00 
May 23 01:13:00 您提供了0个账号的东东健康社区助力码
May 23 01:13:00 
May 23 01:13:00 
May 23 01:13:00 ******开始【京东账号1】18337656372_p*********
May 23 01:13:00 
May 23 01:13:00 由于您第1个京东账号未提供shareCode,将采纳本脚本自带的助力码
May 23 01:13:00 
May 23 01:13:00 开始
May 23 01:13:02 随机取20个码放到您固定的互助码后面(不影响已有固定互助)
May 23 01:13:02 第1个京东账号将要助力的好友["T019-aknAFRllhyoQlyI46gCjVfnoaW5kRrbA","T0225KkcRhcbp1CBJhv0wfZedQCjVfnoaW5kRrbA","T010_aU6SR8Q_QCjVfnoaW5kRrbA","T0225KkcREtN9lOGJUinl_dfcwCjVfnoaW5kRrbA","T0225KkcRBYdoFaGIxOnnPMJdACjVfnoaW5kRrbA","T027Zm_olqSxIOtH97BATGmKoWraLawCjVfnoaW5kRrbA","T0225KkcRk1N_FeCJhv3xvdfcQCjVfnoaW5kRrbA","T0124r4rHFdH8lbTCjVfnoaW5kRrbA","T020-5J1Qk0b8FzQckvzwv5cCjVfnoaW5kRrbA","T0225KkcRR0a8QDRI0_8kvIOIgCjVfnoaW5kRrbA","T018v_hzQh8c8lzRIR-b1ACjVfnoaW5kRrbA","T0225KkcR0tMoFaBKE6mkqVedQCjVfnoaW5kRrbA","T0205KkcGVRFkyWXVmyS56l9CjVfnoaW5kRrbA","T0225KkcRhkYp1HSKEv1x_9bfQCjVfnoaW5kRrbA","T0225KkcRkxNoQHVJx78l6ICdACjVfnoaW5kRrbA","T0225KkcRhoa9waGcx-mwqRbfACjVfnoaW5kRrbA","T0225KkcRExM_V2FchqgkqYCcwCjVfnoaW5kRrbA","T016vPV6RBgR_VDRKXWpCjVfnoaW5kRrbA","T0225KkcRxZNoFzecRz9waVbdgCjVfnoaW5kRrbA","T0104qk6SB8Z9gCjVfnoaW5kRrbA","T0204qQ2GkdHvQ2Gfk30nfUJCjVfnoaW5kRrbA","T0225KkcRBYd9VCBch6lxfcOIgCjVfnoaW5kRrbA","T00777csH0ACjVfnoaW5kRrbA","T0207Kg2BEdPsAiBf1ioy7FfCjVfnoaW5kRrbA","T015-f9zQR0Z9VbXIBsCjVfnoaW5kRrbA","T014_bkiAlZAqwPVIgCjVfnoaW5kRrbA","T0205KkcEVpelAeEWVqG3r1LCjVfnoaW5kRrbA"]
May 23 01:13:02 签到领健康能量任务，完成次数：0/1
May 23 01:13:02 去完成签到领健康能量任务
May 23 01:13:03 任务完成成功，获得：200能量
May 23 01:13:03 
May 23 01:13:03 【京东账号1（18337656372_p）的东东健康社区好友互助码】T018v_VwQxkf8FLUJxib1ACjVfnoaW5kRrbA
May 23 01:13:03 
May 23 01:13:03 一分钱造爆款电器任务，完成次数：0/1
May 23 01:13:03 去完成一分钱造爆款电器任务
May 23 01:13:03 任务领取结果：任务领取成功
May 23 01:13:13 任务完成成功，获得：300能量
May 23 01:13:13 早起打卡(06:00-09:00)任务，完成次数：0/1
May 23 01:13:13 去完成早起打卡(06:00-09:00)任务
May 23 01:13:13 任务完成失败：不在打卡时间哦!
May 23 01:13:13 瓜分千万京豆任务，完成次数：0/1
May 23 01:13:13 去完成瓜分千万京豆任务
May 23 01:13:13 任务领取结果：任务领取成功
May 23 01:13:23 任务完成成功，获得：300能量
May 23 01:13:23 关注汤臣倍健店铺任务，完成次数：0/5
May 23 01:13:23 去完成关注汤臣倍健店铺任务
May 23 01:13:23 去完成关注汤臣倍健店铺任务
May 23 01:13:23 去完成关注汤臣倍健店铺任务
May 23 01:13:23 去完成关注汤臣倍健店铺任务
May 23 01:13:23 去完成关注汤臣倍健店铺任务
May 23 01:13:23 浏览汇仁品牌会场任务，完成次数：0/1
May 23 01:13:23 去完成浏览汇仁品牌会场任务
May 23 01:13:23 任务领取结果：任务领取成功
May 23 01:13:33 任务完成成功，获得：300能量
May 23 01:13:33 汇仁京东自营旗舰店任务，完成次数：0/1
May 23 01:13:33 去完成汇仁京东自营旗舰店任务
May 23 01:13:34 早起打卡(06:00-09:00)任务，完成次数：0/1
May 23 01:13:34 去完成早起打卡(06:00-09:00)任务
May 23 01:13:35 任务完成失败：不在打卡时间哦!
May 23 01:13:35 关注云南白药店铺任务，完成次数：0/5
May 23 01:13:35 去完成关注云南白药店铺任务
May 23 01:13:35 去完成关注云南白药店铺任务
May 23 01:13:35 去完成关注云南白药店铺任务
May 23 01:13:35 去完成关注云南白药店铺任务
May 23 01:13:35 去完成关注云南白药店铺任务
May 23 01:13:35 汇仁京东自营旗舰店任务，完成次数：0/1
May 23 01:13:35 去完成汇仁京东自营旗舰店任务
May 23 01:13:35 浏览京东大药房会场任务，完成次数：0/1
May 23 01:13:35 去完成浏览京东大药房会场任务
May 23 01:13:35 任务领取结果：任务领取成功
May 23 01:13:45 任务完成成功，获得：300能量
May 23 01:13:45 关注医药馆1元抢好药任务，完成次数：0/1
May 23 01:13:45 去完成关注医药馆1元抢好药任务
May 23 01:13:45 任务完成成功，获得：500能量
May 23 01:13:46 早起打卡(06:00-09:00)任务，完成次数：0/1
May 23 01:13:46 去完成早起打卡(06:00-09:00)任务
May 23 01:13:46 任务完成失败：不在打卡时间哦!
May 23 01:13:46 关注Swisse店铺任务，完成次数：0/5
May 23 01:13:46 去完成关注Swisse店铺任务
May 23 01:13:46 去完成关注Swisse店铺任务
May 23 01:13:46 去完成关注Swisse店铺任务
May 23 01:13:46 去完成关注Swisse店铺任务
May 23 01:13:46 去完成关注Swisse店铺任务
May 23 01:13:46 汇仁京东自营旗舰店任务，完成次数：0/1
May 23 01:13:46 去完成汇仁京东自营旗舰店任务
May 23 01:13:46 西医亚健康测评任务，完成次数：0/1
May 23 01:13:46 去完成西医亚健康测评任务
May 23 01:13:46 NELO 卡布奇诺风味咖啡压片糖果 即食咖啡嚼嚼豆任务，完成次数：0/3
May 23 01:13:46 去完成NELO 卡布奇诺风味咖啡压片糖果 即食咖啡嚼嚼豆任务
May 23 01:13:46 任务领取结果：任务领取成功
May 23 01:13:56 任务完成成功，获得：300能量
May 23 01:13:56 去完成NELO 卡布奇诺风味咖啡压片糖果 即食咖啡嚼嚼豆任务
May 23 01:13:56 任务领取结果：任务领取成功
May 23 01:14:06 任务完成成功，获得：300能量
May 23 01:14:06 去完成NELO 卡布奇诺风味咖啡压片糖果 即食咖啡嚼嚼豆任务
May 23 01:14:07 任务领取结果：任务领取成功
May 23 01:14:17 任务完成成功，获得：300能量
May 23 01:14:18 早起打卡(06:00-09:00)任务，完成次数：0/1
May 23 01:14:18 去完成早起打卡(06:00-09:00)任务
May 23 01:14:18 任务完成失败：不在打卡时间哦!
May 23 01:14:18 关注汤臣倍健店铺任务，完成次数：0/5
May 23 01:14:18 去完成关注汤臣倍健店铺任务
May 23 01:14:18 去完成关注汤臣倍健店铺任务
May 23 01:14:18 去完成关注汤臣倍健店铺任务
May 23 01:14:18 去完成关注汤臣倍健店铺任务
May 23 01:14:18 去完成关注汤臣倍健店铺任务
May 23 01:14:18 汇仁京东自营旗舰店任务，完成次数：0/1
May 23 01:14:18 去完成汇仁京东自营旗舰店任务
May 23 01:14:18 西医亚健康测评任务，完成次数：0/1
May 23 01:14:18 去完成西医亚健康测评任务
May 23 01:14:18 浏览保健馆活动会场任务，完成次数：0/1
May 23 01:14:18 去完成浏览保健馆活动会场任务
May 23 01:14:18 任务领取结果：任务领取成功
May 23 01:14:28 任务完成成功，获得：300能量
May 23 01:14:29 早起打卡(06:00-09:00)任务，完成次数：0/1
May 23 01:14:29 去完成早起打卡(06:00-09:00)任务
May 23 01:14:29 任务完成失败：不在打卡时间哦!
May 23 01:14:29 关注善存钙尔奇店铺任务，完成次数：0/5
May 23 01:14:29 去完成关注善存钙尔奇店铺任务
May 23 01:14:29 去完成关注善存钙尔奇店铺任务
May 23 01:14:29 去完成关注善存钙尔奇店铺任务
May 23 01:14:29 去完成关注善存钙尔奇店铺任务
May 23 01:14:29 去完成关注善存钙尔奇店铺任务
May 23 01:14:29 汇仁京东自营旗舰店任务，完成次数：0/1
May 23 01:14:29 去完成汇仁京东自营旗舰店任务
May 23 01:14:29 西医亚健康测评任务，完成次数：0/1
May 23 01:14:29 去完成西医亚健康测评任务
May 23 01:14:29 美年大健康（Health 100）体检卡 白领中级体检套餐 全国门店通用任务，完成次数：0/3
May 23 01:14:29 去完成美年大健康（Health 100）体检卡 白领中级体检套餐 全国门店通用任务
May 23 01:14:29 任务领取结果：任务领取成功
May 23 01:14:39 任务完成成功，获得：300能量
May 23 01:14:39 去完成美年大健康（Health 100）体检卡 白领中级体检套餐 全国门店通用任务
May 23 01:14:39 任务领取结果：任务领取成功
May 23 01:14:50 任务完成成功，获得：300能量
May 23 01:14:50 去完成美年大健康（Health 100）体检卡 白领中级体检套餐 全国门店通用任务
May 23 01:14:50 任务领取结果：任务领取成功
May 23 01:15:00 任务完成成功，获得：300能量
May 23 01:15:01 任务完成成功，获得：240能量
May 23 01:15:01 去助力好友T019-aknAFRllhyoQlyI46gCjVfnoaW5kRrbA
May 23 01:15:01 任务完成失败：助力失败丨助力已满员！谢谢你哦~
May 23 01:15:02 去助力好友T0225KkcRhcbp1CBJhv0wfZedQCjVfnoaW5kRrbA
May 23 01:15:02 任务完成失败：助力失败丨助力已满员！谢谢你哦~
May 23 01:15:03 去助力好友T010_aU6SR8Q_QCjVfnoaW5kRrbA
May 23 01:15:03 任务完成失败：助力失败丨助力已满员！谢谢你哦~
May 23 01:15:04 去助力好友T0225KkcREtN9lOGJUinl_dfcwCjVfnoaW5kRrbA
May 23 01:15:04 任务完成失败：助力失败丨助力已满员！谢谢你哦~
May 23 01:15:05 去助力好友T0225KkcRBYdoFaGIxOnnPMJdACjVfnoaW5kRrbA
May 23 01:15:05 任务完成失败：助力失败丨助力已满员！谢谢你哦~
May 23 01:15:06 去助力好友T027Zm_olqSxIOtH97BATGmKoWraLawCjVfnoaW5kRrbA
May 23 01:15:06 任务完成失败：助力失败丨助力已满员！谢谢你哦~
May 23 01:15:07 去助力好友T0225KkcRk1N_FeCJhv3xvdfcQCjVfnoaW5kRrbA
May 23 01:15:08 任务完成失败：助力失败丨助力已满员！谢谢你哦~
May 23 01:15:09 去助力好友T0124r4rHFdH8lbTCjVfnoaW5kRrbA
May 23 01:15:09 任务完成失败：助力失败丨助力已满员！谢谢你哦~
May 23 01:15:10 去助力好友T020-5J1Qk0b8FzQckvzwv5cCjVfnoaW5kRrbA
May 23 01:15:10 任务完成失败：助力失败丨助力已满员！谢谢你哦~
May 23 01:15:11 去助力好友T0225KkcRR0a8QDRI0_8kvIOIgCjVfnoaW5kRrbA
May 23 01:15:11 任务完成失败：助力失败丨助力已满员！谢谢你哦~
May 23 01:15:12 去助力好友T018v_hzQh8c8lzRIR-b1ACjVfnoaW5kRrbA
May 23 01:15:12 任务完成失败：助力失败丨助力已满员！谢谢你哦~
May 23 01:15:13 去助力好友T0225KkcR0tMoFaBKE6mkqVedQCjVfnoaW5kRrbA
May 23 01:15:13 任务完成失败：助力失败丨助力已满员！谢谢你哦~
May 23 01:15:14 去助力好友T0205KkcGVRFkyWXVmyS56l9CjVfnoaW5kRrbA
May 23 01:15:14 任务完成失败：助力失败丨助力已满员！谢谢你哦~
May 23 01:15:15 去助力好友T0225KkcRhkYp1HSKEv1x_9bfQCjVfnoaW5kRrbA
May 23 01:15:15 任务完成失败：助力失败丨助力已满员！谢谢你哦~
May 23 01:15:16 去助力好友T0225KkcRkxNoQHVJx78l6ICdACjVfnoaW5kRrbA
May 23 01:15:16 任务完成失败：助力失败丨助力已满员！谢谢你哦~
May 23 01:15:17 去助力好友T0225KkcRhoa9waGcx-mwqRbfACjVfnoaW5kRrbA
May 23 01:15:17 任务完成失败：助力失败丨助力已满员！谢谢你哦~
May 23 01:15:18 去助力好友T0225KkcRExM_V2FchqgkqYCcwCjVfnoaW5kRrbA
May 23 01:15:19 任务完成失败：助力失败丨助力已满员！谢谢你哦~
May 23 01:15:20 去助力好友T016vPV6RBgR_VDRKXWpCjVfnoaW5kRrbA
May 23 01:15:20 任务完成失败：助力失败丨助力已满员！谢谢你哦~
May 23 01:15:21 去助力好友T0225KkcRxZNoFzecRz9waVbdgCjVfnoaW5kRrbA
May 23 01:15:21 任务完成失败：助力失败丨助力已满员！谢谢你哦~
May 23 01:15:22 去助力好友T0104qk6SB8Z9gCjVfnoaW5kRrbA
May 23 01:15:22 任务完成失败：助力失败丨助力已满员！谢谢你哦~
May 23 01:15:23 去助力好友T0204qQ2GkdHvQ2Gfk30nfUJCjVfnoaW5kRrbA
May 23 01:15:23 任务完成失败：助力失败丨助力已满员！谢谢你哦~
May 23 01:15:24 去助力好友T0225KkcRBYd9VCBch6lxfcOIgCjVfnoaW5kRrbA
May 23 01:15:24 任务完成失败：助力失败丨助力已满员！谢谢你哦~
May 23 01:15:25 去助力好友T00777csH0ACjVfnoaW5kRrbA
May 23 01:15:25 任务完成失败：助力失败丨助力已满员！谢谢你哦~
May 23 01:15:26 去助力好友T0207Kg2BEdPsAiBf1ioy7FfCjVfnoaW5kRrbA
May 23 01:15:26 任务完成失败：助力失败丨助力已满员！谢谢你哦~
May 23 01:15:27 去助力好友T015-f9zQR0Z9VbXIBsCjVfnoaW5kRrbA
May 23 01:15:27 任务完成失败：助力失败丨助力已满员！谢谢你哦~
May 23 01:15:28 去助力好友T014_bkiAlZAqwPVIgCjVfnoaW5kRrbA
May 23 01:15:28 任务完成失败：助力失败丨助力已满员！谢谢你哦~
May 23 01:15:29 去助力好友T0205KkcEVpelAeEWVqG3r1LCjVfnoaW5kRrbA
May 23 01:15:30 任务完成失败：助力失败丨助力已满员！谢谢你哦~
May 23 01:15:31 健康一下任务，完成次数：0/1
May 23 01:15:31 任务领取结果：任务领取成功
May 23 01:15:34 任务完成成功，获得：300能量
May 23 01:15:34 
May 23 01:15:34 ==============📣系统通知📣==============
May 23 01:15:34 东东健康社区
May 23 01:15:34 京东账号1 18337656372_p
May 23 01:15:34 本次获得4540健康值，累计351010健康值
May 23 01:15:34 
May 23 01:15:34 
May 23 01:15:34 ******开始【京东账号2】jd_MCazEJrLyuXn*********
May 23 01:15:34 
May 23 01:15:34 由于您第2个京东账号未提供shareCode,将采纳本脚本自带的助力码
May 23 01:15:34 
May 23 01:15:34 开始
May 23 01:15:36 随机取20个码放到您固定的互助码后面(不影响已有固定互助)
May 23 01:15:36 第2个京东账号将要助力的好友["T019-aknAFRllhyoQlyI46gCjVfnoaW5kRrbA","T0225KkcRhcbp1CBJhv0wfZedQCjVfnoaW5kRrbA","T010_aU6SR8Q_QCjVfnoaW5kRrbA","T0225KkcREtN9lOGJUinl_dfcwCjVfnoaW5kRrbA","T0225KkcRBYdoFaGIxOnnPMJdACjVfnoaW5kRrbA","T027Zm_olqSxIOtH97BATGmKoWraLawCjVfnoaW5kRrbA","T0225KkcRk1N_FeCJhv3xvdfcQCjVfnoaW5kRrbA","T0205KkcCkdKjCGhYECRzZ9jCjVfnoaW5kRrbA","T0225KkcRxcfplOGJRz9xfJfcgCjVfnoaW5kRrbA","T0225KkcRh8Q_FWEJ0nykfQJJwCjVfnoaW5kRrbA","T0225KkcRhgfp1TRIk6nkKMIdQCjVfnoaW5kRrbA","T0225KkcRB0d_VTTKB_yxv9bcQCjVfnoaW5kRrbA","T012Z1_clJOaI-RGCjVfnoaW5kRrbA","T0225KkcRRlL8FWGIhP2k_YKfQCjVfnoaW5kRrbA","T019-akkJ1hZvQemfFig9IACjVfnoaW5kRrbA","T0225KkcRU0Y_VzVdBL1nKRecwCjVfnoaW5kRrbA","T0225KkcR0wQplaEdR-lwf9YdwCjVfnoaW5kRrbA","T018v_51SRwb8FHWIR2b1ACjVfnoaW5kRrbA","T0089qA6A15KCjVfnoaW5kRrbA","T0225KkcR09K8lKGc0j9xqILdwCjVfnoaW5kRrbA","T0225KkcRB1Mp13fKBmgxvdYcgCjVfnoaW5kRrbA","T010778qFV0Z_QCjVfnoaW5kRrbA","T0225KkcRRlKp1aCcRvxl_4KJgCjVfnoaW5kRrbA","T0154qQ6EUNMrFbXIBMCjVfnoaW5kRrbA","T0225KkcREgY8l3UKRyixf5ZdACjVfnoaW5kRrbA","T015v_t2QBkY_VDVT0cCjVfnoaW5kRrbA","T0156bgsGltHtguJdxsCjVfnoaW5kRrbA"]
May 23 01:15:36 任务完成失败：活动太火爆啦
May 23 01:15:36 去助力好友T019-aknAFRllhyoQlyI46gCjVfnoaW5kRrbA
May 23 01:15:37 任务完成失败：活动太火爆啦
May 23 01:15:37 助力次数已满，跳出
May 23 01:15:37 undefined任务，完成次数：undefined/undefined
May 23 01:15:37 
May 23 01:15:37 ==============📣系统通知📣==============
May 23 01:15:37 东东健康社区
May 23 01:15:37 京东账号2 jd_MCazEJrLyuXn
May 23 01:15:37 本次获得0健康值，累计0健康值
May 23 01:15:37 
May 23 01:15:37 
May 23 01:15:37 ******开始【京东账号3】鬼神之吕奉先*********
May 23 01:15:37 
May 23 01:15:37 由于您第3个京东账号未提供shareCode,将采纳本脚本自带的助力码
May 23 01:15:37 
May 23 01:15:37 开始
May 23 01:15:37 随机取20个码放到您固定的互助码后面(不影响已有固定互助)
May 23 01:15:37 第3个京东账号将要助力的好友["T019-aknAFRllhyoQlyI46gCjVfnoaW5kRrbA","T0225KkcRhcbp1CBJhv0wfZedQCjVfnoaW5kRrbA","T010_aU6SR8Q_QCjVfnoaW5kRrbA","T0225KkcREtN9lOGJUinl_dfcwCjVfnoaW5kRrbA","T0225KkcRBYdoFaGIxOnnPMJdACjVfnoaW5kRrbA","T027Zm_olqSxIOtH97BATGmKoWraLawCjVfnoaW5kRrbA","T0225KkcRk1N_FeCJhv3xvdfcQCjVfnoaW5kRrbA","T0085Ko5GEZQCjVfnoaW5kRrbA","T016aUXylb2ELMhbY1-qCjVfnoaW5kRrbA","T015t_93Rhgc81beT0cCjVfnoaW5kRrbA","T0225KkcRx9M8waDdh6nx6QJdgCjVQmoaT5kRrbA","T0225KkcREgQoVTVIhmnx_BYcgCjVfnoaW5kRrbA","T0186qcnQB0c9FzRJB39lwCjVfnoaW5kRrbA","T016aHrymL20rwGGZk-qCjVfnoaW5kRrbA","T0115qg0GVpd910CjVfnoaW5kRrbA","T019v_R7Qhob8knUJBL0lv8CjVfnoaW5kRrbA","T0225KkcRBcZ8FSEdByllKUPdwCjVfnoaW5kRrbA","T0225KkcRh4Zp1LQcUv0wKJedgCjVfnoaW5kRrbA","T0225KkcRxdM_VWBJ0iinfdYcQCjVfnoaW5kRrbA","T0225KkcRxwb9weGJhr2k_EPJQCjVfnoaW5kRrbA","T0225KkcRhlN8lzVchrzxfVZIgCjVfnoaW5kRrbA","T0225KkcRBgZ_VHScRr2waMCcACjVfnoaW5kRrbA","T0225KkcRRlN81eGJR70xaQDcgCjVfnoaW5kRrbA","T0144K85H0BOvwuJdwCjVfnoaW5kRrbA","T0205KkcN1hIjCOMfEeqwK9YCjVfnoaW5kRrbA","T0155KQtHEtAtgyOfk8CjVfnoaW5kRrbA","T0205KkcN0dxnCGmYGmF8Y5fCjVfnoaW5kRrbA"]
May 23 01:15:38 签到领健康能量任务，完成次数：0/1
May 23 01:15:38 去完成签到领健康能量任务
May 23 01:15:38 任务完成成功，获得：200能量
May 23 01:15:38 
May 23 01:15:38 【京东账号3（鬼神之吕奉先）的东东健康社区好友互助码】T024Z2H_l4u3Id1s9bpRQWKzoYiSCjVfnoaW5kRrbA
May 23 01:15:38 
May 23 01:15:38 一分钱造爆款电器任务，完成次数：0/1
May 23 01:15:38 去完成一分钱造爆款电器任务
May 23 01:15:38 任务领取结果：任务领取成功
May 23 01:15:48 任务完成成功，获得：300能量
May 23 01:15:48 早起打卡(06:00-09:00)任务，完成次数：0/1
May 23 01:15:48 去完成早起打卡(06:00-09:00)任务
May 23 01:15:48 任务完成失败：不在打卡时间哦!
May 23 01:15:48 瓜分千万京豆任务，完成次数：0/1
May 23 01:15:48 去完成瓜分千万京豆任务
May 23 01:15:48 任务领取结果：任务领取成功
May 23 01:15:58 任务完成成功，获得：300能量
May 23 01:15:58 关注鱼跃店铺任务，完成次数：0/5
May 23 01:15:58 去完成关注鱼跃店铺任务
May 23 01:15:58 去完成关注鱼跃店铺任务
May 23 01:15:58 去完成关注鱼跃店铺任务
May 23 01:15:58 去完成关注鱼跃店铺任务
May 23 01:15:58 去完成关注鱼跃店铺任务
May 23 01:15:58 浏览汇仁品牌会场任务，完成次数：0/1
May 23 01:15:58 去完成浏览汇仁品牌会场任务
May 23 01:15:58 任务领取结果：任务领取成功
May 23 01:16:09 任务完成成功，获得：300能量
May 23 01:16:09 汇仁京东自营旗舰店任务，完成次数：0/1
May 23 01:16:09 去完成汇仁京东自营旗舰店任务
May 23 01:16:10 早起打卡(06:00-09:00)任务，完成次数：0/1
May 23 01:16:10 去完成早起打卡(06:00-09:00)任务
May 23 01:16:10 任务完成失败：不在打卡时间哦!
May 23 01:16:10 关注云南白药店铺任务，完成次数：0/5
May 23 01:16:10 去完成关注云南白药店铺任务
May 23 01:16:10 去完成关注云南白药店铺任务
May 23 01:16:10 去完成关注云南白药店铺任务
May 23 01:16:10 去完成关注云南白药店铺任务
May 23 01:16:10 去完成关注云南白药店铺任务
May 23 01:16:10 汇仁京东自营旗舰店任务，完成次数：0/1
May 23 01:16:10 去完成汇仁京东自营旗舰店任务
May 23 01:16:10 浏览京东大药房会场任务，完成次数：0/1
May 23 01:16:10 去完成浏览京东大药房会场任务
May 23 01:16:10 任务领取结果：任务领取成功
May 23 01:16:20 任务完成成功，获得：300能量
May 23 01:16:20 关注医药馆1元抢好药任务，完成次数：0/1
May 23 01:16:20 去完成关注医药馆1元抢好药任务
May 23 01:16:20 任务完成成功，获得：500能量
May 23 01:16:21 早起打卡(06:00-09:00)任务，完成次数：0/1
May 23 01:16:21 去完成早起打卡(06:00-09:00)任务
May 23 01:16:21 任务完成失败：不在打卡时间哦!
May 23 01:16:21 关注鱼跃店铺任务，完成次数：0/5
May 23 01:16:21 去完成关注鱼跃店铺任务
May 23 01:16:21 去完成关注鱼跃店铺任务
May 23 01:16:21 去完成关注鱼跃店铺任务
May 23 01:16:21 去完成关注鱼跃店铺任务
May 23 01:16:21 去完成关注鱼跃店铺任务
May 23 01:16:21 汇仁京东自营旗舰店任务，完成次数：0/1
May 23 01:16:21 去完成汇仁京东自营旗舰店任务
May 23 01:16:21 西医亚健康测评任务，完成次数：0/1
May 23 01:16:21 去完成西医亚健康测评任务
May 23 01:16:21 NELO 卡布奇诺风味咖啡压片糖果 即食咖啡嚼嚼豆任务，完成次数：0/3
May 23 01:16:21 去完成NELO 卡布奇诺风味咖啡压片糖果 即食咖啡嚼嚼豆任务
May 23 01:16:21 任务领取结果：任务领取成功
May 23 01:16:31 任务完成成功，获得：300能量
May 23 01:16:31 去完成NELO 卡布奇诺风味咖啡压片糖果 即食咖啡嚼嚼豆任务
May 23 01:16:32 任务领取结果：任务领取成功
May 23 01:16:42 任务完成成功，获得：300能量
May 23 01:16:42 去完成NELO 卡布奇诺风味咖啡压片糖果 即食咖啡嚼嚼豆任务
May 23 01:16:42 任务领取结果：任务领取成功
May 23 01:16:52 任务完成成功，获得：300能量
May 23 01:16:53 早起打卡(06:00-09:00)任务，完成次数：0/1
May 23 01:16:53 去完成早起打卡(06:00-09:00)任务
May 23 01:16:53 任务完成失败：不在打卡时间哦!
May 23 01:16:53 关注鱼跃店铺任务，完成次数：0/5
May 23 01:16:53 去完成关注鱼跃店铺任务
May 23 01:16:53 去完成关注鱼跃店铺任务
May 23 01:16:53 去完成关注鱼跃店铺任务
May 23 01:16:53 去完成关注鱼跃店铺任务
May 23 01:16:53 去完成关注鱼跃店铺任务
May 23 01:16:53 汇仁京东自营旗舰店任务，完成次数：0/1
May 23 01:16:53 去完成汇仁京东自营旗舰店任务
May 23 01:16:53 西医亚健康测评任务，完成次数：0/1
May 23 01:16:53 去完成西医亚健康测评任务
May 23 01:16:53 浏览保健馆活动会场任务，完成次数：0/1
May 23 01:16:53 去完成浏览保健馆活动会场任务
May 23 01:16:53 任务领取结果：任务领取成功
May 23 01:17:03 任务完成成功，获得：300能量
May 23 01:17:04 早起打卡(06:00-09:00)任务，完成次数：0/1
May 23 01:17:04 去完成早起打卡(06:00-09:00)任务
May 23 01:17:04 任务完成失败：不在打卡时间哦!
May 23 01:17:04 关注云南白药店铺任务，完成次数：0/5
May 23 01:17:04 去完成关注云南白药店铺任务
May 23 01:17:04 去完成关注云南白药店铺任务
May 23 01:17:04 去完成关注云南白药店铺任务
May 23 01:17:04 去完成关注云南白药店铺任务
May 23 01:17:04 去完成关注云南白药店铺任务
May 23 01:17:04 汇仁京东自营旗舰店任务，完成次数：0/1
May 23 01:17:04 去完成汇仁京东自营旗舰店任务
May 23 01:17:04 西医亚健康测评任务，完成次数：0/1
May 23 01:17:04 去完成西医亚健康测评任务
May 23 01:17:04 瑞慈体检 （RICH HEALTHCARE）体检卡 感恩深度体检套餐 上海北京广州等全国门店通用任务，完成次数：0/3
May 23 01:17:04 去完成瑞慈体检 （RICH HEALTHCARE）体检卡 感恩深度体检套餐 上海北京广州等全国门店通用任务
May 23 01:17:05 任务领取结果：任务领取成功
May 23 01:17:15 任务完成成功，获得：300能量
May 23 01:17:15 去完成瑞慈体检 （RICH HEALTHCARE）体检卡 感恩深度体检套餐 上海北京广州等全国门店通用任务
May 23 01:17:15 任务领取结果：任务领取成功
May 23 01:17:25 任务完成成功，获得：300能量
May 23 01:17:25 去完成瑞慈体检 （RICH HEALTHCARE）体检卡 感恩深度体检套餐 上海北京广州等全国门店通用任务
May 23 01:17:25 任务领取结果：任务领取成功
May 23 01:17:35 任务完成成功，获得：300能量
May 23 01:17:36 任务完成成功，获得：302能量
May 23 01:17:36 去助力好友T019-aknAFRllhyoQlyI46gCjVfnoaW5kRrbA
May 23 01:17:36 任务完成失败：助力失败丨助力已满员！谢谢你哦~
May 23 01:17:37 去助力好友T0225KkcRhcbp1CBJhv0wfZedQCjVfnoaW5kRrbA
May 23 01:17:37 任务完成失败：助力失败丨助力已满员！谢谢你哦~
May 23 01:17:38 去助力好友T010_aU6SR8Q_QCjVfnoaW5kRrbA
May 23 01:17:38 任务完成失败：助力失败丨助力已满员！谢谢你哦~
May 23 01:17:39 去助力好友T0225KkcREtN9lOGJUinl_dfcwCjVfnoaW5kRrbA
May 23 01:17:40 任务完成失败：助力失败丨助力已满员！谢谢你哦~
May 23 01:17:41 去助力好友T0225KkcRBYdoFaGIxOnnPMJdACjVfnoaW5kRrbA
May 23 01:17:41 任务完成失败：助力失败丨助力已满员！谢谢你哦~
May 23 01:17:42 去助力好友T027Zm_olqSxIOtH97BATGmKoWraLawCjVfnoaW5kRrbA
May 23 01:17:42 任务完成失败：助力失败丨助力已满员！谢谢你哦~
May 23 01:17:43 去助力好友T0225KkcRk1N_FeCJhv3xvdfcQCjVfnoaW5kRrbA
May 23 01:17:43 任务完成失败：助力失败丨助力已满员！谢谢你哦~
May 23 01:17:44 去助力好友T0085Ko5GEZQCjVfnoaW5kRrbA
May 23 01:17:44 任务完成失败：助力失败丨助力已满员！谢谢你哦~
May 23 01:17:45 去助力好友T016aUXylb2ELMhbY1-qCjVfnoaW5kRrbA
May 23 01:17:45 任务完成失败：助力失败丨助力已满员！谢谢你哦~
May 23 01:17:46 去助力好友T015t_93Rhgc81beT0cCjVfnoaW5kRrbA
May 23 01:17:46 任务完成失败：助力失败丨助力已满员！谢谢你哦~
May 23 01:17:47 去助力好友T0225KkcRx9M8waDdh6nx6QJdgCjVQmoaT5kRrbA
May 23 01:17:47 任务完成失败：助力失败丨助力已满员！谢谢你哦~
May 23 01:17:48 去助力好友T0225KkcREgQoVTVIhmnx_BYcgCjVfnoaW5kRrbA
May 23 01:17:48 任务完成失败：助力失败丨助力已满员！谢谢你哦~
May 23 01:17:49 去助力好友T0186qcnQB0c9FzRJB39lwCjVfnoaW5kRrbA
May 23 01:17:49 任务完成失败：助力失败丨助力已满员！谢谢你哦~
May 23 01:17:50 去助力好友T016aHrymL20rwGGZk-qCjVfnoaW5kRrbA
May 23 01:17:50 任务完成失败：助力失败丨助力已满员！谢谢你哦~
May 23 01:17:51 去助力好友T0115qg0GVpd910CjVfnoaW5kRrbA
May 23 01:17:52 任务完成失败：助力失败丨助力已满员！谢谢你哦~
May 23 01:17:53 去助力好友T019v_R7Qhob8knUJBL0lv8CjVfnoaW5kRrbA
May 23 01:17:53 任务完成失败：助力失败丨助力已满员！谢谢你哦~
May 23 01:17:54 去助力好友T0225KkcRBcZ8FSEdByllKUPdwCjVfnoaW5kRrbA
May 23 01:17:54 任务完成失败：助力失败丨助力已满员！谢谢你哦~
May 23 01:17:55 去助力好友T0225KkcRh4Zp1LQcUv0wKJedgCjVfnoaW5kRrbA
May 23 01:17:55 任务完成失败：助力失败丨助力已满员！谢谢你哦~
May 23 01:17:56 去助力好友T0225KkcRxdM_VWBJ0iinfdYcQCjVfnoaW5kRrbA
May 23 01:17:56 任务完成失败：助力失败丨助力已满员！谢谢你哦~
May 23 01:17:57 去助力好友T0225KkcRxwb9weGJhr2k_EPJQCjVfnoaW5kRrbA
May 23 01:17:57 任务完成失败：助力失败丨助力已满员！谢谢你哦~
May 23 01:17:58 去助力好友T0225KkcRhlN8lzVchrzxfVZIgCjVfnoaW5kRrbA
May 23 01:17:58 任务完成失败：助力失败丨助力已满员！谢谢你哦~
May 23 01:17:59 去助力好友T0225KkcRBgZ_VHScRr2waMCcACjVfnoaW5kRrbA
May 23 01:17:59 任务完成失败：助力失败丨助力已满员！谢谢你哦~
May 23 01:18:00 去助力好友T0225KkcRRlN81eGJR70xaQDcgCjVfnoaW5kRrbA
May 23 01:18:00 任务完成失败：助力失败丨助力已满员！谢谢你哦~
May 23 01:18:01 去助力好友T0144K85H0BOvwuJdwCjVfnoaW5kRrbA
May 23 01:18:01 任务完成失败：助力失败丨助力已满员！谢谢你哦~
May 23 01:18:02 去助力好友T0205KkcN1hIjCOMfEeqwK9YCjVfnoaW5kRrbA
May 23 01:18:02 任务完成失败：助力失败丨助力已满员！谢谢你哦~
May 23 01:18:03 去助力好友T0155KQtHEtAtgyOfk8CjVfnoaW5kRrbA
May 23 01:18:04 任务完成失败：助力失败丨助力已满员！谢谢你哦~
May 23 01:18:05 去助力好友T0205KkcN0dxnCGmYGmF8Y5fCjVfnoaW5kRrbA
May 23 01:18:05 任务完成失败：助力失败丨助力已满员！谢谢你哦~
May 23 01:18:06 健康一下任务，完成次数：0/1
May 23 01:18:06 任务领取结果：任务领取成功
May 23 01:18:09 任务完成成功，获得：300能量
May 23 01:18:09 
May 23 01:18:09 ==============📣系统通知📣==============
May 23 01:18:09 东东健康社区
May 23 01:18:09 京东账号3 鬼神之吕奉先
May 23 01:18:09 本次获得4602健康值，累计586890健康值
May 23 01:18:09 
May 23 01:18:09 
May 23 01:18:09 ******开始【京东账号4】jd_6ba76f15069fd*********
May 23 01:18:09 
May 23 01:18:09 由于您第4个京东账号未提供shareCode,将采纳本脚本自带的助力码
May 23 01:18:09 
May 23 01:18:09 开始
May 23 01:18:10 随机取20个码放到您固定的互助码后面(不影响已有固定互助)
May 23 01:18:10 第4个京东账号将要助力的好友["T019-aknAFRllhyoQlyI46gCjVfnoaW5kRrbA","T0225KkcRhcbp1CBJhv0wfZedQCjVfnoaW5kRrbA","T010_aU6SR8Q_QCjVfnoaW5kRrbA","T0225KkcREtN9lOGJUinl_dfcwCjVfnoaW5kRrbA","T0225KkcRBYdoFaGIxOnnPMJdACjVfnoaW5kRrbA","T027Zm_olqSxIOtH97BATGmKoWraLawCjVfnoaW5kRrbA","T0225KkcRk1N_FeCJhv3xvdfcQCjVfnoaW5kRrbA","T0117aM5HhwZ9VwCjVfnoaW5kRrbA","T010-qAiHVoY9ACjVfnoaW5kRrbA","T0205KkcBXR-vz6yW2G095RTCjVfnoaW5kRrbA","T0225KkcRx4aoFTSJx2glf4LcwCjVfnoaW5kRrbA","T0205KkcAEVqijKmR0yC6rRQCjVfnoaW5kRrbA","T018v_VxRxkd91bVKRub1ACjVfnoaW5kRrbA","T0149r4pAV8Y91e4fQCjVfnoaW5kRrbA","T0205KkcJUBLqxWoZX2O_bNdCjVfnoaW5kRrbA","T0166KE6GkpKpBSTcUOqCjVfnoaW5kRrbA","T022v_RySB4Z_V3ePR_3k_UJfACjVfnoaW5kRrbA","T0205KkcMmRklTWpd3uI9Jd9CjVfnoaW5kRrbA","T015vPV1Rx4a8l3WT0cCjVfnoaW5kRrbA","T0161IUJlYqOIshP-bhbCjVfnoaW5kRrbA","T0164rghGUBOrRGGaHWpCjVfnoaW5kRrbA","T020a0jwlZS1Id5r9ZpVQ0-NCjVfnoaW5kRrbA","T0225KkcRxsQ8wWGJhillaUDJQCjVfnoaW5kRrbA","T0225KkcRxgQ9FzTJUn0waUPfACjVfnoaW5kRrbA","T0157KgiE0ZIqFXeKBICjVfnoaW5kRrbA","T018v_hzSRYb9F3SIhKb1ACjVfnoaW5kRrbA","T0205KkcEmBbvCO-ZGOux6NYCjVfnoaW5kRrbA"]
May 23 01:18:10 签到领健康能量任务，完成次数：0/1
May 23 01:18:10 去完成签到领健康能量任务
May 23 01:18:10 任务完成成功，获得：200能量
May 23 01:18:11 
May 23 01:18:11 【京东账号4（jd_6ba76f15069fd）的东东健康社区好友互助码】T0225KkcRkxI8lKBIR_0kv5cIACjVfnoaW5kRrbA
May 23 01:18:11 
May 23 01:18:11 一分钱造爆款电器任务，完成次数：0/1
May 23 01:18:11 去完成一分钱造爆款电器任务
May 23 01:18:11 任务领取结果：任务领取成功
May 23 01:18:21 任务完成成功，获得：300能量
May 23 01:18:21 早起打卡(06:00-09:00)任务，完成次数：0/1
May 23 01:18:21 去完成早起打卡(06:00-09:00)任务
May 23 01:18:21 任务完成失败：不在打卡时间哦!
May 23 01:18:21 瓜分千万京豆任务，完成次数：0/1
May 23 01:18:21 去完成瓜分千万京豆任务
May 23 01:18:21 任务领取结果：任务领取成功
May 23 01:18:31 任务完成成功，获得：300能量
May 23 01:18:31 关注Swisse店铺任务，完成次数：0/5
May 23 01:18:31 去完成关注Swisse店铺任务
May 23 01:18:31 去完成关注Swisse店铺任务
May 23 01:18:31 去完成关注Swisse店铺任务
May 23 01:18:31 去完成关注Swisse店铺任务
May 23 01:18:31 去完成关注Swisse店铺任务
May 23 01:18:31 浏览汇仁品牌会场任务，完成次数：0/1
May 23 01:18:31 去完成浏览汇仁品牌会场任务
May 23 01:18:31 任务领取结果：任务领取成功
