Apr 25 00:00:01 
Apr 25 00:00:01 🔔宠汪汪积分兑换奖品, 开始!
Apr 25 00:00:01 
Apr 25 00:00:01 ====================共6个京东账号Cookie=========
Apr 25 00:00:01 
Apr 25 00:00:01 ==================脚本执行- 北京时间(UTC+8)：4/25/2021, 12:00:01 AM=====================
Apr 25 00:00:01 
Apr 25 00:00:01 
Apr 25 00:00:01 *****开始【京东账号1】18337656372_p****
Apr 25 00:00:01 
Apr 25 00:00:01 脚本开始请求时间 2021-04-25 00:00:01 | 965
Apr 25 00:00:02 
Apr 25 00:00:02 debug场次:beanConfigs0
Apr 25 00:00:02 
Apr 25 00:00:02 20京豆当前库存:4529，id：338
Apr 25 00:00:02 500京豆当前库存:0，id：339
Apr 25 00:00:02 
Apr 25 00:00:02 您设置的兑换20京豆库存充足,开始为您兑换20京豆
Apr 25 00:00:02 
Apr 25 00:00:02 脚本开始兑换20京豆时间 2021-04-25 00:00:02 | 338
Apr 25 00:00:02 兑换结果:{"errorCode":"buy_success","errorMessage":null,"currentTime":1619280002580,"data":null,"success":true}
Apr 25 00:00:02 请求兑换API后时间 2021-04-25 00:00:02 | 724
Apr 25 00:00:02 
Apr 25 00:00:02 兑换20成功,【消耗积分】340个
Apr 25 00:00:02 
Apr 25 00:00:02 
Apr 25 00:00:02 ==============📣系统通知📣==============
Apr 25 00:00:02 宠汪汪积分兑换奖品
Apr 25 00:00:02 【京东账号1】18337656372_p
Apr 25 00:00:02 【20京豆】兑换成功🎉
Apr 25 00:00:02 【积分详情】消耗积分 340
Apr 25 00:00:02 
Apr 25 00:00:02 *****开始【京东账号2】jd_MCazEJrLyuXn****
Apr 25 00:00:02 
Apr 25 00:00:02 脚本开始请求时间 2021-04-25 00:00:02 | 841
Apr 25 00:00:10 
Apr 25 00:00:10 debug场次:beanConfigs0
Apr 25 00:00:10 
Apr 25 00:00:10 20京豆当前库存:3059，id：336
Apr 25 00:00:10 500京豆当前库存:0，id：337
Apr 25 00:00:10 
Apr 25 00:00:10 您设置的兑换20京豆库存充足,开始为您兑换20京豆
Apr 25 00:00:10 
Apr 25 00:00:10 脚本开始兑换20京豆时间 2021-04-25 00:00:10 | 102
Apr 25 00:00:10 兑换结果:{"errorCode":"buy_success","errorMessage":null,"currentTime":1619280010252,"data":null,"success":true}
Apr 25 00:00:10 请求兑换API后时间 2021-04-25 00:00:10 | 465
Apr 25 00:00:10 
Apr 25 00:00:10 兑换20成功,【消耗积分】350个
Apr 25 00:00:10 
Apr 25 00:00:10 
Apr 25 00:00:10 ==============📣系统通知📣==============
Apr 25 00:00:10 宠汪汪积分兑换奖品
Apr 25 00:00:10 【京东账号2】jd_MCazEJrLyuXn
Apr 25 00:00:10 【20京豆】兑换成功🎉
Apr 25 00:00:10 【积分详情】消耗积分 350
Apr 25 00:00:10 
Apr 25 00:00:10 *****开始【京东账号3】鬼神之吕奉先****
Apr 25 00:00:10 
Apr 25 00:00:10 脚本开始请求时间 2021-04-25 00:00:10 | 602
Apr 25 00:00:10 
Apr 25 00:00:10 debug场次:beanConfigs0
Apr 25 00:00:10 
Apr 25 00:00:10 20京豆当前库存:2903，id：336
Apr 25 00:00:10 500京豆当前库存:0，id：337
Apr 25 00:00:10 
Apr 25 00:00:10 您设置的兑换20京豆库存充足,开始为您兑换20京豆
Apr 25 00:00:10 
Apr 25 00:00:10 脚本开始兑换20京豆时间 2021-04-25 00:00:10 | 781
Apr 25 00:00:12 兑换结果:{"errorCode":"buy_success","errorMessage":null,"currentTime":1619280011958,"data":null,"success":true}
Apr 25 00:00:12 请求兑换API后时间 2021-04-25 00:00:12 | 206
Apr 25 00:00:12 
Apr 25 00:00:12 兑换20成功,【消耗积分】350个
Apr 25 00:00:12 
Apr 25 00:00:12 
Apr 25 00:00:12 ==============📣系统通知📣==============
Apr 25 00:00:12 宠汪汪积分兑换奖品
Apr 25 00:00:12 【京东账号3】鬼神之吕奉先
Apr 25 00:00:12 【20京豆】兑换成功🎉
Apr 25 00:00:12 【积分详情】消耗积分 350
Apr 25 00:00:12 
Apr 25 00:00:12 *****开始【京东账号4】jd_6ba76f15069fd****
Apr 25 00:00:12 
Apr 25 00:00:12 脚本开始请求时间 2021-04-25 00:00:12 | 323
Apr 25 00:00:15 
Apr 25 00:00:15 debug场次:beanConfigs0
Apr 25 00:00:15 
Apr 25 00:00:15 20京豆当前库存:551，id：334
Apr 25 00:00:15 500京豆当前库存:30，id：335
Apr 25 00:00:15 
Apr 25 00:00:15 您设置的兑换20京豆库存充足,开始为您兑换20京豆
Apr 25 00:00:15 
Apr 25 00:00:15 脚本开始兑换20京豆时间 2021-04-25 00:00:15 | 505
Apr 25 00:00:15 兑换结果:{"errorCode":"buy_success","errorMessage":null,"currentTime":1619280015639,"data":null,"success":true}
Apr 25 00:00:15 请求兑换API后时间 2021-04-25 00:00:15 | 907
Apr 25 00:00:15 
Apr 25 00:00:15 兑换20成功,【消耗积分】360个
Apr 25 00:00:15 
Apr 25 00:00:15 
Apr 25 00:00:15 ==============📣系统通知📣==============
Apr 25 00:00:15 宠汪汪积分兑换奖品
Apr 25 00:00:15 【京东账号4】jd_6ba76f15069fd
Apr 25 00:00:15 【20京豆】兑换成功🎉
Apr 25 00:00:15 【积分详情】消耗积分 360
Apr 25 00:00:16 
Apr 25 00:00:16 *****开始【京东账号5】jd_46928899fcc30****
Apr 25 00:00:16 
Apr 25 00:00:16 脚本开始请求时间 2021-04-25 00:00:16 | 10
Apr 25 00:00:17 
Apr 25 00:00:17 debug场次:beanConfigs0
Apr 25 00:00:17 
Apr 25 00:00:17 20京豆当前库存:490，id：334
Apr 25 00:00:17 500京豆当前库存:30，id：335
Apr 25 00:00:17 
Apr 25 00:00:17 您设置的兑换20京豆库存充足,开始为您兑换20京豆
Apr 25 00:00:17 
Apr 25 00:00:17 脚本开始兑换20京豆时间 2021-04-25 00:00:17 | 188
Apr 25 00:00:17 兑换结果:{"errorCode":"insufficient","errorMessage":null,"currentTime":1619280017406,"data":null,"success":true}
Apr 25 00:00:17 请求兑换API后时间 2021-04-25 00:00:17 | 714
Apr 25 00:00:17 
Apr 25 00:00:17 兑换20京豆失败，原因：当前账号积分不足兑换20京豆所需的360积分
Apr 25 00:00:17 
Apr 25 00:00:17 
Apr 25 00:00:17 *****开始【京东账号6】jd_EirxWEerdtmu****
Apr 25 00:00:17 
Apr 25 00:00:17 脚本开始请求时间 2021-04-25 00:00:17 | 833
Apr 25 00:00:19 
Apr 25 00:00:19 debug场次:beanConfigs0
Apr 25 00:00:19 
Apr 25 00:00:19 20京豆当前库存:421，id：334
Apr 25 00:00:19 500京豆当前库存:30，id：335
Apr 25 00:00:19 
Apr 25 00:00:19 您设置的兑换20京豆库存充足,开始为您兑换20京豆
Apr 25 00:00:19 
Apr 25 00:00:19 脚本开始兑换20京豆时间 2021-04-25 00:00:19 | 4
Apr 25 00:00:20 兑换结果:{"errorCode":"buy_success","errorMessage":null,"currentTime":1619280020210,"data":null,"success":true}
Apr 25 00:00:20 请求兑换API后时间 2021-04-25 00:00:20 | 438
Apr 25 00:00:20 
Apr 25 00:00:20 兑换20成功,【消耗积分】360个
Apr 25 00:00:20 
Apr 25 00:00:20 
Apr 25 00:00:20 ==============📣系统通知📣==============
Apr 25 00:00:20 宠汪汪积分兑换奖品
Apr 25 00:00:20 【京东账号6】jd_EirxWEerdtmu
Apr 25 00:00:20 【20京豆】兑换成功🎉
Apr 25 00:00:20 【积分详情】消耗积分 360
Apr 25 00:00:20 
Apr 25 00:00:20 
Apr 25 00:00:20 您未提供server酱的SCKEY，取消微信推送消息通知🚫
Apr 25 00:00:20 
Apr 25 00:00:20 您未提供push+推送所需的PUSH_PLUS_TOKEN，取消push+推送消息通知🚫
Apr 25 00:00:20 
Apr 25 00:00:20 您未提供Bark的APP推送BARK_PUSH，取消Bark推送消息通知🚫
Apr 25 00:00:20 
Apr 25 00:00:20 您未提供telegram机器人推送所需的TG_BOT_TOKEN和TG_USER_ID，取消telegram推送消息通知🚫
Apr 25 00:00:20 
Apr 25 00:00:20 您未提供钉钉机器人推送所需的DD_BOT_TOKEN或者DD_BOT_SECRET，取消钉钉推送消息通知🚫
Apr 25 00:00:20 
Apr 25 00:00:20 您未提供企业微信机器人推送所需的QYWX_KEY，取消企业微信推送消息通知🚫
Apr 25 00:00:20 
Apr 25 00:00:20 您未提供iGot的推送IGOT_PUSH_KEY，取消iGot推送消息通知🚫
Apr 25 00:00:20 
Apr 25 00:00:20 成员ID:@all企业微信应用消息发送通知消息成功🎉。
Apr 25 00:00:20 
Apr 25 00:00:20 
Apr 25 00:00:20 🔔宠汪汪积分兑换奖品, 结束! 🕛 19.825 秒
Apr 25 00:00:20 
Apr 25 08:00:00 
Apr 25 08:00:00 🔔宠汪汪积分兑换奖品, 开始!
Apr 25 08:00:00 
Apr 25 08:00:00 ====================共6个京东账号Cookie=========
Apr 25 08:00:00 
Apr 25 08:00:00 ==================脚本执行- 北京时间(UTC+8)：4/25/2021, 8:00:00 AM=====================
Apr 25 08:00:00 
Apr 25 08:00:01 
Apr 25 08:00:01 *****开始【京东账号1】18337656372_p****
Apr 25 08:00:01 
Apr 25 08:00:01 脚本开始请求时间 2021-04-25 08:00:01 | 15
Apr 25 08:00:01 
Apr 25 08:00:01 debug场次:beanConfigs8
Apr 25 08:00:01 
Apr 25 08:00:01 20京豆当前库存:0，id：338
Apr 25 08:00:01 500京豆当前库存:0，id：339
Apr 25 08:00:01 
Apr 25 08:00:01 按您设置的兑换20京豆失败，原因：京豆库存不足，已抢完，请下一场再兑换
Apr 25 08:00:01 
Apr 25 08:00:01 
Apr 25 08:00:01 *****开始【京东账号2】jd_MCazEJrLyuXn****
Apr 25 08:00:01 
Apr 25 08:00:01 脚本开始请求时间 2021-04-25 08:00:01 | 475
Apr 25 08:00:08 
Apr 25 08:00:08 debug场次:beanConfigs8
Apr 25 08:00:08 
Apr 25 08:00:08 20京豆当前库存:4619，id：336
Apr 25 08:00:08 500京豆当前库存:0，id：337
Apr 25 08:00:08 
Apr 25 08:00:08 您设置的兑换20京豆库存充足,开始为您兑换20京豆
Apr 25 08:00:08 
Apr 25 08:00:08 脚本开始兑换20京豆时间 2021-04-25 08:00:08 | 718
Apr 25 08:00:10 兑换结果:{"errorCode":"buy_limit","errorMessage":null,"currentTime":1619308809837,"data":null,"success":true}
Apr 25 08:00:10 请求兑换API后时间 2021-04-25 08:00:10 | 36
Apr 25 08:00:10 
Apr 25 08:00:10 兑换20京豆失败，原因：兑换京豆已达上限，请把机会留给更多的小伙伴~
Apr 25 08:00:10 
Apr 25 08:00:10 
Apr 25 08:00:10 *****开始【京东账号3】鬼神之吕奉先****
Apr 25 08:00:10 
Apr 25 08:00:10 脚本开始请求时间 2021-04-25 08:00:10 | 153
Apr 25 08:00:11 
Apr 25 08:00:11 debug场次:beanConfigs8
Apr 25 08:00:11 
Apr 25 08:00:11 20京豆当前库存:4434，id：336
Apr 25 08:00:11 500京豆当前库存:0，id：337
Apr 25 08:00:11 
Apr 25 08:00:11 您设置的兑换20京豆库存充足,开始为您兑换20京豆
Apr 25 08:00:11 
Apr 25 08:00:11 脚本开始兑换20京豆时间 2021-04-25 08:00:11 | 290
Apr 25 08:00:14 兑换结果:{"errorCode":"buy_limit","errorMessage":null,"currentTime":1619308814567,"data":null,"success":true}
Apr 25 08:00:14 请求兑换API后时间 2021-04-25 08:00:14 | 878
Apr 25 08:00:14 
Apr 25 08:00:14 兑换20京豆失败，原因：兑换京豆已达上限，请把机会留给更多的小伙伴~
Apr 25 08:00:14 
Apr 25 08:00:14 
Apr 25 08:00:14 *****开始【京东账号4】jd_6ba76f15069fd****
Apr 25 08:00:14 
Apr 25 08:00:14 脚本开始请求时间 2021-04-25 08:00:14 | 991
Apr 25 08:00:15 
Apr 25 08:00:15 debug场次:beanConfigs8
Apr 25 08:00:15 
Apr 25 08:00:15 20京豆当前库存:4127，id：336
Apr 25 08:00:15 500京豆当前库存:0，id：337
Apr 25 08:00:15 
Apr 25 08:00:15 您设置的兑换20京豆库存充足,开始为您兑换20京豆
Apr 25 08:00:15 
Apr 25 08:00:15 脚本开始兑换20京豆时间 2021-04-25 08:00:15 | 180
Apr 25 08:00:15 兑换结果:{"errorCode":"buy_limit","errorMessage":null,"currentTime":1619308815352,"data":null,"success":true}
Apr 25 08:00:15 请求兑换API后时间 2021-04-25 08:00:15 | 460
Apr 25 08:00:15 
Apr 25 08:00:15 兑换20京豆失败，原因：兑换京豆已达上限，请把机会留给更多的小伙伴~
Apr 25 08:00:15 
Apr 25 08:00:15 
Apr 25 08:00:15 *****开始【京东账号5】jd_46928899fcc30****
Apr 25 08:00:15 
Apr 25 08:00:15 脚本开始请求时间 2021-04-25 08:00:15 | 569
Apr 25 08:00:18 
Apr 25 08:00:18 debug场次:beanConfigs8
Apr 25 08:00:18 
Apr 25 08:00:18 20京豆当前库存:887，id：334
Apr 25 08:00:18 500京豆当前库存:29，id：335
Apr 25 08:00:18 
Apr 25 08:00:18 您设置的兑换20京豆库存充足,开始为您兑换20京豆
Apr 25 08:00:18 
Apr 25 08:00:18 脚本开始兑换20京豆时间 2021-04-25 08:00:18 | 807
Apr 25 08:00:19 兑换结果:{"errorCode":"buy_success","errorMessage":null,"currentTime":1619308818983,"data":null,"success":true}
Apr 25 08:00:19 请求兑换API后时间 2021-04-25 08:00:19 | 74
Apr 25 08:00:19 
Apr 25 08:00:19 兑换20成功,【消耗积分】360个
Apr 25 08:00:19 
Apr 25 08:00:19 
Apr 25 08:00:19 ==============📣系统通知📣==============
Apr 25 08:00:19 宠汪汪积分兑换奖品
Apr 25 08:00:19 【京东账号5】jd_46928899fcc30
Apr 25 08:00:19 【20京豆】兑换成功🎉
Apr 25 08:00:19 【积分详情】消耗积分 360
Apr 25 08:00:19 
Apr 25 08:00:19 *****开始【京东账号6】jd_EirxWEerdtmu****
Apr 25 08:00:19 
Apr 25 08:00:19 脚本开始请求时间 2021-04-25 08:00:19 | 184
Apr 25 08:00:19 
Apr 25 08:00:19 debug场次:beanConfigs8
Apr 25 08:00:19 
Apr 25 08:00:19 20京豆当前库存:882，id：334
Apr 25 08:00:19 500京豆当前库存:29，id：335
Apr 25 08:00:19 
Apr 25 08:00:19 您设置的兑换20京豆库存充足,开始为您兑换20京豆
Apr 25 08:00:19 
Apr 25 08:00:19 脚本开始兑换20京豆时间 2021-04-25 08:00:19 | 386
Apr 25 08:00:19 兑换结果:{"errorCode":"insufficient","errorMessage":null,"currentTime":1619308819547,"data":null,"success":true}
Apr 25 08:00:19 请求兑换API后时间 2021-04-25 08:00:19 | 615
Apr 25 08:00:19 
Apr 25 08:00:19 兑换20京豆失败，原因：当前账号积分不足兑换20京豆所需的360积分
Apr 25 08:00:19 
Apr 25 08:00:19 
Apr 25 08:00:19 
Apr 25 08:00:19 您未提供server酱的SCKEY，取消微信推送消息通知🚫
Apr 25 08:00:19 
Apr 25 08:00:19 您未提供push+推送所需的PUSH_PLUS_TOKEN，取消push+推送消息通知🚫
Apr 25 08:00:19 
Apr 25 08:00:19 您未提供Bark的APP推送BARK_PUSH，取消Bark推送消息通知🚫
Apr 25 08:00:19 
Apr 25 08:00:19 您未提供telegram机器人推送所需的TG_BOT_TOKEN和TG_USER_ID，取消telegram推送消息通知🚫
Apr 25 08:00:19 
Apr 25 08:00:19 您未提供钉钉机器人推送所需的DD_BOT_TOKEN或者DD_BOT_SECRET，取消钉钉推送消息通知🚫
Apr 25 08:00:19 
Apr 25 08:00:19 您未提供企业微信机器人推送所需的QYWX_KEY，取消企业微信推送消息通知🚫
Apr 25 08:00:19 
Apr 25 08:00:19 您未提供iGot的推送IGOT_PUSH_KEY，取消iGot推送消息通知🚫
Apr 25 08:00:19 
Apr 25 08:00:20 成员ID:@all企业微信应用消息发送通知消息成功🎉。
Apr 25 08:00:20 
Apr 25 08:00:20 
Apr 25 08:00:20 🔔宠汪汪积分兑换奖品, 结束! 🕛 19.475 秒
Apr 25 08:00:20 
Apr 25 16:00:00 
Apr 25 16:00:00 🔔宠汪汪积分兑换奖品, 开始!
Apr 25 16:00:00 
Apr 25 16:00:00 ====================共6个京东账号Cookie=========
Apr 25 16:00:00 
Apr 25 16:00:00 ==================脚本执行- 北京时间(UTC+8)：4/25/2021, 4:00:00 PM=====================
Apr 25 16:00:00 
Apr 25 16:00:01 
Apr 25 16:00:01 *****开始【京东账号1】18337656372_p****
Apr 25 16:00:01 
Apr 25 16:00:01 脚本开始请求时间 2021-04-25 16:00:01 | 91
Apr 25 16:00:01 
Apr 25 16:00:01 debug场次:beanConfigs16
Apr 25 16:00:01 
Apr 25 16:00:01 20京豆当前库存:0，id：338
Apr 25 16:00:01 500京豆当前库存:0，id：339
Apr 25 16:00:01 
Apr 25 16:00:01 按您设置的兑换20京豆失败，原因：京豆库存不足，已抢完，请下一场再兑换
Apr 25 16:00:01 
Apr 25 16:00:01 
Apr 25 16:00:01 *****开始【京东账号2】jd_MCazEJrLyuXn****
Apr 25 16:00:01 
Apr 25 16:00:01 脚本开始请求时间 2021-04-25 16:00:01 | 512
Apr 25 16:00:01 
Apr 25 16:00:01 debug场次:beanConfigs16
Apr 25 16:00:01 
Apr 25 16:00:01 20京豆当前库存:0，id：336
Apr 25 16:00:01 500京豆当前库存:0，id：337
Apr 25 16:00:01 
Apr 25 16:00:01 按您设置的兑换20京豆失败，原因：京豆库存不足，已抢完，请下一场再兑换
Apr 25 16:00:01 
Apr 25 16:00:01 
Apr 25 16:00:01 *****开始【京东账号3】鬼神之吕奉先****
Apr 25 16:00:01 
Apr 25 16:00:01 脚本开始请求时间 2021-04-25 16:00:01 | 929
Apr 25 16:00:05 
Apr 25 16:00:05 debug场次:beanConfigs16
Apr 25 16:00:05 
Apr 25 16:00:05 20京豆当前库存:4780，id：336
Apr 25 16:00:05 500京豆当前库存:43，id：337
Apr 25 16:00:05 
Apr 25 16:00:05 您设置的兑换20京豆库存充足,开始为您兑换20京豆
Apr 25 16:00:05 
Apr 25 16:00:05 脚本开始兑换20京豆时间 2021-04-25 16:00:05 | 124
Apr 25 16:00:05 兑换结果:{"errorCode":"buy_limit","errorMessage":null,"currentTime":1619337605281,"data":null,"success":true}
Apr 25 16:00:05 请求兑换API后时间 2021-04-25 16:00:05 | 356
Apr 25 16:00:05 
Apr 25 16:00:05 兑换20京豆失败，原因：兑换京豆已达上限，请把机会留给更多的小伙伴~
Apr 25 16:00:05 
Apr 25 16:00:05 
Apr 25 16:00:05 *****开始【京东账号4】jd_6ba76f15069fd****
Apr 25 16:00:05 
Apr 25 16:00:05 脚本开始请求时间 2021-04-25 16:00:05 | 494
Apr 25 16:00:06 
Apr 25 16:00:06 debug场次:beanConfigs16
Apr 25 16:00:06 
Apr 25 16:00:06 20京豆当前库存:4640，id：336
Apr 25 16:00:06 500京豆当前库存:12，id：337
Apr 25 16:00:06 
Apr 25 16:00:06 您设置的兑换20京豆库存充足,开始为您兑换20京豆
Apr 25 16:00:06 
Apr 25 16:00:06 脚本开始兑换20京豆时间 2021-04-25 16:00:06 | 771
Apr 25 16:00:06 兑换结果:{"errorCode":"buy_limit","errorMessage":null,"currentTime":1619337606899,"data":null,"success":true}
Apr 25 16:00:06 请求兑换API后时间 2021-04-25 16:00:06 | 979
Apr 25 16:00:06 
Apr 25 16:00:06 兑换20京豆失败，原因：兑换京豆已达上限，请把机会留给更多的小伙伴~
Apr 25 16:00:06 
Apr 25 16:00:07 
Apr 25 16:00:07 *****开始【京东账号5】jd_46928899fcc30****
Apr 25 16:00:07 
Apr 25 16:00:07 脚本开始请求时间 2021-04-25 16:00:07 | 95
Apr 25 16:00:07 
Apr 25 16:00:07 debug场次:beanConfigs16
Apr 25 16:00:07 
Apr 25 16:00:07 20京豆当前库存:4600，id：336
Apr 25 16:00:07 500京豆当前库存:0，id：337
Apr 25 16:00:07 
Apr 25 16:00:07 您设置的兑换20京豆库存充足,开始为您兑换20京豆
Apr 25 16:00:07 
Apr 25 16:00:07 脚本开始兑换20京豆时间 2021-04-25 16:00:07 | 304
Apr 25 16:00:14 兑换结果:{"errorCode":"buy_limit","errorMessage":null,"currentTime":1619337614457,"data":null,"success":true}
Apr 25 16:00:14 请求兑换API后时间 2021-04-25 16:00:14 | 536
Apr 25 16:00:14 
Apr 25 16:00:14 兑换20京豆失败，原因：兑换京豆已达上限，请把机会留给更多的小伙伴~
Apr 25 16:00:14 
Apr 25 16:00:14 
Apr 25 16:00:14 *****开始【京东账号6】jd_EirxWEerdtmu****
Apr 25 16:00:14 
Apr 25 16:00:14 脚本开始请求时间 2021-04-25 16:00:14 | 655
Apr 25 16:00:14 
Apr 25 16:00:14 debug场次:beanConfigs16
Apr 25 16:00:14 
Apr 25 16:00:14 20京豆当前库存:4075，id：336
Apr 25 16:00:14 500京豆当前库存:0，id：337
Apr 25 16:00:14 
Apr 25 16:00:14 您设置的兑换20京豆库存充足,开始为您兑换20京豆
Apr 25 16:00:14 
Apr 25 16:00:14 脚本开始兑换20京豆时间 2021-04-25 16:00:14 | 832
Apr 25 16:00:15 兑换结果:{"errorCode":"buy_limit","errorMessage":null,"currentTime":1619337614978,"data":null,"success":true}
Apr 25 16:00:15 请求兑换API后时间 2021-04-25 16:00:15 | 114
Apr 25 16:00:15 
Apr 25 16:00:15 兑换20京豆失败，原因：兑换京豆已达上限，请把机会留给更多的小伙伴~
Apr 25 16:00:15 
Apr 25 16:00:15 
Apr 25 16:00:15 🔔宠汪汪积分兑换奖品, 结束! 🕛 14.354 秒
Apr 25 16:00:15 
Apr 26 00:00:01 
Apr 26 00:00:01 🔔宠汪汪积分兑换奖品, 开始!
Apr 26 00:00:01 
Apr 26 00:00:01 ====================共6个京东账号Cookie=========
Apr 26 00:00:01 
Apr 26 00:00:01 ==================脚本执行- 北京时间(UTC+8)：4/26/2021, 12:00:01 AM=====================
Apr 26 00:00:01 
Apr 26 00:00:01 
Apr 26 00:00:01 *****开始【京东账号1】18337656372_p****
Apr 26 00:00:01 
Apr 26 00:00:01 脚本开始请求时间 2021-04-26 00:00:01 | 763
Apr 26 00:00:03 
Apr 26 00:00:03 debug场次:beanConfigs0
Apr 26 00:00:03 
Apr 26 00:00:03 20京豆当前库存:4512，id：338
Apr 26 00:00:03 500京豆当前库存:0，id：339
Apr 26 00:00:03 
Apr 26 00:00:03 您设置的兑换20京豆库存充足,开始为您兑换20京豆
Apr 26 00:00:03 
Apr 26 00:00:03 脚本开始兑换20京豆时间 2021-04-26 00:00:03 | 155
Apr 26 00:00:03 兑换结果:{"errorCode":"buy_success","errorMessage":null,"currentTime":1619366403365,"data":null,"success":true}
Apr 26 00:00:03 请求兑换API后时间 2021-04-26 00:00:03 | 522
Apr 26 00:00:03 
Apr 26 00:00:03 兑换20成功,【消耗积分】340个
Apr 26 00:00:03 
Apr 26 00:00:03 
Apr 26 00:00:03 ==============📣系统通知📣==============
Apr 26 00:00:03 宠汪汪积分兑换奖品
Apr 26 00:00:03 【京东账号1】18337656372_p
Apr 26 00:00:03 【20京豆】兑换成功🎉
Apr 26 00:00:03 【积分详情】消耗积分 340
Apr 26 00:00:03 
Apr 26 00:00:03 *****开始【京东账号2】jd_MCazEJrLyuXn****
Apr 26 00:00:03 
Apr 26 00:00:03 脚本开始请求时间 2021-04-26 00:00:03 | 640
Apr 26 00:00:03 
Apr 26 00:00:03 debug场次:beanConfigs0
Apr 26 00:00:03 
Apr 26 00:00:03 20京豆当前库存:4675，id：336
Apr 26 00:00:03 500京豆当前库存:69，id：337
Apr 26 00:00:03 
Apr 26 00:00:03 您设置的兑换20京豆库存充足,开始为您兑换20京豆
Apr 26 00:00:03 
Apr 26 00:00:03 脚本开始兑换20京豆时间 2021-04-26 00:00:03 | 839
Apr 26 00:00:04 兑换结果:{"errorCode":"buy_success","errorMessage":null,"currentTime":1619366404021,"data":null,"success":true}
Apr 26 00:00:04 请求兑换API后时间 2021-04-26 00:00:04 | 381
Apr 26 00:00:04 
Apr 26 00:00:04 兑换20成功,【消耗积分】350个
Apr 26 00:00:04 
Apr 26 00:00:04 
Apr 26 00:00:04 ==============📣系统通知📣==============
Apr 26 00:00:04 宠汪汪积分兑换奖品
Apr 26 00:00:04 【京东账号2】jd_MCazEJrLyuXn
Apr 26 00:00:04 【20京豆】兑换成功🎉
Apr 26 00:00:04 【积分详情】消耗积分 350
Apr 26 00:00:04 
Apr 26 00:00:04 *****开始【京东账号3】鬼神之吕奉先****
Apr 26 00:00:04 
Apr 26 00:00:04 脚本开始请求时间 2021-04-26 00:00:04 | 489
Apr 26 00:00:04 
Apr 26 00:00:04 debug场次:beanConfigs0
Apr 26 00:00:04 
Apr 26 00:00:04 20京豆当前库存:4465，id：336
Apr 26 00:00:04 500京豆当前库存:57，id：337
Apr 26 00:00:04 
Apr 26 00:00:04 您设置的兑换20京豆库存充足,开始为您兑换20京豆
Apr 26 00:00:04 
Apr 26 00:00:04 脚本开始兑换20京豆时间 2021-04-26 00:00:04 | 725
Apr 26 00:00:05 兑换结果:{"errorCode":"buy_success","errorMessage":null,"currentTime":1619366404915,"data":null,"success":true}
Apr 26 00:00:05 请求兑换API后时间 2021-04-26 00:00:05 | 60
Apr 26 00:00:05 
Apr 26 00:00:05 兑换20成功,【消耗积分】350个
Apr 26 00:00:05 
Apr 26 00:00:05 
Apr 26 00:00:05 ==============📣系统通知📣==============
Apr 26 00:00:05 宠汪汪积分兑换奖品
Apr 26 00:00:05 【京东账号3】鬼神之吕奉先
Apr 26 00:00:05 【20京豆】兑换成功🎉
Apr 26 00:00:05 【积分详情】消耗积分 350
Apr 26 00:00:05 
Apr 26 00:00:05 *****开始【京东账号4】jd_6ba76f15069fd****
Apr 26 00:00:05 
Apr 26 00:00:05 脚本开始请求时间 2021-04-26 00:00:05 | 170
Apr 26 00:00:08 
Apr 26 00:00:08 debug场次:beanConfigs0
Apr 26 00:00:08 
Apr 26 00:00:08 20京豆当前库存:3702，id：336
Apr 26 00:00:08 500京豆当前库存:0，id：337
Apr 26 00:00:08 
Apr 26 00:00:08 您设置的兑换20京豆库存充足,开始为您兑换20京豆
Apr 26 00:00:08 
Apr 26 00:00:08 脚本开始兑换20京豆时间 2021-04-26 00:00:08 | 389
Apr 26 00:00:08 兑换结果:{"errorCode":"buy_success","errorMessage":null,"currentTime":1619366408569,"data":null,"success":true}
Apr 26 00:00:08 请求兑换API后时间 2021-04-26 00:00:08 | 727
Apr 26 00:00:08 
Apr 26 00:00:08 兑换20成功,【消耗积分】350个
Apr 26 00:00:08 
Apr 26 00:00:08 
Apr 26 00:00:08 ==============📣系统通知📣==============
Apr 26 00:00:08 宠汪汪积分兑换奖品
Apr 26 00:00:08 【京东账号4】jd_6ba76f15069fd
Apr 26 00:00:08 【20京豆】兑换成功🎉
Apr 26 00:00:08 【积分详情】消耗积分 350
Apr 26 00:00:08 
Apr 26 00:00:08 *****开始【京东账号5】jd_46928899fcc30****
Apr 26 00:00:08 
Apr 26 00:00:08 脚本开始请求时间 2021-04-26 00:00:08 | 830
Apr 26 00:00:09 
Apr 26 00:00:09 debug场次:beanConfigs0
Apr 26 00:00:09 
Apr 26 00:00:09 20京豆当前库存:3539，id：336
Apr 26 00:00:09 500京豆当前库存:0，id：337
Apr 26 00:00:09 
Apr 26 00:00:09 您设置的兑换20京豆库存充足,开始为您兑换20京豆
Apr 26 00:00:09 
Apr 26 00:00:09 脚本开始兑换20京豆时间 2021-04-26 00:00:09 | 164
Apr 26 00:00:10 兑换结果:{"errorCode":"buy_success","errorMessage":null,"currentTime":1619366410371,"data":null,"success":true}
Apr 26 00:00:10 请求兑换API后时间 2021-04-26 00:00:10 | 725
Apr 26 00:00:10 
Apr 26 00:00:10 兑换20成功,【消耗积分】350个
Apr 26 00:00:10 
Apr 26 00:00:10 
Apr 26 00:00:10 ==============📣系统通知📣==============
Apr 26 00:00:10 宠汪汪积分兑换奖品
Apr 26 00:00:10 【京东账号5】jd_46928899fcc30
Apr 26 00:00:10 【20京豆】兑换成功🎉
Apr 26 00:00:10 【积分详情】消耗积分 350
Apr 26 00:00:10 
Apr 26 00:00:10 *****开始【京东账号6】jd_EirxWEerdtmu****
Apr 26 00:00:10 
Apr 26 00:00:10 脚本开始请求时间 2021-04-26 00:00:10 | 833
Apr 26 00:00:11 
Apr 26 00:00:11 debug场次:beanConfigs0
Apr 26 00:00:11 
Apr 26 00:00:11 20京豆当前库存:3161，id：336
Apr 26 00:00:11 500京豆当前库存:0，id：337
Apr 26 00:00:11 
Apr 26 00:00:11 您设置的兑换20京豆库存充足,开始为您兑换20京豆
Apr 26 00:00:11 
Apr 26 00:00:11 脚本开始兑换20京豆时间 2021-04-26 00:00:11 | 12
Apr 26 00:00:18 兑换结果:{"errorCode":"buy_success","errorMessage":null,"currentTime":1619366418199,"data":null,"success":true}
Apr 26 00:00:18 请求兑换API后时间 2021-04-26 00:00:18 | 368
Apr 26 00:00:18 
Apr 26 00:00:18 兑换20成功,【消耗积分】350个
Apr 26 00:00:18 
Apr 26 00:00:18 
Apr 26 00:00:18 ==============📣系统通知📣==============
Apr 26 00:00:18 宠汪汪积分兑换奖品
Apr 26 00:00:18 【京东账号6】jd_EirxWEerdtmu
Apr 26 00:00:18 【20京豆】兑换成功🎉
Apr 26 00:00:18 【积分详情】消耗积分 350
Apr 26 00:00:18 
Apr 26 00:00:18 
Apr 26 00:00:18 您未提供server酱的SCKEY，取消微信推送消息通知🚫
Apr 26 00:00:18 
Apr 26 00:00:18 您未提供push+推送所需的PUSH_PLUS_TOKEN，取消push+推送消息通知🚫
Apr 26 00:00:18 
Apr 26 00:00:18 您未提供Bark的APP推送BARK_PUSH，取消Bark推送消息通知🚫
Apr 26 00:00:18 
Apr 26 00:00:18 您未提供telegram机器人推送所需的TG_BOT_TOKEN和TG_USER_ID，取消telegram推送消息通知🚫
Apr 26 00:00:18 
Apr 26 00:00:18 您未提供钉钉机器人推送所需的DD_BOT_TOKEN或者DD_BOT_SECRET，取消钉钉推送消息通知🚫
Apr 26 00:00:18 
Apr 26 00:00:18 您未提供企业微信机器人推送所需的QYWX_KEY，取消企业微信推送消息通知🚫
Apr 26 00:00:18 
Apr 26 00:00:18 您未提供iGot的推送IGOT_PUSH_KEY，取消iGot推送消息通知🚫
Apr 26 00:00:18 
Apr 26 00:00:18 成员ID:@all企业微信应用消息发送通知消息成功🎉。
Apr 26 00:00:18 
Apr 26 00:00:18 
Apr 26 00:00:18 🔔宠汪汪积分兑换奖品, 结束! 🕛 17.939 秒
Apr 26 00:00:18 
Apr 26 08:00:00 
Apr 26 08:00:00 🔔宠汪汪积分兑换奖品, 开始!
Apr 26 08:00:00 
Apr 26 08:00:00 ====================共6个京东账号Cookie=========
Apr 26 08:00:00 
Apr 26 08:00:00 ==================脚本执行- 北京时间(UTC+8)：4/26/2021, 8:00:00 AM=====================
Apr 26 08:00:00 
Apr 26 08:00:01 
Apr 26 08:00:01 *****开始【京东账号1】18337656372_p****
Apr 26 08:00:01 
Apr 26 08:00:01 脚本开始请求时间 2021-04-26 08:00:01 | 133
Apr 26 08:00:02 
Apr 26 08:00:02 debug场次:beanConfigs8
Apr 26 08:00:02 
Apr 26 08:00:02 20京豆当前库存:0，id：338
Apr 26 08:00:02 500京豆当前库存:0，id：339
Apr 26 08:00:02 
Apr 26 08:00:02 按您设置的兑换20京豆失败，原因：京豆库存不足，已抢完，请下一场再兑换
Apr 26 08:00:02 
Apr 26 08:00:02 
Apr 26 08:00:02 *****开始【京东账号2】jd_MCazEJrLyuXn****
Apr 26 08:00:02 
Apr 26 08:00:02 脚本开始请求时间 2021-04-26 08:00:02 | 561
Apr 26 08:00:05 
Apr 26 08:00:05 debug场次:beanConfigs8
Apr 26 08:00:05 
Apr 26 08:00:05 20京豆当前库存:4707，id：336
Apr 26 08:00:05 500京豆当前库存:57，id：337
Apr 26 08:00:05 
Apr 26 08:00:05 您设置的兑换20京豆库存充足,开始为您兑换20京豆
Apr 26 08:00:05 
Apr 26 08:00:05 脚本开始兑换20京豆时间 2021-04-26 08:00:05 | 754
Apr 26 08:00:05 兑换结果:{"errorCode":"buy_limit","errorMessage":null,"currentTime":1619395205904,"data":null,"success":true}
Apr 26 08:00:05 请求兑换API后时间 2021-04-26 08:00:05 | 977
Apr 26 08:00:05 
Apr 26 08:00:05 兑换20京豆失败，原因：兑换京豆已达上限，请把机会留给更多的小伙伴~
Apr 26 08:00:05 
Apr 26 08:00:06 
Apr 26 08:00:06 *****开始【京东账号3】鬼神之吕奉先****
Apr 26 08:00:06 
Apr 26 08:00:06 脚本开始请求时间 2021-04-26 08:00:06 | 86
Apr 26 08:00:06 
Apr 26 08:00:06 debug场次:beanConfigs8
Apr 26 08:00:06 
Apr 26 08:00:06 20京豆当前库存:4644，id：336
Apr 26 08:00:06 500京豆当前库存:41，id：337
Apr 26 08:00:06 
Apr 26 08:00:06 您设置的兑换20京豆库存充足,开始为您兑换20京豆
Apr 26 08:00:06 
Apr 26 08:00:06 脚本开始兑换20京豆时间 2021-04-26 08:00:06 | 275
Apr 26 08:00:06 兑换结果:{"errorCode":"buy_limit","errorMessage":null,"currentTime":1619395206464,"data":null,"success":true}
Apr 26 08:00:06 请求兑换API后时间 2021-04-26 08:00:06 | 713
Apr 26 08:00:06 
Apr 26 08:00:06 兑换20京豆失败，原因：兑换京豆已达上限，请把机会留给更多的小伙伴~
Apr 26 08:00:06 
Apr 26 08:00:06 
Apr 26 08:00:06 *****开始【京东账号4】jd_6ba76f15069fd****
Apr 26 08:00:06 
Apr 26 08:00:06 脚本开始请求时间 2021-04-26 08:00:06 | 834
Apr 26 08:00:07 
Apr 26 08:00:07 debug场次:beanConfigs8
Apr 26 08:00:07 
Apr 26 08:00:07 20京豆当前库存:4560，id：336
Apr 26 08:00:07 500京豆当前库存:19，id：337
Apr 26 08:00:07 
Apr 26 08:00:07 您设置的兑换20京豆库存充足,开始为您兑换20京豆
Apr 26 08:00:07 
Apr 26 08:00:07 脚本开始兑换20京豆时间 2021-04-26 08:00:07 | 37
Apr 26 08:00:07 兑换结果:{"errorCode":"buy_limit","errorMessage":null,"currentTime":1619395207172,"data":null,"success":true}
Apr 26 08:00:07 请求兑换API后时间 2021-04-26 08:00:07 | 250
Apr 26 08:00:07 
Apr 26 08:00:07 兑换20京豆失败，原因：兑换京豆已达上限，请把机会留给更多的小伙伴~
Apr 26 08:00:07 
Apr 26 08:00:07 
Apr 26 08:00:07 *****开始【京东账号5】jd_46928899fcc30****
Apr 26 08:00:07 
Apr 26 08:00:07 脚本开始请求时间 2021-04-26 08:00:07 | 362
Apr 26 08:00:07 
Apr 26 08:00:07 debug场次:beanConfigs8
Apr 26 08:00:07 
Apr 26 08:00:07 20京豆当前库存:4512，id：336
Apr 26 08:00:07 500京豆当前库存:0，id：337
Apr 26 08:00:07 
Apr 26 08:00:07 您设置的兑换20京豆库存充足,开始为您兑换20京豆
Apr 26 08:00:07 
Apr 26 08:00:07 脚本开始兑换20京豆时间 2021-04-26 08:00:07 | 565
Apr 26 08:00:11 兑换结果:{"errorCode":"insufficient","errorMessage":null,"currentTime":1619395210892,"data":null,"success":true}
Apr 26 08:00:11 请求兑换API后时间 2021-04-26 08:00:11 | 2
Apr 26 08:00:11 
Apr 26 08:00:11 兑换20京豆失败，原因：当前账号积分不足兑换20京豆所需的350积分
Apr 26 08:00:11 
Apr 26 08:00:11 
Apr 26 08:00:11 *****开始【京东账号6】jd_EirxWEerdtmu****
Apr 26 08:00:11 
Apr 26 08:00:11 脚本开始请求时间 2021-04-26 08:00:11 | 121
Apr 26 08:00:12 
Apr 26 08:00:12 debug场次:beanConfigs8
Apr 26 08:00:12 
Apr 26 08:00:12 20京豆当前库存:4053，id：336
Apr 26 08:00:12 500京豆当前库存:0，id：337
Apr 26 08:00:12 
Apr 26 08:00:12 您设置的兑换20京豆库存充足,开始为您兑换20京豆
Apr 26 08:00:12 
Apr 26 08:00:12 脚本开始兑换20京豆时间 2021-04-26 08:00:12 | 319
Apr 26 08:00:13 兑换结果:{"errorCode":"insufficient","errorMessage":null,"currentTime":1619395213467,"data":null,"success":true}
Apr 26 08:00:13 请求兑换API后时间 2021-04-26 08:00:13 | 549
Apr 26 08:00:13 
Apr 26 08:00:13 兑换20京豆失败，原因：当前账号积分不足兑换20京豆所需的350积分
Apr 26 08:00:13 
Apr 26 08:00:13 
Apr 26 08:00:13 🔔宠汪汪积分兑换奖品, 结束! 🕛 12.75 秒
Apr 26 08:00:13 
Apr 26 16:00:00 
Apr 26 16:00:00 🔔宠汪汪积分兑换奖品, 开始!
Apr 26 16:00:00 
Apr 26 16:00:00 ====================共6个京东账号Cookie=========
Apr 26 16:00:00 
Apr 26 16:00:00 ==================脚本执行- 北京时间(UTC+8)：4/26/2021, 4:00:00 PM=====================
Apr 26 16:00:00 
Apr 26 16:00:01 
Apr 26 16:00:01 *****开始【京东账号1】18337656372_p****
Apr 26 16:00:01 
Apr 26 16:00:01 脚本开始请求时间 2021-04-26 16:00:01 | 166
Apr 26 16:00:05 
Apr 26 16:00:05 debug场次:beanConfigs16
Apr 26 16:00:05 
Apr 26 16:00:05 20京豆当前库存:3516，id：338
Apr 26 16:00:05 500京豆当前库存:0，id：339
Apr 26 16:00:05 
Apr 26 16:00:05 您设置的兑换20京豆库存充足,开始为您兑换20京豆
Apr 26 16:00:05 
Apr 26 16:00:05 脚本开始兑换20京豆时间 2021-04-26 16:00:05 | 285
Apr 26 16:00:05 兑换结果:{"errorCode":"buy_limit","errorMessage":null,"currentTime":1619424005454,"data":null,"success":true}
Apr 26 16:00:05 请求兑换API后时间 2021-04-26 16:00:05 | 546
Apr 26 16:00:05 
Apr 26 16:00:05 兑换20京豆失败，原因：兑换京豆已达上限，请把机会留给更多的小伙伴~
Apr 26 16:00:05 
Apr 26 16:00:05 
Apr 26 16:00:05 *****开始【京东账号2】jd_MCazEJrLyuXn****
Apr 26 16:00:05 
Apr 26 16:00:05 脚本开始请求时间 2021-04-26 16:00:05 | 668
Apr 26 16:00:05 
Apr 26 16:00:05 debug场次:beanConfigs16
Apr 26 16:00:05 
Apr 26 16:00:05 20京豆当前库存:4615，id：336
Apr 26 16:00:05 500京豆当前库存:0，id：337
Apr 26 16:00:05 
Apr 26 16:00:05 您设置的兑换20京豆库存充足,开始为您兑换20京豆
Apr 26 16:00:05 
Apr 26 16:00:05 脚本开始兑换20京豆时间 2021-04-26 16:00:05 | 865
Apr 26 16:00:06 兑换结果:{"errorCode":"buy_limit","errorMessage":null,"currentTime":1619424005999,"data":null,"success":true}
Apr 26 16:00:06 请求兑换API后时间 2021-04-26 16:00:06 | 112
Apr 26 16:00:06 
Apr 26 16:00:06 兑换20京豆失败，原因：兑换京豆已达上限，请把机会留给更多的小伙伴~
Apr 26 16:00:06 
Apr 26 16:00:06 
Apr 26 16:00:06 *****开始【京东账号3】鬼神之吕奉先****
Apr 26 16:00:06 
Apr 26 16:00:06 脚本开始请求时间 2021-04-26 16:00:06 | 231
Apr 26 16:00:06 
Apr 26 16:00:06 debug场次:beanConfigs16
Apr 26 16:00:06 
Apr 26 16:00:06 20京豆当前库存:4531，id：336
Apr 26 16:00:06 500京豆当前库存:0，id：337
Apr 26 16:00:06 
Apr 26 16:00:06 您设置的兑换20京豆库存充足,开始为您兑换20京豆
Apr 26 16:00:06 
Apr 26 16:00:06 脚本开始兑换20京豆时间 2021-04-26 16:00:06 | 421
Apr 26 16:00:06 兑换结果:{"errorCode":"buy_limit","errorMessage":null,"currentTime":1619424006567,"data":null,"success":true}
Apr 26 16:00:06 请求兑换API后时间 2021-04-26 16:00:06 | 649
Apr 26 16:00:06 
Apr 26 16:00:06 兑换20京豆失败，原因：兑换京豆已达上限，请把机会留给更多的小伙伴~
Apr 26 16:00:06 
Apr 26 16:00:06 
Apr 26 16:00:06 *****开始【京东账号4】jd_6ba76f15069fd****
Apr 26 16:00:06 
Apr 26 16:00:06 脚本开始请求时间 2021-04-26 16:00:06 | 759
Apr 26 16:00:06 
Apr 26 16:00:06 debug场次:beanConfigs16
Apr 26 16:00:06 
Apr 26 16:00:06 20京豆当前库存:4483，id：336
Apr 26 16:00:06 500京豆当前库存:0，id：337
Apr 26 16:00:06 
Apr 26 16:00:06 您设置的兑换20京豆库存充足,开始为您兑换20京豆
Apr 26 16:00:06 
Apr 26 16:00:06 脚本开始兑换20京豆时间 2021-04-26 16:00:06 | 928
Apr 26 16:00:10 兑换结果:{"errorCode":"buy_limit","errorMessage":null,"currentTime":1619424010090,"data":null,"success":true}
Apr 26 16:00:10 请求兑换API后时间 2021-04-26 16:00:10 | 182
Apr 26 16:00:10 
Apr 26 16:00:10 兑换20京豆失败，原因：兑换京豆已达上限，请把机会留给更多的小伙伴~
Apr 26 16:00:10 
Apr 26 16:00:10 
Apr 26 16:00:10 *****开始【京东账号5】jd_46928899fcc30****
Apr 26 16:00:10 
Apr 26 16:00:10 脚本开始请求时间 2021-04-26 16:00:10 | 300
Apr 26 16:00:10 
Apr 26 16:00:10 debug场次:beanConfigs16
Apr 26 16:00:10 
Apr 26 16:00:10 20京豆当前库存:4154，id：336
Apr 26 16:00:10 500京豆当前库存:0，id：337
Apr 26 16:00:10 
Apr 26 16:00:10 您设置的兑换20京豆库存充足,开始为您兑换20京豆
Apr 26 16:00:10 
Apr 26 16:00:10 脚本开始兑换20京豆时间 2021-04-26 16:00:10 | 461
Apr 26 16:00:11 兑换结果:{"errorCode":"insufficient","errorMessage":null,"currentTime":1619424011003,"data":null,"success":true}
Apr 26 16:00:11 请求兑换API后时间 2021-04-26 16:00:11 | 71
Apr 26 16:00:11 
Apr 26 16:00:11 兑换20京豆失败，原因：当前账号积分不足兑换20京豆所需的350积分
Apr 26 16:00:11 
Apr 26 16:00:11 
Apr 26 16:00:11 *****开始【京东账号6】jd_EirxWEerdtmu****
Apr 26 16:00:11 
Apr 26 16:00:11 脚本开始请求时间 2021-04-26 16:00:11 | 183
Apr 26 16:00:14 
Apr 26 16:00:14 debug场次:beanConfigs16
Apr 26 16:00:14 
Apr 26 16:00:14 20京豆当前库存:3871，id：336
Apr 26 16:00:14 500京豆当前库存:0，id：337
Apr 26 16:00:14 
Apr 26 16:00:14 您设置的兑换20京豆库存充足,开始为您兑换20京豆
Apr 26 16:00:14 
Apr 26 16:00:14 脚本开始兑换20京豆时间 2021-04-26 16:00:14 | 333
Apr 26 16:00:14 兑换结果:{"errorCode":"buy_limit","errorMessage":null,"currentTime":1619424014485,"data":null,"success":true}
Apr 26 16:00:14 请求兑换API后时间 2021-04-26 16:00:14 | 558
Apr 26 16:00:14 
Apr 26 16:00:14 兑换20京豆失败，原因：兑换京豆已达上限，请把机会留给更多的小伙伴~
Apr 26 16:00:14 
Apr 26 16:00:14 
Apr 26 16:00:14 🔔宠汪汪积分兑换奖品, 结束! 🕛 13.775 秒
Apr 26 16:00:14 
Apr 27 00:00:01 
Apr 27 00:00:01 🔔宠汪汪积分兑换奖品, 开始!
Apr 27 00:00:01 
Apr 27 00:00:01 ====================共6个京东账号Cookie=========
Apr 27 00:00:01 
Apr 27 00:00:01 ==================脚本执行- 北京时间(UTC+8)：4/27/2021, 12:00:01 AM=====================
Apr 27 00:00:01 
Apr 27 00:00:01 
Apr 27 00:00:01 *****开始【京东账号1】18337656372_p****
Apr 27 00:00:01 
Apr 27 00:00:01 脚本开始请求时间 2021-04-27 00:00:01 | 831
Apr 27 00:00:02 
Apr 27 00:00:02 debug场次:beanConfigs0
Apr 27 00:00:02 
Apr 27 00:00:02 20京豆当前库存:0，id：338
Apr 27 00:00:02 500京豆当前库存:0，id：339
Apr 27 00:00:02 
Apr 27 00:00:02 按您设置的兑换20京豆失败，原因：京豆库存不足，已抢完，请下一场再兑换
Apr 27 00:00:02 
Apr 27 00:00:02 
Apr 27 00:00:02 *****开始【京东账号2】jd_MCazEJrLyuXn****
Apr 27 00:00:02 
Apr 27 00:00:02 脚本开始请求时间 2021-04-27 00:00:02 | 309
Apr 27 00:00:05 
Apr 27 00:00:05 debug场次:beanConfigs0
Apr 27 00:00:05 
Apr 27 00:00:05 20京豆当前库存:4531，id：336
Apr 27 00:00:05 500京豆当前库存:56，id：337
Apr 27 00:00:05 
Apr 27 00:00:05 您设置的兑换20京豆库存充足,开始为您兑换20京豆
Apr 27 00:00:05 
Apr 27 00:00:05 脚本开始兑换20京豆时间 2021-04-27 00:00:05 | 518
Apr 27 00:00:05 兑换结果:{"errorCode":"buy_success","errorMessage":null,"currentTime":1619452805711,"data":null,"success":true}
Apr 27 00:00:05 请求兑换API后时间 2021-04-27 00:00:05 | 903
Apr 27 00:00:05 
Apr 27 00:00:05 兑换20成功,【消耗积分】350个
Apr 27 00:00:05 
Apr 27 00:00:05 
Apr 27 00:00:05 ==============📣系统通知📣==============
Apr 27 00:00:05 宠汪汪积分兑换奖品
Apr 27 00:00:05 【京东账号2】jd_MCazEJrLyuXn
Apr 27 00:00:05 【20京豆】兑换成功🎉
Apr 27 00:00:05 【积分详情】消耗积分 350
Apr 27 00:00:06 
Apr 27 00:00:06 *****开始【京东账号3】鬼神之吕奉先****
Apr 27 00:00:06 
Apr 27 00:00:06 脚本开始请求时间 2021-04-27 00:00:06 | 22
Apr 27 00:00:07 
Apr 27 00:00:07 debug场次:beanConfigs0
Apr 27 00:00:07 
Apr 27 00:00:07 20京豆当前库存:4121，id：336
Apr 27 00:00:07 500京豆当前库存:10，id：337
Apr 27 00:00:07 
Apr 27 00:00:07 您设置的兑换20京豆库存充足,开始为您兑换20京豆
Apr 27 00:00:07 
Apr 27 00:00:07 脚本开始兑换20京豆时间 2021-04-27 00:00:07 | 636
Apr 27 00:00:09 兑换结果:{"errorCode":"buy_success","errorMessage":null,"currentTime":1619452809638,"data":null,"success":true}
Apr 27 00:00:09 请求兑换API后时间 2021-04-27 00:00:09 | 829
Apr 27 00:00:09 
Apr 27 00:00:09 兑换20成功,【消耗积分】350个
Apr 27 00:00:09 
Apr 27 00:00:09 
Apr 27 00:00:09 ==============📣系统通知📣==============
Apr 27 00:00:09 宠汪汪积分兑换奖品
Apr 27 00:00:09 【京东账号3】鬼神之吕奉先
Apr 27 00:00:09 【20京豆】兑换成功🎉
Apr 27 00:00:09 【积分详情】消耗积分 350
Apr 27 00:00:09 
Apr 27 00:00:09 *****开始【京东账号4】jd_6ba76f15069fd****
Apr 27 00:00:09 
Apr 27 00:00:09 脚本开始请求时间 2021-04-27 00:00:09 | 946
Apr 27 00:00:11 
Apr 27 00:00:11 debug场次:beanConfigs0
Apr 27 00:00:11 
Apr 27 00:00:11 20京豆当前库存:3396，id：336
Apr 27 00:00:11 500京豆当前库存:0，id：337
Apr 27 00:00:11 
Apr 27 00:00:11 您设置的兑换20京豆库存充足,开始为您兑换20京豆
Apr 27 00:00:11 
Apr 27 00:00:11 脚本开始兑换20京豆时间 2021-04-27 00:00:11 | 783
Apr 27 00:00:12 兑换结果:{"errorCode":"buy_success","errorMessage":null,"currentTime":1619452812397,"data":null,"success":true}
Apr 27 00:00:12 请求兑换API后时间 2021-04-27 00:00:12 | 531
Apr 27 00:00:12 
Apr 27 00:00:12 兑换20成功,【消耗积分】350个
Apr 27 00:00:12 
Apr 27 00:00:12 
Apr 27 00:00:12 ==============📣系统通知📣==============
Apr 27 00:00:12 宠汪汪积分兑换奖品
Apr 27 00:00:12 【京东账号4】jd_6ba76f15069fd
Apr 27 00:00:12 【20京豆】兑换成功🎉
Apr 27 00:00:12 【积分详情】消耗积分 350
Apr 27 00:00:12 
Apr 27 00:00:12 *****开始【京东账号5】jd_46928899fcc30****
Apr 27 00:00:12 
Apr 27 00:00:12 脚本开始请求时间 2021-04-27 00:00:12 | 638
Apr 27 00:00:13 
Apr 27 00:00:13 debug场次:beanConfigs0
Apr 27 00:00:13 
Apr 27 00:00:13 20京豆当前库存:3143，id：336
Apr 27 00:00:13 500京豆当前库存:0，id：337
Apr 27 00:00:13 
Apr 27 00:00:13 您设置的兑换20京豆库存充足,开始为您兑换20京豆
Apr 27 00:00:13 
Apr 27 00:00:13 脚本开始兑换20京豆时间 2021-04-27 00:00:13 | 155
Apr 27 00:00:14 兑换结果:{"errorCode":"buy_success","errorMessage":null,"currentTime":1619452813845,"data":null,"success":true}
Apr 27 00:00:14 请求兑换API后时间 2021-04-27 00:00:14 | 120
Apr 27 00:00:14 
Apr 27 00:00:14 兑换20成功,【消耗积分】350个
Apr 27 00:00:14 
Apr 27 00:00:14 
Apr 27 00:00:14 ==============📣系统通知📣==============
Apr 27 00:00:14 宠汪汪积分兑换奖品
Apr 27 00:00:14 【京东账号5】jd_46928899fcc30
Apr 27 00:00:14 【20京豆】兑换成功🎉
Apr 27 00:00:14 【积分详情】消耗积分 350
Apr 27 00:00:14 
Apr 27 00:00:14 *****开始【京东账号6】jd_EirxWEerdtmu****
Apr 27 00:00:14 
Apr 27 00:00:14 脚本开始请求时间 2021-04-27 00:00:14 | 230
Apr 27 00:00:17 
Apr 27 00:00:17 debug场次:beanConfigs0
Apr 27 00:00:17 
Apr 27 00:00:17 20京豆当前库存:2330，id：336
Apr 27 00:00:17 500京豆当前库存:0，id：337
Apr 27 00:00:17 
Apr 27 00:00:17 您设置的兑换20京豆库存充足,开始为您兑换20京豆
Apr 27 00:00:17 
Apr 27 00:00:17 脚本开始兑换20京豆时间 2021-04-27 00:00:17 | 473
Apr 27 00:00:17 兑换结果:{"errorCode":"buy_success","errorMessage":null,"currentTime":1619452817782,"data":null,"success":true}
Apr 27 00:00:17 请求兑换API后时间 2021-04-27 00:00:17 | 928
Apr 27 00:00:17 
Apr 27 00:00:17 兑换20成功,【消耗积分】350个
Apr 27 00:00:17 
Apr 27 00:00:17 
Apr 27 00:00:17 ==============📣系统通知📣==============
Apr 27 00:00:17 宠汪汪积分兑换奖品
Apr 27 00:00:17 【京东账号6】jd_EirxWEerdtmu
Apr 27 00:00:17 【20京豆】兑换成功🎉
Apr 27 00:00:17 【积分详情】消耗积分 350
Apr 27 00:00:17 
Apr 27 00:00:17 
Apr 27 00:00:17 您未提供server酱的SCKEY，取消微信推送消息通知🚫
Apr 27 00:00:17 
Apr 27 00:00:17 您未提供push+推送所需的PUSH_PLUS_TOKEN，取消push+推送消息通知🚫
Apr 27 00:00:17 
Apr 27 00:00:17 您未提供Bark的APP推送BARK_PUSH，取消Bark推送消息通知🚫
Apr 27 00:00:17 
Apr 27 00:00:17 您未提供telegram机器人推送所需的TG_BOT_TOKEN和TG_USER_ID，取消telegram推送消息通知🚫
Apr 27 00:00:17 
Apr 27 00:00:17 您未提供钉钉机器人推送所需的DD_BOT_TOKEN或者DD_BOT_SECRET，取消钉钉推送消息通知🚫
Apr 27 00:00:17 
Apr 27 00:00:17 您未提供企业微信机器人推送所需的QYWX_KEY，取消企业微信推送消息通知🚫
Apr 27 00:00:17 
Apr 27 00:00:17 您未提供iGot的推送IGOT_PUSH_KEY，取消iGot推送消息通知🚫
Apr 27 00:00:17 
Apr 27 00:00:18 成员ID:@all企业微信应用消息发送通知消息成功🎉。
Apr 27 00:00:18 
Apr 27 00:00:18 
Apr 27 00:00:18 🔔宠汪汪积分兑换奖品, 结束! 🕛 17.387 秒
Apr 27 00:00:18 
Apr 27 08:00:00 
Apr 27 08:00:00 🔔宠汪汪积分兑换奖品, 开始!
Apr 27 08:00:00 
Apr 27 08:00:00 ====================共6个京东账号Cookie=========
Apr 27 08:00:00 
Apr 27 08:00:00 ==================脚本执行- 北京时间(UTC+8)：4/27/2021, 8:00:00 AM=====================
Apr 27 08:00:00 
Apr 27 08:00:01 
Apr 27 08:00:01 *****开始【京东账号1】18337656372_p****
Apr 27 08:00:01 
Apr 27 08:00:01 脚本开始请求时间 2021-04-27 08:00:01 | 333
Apr 27 08:00:01 
Apr 27 08:00:01 debug场次:beanConfigs8
Apr 27 08:00:01 
Apr 27 08:00:01 20京豆当前库存:0，id：338
Apr 27 08:00:01 500京豆当前库存:0，id：339
Apr 27 08:00:01 
Apr 27 08:00:01 按您设置的兑换20京豆失败，原因：京豆库存不足，已抢完，请下一场再兑换
Apr 27 08:00:01 
Apr 27 08:00:01 
Apr 27 08:00:01 *****开始【京东账号2】jd_MCazEJrLyuXn****
Apr 27 08:00:01 
Apr 27 08:00:01 脚本开始请求时间 2021-04-27 08:00:01 | 732
Apr 27 08:00:02 
Apr 27 08:00:02 debug场次:beanConfigs8
Apr 27 08:00:02 
Apr 27 08:00:02 20京豆当前库存:4977，id：336
Apr 27 08:00:02 500京豆当前库存:94，id：337
Apr 27 08:00:02 
Apr 27 08:00:02 您设置的兑换20京豆库存充足,开始为您兑换20京豆
Apr 27 08:00:02 
Apr 27 08:00:02 脚本开始兑换20京豆时间 2021-04-27 08:00:02 | 977
Apr 27 08:00:18 兑换结果:{"errorCode":"buy_limit","errorMessage":null,"currentTime":1619481618194,"data":null,"success":true}
Apr 27 08:00:18 请求兑换API后时间 2021-04-27 08:00:18 | 266
Apr 27 08:00:18 
Apr 27 08:00:18 兑换20京豆失败，原因：兑换京豆已达上限，请把机会留给更多的小伙伴~
Apr 27 08:00:18 
Apr 27 08:00:18 
Apr 27 08:00:18 *****开始【京东账号3】鬼神之吕奉先****
Apr 27 08:00:18 
Apr 27 08:00:18 脚本开始请求时间 2021-04-27 08:00:18 | 379
Apr 27 08:00:25 
Apr 27 08:00:25 debug场次:beanConfigs8
Apr 27 08:00:25 
Apr 27 08:00:25 20京豆当前库存:3021，id：336
Apr 27 08:00:25 500京豆当前库存:0，id：337
Apr 27 08:00:25 
Apr 27 08:00:25 您设置的兑换20京豆库存充足,开始为您兑换20京豆
Apr 27 08:00:25 
Apr 27 08:00:25 脚本开始兑换20京豆时间 2021-04-27 08:00:25 | 525
Apr 27 08:00:25 兑换结果:{"errorCode":"buy_limit","errorMessage":null,"currentTime":1619481625682,"data":null,"success":true}
Apr 27 08:00:25 请求兑换API后时间 2021-04-27 08:00:25 | 809
Apr 27 08:00:25 
Apr 27 08:00:25 兑换20京豆失败，原因：兑换京豆已达上限，请把机会留给更多的小伙伴~
Apr 27 08:00:25 
Apr 27 08:00:25 
Apr 27 08:00:25 *****开始【京东账号4】jd_6ba76f15069fd****
Apr 27 08:00:25 
Apr 27 08:00:25 脚本开始请求时间 2021-04-27 08:00:25 | 921
Apr 27 08:00:27 
Apr 27 08:00:27 debug场次:beanConfigs8
Apr 27 08:00:27 
Apr 27 08:00:27 20京豆当前库存:2884，id：336
Apr 27 08:00:27 500京豆当前库存:0，id：337
Apr 27 08:00:27 
Apr 27 08:00:27 您设置的兑换20京豆库存充足,开始为您兑换20京豆
Apr 27 08:00:27 
Apr 27 08:00:27 脚本开始兑换20京豆时间 2021-04-27 08:00:27 | 146
Apr 27 08:00:27 兑换结果:{"errorCode":"buy_limit","errorMessage":null,"currentTime":1619481627287,"data":null,"success":true}
Apr 27 08:00:27 请求兑换API后时间 2021-04-27 08:00:27 | 370
Apr 27 08:00:27 
Apr 27 08:00:27 兑换20京豆失败，原因：兑换京豆已达上限，请把机会留给更多的小伙伴~
Apr 27 08:00:27 
Apr 27 08:00:27 
Apr 27 08:00:27 *****开始【京东账号5】jd_46928899fcc30****
Apr 27 08:00:27 
Apr 27 08:00:27 脚本开始请求时间 2021-04-27 08:00:27 | 472
Apr 27 08:00:27 
Apr 27 08:00:27 debug场次:beanConfigs8
Apr 27 08:00:27 
Apr 27 08:00:27 20京豆当前库存:2824，id：336
Apr 27 08:00:27 500京豆当前库存:0，id：337
Apr 27 08:00:27 
Apr 27 08:00:27 您设置的兑换20京豆库存充足,开始为您兑换20京豆
Apr 27 08:00:27 
Apr 27 08:00:27 脚本开始兑换20京豆时间 2021-04-27 08:00:27 | 641
Apr 27 08:00:27 兑换结果:{"errorCode":"insufficient","errorMessage":null,"currentTime":1619481627798,"data":null,"success":true}
Apr 27 08:00:27 请求兑换API后时间 2021-04-27 08:00:27 | 873
Apr 27 08:00:27 
Apr 27 08:00:27 兑换20京豆失败，原因：当前账号积分不足兑换20京豆所需的350积分
Apr 27 08:00:27 
Apr 27 08:00:27 
Apr 27 08:00:27 *****开始【京东账号6】jd_EirxWEerdtmu****
Apr 27 08:00:27 
Apr 27 08:00:27 脚本开始请求时间 2021-04-27 08:00:27 | 983
Apr 27 08:00:28 
Apr 27 08:00:28 debug场次:beanConfigs8
Apr 27 08:00:28 
Apr 27 08:00:28 20京豆当前库存:2782，id：336
Apr 27 08:00:28 500京豆当前库存:0，id：337
Apr 27 08:00:28 
Apr 27 08:00:28 您设置的兑换20京豆库存充足,开始为您兑换20京豆
Apr 27 08:00:28 
Apr 27 08:00:28 脚本开始兑换20京豆时间 2021-04-27 08:00:28 | 170
Apr 27 08:00:28 兑换结果:{"errorCode":"insufficient","errorMessage":null,"currentTime":1619481628310,"data":null,"success":true}
Apr 27 08:00:28 请求兑换API后时间 2021-04-27 08:00:28 | 376
Apr 27 08:00:28 
Apr 27 08:00:28 兑换20京豆失败，原因：当前账号积分不足兑换20京豆所需的350积分
Apr 27 08:00:28 
Apr 27 08:00:28 
Apr 27 08:00:28 🔔宠汪汪积分兑换奖品, 结束! 🕛 27.416 秒
Apr 27 08:00:28 
May 20 16:00:00 
May 20 16:00:00 🔔宠汪汪积分兑换奖品, 开始!
May 20 16:00:00 
May 20 16:00:00 ====================共6个京东账号Cookie=========
May 20 16:00:00 
May 20 16:00:00 ==================脚本执行- 北京时间(UTC+8)：5/20/2021, 4:00:00 PM=====================
May 20 16:00:00 
May 20 16:00:01 
May 20 16:00:01 *****开始【京东账号1】18337656372_p****
May 20 16:00:01 
May 20 16:00:01 脚本开始请求时间 2021-05-20 16:00:01 | 29
May 20 16:00:02 
May 20 16:00:02 debug场次:beanConfigs16
May 20 16:00:02 
May 20 16:00:02 20京豆当前库存:0，id：338
May 20 16:00:02 500京豆当前库存:0，id：339
May 20 16:00:02 
May 20 16:00:02 按您设置的兑换500京豆失败，原因：京豆库存不足，已抢完，请下一场再兑换
May 20 16:00:02 
May 20 16:00:02 
May 20 16:00:02 *****开始【京东账号2】jd_MCazEJrLyuXn****
May 20 16:00:02 
May 20 16:00:02 脚本开始请求时间 2021-05-20 16:00:02 | 483
May 20 16:00:17 
May 20 16:00:17 debug场次:beanConfigs16
May 20 16:00:17 
May 20 16:00:17 20京豆当前库存:3722，id：336
May 20 16:00:17 500京豆当前库存:0，id：337
May 20 16:00:17 
May 20 16:00:17 按您设置的兑换500京豆失败，原因：京豆库存不足，已抢完，请下一场再兑换
May 20 16:00:17 
May 20 16:00:17 
May 20 16:00:17 *****开始【京东账号3】鬼神之吕奉先****
May 20 16:00:17 
May 20 16:00:17 脚本开始请求时间 2021-05-20 16:00:17 | 808
May 20 16:00:17 
May 20 16:00:17 debug场次:beanConfigs16
May 20 16:00:17 
May 20 16:00:17 20京豆当前库存:0，id：338
May 20 16:00:17 500京豆当前库存:0，id：339
May 20 16:00:17 
May 20 16:00:17 按您设置的兑换500京豆失败，原因：京豆库存不足，已抢完，请下一场再兑换
May 20 16:00:17 
May 20 16:00:18 
May 20 16:00:18 *****开始【京东账号4】jd_6ba76f15069fd****
May 20 16:00:18 
May 20 16:00:18 脚本开始请求时间 2021-05-20 16:00:18 | 79
May 20 16:00:18 
May 20 16:00:18 debug场次:beanConfigs16
May 20 16:00:18 
May 20 16:00:18 20京豆当前库存:3693，id：336
May 20 16:00:18 500京豆当前库存:0，id：337
May 20 16:00:18 
May 20 16:00:18 按您设置的兑换500京豆失败，原因：京豆库存不足，已抢完，请下一场再兑换
May 20 16:00:18 
May 20 16:00:18 
May 20 16:00:18 *****开始【京东账号5】jd_46928899fcc30****
May 20 16:00:18 
May 20 16:00:18 脚本开始请求时间 2021-05-20 16:00:18 | 399
May 20 16:00:25 
May 20 16:00:25 debug场次:beanConfigs16
May 20 16:00:25 
May 20 16:00:25 20京豆当前库存:3280，id：336
May 20 16:00:25 500京豆当前库存:0，id：337
May 20 16:00:25 
May 20 16:00:25 按您设置的兑换500京豆失败，原因：京豆库存不足，已抢完，请下一场再兑换
May 20 16:00:25 
May 20 16:00:25 
May 20 16:00:25 *****开始【京东账号6】jd_EirxWEerdtmu****
May 20 16:00:25 
May 20 16:00:25 脚本开始请求时间 2021-05-20 16:00:25 | 689
May 20 16:00:28 
May 20 16:00:28 debug场次:beanConfigs16
May 20 16:00:28 
May 20 16:00:28 20京豆当前库存:3132，id：336
May 20 16:00:28 500京豆当前库存:0，id：337
May 20 16:00:28 
May 20 16:00:28 按您设置的兑换500京豆失败，原因：京豆库存不足，已抢完，请下一场再兑换
May 20 16:00:28 
May 20 16:00:28 
May 20 16:00:28 🔔宠汪汪积分兑换奖品, 结束! 🕛 28.211 秒
May 20 16:00:28 
