Apr 25 08:13:35 
Apr 25 08:13:35 🔔京小兑, 开始!
Apr 25 08:13:35 
Apr 25 08:13:35 ====================共6个京东账号Cookie=========
Apr 25 08:13:35 
Apr 25 08:13:35 ==================脚本执行- 北京时间(UTC+8)：4/25/2021, 8:13:35 AM=====================
Apr 25 08:13:35 
Apr 25 08:13:35 脚本自动把抽奖卷兑换为兑币
Apr 25 08:13:36 
Apr 25 08:13:36 ******开始【京东账号1】18337656372_p*********
Apr 25 08:13:36 
Apr 25 08:13:36 签到失败，请求错误
Apr 25 08:13:40 京东账号118337656372_p
Apr 25 08:13:40 本次运行获得 0 兑币
Apr 25 08:13:41 
Apr 25 08:13:41 ******开始【京东账号2】jd_MCazEJrLyuXn*********
Apr 25 08:13:41 
Apr 25 08:13:41 签到失败，请求错误
Apr 25 08:13:45 京东账号2jd_MCazEJrLyuXn
Apr 25 08:13:45 本次运行获得 0 兑币
Apr 25 08:13:46 
Apr 25 08:13:46 ******开始【京东账号3】鬼神之吕奉先*********
Apr 25 08:13:46 
Apr 25 08:13:46 签到失败，请求错误
Apr 25 08:13:49 京东账号3鬼神之吕奉先
Apr 25 08:13:49 本次运行获得 0 兑币
Apr 25 08:13:50 
Apr 25 08:13:50 ******开始【京东账号4】jd_6ba76f15069fd*********
Apr 25 08:13:50 
Apr 25 08:13:51 签到失败，请求错误
Apr 25 08:13:54 京东账号4jd_6ba76f15069fd
Apr 25 08:13:54 本次运行获得 0 兑币
Apr 25 08:13:55 
Apr 25 08:13:55 ******开始【京东账号5】jd_46928899fcc30*********
Apr 25 08:13:55 
Apr 25 08:13:55 签到失败，请求错误
Apr 25 08:13:59 京东账号5jd_46928899fcc30
Apr 25 08:13:59 本次运行获得 0 兑币
Apr 25 08:14:00 
Apr 25 08:14:00 ******开始【京东账号6】jd_EirxWEerdtmu*********
Apr 25 08:14:00 
Apr 25 08:14:00 签到失败，请求错误
Apr 25 08:14:04 京东账号6jd_EirxWEerdtmu
Apr 25 08:14:04 本次运行获得 0 兑币
Apr 25 08:14:05 
Apr 25 08:14:05 ******开始【京东账号1】的循环互助*********
Apr 25 08:14:05 
Apr 25 08:14:05 
Apr 25 08:14:05 ******开始【京东账号2】的循环互助*********
Apr 25 08:14:05 
Apr 25 08:14:05 
Apr 25 08:14:05 ******开始【京东账号3】的循环互助*********
Apr 25 08:14:05 
Apr 25 08:14:05 
Apr 25 08:14:05 ******开始【京东账号4】的循环互助*********
Apr 25 08:14:05 
Apr 25 08:14:05 
Apr 25 08:14:05 ******开始【京东账号5】的循环互助*********
Apr 25 08:14:05 
Apr 25 08:14:05 
Apr 25 08:14:05 ******开始【京东账号6】的循环互助*********
Apr 25 08:14:05 
Apr 25 08:14:05 
Apr 25 08:14:05 🔔京小兑, 结束! 🕛 29.472 秒
Apr 25 08:14:05 
Apr 25 16:13:07 
Apr 25 16:13:07 🔔京小兑, 开始!
Apr 25 16:13:07 
Apr 25 16:13:07 ====================共6个京东账号Cookie=========
Apr 25 16:13:07 
Apr 25 16:13:07 ==================脚本执行- 北京时间(UTC+8)：4/25/2021, 4:13:07 PM=====================
Apr 25 16:13:07 
Apr 25 16:13:07 脚本自动把抽奖卷兑换为兑币
Apr 25 16:13:08 
Apr 25 16:13:08 ******开始【京东账号1】18337656372_p*********
Apr 25 16:13:08 
Apr 25 16:13:08 签到失败，请求错误
Apr 25 16:13:13 京东账号118337656372_p
Apr 25 16:13:13 本次运行获得 0 兑币
Apr 25 16:13:14 
Apr 25 16:13:14 ******开始【京东账号2】jd_MCazEJrLyuXn*********
Apr 25 16:13:14 
Apr 25 16:13:14 签到失败，请求错误
Apr 25 16:13:18 京东账号2jd_MCazEJrLyuXn
Apr 25 16:13:18 本次运行获得 0 兑币
Apr 25 16:13:19 
Apr 25 16:13:19 ******开始【京东账号3】鬼神之吕奉先*********
Apr 25 16:13:19 
Apr 25 16:13:19 签到失败，请求错误
Apr 25 16:13:25 京东账号3鬼神之吕奉先
Apr 25 16:13:25 本次运行获得 0 兑币
Apr 25 16:13:26 
Apr 25 16:13:26 ******开始【京东账号4】jd_6ba76f15069fd*********
Apr 25 16:13:26 
Apr 25 16:13:26 签到失败，请求错误
Apr 25 16:13:29 京东账号4jd_6ba76f15069fd
Apr 25 16:13:29 本次运行获得 0 兑币
Apr 25 16:13:30 
Apr 25 16:13:30 ******开始【京东账号5】jd_46928899fcc30*********
Apr 25 16:13:30 
Apr 25 16:13:31 签到失败，请求错误
Apr 25 16:13:34 京东账号5jd_46928899fcc30
Apr 25 16:13:34 本次运行获得 0 兑币
Apr 25 16:13:35 
Apr 25 16:13:35 ******开始【京东账号6】jd_EirxWEerdtmu*********
Apr 25 16:13:35 
Apr 25 16:13:35 签到失败，请求错误
Apr 25 16:13:39 京东账号6jd_EirxWEerdtmu
Apr 25 16:13:39 本次运行获得 0 兑币
Apr 25 16:13:40 
Apr 25 16:13:40 ******开始【京东账号1】的循环互助*********
Apr 25 16:13:40 
Apr 25 16:13:40 
Apr 25 16:13:40 ******开始【京东账号2】的循环互助*********
Apr 25 16:13:40 
Apr 25 16:13:40 
Apr 25 16:13:40 ******开始【京东账号3】的循环互助*********
Apr 25 16:13:40 
Apr 25 16:13:40 
Apr 25 16:13:40 ******开始【京东账号4】的循环互助*********
Apr 25 16:13:40 
Apr 25 16:13:40 
Apr 25 16:13:40 ******开始【京东账号5】的循环互助*********
Apr 25 16:13:40 
Apr 25 16:13:40 
Apr 25 16:13:40 ******开始【京东账号6】的循环互助*********
Apr 25 16:13:40 
Apr 25 16:13:40 
Apr 25 16:13:40 🔔京小兑, 结束! 🕛 32.508 秒
Apr 25 16:13:40 
Apr 25 20:13:50 
Apr 25 20:13:50 🔔京小兑, 开始!
Apr 25 20:13:50 
Apr 25 20:13:50 ====================共6个京东账号Cookie=========
Apr 25 20:13:50 
Apr 25 20:13:50 ==================脚本执行- 北京时间(UTC+8)：4/25/2021, 8:13:50 PM=====================
Apr 25 20:13:50 
Apr 25 20:13:50 脚本自动把抽奖卷兑换为兑币
Apr 25 20:13:50 
Apr 25 20:13:50 ******开始【京东账号1】最初的梦想o*********
Apr 25 20:13:50 
Apr 25 20:13:51 签到失败，请求错误
Apr 25 20:13:54 京东账号1最初的梦想o
Apr 25 20:13:54 本次运行获得 0 兑币
Apr 25 20:13:55 
Apr 25 20:13:55 ******开始【京东账号2】jd_MCazEJrLyuXn*********
Apr 25 20:13:55 
Apr 25 20:13:55 签到失败，请求错误
Apr 25 20:13:59 京东账号2jd_MCazEJrLyuXn
Apr 25 20:13:59 本次运行获得 0 兑币
Apr 25 20:14:00 
Apr 25 20:14:00 ******开始【京东账号3】鬼神之吕奉先*********
Apr 25 20:14:00 
Apr 25 20:14:00 签到失败，请求错误
Apr 25 20:14:04 京东账号3鬼神之吕奉先
Apr 25 20:14:04 本次运行获得 0 兑币
Apr 25 20:14:05 
Apr 25 20:14:05 ******开始【京东账号4】jd_189371pwlx*********
Apr 25 20:14:05 
Apr 25 20:14:05 签到失败，请求错误
Apr 25 20:14:09 京东账号4jd_189371pwlx
Apr 25 20:14:09 本次运行获得 0 兑币
Apr 25 20:14:10 
Apr 25 20:14:10 ******开始【京东账号5】jd_46928899fcc30*********
Apr 25 20:14:10 
Apr 25 20:14:10 签到失败，请求错误
Apr 25 20:14:13 京东账号5jd_46928899fcc30
Apr 25 20:14:13 本次运行获得 0 兑币
Apr 25 20:14:15 
Apr 25 20:14:15 ******开始【京东账号6】jd_EirxWEerdtmu*********
Apr 25 20:14:15 
Apr 25 20:14:15 签到失败，请求错误
Apr 25 20:14:18 京东账号6jd_EirxWEerdtmu
Apr 25 20:14:18 本次运行获得 0 兑币
Apr 25 20:14:19 
Apr 25 20:14:19 ******开始【京东账号1】的循环互助*********
Apr 25 20:14:19 
Apr 25 20:14:19 
Apr 25 20:14:19 ******开始【京东账号2】的循环互助*********
Apr 25 20:14:19 
Apr 25 20:14:19 
Apr 25 20:14:19 ******开始【京东账号3】的循环互助*********
Apr 25 20:14:19 
Apr 25 20:14:19 
Apr 25 20:14:19 ******开始【京东账号4】的循环互助*********
Apr 25 20:14:19 
Apr 25 20:14:19 
Apr 25 20:14:19 ******开始【京东账号5】的循环互助*********
Apr 25 20:14:19 
Apr 25 20:14:19 
Apr 25 20:14:19 ******开始【京东账号6】的循环互助*********
Apr 25 20:14:19 
Apr 25 20:14:19 
Apr 25 20:14:19 🔔京小兑, 结束! 🕛 29.324 秒
Apr 25 20:14:19 
Apr 26 08:14:31 
Apr 26 08:14:31 🔔京小兑, 开始!
Apr 26 08:14:31 
Apr 26 08:14:31 ====================共6个京东账号Cookie=========
Apr 26 08:14:31 
Apr 26 08:14:31 ==================脚本执行- 北京时间(UTC+8)：4/26/2021, 8:14:31 AM=====================
Apr 26 08:14:31 
Apr 26 08:14:31 脚本自动把抽奖卷兑换为兑币
Apr 26 08:14:32 
Apr 26 08:14:32 ******开始【京东账号1】18337656372_p*********
Apr 26 08:14:32 
Apr 26 08:14:32 签到失败，请求错误
Apr 26 08:14:36 京东账号118337656372_p
Apr 26 08:14:36 本次运行获得 0 兑币
Apr 26 08:14:37 
Apr 26 08:14:37 ******开始【京东账号2】jd_MCazEJrLyuXn*********
Apr 26 08:14:37 
Apr 26 08:14:37 签到失败，请求错误
Apr 26 08:14:40 京东账号2jd_MCazEJrLyuXn
Apr 26 08:14:40 本次运行获得 0 兑币
Apr 26 08:14:41 
Apr 26 08:14:41 ******开始【京东账号3】鬼神之吕奉先*********
Apr 26 08:14:41 
Apr 26 08:14:41 签到失败，请求错误
Apr 26 08:14:45 京东账号3鬼神之吕奉先
Apr 26 08:14:45 本次运行获得 0 兑币
Apr 26 08:14:46 
Apr 26 08:14:46 ******开始【京东账号4】jd_6ba76f15069fd*********
Apr 26 08:14:46 
Apr 26 08:14:46 签到失败，请求错误
Apr 26 08:14:50 京东账号4jd_6ba76f15069fd
Apr 26 08:14:50 本次运行获得 0 兑币
Apr 26 08:14:51 
Apr 26 08:14:51 ******开始【京东账号5】jd_46928899fcc30*********
Apr 26 08:14:51 
Apr 26 08:14:51 签到失败，请求错误
Apr 26 08:14:54 京东账号5jd_46928899fcc30
Apr 26 08:14:54 本次运行获得 0 兑币
Apr 26 08:14:56 
Apr 26 08:14:56 ******开始【京东账号6】jd_EirxWEerdtmu*********
Apr 26 08:14:56 
Apr 26 08:14:56 签到失败，请求错误
Apr 26 08:14:59 京东账号6jd_EirxWEerdtmu
Apr 26 08:14:59 本次运行获得 0 兑币
Apr 26 08:15:00 
Apr 26 08:15:00 ******开始【京东账号1】的循环互助*********
Apr 26 08:15:00 
Apr 26 08:15:00 
Apr 26 08:15:00 ******开始【京东账号2】的循环互助*********
Apr 26 08:15:00 
Apr 26 08:15:00 
Apr 26 08:15:00 ******开始【京东账号3】的循环互助*********
Apr 26 08:15:00 
Apr 26 08:15:00 
Apr 26 08:15:00 ******开始【京东账号4】的循环互助*********
Apr 26 08:15:00 
Apr 26 08:15:00 
Apr 26 08:15:00 ******开始【京东账号5】的循环互助*********
Apr 26 08:15:00 
Apr 26 08:15:00 
Apr 26 08:15:00 ******开始【京东账号6】的循环互助*********
Apr 26 08:15:00 
Apr 26 08:15:00 
Apr 26 08:15:00 🔔京小兑, 结束! 🕛 28.781 秒
Apr 26 08:15:00 
Apr 26 16:13:39 
Apr 26 16:13:39 🔔京小兑, 开始!
Apr 26 16:13:39 
Apr 26 16:13:39 ====================共6个京东账号Cookie=========
Apr 26 16:13:39 
Apr 26 16:13:39 ==================脚本执行- 北京时间(UTC+8)：4/26/2021, 4:13:39 PM=====================
Apr 26 16:13:39 
Apr 26 16:13:39 脚本自动把抽奖卷兑换为兑币
Apr 26 16:13:40 
Apr 26 16:13:40 ******开始【京东账号1】18337656372_p*********
Apr 26 16:13:40 
Apr 26 16:13:41 签到失败，请求错误
Apr 26 16:13:54 京东账号118337656372_p
Apr 26 16:13:54 本次运行获得 0 兑币
Apr 26 16:13:55 
Apr 26 16:13:55 ******开始【京东账号2】jd_MCazEJrLyuXn*********
Apr 26 16:13:55 
Apr 26 16:13:55 签到失败，请求错误
Apr 26 16:13:59 京东账号2jd_MCazEJrLyuXn
Apr 26 16:13:59 本次运行获得 0 兑币
Apr 26 16:14:00 
Apr 26 16:14:00 ******开始【京东账号3】鬼神之吕奉先*********
Apr 26 16:14:00 
Apr 26 16:14:00 签到失败，请求错误
Apr 26 16:14:04 京东账号3鬼神之吕奉先
Apr 26 16:14:04 本次运行获得 0 兑币
Apr 26 16:14:05 
Apr 26 16:14:05 ******开始【京东账号4】jd_6ba76f15069fd*********
Apr 26 16:14:05 
Apr 26 16:14:05 签到失败，请求错误
Apr 26 16:14:08 京东账号4jd_6ba76f15069fd
Apr 26 16:14:08 本次运行获得 0 兑币
Apr 26 16:14:10 
Apr 26 16:14:10 ******开始【京东账号5】jd_46928899fcc30*********
Apr 26 16:14:10 
Apr 26 16:14:10 签到失败，请求错误
Apr 26 16:14:14 京东账号5jd_46928899fcc30
Apr 26 16:14:14 本次运行获得 0 兑币
Apr 26 16:14:15 
Apr 26 16:14:15 ******开始【京东账号6】jd_EirxWEerdtmu*********
Apr 26 16:14:15 
Apr 26 16:14:16 签到失败，请求错误
Apr 26 16:14:19 京东账号6jd_EirxWEerdtmu
Apr 26 16:14:19 本次运行获得 0 兑币
Apr 26 16:14:20 
Apr 26 16:14:20 ******开始【京东账号1】的循环互助*********
Apr 26 16:14:20 
Apr 26 16:14:20 
Apr 26 16:14:20 ******开始【京东账号2】的循环互助*********
Apr 26 16:14:20 
Apr 26 16:14:20 
Apr 26 16:14:20 ******开始【京东账号3】的循环互助*********
Apr 26 16:14:20 
Apr 26 16:14:20 
Apr 26 16:14:20 ******开始【京东账号4】的循环互助*********
Apr 26 16:14:20 
Apr 26 16:14:20 
Apr 26 16:14:20 ******开始【京东账号5】的循环互助*********
Apr 26 16:14:20 
Apr 26 16:14:20 
Apr 26 16:14:20 ******开始【京东账号6】的循环互助*********
Apr 26 16:14:20 
Apr 26 16:14:20 
Apr 26 16:14:20 🔔京小兑, 结束! 🕛 41.058 秒
Apr 26 16:14:20 
Apr 26 20:13:14 
Apr 26 20:13:14 🔔京小兑, 开始!
Apr 26 20:13:14 
Apr 26 20:13:14 ====================共6个京东账号Cookie=========
Apr 26 20:13:14 
Apr 26 20:13:14 ==================脚本执行- 北京时间(UTC+8)：4/26/2021, 8:13:14 PM=====================
Apr 26 20:13:14 
Apr 26 20:13:14 脚本自动把抽奖卷兑换为兑币
Apr 26 20:13:14 
Apr 26 20:13:14 ******开始【京东账号1】18337656372_p*********
Apr 26 20:13:14 
Apr 26 20:13:15 签到失败，请求错误
Apr 26 20:13:18 京东账号118337656372_p
Apr 26 20:13:18 本次运行获得 0 兑币
Apr 26 20:13:19 
Apr 26 20:13:19 ******开始【京东账号2】jd_MCazEJrLyuXn*********
Apr 26 20:13:19 
Apr 26 20:13:19 签到失败，请求错误
Apr 26 20:13:26 京东账号2jd_MCazEJrLyuXn
Apr 26 20:13:26 本次运行获得 0 兑币
Apr 26 20:13:27 
Apr 26 20:13:27 ******开始【京东账号3】鬼神之吕奉先*********
Apr 26 20:13:27 
Apr 26 20:13:30 "Response code 502 (Bad Gateway)"
Apr 26 20:13:30 京小兑 API请求失败，请检查网路重试
Apr 26 20:13:33 京东账号3鬼神之吕奉先
Apr 26 20:13:33 本次运行获得 0 兑币
Apr 26 20:13:34 
Apr 26 20:13:34 ******开始【京东账号4】jd_6ba76f15069fd*********
Apr 26 20:13:34 
Apr 26 20:13:35 签到失败，请求错误
Apr 26 20:13:38 京东账号4jd_6ba76f15069fd
Apr 26 20:13:38 本次运行获得 0 兑币
Apr 26 20:13:39 
Apr 26 20:13:39 ******开始【京东账号5】jd_46928899fcc30*********
Apr 26 20:13:39 
Apr 26 20:13:39 签到失败，请求错误
Apr 26 20:13:43 京东账号5jd_46928899fcc30
Apr 26 20:13:43 本次运行获得 0 兑币
Apr 26 20:13:44 
Apr 26 20:13:44 ******开始【京东账号6】jd_EirxWEerdtmu*********
Apr 26 20:13:44 
Apr 26 20:13:44 签到失败，请求错误
Apr 26 20:13:48 京东账号6jd_EirxWEerdtmu
Apr 26 20:13:48 本次运行获得 0 兑币
Apr 26 20:13:49 
Apr 26 20:13:49 ******开始【京东账号1】的循环互助*********
Apr 26 20:13:49 
Apr 26 20:13:49 
Apr 26 20:13:49 ******开始【京东账号2】的循环互助*********
Apr 26 20:13:49 
Apr 26 20:13:49 
Apr 26 20:13:49 ******开始【京东账号3】的循环互助*********
Apr 26 20:13:49 
Apr 26 20:13:49 
Apr 26 20:13:49 ******开始【京东账号4】的循环互助*********
Apr 26 20:13:49 
Apr 26 20:13:49 
Apr 26 20:13:49 ******开始【京东账号5】的循环互助*********
Apr 26 20:13:49 
Apr 26 20:13:49 
Apr 26 20:13:49 ******开始【京东账号6】的循环互助*********
Apr 26 20:13:49 
Apr 26 20:13:49 
Apr 26 20:13:49 🔔京小兑, 结束! 🕛 35.156 秒
Apr 26 20:13:49 
Apr 27 08:14:21 
Apr 27 08:14:21 🔔京小兑, 开始!
Apr 27 08:14:22 
Apr 27 08:14:22 ====================共6个京东账号Cookie=========
Apr 27 08:14:22 
Apr 27 08:14:22 ==================脚本执行- 北京时间(UTC+8)：4/27/2021, 8:14:22 AM=====================
Apr 27 08:14:22 
Apr 27 08:14:22 脚本自动把抽奖卷兑换为兑币
Apr 27 08:14:22 
Apr 27 08:14:22 ******开始【京东账号1】18337656372_p*********
Apr 27 08:14:22 
Apr 27 08:14:22 签到失败，请求错误
Apr 27 08:14:26 京东账号118337656372_p
Apr 27 08:14:26 本次运行获得 0 兑币
Apr 27 08:14:27 
Apr 27 08:14:27 ******开始【京东账号2】jd_MCazEJrLyuXn*********
Apr 27 08:14:27 
Apr 27 08:14:27 签到失败，请求错误
Apr 27 08:14:30 京东账号2jd_MCazEJrLyuXn
Apr 27 08:14:30 本次运行获得 0 兑币
Apr 27 08:14:31 
Apr 27 08:14:31 ******开始【京东账号3】鬼神之吕奉先*********
Apr 27 08:14:31 
Apr 27 08:14:32 签到失败，请求错误
Apr 27 08:14:35 京东账号3鬼神之吕奉先
Apr 27 08:14:35 本次运行获得 0 兑币
Apr 27 08:14:36 
Apr 27 08:14:36 ******开始【京东账号4】jd_6ba76f15069fd*********
Apr 27 08:14:36 
Apr 27 08:14:36 签到失败，请求错误
Apr 27 08:14:40 京东账号4jd_6ba76f15069fd
Apr 27 08:14:40 本次运行获得 0 兑币
Apr 27 08:14:41 
Apr 27 08:14:41 ******开始【京东账号5】jd_46928899fcc30*********
Apr 27 08:14:41 
Apr 27 08:14:41 签到失败，请求错误
Apr 27 08:14:44 京东账号5jd_46928899fcc30
Apr 27 08:14:44 本次运行获得 0 兑币
Apr 27 08:14:46 
Apr 27 08:14:46 ******开始【京东账号6】jd_EirxWEerdtmu*********
Apr 27 08:14:46 
Apr 27 08:14:46 签到失败，请求错误
Apr 27 08:14:49 京东账号6jd_EirxWEerdtmu
Apr 27 08:14:49 本次运行获得 0 兑币
Apr 27 08:14:50 
Apr 27 08:14:50 ******开始【京东账号1】的循环互助*********
Apr 27 08:14:50 
Apr 27 08:14:50 
Apr 27 08:14:50 ******开始【京东账号2】的循环互助*********
Apr 27 08:14:50 
Apr 27 08:14:50 
Apr 27 08:14:50 ******开始【京东账号3】的循环互助*********
Apr 27 08:14:50 
Apr 27 08:14:50 
Apr 27 08:14:50 ******开始【京东账号4】的循环互助*********
Apr 27 08:14:50 
Apr 27 08:14:50 
Apr 27 08:14:50 ******开始【京东账号5】的循环互助*********
Apr 27 08:14:50 
Apr 27 08:14:50 
Apr 27 08:14:50 ******开始【京东账号6】的循环互助*********
Apr 27 08:14:50 
Apr 27 08:14:50 
Apr 27 08:14:50 🔔京小兑, 结束! 🕛 28.728 秒
Apr 27 08:14:50 
