May 20 12:15:00 
May 20 12:15:00 🔔跳跳乐瓜分京豆, 开始!
May 20 12:15:00 
May 20 12:15:00 ====================共6个京东账号Cookie=========
May 20 12:15:00 
May 20 12:15:00 ==================脚本执行- 北京时间(UTC+8)：5/20/2021, 12:15:00 PM=====================
May 20 12:15:00 
May 20 12:15:00 注：脚本默认不做添加物品至购物车任务，守护京东APP最后一片净土。
May 20 12:15:00 
May 20 12:15:01 
May 20 12:15:01 *****开始【京东账号1】最初的梦想o*****
May 20 12:15:01 
May 20 12:15:06 开始执行活动：爸道玩家，活动时间：5/19/2021, 12:00:00 AM至5/24/2021, 8:00:00 PM
May 20 12:15:07 已获得京豆：6
May 20 12:15:10 不做：【加购并浏览任意一件商品8秒(0/1)】 任务
May 20 12:15:10 不做：【加购并浏览任意一件商品8秒(0/1)】 任务
May 20 12:15:11 丢骰子
May 20 12:15:11 丢骰子结果：go_back
May 20 12:15:14 丢骰子
May 20 12:15:15 丢骰子结果：give_dice
May 20 12:15:19 丢骰子
May 20 12:15:19 丢骰子结果：empty
May 20 12:15:24 执行结束,本次执行获得0京豆,共获得6京豆
May 20 12:15:24 
May 20 12:15:24 
May 20 12:15:26 亨氏上新记,活动已结束
May 20 12:15:26 
May 20 12:15:26 
May 20 12:15:27 
May 20 12:15:27 *****开始【京东账号2】jd_MCazEJrLyuXn*****
May 20 12:15:27 
May 20 12:15:28 开始执行活动：爸道玩家，活动时间：5/19/2021, 12:00:00 AM至5/24/2021, 8:00:00 PM
May 20 12:15:29 已获得京豆：6
May 20 12:15:31 不做：【加购并浏览任意一件商品8秒(0/1)】 任务
May 20 12:15:31 不做：【加购并浏览任意一件商品8秒(0/1)】 任务
May 20 12:15:33 丢骰子
May 20 12:15:33 丢骰子结果：add_cart
May 20 12:15:36 执行骰子任务
May 20 12:15:38 丢骰子
May 20 12:15:38 丢骰子结果：join_member
May 20 12:15:41 执行骰子任务
May 20 12:15:44 执行结束,本次执行获得0京豆,共获得6京豆
May 20 12:15:44 
May 20 12:15:44 
May 20 12:15:46 亨氏上新记,活动已结束
May 20 12:15:46 
May 20 12:15:46 
May 20 12:15:46 
May 20 12:15:46 *****开始【京东账号3】鬼神之吕奉先*****
May 20 12:15:46 
May 20 12:15:47 开始执行活动：爸道玩家，活动时间：5/19/2021, 12:00:00 AM至5/24/2021, 8:00:00 PM
May 20 12:15:49 已获得京豆：6
May 20 12:15:51 不做：【加购并浏览任意一件商品8秒(0/1)】 任务
May 20 12:15:51 不做：【加购并浏览任意一件商品8秒(0/1)】 任务
May 20 12:15:52 丢骰子
May 20 12:15:52 丢骰子结果：empty
May 20 12:15:57 执行结束,本次执行获得0京豆,共获得6京豆
May 20 12:15:57 
May 20 12:15:57 
May 20 12:16:00 亨氏上新记,活动已结束
May 20 12:16:00 
May 20 12:16:00 
May 20 12:16:00 
May 20 12:16:00 *****开始【京东账号4】jd_189371pwlx*****
May 20 12:16:00 
May 20 12:16:01 开始执行活动：爸道玩家，活动时间：5/19/2021, 12:00:00 AM至5/24/2021, 8:00:00 PM
May 20 12:16:02 已获得京豆：6
May 20 12:16:04 不做：【加购并浏览任意一件商品8秒(0/1)】 任务
May 20 12:16:04 不做：【加购并浏览任意一件商品8秒(0/1)】 任务
May 20 12:16:06 丢骰子
May 20 12:16:06 丢骰子结果：join_member
May 20 12:16:09 执行骰子任务
May 20 12:16:11 执行结束,本次执行获得0京豆,共获得6京豆
May 20 12:16:11 
May 20 12:16:11 
May 20 12:16:13 亨氏上新记,活动已结束
May 20 12:16:13 
May 20 12:16:13 
May 20 12:16:13 
May 20 12:16:13 *****开始【京东账号5】jd_46928899fcc30*****
May 20 12:16:13 
May 20 12:16:15 开始执行活动：爸道玩家，活动时间：5/19/2021, 12:00:00 AM至5/24/2021, 8:00:00 PM
May 20 12:16:16 已获得京豆：6
May 20 12:16:18 不做：【加购并浏览任意一件商品8秒(0/1)】 任务
May 20 12:16:18 不做：【加购并浏览任意一件商品8秒(0/1)】 任务
May 20 12:16:19 丢骰子
May 20 12:16:20 丢骰子结果：empty
May 20 12:16:25 执行结束,本次执行获得0京豆,共获得6京豆
May 20 12:16:25 
May 20 12:16:25 
May 20 12:16:27 亨氏上新记,活动已结束
May 20 12:16:27 
May 20 12:16:27 
May 20 12:16:27 
May 20 12:16:27 *****开始【京东账号6】jd_EirxWEerdtmu*****
May 20 12:16:27 
May 20 12:16:28 开始执行活动：爸道玩家，活动时间：5/19/2021, 12:00:00 AM至5/24/2021, 8:00:00 PM
May 20 12:16:30 已获得京豆：6
May 20 12:16:32 不做：【加购并浏览任意一件商品8秒(0/1)】 任务
May 20 12:16:32 不做：【加购并浏览任意一件商品8秒(0/1)】 任务
May 20 12:16:33 丢骰子
May 20 12:16:33 丢骰子结果：empty
May 20 12:16:38 丢骰子
May 20 12:16:38 丢骰子结果：join_member
May 20 12:16:41 执行骰子任务
May 20 12:16:44 执行结束,本次执行获得0京豆,共获得6京豆
May 20 12:16:44 
May 20 12:16:44 
May 20 12:16:46 亨氏上新记,活动已结束
May 20 12:16:46 
May 20 12:16:46 
May 20 12:16:46 
May 20 12:16:46 🔔跳跳乐瓜分京豆, 结束! 🕛 106.115 秒
May 20 12:16:46 
