Apr 25 00:35:01 
Apr 25 00:35:01 🔔宠汪汪🐕喂食, 开始!
Apr 25 00:35:01 
Apr 25 00:35:01 ====================共6个京东账号Cookie=========
Apr 25 00:35:01 
Apr 25 00:35:01 ==================脚本执行- 北京时间(UTC+8)：4/25/2021, 12:35:01 AM=====================
Apr 25 00:35:01 
Apr 25 00:35:01 您设置的喂食数量::10g
Apr 25 00:35:01 
Apr 25 00:35:01 实际的喂食数量::10g
Apr 25 00:35:01 
Apr 25 00:35:01 
Apr 25 00:35:01 ❌ 宠汪汪🐕喂食, 失败! 原因: TypeError: Cannot read property '0' of undefined!
Apr 25 00:35:01 
Apr 25 00:35:01 
Apr 25 00:35:01 🔔宠汪汪🐕喂食, 结束! 🕛 0.024 秒
Apr 25 00:35:01 
Apr 25 01:35:01 
Apr 25 01:35:01 🔔宠汪汪🐕喂食, 开始!
Apr 25 01:35:01 
Apr 25 01:35:01 ====================共6个京东账号Cookie=========
Apr 25 01:35:01 
Apr 25 01:35:01 ==================脚本执行- 北京时间(UTC+8)：4/25/2021, 1:35:01 AM=====================
Apr 25 01:35:01 
Apr 25 01:35:01 您设置的喂食数量::10g
Apr 25 01:35:01 
Apr 25 01:35:01 实际的喂食数量::10g
Apr 25 01:35:01 
Apr 25 01:35:01 
Apr 25 01:35:01 ❌ 宠汪汪🐕喂食, 失败! 原因: TypeError: Cannot read property '0' of undefined!
Apr 25 01:35:01 
Apr 25 01:35:01 
Apr 25 01:35:01 🔔宠汪汪🐕喂食, 结束! 🕛 0.023 秒
Apr 25 01:35:01 
Apr 25 02:35:00 
Apr 25 02:35:00 🔔宠汪汪🐕喂食, 开始!
Apr 25 02:35:00 
Apr 25 02:35:00 ====================共6个京东账号Cookie=========
Apr 25 02:35:00 
Apr 25 02:35:00 ==================脚本执行- 北京时间(UTC+8)：4/25/2021, 2:35:00 AM=====================
Apr 25 02:35:00 
Apr 25 02:35:00 您设置的喂食数量::10g
Apr 25 02:35:00 
Apr 25 02:35:00 实际的喂食数量::10g
Apr 25 02:35:00 
Apr 25 02:35:00 
Apr 25 02:35:00 ❌ 宠汪汪🐕喂食, 失败! 原因: TypeError: Cannot read property '0' of undefined!
Apr 25 02:35:00 
Apr 25 02:35:00 
Apr 25 02:35:00 🔔宠汪汪🐕喂食, 结束! 🕛 0.025 秒
Apr 25 02:35:00 
Apr 25 03:35:00 
Apr 25 03:35:00 🔔宠汪汪🐕喂食, 开始!
Apr 25 03:35:00 
Apr 25 03:35:00 ====================共6个京东账号Cookie=========
Apr 25 03:35:00 
Apr 25 03:35:00 ==================脚本执行- 北京时间(UTC+8)：4/25/2021, 3:35:00 AM=====================
Apr 25 03:35:00 
Apr 25 03:35:00 您设置的喂食数量::10g
Apr 25 03:35:00 
Apr 25 03:35:00 实际的喂食数量::10g
Apr 25 03:35:00 
Apr 25 03:35:00 
Apr 25 03:35:00 ❌ 宠汪汪🐕喂食, 失败! 原因: TypeError: Cannot read property '0' of undefined!
Apr 25 03:35:00 
Apr 25 03:35:00 
Apr 25 03:35:00 🔔宠汪汪🐕喂食, 结束! 🕛 0.023 秒
Apr 25 03:35:00 
Apr 25 04:35:00 
Apr 25 04:35:00 🔔宠汪汪🐕喂食, 开始!
Apr 25 04:35:00 
Apr 25 04:35:00 ====================共6个京东账号Cookie=========
Apr 25 04:35:00 
Apr 25 04:35:00 ==================脚本执行- 北京时间(UTC+8)：4/25/2021, 4:35:00 AM=====================
Apr 25 04:35:00 
Apr 25 04:35:00 您设置的喂食数量::10g
Apr 25 04:35:00 
Apr 25 04:35:00 实际的喂食数量::10g
Apr 25 04:35:00 
Apr 25 04:35:00 
Apr 25 04:35:00 ❌ 宠汪汪🐕喂食, 失败! 原因: TypeError: Cannot read property '0' of undefined!
Apr 25 04:35:00 
Apr 25 04:35:00 
Apr 25 04:35:00 🔔宠汪汪🐕喂食, 结束! 🕛 0.024 秒
Apr 25 04:35:00 
Apr 25 05:35:00 
Apr 25 05:35:00 🔔宠汪汪🐕喂食, 开始!
Apr 25 05:35:00 
Apr 25 05:35:00 ====================共6个京东账号Cookie=========
Apr 25 05:35:00 
Apr 25 05:35:00 ==================脚本执行- 北京时间(UTC+8)：4/25/2021, 5:35:00 AM=====================
Apr 25 05:35:00 
Apr 25 05:35:00 您设置的喂食数量::10g
Apr 25 05:35:00 
Apr 25 05:35:00 实际的喂食数量::10g
Apr 25 05:35:00 
Apr 25 05:35:00 
Apr 25 05:35:00 ❌ 宠汪汪🐕喂食, 失败! 原因: TypeError: Cannot read property '0' of undefined!
Apr 25 05:35:00 
Apr 25 05:35:00 
Apr 25 05:35:00 🔔宠汪汪🐕喂食, 结束! 🕛 0.026 秒
Apr 25 05:35:00 
Apr 25 06:35:00 
Apr 25 06:35:00 🔔宠汪汪🐕喂食, 开始!
Apr 25 06:35:00 
Apr 25 06:35:00 ====================共6个京东账号Cookie=========
Apr 25 06:35:00 
Apr 25 06:35:00 ==================脚本执行- 北京时间(UTC+8)：4/25/2021, 6:35:00 AM=====================
Apr 25 06:35:00 
Apr 25 06:35:00 您设置的喂食数量::10g
Apr 25 06:35:00 
Apr 25 06:35:00 实际的喂食数量::10g
Apr 25 06:35:00 
Apr 25 06:35:00 
Apr 25 06:35:00 ❌ 宠汪汪🐕喂食, 失败! 原因: TypeError: Cannot read property '0' of undefined!
Apr 25 06:35:00 
Apr 25 06:35:00 
Apr 25 06:35:00 🔔宠汪汪🐕喂食, 结束! 🕛 0.023 秒
Apr 25 06:35:00 
Apr 25 07:35:00 
Apr 25 07:35:00 🔔宠汪汪🐕喂食, 开始!
Apr 25 07:35:00 
Apr 25 07:35:00 ====================共6个京东账号Cookie=========
Apr 25 07:35:00 
Apr 25 07:35:00 ==================脚本执行- 北京时间(UTC+8)：4/25/2021, 7:35:00 AM=====================
Apr 25 07:35:00 
Apr 25 07:35:00 您设置的喂食数量::10g
Apr 25 07:35:00 
Apr 25 07:35:00 实际的喂食数量::10g
Apr 25 07:35:00 
Apr 25 07:35:00 
Apr 25 07:35:00 ❌ 宠汪汪🐕喂食, 失败! 原因: TypeError: Cannot read property '0' of undefined!
Apr 25 07:35:00 
Apr 25 07:35:00 
Apr 25 07:35:00 🔔宠汪汪🐕喂食, 结束! 🕛 0.024 秒
Apr 25 07:35:00 
Apr 25 08:35:00 
Apr 25 08:35:00 🔔宠汪汪🐕喂食, 开始!
Apr 25 08:35:00 
Apr 25 08:35:00 ====================共6个京东账号Cookie=========
Apr 25 08:35:00 
Apr 25 08:35:00 ==================脚本执行- 北京时间(UTC+8)：4/25/2021, 8:35:00 AM=====================
Apr 25 08:35:00 
Apr 25 08:35:00 您设置的喂食数量::10g
Apr 25 08:35:00 
Apr 25 08:35:00 实际的喂食数量::10g
Apr 25 08:35:00 
Apr 25 08:35:00 
Apr 25 08:35:00 ❌ 宠汪汪🐕喂食, 失败! 原因: TypeError: Cannot read property '0' of undefined!
Apr 25 08:35:00 
Apr 25 08:35:00 
Apr 25 08:35:00 🔔宠汪汪🐕喂食, 结束! 🕛 0.025 秒
Apr 25 08:35:00 
Apr 25 09:35:00 
Apr 25 09:35:00 🔔宠汪汪🐕喂食, 开始!
Apr 25 09:35:00 
Apr 25 09:35:00 ====================共6个京东账号Cookie=========
Apr 25 09:35:00 
Apr 25 09:35:00 ==================脚本执行- 北京时间(UTC+8)：4/25/2021, 9:35:00 AM=====================
Apr 25 09:35:00 
Apr 25 09:35:00 您设置的喂食数量::10g
Apr 25 09:35:00 
Apr 25 09:35:00 实际的喂食数量::10g
Apr 25 09:35:00 
Apr 25 09:35:00 
Apr 25 09:35:00 ❌ 宠汪汪🐕喂食, 失败! 原因: TypeError: Cannot read property '0' of undefined!
Apr 25 09:35:00 
Apr 25 09:35:00 
Apr 25 09:35:00 🔔宠汪汪🐕喂食, 结束! 🕛 0.028 秒
Apr 25 09:35:00 
Apr 25 10:35:01 
Apr 25 10:35:01 🔔宠汪汪🐕喂食, 开始!
Apr 25 10:35:01 
Apr 25 10:35:01 ====================共6个京东账号Cookie=========
Apr 25 10:35:01 
Apr 25 10:35:01 ==================脚本执行- 北京时间(UTC+8)：4/25/2021, 10:35:01 AM=====================
Apr 25 10:35:01 
Apr 25 10:35:01 您设置的喂食数量::10g
Apr 25 10:35:01 
Apr 25 10:35:01 实际的喂食数量::10g
Apr 25 10:35:01 
Apr 25 10:35:01 
Apr 25 10:35:01 ❌ 宠汪汪🐕喂食, 失败! 原因: TypeError: Cannot read property '0' of undefined!
Apr 25 10:35:01 
Apr 25 10:35:01 
Apr 25 10:35:01 🔔宠汪汪🐕喂食, 结束! 🕛 0.025 秒
Apr 25 10:35:01 
Apr 25 11:35:00 
Apr 25 11:35:00 🔔宠汪汪🐕喂食, 开始!
Apr 25 11:35:00 
Apr 25 11:35:00 ====================共6个京东账号Cookie=========
Apr 25 11:35:00 
Apr 25 11:35:00 ==================脚本执行- 北京时间(UTC+8)：4/25/2021, 11:35:00 AM=====================
Apr 25 11:35:00 
Apr 25 11:35:00 您设置的喂食数量::10g
Apr 25 11:35:00 
Apr 25 11:35:00 实际的喂食数量::10g
Apr 25 11:35:00 
Apr 25 11:35:00 
Apr 25 11:35:00 ❌ 宠汪汪🐕喂食, 失败! 原因: TypeError: Cannot read property '0' of undefined!
Apr 25 11:35:00 
Apr 25 11:35:00 
Apr 25 11:35:00 🔔宠汪汪🐕喂食, 结束! 🕛 0.029 秒
Apr 25 11:35:00 
Apr 25 12:35:00 
Apr 25 12:35:00 🔔宠汪汪🐕喂食, 开始!
Apr 25 12:35:00 
Apr 25 12:35:00 ====================共6个京东账号Cookie=========
Apr 25 12:35:00 
Apr 25 12:35:00 ==================脚本执行- 北京时间(UTC+8)：4/25/2021, 12:35:00 PM=====================
Apr 25 12:35:00 
Apr 25 12:35:00 您设置的喂食数量::10g
Apr 25 12:35:00 
Apr 25 12:35:00 实际的喂食数量::10g
Apr 25 12:35:00 
Apr 25 12:35:00 
Apr 25 12:35:00 ❌ 宠汪汪🐕喂食, 失败! 原因: TypeError: Cannot read property '0' of undefined!
Apr 25 12:35:00 
Apr 25 12:35:00 
Apr 25 12:35:00 🔔宠汪汪🐕喂食, 结束! 🕛 0.029 秒
Apr 25 12:35:00 
Apr 25 13:35:00 
Apr 25 13:35:00 🔔宠汪汪🐕喂食, 开始!
Apr 25 13:35:00 
Apr 25 13:35:00 ====================共6个京东账号Cookie=========
Apr 25 13:35:00 
Apr 25 13:35:00 ==================脚本执行- 北京时间(UTC+8)：4/25/2021, 1:35:00 PM=====================
Apr 25 13:35:00 
Apr 25 13:35:00 您设置的喂食数量::10g
Apr 25 13:35:00 
Apr 25 13:35:00 实际的喂食数量::10g
Apr 25 13:35:00 
Apr 25 13:35:00 
Apr 25 13:35:00 ❌ 宠汪汪🐕喂食, 失败! 原因: TypeError: Cannot read property '0' of undefined!
Apr 25 13:35:00 
Apr 25 13:35:00 
Apr 25 13:35:00 🔔宠汪汪🐕喂食, 结束! 🕛 0.022 秒
Apr 25 13:35:00 
Apr 25 14:35:00 
Apr 25 14:35:00 🔔宠汪汪🐕喂食, 开始!
Apr 25 14:35:00 
Apr 25 14:35:00 ====================共6个京东账号Cookie=========
Apr 25 14:35:00 
Apr 25 14:35:00 ==================脚本执行- 北京时间(UTC+8)：4/25/2021, 2:35:00 PM=====================
Apr 25 14:35:00 
Apr 25 14:35:00 您设置的喂食数量::10g
Apr 25 14:35:00 
Apr 25 14:35:00 实际的喂食数量::10g
Apr 25 14:35:00 
Apr 25 14:35:01 喂食失败：正在食用
Apr 25 14:35:01 
Apr 25 14:35:01 【喂食失败】您的汪汪正在食用
Apr 25 14:35:01 
Apr 25 14:35:01 
Apr 25 14:35:01 您设置的喂食数量::10g
Apr 25 14:35:01 
Apr 25 14:35:01 实际的喂食数量::10g
Apr 25 14:35:01 
Apr 25 14:35:01 喂食成功
Apr 25 14:35:01 
Apr 25 14:35:01 【喂食成功】10g
Apr 25 14:35:01 
Apr 25 14:35:01 
Apr 25 14:35:01 您设置的喂食数量::10g
Apr 25 14:35:01 
Apr 25 14:35:01 实际的喂食数量::10g
Apr 25 14:35:01 
Apr 25 14:35:01 喂食失败：正在食用
Apr 25 14:35:02 
Apr 25 14:35:02 【喂食失败】您的汪汪正在食用
Apr 25 14:35:02 
Apr 25 14:35:02 
Apr 25 14:35:02 您设置的喂食数量::10g
Apr 25 14:35:02 
Apr 25 14:35:02 实际的喂食数量::10g
Apr 25 14:35:02 
Apr 25 14:35:02 喂食失败：正在食用
Apr 25 14:35:02 
Apr 25 14:35:02 【喂食失败】您的汪汪正在食用
Apr 25 14:35:02 
Apr 25 14:35:02 
Apr 25 14:35:02 您设置的喂食数量::10g
Apr 25 14:35:02 
Apr 25 14:35:02 实际的喂食数量::10g
Apr 25 14:35:02 
Apr 25 14:35:02 喂食失败：正在食用
Apr 25 14:35:02 
Apr 25 14:35:02 【喂食失败】您的汪汪正在食用
Apr 25 14:35:02 
Apr 25 14:35:02 
Apr 25 14:35:02 您设置的喂食数量::10g
Apr 25 14:35:02 
Apr 25 14:35:02 实际的喂食数量::10g
Apr 25 14:35:02 
Apr 25 14:35:02 喂食失败：正在食用
Apr 25 14:35:03 
Apr 25 14:35:03 【喂食失败】您的汪汪正在食用
Apr 25 14:35:03 
Apr 25 14:35:03 
Apr 25 14:35:03 
Apr 25 14:35:03 🔔宠汪汪🐕喂食, 结束! 🕛 2.474 秒
Apr 25 14:35:03 
Apr 25 15:35:00 
Apr 25 15:35:00 🔔宠汪汪🐕喂食, 开始!
Apr 25 15:35:00 
Apr 25 15:35:00 ====================共6个京东账号Cookie=========
Apr 25 15:35:00 
Apr 25 15:35:00 ==================脚本执行- 北京时间(UTC+8)：4/25/2021, 3:35:00 PM=====================
Apr 25 15:35:00 
Apr 25 15:35:00 您设置的喂食数量::10g
Apr 25 15:35:00 
Apr 25 15:35:00 实际的喂食数量::10g
Apr 25 15:35:00 
Apr 25 15:35:01 喂食失败：正在食用
Apr 25 15:35:01 
Apr 25 15:35:01 【喂食失败】您的汪汪正在食用
Apr 25 15:35:01 
Apr 25 15:35:01 
Apr 25 15:35:01 您设置的喂食数量::10g
Apr 25 15:35:01 
Apr 25 15:35:01 实际的喂食数量::10g
Apr 25 15:35:01 
Apr 25 15:35:01 喂食失败：正在食用
Apr 25 15:35:01 
Apr 25 15:35:01 【喂食失败】您的汪汪正在食用
Apr 25 15:35:01 
Apr 25 15:35:01 
Apr 25 15:35:01 您设置的喂食数量::10g
Apr 25 15:35:01 
Apr 25 15:35:01 实际的喂食数量::10g
Apr 25 15:35:01 
Apr 25 15:35:01 喂食失败：正在食用
Apr 25 15:35:02 
Apr 25 15:35:02 【喂食失败】您的汪汪正在食用
Apr 25 15:35:02 
Apr 25 15:35:02 
Apr 25 15:35:02 您设置的喂食数量::10g
Apr 25 15:35:02 
Apr 25 15:35:02 实际的喂食数量::10g
Apr 25 15:35:02 
Apr 25 15:35:02 喂食失败：正在食用
Apr 25 15:35:02 
Apr 25 15:35:02 【喂食失败】您的汪汪正在食用
Apr 25 15:35:02 
Apr 25 15:35:02 
Apr 25 15:35:02 您设置的喂食数量::10g
Apr 25 15:35:02 
Apr 25 15:35:02 实际的喂食数量::10g
Apr 25 15:35:02 
Apr 25 15:35:02 喂食失败：正在食用
Apr 25 15:35:02 
Apr 25 15:35:02 【喂食失败】您的汪汪正在食用
Apr 25 15:35:02 
Apr 25 15:35:02 
Apr 25 15:35:02 您设置的喂食数量::10g
Apr 25 15:35:02 
Apr 25 15:35:02 实际的喂食数量::10g
Apr 25 15:35:02 
Apr 25 15:35:03 喂食失败：正在食用
Apr 25 15:35:03 
Apr 25 15:35:03 【喂食失败】您的汪汪正在食用
Apr 25 15:35:03 
Apr 25 15:35:03 
Apr 25 15:35:03 
Apr 25 15:35:03 🔔宠汪汪🐕喂食, 结束! 🕛 2.496 秒
Apr 25 15:35:03 
Apr 25 16:35:00 
Apr 25 16:35:00 🔔宠汪汪🐕喂食, 开始!
Apr 25 16:35:00 
Apr 25 16:35:00 ====================共6个京东账号Cookie=========
Apr 25 16:35:00 
Apr 25 16:35:00 ==================脚本执行- 北京时间(UTC+8)：4/25/2021, 4:35:00 PM=====================
Apr 25 16:35:00 
Apr 25 16:35:01 您设置的喂食数量::10g
Apr 25 16:35:01 
Apr 25 16:35:01 实际的喂食数量::10g
Apr 25 16:35:01 
Apr 25 16:35:01 喂食成功
Apr 25 16:35:01 
Apr 25 16:35:01 【喂食成功】10g
Apr 25 16:35:01 
Apr 25 16:35:01 
Apr 25 16:35:01 您设置的喂食数量::10g
Apr 25 16:35:01 
Apr 25 16:35:01 实际的喂食数量::10g
Apr 25 16:35:01 
Apr 25 16:35:01 喂食失败：正在食用
Apr 25 16:35:01 
Apr 25 16:35:01 【喂食失败】您的汪汪正在食用
Apr 25 16:35:01 
Apr 25 16:35:01 
Apr 25 16:35:02 您设置的喂食数量::10g
Apr 25 16:35:02 
Apr 25 16:35:02 实际的喂食数量::10g
Apr 25 16:35:02 
Apr 25 16:35:02 喂食成功
Apr 25 16:35:02 
Apr 25 16:35:02 【喂食成功】10g
Apr 25 16:35:02 
Apr 25 16:35:02 
Apr 25 16:35:02 您设置的喂食数量::10g
Apr 25 16:35:02 
Apr 25 16:35:02 实际的喂食数量::10g
Apr 25 16:35:02 
Apr 25 16:35:02 喂食成功
Apr 25 16:35:02 
Apr 25 16:35:02 【喂食成功】10g
Apr 25 16:35:02 
Apr 25 16:35:02 
Apr 25 16:35:02 您设置的喂食数量::10g
Apr 25 16:35:02 
Apr 25 16:35:02 实际的喂食数量::10g
Apr 25 16:35:02 
Apr 25 16:35:02 喂食成功
Apr 25 16:35:03 
Apr 25 16:35:03 【喂食成功】10g
Apr 25 16:35:03 
Apr 25 16:35:03 
Apr 25 16:35:03 您设置的喂食数量::10g
Apr 25 16:35:03 
Apr 25 16:35:03 实际的喂食数量::10g
Apr 25 16:35:03 
Apr 25 16:35:03 喂食成功
Apr 25 16:35:03 
Apr 25 16:35:03 【喂食成功】10g
Apr 25 16:35:03 
Apr 25 16:35:03 
Apr 25 16:35:03 
Apr 25 16:35:03 🔔宠汪汪🐕喂食, 结束! 🕛 2.587 秒
Apr 25 16:35:03 
Apr 25 17:35:00 
Apr 25 17:35:00 🔔宠汪汪🐕喂食, 开始!
Apr 25 17:35:00 
Apr 25 17:35:00 ====================共6个京东账号Cookie=========
Apr 25 17:35:00 
Apr 25 17:35:00 ==================脚本执行- 北京时间(UTC+8)：4/25/2021, 5:35:00 PM=====================
Apr 25 17:35:00 
Apr 25 17:35:01 您设置的喂食数量::10g
Apr 25 17:35:01 
Apr 25 17:35:01 实际的喂食数量::10g
Apr 25 17:35:01 
Apr 25 17:35:01 喂食失败：正在食用
Apr 25 17:35:01 三餐结果领取成功
Apr 25 17:35:01 
Apr 25 17:35:01 【喂食失败】您的汪汪正在食用
Apr 25 17:35:01 【三餐】领取成功，获得5g狗粮
Apr 25 17:35:01 
Apr 25 17:35:01 
Apr 25 17:35:01 您设置的喂食数量::10g
Apr 25 17:35:01 
Apr 25 17:35:01 实际的喂食数量::10g
Apr 25 17:35:01 
Apr 25 17:35:01 喂食成功
Apr 25 17:35:02 三餐结果领取成功
Apr 25 17:35:02 
Apr 25 17:35:02 【喂食成功】10g
Apr 25 17:35:02 【三餐】领取成功，获得5g狗粮
Apr 25 17:35:02 
Apr 25 17:35:02 
Apr 25 17:35:02 您设置的喂食数量::10g
Apr 25 17:35:02 
Apr 25 17:35:02 实际的喂食数量::10g
Apr 25 17:35:02 
Apr 25 17:35:02 喂食失败：正在食用
Apr 25 17:35:02 三餐结果领取成功
Apr 25 17:35:02 
Apr 25 17:35:02 【喂食失败】您的汪汪正在食用
Apr 25 17:35:02 【三餐】领取成功，获得5g狗粮
Apr 25 17:35:02 
Apr 25 17:35:02 
Apr 25 17:35:02 您设置的喂食数量::10g
Apr 25 17:35:02 
Apr 25 17:35:02 实际的喂食数量::10g
Apr 25 17:35:02 
Apr 25 17:35:02 喂食失败：正在食用
Apr 25 17:35:02 三餐结果领取成功
Apr 25 17:35:02 
Apr 25 17:35:02 【喂食失败】您的汪汪正在食用
Apr 25 17:35:02 【三餐】领取成功，获得5g狗粮
Apr 25 17:35:02 
Apr 25 17:35:02 
Apr 25 17:35:02 您设置的喂食数量::10g
Apr 25 17:35:02 
Apr 25 17:35:02 实际的喂食数量::10g
Apr 25 17:35:02 
Apr 25 17:35:03 喂食失败：正在食用
Apr 25 17:35:03 三餐结果领取成功
Apr 25 17:35:03 
Apr 25 17:35:03 【喂食失败】您的汪汪正在食用
Apr 25 17:35:03 【三餐】领取成功，获得5g狗粮
Apr 25 17:35:03 
Apr 25 17:35:03 
Apr 25 17:35:03 您设置的喂食数量::10g
Apr 25 17:35:03 
Apr 25 17:35:03 实际的喂食数量::10g
Apr 25 17:35:03 
Apr 25 17:35:03 喂食失败：正在食用
Apr 25 17:35:03 三餐结果领取成功
Apr 25 17:35:03 
Apr 25 17:35:03 【喂食失败】您的汪汪正在食用
Apr 25 17:35:03 【三餐】领取成功，获得5g狗粮
Apr 25 17:35:03 
Apr 25 17:35:03 
Apr 25 17:35:03 
Apr 25 17:35:03 🔔宠汪汪🐕喂食, 结束! 🕛 2.663 秒
Apr 25 17:35:03 
Apr 25 18:35:01 
Apr 25 18:35:01 🔔宠汪汪🐕喂食, 开始!
Apr 25 18:35:01 
Apr 25 18:35:01 ====================共6个京东账号Cookie=========
Apr 25 18:35:01 
Apr 25 18:35:01 ==================脚本执行- 北京时间(UTC+8)：4/25/2021, 6:35:01 PM=====================
Apr 25 18:35:01 
Apr 25 18:35:01 您设置的喂食数量::10g
Apr 25 18:35:01 
Apr 25 18:35:01 实际的喂食数量::10g
Apr 25 18:35:01 
Apr 25 18:35:01 喂食失败：正在食用
Apr 25 18:35:01 
Apr 25 18:35:01 【喂食失败】您的汪汪正在食用
Apr 25 18:35:01 
Apr 25 18:35:01 
Apr 25 18:35:01 您设置的喂食数量::10g
Apr 25 18:35:01 
Apr 25 18:35:01 实际的喂食数量::10g
Apr 25 18:35:01 
Apr 25 18:35:02 喂食失败：正在食用
Apr 25 18:35:03 
Apr 25 18:35:03 【喂食失败】您的汪汪正在食用
Apr 25 18:35:03 
Apr 25 18:35:03 
Apr 25 18:35:03 您设置的喂食数量::10g
Apr 25 18:35:03 
Apr 25 18:35:03 实际的喂食数量::10g
Apr 25 18:35:03 
Apr 25 18:35:03 喂食失败：正在食用
Apr 25 18:35:03 
Apr 25 18:35:03 【喂食失败】您的汪汪正在食用
Apr 25 18:35:03 
Apr 25 18:35:03 
Apr 25 18:35:03 您设置的喂食数量::10g
Apr 25 18:35:03 
Apr 25 18:35:03 实际的喂食数量::10g
Apr 25 18:35:03 
Apr 25 18:35:03 喂食失败：正在食用
Apr 25 18:35:03 
Apr 25 18:35:03 【喂食失败】您的汪汪正在食用
Apr 25 18:35:03 
Apr 25 18:35:03 
Apr 25 18:35:03 您设置的喂食数量::10g
Apr 25 18:35:03 
Apr 25 18:35:03 实际的喂食数量::10g
Apr 25 18:35:03 
Apr 25 18:35:04 喂食失败：正在食用
Apr 25 18:35:04 
Apr 25 18:35:04 【喂食失败】您的汪汪正在食用
Apr 25 18:35:04 
Apr 25 18:35:04 
Apr 25 18:35:04 您设置的喂食数量::10g
Apr 25 18:35:04 
Apr 25 18:35:04 实际的喂食数量::10g
Apr 25 18:35:04 
Apr 25 18:35:04 喂食失败：正在食用
Apr 25 18:35:04 
Apr 25 18:35:04 【喂食失败】您的汪汪正在食用
Apr 25 18:35:04 
Apr 25 18:35:04 
Apr 25 18:35:04 
Apr 25 18:35:04 🔔宠汪汪🐕喂食, 结束! 🕛 3.531 秒
Apr 25 18:35:04 
Apr 25 19:35:00 
Apr 25 19:35:00 🔔宠汪汪🐕喂食, 开始!
Apr 25 19:35:00 
Apr 25 19:35:00 ====================共6个京东账号Cookie=========
Apr 25 19:35:00 
Apr 25 19:35:00 ==================脚本执行- 北京时间(UTC+8)：4/25/2021, 7:35:00 PM=====================
Apr 25 19:35:00 
Apr 25 19:35:00 您设置的喂食数量::10g
Apr 25 19:35:00 
Apr 25 19:35:00 实际的喂食数量::10g
Apr 25 19:35:00 
Apr 25 19:35:00 喂食失败：正在食用
Apr 25 19:35:00 
Apr 25 19:35:00 【喂食失败】您的汪汪正在食用
Apr 25 19:35:00 
Apr 25 19:35:00 
Apr 25 19:35:01 您设置的喂食数量::10g
Apr 25 19:35:01 
Apr 25 19:35:01 实际的喂食数量::10g
Apr 25 19:35:01 
Apr 25 19:35:01 喂食失败：正在食用
Apr 25 19:35:01 
Apr 25 19:35:01 【喂食失败】您的汪汪正在食用
Apr 25 19:35:01 
Apr 25 19:35:01 
Apr 25 19:35:01 您设置的喂食数量::10g
Apr 25 19:35:01 
Apr 25 19:35:01 实际的喂食数量::10g
Apr 25 19:35:01 
Apr 25 19:35:01 喂食失败：正在食用
Apr 25 19:35:01 
Apr 25 19:35:01 【喂食失败】您的汪汪正在食用
Apr 25 19:35:01 
Apr 25 19:35:01 
Apr 25 19:35:01 您设置的喂食数量::10g
Apr 25 19:35:01 
Apr 25 19:35:01 实际的喂食数量::10g
Apr 25 19:35:01 
Apr 25 19:35:01 喂食失败：正在食用
Apr 25 19:35:01 
Apr 25 19:35:01 【喂食失败】您的汪汪正在食用
Apr 25 19:35:01 
Apr 25 19:35:01 
Apr 25 19:35:02 您设置的喂食数量::10g
Apr 25 19:35:02 
Apr 25 19:35:02 实际的喂食数量::10g
Apr 25 19:35:02 
Apr 25 19:35:02 喂食成功
Apr 25 19:35:02 
Apr 25 19:35:02 【喂食成功】10g
Apr 25 19:35:02 
Apr 25 19:35:02 
Apr 25 19:35:02 您设置的喂食数量::10g
Apr 25 19:35:02 
Apr 25 19:35:02 实际的喂食数量::10g
Apr 25 19:35:02 
Apr 25 19:35:02 喂食失败：正在食用
Apr 25 19:35:02 
Apr 25 19:35:02 【喂食失败】您的汪汪正在食用
Apr 25 19:35:02 
Apr 25 19:35:02 
Apr 25 19:35:02 
Apr 25 19:35:02 🔔宠汪汪🐕喂食, 结束! 🕛 2.518 秒
Apr 25 19:35:02 
Apr 25 20:35:00 
Apr 25 20:35:00 🔔宠汪汪🐕喂食, 开始!
Apr 25 20:35:00 
Apr 25 20:35:00 ====================共6个京东账号Cookie=========
Apr 25 20:35:00 
Apr 25 20:35:00 ==================脚本执行- 北京时间(UTC+8)：4/25/2021, 8:35:00 PM=====================
Apr 25 20:35:00 
Apr 25 20:35:00 您设置的喂食数量::10g
Apr 25 20:35:00 
Apr 25 20:35:00 实际的喂食数量::10g
Apr 25 20:35:00 
Apr 25 20:35:00 喂食成功
Apr 25 20:35:01 
Apr 25 20:35:01 【喂食成功】10g
Apr 25 20:35:01 
Apr 25 20:35:01 
Apr 25 20:35:01 您设置的喂食数量::10g
Apr 25 20:35:01 
Apr 25 20:35:01 实际的喂食数量::10g
Apr 25 20:35:01 
Apr 25 20:35:01 喂食成功
Apr 25 20:35:01 
Apr 25 20:35:01 【喂食成功】10g
Apr 25 20:35:01 
Apr 25 20:35:01 
Apr 25 20:35:01 您设置的喂食数量::10g
Apr 25 20:35:01 
Apr 25 20:35:01 实际的喂食数量::10g
Apr 25 20:35:01 
Apr 25 20:35:02 喂食成功
Apr 25 20:35:02 
Apr 25 20:35:02 【喂食成功】10g
Apr 25 20:35:02 
Apr 25 20:35:02 
Apr 25 20:35:02 您设置的喂食数量::10g
Apr 25 20:35:02 
Apr 25 20:35:02 实际的喂食数量::10g
Apr 25 20:35:02 
Apr 25 20:35:02 喂食成功
Apr 25 20:35:02 
Apr 25 20:35:02 【喂食成功】10g
Apr 25 20:35:02 
Apr 25 20:35:02 
Apr 25 20:35:02 您设置的喂食数量::10g
Apr 25 20:35:02 
Apr 25 20:35:02 实际的喂食数量::10g
Apr 25 20:35:02 
Apr 25 20:35:02 喂食失败：正在食用
Apr 25 20:35:03 
Apr 25 20:35:03 【喂食失败】您的汪汪正在食用
Apr 25 20:35:03 
Apr 25 20:35:03 
Apr 25 20:35:03 您设置的喂食数量::10g
Apr 25 20:35:03 
Apr 25 20:35:03 实际的喂食数量::10g
Apr 25 20:35:03 
Apr 25 20:35:03 喂食成功
Apr 25 20:35:03 
Apr 25 20:35:03 【喂食成功】10g
Apr 25 20:35:03 
Apr 25 20:35:03 
Apr 25 20:35:03 
Apr 25 20:35:03 🔔宠汪汪🐕喂食, 结束! 🕛 2.991 秒
Apr 25 20:35:03 
Apr 25 21:35:00 
Apr 25 21:35:00 🔔宠汪汪🐕喂食, 开始!
Apr 25 21:35:00 
Apr 25 21:35:00 ====================共6个京东账号Cookie=========
Apr 25 21:35:00 
Apr 25 21:35:00 ==================脚本执行- 北京时间(UTC+8)：4/25/2021, 9:35:00 PM=====================
Apr 25 21:35:00 
Apr 25 21:35:00 您设置的喂食数量::10g
Apr 25 21:35:00 
Apr 25 21:35:00 实际的喂食数量::10g
Apr 25 21:35:00 
Apr 25 21:35:01 喂食失败：正在食用
Apr 25 21:35:01 
Apr 25 21:35:01 【喂食失败】您的汪汪正在食用
Apr 25 21:35:01 
Apr 25 21:35:01 
Apr 25 21:35:01 您设置的喂食数量::10g
Apr 25 21:35:01 
Apr 25 21:35:01 实际的喂食数量::10g
Apr 25 21:35:01 
Apr 25 21:35:01 喂食失败：正在食用
Apr 25 21:35:01 
Apr 25 21:35:01 【喂食失败】您的汪汪正在食用
Apr 25 21:35:01 
Apr 25 21:35:01 
Apr 25 21:35:01 您设置的喂食数量::10g
Apr 25 21:35:01 
Apr 25 21:35:01 实际的喂食数量::10g
Apr 25 21:35:01 
Apr 25 21:35:01 喂食失败：正在食用
Apr 25 21:35:01 
Apr 25 21:35:01 【喂食失败】您的汪汪正在食用
Apr 25 21:35:01 
Apr 25 21:35:01 
Apr 25 21:35:02 您设置的喂食数量::10g
Apr 25 21:35:02 
Apr 25 21:35:02 实际的喂食数量::10g
Apr 25 21:35:02 
Apr 25 21:35:02 喂食失败：正在食用
Apr 25 21:35:02 
Apr 25 21:35:02 【喂食失败】您的汪汪正在食用
Apr 25 21:35:02 
Apr 25 21:35:02 
Apr 25 21:35:02 您设置的喂食数量::10g
Apr 25 21:35:02 
Apr 25 21:35:02 实际的喂食数量::10g
Apr 25 21:35:02 
Apr 25 21:35:02 喂食失败：正在食用
Apr 25 21:35:02 
Apr 25 21:35:02 【喂食失败】您的汪汪正在食用
Apr 25 21:35:02 
Apr 25 21:35:02 
Apr 25 21:35:02 您设置的喂食数量::10g
Apr 25 21:35:02 
Apr 25 21:35:02 实际的喂食数量::10g
Apr 25 21:35:02 
Apr 25 21:35:02 喂食失败：正在食用
Apr 25 21:35:03 
Apr 25 21:35:03 【喂食失败】您的汪汪正在食用
Apr 25 21:35:03 
Apr 25 21:35:03 
Apr 25 21:35:03 
Apr 25 21:35:03 🔔宠汪汪🐕喂食, 结束! 🕛 2.557 秒
Apr 25 21:35:03 
Apr 25 22:35:00 
Apr 25 22:35:00 🔔宠汪汪🐕喂食, 开始!
Apr 25 22:35:00 
Apr 25 22:35:00 ====================共6个京东账号Cookie=========
Apr 25 22:35:00 
Apr 25 22:35:00 ==================脚本执行- 北京时间(UTC+8)：4/25/2021, 10:35:00 PM=====================
Apr 25 22:35:00 
Apr 25 22:35:00 您设置的喂食数量::10g
Apr 25 22:35:00 
Apr 25 22:35:00 实际的喂食数量::10g
Apr 25 22:35:00 
Apr 25 22:35:01 喂食失败：正在食用
Apr 25 22:35:01 
Apr 25 22:35:01 【喂食失败】您的汪汪正在食用
Apr 25 22:35:01 
Apr 25 22:35:01 
Apr 25 22:35:01 您设置的喂食数量::10g
Apr 25 22:35:01 
Apr 25 22:35:01 实际的喂食数量::10g
Apr 25 22:35:01 
Apr 25 22:35:01 喂食失败：正在食用
Apr 25 22:35:01 
Apr 25 22:35:01 【喂食失败】您的汪汪正在食用
Apr 25 22:35:01 
Apr 25 22:35:01 
Apr 25 22:35:01 您设置的喂食数量::10g
Apr 25 22:35:01 
Apr 25 22:35:01 实际的喂食数量::10g
Apr 25 22:35:01 
Apr 25 22:35:01 喂食失败：正在食用
Apr 25 22:35:02 
Apr 25 22:35:02 【喂食失败】您的汪汪正在食用
Apr 25 22:35:02 
Apr 25 22:35:02 
Apr 25 22:35:02 您设置的喂食数量::10g
Apr 25 22:35:02 
Apr 25 22:35:02 实际的喂食数量::10g
Apr 25 22:35:02 
Apr 25 22:35:02 喂食失败：正在食用
Apr 25 22:35:02 
Apr 25 22:35:02 【喂食失败】您的汪汪正在食用
Apr 25 22:35:02 
Apr 25 22:35:02 
Apr 25 22:35:02 您设置的喂食数量::10g
Apr 25 22:35:02 
Apr 25 22:35:02 实际的喂食数量::10g
Apr 25 22:35:02 
Apr 25 22:35:02 喂食成功
Apr 25 22:35:02 
Apr 25 22:35:02 【喂食成功】10g
Apr 25 22:35:02 
Apr 25 22:35:02 
Apr 25 22:35:02 您设置的喂食数量::10g
Apr 25 22:35:02 
Apr 25 22:35:02 实际的喂食数量::10g
Apr 25 22:35:02 
Apr 25 22:35:03 喂食失败：正在食用
Apr 25 22:35:03 
Apr 25 22:35:03 【喂食失败】您的汪汪正在食用
Apr 25 22:35:03 
Apr 25 22:35:03 
Apr 25 22:35:03 
Apr 25 22:35:03 🔔宠汪汪🐕喂食, 结束! 🕛 2.631 秒
Apr 25 22:35:03 
Apr 25 23:35:00 
Apr 25 23:35:00 🔔宠汪汪🐕喂食, 开始!
Apr 25 23:35:00 
Apr 25 23:35:00 ====================共6个京东账号Cookie=========
Apr 25 23:35:00 
Apr 25 23:35:00 ==================脚本执行- 北京时间(UTC+8)：4/25/2021, 11:35:00 PM=====================
Apr 25 23:35:00 
Apr 25 23:35:00 您设置的喂食数量::10g
Apr 25 23:35:00 
Apr 25 23:35:00 实际的喂食数量::10g
Apr 25 23:35:00 
Apr 25 23:35:01 喂食成功
Apr 25 23:35:01 
Apr 25 23:35:01 【喂食成功】10g
Apr 25 23:35:01 
Apr 25 23:35:01 
Apr 25 23:35:01 您设置的喂食数量::10g
Apr 25 23:35:01 
Apr 25 23:35:01 实际的喂食数量::10g
Apr 25 23:35:01 
Apr 25 23:35:01 喂食成功
Apr 25 23:35:01 
Apr 25 23:35:01 【喂食成功】10g
Apr 25 23:35:01 
Apr 25 23:35:01 
Apr 25 23:35:01 您设置的喂食数量::10g
Apr 25 23:35:01 
Apr 25 23:35:01 实际的喂食数量::10g
Apr 25 23:35:01 
Apr 25 23:35:02 喂食失败：正在食用
Apr 25 23:35:02 
Apr 25 23:35:02 【喂食失败】您的汪汪正在食用
Apr 25 23:35:02 
Apr 25 23:35:02 
Apr 25 23:35:02 您设置的喂食数量::10g
Apr 25 23:35:02 
Apr 25 23:35:02 实际的喂食数量::10g
Apr 25 23:35:02 
Apr 25 23:35:02 喂食成功
Apr 25 23:35:02 
Apr 25 23:35:02 【喂食成功】10g
Apr 25 23:35:02 
Apr 25 23:35:02 
Apr 25 23:35:02 您设置的喂食数量::10g
Apr 25 23:35:02 
Apr 25 23:35:02 实际的喂食数量::10g
Apr 25 23:35:02 
Apr 25 23:35:02 喂食失败：正在食用
Apr 25 23:35:02 
Apr 25 23:35:02 【喂食失败】您的汪汪正在食用
Apr 25 23:35:02 
Apr 25 23:35:02 
Apr 25 23:35:03 您设置的喂食数量::10g
Apr 25 23:35:03 
Apr 25 23:35:03 实际的喂食数量::10g
Apr 25 23:35:03 
Apr 25 23:35:03 喂食成功
Apr 25 23:35:03 
Apr 25 23:35:03 【喂食成功】10g
Apr 25 23:35:03 
Apr 25 23:35:03 
Apr 25 23:35:03 
Apr 25 23:35:03 🔔宠汪汪🐕喂食, 结束! 🕛 2.646 秒
Apr 25 23:35:03 
Apr 26 00:35:00 
Apr 26 00:35:00 🔔宠汪汪🐕喂食, 开始!
Apr 26 00:35:00 
Apr 26 00:35:00 ====================共6个京东账号Cookie=========
Apr 26 00:35:00 
Apr 26 00:35:00 ==================脚本执行- 北京时间(UTC+8)：4/26/2021, 12:35:00 AM=====================
Apr 26 00:35:00 
Apr 26 00:35:00 您设置的喂食数量::10g
Apr 26 00:35:00 
Apr 26 00:35:00 实际的喂食数量::10g
Apr 26 00:35:00 
Apr 26 00:35:01 喂食失败：正在食用
Apr 26 00:35:01 
Apr 26 00:35:01 【喂食失败】您的汪汪正在食用
Apr 26 00:35:01 
Apr 26 00:35:01 
Apr 26 00:35:01 您设置的喂食数量::10g
Apr 26 00:35:01 
Apr 26 00:35:01 实际的喂食数量::10g
Apr 26 00:35:01 
Apr 26 00:35:01 喂食失败：正在食用
Apr 26 00:35:01 
Apr 26 00:35:01 【喂食失败】您的汪汪正在食用
Apr 26 00:35:01 
Apr 26 00:35:01 
Apr 26 00:35:02 您设置的喂食数量::10g
Apr 26 00:35:02 
Apr 26 00:35:02 实际的喂食数量::10g
Apr 26 00:35:02 
Apr 26 00:35:02 喂食失败：正在食用
Apr 26 00:35:02 
Apr 26 00:35:02 【喂食失败】您的汪汪正在食用
Apr 26 00:35:02 
Apr 26 00:35:02 
Apr 26 00:35:02 您设置的喂食数量::10g
Apr 26 00:35:02 
Apr 26 00:35:02 实际的喂食数量::10g
Apr 26 00:35:02 
Apr 26 00:35:02 喂食失败：正在食用
Apr 26 00:35:02 
Apr 26 00:35:02 【喂食失败】您的汪汪正在食用
Apr 26 00:35:02 
Apr 26 00:35:02 
Apr 26 00:35:02 您设置的喂食数量::10g
Apr 26 00:35:02 
Apr 26 00:35:02 实际的喂食数量::10g
Apr 26 00:35:02 
Apr 26 00:35:02 喂食失败：正在食用
Apr 26 00:35:03 
Apr 26 00:35:03 【喂食失败】您的汪汪正在食用
Apr 26 00:35:03 
Apr 26 00:35:03 
Apr 26 00:35:03 您设置的喂食数量::10g
Apr 26 00:35:03 
Apr 26 00:35:03 实际的喂食数量::10g
Apr 26 00:35:03 
Apr 26 00:35:03 喂食失败：正在食用
Apr 26 00:35:03 
Apr 26 00:35:03 【喂食失败】您的汪汪正在食用
Apr 26 00:35:03 
Apr 26 00:35:03 
Apr 26 00:35:03 
Apr 26 00:35:03 🔔宠汪汪🐕喂食, 结束! 🕛 2.562 秒
Apr 26 00:35:03 
Apr 26 01:35:01 
Apr 26 01:35:01 🔔宠汪汪🐕喂食, 开始!
Apr 26 01:35:01 
Apr 26 01:35:01 ====================共6个京东账号Cookie=========
Apr 26 01:35:01 
Apr 26 01:35:01 ==================脚本执行- 北京时间(UTC+8)：4/26/2021, 1:35:01 AM=====================
Apr 26 01:35:01 
Apr 26 01:35:01 您设置的喂食数量::10g
Apr 26 01:35:01 
Apr 26 01:35:01 实际的喂食数量::10g
Apr 26 01:35:01 
Apr 26 01:35:01 喂食失败：正在食用
Apr 26 01:35:01 
Apr 26 01:35:01 【喂食失败】您的汪汪正在食用
Apr 26 01:35:01 
Apr 26 01:35:01 
Apr 26 01:35:01 您设置的喂食数量::10g
Apr 26 01:35:01 
Apr 26 01:35:01 实际的喂食数量::10g
Apr 26 01:35:01 
Apr 26 01:35:01 喂食失败：正在食用
Apr 26 01:35:02 
Apr 26 01:35:02 【喂食失败】您的汪汪正在食用
Apr 26 01:35:02 
Apr 26 01:35:02 
Apr 26 01:35:02 您设置的喂食数量::10g
Apr 26 01:35:02 
Apr 26 01:35:02 实际的喂食数量::10g
Apr 26 01:35:02 
Apr 26 01:35:02 喂食失败：正在食用
Apr 26 01:35:02 
Apr 26 01:35:02 【喂食失败】您的汪汪正在食用
Apr 26 01:35:02 
Apr 26 01:35:02 
Apr 26 01:35:02 您设置的喂食数量::10g
Apr 26 01:35:02 
Apr 26 01:35:02 实际的喂食数量::10g
Apr 26 01:35:02 
Apr 26 01:35:02 喂食失败：正在食用
Apr 26 01:35:02 
Apr 26 01:35:02 【喂食失败】您的汪汪正在食用
Apr 26 01:35:02 
Apr 26 01:35:02 
Apr 26 01:35:02 您设置的喂食数量::10g
Apr 26 01:35:02 
Apr 26 01:35:02 实际的喂食数量::10g
Apr 26 01:35:02 
Apr 26 01:35:03 喂食成功
Apr 26 01:35:03 
Apr 26 01:35:03 【喂食成功】10g
Apr 26 01:35:03 
Apr 26 01:35:03 
Apr 26 01:35:03 您设置的喂食数量::10g
Apr 26 01:35:03 
Apr 26 01:35:03 实际的喂食数量::10g
Apr 26 01:35:03 
Apr 26 01:35:03 喂食失败：正在食用
Apr 26 01:35:03 
Apr 26 01:35:03 【喂食失败】您的汪汪正在食用
Apr 26 01:35:03 
Apr 26 01:35:03 
Apr 26 01:35:03 
Apr 26 01:35:03 🔔宠汪汪🐕喂食, 结束! 🕛 2.538 秒
Apr 26 01:35:03 
Apr 26 02:35:01 
Apr 26 02:35:01 🔔宠汪汪🐕喂食, 开始!
Apr 26 02:35:01 
Apr 26 02:35:01 ====================共6个京东账号Cookie=========
Apr 26 02:35:01 
Apr 26 02:35:01 ==================脚本执行- 北京时间(UTC+8)：4/26/2021, 2:35:01 AM=====================
Apr 26 02:35:01 
Apr 26 02:35:01 您设置的喂食数量::10g
Apr 26 02:35:01 
Apr 26 02:35:01 实际的喂食数量::10g
Apr 26 02:35:01 
Apr 26 02:35:01 喂食成功
Apr 26 02:35:01 
Apr 26 02:35:01 【喂食成功】10g
Apr 26 02:35:01 
Apr 26 02:35:01 
Apr 26 02:35:01 您设置的喂食数量::10g
Apr 26 02:35:01 
Apr 26 02:35:01 实际的喂食数量::10g
Apr 26 02:35:01 
Apr 26 02:35:02 喂食成功
Apr 26 02:35:02 
Apr 26 02:35:02 【喂食成功】10g
Apr 26 02:35:02 
Apr 26 02:35:02 
Apr 26 02:35:02 您设置的喂食数量::10g
Apr 26 02:35:02 
Apr 26 02:35:02 实际的喂食数量::10g
Apr 26 02:35:02 
Apr 26 02:35:02 喂食失败：正在食用
Apr 26 02:35:02 
Apr 26 02:35:02 【喂食失败】您的汪汪正在食用
Apr 26 02:35:02 
Apr 26 02:35:02 
Apr 26 02:35:02 您设置的喂食数量::10g
Apr 26 02:35:02 
Apr 26 02:35:02 实际的喂食数量::10g
Apr 26 02:35:02 
Apr 26 02:35:02 喂食成功
Apr 26 02:35:02 
Apr 26 02:35:02 【喂食成功】10g
Apr 26 02:35:02 
Apr 26 02:35:02 
Apr 26 02:35:03 您设置的喂食数量::10g
Apr 26 02:35:03 
Apr 26 02:35:03 实际的喂食数量::10g
Apr 26 02:35:03 
Apr 26 02:35:03 喂食失败：正在食用
Apr 26 02:35:03 
Apr 26 02:35:03 【喂食失败】您的汪汪正在食用
Apr 26 02:35:03 
Apr 26 02:35:03 
Apr 26 02:35:03 您设置的喂食数量::10g
Apr 26 02:35:03 
Apr 26 02:35:03 实际的喂食数量::10g
Apr 26 02:35:03 
Apr 26 02:35:03 喂食成功
Apr 26 02:35:03 
Apr 26 02:35:03 【喂食成功】10g
Apr 26 02:35:03 
Apr 26 02:35:03 
Apr 26 02:35:03 
Apr 26 02:35:03 🔔宠汪汪🐕喂食, 结束! 🕛 2.524 秒
Apr 26 02:35:03 
Apr 26 03:35:00 
Apr 26 03:35:00 🔔宠汪汪🐕喂食, 开始!
Apr 26 03:35:00 
Apr 26 03:35:00 ====================共6个京东账号Cookie=========
Apr 26 03:35:00 
Apr 26 03:35:00 ==================脚本执行- 北京时间(UTC+8)：4/26/2021, 3:35:00 AM=====================
Apr 26 03:35:00 
Apr 26 03:35:00 您设置的喂食数量::10g
Apr 26 03:35:00 
Apr 26 03:35:00 实际的喂食数量::10g
Apr 26 03:35:00 
Apr 26 03:35:00 喂食失败：正在食用
Apr 26 03:35:00 
Apr 26 03:35:00 【喂食失败】您的汪汪正在食用
Apr 26 03:35:00 
Apr 26 03:35:00 
Apr 26 03:35:01 您设置的喂食数量::10g
Apr 26 03:35:01 
Apr 26 03:35:01 实际的喂食数量::10g
Apr 26 03:35:01 
Apr 26 03:35:01 喂食失败：正在食用
Apr 26 03:35:01 
Apr 26 03:35:01 【喂食失败】您的汪汪正在食用
Apr 26 03:35:01 
Apr 26 03:35:01 
Apr 26 03:35:01 您设置的喂食数量::10g
Apr 26 03:35:01 
Apr 26 03:35:01 实际的喂食数量::10g
Apr 26 03:35:01 
Apr 26 03:35:01 喂食失败：正在食用
Apr 26 03:35:01 
Apr 26 03:35:01 【喂食失败】您的汪汪正在食用
Apr 26 03:35:01 
Apr 26 03:35:01 
Apr 26 03:35:01 您设置的喂食数量::10g
Apr 26 03:35:01 
Apr 26 03:35:01 实际的喂食数量::10g
Apr 26 03:35:01 
Apr 26 03:35:01 喂食失败：正在食用
Apr 26 03:35:02 
Apr 26 03:35:02 【喂食失败】您的汪汪正在食用
Apr 26 03:35:02 
Apr 26 03:35:02 
Apr 26 03:35:02 您设置的喂食数量::10g
Apr 26 03:35:02 
Apr 26 03:35:02 实际的喂食数量::10g
Apr 26 03:35:02 
Apr 26 03:35:02 喂食失败：正在食用
Apr 26 03:35:02 
Apr 26 03:35:02 【喂食失败】您的汪汪正在食用
Apr 26 03:35:02 
Apr 26 03:35:02 
Apr 26 03:35:02 您设置的喂食数量::10g
Apr 26 03:35:02 
Apr 26 03:35:02 实际的喂食数量::10g
Apr 26 03:35:02 
Apr 26 03:35:02 喂食失败：正在食用
Apr 26 03:35:02 
Apr 26 03:35:02 【喂食失败】您的汪汪正在食用
Apr 26 03:35:02 
Apr 26 03:35:02 
Apr 26 03:35:02 
Apr 26 03:35:02 🔔宠汪汪🐕喂食, 结束! 🕛 2.529 秒
Apr 26 03:35:02 
Apr 26 04:35:00 
Apr 26 04:35:00 🔔宠汪汪🐕喂食, 开始!
Apr 26 04:35:00 
Apr 26 04:35:00 ====================共6个京东账号Cookie=========
Apr 26 04:35:00 
Apr 26 04:35:00 ==================脚本执行- 北京时间(UTC+8)：4/26/2021, 4:35:00 AM=====================
Apr 26 04:35:00 
Apr 26 04:35:00 您设置的喂食数量::10g
Apr 26 04:35:00 
Apr 26 04:35:00 实际的喂食数量::10g
Apr 26 04:35:00 
Apr 26 04:35:00 喂食失败：正在食用
Apr 26 04:35:01 
Apr 26 04:35:01 【喂食失败】您的汪汪正在食用
Apr 26 04:35:01 
Apr 26 04:35:01 
Apr 26 04:35:01 您设置的喂食数量::10g
Apr 26 04:35:01 
Apr 26 04:35:01 实际的喂食数量::10g
Apr 26 04:35:01 
Apr 26 04:35:01 喂食失败：正在食用
Apr 26 04:35:01 
Apr 26 04:35:01 【喂食失败】您的汪汪正在食用
Apr 26 04:35:01 
Apr 26 04:35:01 
Apr 26 04:35:01 您设置的喂食数量::10g
Apr 26 04:35:01 
Apr 26 04:35:01 实际的喂食数量::10g
Apr 26 04:35:01 
Apr 26 04:35:01 喂食失败：正在食用
Apr 26 04:35:01 
Apr 26 04:35:01 【喂食失败】您的汪汪正在食用
Apr 26 04:35:01 
Apr 26 04:35:01 
Apr 26 04:35:01 您设置的喂食数量::10g
Apr 26 04:35:01 
Apr 26 04:35:01 实际的喂食数量::10g
Apr 26 04:35:01 
Apr 26 04:35:02 喂食失败：正在食用
Apr 26 04:35:02 
Apr 26 04:35:02 【喂食失败】您的汪汪正在食用
Apr 26 04:35:02 
Apr 26 04:35:02 
Apr 26 04:35:02 您设置的喂食数量::10g
Apr 26 04:35:02 
Apr 26 04:35:02 实际的喂食数量::10g
Apr 26 04:35:02 
Apr 26 04:35:02 喂食失败：正在食用
Apr 26 04:35:02 
Apr 26 04:35:02 【喂食失败】您的汪汪正在食用
Apr 26 04:35:02 
Apr 26 04:35:02 
Apr 26 04:35:02 您设置的喂食数量::10g
Apr 26 04:35:02 
Apr 26 04:35:02 实际的喂食数量::10g
Apr 26 04:35:02 
Apr 26 04:35:02 喂食失败：正在食用
Apr 26 04:35:02 
Apr 26 04:35:02 【喂食失败】您的汪汪正在食用
Apr 26 04:35:02 
Apr 26 04:35:02 
Apr 26 04:35:02 
Apr 26 04:35:02 🔔宠汪汪🐕喂食, 结束! 🕛 2.493 秒
Apr 26 04:35:02 
Apr 26 05:35:00 
Apr 26 05:35:00 🔔宠汪汪🐕喂食, 开始!
Apr 26 05:35:00 
Apr 26 05:35:00 ====================共6个京东账号Cookie=========
Apr 26 05:35:00 
Apr 26 05:35:00 ==================脚本执行- 北京时间(UTC+8)：4/26/2021, 5:35:00 AM=====================
Apr 26 05:35:00 
Apr 26 05:35:00 您设置的喂食数量::10g
Apr 26 05:35:00 
Apr 26 05:35:00 实际的喂食数量::10g
Apr 26 05:35:00 
Apr 26 05:35:01 喂食失败：正在食用
Apr 26 05:35:01 
Apr 26 05:35:01 【喂食失败】您的汪汪正在食用
Apr 26 05:35:01 
Apr 26 05:35:01 
Apr 26 05:35:01 您设置的喂食数量::10g
Apr 26 05:35:01 
Apr 26 05:35:01 实际的喂食数量::10g
Apr 26 05:35:01 
Apr 26 05:35:01 喂食失败：正在食用
Apr 26 05:35:01 
Apr 26 05:35:01 【喂食失败】您的汪汪正在食用
Apr 26 05:35:01 
Apr 26 05:35:01 
Apr 26 05:35:01 您设置的喂食数量::10g
Apr 26 05:35:01 
Apr 26 05:35:01 实际的喂食数量::10g
Apr 26 05:35:01 
Apr 26 05:35:01 喂食失败：正在食用
Apr 26 05:35:01 
Apr 26 05:35:01 【喂食失败】您的汪汪正在食用
Apr 26 05:35:01 
Apr 26 05:35:01 
Apr 26 05:35:01 您设置的喂食数量::10g
Apr 26 05:35:01 
Apr 26 05:35:01 实际的喂食数量::10g
Apr 26 05:35:01 
Apr 26 05:35:02 喂食成功
Apr 26 05:35:02 
Apr 26 05:35:02 【喂食成功】10g
Apr 26 05:35:02 
Apr 26 05:35:02 
Apr 26 05:35:02 您设置的喂食数量::10g
Apr 26 05:35:02 
Apr 26 05:35:02 实际的喂食数量::10g
Apr 26 05:35:02 
Apr 26 05:35:02 喂食失败：正在食用
Apr 26 05:35:02 
Apr 26 05:35:02 【喂食失败】您的汪汪正在食用
Apr 26 05:35:02 
Apr 26 05:35:02 
Apr 26 05:35:02 您设置的喂食数量::10g
Apr 26 05:35:02 
Apr 26 05:35:02 实际的喂食数量::10g
Apr 26 05:35:02 
Apr 26 05:35:03 喂食成功
Apr 26 05:35:03 
Apr 26 05:35:03 【喂食成功】10g
Apr 26 05:35:03 
Apr 26 05:35:03 
Apr 26 05:35:03 
Apr 26 05:35:03 🔔宠汪汪🐕喂食, 结束! 🕛 2.756 秒
Apr 26 05:35:03 
Apr 26 06:35:00 
Apr 26 06:35:00 🔔宠汪汪🐕喂食, 开始!
Apr 26 06:35:00 
Apr 26 06:35:00 ====================共6个京东账号Cookie=========
Apr 26 06:35:00 
Apr 26 06:35:00 ==================脚本执行- 北京时间(UTC+8)：4/26/2021, 6:35:00 AM=====================
Apr 26 06:35:00 
Apr 26 06:35:00 您设置的喂食数量::10g
Apr 26 06:35:00 
Apr 26 06:35:00 实际的喂食数量::10g
Apr 26 06:35:00 
Apr 26 06:35:01 喂食成功
Apr 26 06:35:01 三餐结果领取成功
Apr 26 06:35:01 
Apr 26 06:35:01 【喂食成功】10g
Apr 26 06:35:01 【三餐】领取成功，获得5g狗粮
Apr 26 06:35:01 
Apr 26 06:35:01 
Apr 26 06:35:01 您设置的喂食数量::10g
Apr 26 06:35:01 
Apr 26 06:35:01 实际的喂食数量::10g
Apr 26 06:35:01 
Apr 26 06:35:01 喂食成功
Apr 26 06:35:01 三餐结果领取成功
Apr 26 06:35:01 
Apr 26 06:35:01 【喂食成功】10g
Apr 26 06:35:01 【三餐】领取成功，获得5g狗粮
Apr 26 06:35:01 
Apr 26 06:35:01 
Apr 26 06:35:01 您设置的喂食数量::10g
Apr 26 06:35:01 
Apr 26 06:35:01 实际的喂食数量::10g
Apr 26 06:35:01 
Apr 26 06:35:02 喂食成功
Apr 26 06:35:02 三餐结果领取成功
Apr 26 06:35:02 
Apr 26 06:35:02 【喂食成功】10g
Apr 26 06:35:02 【三餐】领取成功，获得5g狗粮
Apr 26 06:35:02 
Apr 26 06:35:02 
Apr 26 06:35:02 您设置的喂食数量::10g
Apr 26 06:35:02 
Apr 26 06:35:02 实际的喂食数量::10g
Apr 26 06:35:02 
Apr 26 06:35:02 喂食失败：正在食用
Apr 26 06:35:02 三餐结果领取成功
Apr 26 06:35:02 
Apr 26 06:35:02 【喂食失败】您的汪汪正在食用
Apr 26 06:35:02 【三餐】领取成功，获得5g狗粮
Apr 26 06:35:02 
Apr 26 06:35:02 
Apr 26 06:35:02 您设置的喂食数量::10g
Apr 26 06:35:02 
Apr 26 06:35:02 实际的喂食数量::10g
Apr 26 06:35:02 
Apr 26 06:35:02 
Apr 26 06:35:02 ❗️宠汪汪🐕喂食, 错误!
Apr 26 06:35:02 SyntaxError: Unexpected end of JSON input
Apr 26 06:35:02     at JSON.parse (<anonymous>)
Apr 26 06:35:02     at /scripts/jd_joy_feedPets.js:134:23
Apr 26 06:35:02     at isSurge.isLoon.isQuanX.isNode.got.on.then.message (/scripts/jd_joy_feedPets.js:273:4869)
Apr 26 06:35:02     at processTicksAndRejections (internal/process/task_queues.js:97:5)
Apr 26 06:35:02 三餐结果领取成功
Apr 26 06:35:02 
Apr 26 06:35:02 【三餐】领取成功，获得5g狗粮
Apr 26 06:35:02 
Apr 26 06:35:02 
Apr 26 06:35:03 您设置的喂食数量::10g
Apr 26 06:35:03 
Apr 26 06:35:03 实际的喂食数量::10g
Apr 26 06:35:03 
Apr 26 06:35:03 喂食失败：正在食用
Apr 26 06:35:03 三餐结果领取成功
Apr 26 06:35:03 
Apr 26 06:35:03 【喂食失败】您的汪汪正在食用
Apr 26 06:35:03 【三餐】领取成功，获得5g狗粮
Apr 26 06:35:03 
Apr 26 06:35:03 
Apr 26 06:35:03 
Apr 26 06:35:03 🔔宠汪汪🐕喂食, 结束! 🕛 2.704 秒
Apr 26 06:35:03 
Apr 26 07:35:00 
Apr 26 07:35:00 🔔宠汪汪🐕喂食, 开始!
Apr 26 07:35:00 
Apr 26 07:35:00 ====================共6个京东账号Cookie=========
Apr 26 07:35:00 
Apr 26 07:35:00 ==================脚本执行- 北京时间(UTC+8)：4/26/2021, 7:35:00 AM=====================
Apr 26 07:35:00 
Apr 26 07:35:00 您设置的喂食数量::10g
Apr 26 07:35:00 
Apr 26 07:35:00 实际的喂食数量::10g
Apr 26 07:35:00 
Apr 26 07:35:01 喂食失败：正在食用
Apr 26 07:35:01 
Apr 26 07:35:01 【喂食失败】您的汪汪正在食用
Apr 26 07:35:01 
Apr 26 07:35:01 
Apr 26 07:35:01 您设置的喂食数量::10g
Apr 26 07:35:01 
Apr 26 07:35:01 实际的喂食数量::10g
Apr 26 07:35:01 
Apr 26 07:35:01 喂食失败：正在食用
Apr 26 07:35:01 
Apr 26 07:35:01 【喂食失败】您的汪汪正在食用
Apr 26 07:35:01 
Apr 26 07:35:01 
Apr 26 07:35:02 您设置的喂食数量::10g
Apr 26 07:35:02 
Apr 26 07:35:02 实际的喂食数量::10g
Apr 26 07:35:02 
Apr 26 07:35:02 喂食失败：正在食用
Apr 26 07:35:02 
Apr 26 07:35:02 【喂食失败】您的汪汪正在食用
Apr 26 07:35:02 
Apr 26 07:35:02 
Apr 26 07:35:02 您设置的喂食数量::10g
Apr 26 07:35:02 
Apr 26 07:35:02 实际的喂食数量::10g
Apr 26 07:35:02 
Apr 26 07:35:02 喂食失败：正在食用
Apr 26 07:35:02 
Apr 26 07:35:02 【喂食失败】您的汪汪正在食用
Apr 26 07:35:02 
Apr 26 07:35:02 
Apr 26 07:35:02 您设置的喂食数量::10g
Apr 26 07:35:02 
Apr 26 07:35:02 实际的喂食数量::10g
Apr 26 07:35:02 
Apr 26 07:35:02 喂食失败：正在食用
Apr 26 07:35:02 
Apr 26 07:35:02 【喂食失败】您的汪汪正在食用
Apr 26 07:35:02 
Apr 26 07:35:02 
Apr 26 07:35:03 您设置的喂食数量::10g
Apr 26 07:35:03 
Apr 26 07:35:03 实际的喂食数量::10g
Apr 26 07:35:03 
Apr 26 07:35:03 喂食失败：正在食用
Apr 26 07:35:03 
Apr 26 07:35:03 【喂食失败】您的汪汪正在食用
Apr 26 07:35:03 
Apr 26 07:35:03 
Apr 26 07:35:03 
Apr 26 07:35:03 🔔宠汪汪🐕喂食, 结束! 🕛 2.591 秒
Apr 26 07:35:03 
Apr 26 08:35:00 
Apr 26 08:35:00 🔔宠汪汪🐕喂食, 开始!
Apr 26 08:35:00 
Apr 26 08:35:00 ====================共6个京东账号Cookie=========
Apr 26 08:35:00 
Apr 26 08:35:00 ==================脚本执行- 北京时间(UTC+8)：4/26/2021, 8:35:00 AM=====================
Apr 26 08:35:00 
Apr 26 08:35:01 您设置的喂食数量::10g
Apr 26 08:35:01 
Apr 26 08:35:01 实际的喂食数量::10g
Apr 26 08:35:01 
Apr 26 08:35:01 喂食失败：正在食用
Apr 26 08:35:01 
Apr 26 08:35:01 【喂食失败】您的汪汪正在食用
Apr 26 08:35:01 
Apr 26 08:35:01 
Apr 26 08:35:01 您设置的喂食数量::10g
Apr 26 08:35:01 
Apr 26 08:35:01 实际的喂食数量::10g
Apr 26 08:35:01 
Apr 26 08:35:01 喂食失败：正在食用
Apr 26 08:35:01 
Apr 26 08:35:01 【喂食失败】您的汪汪正在食用
Apr 26 08:35:01 
Apr 26 08:35:01 
Apr 26 08:35:02 您设置的喂食数量::10g
Apr 26 08:35:02 
Apr 26 08:35:02 实际的喂食数量::10g
Apr 26 08:35:02 
Apr 26 08:35:02 喂食失败：正在食用
Apr 26 08:35:02 
Apr 26 08:35:02 【喂食失败】您的汪汪正在食用
Apr 26 08:35:02 
Apr 26 08:35:02 
Apr 26 08:35:02 您设置的喂食数量::10g
Apr 26 08:35:02 
Apr 26 08:35:02 实际的喂食数量::10g
Apr 26 08:35:02 
Apr 26 08:35:02 喂食成功
Apr 26 08:35:02 
Apr 26 08:35:02 【喂食成功】10g
Apr 26 08:35:02 
Apr 26 08:35:02 
Apr 26 08:35:02 您设置的喂食数量::10g
Apr 26 08:35:02 
Apr 26 08:35:02 实际的喂食数量::10g
Apr 26 08:35:02 
Apr 26 08:35:02 喂食成功
Apr 26 08:35:03 
Apr 26 08:35:03 【喂食成功】10g
Apr 26 08:35:03 
Apr 26 08:35:03 
Apr 26 08:35:03 您设置的喂食数量::10g
Apr 26 08:35:03 
Apr 26 08:35:03 实际的喂食数量::10g
Apr 26 08:35:03 
Apr 26 08:35:03 喂食成功
Apr 26 08:35:03 
Apr 26 08:35:03 【喂食成功】10g
Apr 26 08:35:03 
Apr 26 08:35:03 
Apr 26 08:35:03 
Apr 26 08:35:03 🔔宠汪汪🐕喂食, 结束! 🕛 2.547 秒
Apr 26 08:35:03 
Apr 26 09:35:01 
Apr 26 09:35:01 🔔宠汪汪🐕喂食, 开始!
Apr 26 09:35:01 
Apr 26 09:35:01 ====================共6个京东账号Cookie=========
Apr 26 09:35:01 
Apr 26 09:35:01 ==================脚本执行- 北京时间(UTC+8)：4/26/2021, 9:35:01 AM=====================
Apr 26 09:35:01 
Apr 26 09:35:01 您设置的喂食数量::10g
Apr 26 09:35:01 
Apr 26 09:35:01 实际的喂食数量::10g
Apr 26 09:35:01 
Apr 26 09:35:01 喂食成功
Apr 26 09:35:01 
Apr 26 09:35:01 【喂食成功】10g
Apr 26 09:35:01 
Apr 26 09:35:01 
Apr 26 09:35:01 您设置的喂食数量::10g
Apr 26 09:35:01 
Apr 26 09:35:01 实际的喂食数量::10g
Apr 26 09:35:01 
Apr 26 09:35:02 喂食成功
Apr 26 09:35:02 
Apr 26 09:35:02 【喂食成功】10g
Apr 26 09:35:02 
Apr 26 09:35:02 
Apr 26 09:35:02 您设置的喂食数量::10g
Apr 26 09:35:02 
Apr 26 09:35:02 实际的喂食数量::10g
Apr 26 09:35:02 
Apr 26 09:35:02 喂食成功
Apr 26 09:35:02 
Apr 26 09:35:02 【喂食成功】10g
Apr 26 09:35:02 
Apr 26 09:35:02 
Apr 26 09:35:02 您设置的喂食数量::10g
Apr 26 09:35:02 
Apr 26 09:35:02 实际的喂食数量::10g
Apr 26 09:35:02 
Apr 26 09:35:02 喂食失败：正在食用
Apr 26 09:35:02 
Apr 26 09:35:02 【喂食失败】您的汪汪正在食用
Apr 26 09:35:02 
Apr 26 09:35:02 
Apr 26 09:35:03 您设置的喂食数量::10g
Apr 26 09:35:03 
Apr 26 09:35:03 实际的喂食数量::10g
Apr 26 09:35:03 
Apr 26 09:35:03 喂食失败：正在食用
Apr 26 09:35:03 
Apr 26 09:35:03 【喂食失败】您的汪汪正在食用
Apr 26 09:35:03 
Apr 26 09:35:03 
Apr 26 09:35:03 您设置的喂食数量::10g
Apr 26 09:35:03 
Apr 26 09:35:03 实际的喂食数量::10g
Apr 26 09:35:03 
Apr 26 09:35:03 喂食失败：正在食用
Apr 26 09:35:03 
Apr 26 09:35:03 【喂食失败】您的汪汪正在食用
Apr 26 09:35:03 
Apr 26 09:35:03 
Apr 26 09:35:03 
Apr 26 09:35:03 🔔宠汪汪🐕喂食, 结束! 🕛 2.747 秒
Apr 26 09:35:03 
Apr 26 10:35:00 
Apr 26 10:35:00 🔔宠汪汪🐕喂食, 开始!
Apr 26 10:35:00 
Apr 26 10:35:00 ====================共6个京东账号Cookie=========
Apr 26 10:35:00 
Apr 26 10:35:00 ==================脚本执行- 北京时间(UTC+8)：4/26/2021, 10:35:00 AM=====================
Apr 26 10:35:00 
Apr 26 10:35:00 您设置的喂食数量::10g
Apr 26 10:35:00 
Apr 26 10:35:00 实际的喂食数量::10g
Apr 26 10:35:00 
Apr 26 10:35:00 喂食失败：正在食用
Apr 26 10:35:00 
Apr 26 10:35:00 【喂食失败】您的汪汪正在食用
Apr 26 10:35:00 
Apr 26 10:35:00 
Apr 26 10:35:01 您设置的喂食数量::10g
Apr 26 10:35:01 
Apr 26 10:35:01 实际的喂食数量::10g
Apr 26 10:35:01 
Apr 26 10:35:01 喂食失败：正在食用
Apr 26 10:35:01 
Apr 26 10:35:01 【喂食失败】您的汪汪正在食用
Apr 26 10:35:01 
Apr 26 10:35:01 
Apr 26 10:35:01 您设置的喂食数量::10g
Apr 26 10:35:01 
Apr 26 10:35:01 实际的喂食数量::10g
Apr 26 10:35:01 
Apr 26 10:35:01 喂食失败：正在食用
Apr 26 10:35:01 
Apr 26 10:35:01 【喂食失败】您的汪汪正在食用
Apr 26 10:35:01 
Apr 26 10:35:01 
Apr 26 10:35:01 您设置的喂食数量::10g
Apr 26 10:35:01 
Apr 26 10:35:01 实际的喂食数量::10g
Apr 26 10:35:01 
Apr 26 10:35:01 喂食失败：正在食用
Apr 26 10:35:02 
Apr 26 10:35:02 【喂食失败】您的汪汪正在食用
Apr 26 10:35:02 
Apr 26 10:35:02 
Apr 26 10:35:02 您设置的喂食数量::10g
Apr 26 10:35:02 
Apr 26 10:35:02 实际的喂食数量::10g
Apr 26 10:35:02 
Apr 26 10:35:02 喂食失败：正在食用
Apr 26 10:35:02 
Apr 26 10:35:02 【喂食失败】您的汪汪正在食用
Apr 26 10:35:02 
Apr 26 10:35:02 
Apr 26 10:35:02 您设置的喂食数量::10g
Apr 26 10:35:02 
Apr 26 10:35:02 实际的喂食数量::10g
Apr 26 10:35:02 
Apr 26 10:35:02 喂食失败：正在食用
Apr 26 10:35:02 
Apr 26 10:35:02 【喂食失败】您的汪汪正在食用
Apr 26 10:35:02 
Apr 26 10:35:02 
Apr 26 10:35:02 
Apr 26 10:35:02 🔔宠汪汪🐕喂食, 结束! 🕛 2.639 秒
Apr 26 10:35:02 
Apr 26 11:35:00 
Apr 26 11:35:00 🔔宠汪汪🐕喂食, 开始!
Apr 26 11:35:00 
Apr 26 11:35:00 ====================共6个京东账号Cookie=========
Apr 26 11:35:00 
Apr 26 11:35:00 ==================脚本执行- 北京时间(UTC+8)：4/26/2021, 11:35:00 AM=====================
Apr 26 11:35:00 
Apr 26 11:35:00 您设置的喂食数量::10g
Apr 26 11:35:00 
Apr 26 11:35:00 实际的喂食数量::10g
Apr 26 11:35:00 
Apr 26 11:35:00 喂食失败：正在食用
Apr 26 11:35:01 三餐结果领取成功
Apr 26 11:35:01 
Apr 26 11:35:01 【喂食失败】您的汪汪正在食用
Apr 26 11:35:01 【三餐】领取成功，获得5g狗粮
Apr 26 11:35:01 
Apr 26 11:35:01 
Apr 26 11:35:01 您设置的喂食数量::10g
Apr 26 11:35:01 
Apr 26 11:35:01 实际的喂食数量::10g
Apr 26 11:35:01 
Apr 26 11:35:01 喂食失败：正在食用
Apr 26 11:35:01 三餐结果领取成功
Apr 26 11:35:01 
Apr 26 11:35:01 【喂食失败】您的汪汪正在食用
Apr 26 11:35:01 【三餐】领取成功，获得5g狗粮
Apr 26 11:35:01 
Apr 26 11:35:01 
Apr 26 11:35:01 您设置的喂食数量::10g
Apr 26 11:35:01 
Apr 26 11:35:01 实际的喂食数量::10g
Apr 26 11:35:01 
Apr 26 11:35:01 喂食失败：正在食用
Apr 26 11:35:01 三餐结果领取成功
Apr 26 11:35:01 
Apr 26 11:35:01 【喂食失败】您的汪汪正在食用
Apr 26 11:35:01 【三餐】领取成功，获得5g狗粮
Apr 26 11:35:01 
Apr 26 11:35:01 
Apr 26 11:35:01 您设置的喂食数量::10g
Apr 26 11:35:01 
Apr 26 11:35:01 实际的喂食数量::10g
Apr 26 11:35:01 
Apr 26 11:35:02 喂食成功
Apr 26 11:35:02 三餐结果领取成功
Apr 26 11:35:02 
Apr 26 11:35:02 【喂食成功】10g
Apr 26 11:35:02 【三餐】领取成功，获得5g狗粮
Apr 26 11:35:02 
Apr 26 11:35:02 
Apr 26 11:35:02 您设置的喂食数量::10g
Apr 26 11:35:02 
Apr 26 11:35:02 实际的喂食数量::10g
Apr 26 11:35:02 
Apr 26 11:35:02 喂食成功
Apr 26 11:35:02 三餐结果领取成功
Apr 26 11:35:02 
Apr 26 11:35:02 【喂食成功】10g
Apr 26 11:35:02 【三餐】领取成功，获得5g狗粮
Apr 26 11:35:02 
Apr 26 11:35:02 
Apr 26 11:35:02 您设置的喂食数量::10g
Apr 26 11:35:02 
Apr 26 11:35:02 实际的喂食数量::10g
Apr 26 11:35:02 
Apr 26 11:35:02 喂食失败：正在食用
Apr 26 11:35:03 三餐结果领取成功
Apr 26 11:35:03 
Apr 26 11:35:03 【喂食失败】您的汪汪正在食用
Apr 26 11:35:03 【三餐】领取成功，获得5g狗粮
Apr 26 11:35:03 
Apr 26 11:35:03 
Apr 26 11:35:03 
Apr 26 11:35:03 🔔宠汪汪🐕喂食, 结束! 🕛 2.88 秒
Apr 26 11:35:03 
Apr 26 12:35:00 
Apr 26 12:35:00 🔔宠汪汪🐕喂食, 开始!
Apr 26 12:35:00 
Apr 26 12:35:00 ====================共6个京东账号Cookie=========
Apr 26 12:35:00 
Apr 26 12:35:00 ==================脚本执行- 北京时间(UTC+8)：4/26/2021, 12:35:00 PM=====================
Apr 26 12:35:00 
Apr 26 12:35:00 您设置的喂食数量::10g
Apr 26 12:35:00 
Apr 26 12:35:00 实际的喂食数量::10g
Apr 26 12:35:00 
Apr 26 12:35:01 喂食失败：正在食用
Apr 26 12:35:01 
Apr 26 12:35:01 【喂食失败】您的汪汪正在食用
Apr 26 12:35:01 
Apr 26 12:35:01 
Apr 26 12:35:01 您设置的喂食数量::10g
Apr 26 12:35:01 
Apr 26 12:35:01 实际的喂食数量::10g
Apr 26 12:35:01 
Apr 26 12:35:01 喂食失败：正在食用
Apr 26 12:35:01 
Apr 26 12:35:01 【喂食失败】您的汪汪正在食用
Apr 26 12:35:01 
Apr 26 12:35:01 
Apr 26 12:35:01 您设置的喂食数量::10g
Apr 26 12:35:01 
Apr 26 12:35:01 实际的喂食数量::10g
Apr 26 12:35:01 
Apr 26 12:35:01 喂食失败：正在食用
Apr 26 12:35:01 
Apr 26 12:35:01 【喂食失败】您的汪汪正在食用
Apr 26 12:35:01 
Apr 26 12:35:01 
Apr 26 12:35:02 您设置的喂食数量::10g
Apr 26 12:35:02 
Apr 26 12:35:02 实际的喂食数量::10g
Apr 26 12:35:02 
Apr 26 12:35:02 喂食失败：正在食用
Apr 26 12:35:02 
Apr 26 12:35:02 【喂食失败】您的汪汪正在食用
Apr 26 12:35:02 
Apr 26 12:35:02 
Apr 26 12:35:02 您设置的喂食数量::10g
Apr 26 12:35:02 
Apr 26 12:35:02 实际的喂食数量::10g
Apr 26 12:35:02 
Apr 26 12:35:02 喂食失败：正在食用
Apr 26 12:35:02 
Apr 26 12:35:02 【喂食失败】您的汪汪正在食用
Apr 26 12:35:02 
Apr 26 12:35:02 
Apr 26 12:35:02 您设置的喂食数量::10g
Apr 26 12:35:02 
Apr 26 12:35:02 实际的喂食数量::10g
Apr 26 12:35:02 
Apr 26 12:35:02 喂食成功
Apr 26 12:35:03 
Apr 26 12:35:03 【喂食成功】10g
Apr 26 12:35:03 
Apr 26 12:35:03 
Apr 26 12:35:03 
Apr 26 12:35:03 🔔宠汪汪🐕喂食, 结束! 🕛 2.832 秒
Apr 26 12:35:03 
Apr 26 13:35:00 
Apr 26 13:35:00 🔔宠汪汪🐕喂食, 开始!
Apr 26 13:35:00 
Apr 26 13:35:00 ====================共6个京东账号Cookie=========
Apr 26 13:35:00 
Apr 26 13:35:00 ==================脚本执行- 北京时间(UTC+8)：4/26/2021, 1:35:00 PM=====================
Apr 26 13:35:00 
Apr 26 13:35:00 您设置的喂食数量::10g
Apr 26 13:35:00 
Apr 26 13:35:00 实际的喂食数量::10g
Apr 26 13:35:00 
Apr 26 13:35:01 喂食失败：正在食用
Apr 26 13:35:01 
Apr 26 13:35:01 【喂食失败】您的汪汪正在食用
Apr 26 13:35:01 
Apr 26 13:35:01 
Apr 26 13:35:01 您设置的喂食数量::10g
Apr 26 13:35:01 
Apr 26 13:35:01 实际的喂食数量::10g
Apr 26 13:35:01 
Apr 26 13:35:01 喂食失败：正在食用
Apr 26 13:35:01 
Apr 26 13:35:01 【喂食失败】您的汪汪正在食用
Apr 26 13:35:01 
Apr 26 13:35:01 
Apr 26 13:35:01 您设置的喂食数量::10g
Apr 26 13:35:01 
Apr 26 13:35:01 实际的喂食数量::10g
Apr 26 13:35:01 
Apr 26 13:35:01 喂食失败：正在食用
Apr 26 13:35:01 
Apr 26 13:35:01 【喂食失败】您的汪汪正在食用
Apr 26 13:35:01 
Apr 26 13:35:01 
Apr 26 13:35:02 您设置的喂食数量::10g
Apr 26 13:35:02 
Apr 26 13:35:02 实际的喂食数量::10g
Apr 26 13:35:02 
Apr 26 13:35:02 喂食失败：正在食用
Apr 26 13:35:02 
Apr 26 13:35:02 【喂食失败】您的汪汪正在食用
Apr 26 13:35:02 
Apr 26 13:35:02 
Apr 26 13:35:02 您设置的喂食数量::10g
Apr 26 13:35:02 
Apr 26 13:35:02 实际的喂食数量::10g
Apr 26 13:35:02 
Apr 26 13:35:02 喂食失败：正在食用
Apr 26 13:35:02 
Apr 26 13:35:02 【喂食失败】您的汪汪正在食用
Apr 26 13:35:02 
Apr 26 13:35:02 
Apr 26 13:35:02 您设置的喂食数量::10g
Apr 26 13:35:02 
Apr 26 13:35:02 实际的喂食数量::10g
Apr 26 13:35:02 
Apr 26 13:35:02 喂食失败：正在食用
Apr 26 13:35:03 
Apr 26 13:35:03 【喂食失败】您的汪汪正在食用
Apr 26 13:35:03 
Apr 26 13:35:03 
Apr 26 13:35:03 
Apr 26 13:35:03 🔔宠汪汪🐕喂食, 结束! 🕛 2.525 秒
Apr 26 13:35:03 
Apr 26 14:35:00 
Apr 26 14:35:00 🔔宠汪汪🐕喂食, 开始!
Apr 26 14:35:00 
Apr 26 14:35:00 ====================共6个京东账号Cookie=========
Apr 26 14:35:00 
Apr 26 14:35:00 ==================脚本执行- 北京时间(UTC+8)：4/26/2021, 2:35:00 PM=====================
Apr 26 14:35:00 
Apr 26 14:35:00 您设置的喂食数量::10g
Apr 26 14:35:00 
Apr 26 14:35:00 实际的喂食数量::10g
Apr 26 14:35:00 
Apr 26 14:35:01 喂食失败：正在食用
Apr 26 14:35:01 
Apr 26 14:35:01 【喂食失败】您的汪汪正在食用
Apr 26 14:35:01 
Apr 26 14:35:01 
Apr 26 14:35:01 您设置的喂食数量::10g
Apr 26 14:35:01 
Apr 26 14:35:01 实际的喂食数量::10g
Apr 26 14:35:01 
Apr 26 14:35:01 喂食失败：正在食用
Apr 26 14:35:01 
Apr 26 14:35:01 【喂食失败】您的汪汪正在食用
Apr 26 14:35:01 
Apr 26 14:35:01 
Apr 26 14:35:01 您设置的喂食数量::10g
Apr 26 14:35:01 
Apr 26 14:35:01 实际的喂食数量::10g
Apr 26 14:35:01 
Apr 26 14:35:01 喂食失败：正在食用
Apr 26 14:35:02 
Apr 26 14:35:02 【喂食失败】您的汪汪正在食用
Apr 26 14:35:02 
Apr 26 14:35:02 
Apr 26 14:35:02 您设置的喂食数量::10g
Apr 26 14:35:02 
Apr 26 14:35:02 实际的喂食数量::10g
Apr 26 14:35:02 
Apr 26 14:35:02 喂食成功
Apr 26 14:35:02 
Apr 26 14:35:02 【喂食成功】10g
Apr 26 14:35:02 
Apr 26 14:35:02 
Apr 26 14:35:02 您设置的喂食数量::10g
Apr 26 14:35:02 
Apr 26 14:35:02 实际的喂食数量::10g
Apr 26 14:35:02 
Apr 26 14:35:02 喂食成功
Apr 26 14:35:02 
Apr 26 14:35:02 【喂食成功】10g
Apr 26 14:35:02 
Apr 26 14:35:02 
Apr 26 14:35:02 您设置的喂食数量::10g
Apr 26 14:35:02 
Apr 26 14:35:02 实际的喂食数量::10g
Apr 26 14:35:02 
Apr 26 14:35:03 喂食失败：正在食用
Apr 26 14:35:03 
Apr 26 14:35:03 【喂食失败】您的汪汪正在食用
Apr 26 14:35:03 
Apr 26 14:35:03 
Apr 26 14:35:03 
Apr 26 14:35:03 🔔宠汪汪🐕喂食, 结束! 🕛 2.629 秒
Apr 26 14:35:03 
Apr 26 15:35:00 
Apr 26 15:35:00 🔔宠汪汪🐕喂食, 开始!
Apr 26 15:35:00 
Apr 26 15:35:00 ====================共6个京东账号Cookie=========
Apr 26 15:35:00 
Apr 26 15:35:00 ==================脚本执行- 北京时间(UTC+8)：4/26/2021, 3:35:00 PM=====================
Apr 26 15:35:00 
Apr 26 15:35:00 您设置的喂食数量::10g
Apr 26 15:35:00 
Apr 26 15:35:00 实际的喂食数量::10g
Apr 26 15:35:00 
Apr 26 15:35:01 喂食失败：正在食用
Apr 26 15:35:01 
Apr 26 15:35:01 【喂食失败】您的汪汪正在食用
Apr 26 15:35:01 
Apr 26 15:35:01 
Apr 26 15:35:01 您设置的喂食数量::10g
Apr 26 15:35:01 
Apr 26 15:35:01 实际的喂食数量::10g
Apr 26 15:35:01 
Apr 26 15:35:01 喂食失败：正在食用
Apr 26 15:35:01 
Apr 26 15:35:01 【喂食失败】您的汪汪正在食用
Apr 26 15:35:01 
Apr 26 15:35:01 
Apr 26 15:35:01 您设置的喂食数量::10g
Apr 26 15:35:01 
Apr 26 15:35:01 实际的喂食数量::10g
Apr 26 15:35:01 
Apr 26 15:35:02 喂食失败：正在食用
Apr 26 15:35:02 
Apr 26 15:35:02 【喂食失败】您的汪汪正在食用
Apr 26 15:35:02 
Apr 26 15:35:02 
Apr 26 15:35:02 您设置的喂食数量::10g
Apr 26 15:35:02 
Apr 26 15:35:02 实际的喂食数量::10g
Apr 26 15:35:02 
Apr 26 15:35:02 喂食失败：正在食用
Apr 26 15:35:02 
Apr 26 15:35:02 【喂食失败】您的汪汪正在食用
Apr 26 15:35:02 
Apr 26 15:35:02 
Apr 26 15:35:02 您设置的喂食数量::10g
Apr 26 15:35:02 
Apr 26 15:35:02 实际的喂食数量::10g
Apr 26 15:35:02 
Apr 26 15:35:02 喂食失败：正在食用
Apr 26 15:35:02 
Apr 26 15:35:02 【喂食失败】您的汪汪正在食用
Apr 26 15:35:02 
Apr 26 15:35:02 
Apr 26 15:35:03 您设置的喂食数量::10g
Apr 26 15:35:03 
Apr 26 15:35:03 实际的喂食数量::10g
Apr 26 15:35:03 
Apr 26 15:35:03 喂食成功
Apr 26 15:35:03 
Apr 26 15:35:03 【喂食成功】10g
Apr 26 15:35:03 
Apr 26 15:35:03 
Apr 26 15:35:03 
Apr 26 15:35:03 🔔宠汪汪🐕喂食, 结束! 🕛 2.57 秒
Apr 26 15:35:03 
Apr 26 16:35:00 
Apr 26 16:35:00 🔔宠汪汪🐕喂食, 开始!
Apr 26 16:35:00 
Apr 26 16:35:00 ====================共6个京东账号Cookie=========
Apr 26 16:35:00 
Apr 26 16:35:00 ==================脚本执行- 北京时间(UTC+8)：4/26/2021, 4:35:00 PM=====================
Apr 26 16:35:00 
Apr 26 16:35:00 您设置的喂食数量::10g
Apr 26 16:35:00 
Apr 26 16:35:00 实际的喂食数量::10g
Apr 26 16:35:00 
Apr 26 16:35:01 喂食成功
Apr 26 16:35:01 
Apr 26 16:35:01 【喂食成功】10g
Apr 26 16:35:01 
Apr 26 16:35:01 
Apr 26 16:35:01 您设置的喂食数量::10g
Apr 26 16:35:01 
Apr 26 16:35:01 实际的喂食数量::10g
Apr 26 16:35:01 
Apr 26 16:35:01 喂食成功
Apr 26 16:35:02 
Apr 26 16:35:02 【喂食成功】10g
Apr 26 16:35:02 
Apr 26 16:35:02 
Apr 26 16:35:02 您设置的喂食数量::10g
Apr 26 16:35:02 
Apr 26 16:35:02 实际的喂食数量::10g
Apr 26 16:35:02 
Apr 26 16:35:02 喂食成功
Apr 26 16:35:02 
Apr 26 16:35:02 【喂食成功】10g
Apr 26 16:35:02 
Apr 26 16:35:02 
Apr 26 16:35:02 您设置的喂食数量::10g
Apr 26 16:35:02 
Apr 26 16:35:02 实际的喂食数量::10g
Apr 26 16:35:02 
Apr 26 16:35:02 喂食失败：正在食用
Apr 26 16:35:02 
Apr 26 16:35:02 【喂食失败】您的汪汪正在食用
Apr 26 16:35:02 
Apr 26 16:35:02 
Apr 26 16:35:02 您设置的喂食数量::10g
Apr 26 16:35:02 
Apr 26 16:35:02 实际的喂食数量::10g
Apr 26 16:35:02 
Apr 26 16:35:03 喂食失败：正在食用
Apr 26 16:35:03 
Apr 26 16:35:03 【喂食失败】您的汪汪正在食用
Apr 26 16:35:03 
Apr 26 16:35:03 
Apr 26 16:35:03 您设置的喂食数量::10g
Apr 26 16:35:03 
Apr 26 16:35:03 实际的喂食数量::10g
Apr 26 16:35:03 
Apr 26 16:35:03 喂食失败：正在食用
Apr 26 16:35:03 
Apr 26 16:35:03 【喂食失败】您的汪汪正在食用
Apr 26 16:35:03 
Apr 26 16:35:03 
Apr 26 16:35:03 
Apr 26 16:35:03 🔔宠汪汪🐕喂食, 结束! 🕛 2.711 秒
Apr 26 16:35:03 
Apr 26 17:35:01 
Apr 26 17:35:01 🔔宠汪汪🐕喂食, 开始!
Apr 26 17:35:01 
Apr 26 17:35:01 ====================共6个京东账号Cookie=========
Apr 26 17:35:01 
Apr 26 17:35:01 ==================脚本执行- 北京时间(UTC+8)：4/26/2021, 5:35:01 PM=====================
Apr 26 17:35:01 
Apr 26 17:35:01 您设置的喂食数量::10g
Apr 26 17:35:01 
Apr 26 17:35:01 实际的喂食数量::10g
Apr 26 17:35:01 
Apr 26 17:35:01 喂食失败：正在食用
Apr 26 17:35:01 三餐结果领取成功
Apr 26 17:35:01 
Apr 26 17:35:01 【喂食失败】您的汪汪正在食用
Apr 26 17:35:01 【三餐】领取成功，获得5g狗粮
Apr 26 17:35:01 
Apr 26 17:35:01 
Apr 26 17:35:01 您设置的喂食数量::10g
Apr 26 17:35:01 
Apr 26 17:35:01 实际的喂食数量::10g
Apr 26 17:35:01 
Apr 26 17:35:01 喂食失败：正在食用
Apr 26 17:35:02 三餐结果领取成功
Apr 26 17:35:02 
Apr 26 17:35:02 【喂食失败】您的汪汪正在食用
Apr 26 17:35:02 【三餐】领取成功，获得5g狗粮
Apr 26 17:35:02 
Apr 26 17:35:02 
Apr 26 17:35:02 您设置的喂食数量::10g
Apr 26 17:35:02 
Apr 26 17:35:02 实际的喂食数量::10g
Apr 26 17:35:02 
Apr 26 17:35:02 喂食失败：正在食用
Apr 26 17:35:02 三餐结果领取成功
Apr 26 17:35:02 
Apr 26 17:35:02 【喂食失败】您的汪汪正在食用
Apr 26 17:35:02 【三餐】领取成功，获得5g狗粮
Apr 26 17:35:02 
Apr 26 17:35:02 
Apr 26 17:35:02 您设置的喂食数量::10g
Apr 26 17:35:02 
Apr 26 17:35:02 实际的喂食数量::10g
Apr 26 17:35:02 
Apr 26 17:35:02 喂食成功
Apr 26 17:35:02 三餐结果领取成功
Apr 26 17:35:02 
Apr 26 17:35:02 【喂食成功】10g
Apr 26 17:35:02 【三餐】领取成功，获得5g狗粮
Apr 26 17:35:02 
Apr 26 17:35:02 
Apr 26 17:35:03 您设置的喂食数量::10g
Apr 26 17:35:03 
Apr 26 17:35:03 实际的喂食数量::10g
Apr 26 17:35:03 
Apr 26 17:35:03 喂食成功
Apr 26 17:35:03 三餐结果领取成功
Apr 26 17:35:03 
Apr 26 17:35:03 【喂食成功】10g
Apr 26 17:35:03 【三餐】领取成功，获得5g狗粮
Apr 26 17:35:03 
Apr 26 17:35:03 
Apr 26 17:35:03 您设置的喂食数量::10g
Apr 26 17:35:03 
Apr 26 17:35:03 实际的喂食数量::10g
Apr 26 17:35:03 
Apr 26 17:35:03 喂食失败：正在食用
Apr 26 17:35:03 三餐结果领取成功
Apr 26 17:35:03 
Apr 26 17:35:03 【喂食失败】您的汪汪正在食用
Apr 26 17:35:03 【三餐】领取成功，获得5g狗粮
Apr 26 17:35:03 
Apr 26 17:35:03 
Apr 26 17:35:03 
Apr 26 17:35:03 🔔宠汪汪🐕喂食, 结束! 🕛 2.801 秒
Apr 26 17:35:03 
Apr 26 18:35:01 
Apr 26 18:35:01 🔔宠汪汪🐕喂食, 开始!
Apr 26 18:35:01 
Apr 26 18:35:01 ====================共6个京东账号Cookie=========
Apr 26 18:35:01 
Apr 26 18:35:01 ==================脚本执行- 北京时间(UTC+8)：4/26/2021, 6:35:01 PM=====================
Apr 26 18:35:01 
Apr 26 18:35:01 您设置的喂食数量::10g
Apr 26 18:35:01 
Apr 26 18:35:01 实际的喂食数量::10g
Apr 26 18:35:01 
Apr 26 18:35:01 喂食失败：正在食用
Apr 26 18:35:01 
Apr 26 18:35:01 【喂食失败】您的汪汪正在食用
Apr 26 18:35:01 
Apr 26 18:35:01 
Apr 26 18:35:01 您设置的喂食数量::10g
Apr 26 18:35:01 
Apr 26 18:35:01 实际的喂食数量::10g
Apr 26 18:35:01 
Apr 26 18:35:02 喂食失败：正在食用
Apr 26 18:35:02 
Apr 26 18:35:02 【喂食失败】您的汪汪正在食用
Apr 26 18:35:02 
Apr 26 18:35:02 
Apr 26 18:35:02 您设置的喂食数量::10g
Apr 26 18:35:02 
Apr 26 18:35:02 实际的喂食数量::10g
Apr 26 18:35:02 
Apr 26 18:35:02 喂食失败：正在食用
Apr 26 18:35:02 
Apr 26 18:35:02 【喂食失败】您的汪汪正在食用
Apr 26 18:35:02 
Apr 26 18:35:02 
Apr 26 18:35:02 您设置的喂食数量::10g
Apr 26 18:35:02 
Apr 26 18:35:02 实际的喂食数量::10g
Apr 26 18:35:02 
Apr 26 18:35:02 喂食失败：正在食用
Apr 26 18:35:02 
Apr 26 18:35:02 【喂食失败】您的汪汪正在食用
Apr 26 18:35:02 
Apr 26 18:35:02 
Apr 26 18:35:02 您设置的喂食数量::10g
Apr 26 18:35:02 
Apr 26 18:35:02 实际的喂食数量::10g
Apr 26 18:35:02 
Apr 26 18:35:03 喂食失败：正在食用
Apr 26 18:35:03 
Apr 26 18:35:03 【喂食失败】您的汪汪正在食用
Apr 26 18:35:03 
Apr 26 18:35:03 
Apr 26 18:35:03 您设置的喂食数量::10g
Apr 26 18:35:03 
Apr 26 18:35:03 实际的喂食数量::10g
Apr 26 18:35:03 
Apr 26 18:35:03 喂食成功
Apr 26 18:35:03 
Apr 26 18:35:03 【喂食成功】10g
Apr 26 18:35:03 
Apr 26 18:35:03 
Apr 26 18:35:03 
Apr 26 18:35:03 🔔宠汪汪🐕喂食, 结束! 🕛 2.548 秒
Apr 26 18:35:03 
Apr 26 19:35:00 
Apr 26 19:35:00 🔔宠汪汪🐕喂食, 开始!
Apr 26 19:35:00 
Apr 26 19:35:00 ====================共6个京东账号Cookie=========
Apr 26 19:35:00 
Apr 26 19:35:00 ==================脚本执行- 北京时间(UTC+8)：4/26/2021, 7:35:00 PM=====================
Apr 26 19:35:00 
Apr 26 19:35:00 您设置的喂食数量::10g
Apr 26 19:35:00 
Apr 26 19:35:00 实际的喂食数量::10g
Apr 26 19:35:00 
Apr 26 19:35:00 喂食失败：正在食用
Apr 26 19:35:00 
Apr 26 19:35:00 【喂食失败】您的汪汪正在食用
Apr 26 19:35:00 
Apr 26 19:35:00 
Apr 26 19:35:01 您设置的喂食数量::10g
Apr 26 19:35:01 
Apr 26 19:35:01 实际的喂食数量::10g
Apr 26 19:35:01 
Apr 26 19:35:01 喂食成功
Apr 26 19:35:01 
Apr 26 19:35:01 【喂食成功】10g
Apr 26 19:35:01 
Apr 26 19:35:01 
Apr 26 19:35:01 您设置的喂食数量::10g
Apr 26 19:35:01 
Apr 26 19:35:01 实际的喂食数量::10g
Apr 26 19:35:01 
Apr 26 19:35:01 喂食失败：正在食用
Apr 26 19:35:01 
Apr 26 19:35:01 【喂食失败】您的汪汪正在食用
Apr 26 19:35:01 
Apr 26 19:35:01 
Apr 26 19:35:01 您设置的喂食数量::10g
Apr 26 19:35:01 
Apr 26 19:35:01 实际的喂食数量::10g
Apr 26 19:35:01 
Apr 26 19:35:02 喂食失败：正在食用
Apr 26 19:35:02 
Apr 26 19:35:02 【喂食失败】您的汪汪正在食用
Apr 26 19:35:02 
Apr 26 19:35:02 
Apr 26 19:35:02 您设置的喂食数量::10g
Apr 26 19:35:02 
Apr 26 19:35:02 实际的喂食数量::10g
Apr 26 19:35:02 
Apr 26 19:35:02 喂食失败：正在食用
Apr 26 19:35:02 
Apr 26 19:35:02 【喂食失败】您的汪汪正在食用
Apr 26 19:35:02 
Apr 26 19:35:02 
Apr 26 19:35:02 您设置的喂食数量::10g
Apr 26 19:35:02 
Apr 26 19:35:02 实际的喂食数量::10g
Apr 26 19:35:02 
Apr 26 19:35:02 喂食失败：正在食用
Apr 26 19:35:02 
Apr 26 19:35:02 【喂食失败】您的汪汪正在食用
Apr 26 19:35:02 
Apr 26 19:35:02 
Apr 26 19:35:02 
Apr 26 19:35:02 🔔宠汪汪🐕喂食, 结束! 🕛 2.566 秒
Apr 26 19:35:02 
Apr 26 20:35:00 
Apr 26 20:35:00 🔔宠汪汪🐕喂食, 开始!
Apr 26 20:35:00 
Apr 26 20:35:00 ====================共6个京东账号Cookie=========
Apr 26 20:35:00 
Apr 26 20:35:00 ==================脚本执行- 北京时间(UTC+8)：4/26/2021, 8:35:00 PM=====================
Apr 26 20:35:00 
Apr 26 20:35:00 您设置的喂食数量::10g
Apr 26 20:35:00 
Apr 26 20:35:00 实际的喂食数量::10g
Apr 26 20:35:00 
Apr 26 20:35:00 喂食成功
Apr 26 20:35:01 
Apr 26 20:35:01 【喂食成功】10g
Apr 26 20:35:01 
Apr 26 20:35:01 
Apr 26 20:35:01 您设置的喂食数量::10g
Apr 26 20:35:01 
Apr 26 20:35:01 实际的喂食数量::10g
Apr 26 20:35:01 
Apr 26 20:35:01 喂食失败：正在食用
Apr 26 20:35:01 
Apr 26 20:35:01 【喂食失败】您的汪汪正在食用
Apr 26 20:35:01 
Apr 26 20:35:01 
Apr 26 20:35:01 您设置的喂食数量::10g
Apr 26 20:35:01 
Apr 26 20:35:01 实际的喂食数量::10g
Apr 26 20:35:01 
Apr 26 20:35:01 喂食成功
Apr 26 20:35:01 
Apr 26 20:35:01 【喂食成功】10g
Apr 26 20:35:01 
Apr 26 20:35:01 
Apr 26 20:35:01 您设置的喂食数量::10g
Apr 26 20:35:01 
Apr 26 20:35:01 实际的喂食数量::10g
Apr 26 20:35:01 
Apr 26 20:35:02 喂食成功
Apr 26 20:35:02 
Apr 26 20:35:02 【喂食成功】10g
Apr 26 20:35:02 
Apr 26 20:35:02 
Apr 26 20:35:02 您设置的喂食数量::10g
Apr 26 20:35:02 
Apr 26 20:35:02 实际的喂食数量::10g
Apr 26 20:35:02 
Apr 26 20:35:02 喂食失败：正在食用
Apr 26 20:35:02 
Apr 26 20:35:02 ❗️宠汪汪🐕喂食, 错误!
Apr 26 20:35:02 
Apr 26 20:35:02 
Apr 26 20:35:02 【喂食失败】您的汪汪正在食用
Apr 26 20:35:02 
Apr 26 20:35:02 
Apr 26 20:35:02 您设置的喂食数量::10g
Apr 26 20:35:02 
Apr 26 20:35:02 实际的喂食数量::10g
Apr 26 20:35:02 
Apr 26 20:35:02 喂食失败：正在食用
Apr 26 20:35:03 
Apr 26 20:35:03 【喂食失败】您的汪汪正在食用
Apr 26 20:35:03 
Apr 26 20:35:03 
Apr 26 20:35:03 
Apr 26 20:35:03 🔔宠汪汪🐕喂食, 结束! 🕛 2.628 秒
Apr 26 20:35:03 
Apr 26 21:35:00 
Apr 26 21:35:00 🔔宠汪汪🐕喂食, 开始!
Apr 26 21:35:00 
Apr 26 21:35:00 ====================共6个京东账号Cookie=========
Apr 26 21:35:00 
Apr 26 21:35:00 ==================脚本执行- 北京时间(UTC+8)：4/26/2021, 9:35:00 PM=====================
Apr 26 21:35:00 
Apr 26 21:35:00 您设置的喂食数量::10g
Apr 26 21:35:00 
Apr 26 21:35:00 实际的喂食数量::10g
Apr 26 21:35:00 
Apr 26 21:35:01 喂食失败：正在食用
Apr 26 21:35:01 
Apr 26 21:35:01 【喂食失败】您的汪汪正在食用
Apr 26 21:35:01 
Apr 26 21:35:01 
Apr 26 21:35:01 您设置的喂食数量::10g
Apr 26 21:35:01 
Apr 26 21:35:01 实际的喂食数量::10g
Apr 26 21:35:01 
Apr 26 21:35:01 喂食失败：正在食用
Apr 26 21:35:01 
Apr 26 21:35:01 【喂食失败】您的汪汪正在食用
Apr 26 21:35:01 
Apr 26 21:35:01 
Apr 26 21:35:01 您设置的喂食数量::10g
Apr 26 21:35:01 
Apr 26 21:35:01 实际的喂食数量::10g
Apr 26 21:35:01 
Apr 26 21:35:01 喂食失败：正在食用
Apr 26 21:35:01 
Apr 26 21:35:01 【喂食失败】您的汪汪正在食用
Apr 26 21:35:01 
Apr 26 21:35:01 
Apr 26 21:35:02 您设置的喂食数量::10g
Apr 26 21:35:02 
Apr 26 21:35:02 实际的喂食数量::10g
Apr 26 21:35:02 
Apr 26 21:35:02 喂食失败：正在食用
Apr 26 21:35:02 
Apr 26 21:35:02 【喂食失败】您的汪汪正在食用
Apr 26 21:35:02 
Apr 26 21:35:02 
Apr 26 21:35:02 您设置的喂食数量::10g
Apr 26 21:35:02 
Apr 26 21:35:02 实际的喂食数量::10g
Apr 26 21:35:02 
Apr 26 21:35:02 喂食失败：正在食用
Apr 26 21:35:02 
Apr 26 21:35:02 【喂食失败】您的汪汪正在食用
Apr 26 21:35:02 
Apr 26 21:35:02 
Apr 26 21:35:02 您设置的喂食数量::10g
Apr 26 21:35:02 
Apr 26 21:35:02 实际的喂食数量::10g
Apr 26 21:35:02 
Apr 26 21:35:02 喂食失败：正在食用
Apr 26 21:35:03 
Apr 26 21:35:03 【喂食失败】您的汪汪正在食用
Apr 26 21:35:03 
Apr 26 21:35:03 
Apr 26 21:35:03 
Apr 26 21:35:03 🔔宠汪汪🐕喂食, 结束! 🕛 2.523 秒
Apr 26 21:35:03 
Apr 26 22:35:00 
Apr 26 22:35:00 🔔宠汪汪🐕喂食, 开始!
Apr 26 22:35:00 
Apr 26 22:35:00 ====================共6个京东账号Cookie=========
Apr 26 22:35:00 
Apr 26 22:35:00 ==================脚本执行- 北京时间(UTC+8)：4/26/2021, 10:35:00 PM=====================
Apr 26 22:35:00 
Apr 26 22:35:00 您设置的喂食数量::10g
Apr 26 22:35:00 
Apr 26 22:35:00 实际的喂食数量::10g
Apr 26 22:35:00 
Apr 26 22:35:01 喂食失败：正在食用
Apr 26 22:35:01 
Apr 26 22:35:01 【喂食失败】您的汪汪正在食用
Apr 26 22:35:01 
Apr 26 22:35:01 
Apr 26 22:35:01 您设置的喂食数量::10g
Apr 26 22:35:01 
Apr 26 22:35:01 实际的喂食数量::10g
Apr 26 22:35:01 
Apr 26 22:35:01 喂食成功
Apr 26 22:35:01 
Apr 26 22:35:01 【喂食成功】10g
Apr 26 22:35:01 
Apr 26 22:35:01 
Apr 26 22:35:01 您设置的喂食数量::10g
Apr 26 22:35:01 
Apr 26 22:35:01 实际的喂食数量::10g
Apr 26 22:35:01 
Apr 26 22:35:02 喂食失败：正在食用
Apr 26 22:35:02 
Apr 26 22:35:02 【喂食失败】您的汪汪正在食用
Apr 26 22:35:02 
Apr 26 22:35:02 
Apr 26 22:35:02 您设置的喂食数量::10g
Apr 26 22:35:02 
Apr 26 22:35:02 实际的喂食数量::10g
Apr 26 22:35:02 
Apr 26 22:35:02 喂食失败：正在食用
Apr 26 22:35:02 
Apr 26 22:35:02 【喂食失败】您的汪汪正在食用
Apr 26 22:35:02 
Apr 26 22:35:02 
Apr 26 22:35:02 您设置的喂食数量::10g
Apr 26 22:35:02 
Apr 26 22:35:02 实际的喂食数量::10g
Apr 26 22:35:02 
Apr 26 22:35:02 喂食失败：正在食用
Apr 26 22:35:02 
Apr 26 22:35:02 【喂食失败】您的汪汪正在食用
Apr 26 22:35:02 
Apr 26 22:35:02 
Apr 26 22:35:03 您设置的喂食数量::10g
Apr 26 22:35:03 
Apr 26 22:35:03 实际的喂食数量::10g
Apr 26 22:35:03 
Apr 26 22:35:03 喂食成功
Apr 26 22:35:03 
Apr 26 22:35:03 【喂食成功】10g
Apr 26 22:35:03 
Apr 26 22:35:03 
Apr 26 22:35:03 
Apr 26 22:35:03 🔔宠汪汪🐕喂食, 结束! 🕛 2.719 秒
Apr 26 22:35:03 
Apr 26 23:35:00 
Apr 26 23:35:00 🔔宠汪汪🐕喂食, 开始!
Apr 26 23:35:00 
Apr 26 23:35:00 ====================共6个京东账号Cookie=========
Apr 26 23:35:00 
Apr 26 23:35:00 ==================脚本执行- 北京时间(UTC+8)：4/26/2021, 11:35:00 PM=====================
Apr 26 23:35:00 
Apr 26 23:35:00 您设置的喂食数量::10g
Apr 26 23:35:00 
Apr 26 23:35:00 实际的喂食数量::10g
Apr 26 23:35:00 
Apr 26 23:35:01 喂食成功
Apr 26 23:35:01 
Apr 26 23:35:01 【喂食成功】10g
Apr 26 23:35:01 
Apr 26 23:35:01 
Apr 26 23:35:01 您设置的喂食数量::10g
Apr 26 23:35:01 
Apr 26 23:35:01 实际的喂食数量::10g
Apr 26 23:35:01 
Apr 26 23:35:01 喂食失败：正在食用
Apr 26 23:35:01 
Apr 26 23:35:01 【喂食失败】您的汪汪正在食用
Apr 26 23:35:01 
Apr 26 23:35:01 
Apr 26 23:35:02 您设置的喂食数量::10g
Apr 26 23:35:02 
Apr 26 23:35:02 实际的喂食数量::10g
Apr 26 23:35:02 
Apr 26 23:35:02 喂食成功
Apr 26 23:35:02 
Apr 26 23:35:02 【喂食成功】10g
Apr 26 23:35:02 
Apr 26 23:35:02 
Apr 26 23:35:02 您设置的喂食数量::10g
Apr 26 23:35:02 
Apr 26 23:35:02 实际的喂食数量::10g
Apr 26 23:35:02 
Apr 26 23:35:02 喂食成功
Apr 26 23:35:02 
Apr 26 23:35:02 【喂食成功】10g
Apr 26 23:35:02 
Apr 26 23:35:02 
Apr 26 23:35:02 您设置的喂食数量::10g
Apr 26 23:35:02 
Apr 26 23:35:02 实际的喂食数量::10g
Apr 26 23:35:02 
Apr 26 23:35:02 喂食失败：正在食用
Apr 26 23:35:03 
Apr 26 23:35:03 【喂食失败】您的汪汪正在食用
Apr 26 23:35:03 
Apr 26 23:35:03 
Apr 26 23:35:03 您设置的喂食数量::10g
Apr 26 23:35:03 
Apr 26 23:35:03 实际的喂食数量::10g
Apr 26 23:35:03 
Apr 26 23:35:03 喂食失败：正在食用
Apr 26 23:35:03 
Apr 26 23:35:03 【喂食失败】您的汪汪正在食用
Apr 26 23:35:03 
Apr 26 23:35:03 
Apr 26 23:35:03 
Apr 26 23:35:03 🔔宠汪汪🐕喂食, 结束! 🕛 2.845 秒
Apr 26 23:35:03 
Apr 27 00:35:00 
Apr 27 00:35:00 🔔宠汪汪🐕喂食, 开始!
Apr 27 00:35:00 
Apr 27 00:35:00 ====================共6个京东账号Cookie=========
Apr 27 00:35:00 
Apr 27 00:35:01 ==================脚本执行- 北京时间(UTC+8)：4/27/2021, 12:35:00 AM=====================
Apr 27 00:35:01 
Apr 27 00:35:01 您设置的喂食数量::10g
Apr 27 00:35:01 
Apr 27 00:35:01 实际的喂食数量::10g
Apr 27 00:35:01 
Apr 27 00:35:01 喂食失败：正在食用
Apr 27 00:35:01 
Apr 27 00:35:01 【喂食失败】您的汪汪正在食用
Apr 27 00:35:01 
Apr 27 00:35:01 
Apr 27 00:35:01 您设置的喂食数量::10g
Apr 27 00:35:01 
Apr 27 00:35:01 实际的喂食数量::10g
Apr 27 00:35:01 
Apr 27 00:35:01 喂食失败：正在食用
Apr 27 00:35:02 
Apr 27 00:35:02 【喂食失败】您的汪汪正在食用
Apr 27 00:35:02 
Apr 27 00:35:02 
Apr 27 00:35:02 您设置的喂食数量::10g
Apr 27 00:35:02 
Apr 27 00:35:02 实际的喂食数量::10g
Apr 27 00:35:02 
Apr 27 00:35:02 喂食失败：正在食用
Apr 27 00:35:02 
Apr 27 00:35:02 【喂食失败】您的汪汪正在食用
Apr 27 00:35:02 
Apr 27 00:35:02 
Apr 27 00:35:02 您设置的喂食数量::10g
Apr 27 00:35:02 
Apr 27 00:35:02 实际的喂食数量::10g
Apr 27 00:35:02 
Apr 27 00:35:02 喂食失败：正在食用
Apr 27 00:35:02 
Apr 27 00:35:02 【喂食失败】您的汪汪正在食用
Apr 27 00:35:02 
Apr 27 00:35:02 
Apr 27 00:35:02 您设置的喂食数量::10g
Apr 27 00:35:02 
Apr 27 00:35:02 实际的喂食数量::10g
Apr 27 00:35:02 
Apr 27 00:35:03 喂食成功
Apr 27 00:35:03 
Apr 27 00:35:03 【喂食成功】10g
Apr 27 00:35:03 
Apr 27 00:35:03 
Apr 27 00:35:03 您设置的喂食数量::10g
Apr 27 00:35:03 
Apr 27 00:35:03 实际的喂食数量::10g
Apr 27 00:35:03 
Apr 27 00:35:03 喂食失败：正在食用
Apr 27 00:35:03 
Apr 27 00:35:03 【喂食失败】您的汪汪正在食用
Apr 27 00:35:03 
Apr 27 00:35:03 
Apr 27 00:35:03 
Apr 27 00:35:03 🔔宠汪汪🐕喂食, 结束! 🕛 2.578 秒
Apr 27 00:35:03 
Apr 27 01:35:01 
Apr 27 01:35:01 🔔宠汪汪🐕喂食, 开始!
Apr 27 01:35:01 
Apr 27 01:35:01 ====================共6个京东账号Cookie=========
Apr 27 01:35:01 
Apr 27 01:35:01 ==================脚本执行- 北京时间(UTC+8)：4/27/2021, 1:35:01 AM=====================
Apr 27 01:35:01 
Apr 27 01:35:01 您设置的喂食数量::10g
Apr 27 01:35:01 
Apr 27 01:35:01 实际的喂食数量::10g
Apr 27 01:35:01 
Apr 27 01:35:01 喂食失败：正在食用
Apr 27 01:35:01 
Apr 27 01:35:01 【喂食失败】您的汪汪正在食用
Apr 27 01:35:01 
Apr 27 01:35:01 
Apr 27 01:35:02 您设置的喂食数量::10g
Apr 27 01:35:02 
Apr 27 01:35:02 实际的喂食数量::10g
Apr 27 01:35:02 
Apr 27 01:35:02 喂食成功
Apr 27 01:35:02 
Apr 27 01:35:02 【喂食成功】10g
Apr 27 01:35:02 
Apr 27 01:35:02 
Apr 27 01:35:02 您设置的喂食数量::10g
Apr 27 01:35:02 
Apr 27 01:35:02 实际的喂食数量::10g
Apr 27 01:35:02 
Apr 27 01:35:02 喂食失败：正在食用
Apr 27 01:35:02 
Apr 27 01:35:02 【喂食失败】您的汪汪正在食用
Apr 27 01:35:02 
Apr 27 01:35:02 
Apr 27 01:35:02 您设置的喂食数量::10g
Apr 27 01:35:02 
Apr 27 01:35:02 实际的喂食数量::10g
Apr 27 01:35:02 
Apr 27 01:35:02 喂食失败：正在食用
Apr 27 01:35:03 
Apr 27 01:35:03 【喂食失败】您的汪汪正在食用
Apr 27 01:35:03 
Apr 27 01:35:03 
Apr 27 01:35:03 您设置的喂食数量::10g
Apr 27 01:35:03 
Apr 27 01:35:03 实际的喂食数量::10g
Apr 27 01:35:03 
Apr 27 01:35:03 喂食失败：正在食用
Apr 27 01:35:03 
Apr 27 01:35:03 【喂食失败】您的汪汪正在食用
Apr 27 01:35:03 
Apr 27 01:35:03 
Apr 27 01:35:03 您设置的喂食数量::10g
Apr 27 01:35:03 
Apr 27 01:35:03 实际的喂食数量::10g
Apr 27 01:35:03 
Apr 27 01:35:03 喂食成功
Apr 27 01:35:03 
Apr 27 01:35:03 【喂食成功】10g
Apr 27 01:35:03 
Apr 27 01:35:03 
Apr 27 01:35:03 
Apr 27 01:35:03 🔔宠汪汪🐕喂食, 结束! 🕛 2.566 秒
Apr 27 01:35:03 
Apr 27 02:35:00 
Apr 27 02:35:00 🔔宠汪汪🐕喂食, 开始!
Apr 27 02:35:00 
Apr 27 02:35:00 ====================共6个京东账号Cookie=========
Apr 27 02:35:00 
Apr 27 02:35:00 ==================脚本执行- 北京时间(UTC+8)：4/27/2021, 2:35:00 AM=====================
Apr 27 02:35:00 
Apr 27 02:35:00 您设置的喂食数量::10g
Apr 27 02:35:00 
Apr 27 02:35:00 实际的喂食数量::10g
Apr 27 02:35:00 
Apr 27 02:35:00 喂食失败：正在食用
Apr 27 02:35:00 
Apr 27 02:35:00 【喂食失败】您的汪汪正在食用
Apr 27 02:35:00 
Apr 27 02:35:00 
Apr 27 02:35:01 您设置的喂食数量::10g
Apr 27 02:35:01 
Apr 27 02:35:01 实际的喂食数量::10g
Apr 27 02:35:01 
Apr 27 02:35:01 喂食失败：正在食用
Apr 27 02:35:01 
Apr 27 02:35:01 【喂食失败】您的汪汪正在食用
Apr 27 02:35:01 
Apr 27 02:35:01 
Apr 27 02:35:01 您设置的喂食数量::10g
Apr 27 02:35:01 
Apr 27 02:35:01 实际的喂食数量::10g
Apr 27 02:35:01 
Apr 27 02:35:01 喂食失败：正在食用
Apr 27 02:35:01 
Apr 27 02:35:01 【喂食失败】您的汪汪正在食用
Apr 27 02:35:01 
Apr 27 02:35:01 
Apr 27 02:35:01 您设置的喂食数量::10g
Apr 27 02:35:01 
Apr 27 02:35:01 实际的喂食数量::10g
Apr 27 02:35:01 
Apr 27 02:35:01 喂食失败：正在食用
Apr 27 02:35:02 
Apr 27 02:35:02 【喂食失败】您的汪汪正在食用
Apr 27 02:35:02 
Apr 27 02:35:02 
Apr 27 02:35:02 您设置的喂食数量::10g
Apr 27 02:35:02 
Apr 27 02:35:02 实际的喂食数量::10g
Apr 27 02:35:02 
Apr 27 02:35:02 喂食失败：正在食用
Apr 27 02:35:02 
Apr 27 02:35:02 【喂食失败】您的汪汪正在食用
Apr 27 02:35:02 
Apr 27 02:35:02 
Apr 27 02:35:02 您设置的喂食数量::10g
Apr 27 02:35:02 
Apr 27 02:35:02 实际的喂食数量::10g
Apr 27 02:35:02 
Apr 27 02:35:02 喂食失败：正在食用
Apr 27 02:35:02 
Apr 27 02:35:02 【喂食失败】您的汪汪正在食用
Apr 27 02:35:02 
Apr 27 02:35:02 
Apr 27 02:35:02 
Apr 27 02:35:02 🔔宠汪汪🐕喂食, 结束! 🕛 2.509 秒
Apr 27 02:35:02 
Apr 27 03:35:00 
Apr 27 03:35:00 🔔宠汪汪🐕喂食, 开始!
Apr 27 03:35:00 
Apr 27 03:35:00 ====================共6个京东账号Cookie=========
Apr 27 03:35:00 
Apr 27 03:35:00 ==================脚本执行- 北京时间(UTC+8)：4/27/2021, 3:35:00 AM=====================
Apr 27 03:35:00 
Apr 27 03:35:00 您设置的喂食数量::10g
Apr 27 03:35:00 
Apr 27 03:35:00 实际的喂食数量::10g
Apr 27 03:35:00 
Apr 27 03:35:00 喂食失败：正在食用
Apr 27 03:35:01 
Apr 27 03:35:01 【喂食失败】您的汪汪正在食用
Apr 27 03:35:01 
Apr 27 03:35:01 
Apr 27 03:35:01 您设置的喂食数量::10g
Apr 27 03:35:01 
Apr 27 03:35:01 实际的喂食数量::10g
Apr 27 03:35:01 
Apr 27 03:35:01 喂食失败：正在食用
Apr 27 03:35:01 
Apr 27 03:35:01 【喂食失败】您的汪汪正在食用
Apr 27 03:35:01 
Apr 27 03:35:01 
Apr 27 03:35:01 您设置的喂食数量::10g
Apr 27 03:35:01 
Apr 27 03:35:01 实际的喂食数量::10g
Apr 27 03:35:01 
Apr 27 03:35:01 喂食失败：正在食用
Apr 27 03:35:01 
Apr 27 03:35:01 【喂食失败】您的汪汪正在食用
Apr 27 03:35:01 
Apr 27 03:35:01 
Apr 27 03:35:02 您设置的喂食数量::10g
Apr 27 03:35:02 
Apr 27 03:35:02 实际的喂食数量::10g
Apr 27 03:35:02 
Apr 27 03:35:02 喂食失败：正在食用
Apr 27 03:35:02 
Apr 27 03:35:02 【喂食失败】您的汪汪正在食用
Apr 27 03:35:02 
Apr 27 03:35:02 
Apr 27 03:35:02 您设置的喂食数量::10g
Apr 27 03:35:02 
Apr 27 03:35:02 实际的喂食数量::10g
Apr 27 03:35:02 
Apr 27 03:35:02 喂食失败：正在食用
Apr 27 03:35:02 
Apr 27 03:35:02 【喂食失败】您的汪汪正在食用
Apr 27 03:35:02 
Apr 27 03:35:02 
Apr 27 03:35:02 您设置的喂食数量::10g
Apr 27 03:35:02 
Apr 27 03:35:02 实际的喂食数量::10g
Apr 27 03:35:02 
Apr 27 03:35:02 喂食失败：正在食用
Apr 27 03:35:03 
Apr 27 03:35:03 【喂食失败】您的汪汪正在食用
Apr 27 03:35:03 
Apr 27 03:35:03 
Apr 27 03:35:03 
Apr 27 03:35:03 🔔宠汪汪🐕喂食, 结束! 🕛 2.675 秒
Apr 27 03:35:03 
Apr 27 04:35:00 
Apr 27 04:35:00 🔔宠汪汪🐕喂食, 开始!
Apr 27 04:35:00 
Apr 27 04:35:00 ====================共6个京东账号Cookie=========
Apr 27 04:35:00 
Apr 27 04:35:00 ==================脚本执行- 北京时间(UTC+8)：4/27/2021, 4:35:00 AM=====================
Apr 27 04:35:00 
Apr 27 04:35:00 您设置的喂食数量::10g
Apr 27 04:35:00 
Apr 27 04:35:00 实际的喂食数量::10g
Apr 27 04:35:00 
Apr 27 04:35:01 喂食失败：正在食用
Apr 27 04:35:01 
Apr 27 04:35:01 【喂食失败】您的汪汪正在食用
Apr 27 04:35:01 
Apr 27 04:35:01 
Apr 27 04:35:01 您设置的喂食数量::10g
Apr 27 04:35:01 
Apr 27 04:35:01 实际的喂食数量::10g
Apr 27 04:35:01 
Apr 27 04:35:01 喂食失败：正在食用
Apr 27 04:35:01 
Apr 27 04:35:01 【喂食失败】您的汪汪正在食用
Apr 27 04:35:01 
Apr 27 04:35:01 
Apr 27 04:35:01 您设置的喂食数量::10g
Apr 27 04:35:01 
Apr 27 04:35:01 实际的喂食数量::10g
Apr 27 04:35:01 
Apr 27 04:35:01 喂食失败：正在食用
Apr 27 04:35:01 
Apr 27 04:35:01 【喂食失败】您的汪汪正在食用
Apr 27 04:35:01 
Apr 27 04:35:01 
Apr 27 04:35:02 您设置的喂食数量::10g
Apr 27 04:35:02 
Apr 27 04:35:02 实际的喂食数量::10g
Apr 27 04:35:02 
Apr 27 04:35:02 喂食失败：正在食用
Apr 27 04:35:02 
Apr 27 04:35:02 【喂食失败】您的汪汪正在食用
Apr 27 04:35:02 
Apr 27 04:35:02 
Apr 27 04:35:02 您设置的喂食数量::10g
Apr 27 04:35:02 
Apr 27 04:35:02 实际的喂食数量::10g
Apr 27 04:35:02 
Apr 27 04:35:02 喂食成功
Apr 27 04:35:02 
Apr 27 04:35:02 【喂食成功】10g
Apr 27 04:35:02 
Apr 27 04:35:02 
Apr 27 04:35:02 您设置的喂食数量::10g
Apr 27 04:35:02 
Apr 27 04:35:02 实际的喂食数量::10g
Apr 27 04:35:02 
Apr 27 04:35:02 喂食失败：正在食用
Apr 27 04:35:03 
Apr 27 04:35:03 【喂食失败】您的汪汪正在食用
Apr 27 04:35:03 
Apr 27 04:35:03 
Apr 27 04:35:03 
Apr 27 04:35:03 🔔宠汪汪🐕喂食, 结束! 🕛 2.592 秒
Apr 27 04:35:03 
Apr 27 05:35:00 
Apr 27 05:35:00 🔔宠汪汪🐕喂食, 开始!
Apr 27 05:35:00 
Apr 27 05:35:00 ====================共6个京东账号Cookie=========
Apr 27 05:35:00 
Apr 27 05:35:00 ==================脚本执行- 北京时间(UTC+8)：4/27/2021, 5:35:00 AM=====================
Apr 27 05:35:00 
Apr 27 05:35:00 您设置的喂食数量::10g
Apr 27 05:35:00 
Apr 27 05:35:00 实际的喂食数量::10g
Apr 27 05:35:00 
Apr 27 05:35:01 喂食失败：正在食用
Apr 27 05:35:01 
Apr 27 05:35:01 【喂食失败】您的汪汪正在食用
Apr 27 05:35:01 
Apr 27 05:35:01 
Apr 27 05:35:01 您设置的喂食数量::10g
Apr 27 05:35:01 
Apr 27 05:35:01 实际的喂食数量::10g
Apr 27 05:35:01 
Apr 27 05:35:01 喂食失败：正在食用
Apr 27 05:35:01 
Apr 27 05:35:01 【喂食失败】您的汪汪正在食用
Apr 27 05:35:01 
Apr 27 05:35:01 
Apr 27 05:35:01 您设置的喂食数量::10g
Apr 27 05:35:01 
Apr 27 05:35:01 实际的喂食数量::10g
Apr 27 05:35:01 
Apr 27 05:35:01 喂食失败：正在食用
Apr 27 05:35:01 
Apr 27 05:35:01 【喂食失败】您的汪汪正在食用
Apr 27 05:35:01 
Apr 27 05:35:01 
Apr 27 05:35:02 您设置的喂食数量::10g
Apr 27 05:35:02 
Apr 27 05:35:02 实际的喂食数量::10g
Apr 27 05:35:02 
Apr 27 05:35:02 喂食失败：正在食用
Apr 27 05:35:02 
Apr 27 05:35:02 【喂食失败】您的汪汪正在食用
Apr 27 05:35:02 
Apr 27 05:35:02 
Apr 27 05:35:02 您设置的喂食数量::10g
Apr 27 05:35:02 
Apr 27 05:35:02 实际的喂食数量::10g
Apr 27 05:35:02 
Apr 27 05:35:02 喂食失败：正在食用
Apr 27 05:35:02 
Apr 27 05:35:02 【喂食失败】您的汪汪正在食用
Apr 27 05:35:02 
Apr 27 05:35:02 
Apr 27 05:35:02 您设置的喂食数量::10g
Apr 27 05:35:02 
Apr 27 05:35:02 实际的喂食数量::10g
Apr 27 05:35:02 
Apr 27 05:35:02 喂食失败：正在食用
Apr 27 05:35:03 
Apr 27 05:35:03 【喂食失败】您的汪汪正在食用
Apr 27 05:35:03 
Apr 27 05:35:03 
Apr 27 05:35:03 
Apr 27 05:35:03 🔔宠汪汪🐕喂食, 结束! 🕛 2.469 秒
Apr 27 05:35:03 
Apr 27 06:35:00 
Apr 27 06:35:00 🔔宠汪汪🐕喂食, 开始!
Apr 27 06:35:00 
Apr 27 06:35:00 ====================共6个京东账号Cookie=========
Apr 27 06:35:00 
Apr 27 06:35:00 ==================脚本执行- 北京时间(UTC+8)：4/27/2021, 6:35:00 AM=====================
Apr 27 06:35:00 
Apr 27 06:35:00 您设置的喂食数量::10g
Apr 27 06:35:00 
Apr 27 06:35:00 实际的喂食数量::10g
Apr 27 06:35:00 
Apr 27 06:35:01 喂食成功
Apr 27 06:35:01 三餐结果领取成功
Apr 27 06:35:01 
Apr 27 06:35:01 【喂食成功】10g
Apr 27 06:35:01 【三餐】领取成功，获得5g狗粮
Apr 27 06:35:01 
Apr 27 06:35:01 
Apr 27 06:35:01 您设置的喂食数量::10g
Apr 27 06:35:01 
Apr 27 06:35:01 实际的喂食数量::10g
Apr 27 06:35:01 
Apr 27 06:35:01 喂食失败：正在食用
Apr 27 06:35:01 三餐结果领取成功
Apr 27 06:35:01 
Apr 27 06:35:01 【喂食失败】您的汪汪正在食用
Apr 27 06:35:01 【三餐】领取成功，获得5g狗粮
Apr 27 06:35:01 
Apr 27 06:35:01 
Apr 27 06:35:02 您设置的喂食数量::10g
Apr 27 06:35:02 
Apr 27 06:35:02 实际的喂食数量::10g
Apr 27 06:35:02 
Apr 27 06:35:02 喂食成功
Apr 27 06:35:02 三餐结果领取成功
Apr 27 06:35:02 
Apr 27 06:35:02 【喂食成功】10g
Apr 27 06:35:02 【三餐】领取成功，获得5g狗粮
Apr 27 06:35:02 
Apr 27 06:35:02 
Apr 27 06:35:02 您设置的喂食数量::10g
Apr 27 06:35:02 
Apr 27 06:35:02 实际的喂食数量::10g
Apr 27 06:35:02 
Apr 27 06:35:02 喂食成功
Apr 27 06:35:02 三餐结果领取成功
Apr 27 06:35:02 
Apr 27 06:35:02 【喂食成功】10g
Apr 27 06:35:02 【三餐】领取成功，获得5g狗粮
Apr 27 06:35:02 
Apr 27 06:35:02 
Apr 27 06:35:02 您设置的喂食数量::10g
Apr 27 06:35:02 
Apr 27 06:35:02 实际的喂食数量::10g
Apr 27 06:35:02 
Apr 27 06:35:03 喂食失败：正在食用
Apr 27 06:35:03 三餐结果领取成功
Apr 27 06:35:03 
Apr 27 06:35:03 【喂食失败】您的汪汪正在食用
Apr 27 06:35:03 【三餐】领取成功，获得5g狗粮
Apr 27 06:35:03 
Apr 27 06:35:03 
Apr 27 06:35:03 您设置的喂食数量::10g
Apr 27 06:35:03 
Apr 27 06:35:03 实际的喂食数量::10g
Apr 27 06:35:03 
Apr 27 06:35:03 喂食失败：正在食用
Apr 27 06:35:03 三餐结果领取成功
Apr 27 06:35:03 
Apr 27 06:35:03 【喂食失败】您的汪汪正在食用
Apr 27 06:35:03 【三餐】领取成功，获得5g狗粮
Apr 27 06:35:03 
Apr 27 06:35:03 
Apr 27 06:35:03 
Apr 27 06:35:03 🔔宠汪汪🐕喂食, 结束! 🕛 3.02 秒
Apr 27 06:35:03 
Apr 27 07:35:00 
Apr 27 07:35:00 🔔宠汪汪🐕喂食, 开始!
Apr 27 07:35:00 
Apr 27 07:35:00 ====================共6个京东账号Cookie=========
Apr 27 07:35:00 
Apr 27 07:35:00 ==================脚本执行- 北京时间(UTC+8)：4/27/2021, 7:35:00 AM=====================
Apr 27 07:35:00 
Apr 27 07:35:01 您设置的喂食数量::10g
Apr 27 07:35:01 
Apr 27 07:35:01 实际的喂食数量::10g
Apr 27 07:35:01 
Apr 27 07:35:01 喂食失败：正在食用
Apr 27 07:35:01 
Apr 27 07:35:01 【喂食失败】您的汪汪正在食用
Apr 27 07:35:01 
Apr 27 07:35:01 
Apr 27 07:35:01 您设置的喂食数量::10g
Apr 27 07:35:01 
Apr 27 07:35:01 实际的喂食数量::10g
Apr 27 07:35:01 
Apr 27 07:35:01 喂食失败：正在食用
Apr 27 07:35:01 
Apr 27 07:35:01 【喂食失败】您的汪汪正在食用
Apr 27 07:35:01 
Apr 27 07:35:01 
Apr 27 07:35:02 您设置的喂食数量::10g
Apr 27 07:35:02 
Apr 27 07:35:02 实际的喂食数量::10g
Apr 27 07:35:02 
Apr 27 07:35:02 喂食失败：正在食用
Apr 27 07:35:02 
Apr 27 07:35:02 【喂食失败】您的汪汪正在食用
Apr 27 07:35:02 
Apr 27 07:35:02 
Apr 27 07:35:02 您设置的喂食数量::10g
Apr 27 07:35:02 
Apr 27 07:35:02 实际的喂食数量::10g
Apr 27 07:35:02 
Apr 27 07:35:02 喂食失败：正在食用
Apr 27 07:35:02 
Apr 27 07:35:02 【喂食失败】您的汪汪正在食用
Apr 27 07:35:02 
Apr 27 07:35:02 
Apr 27 07:35:02 您设置的喂食数量::10g
Apr 27 07:35:02 
Apr 27 07:35:02 实际的喂食数量::10g
Apr 27 07:35:02 
Apr 27 07:35:02 喂食成功
Apr 27 07:35:03 
Apr 27 07:35:03 【喂食成功】10g
Apr 27 07:35:03 
Apr 27 07:35:03 
Apr 27 07:35:03 您设置的喂食数量::10g
Apr 27 07:35:03 
Apr 27 07:35:03 实际的喂食数量::10g
Apr 27 07:35:03 
Apr 27 07:35:03 喂食失败：正在食用
Apr 27 07:35:03 
Apr 27 07:35:03 【喂食失败】您的汪汪正在食用
Apr 27 07:35:03 
Apr 27 07:35:03 
Apr 27 07:35:03 
Apr 27 07:35:03 🔔宠汪汪🐕喂食, 结束! 🕛 2.559 秒
Apr 27 07:35:03 
Apr 27 08:35:01 
Apr 27 08:35:01 🔔宠汪汪🐕喂食, 开始!
Apr 27 08:35:01 
Apr 27 08:35:01 ====================共6个京东账号Cookie=========
Apr 27 08:35:01 
Apr 27 08:35:01 ==================脚本执行- 北京时间(UTC+8)：4/27/2021, 8:35:01 AM=====================
Apr 27 08:35:01 
Apr 27 08:35:01 您设置的喂食数量::10g
Apr 27 08:35:01 
Apr 27 08:35:01 实际的喂食数量::10g
Apr 27 08:35:01 
Apr 27 08:35:01 喂食失败：正在食用
Apr 27 08:35:01 
Apr 27 08:35:01 【喂食失败】您的汪汪正在食用
Apr 27 08:35:01 
Apr 27 08:35:01 
Apr 27 08:35:01 您设置的喂食数量::10g
Apr 27 08:35:01 
Apr 27 08:35:01 实际的喂食数量::10g
Apr 27 08:35:01 
Apr 27 08:35:02 喂食成功
Apr 27 08:35:02 
Apr 27 08:35:02 【喂食成功】10g
Apr 27 08:35:02 
Apr 27 08:35:02 
Apr 27 08:35:02 您设置的喂食数量::10g
Apr 27 08:35:02 
Apr 27 08:35:02 实际的喂食数量::10g
Apr 27 08:35:02 
Apr 27 08:35:02 喂食失败：正在食用
Apr 27 08:35:02 
Apr 27 08:35:02 【喂食失败】您的汪汪正在食用
Apr 27 08:35:02 
Apr 27 08:35:02 
Apr 27 08:35:02 您设置的喂食数量::10g
Apr 27 08:35:02 
Apr 27 08:35:02 实际的喂食数量::10g
Apr 27 08:35:02 
Apr 27 08:35:02 喂食失败：正在食用
Apr 27 08:35:02 
Apr 27 08:35:02 【喂食失败】您的汪汪正在食用
Apr 27 08:35:02 
Apr 27 08:35:02 
Apr 27 08:35:03 您设置的喂食数量::10g
Apr 27 08:35:03 
Apr 27 08:35:03 实际的喂食数量::10g
Apr 27 08:35:03 
Apr 27 08:35:03 喂食失败：正在食用
Apr 27 08:35:03 
Apr 27 08:35:03 【喂食失败】您的汪汪正在食用
Apr 27 08:35:03 
Apr 27 08:35:03 
Apr 27 08:35:03 您设置的喂食数量::10g
Apr 27 08:35:03 
Apr 27 08:35:03 实际的喂食数量::10g
Apr 27 08:35:03 
Apr 27 08:35:03 喂食成功
Apr 27 08:35:03 
Apr 27 08:35:03 【喂食成功】10g
Apr 27 08:35:03 
Apr 27 08:35:03 
Apr 27 08:35:03 
Apr 27 08:35:03 🔔宠汪汪🐕喂食, 结束! 🕛 2.603 秒
Apr 27 08:35:03 
Apr 27 09:35:00 
Apr 27 09:35:00 🔔宠汪汪🐕喂食, 开始!
Apr 27 09:35:00 
Apr 27 09:35:00 ====================共6个京东账号Cookie=========
Apr 27 09:35:00 
Apr 27 09:35:00 ==================脚本执行- 北京时间(UTC+8)：4/27/2021, 9:35:00 AM=====================
Apr 27 09:35:00 
Apr 27 09:35:00 您设置的喂食数量::10g
Apr 27 09:35:00 
Apr 27 09:35:00 实际的喂食数量::10g
Apr 27 09:35:00 
Apr 27 09:35:00 喂食失败：正在食用
Apr 27 09:35:00 
Apr 27 09:35:00 【喂食失败】您的汪汪正在食用
Apr 27 09:35:00 
Apr 27 09:35:00 
Apr 27 09:35:00 您设置的喂食数量::10g
Apr 27 09:35:00 
Apr 27 09:35:00 实际的喂食数量::10g
Apr 27 09:35:00 
Apr 27 09:35:01 喂食失败：正在食用
Apr 27 09:35:01 
Apr 27 09:35:01 【喂食失败】您的汪汪正在食用
Apr 27 09:35:01 
Apr 27 09:35:01 
Apr 27 09:35:01 您设置的喂食数量::10g
Apr 27 09:35:01 
Apr 27 09:35:01 实际的喂食数量::10g
Apr 27 09:35:01 
Apr 27 09:35:01 喂食失败：正在食用
Apr 27 09:35:01 
Apr 27 09:35:01 【喂食失败】您的汪汪正在食用
Apr 27 09:35:01 
Apr 27 09:35:01 
Apr 27 09:35:01 您设置的喂食数量::10g
Apr 27 09:35:01 
Apr 27 09:35:01 实际的喂食数量::10g
Apr 27 09:35:01 
Apr 27 09:35:01 喂食失败：正在食用
Apr 27 09:35:02 
Apr 27 09:35:02 【喂食失败】您的汪汪正在食用
Apr 27 09:35:02 
Apr 27 09:35:02 
Apr 27 09:35:02 您设置的喂食数量::10g
Apr 27 09:35:02 
Apr 27 09:35:02 实际的喂食数量::10g
Apr 27 09:35:02 
Apr 27 09:35:02 喂食失败：正在食用
Apr 27 09:35:02 
Apr 27 09:35:02 【喂食失败】您的汪汪正在食用
Apr 27 09:35:02 
Apr 27 09:35:02 
Apr 27 09:35:02 您设置的喂食数量::10g
Apr 27 09:35:02 
Apr 27 09:35:02 实际的喂食数量::10g
Apr 27 09:35:02 
Apr 27 09:35:02 喂食失败：正在食用
Apr 27 09:35:02 
Apr 27 09:35:02 【喂食失败】您的汪汪正在食用
Apr 27 09:35:02 
Apr 27 09:35:02 
Apr 27 09:35:02 
Apr 27 09:35:02 🔔宠汪汪🐕喂食, 结束! 🕛 2.532 秒
Apr 27 09:35:02 
Apr 27 10:35:00 
Apr 27 10:35:00 🔔宠汪汪🐕喂食, 开始!
Apr 27 10:35:00 
Apr 27 10:35:00 ====================共6个京东账号Cookie=========
Apr 27 10:35:00 
Apr 27 10:35:00 ==================脚本执行- 北京时间(UTC+8)：4/27/2021, 10:35:00 AM=====================
Apr 27 10:35:00 
Apr 27 10:35:00 您设置的喂食数量::10g
Apr 27 10:35:00 
Apr 27 10:35:00 实际的喂食数量::10g
Apr 27 10:35:00 
Apr 27 10:35:00 喂食失败：正在食用
Apr 27 10:35:01 
Apr 27 10:35:01 【喂食失败】您的汪汪正在食用
Apr 27 10:35:01 
Apr 27 10:35:01 
Apr 27 10:35:01 您设置的喂食数量::10g
Apr 27 10:35:01 
Apr 27 10:35:01 实际的喂食数量::10g
Apr 27 10:35:01 
Apr 27 10:35:01 喂食失败：正在食用
Apr 27 10:35:01 
Apr 27 10:35:01 【喂食失败】您的汪汪正在食用
Apr 27 10:35:01 
Apr 27 10:35:01 
Apr 27 10:35:01 您设置的喂食数量::10g
Apr 27 10:35:01 
Apr 27 10:35:01 实际的喂食数量::10g
Apr 27 10:35:01 
Apr 27 10:35:01 喂食成功
Apr 27 10:35:01 
Apr 27 10:35:01 【喂食成功】10g
Apr 27 10:35:01 
Apr 27 10:35:01 
Apr 27 10:35:01 您设置的喂食数量::10g
Apr 27 10:35:01 
Apr 27 10:35:01 实际的喂食数量::10g
Apr 27 10:35:01 
Apr 27 10:35:02 喂食成功
Apr 27 10:35:02 
Apr 27 10:35:02 【喂食成功】10g
Apr 27 10:35:02 
Apr 27 10:35:02 
Apr 27 10:35:02 您设置的喂食数量::10g
Apr 27 10:35:02 
Apr 27 10:35:02 实际的喂食数量::10g
Apr 27 10:35:02 
Apr 27 10:35:02 喂食成功
Apr 27 10:35:02 
Apr 27 10:35:02 【喂食成功】10g
Apr 27 10:35:02 
Apr 27 10:35:02 
Apr 27 10:35:02 您设置的喂食数量::10g
Apr 27 10:35:02 
Apr 27 10:35:02 实际的喂食数量::10g
Apr 27 10:35:02 
Apr 27 10:35:02 喂食失败：正在食用
Apr 27 10:35:02 
Apr 27 10:35:02 【喂食失败】您的汪汪正在食用
Apr 27 10:35:02 
Apr 27 10:35:02 
Apr 27 10:35:02 
Apr 27 10:35:02 🔔宠汪汪🐕喂食, 结束! 🕛 2.663 秒
Apr 27 10:35:02 
May 20 11:35:00 
May 20 11:35:00 🔔宠汪汪🐕喂食, 开始!
May 20 11:35:00 
May 20 11:35:00 ====================共6个京东账号Cookie=========
May 20 11:35:00 
May 20 11:35:00 ==================脚本执行- 北京时间(UTC+8)：5/20/2021, 11:35:00 AM=====================
May 20 11:35:00 
May 20 11:35:00 您设置的喂食数量::10g
May 20 11:35:00 
May 20 11:35:00 实际的喂食数量::10g
May 20 11:35:00 
May 20 11:35:00 喂食失败：正在食用
May 20 11:35:01 三餐结果领取成功
May 20 11:35:01 
May 20 11:35:01 【喂食失败】您的汪汪正在食用
May 20 11:35:01 【三餐】领取成功，获得5g狗粮
May 20 11:35:01 
May 20 11:35:01 
May 20 11:35:01 您设置的喂食数量::10g
May 20 11:35:01 
May 20 11:35:01 实际的喂食数量::10g
May 20 11:35:01 
May 20 11:35:01 喂食失败：正在食用
May 20 11:35:01 三餐结果领取成功
May 20 11:35:01 
May 20 11:35:01 【喂食失败】您的汪汪正在食用
May 20 11:35:01 【三餐】领取成功，获得5g狗粮
May 20 11:35:01 
May 20 11:35:01 
May 20 11:35:01 您设置的喂食数量::10g
May 20 11:35:01 
May 20 11:35:01 实际的喂食数量::10g
May 20 11:35:01 
May 20 11:35:01 喂食失败：正在食用
May 20 11:35:01 三餐结果领取成功
May 20 11:35:01 
May 20 11:35:01 【喂食失败】您的汪汪正在食用
May 20 11:35:01 【三餐】领取成功，获得5g狗粮
May 20 11:35:01 
May 20 11:35:01 
May 20 11:35:02 您设置的喂食数量::10g
May 20 11:35:02 
May 20 11:35:02 实际的喂食数量::10g
May 20 11:35:02 
May 20 11:35:02 喂食失败：正在食用
May 20 11:35:02 三餐结果领取成功
May 20 11:35:02 
May 20 11:35:02 【喂食失败】您的汪汪正在食用
May 20 11:35:02 【三餐】领取成功，获得5g狗粮
May 20 11:35:02 
May 20 11:35:02 
May 20 11:35:02 您设置的喂食数量::10g
May 20 11:35:02 
May 20 11:35:02 实际的喂食数量::10g
May 20 11:35:02 
May 20 11:35:02 喂食失败：正在食用
May 20 11:35:02 三餐结果领取成功
May 20 11:35:02 
May 20 11:35:02 【喂食失败】您的汪汪正在食用
May 20 11:35:02 【三餐】领取成功，获得5g狗粮
May 20 11:35:02 
May 20 11:35:02 
May 20 11:35:02 您设置的喂食数量::10g
May 20 11:35:02 
May 20 11:35:02 实际的喂食数量::10g
May 20 11:35:02 
May 20 11:35:03 喂食失败：正在食用
May 20 11:35:03 三餐结果领取成功
May 20 11:35:03 
May 20 11:35:03 【喂食失败】您的汪汪正在食用
May 20 11:35:03 【三餐】领取成功，获得5g狗粮
May 20 11:35:03 
May 20 11:35:03 
May 20 11:35:03 
May 20 11:35:03 🔔宠汪汪🐕喂食, 结束! 🕛 2.993 秒
May 20 11:35:03 
May 20 12:35:00 
May 20 12:35:00 🔔宠汪汪🐕喂食, 开始!
May 20 12:35:00 
May 20 12:35:00 ====================共6个京东账号Cookie=========
May 20 12:35:00 
May 20 12:35:00 ==================脚本执行- 北京时间(UTC+8)：5/20/2021, 12:35:00 PM=====================
May 20 12:35:00 
May 20 12:35:00 您设置的喂食数量::10g
May 20 12:35:00 
May 20 12:35:00 实际的喂食数量::10g
May 20 12:35:00 
May 20 12:35:01 喂食失败：正在食用
May 20 12:35:01 
May 20 12:35:01 【喂食失败】您的汪汪正在食用
May 20 12:35:01 
May 20 12:35:01 
May 20 12:35:02 您设置的喂食数量::10g
May 20 12:35:02 
May 20 12:35:02 实际的喂食数量::10g
May 20 12:35:02 
May 20 12:35:02 喂食失败：正在食用
May 20 12:35:02 
May 20 12:35:02 【喂食失败】您的汪汪正在食用
May 20 12:35:02 
May 20 12:35:02 
May 20 12:35:02 您设置的喂食数量::10g
May 20 12:35:02 
May 20 12:35:02 实际的喂食数量::10g
May 20 12:35:02 
May 20 12:35:02 喂食失败：正在食用
May 20 12:35:02 
May 20 12:35:02 【喂食失败】您的汪汪正在食用
May 20 12:35:02 
May 20 12:35:02 
May 20 12:35:02 您设置的喂食数量::10g
May 20 12:35:02 
May 20 12:35:02 实际的喂食数量::10g
May 20 12:35:02 
May 20 12:35:02 喂食失败：正在食用
May 20 12:35:03 
May 20 12:35:03 【喂食失败】您的汪汪正在食用
May 20 12:35:03 
May 20 12:35:03 
May 20 12:35:03 您设置的喂食数量::10g
May 20 12:35:03 
May 20 12:35:03 实际的喂食数量::10g
May 20 12:35:03 
May 20 12:35:03 喂食失败：正在食用
May 20 12:35:03 
May 20 12:35:03 【喂食失败】您的汪汪正在食用
May 20 12:35:03 
May 20 12:35:03 
May 20 12:35:03 您设置的喂食数量::10g
May 20 12:35:03 
May 20 12:35:03 实际的喂食数量::10g
May 20 12:35:03 
May 20 12:35:03 喂食失败：正在食用
May 20 12:35:03 
May 20 12:35:03 【喂食失败】您的汪汪正在食用
May 20 12:35:03 
May 20 12:35:03 
May 20 12:35:03 
May 20 12:35:03 🔔宠汪汪🐕喂食, 结束! 🕛 3.118 秒
May 20 12:35:03 
May 20 13:35:00 
May 20 13:35:00 🔔宠汪汪🐕喂食, 开始!
May 20 13:35:00 
May 20 13:35:00 ====================共6个京东账号Cookie=========
May 20 13:35:00 
May 20 13:35:00 ==================脚本执行- 北京时间(UTC+8)：5/20/2021, 1:35:00 PM=====================
May 20 13:35:00 
May 20 13:35:00 您设置的喂食数量::10g
May 20 13:35:00 
May 20 13:35:00 实际的喂食数量::10g
May 20 13:35:00 
May 20 13:35:01 喂食失败：正在食用
May 20 13:35:01 
May 20 13:35:01 【喂食失败】您的汪汪正在食用
May 20 13:35:01 
May 20 13:35:01 
May 20 13:35:01 您设置的喂食数量::10g
May 20 13:35:01 
May 20 13:35:01 实际的喂食数量::10g
May 20 13:35:01 
May 20 13:35:01 喂食失败：正在食用
May 20 13:35:01 
May 20 13:35:01 【喂食失败】您的汪汪正在食用
May 20 13:35:01 
May 20 13:35:01 
May 20 13:35:01 您设置的喂食数量::10g
May 20 13:35:01 
May 20 13:35:01 实际的喂食数量::10g
May 20 13:35:01 
May 20 13:35:02 喂食失败：正在食用
May 20 13:35:02 
May 20 13:35:02 【喂食失败】您的汪汪正在食用
May 20 13:35:02 
May 20 13:35:02 
May 20 13:35:02 您设置的喂食数量::10g
May 20 13:35:02 
May 20 13:35:02 实际的喂食数量::10g
May 20 13:35:02 
May 20 13:35:02 喂食失败：正在食用
May 20 13:35:02 
May 20 13:35:02 【喂食失败】您的汪汪正在食用
May 20 13:35:02 
May 20 13:35:02 
May 20 13:35:02 您设置的喂食数量::10g
May 20 13:35:02 
May 20 13:35:02 实际的喂食数量::10g
May 20 13:35:02 
May 20 13:35:02 喂食失败：正在食用
May 20 13:35:02 
May 20 13:35:02 【喂食失败】您的汪汪正在食用
May 20 13:35:02 
May 20 13:35:02 
May 20 13:35:03 您设置的喂食数量::10g
May 20 13:35:03 
May 20 13:35:03 实际的喂食数量::10g
May 20 13:35:03 
May 20 13:35:03 喂食失败：正在食用
May 20 13:35:03 
May 20 13:35:03 【喂食失败】您的汪汪正在食用
May 20 13:35:03 
May 20 13:35:03 
May 20 13:35:03 
May 20 13:35:03 🔔宠汪汪🐕喂食, 结束! 🕛 2.808 秒
May 20 13:35:03 
May 20 14:35:00 
May 20 14:35:00 🔔宠汪汪🐕喂食, 开始!
May 20 14:35:00 
May 20 14:35:00 ====================共6个京东账号Cookie=========
May 20 14:35:00 
May 20 14:35:00 ==================脚本执行- 北京时间(UTC+8)：5/20/2021, 2:35:00 PM=====================
May 20 14:35:00 
May 20 14:35:00 您设置的喂食数量::10g
May 20 14:35:00 
May 20 14:35:00 实际的喂食数量::10g
May 20 14:35:00 
May 20 14:35:01 喂食失败：正在食用
May 20 14:35:01 
May 20 14:35:01 【喂食失败】您的汪汪正在食用
May 20 14:35:01 
May 20 14:35:01 
May 20 14:35:01 您设置的喂食数量::10g
May 20 14:35:01 
May 20 14:35:01 实际的喂食数量::10g
May 20 14:35:01 
May 20 14:35:02 喂食失败：正在食用
May 20 14:35:02 
May 20 14:35:02 【喂食失败】您的汪汪正在食用
May 20 14:35:02 
May 20 14:35:02 
May 20 14:35:02 您设置的喂食数量::10g
May 20 14:35:02 
May 20 14:35:02 实际的喂食数量::10g
May 20 14:35:02 
May 20 14:35:02 喂食失败：正在食用
May 20 14:35:03 
May 20 14:35:03 【喂食失败】您的汪汪正在食用
May 20 14:35:03 
May 20 14:35:03 
May 20 14:35:03 您设置的喂食数量::10g
May 20 14:35:03 
May 20 14:35:03 实际的喂食数量::10g
May 20 14:35:03 
May 20 14:35:03 喂食失败：正在食用
May 20 14:35:03 
May 20 14:35:03 【喂食失败】您的汪汪正在食用
May 20 14:35:03 
May 20 14:35:03 
May 20 14:35:03 您设置的喂食数量::10g
May 20 14:35:03 
May 20 14:35:03 实际的喂食数量::10g
May 20 14:35:03 
May 20 14:35:03 喂食失败：正在食用
May 20 14:35:03 
May 20 14:35:03 【喂食失败】您的汪汪正在食用
May 20 14:35:03 
May 20 14:35:03 
May 20 14:35:03 您设置的喂食数量::10g
May 20 14:35:03 
May 20 14:35:03 实际的喂食数量::10g
May 20 14:35:03 
May 20 14:35:04 喂食失败：正在食用
May 20 14:35:04 
May 20 14:35:04 【喂食失败】您的汪汪正在食用
May 20 14:35:04 
May 20 14:35:04 
May 20 14:35:04 
May 20 14:35:04 🔔宠汪汪🐕喂食, 结束! 🕛 3.585 秒
May 20 14:35:04 
May 20 15:35:00 
May 20 15:35:00 🔔宠汪汪🐕喂食, 开始!
May 20 15:35:00 
May 20 15:35:00 ====================共6个京东账号Cookie=========
May 20 15:35:00 
May 20 15:35:00 ==================脚本执行- 北京时间(UTC+8)：5/20/2021, 3:35:00 PM=====================
May 20 15:35:00 
May 20 15:35:00 您设置的喂食数量::10g
May 20 15:35:00 
May 20 15:35:00 实际的喂食数量::10g
May 20 15:35:00 
May 20 15:35:01 喂食失败：正在食用
May 20 15:35:01 
May 20 15:35:01 【喂食失败】您的汪汪正在食用
May 20 15:35:01 
May 20 15:35:01 
May 20 15:35:01 您设置的喂食数量::10g
May 20 15:35:01 
May 20 15:35:01 实际的喂食数量::10g
May 20 15:35:01 
May 20 15:35:01 喂食失败：正在食用
May 20 15:35:01 
May 20 15:35:01 【喂食失败】您的汪汪正在食用
May 20 15:35:01 
May 20 15:35:01 
May 20 15:35:02 您设置的喂食数量::10g
May 20 15:35:02 
May 20 15:35:02 实际的喂食数量::10g
May 20 15:35:02 
May 20 15:35:02 喂食失败：正在食用
May 20 15:35:02 
May 20 15:35:02 【喂食失败】您的汪汪正在食用
May 20 15:35:02 
May 20 15:35:02 
May 20 15:35:02 您设置的喂食数量::10g
May 20 15:35:02 
May 20 15:35:02 实际的喂食数量::10g
May 20 15:35:02 
May 20 15:35:02 喂食失败：正在食用
May 20 15:35:02 
May 20 15:35:02 【喂食失败】您的汪汪正在食用
May 20 15:35:02 
May 20 15:35:02 
May 20 15:35:02 您设置的喂食数量::10g
May 20 15:35:02 
May 20 15:35:02 实际的喂食数量::10g
May 20 15:35:02 
May 20 15:35:02 喂食失败：正在食用
May 20 15:35:03 
May 20 15:35:03 【喂食失败】您的汪汪正在食用
May 20 15:35:03 
May 20 15:35:03 
May 20 15:35:03 您设置的喂食数量::10g
May 20 15:35:03 
May 20 15:35:03 实际的喂食数量::10g
May 20 15:35:03 
May 20 15:35:03 喂食失败：正在食用
May 20 15:35:03 
May 20 15:35:03 【喂食失败】您的汪汪正在食用
May 20 15:35:03 
May 20 15:35:03 
May 20 15:35:03 
May 20 15:35:03 🔔宠汪汪🐕喂食, 结束! 🕛 2.781 秒
May 20 15:35:03 
May 20 16:35:00 
May 20 16:35:00 🔔宠汪汪🐕喂食, 开始!
May 20 16:35:00 
May 20 16:35:00 ====================共6个京东账号Cookie=========
May 20 16:35:00 
May 20 16:35:00 ==================脚本执行- 北京时间(UTC+8)：5/20/2021, 4:35:00 PM=====================
May 20 16:35:00 
May 20 16:35:00 您设置的喂食数量::10g
May 20 16:35:00 
May 20 16:35:00 实际的喂食数量::10g
May 20 16:35:00 
May 20 16:35:01 喂食成功
May 20 16:35:01 
May 20 16:35:01 【喂食成功】10g
May 20 16:35:01 
May 20 16:35:01 
May 20 16:35:01 您设置的喂食数量::10g
May 20 16:35:01 
May 20 16:35:01 实际的喂食数量::10g
May 20 16:35:01 
May 20 16:35:02 喂食成功
May 20 16:35:02 
May 20 16:35:02 【喂食成功】10g
May 20 16:35:02 
May 20 16:35:02 
May 20 16:35:02 您设置的喂食数量::10g
May 20 16:35:02 
May 20 16:35:02 实际的喂食数量::10g
May 20 16:35:02 
May 20 16:35:02 喂食成功
May 20 16:35:02 
May 20 16:35:02 【喂食成功】10g
May 20 16:35:02 
May 20 16:35:02 
May 20 16:35:02 您设置的喂食数量::10g
May 20 16:35:02 
May 20 16:35:02 实际的喂食数量::10g
May 20 16:35:02 
May 20 16:35:02 喂食成功
May 20 16:35:03 
May 20 16:35:03 【喂食成功】10g
May 20 16:35:03 
May 20 16:35:03 
May 20 16:35:03 您设置的喂食数量::10g
May 20 16:35:03 
May 20 16:35:03 实际的喂食数量::10g
May 20 16:35:03 
May 20 16:35:03 喂食成功
May 20 16:35:03 
May 20 16:35:03 【喂食成功】10g
May 20 16:35:03 
May 20 16:35:03 
May 20 16:35:03 您设置的喂食数量::10g
May 20 16:35:03 
May 20 16:35:03 实际的喂食数量::10g
May 20 16:35:03 
May 20 16:35:03 喂食成功
May 20 16:35:04 
May 20 16:35:04 【喂食成功】10g
May 20 16:35:04 
May 20 16:35:04 
May 20 16:35:04 
May 20 16:35:04 🔔宠汪汪🐕喂食, 结束! 🕛 3.286 秒
May 20 16:35:04 
May 20 17:35:00 
May 20 17:35:00 🔔宠汪汪🐕喂食, 开始!
May 20 17:35:00 
May 20 17:35:00 ====================共6个京东账号Cookie=========
May 20 17:35:00 
May 20 17:35:00 ==================脚本执行- 北京时间(UTC+8)：5/20/2021, 5:35:00 PM=====================
May 20 17:35:00 
May 20 17:35:00 您设置的喂食数量::10g
May 20 17:35:00 
May 20 17:35:00 实际的喂食数量::10g
May 20 17:35:00 
May 20 17:35:01 喂食失败：正在食用
May 20 17:35:01 三餐结果领取成功
May 20 17:35:01 
May 20 17:35:01 【喂食失败】您的汪汪正在食用
May 20 17:35:01 【三餐】领取成功，获得5g狗粮
May 20 17:35:01 
May 20 17:35:01 
May 20 17:35:01 您设置的喂食数量::10g
May 20 17:35:01 
May 20 17:35:01 实际的喂食数量::10g
May 20 17:35:01 
May 20 17:35:01 喂食失败：正在食用
May 20 17:35:01 三餐结果领取成功
May 20 17:35:01 
May 20 17:35:01 【喂食失败】您的汪汪正在食用
May 20 17:35:01 【三餐】领取成功，获得5g狗粮
May 20 17:35:01 
May 20 17:35:01 
May 20 17:35:02 您设置的喂食数量::10g
May 20 17:35:02 
May 20 17:35:02 实际的喂食数量::10g
May 20 17:35:02 
May 20 17:35:02 喂食失败：正在食用
May 20 17:35:02 三餐结果领取成功
May 20 17:35:02 
May 20 17:35:02 【喂食失败】您的汪汪正在食用
May 20 17:35:02 【三餐】领取成功，获得5g狗粮
May 20 17:35:02 
May 20 17:35:02 
May 20 17:35:02 您设置的喂食数量::10g
May 20 17:35:02 
May 20 17:35:02 实际的喂食数量::10g
May 20 17:35:02 
May 20 17:35:02 喂食失败：正在食用
May 20 17:35:02 三餐结果领取成功
May 20 17:35:02 
May 20 17:35:02 【喂食失败】您的汪汪正在食用
May 20 17:35:02 【三餐】领取成功，获得5g狗粮
May 20 17:35:02 
May 20 17:35:02 
May 20 17:35:02 您设置的喂食数量::10g
May 20 17:35:02 
May 20 17:35:02 实际的喂食数量::10g
May 20 17:35:02 
May 20 17:35:03 喂食失败：正在食用
May 20 17:35:03 三餐结果领取成功
May 20 17:35:03 
May 20 17:35:03 【喂食失败】您的汪汪正在食用
May 20 17:35:03 【三餐】领取成功，获得5g狗粮
May 20 17:35:03 
May 20 17:35:03 
May 20 17:35:03 您设置的喂食数量::10g
May 20 17:35:03 
May 20 17:35:03 实际的喂食数量::10g
May 20 17:35:03 
May 20 17:35:03 喂食失败：正在食用
May 20 17:35:03 三餐结果领取成功
May 20 17:35:03 
May 20 17:35:03 【喂食失败】您的汪汪正在食用
May 20 17:35:03 【三餐】领取成功，获得5g狗粮
May 20 17:35:03 
May 20 17:35:03 
May 20 17:35:03 
May 20 17:35:03 🔔宠汪汪🐕喂食, 结束! 🕛 2.882 秒
May 20 17:35:03 
