Apr 25 01:48:33 
Apr 25 01:48:33 🔔京东快递签到, 开始!
Apr 25 01:48:33 
Apr 25 01:48:33 ====================共6个京东账号Cookie=========
Apr 25 01:48:33 
Apr 25 01:48:33 ==================脚本执行- 北京时间(UTC+8)：4/25/2021, 1:48:33 AM=====================
Apr 25 01:48:33 
Apr 25 01:48:33 
Apr 25 01:48:33 ******开始【京东账号1】18337656372_p*********
Apr 25 01:48:33 
Apr 25 01:48:33 今日已签到
Apr 25 01:48:33 
Apr 25 01:48:33 ==============📣系统通知📣==============
Apr 25 01:48:33 京东快递签到
Apr 25 01:48:33 【京东账号1】18337656372_p
Apr 25 01:48:33 
Apr 25 01:48:33 
Apr 25 01:48:33 ******开始【京东账号2】jd_MCazEJrLyuXn*********
Apr 25 01:48:33 
Apr 25 01:48:33 今日已签到
Apr 25 01:48:33 
Apr 25 01:48:33 ==============📣系统通知📣==============
Apr 25 01:48:33 京东快递签到
Apr 25 01:48:33 【京东账号2】jd_MCazEJrLyuXn
Apr 25 01:48:33 
Apr 25 01:48:33 
Apr 25 01:48:33 ******开始【京东账号3】鬼神之吕奉先*********
Apr 25 01:48:33 
Apr 25 01:48:34 今日已签到
Apr 25 01:48:34 
Apr 25 01:48:34 ==============📣系统通知📣==============
Apr 25 01:48:34 京东快递签到
Apr 25 01:48:34 【京东账号3】鬼神之吕奉先
Apr 25 01:48:34 
Apr 25 01:48:34 
Apr 25 01:48:34 ******开始【京东账号4】jd_6ba76f15069fd*********
Apr 25 01:48:34 
Apr 25 01:48:34 今日已签到
Apr 25 01:48:34 
Apr 25 01:48:34 ==============📣系统通知📣==============
Apr 25 01:48:34 京东快递签到
Apr 25 01:48:34 【京东账号4】jd_6ba76f15069fd
Apr 25 01:48:34 
Apr 25 01:48:34 
Apr 25 01:48:34 ******开始【京东账号5】jd_46928899fcc30*********
Apr 25 01:48:34 
Apr 25 01:48:34 今日已签到
Apr 25 01:48:34 
Apr 25 01:48:34 ==============📣系统通知📣==============
Apr 25 01:48:34 京东快递签到
Apr 25 01:48:34 【京东账号5】jd_46928899fcc30
Apr 25 01:48:34 
Apr 25 01:48:34 
Apr 25 01:48:34 ******开始【京东账号6】jd_EirxWEerdtmu*********
Apr 25 01:48:34 
Apr 25 01:48:34 今日已签到
Apr 25 01:48:34 
Apr 25 01:48:34 ==============📣系统通知📣==============
Apr 25 01:48:34 京东快递签到
Apr 25 01:48:34 【京东账号6】jd_EirxWEerdtmu
Apr 25 01:48:34 
Apr 25 01:48:34 
Apr 25 01:48:34 🔔京东快递签到, 结束! 🕛 1.636 秒
Apr 25 01:48:34 
Apr 26 01:47:26 
Apr 26 01:47:26 🔔京东快递签到, 开始!
Apr 26 01:47:26 
Apr 26 01:47:26 ====================共6个京东账号Cookie=========
Apr 26 01:47:26 
Apr 26 01:47:26 ==================脚本执行- 北京时间(UTC+8)：4/26/2021, 1:47:26 AM=====================
Apr 26 01:47:26 
Apr 26 01:47:26 
Apr 26 01:47:26 ******开始【京东账号1】18337656372_p*********
Apr 26 01:47:26 
Apr 26 01:47:26 今日已签到
Apr 26 01:47:26 
Apr 26 01:47:26 ==============📣系统通知📣==============
Apr 26 01:47:26 京东快递签到
Apr 26 01:47:26 【京东账号1】18337656372_p
Apr 26 01:47:26 
Apr 26 01:47:26 
Apr 26 01:47:26 ******开始【京东账号2】jd_MCazEJrLyuXn*********
Apr 26 01:47:26 
Apr 26 01:47:26 今日已签到
Apr 26 01:47:26 
Apr 26 01:47:26 ==============📣系统通知📣==============
Apr 26 01:47:26 京东快递签到
Apr 26 01:47:26 【京东账号2】jd_MCazEJrLyuXn
Apr 26 01:47:26 
Apr 26 01:47:26 
Apr 26 01:47:26 ******开始【京东账号3】鬼神之吕奉先*********
Apr 26 01:47:26 
Apr 26 01:47:26 今日已签到
Apr 26 01:47:26 
Apr 26 01:47:26 ==============📣系统通知📣==============
Apr 26 01:47:26 京东快递签到
Apr 26 01:47:26 【京东账号3】鬼神之吕奉先
Apr 26 01:47:26 
Apr 26 01:47:27 
Apr 26 01:47:27 ******开始【京东账号4】jd_6ba76f15069fd*********
Apr 26 01:47:27 
Apr 26 01:47:27 今日已签到
Apr 26 01:47:27 
Apr 26 01:47:27 ==============📣系统通知📣==============
Apr 26 01:47:27 京东快递签到
Apr 26 01:47:27 【京东账号4】jd_6ba76f15069fd
Apr 26 01:47:27 
Apr 26 01:47:27 
Apr 26 01:47:27 ******开始【京东账号5】jd_46928899fcc30*********
Apr 26 01:47:27 
Apr 26 01:47:27 今日已签到
Apr 26 01:47:27 
Apr 26 01:47:27 ==============📣系统通知📣==============
Apr 26 01:47:27 京东快递签到
Apr 26 01:47:27 【京东账号5】jd_46928899fcc30
Apr 26 01:47:27 
Apr 26 01:47:27 
Apr 26 01:47:27 ******开始【京东账号6】jd_EirxWEerdtmu*********
Apr 26 01:47:27 
Apr 26 01:47:27 今日已签到
Apr 26 01:47:27 
Apr 26 01:47:27 ==============📣系统通知📣==============
Apr 26 01:47:27 京东快递签到
Apr 26 01:47:27 【京东账号6】jd_EirxWEerdtmu
Apr 26 01:47:27 
Apr 26 01:47:27 
Apr 26 01:47:27 🔔京东快递签到, 结束! 🕛 1.583 秒
Apr 26 01:47:27 
Apr 27 01:47:37 
Apr 27 01:47:37 🔔京东快递签到, 开始!
Apr 27 01:47:37 
Apr 27 01:47:37 ====================共6个京东账号Cookie=========
Apr 27 01:47:37 
Apr 27 01:47:37 ==================脚本执行- 北京时间(UTC+8)：4/27/2021, 1:47:37 AM=====================
Apr 27 01:47:37 
Apr 27 01:47:37 
Apr 27 01:47:37 ******开始【京东账号1】18337656372_p*********
Apr 27 01:47:37 
Apr 27 01:47:37 今日已签到
Apr 27 01:47:37 
Apr 27 01:47:37 ==============📣系统通知📣==============
Apr 27 01:47:37 京东快递签到
Apr 27 01:47:37 【京东账号1】18337656372_p
Apr 27 01:47:37 
Apr 27 01:47:37 
Apr 27 01:47:37 ******开始【京东账号2】jd_MCazEJrLyuXn*********
Apr 27 01:47:37 
Apr 27 01:47:37 今日已签到
Apr 27 01:47:37 
Apr 27 01:47:37 ==============📣系统通知📣==============
Apr 27 01:47:37 京东快递签到
Apr 27 01:47:37 【京东账号2】jd_MCazEJrLyuXn
Apr 27 01:47:37 
Apr 27 01:47:37 
Apr 27 01:47:37 ******开始【京东账号3】鬼神之吕奉先*********
Apr 27 01:47:37 
Apr 27 01:47:38 今日已签到
Apr 27 01:47:38 
Apr 27 01:47:38 ==============📣系统通知📣==============
Apr 27 01:47:38 京东快递签到
Apr 27 01:47:38 【京东账号3】鬼神之吕奉先
Apr 27 01:47:38 
Apr 27 01:47:38 
Apr 27 01:47:38 ******开始【京东账号4】jd_6ba76f15069fd*********
Apr 27 01:47:38 
Apr 27 01:47:38 今日已签到
Apr 27 01:47:38 
Apr 27 01:47:38 ==============📣系统通知📣==============
Apr 27 01:47:38 京东快递签到
Apr 27 01:47:38 【京东账号4】jd_6ba76f15069fd
Apr 27 01:47:38 
Apr 27 01:47:38 
Apr 27 01:47:38 ******开始【京东账号5】jd_46928899fcc30*********
Apr 27 01:47:38 
Apr 27 01:47:38 今日已签到
Apr 27 01:47:38 
Apr 27 01:47:38 ==============📣系统通知📣==============
Apr 27 01:47:38 京东快递签到
Apr 27 01:47:38 【京东账号5】jd_46928899fcc30
Apr 27 01:47:38 
Apr 27 01:47:38 
Apr 27 01:47:38 ******开始【京东账号6】jd_EirxWEerdtmu*********
Apr 27 01:47:38 
Apr 27 01:47:38 今日已签到
Apr 27 01:47:38 
Apr 27 01:47:38 ==============📣系统通知📣==============
Apr 27 01:47:38 京东快递签到
Apr 27 01:47:38 【京东账号6】jd_EirxWEerdtmu
Apr 27 01:47:38 
Apr 27 01:47:38 
Apr 27 01:47:38 🔔京东快递签到, 结束! 🕛 1.577 秒
Apr 27 01:47:38 
