Apr 24 23:51:15 
Apr 24 23:51:15 🔔京东直播, 开始!
Apr 24 23:51:15 
Apr 24 23:51:15 ====================共6个京东账号Cookie=========
Apr 24 23:51:15 
Apr 24 23:51:15 ==================脚本执行- 北京时间(UTC+8)：4/24/2021, 11:51:15 PM=====================
Apr 24 23:51:15 
Apr 24 23:51:16 
Apr 24 23:51:16 ******开始【京东账号1】18337656372_p*********
Apr 24 23:51:16 
Apr 24 23:51:16 任务领奖失败，京豆与你擦肩而过
Apr 24 23:51:16 去做分享直播间任务
Apr 24 23:51:16 任务领奖失败，京豆与你擦肩而过
Apr 24 23:51:16 去做浏览直播间任务
Apr 24 23:51:17 任务领奖失败，京豆与你擦肩而过
Apr 24 23:51:17 任务领奖失败，京豆与你擦肩而过，马上进入精彩内容…
Apr 24 23:51:17 京东账号118337656372_p
Apr 24 23:51:17 领奖完成，共计获得 0 京豆
Apr 24 23:51:17 
Apr 24 23:51:17 
Apr 24 23:51:17 ******开始【京东账号2】jd_MCazEJrLyuXn*********
Apr 24 23:51:17 
Apr 24 23:51:17 任务领奖失败，京豆与你擦肩而过
Apr 24 23:51:17 去做分享直播间任务
Apr 24 23:51:18 任务领奖失败，京豆与你擦肩而过
Apr 24 23:51:18 去做浏览直播间任务
Apr 24 23:51:18 任务领奖失败，京豆与你擦肩而过
Apr 24 23:51:18 任务领奖失败，京豆与你擦肩而过，马上进入精彩内容~
Apr 24 23:51:18 京东账号2jd_MCazEJrLyuXn
Apr 24 23:51:18 领奖完成，共计获得 0 京豆
Apr 24 23:51:18 
Apr 24 23:51:18 
Apr 24 23:51:18 ******开始【京东账号3】鬼神之吕奉先*********
Apr 24 23:51:18 
Apr 24 23:51:19 任务领奖失败，京豆与你擦肩而过
Apr 24 23:51:19 去做分享直播间任务
Apr 24 23:51:19 任务领奖失败，京豆与你擦肩而过
Apr 24 23:51:19 去做浏览直播间任务
Apr 24 23:51:19 任务领奖失败，京豆与你擦肩而过
Apr 24 23:51:19 任务领奖失败，京豆与你擦肩而过，马上进入精彩内容…
Apr 24 23:51:19 京东账号3鬼神之吕奉先
Apr 24 23:51:19 领奖完成，共计获得 0 京豆
Apr 24 23:51:19 
Apr 24 23:51:19 
Apr 24 23:51:19 ******开始【京东账号4】jd_6ba76f15069fd*********
Apr 24 23:51:19 
Apr 24 23:51:20 任务领奖失败，京豆与你擦肩而过
Apr 24 23:51:20 去做分享直播间任务
Apr 24 23:51:20 任务领奖失败，京豆与你擦肩而过
Apr 24 23:51:20 去做浏览直播间任务
Apr 24 23:51:20 任务领奖失败，京豆与你擦肩而过
Apr 24 23:51:20 任务领奖失败，京豆与你擦肩而过，马上进入精彩内容…
Apr 24 23:51:20 京东账号4jd_6ba76f15069fd
Apr 24 23:51:20 领奖完成，共计获得 0 京豆
Apr 24 23:51:20 
Apr 24 23:51:20 
Apr 24 23:51:20 ******开始【京东账号5】jd_46928899fcc30*********
Apr 24 23:51:20 
Apr 24 23:51:21 任务领奖失败，京豆与你擦肩而过
Apr 24 23:51:21 去做分享直播间任务
Apr 24 23:51:21 任务领奖失败，京豆与你擦肩而过
Apr 24 23:51:21 去做浏览直播间任务
Apr 24 23:51:21 任务领奖失败，京豆与你擦肩而过
Apr 24 23:51:21 任务领奖失败，京豆与你擦肩而过，马上进入精彩内容…
Apr 24 23:51:21 京东账号5jd_46928899fcc30
Apr 24 23:51:21 领奖完成，共计获得 0 京豆
Apr 24 23:51:21 
Apr 24 23:51:21 
Apr 24 23:51:21 ******开始【京东账号6】jd_EirxWEerdtmu*********
Apr 24 23:51:21 
Apr 24 23:51:22 任务领奖失败，京豆与你擦肩而过
Apr 24 23:51:22 去做分享直播间任务
Apr 24 23:51:22 任务领奖失败，京豆与你擦肩而过
Apr 24 23:51:22 去做浏览直播间任务
Apr 24 23:51:22 任务领奖失败，京豆与你擦肩而过
Apr 24 23:51:23 任务领奖失败，京豆与你擦肩而过，马上进入精彩内容…
Apr 24 23:51:23 京东账号6jd_EirxWEerdtmu
Apr 24 23:51:23 领奖完成，共计获得 0 京豆
Apr 24 23:51:23 
Apr 24 23:51:23 
Apr 24 23:51:23 🔔京东直播, 结束! 🕛 7.264 秒
Apr 24 23:51:23 
Apr 25 12:31:46 
Apr 25 12:31:46 🔔京东直播, 开始!
Apr 25 12:31:46 
Apr 25 12:31:46 ====================共6个京东账号Cookie=========
Apr 25 12:31:46 
Apr 25 12:31:46 ==================脚本执行- 北京时间(UTC+8)：4/25/2021, 12:31:46 PM=====================
Apr 25 12:31:46 
Apr 25 12:31:46 
Apr 25 12:31:46 ******开始【京东账号1】18337656372_p*********
Apr 25 12:31:46 
Apr 25 12:31:47 任务领奖失败，京豆与你擦肩而过
Apr 25 12:31:47 去做分享直播间任务
Apr 25 12:31:47 任务领奖成功，获得 1 京豆
Apr 25 12:31:47 去做浏览直播间任务
Apr 25 12:31:47 任务领奖成功，获得 1 京豆
Apr 25 12:31:47 签到领奖成功，获得 1 京豆
Apr 25 12:31:47 京东账号118337656372_p
Apr 25 12:31:47 任务领奖成功，获得 1 京豆
Apr 25 12:31:47 任务领奖成功，获得 1 京豆
Apr 25 12:31:47 任务领奖成功，获得 1 京豆
Apr 25 12:31:47 领奖完成，共计获得 3 京豆
Apr 25 12:31:47 
Apr 25 12:31:48 
Apr 25 12:31:48 ******开始【京东账号2】jd_MCazEJrLyuXn*********
Apr 25 12:31:48 
Apr 25 12:31:48 任务领奖失败，京豆与你擦肩而过
Apr 25 12:31:48 去做分享直播间任务
Apr 25 12:31:48 任务领奖失败，京豆与你擦肩而过，看看其他活动吧~
Apr 25 12:31:48 去做浏览直播间任务
Apr 25 12:31:49 任务领奖失败，京豆与你擦肩而过，看看其他活动吧~
Apr 25 12:31:49 任务领奖失败，京豆与你擦肩而过，马上进入精彩内容~
Apr 25 12:31:49 京东账号2jd_MCazEJrLyuXn
Apr 25 12:31:49 领奖完成，共计获得 0 京豆
Apr 25 12:31:49 
Apr 25 12:31:49 
Apr 25 12:31:49 ******开始【京东账号3】鬼神之吕奉先*********
Apr 25 12:31:49 
Apr 25 12:31:49 任务领奖失败，京豆与你擦肩而过
Apr 25 12:31:49 去做分享直播间任务
Apr 25 12:31:50 任务领奖成功，获得 1 京豆
Apr 25 12:31:50 去做浏览直播间任务
Apr 25 12:31:50 任务领奖成功，获得 1 京豆
Apr 25 12:31:50 签到领奖成功，获得 3 京豆
Apr 25 12:31:50 京东账号3鬼神之吕奉先
Apr 25 12:31:50 任务领奖成功，获得 1 京豆
Apr 25 12:31:50 任务领奖成功，获得 1 京豆
Apr 25 12:31:50 任务领奖成功，获得 3 京豆
Apr 25 12:31:50 领奖完成，共计获得 5 京豆
Apr 25 12:31:50 
Apr 25 12:31:50 
Apr 25 12:31:50 ******开始【京东账号4】jd_6ba76f15069fd*********
Apr 25 12:31:50 
Apr 25 12:31:51 任务领奖失败，京豆与你擦肩而过
Apr 25 12:31:51 去做分享直播间任务
Apr 25 12:31:51 任务领奖成功，获得 1 京豆
Apr 25 12:31:51 去做浏览直播间任务
Apr 25 12:31:51 任务领奖成功，获得 1 京豆
Apr 25 12:31:51 签到领奖成功，获得 3 京豆
Apr 25 12:31:51 京东账号4jd_6ba76f15069fd
Apr 25 12:31:51 任务领奖成功，获得 1 京豆
Apr 25 12:31:51 任务领奖成功，获得 1 京豆
Apr 25 12:31:51 任务领奖成功，获得 3 京豆
Apr 25 12:31:51 领奖完成，共计获得 5 京豆
Apr 25 12:31:51 
Apr 25 12:31:51 
Apr 25 12:31:51 ******开始【京东账号5】jd_46928899fcc30*********
Apr 25 12:31:51 
Apr 25 12:31:52 任务领奖失败，京豆与你擦肩而过
Apr 25 12:31:52 去做分享直播间任务
Apr 25 12:31:52 任务领奖成功，获得 1 京豆
Apr 25 12:31:52 去做浏览直播间任务
Apr 25 12:31:52 任务领奖成功，获得 1 京豆
Apr 25 12:31:53 签到领奖成功，获得 3 京豆
Apr 25 12:31:53 京东账号5jd_46928899fcc30
Apr 25 12:31:53 任务领奖成功，获得 1 京豆
Apr 25 12:31:53 任务领奖成功，获得 1 京豆
Apr 25 12:31:53 任务领奖成功，获得 3 京豆
Apr 25 12:31:53 领奖完成，共计获得 5 京豆
Apr 25 12:31:53 
Apr 25 12:31:53 
Apr 25 12:31:53 ******开始【京东账号6】jd_EirxWEerdtmu*********
Apr 25 12:31:53 
Apr 25 12:31:53 任务领奖失败，京豆与你擦肩而过
Apr 25 12:31:53 去做分享直播间任务
Apr 25 12:31:54 任务领奖成功，获得 1 京豆
Apr 25 12:31:54 去做浏览直播间任务
Apr 25 12:31:54 任务领奖成功，获得 1 京豆
Apr 25 12:31:54 签到领奖成功，获得 3 京豆
Apr 25 12:31:54 京东账号6jd_EirxWEerdtmu
Apr 25 12:31:54 任务领奖成功，获得 1 京豆
Apr 25 12:31:54 任务领奖成功，获得 1 京豆
Apr 25 12:31:54 任务领奖成功，获得 3 京豆
Apr 25 12:31:54 领奖完成，共计获得 5 京豆
Apr 25 12:31:54 
Apr 25 12:31:54 
Apr 25 12:31:54 🔔京东直播, 结束! 🕛 8.135 秒
Apr 25 12:31:54 
Apr 25 12:36:29 
Apr 25 12:36:29 🔔京东直播, 开始!
Apr 25 12:36:29 
Apr 25 12:36:29 ====================共6个京东账号Cookie=========
Apr 25 12:36:29 
Apr 25 12:36:29 ==================脚本执行- 北京时间(UTC+8)：4/25/2021, 12:36:29 PM=====================
Apr 25 12:36:29 
Apr 25 12:36:29 
Apr 25 12:36:29 ******开始【京东账号1】18337656372_p*********
Apr 25 12:36:29 
Apr 25 12:36:30 任务领奖失败，京豆与你擦肩而过
Apr 25 12:36:30 去做分享直播间任务
Apr 25 12:36:30 任务领奖成功，获得 1 京豆
Apr 25 12:36:30 去做浏览直播间任务
Apr 25 12:36:31 任务领奖成功，获得 1 京豆
Apr 25 12:36:31 任务领奖失败，京豆与你擦肩而过，马上进入精彩内容…
Apr 25 12:36:31 京东账号118337656372_p
Apr 25 12:36:31 任务领奖成功，获得 1 京豆
Apr 25 12:36:31 任务领奖成功，获得 1 京豆
Apr 25 12:36:31 领奖完成，共计获得 2 京豆
Apr 25 12:36:31 
Apr 25 12:36:31 
Apr 25 12:36:31 ******开始【京东账号2】jd_MCazEJrLyuXn*********
Apr 25 12:36:31 
Apr 25 12:36:31 任务领奖失败，京豆与你擦肩而过
Apr 25 12:36:31 去做分享直播间任务
Apr 25 12:36:32 任务领奖失败，京豆与你擦肩而过，看看其他活动吧~
Apr 25 12:36:32 去做浏览直播间任务
Apr 25 12:36:32 任务领奖失败，京豆与你擦肩而过，看看其他活动吧~
Apr 25 12:36:32 任务领奖失败，京豆与你擦肩而过，马上进入精彩内容~
Apr 25 12:36:32 京东账号2jd_MCazEJrLyuXn
Apr 25 12:36:32 领奖完成，共计获得 0 京豆
Apr 25 12:36:32 
Apr 25 12:36:32 
Apr 25 12:36:32 ******开始【京东账号3】鬼神之吕奉先*********
Apr 25 12:36:32 
Apr 25 12:36:33 任务领奖失败，京豆与你擦肩而过
Apr 25 12:36:33 去做分享直播间任务
Apr 25 12:36:33 任务领奖成功，获得 1 京豆
Apr 25 12:36:33 去做浏览直播间任务
Apr 25 12:36:33 任务领奖成功，获得 1 京豆
Apr 25 12:36:33 任务领奖失败，京豆与你擦肩而过，马上进入精彩内容…
Apr 25 12:36:33 京东账号3鬼神之吕奉先
Apr 25 12:36:33 任务领奖成功，获得 1 京豆
Apr 25 12:36:33 任务领奖成功，获得 1 京豆
Apr 25 12:36:33 领奖完成，共计获得 2 京豆
Apr 25 12:36:33 
Apr 25 12:36:33 
Apr 25 12:36:33 ******开始【京东账号4】jd_6ba76f15069fd*********
Apr 25 12:36:33 
Apr 25 12:36:34 任务领奖失败，京豆与你擦肩而过
Apr 25 12:36:34 去做分享直播间任务
Apr 25 12:36:34 任务领奖成功，获得 1 京豆
Apr 25 12:36:34 去做浏览直播间任务
Apr 25 12:36:34 任务领奖成功，获得 1 京豆
Apr 25 12:36:34 任务领奖失败，京豆与你擦肩而过，马上进入精彩内容…
Apr 25 12:36:34 京东账号4jd_6ba76f15069fd
Apr 25 12:36:34 任务领奖成功，获得 1 京豆
Apr 25 12:36:34 任务领奖成功，获得 1 京豆
Apr 25 12:36:34 领奖完成，共计获得 2 京豆
Apr 25 12:36:34 
Apr 25 12:36:35 
Apr 25 12:36:35 ******开始【京东账号5】jd_46928899fcc30*********
Apr 25 12:36:35 
Apr 25 12:36:35 任务领奖失败，京豆与你擦肩而过
Apr 25 12:36:35 去做分享直播间任务
Apr 25 12:36:35 任务领奖成功，获得 1 京豆
Apr 25 12:36:35 去做浏览直播间任务
Apr 25 12:36:36 任务领奖成功，获得 1 京豆
Apr 25 12:36:36 任务领奖失败，京豆与你擦肩而过，马上进入精彩内容…
Apr 25 12:36:36 京东账号5jd_46928899fcc30
Apr 25 12:36:36 任务领奖成功，获得 1 京豆
Apr 25 12:36:36 任务领奖成功，获得 1 京豆
Apr 25 12:36:36 领奖完成，共计获得 2 京豆
Apr 25 12:36:36 
Apr 25 12:36:36 
Apr 25 12:36:36 ******开始【京东账号6】jd_EirxWEerdtmu*********
Apr 25 12:36:36 
Apr 25 12:36:36 任务领奖失败，京豆与你擦肩而过
Apr 25 12:36:36 去做分享直播间任务
Apr 25 12:36:37 任务领奖成功，获得 1 京豆
Apr 25 12:36:37 去做浏览直播间任务
Apr 25 12:36:37 任务领奖成功，获得 1 京豆
Apr 25 12:36:37 任务领奖失败，京豆与你擦肩而过，马上进入精彩内容…
Apr 25 12:36:37 京东账号6jd_EirxWEerdtmu
Apr 25 12:36:37 任务领奖成功，获得 1 京豆
Apr 25 12:36:37 任务领奖成功，获得 1 京豆
Apr 25 12:36:37 领奖完成，共计获得 2 京豆
Apr 25 12:36:37 
Apr 25 12:36:37 
Apr 25 12:36:37 🔔京东直播, 结束! 🕛 8.194 秒
Apr 25 12:36:37 
Apr 25 12:41:47 
Apr 25 12:41:47 🔔京东直播, 开始!
Apr 25 12:41:47 
Apr 25 12:41:47 ====================共6个京东账号Cookie=========
Apr 25 12:41:47 
Apr 25 12:41:47 ==================脚本执行- 北京时间(UTC+8)：4/25/2021, 12:41:47 PM=====================
Apr 25 12:41:47 
Apr 25 12:41:47 
Apr 25 12:41:47 ******开始【京东账号1】18337656372_p*********
Apr 25 12:41:47 
Apr 25 12:41:48 任务领奖失败，京豆与你擦肩而过
Apr 25 12:41:48 去做分享直播间任务
Apr 25 12:41:48 任务领奖失败，京豆与你擦肩而过
Apr 25 12:41:48 去做浏览直播间任务
Apr 25 12:41:48 任务领奖失败，京豆与你擦肩而过
Apr 25 12:41:48 任务领奖失败，京豆与你擦肩而过，马上进入精彩内容…
Apr 25 12:41:48 京东账号118337656372_p
Apr 25 12:41:48 领奖完成，共计获得 0 京豆
Apr 25 12:41:48 
Apr 25 12:41:49 
Apr 25 12:41:49 ******开始【京东账号2】jd_MCazEJrLyuXn*********
Apr 25 12:41:49 
Apr 25 12:41:49 任务领奖失败，京豆与你擦肩而过
Apr 25 12:41:49 去做分享直播间任务
Apr 25 12:41:49 任务领奖失败，京豆与你擦肩而过
Apr 25 12:41:49 去做浏览直播间任务
Apr 25 12:41:50 任务领奖失败，京豆与你擦肩而过
Apr 25 12:41:50 任务领奖失败，京豆与你擦肩而过，马上进入精彩内容~
Apr 25 12:41:50 京东账号2jd_MCazEJrLyuXn
Apr 25 12:41:50 领奖完成，共计获得 0 京豆
Apr 25 12:41:50 
Apr 25 12:41:50 
Apr 25 12:41:50 ******开始【京东账号3】鬼神之吕奉先*********
Apr 25 12:41:50 
Apr 25 12:41:50 任务领奖失败，京豆与你擦肩而过
Apr 25 12:41:50 去做分享直播间任务
Apr 25 12:41:51 任务领奖失败，京豆与你擦肩而过
Apr 25 12:41:51 去做浏览直播间任务
Apr 25 12:41:51 任务领奖失败，京豆与你擦肩而过
Apr 25 12:41:51 任务领奖失败，京豆与你擦肩而过，马上进入精彩内容…
Apr 25 12:41:51 京东账号3鬼神之吕奉先
Apr 25 12:41:51 领奖完成，共计获得 0 京豆
Apr 25 12:41:51 
Apr 25 12:41:51 
Apr 25 12:41:51 ******开始【京东账号4】jd_6ba76f15069fd*********
Apr 25 12:41:51 
Apr 25 12:41:52 任务领奖失败，京豆与你擦肩而过
Apr 25 12:41:52 去做分享直播间任务
Apr 25 12:41:52 任务领奖失败，京豆与你擦肩而过
Apr 25 12:41:52 去做浏览直播间任务
Apr 25 12:41:52 任务领奖失败，京豆与你擦肩而过
Apr 25 12:41:52 任务领奖失败，京豆与你擦肩而过，马上进入精彩内容…
Apr 25 12:41:52 京东账号4jd_6ba76f15069fd
Apr 25 12:41:52 领奖完成，共计获得 0 京豆
Apr 25 12:41:52 
Apr 25 12:41:52 
Apr 25 12:41:52 ******开始【京东账号5】jd_46928899fcc30*********
Apr 25 12:41:52 
Apr 25 12:41:53 任务领奖失败，京豆与你擦肩而过
Apr 25 12:41:53 去做分享直播间任务
Apr 25 12:41:53 任务领奖失败，京豆与你擦肩而过
Apr 25 12:41:53 去做浏览直播间任务
Apr 25 12:41:53 任务领奖失败，京豆与你擦肩而过
Apr 25 12:41:53 任务领奖失败，京豆与你擦肩而过，马上进入精彩内容…
Apr 25 12:41:53 京东账号5jd_46928899fcc30
Apr 25 12:41:53 领奖完成，共计获得 0 京豆
Apr 25 12:41:53 
Apr 25 12:41:53 
Apr 25 12:41:53 ******开始【京东账号6】jd_EirxWEerdtmu*********
Apr 25 12:41:53 
Apr 25 12:41:54 任务领奖失败，京豆与你擦肩而过
Apr 25 12:41:54 去做分享直播间任务
Apr 25 12:41:54 任务领奖失败，京豆与你擦肩而过
Apr 25 12:41:54 去做浏览直播间任务
Apr 25 12:41:54 任务领奖失败，京豆与你擦肩而过
Apr 25 12:41:54 任务领奖失败，京豆与你擦肩而过，马上进入精彩内容…
Apr 25 12:41:54 京东账号6jd_EirxWEerdtmu
Apr 25 12:41:54 领奖完成，共计获得 0 京豆
Apr 25 12:41:54 
Apr 25 12:41:54 
Apr 25 12:41:54 🔔京东直播, 结束! 🕛 7.578 秒
Apr 25 12:41:54 
Apr 25 12:45:08 
Apr 25 12:45:08 🔔京东直播, 开始!
Apr 25 12:45:08 
Apr 25 12:45:08 ====================共6个京东账号Cookie=========
Apr 25 12:45:08 
Apr 25 12:45:08 ==================脚本执行- 北京时间(UTC+8)：4/25/2021, 12:45:08 PM=====================
Apr 25 12:45:08 
Apr 25 12:45:08 
Apr 25 12:45:08 ******开始【京东账号1】18337656372_p*********
Apr 25 12:45:08 
Apr 25 12:45:09 任务领奖失败，京豆与你擦肩而过
Apr 25 12:45:09 去做分享直播间任务
Apr 25 12:45:09 任务领奖失败，京豆与你擦肩而过
Apr 25 12:45:09 去做浏览直播间任务
Apr 25 12:45:09 任务领奖失败，京豆与你擦肩而过
Apr 25 12:45:09 任务领奖失败，京豆与你擦肩而过，马上进入精彩内容…
Apr 25 12:45:09 京东账号118337656372_p
Apr 25 12:45:09 领奖完成，共计获得 0 京豆
Apr 25 12:45:09 
Apr 25 12:45:09 
Apr 25 12:45:09 ******开始【京东账号2】jd_MCazEJrLyuXn*********
Apr 25 12:45:09 
Apr 25 12:45:10 任务领奖失败，京豆与你擦肩而过
Apr 25 12:45:10 去做分享直播间任务
Apr 25 12:45:10 任务领奖失败，京豆与你擦肩而过
Apr 25 12:45:10 去做浏览直播间任务
Apr 25 12:45:10 任务领奖失败，京豆与你擦肩而过
Apr 25 12:45:11 任务领奖失败，京豆与你擦肩而过，马上进入精彩内容~
Apr 25 12:45:11 京东账号2jd_MCazEJrLyuXn
Apr 25 12:45:11 领奖完成，共计获得 0 京豆
Apr 25 12:45:11 
Apr 25 12:45:11 
Apr 25 12:45:11 ******开始【京东账号3】鬼神之吕奉先*********
Apr 25 12:45:11 
Apr 25 12:45:11 任务领奖失败，京豆与你擦肩而过
Apr 25 12:45:11 去做分享直播间任务
Apr 25 12:45:11 任务领奖失败，京豆与你擦肩而过
Apr 25 12:45:11 去做浏览直播间任务
Apr 25 12:45:12 任务领奖失败，京豆与你擦肩而过
Apr 25 12:45:12 任务领奖失败，京豆与你擦肩而过，马上进入精彩内容…
Apr 25 12:45:12 京东账号3鬼神之吕奉先
Apr 25 12:45:12 领奖完成，共计获得 0 京豆
Apr 25 12:45:12 
Apr 25 12:45:12 
Apr 25 12:45:12 ******开始【京东账号4】jd_6ba76f15069fd*********
Apr 25 12:45:12 
Apr 25 12:45:12 任务领奖失败，京豆与你擦肩而过
Apr 25 12:45:12 去做分享直播间任务
Apr 25 12:45:12 任务领奖失败，京豆与你擦肩而过
Apr 25 12:45:12 去做浏览直播间任务
Apr 25 12:45:13 任务领奖失败，京豆与你擦肩而过
Apr 25 12:45:13 任务领奖失败，京豆与你擦肩而过，马上进入精彩内容…
Apr 25 12:45:13 京东账号4jd_6ba76f15069fd
Apr 25 12:45:13 领奖完成，共计获得 0 京豆
Apr 25 12:45:13 
Apr 25 12:45:13 
Apr 25 12:45:13 ******开始【京东账号5】jd_46928899fcc30*********
Apr 25 12:45:13 
Apr 25 12:45:13 任务领奖失败，京豆与你擦肩而过
Apr 25 12:45:13 去做分享直播间任务
Apr 25 12:45:14 任务领奖失败，京豆与你擦肩而过
Apr 25 12:45:14 去做浏览直播间任务
Apr 25 12:45:14 任务领奖失败，京豆与你擦肩而过
Apr 25 12:45:14 任务领奖失败，京豆与你擦肩而过，马上进入精彩内容…
Apr 25 12:45:14 京东账号5jd_46928899fcc30
Apr 25 12:45:14 领奖完成，共计获得 0 京豆
Apr 25 12:45:14 
Apr 25 12:45:14 
Apr 25 12:45:14 ******开始【京东账号6】jd_EirxWEerdtmu*********
Apr 25 12:45:14 
Apr 25 12:45:15 任务领奖失败，京豆与你擦肩而过
Apr 25 12:45:15 去做分享直播间任务
Apr 25 12:45:15 任务领奖失败，京豆与你擦肩而过
Apr 25 12:45:15 去做浏览直播间任务
Apr 25 12:45:15 任务领奖失败，京豆与你擦肩而过
Apr 25 12:45:15 任务领奖失败，京豆与你擦肩而过，马上进入精彩内容…
Apr 25 12:45:15 京东账号6jd_EirxWEerdtmu
Apr 25 12:45:15 领奖完成，共计获得 0 京豆
Apr 25 12:45:15 
Apr 25 12:45:15 
Apr 25 12:45:15 🔔京东直播, 结束! 🕛 7.184 秒
Apr 25 12:45:15 
Apr 25 12:50:37 
Apr 25 12:50:37 🔔京东直播, 开始!
Apr 25 12:50:37 
Apr 25 12:50:37 ====================共6个京东账号Cookie=========
Apr 25 12:50:37 
Apr 25 12:50:37 ==================脚本执行- 北京时间(UTC+8)：4/25/2021, 12:50:37 PM=====================
Apr 25 12:50:37 
Apr 25 12:50:37 
Apr 25 12:50:37 ******开始【京东账号1】18337656372_p*********
Apr 25 12:50:37 
Apr 25 12:50:38 任务领奖失败，京豆与你擦肩而过
Apr 25 12:50:38 去做分享直播间任务
Apr 25 12:50:38 任务领奖失败，京豆与你擦肩而过
Apr 25 12:50:38 去做浏览直播间任务
Apr 25 12:50:38 任务领奖失败，京豆与你擦肩而过
Apr 25 12:50:38 任务领奖失败，京豆与你擦肩而过，马上进入精彩内容…
Apr 25 12:50:38 京东账号118337656372_p
Apr 25 12:50:38 领奖完成，共计获得 0 京豆
Apr 25 12:50:38 
Apr 25 12:50:38 
Apr 25 12:50:38 ******开始【京东账号2】jd_MCazEJrLyuXn*********
Apr 25 12:50:38 
Apr 25 12:50:39 任务领奖失败，京豆与你擦肩而过
Apr 25 12:50:39 去做分享直播间任务
Apr 25 12:50:39 任务领奖失败，京豆与你擦肩而过
Apr 25 12:50:39 去做浏览直播间任务
Apr 25 12:50:39 任务领奖失败，京豆与你擦肩而过
Apr 25 12:50:39 任务领奖失败，京豆与你擦肩而过，马上进入精彩内容~
Apr 25 12:50:39 京东账号2jd_MCazEJrLyuXn
Apr 25 12:50:39 领奖完成，共计获得 0 京豆
Apr 25 12:50:39 
Apr 25 12:50:39 
Apr 25 12:50:39 ******开始【京东账号3】鬼神之吕奉先*********
Apr 25 12:50:39 
Apr 25 12:50:40 任务领奖失败，京豆与你擦肩而过
Apr 25 12:50:40 去做分享直播间任务
Apr 25 12:50:40 任务领奖失败，京豆与你擦肩而过
Apr 25 12:50:40 去做浏览直播间任务
Apr 25 12:50:40 任务领奖失败，京豆与你擦肩而过
Apr 25 12:50:41 任务领奖失败，京豆与你擦肩而过，马上进入精彩内容…
Apr 25 12:50:41 京东账号3鬼神之吕奉先
Apr 25 12:50:41 领奖完成，共计获得 0 京豆
Apr 25 12:50:41 
Apr 25 12:50:41 
Apr 25 12:50:41 ******开始【京东账号4】jd_6ba76f15069fd*********
Apr 25 12:50:41 
Apr 25 12:50:41 任务领奖失败，京豆与你擦肩而过
Apr 25 12:50:41 去做分享直播间任务
Apr 25 12:50:41 任务领奖失败，京豆与你擦肩而过
Apr 25 12:50:41 去做浏览直播间任务
Apr 25 12:50:42 任务领奖失败，京豆与你擦肩而过
Apr 25 12:50:42 任务领奖失败，京豆与你擦肩而过，马上进入精彩内容…
Apr 25 12:50:42 京东账号4jd_6ba76f15069fd
Apr 25 12:50:42 领奖完成，共计获得 0 京豆
Apr 25 12:50:42 
Apr 25 12:50:42 
Apr 25 12:50:42 ******开始【京东账号5】jd_46928899fcc30*********
Apr 25 12:50:42 
Apr 25 12:50:42 任务领奖失败，京豆与你擦肩而过
Apr 25 12:50:42 去做分享直播间任务
Apr 25 12:50:43 任务领奖失败，京豆与你擦肩而过
Apr 25 12:50:43 去做浏览直播间任务
Apr 25 12:50:43 任务领奖失败，京豆与你擦肩而过
Apr 25 12:50:43 任务领奖失败，京豆与你擦肩而过，马上进入精彩内容…
Apr 25 12:50:43 京东账号5jd_46928899fcc30
Apr 25 12:50:43 领奖完成，共计获得 0 京豆
Apr 25 12:50:43 
Apr 25 12:50:43 
Apr 25 12:50:43 ******开始【京东账号6】jd_EirxWEerdtmu*********
Apr 25 12:50:43 
Apr 25 12:50:44 任务领奖失败，京豆与你擦肩而过
Apr 25 12:50:44 去做分享直播间任务
Apr 25 12:50:44 任务领奖失败，京豆与你擦肩而过
Apr 25 12:50:44 去做浏览直播间任务
Apr 25 12:50:44 任务领奖失败，京豆与你擦肩而过
Apr 25 12:50:44 任务领奖失败，京豆与你擦肩而过，马上进入精彩内容…
Apr 25 12:50:44 京东账号6jd_EirxWEerdtmu
Apr 25 12:50:44 领奖完成，共计获得 0 京豆
Apr 25 12:50:44 
Apr 25 12:50:44 
Apr 25 12:50:44 🔔京东直播, 结束! 🕛 7.13 秒
Apr 25 12:50:44 
Apr 25 23:30:49 
Apr 25 23:30:49 🔔京东直播, 开始!
Apr 25 23:30:49 
Apr 25 23:30:49 ====================共6个京东账号Cookie=========
Apr 25 23:30:49 
Apr 25 23:30:49 ==================脚本执行- 北京时间(UTC+8)：4/25/2021, 11:30:49 PM=====================
Apr 25 23:30:49 
Apr 25 23:30:50 
Apr 25 23:30:50 ******开始【京东账号1】18337656372_p*********
Apr 25 23:30:50 
Apr 25 23:30:50 任务领奖失败，京豆与你擦肩而过
Apr 25 23:30:50 去做分享直播间任务
Apr 25 23:30:50 任务领奖失败，京豆与你擦肩而过
Apr 25 23:30:50 去做浏览直播间任务
Apr 25 23:30:51 任务领奖失败，京豆与你擦肩而过
Apr 25 23:30:51 任务领奖失败，京豆与你擦肩而过，马上进入精彩内容…
Apr 25 23:30:51 京东账号118337656372_p
Apr 25 23:30:51 领奖完成，共计获得 0 京豆
Apr 25 23:30:51 
Apr 25 23:30:51 
Apr 25 23:30:51 ******开始【京东账号2】jd_MCazEJrLyuXn*********
Apr 25 23:30:51 
Apr 25 23:30:51 任务领奖失败，京豆与你擦肩而过
Apr 25 23:30:51 去做分享直播间任务
Apr 25 23:30:52 任务领奖失败，京豆与你擦肩而过
Apr 25 23:30:52 去做浏览直播间任务
Apr 25 23:30:52 任务领奖失败，京豆与你擦肩而过
Apr 25 23:30:52 任务领奖失败，京豆与你擦肩而过，马上进入精彩内容~
Apr 25 23:30:52 京东账号2jd_MCazEJrLyuXn
Apr 25 23:30:52 领奖完成，共计获得 0 京豆
Apr 25 23:30:52 
Apr 25 23:30:52 
Apr 25 23:30:52 ******开始【京东账号3】鬼神之吕奉先*********
Apr 25 23:30:52 
Apr 25 23:30:52 任务领奖失败，京豆与你擦肩而过
Apr 25 23:30:52 去做分享直播间任务
Apr 25 23:30:53 任务领奖失败，京豆与你擦肩而过
Apr 25 23:30:53 去做浏览直播间任务
Apr 25 23:30:53 任务领奖失败，京豆与你擦肩而过
Apr 25 23:30:53 任务领奖失败，京豆与你擦肩而过，马上进入精彩内容…
Apr 25 23:30:53 京东账号3鬼神之吕奉先
Apr 25 23:30:53 领奖完成，共计获得 0 京豆
Apr 25 23:30:53 
Apr 25 23:30:53 
Apr 25 23:30:53 ******开始【京东账号4】jd_6ba76f15069fd*********
Apr 25 23:30:53 
Apr 25 23:30:54 任务领奖失败，京豆与你擦肩而过
Apr 25 23:30:54 去做分享直播间任务
Apr 25 23:30:54 任务领奖失败，京豆与你擦肩而过
Apr 25 23:30:54 去做浏览直播间任务
Apr 25 23:30:54 任务领奖失败，京豆与你擦肩而过
Apr 25 23:30:54 任务领奖失败，京豆与你擦肩而过，马上进入精彩内容…
Apr 25 23:30:54 京东账号4jd_6ba76f15069fd
Apr 25 23:30:54 领奖完成，共计获得 0 京豆
Apr 25 23:30:54 
Apr 25 23:30:54 
Apr 25 23:30:54 ******开始【京东账号5】jd_46928899fcc30*********
Apr 25 23:30:54 
Apr 25 23:30:55 任务领奖失败，京豆与你擦肩而过
Apr 25 23:30:55 去做分享直播间任务
Apr 25 23:30:55 任务领奖失败，京豆与你擦肩而过
Apr 25 23:30:55 去做浏览直播间任务
Apr 25 23:30:55 任务领奖失败，京豆与你擦肩而过
Apr 25 23:30:55 任务领奖失败，京豆与你擦肩而过，马上进入精彩内容…
Apr 25 23:30:55 京东账号5jd_46928899fcc30
Apr 25 23:30:55 领奖完成，共计获得 0 京豆
Apr 25 23:30:55 
Apr 25 23:30:55 
Apr 25 23:30:55 ******开始【京东账号6】jd_EirxWEerdtmu*********
Apr 25 23:30:55 
Apr 25 23:30:56 任务领奖失败，京豆与你擦肩而过
Apr 25 23:30:56 去做分享直播间任务
Apr 25 23:30:56 任务领奖失败，京豆与你擦肩而过
Apr 25 23:30:56 去做浏览直播间任务
Apr 25 23:30:56 任务领奖失败，京豆与你擦肩而过
Apr 25 23:30:56 任务领奖失败，京豆与你擦肩而过，马上进入精彩内容…
Apr 25 23:30:56 京东账号6jd_EirxWEerdtmu
Apr 25 23:30:56 领奖完成，共计获得 0 京豆
Apr 25 23:30:56 
Apr 25 23:30:56 
Apr 25 23:30:56 🔔京东直播, 结束! 🕛 7.277 秒
Apr 25 23:30:56 
Apr 25 23:36:12 
Apr 25 23:36:12 🔔京东直播, 开始!
Apr 25 23:36:12 
Apr 25 23:36:12 ====================共6个京东账号Cookie=========
Apr 25 23:36:12 
Apr 25 23:36:12 ==================脚本执行- 北京时间(UTC+8)：4/25/2021, 11:36:12 PM=====================
Apr 25 23:36:12 
Apr 25 23:36:12 
Apr 25 23:36:12 ******开始【京东账号1】18337656372_p*********
Apr 25 23:36:12 
Apr 25 23:36:13 任务领奖失败，京豆与你擦肩而过
Apr 25 23:36:13 去做分享直播间任务
Apr 25 23:36:13 任务领奖失败，京豆与你擦肩而过
Apr 25 23:36:13 去做浏览直播间任务
Apr 25 23:36:13 任务领奖失败，京豆与你擦肩而过
Apr 25 23:36:14 任务领奖失败，京豆与你擦肩而过，马上进入精彩内容…
Apr 25 23:36:14 京东账号118337656372_p
Apr 25 23:36:14 领奖完成，共计获得 0 京豆
Apr 25 23:36:14 
Apr 25 23:36:14 
Apr 25 23:36:14 ******开始【京东账号2】jd_MCazEJrLyuXn*********
Apr 25 23:36:14 
Apr 25 23:36:14 任务领奖失败，京豆与你擦肩而过
Apr 25 23:36:14 去做分享直播间任务
Apr 25 23:36:14 任务领奖失败，京豆与你擦肩而过
Apr 25 23:36:14 去做浏览直播间任务
Apr 25 23:36:15 任务领奖失败，京豆与你擦肩而过
Apr 25 23:36:15 任务领奖失败，京豆与你擦肩而过，马上进入精彩内容~
Apr 25 23:36:15 京东账号2jd_MCazEJrLyuXn
Apr 25 23:36:15 领奖完成，共计获得 0 京豆
Apr 25 23:36:15 
Apr 25 23:36:15 
Apr 25 23:36:15 ******开始【京东账号3】鬼神之吕奉先*********
Apr 25 23:36:15 
Apr 25 23:36:15 任务领奖失败，京豆与你擦肩而过
Apr 25 23:36:15 去做分享直播间任务
Apr 25 23:36:16 任务领奖失败，京豆与你擦肩而过
Apr 25 23:36:16 去做浏览直播间任务
Apr 25 23:36:16 任务领奖失败，京豆与你擦肩而过
Apr 25 23:36:16 任务领奖失败，京豆与你擦肩而过，马上进入精彩内容…
Apr 25 23:36:16 京东账号3鬼神之吕奉先
Apr 25 23:36:16 领奖完成，共计获得 0 京豆
Apr 25 23:36:16 
Apr 25 23:36:16 
Apr 25 23:36:16 ******开始【京东账号4】jd_6ba76f15069fd*********
Apr 25 23:36:16 
Apr 25 23:36:17 任务领奖失败，京豆与你擦肩而过
Apr 25 23:36:17 去做分享直播间任务
Apr 25 23:36:17 任务领奖失败，京豆与你擦肩而过
Apr 25 23:36:17 去做浏览直播间任务
Apr 25 23:36:17 任务领奖失败，京豆与你擦肩而过
Apr 25 23:36:17 任务领奖失败，京豆与你擦肩而过，马上进入精彩内容…
Apr 25 23:36:17 京东账号4jd_6ba76f15069fd
Apr 25 23:36:17 领奖完成，共计获得 0 京豆
Apr 25 23:36:17 
Apr 25 23:36:17 
Apr 25 23:36:17 ******开始【京东账号5】jd_46928899fcc30*********
Apr 25 23:36:17 
Apr 25 23:36:18 任务领奖失败，京豆与你擦肩而过
Apr 25 23:36:18 去做分享直播间任务
Apr 25 23:36:18 任务领奖失败，京豆与你擦肩而过
Apr 25 23:36:18 去做浏览直播间任务
Apr 25 23:36:18 任务领奖失败，京豆与你擦肩而过
Apr 25 23:36:18 任务领奖失败，京豆与你擦肩而过，马上进入精彩内容…
Apr 25 23:36:18 京东账号5jd_46928899fcc30
Apr 25 23:36:18 领奖完成，共计获得 0 京豆
Apr 25 23:36:18 
Apr 25 23:36:18 
Apr 25 23:36:18 ******开始【京东账号6】jd_EirxWEerdtmu*********
Apr 25 23:36:18 
Apr 25 23:36:19 任务领奖失败，京豆与你擦肩而过
Apr 25 23:36:19 去做分享直播间任务
Apr 25 23:36:19 任务领奖失败，京豆与你擦肩而过
Apr 25 23:36:19 去做浏览直播间任务
Apr 25 23:36:19 任务领奖失败，京豆与你擦肩而过
Apr 25 23:36:19 任务领奖失败，京豆与你擦肩而过，马上进入精彩内容…
Apr 25 23:36:19 京东账号6jd_EirxWEerdtmu
Apr 25 23:36:19 领奖完成，共计获得 0 京豆
Apr 25 23:36:19 
Apr 25 23:36:19 
Apr 25 23:36:19 🔔京东直播, 结束! 🕛 7.226 秒
Apr 25 23:36:19 
Apr 25 23:41:44 
Apr 25 23:41:44 🔔京东直播, 开始!
Apr 25 23:41:44 
Apr 25 23:41:44 ====================共6个京东账号Cookie=========
Apr 25 23:41:44 
Apr 25 23:41:44 ==================脚本执行- 北京时间(UTC+8)：4/25/2021, 11:41:44 PM=====================
Apr 25 23:41:44 
Apr 25 23:41:44 
Apr 25 23:41:44 ******开始【京东账号1】18337656372_p*********
Apr 25 23:41:44 
Apr 25 23:41:45 任务领奖失败，京豆与你擦肩而过
Apr 25 23:41:45 去做分享直播间任务
Apr 25 23:41:45 任务领奖失败，京豆与你擦肩而过
Apr 25 23:41:45 去做浏览直播间任务
Apr 25 23:41:45 任务领奖失败，京豆与你擦肩而过
Apr 25 23:41:46 任务领奖失败，京豆与你擦肩而过，马上进入精彩内容…
Apr 25 23:41:46 京东账号118337656372_p
Apr 25 23:41:46 领奖完成，共计获得 0 京豆
Apr 25 23:41:46 
Apr 25 23:41:46 
Apr 25 23:41:46 ******开始【京东账号2】jd_MCazEJrLyuXn*********
Apr 25 23:41:46 
Apr 25 23:41:46 任务领奖失败，京豆与你擦肩而过
Apr 25 23:41:46 去做分享直播间任务
Apr 25 23:41:46 任务领奖失败，京豆与你擦肩而过
Apr 25 23:41:46 去做浏览直播间任务
Apr 25 23:41:47 任务领奖失败，京豆与你擦肩而过
Apr 25 23:41:47 任务领奖失败，京豆与你擦肩而过，马上进入精彩内容~
Apr 25 23:41:47 京东账号2jd_MCazEJrLyuXn
Apr 25 23:41:47 领奖完成，共计获得 0 京豆
Apr 25 23:41:47 
Apr 25 23:41:47 
Apr 25 23:41:47 ******开始【京东账号3】鬼神之吕奉先*********
Apr 25 23:41:47 
Apr 25 23:41:47 任务领奖失败，京豆与你擦肩而过
Apr 25 23:41:47 去做分享直播间任务
Apr 25 23:41:48 任务领奖失败，京豆与你擦肩而过
Apr 25 23:41:48 去做浏览直播间任务
Apr 25 23:41:48 任务领奖失败，京豆与你擦肩而过
Apr 25 23:41:48 任务领奖失败，京豆与你擦肩而过，马上进入精彩内容…
Apr 25 23:41:48 京东账号3鬼神之吕奉先
Apr 25 23:41:48 领奖完成，共计获得 0 京豆
Apr 25 23:41:48 
Apr 25 23:41:48 
Apr 25 23:41:48 ******开始【京东账号4】jd_6ba76f15069fd*********
Apr 25 23:41:48 
Apr 25 23:41:49 任务领奖失败，京豆与你擦肩而过
Apr 25 23:41:49 去做分享直播间任务
Apr 25 23:41:49 任务领奖失败，京豆与你擦肩而过
Apr 25 23:41:49 去做浏览直播间任务
Apr 25 23:41:49 任务领奖失败，京豆与你擦肩而过
Apr 25 23:41:49 任务领奖失败，京豆与你擦肩而过，马上进入精彩内容…
Apr 25 23:41:49 京东账号4jd_6ba76f15069fd
Apr 25 23:41:49 领奖完成，共计获得 0 京豆
Apr 25 23:41:49 
Apr 25 23:41:49 
Apr 25 23:41:49 ******开始【京东账号5】jd_46928899fcc30*********
Apr 25 23:41:49 
Apr 25 23:41:50 任务领奖失败，京豆与你擦肩而过
Apr 25 23:41:50 去做分享直播间任务
Apr 25 23:41:50 任务领奖失败，京豆与你擦肩而过
Apr 25 23:41:50 去做浏览直播间任务
Apr 25 23:41:50 任务领奖失败，京豆与你擦肩而过
Apr 25 23:41:50 任务领奖失败，京豆与你擦肩而过，马上进入精彩内容…
Apr 25 23:41:50 京东账号5jd_46928899fcc30
Apr 25 23:41:50 领奖完成，共计获得 0 京豆
Apr 25 23:41:50 
Apr 25 23:41:50 
Apr 25 23:41:50 ******开始【京东账号6】jd_EirxWEerdtmu*********
Apr 25 23:41:50 
Apr 25 23:41:51 任务领奖失败，京豆与你擦肩而过
Apr 25 23:41:51 去做分享直播间任务
Apr 25 23:41:51 任务领奖失败，京豆与你擦肩而过
Apr 25 23:41:51 去做浏览直播间任务
Apr 25 23:41:51 任务领奖失败，京豆与你擦肩而过
Apr 25 23:41:51 任务领奖失败，京豆与你擦肩而过，马上进入精彩内容…
Apr 25 23:41:51 京东账号6jd_EirxWEerdtmu
Apr 25 23:41:51 领奖完成，共计获得 0 京豆
Apr 25 23:41:51 
Apr 25 23:41:51 
Apr 25 23:41:51 🔔京东直播, 结束! 🕛 7.113 秒
Apr 25 23:41:51 
Apr 25 23:45:43 
Apr 25 23:45:43 🔔京东直播, 开始!
Apr 25 23:45:43 
Apr 25 23:45:43 ====================共6个京东账号Cookie=========
Apr 25 23:45:43 
Apr 25 23:45:43 ==================脚本执行- 北京时间(UTC+8)：4/25/2021, 11:45:43 PM=====================
Apr 25 23:45:43 
Apr 25 23:45:44 
Apr 25 23:45:44 ******开始【京东账号1】18337656372_p*********
Apr 25 23:45:44 
Apr 25 23:45:44 任务领奖失败，京豆与你擦肩而过
Apr 25 23:45:44 去做分享直播间任务
Apr 25 23:45:44 任务领奖失败，京豆与你擦肩而过
Apr 25 23:45:44 去做浏览直播间任务
Apr 25 23:45:44 任务领奖失败，京豆与你擦肩而过
Apr 25 23:45:45 任务领奖失败，京豆与你擦肩而过，马上进入精彩内容…
Apr 25 23:45:45 京东账号118337656372_p
Apr 25 23:45:45 领奖完成，共计获得 0 京豆
Apr 25 23:45:45 
Apr 25 23:45:45 
Apr 25 23:45:45 ******开始【京东账号2】jd_MCazEJrLyuXn*********
Apr 25 23:45:45 
Apr 25 23:45:45 任务领奖失败，京豆与你擦肩而过
Apr 25 23:45:45 去做分享直播间任务
Apr 25 23:45:45 任务领奖失败，京豆与你擦肩而过
Apr 25 23:45:45 去做浏览直播间任务
Apr 25 23:45:46 任务领奖失败，京豆与你擦肩而过
Apr 25 23:45:46 任务领奖失败，京豆与你擦肩而过，马上进入精彩内容~
Apr 25 23:45:46 京东账号2jd_MCazEJrLyuXn
Apr 25 23:45:46 领奖完成，共计获得 0 京豆
Apr 25 23:45:46 
Apr 25 23:45:46 
Apr 25 23:45:46 ******开始【京东账号3】鬼神之吕奉先*********
Apr 25 23:45:46 
Apr 25 23:45:46 任务领奖失败，京豆与你擦肩而过
Apr 25 23:45:46 去做分享直播间任务
Apr 25 23:45:47 任务领奖失败，京豆与你擦肩而过
Apr 25 23:45:47 去做浏览直播间任务
Apr 25 23:45:47 任务领奖失败，京豆与你擦肩而过
Apr 25 23:45:47 任务领奖失败，京豆与你擦肩而过，马上进入精彩内容…
Apr 25 23:45:47 京东账号3鬼神之吕奉先
Apr 25 23:45:47 领奖完成，共计获得 0 京豆
Apr 25 23:45:47 
Apr 25 23:45:47 
Apr 25 23:45:47 ******开始【京东账号4】jd_6ba76f15069fd*********
Apr 25 23:45:47 
Apr 25 23:45:48 任务领奖失败，京豆与你擦肩而过
Apr 25 23:45:48 去做分享直播间任务
Apr 25 23:45:48 任务领奖失败，京豆与你擦肩而过
Apr 25 23:45:48 去做浏览直播间任务
Apr 25 23:45:48 任务领奖失败，京豆与你擦肩而过
Apr 25 23:45:48 任务领奖失败，京豆与你擦肩而过，马上进入精彩内容…
Apr 25 23:45:48 京东账号4jd_6ba76f15069fd
Apr 25 23:45:48 领奖完成，共计获得 0 京豆
Apr 25 23:45:48 
Apr 25 23:45:48 
Apr 25 23:45:48 ******开始【京东账号5】jd_46928899fcc30*********
Apr 25 23:45:48 
Apr 25 23:45:49 任务领奖失败，京豆与你擦肩而过
Apr 25 23:45:49 去做分享直播间任务
Apr 25 23:45:49 任务领奖失败，京豆与你擦肩而过
Apr 25 23:45:49 去做浏览直播间任务
Apr 25 23:45:49 任务领奖失败，京豆与你擦肩而过
Apr 25 23:45:49 任务领奖失败，京豆与你擦肩而过，马上进入精彩内容…
Apr 25 23:45:49 京东账号5jd_46928899fcc30
Apr 25 23:45:49 领奖完成，共计获得 0 京豆
Apr 25 23:45:49 
Apr 25 23:45:49 
Apr 25 23:45:49 ******开始【京东账号6】jd_EirxWEerdtmu*********
Apr 25 23:45:49 
Apr 25 23:45:50 任务领奖失败，京豆与你擦肩而过
Apr 25 23:45:50 去做分享直播间任务
Apr 25 23:45:50 任务领奖失败，京豆与你擦肩而过
Apr 25 23:45:50 去做浏览直播间任务
Apr 25 23:45:50 任务领奖失败，京豆与你擦肩而过
Apr 25 23:45:50 任务领奖失败，京豆与你擦肩而过，马上进入精彩内容…
Apr 25 23:45:50 京东账号6jd_EirxWEerdtmu
Apr 25 23:45:50 领奖完成，共计获得 0 京豆
Apr 25 23:45:50 
Apr 25 23:45:50 
Apr 25 23:45:50 🔔京东直播, 结束! 🕛 7.253 秒
Apr 25 23:45:50 
Apr 25 23:50:35 
Apr 25 23:50:35 🔔京东直播, 开始!
Apr 25 23:50:35 
Apr 25 23:50:35 ====================共6个京东账号Cookie=========
Apr 25 23:50:35 
Apr 25 23:50:35 ==================脚本执行- 北京时间(UTC+8)：4/25/2021, 11:50:35 PM=====================
Apr 25 23:50:35 
Apr 25 23:50:36 
Apr 25 23:50:36 ******开始【京东账号1】18337656372_p*********
Apr 25 23:50:36 
Apr 25 23:50:36 任务领奖失败，京豆与你擦肩而过
Apr 25 23:50:36 去做分享直播间任务
Apr 25 23:50:36 任务领奖失败，京豆与你擦肩而过
Apr 25 23:50:36 去做浏览直播间任务
Apr 25 23:50:37 任务领奖失败，京豆与你擦肩而过
Apr 25 23:50:37 任务领奖失败，京豆与你擦肩而过，马上进入精彩内容…
Apr 25 23:50:37 京东账号118337656372_p
Apr 25 23:50:37 领奖完成，共计获得 0 京豆
Apr 25 23:50:37 
Apr 25 23:50:37 
Apr 25 23:50:37 ******开始【京东账号2】jd_MCazEJrLyuXn*********
Apr 25 23:50:37 
Apr 25 23:50:37 任务领奖失败，京豆与你擦肩而过
Apr 25 23:50:37 去做分享直播间任务
Apr 25 23:50:38 任务领奖失败，京豆与你擦肩而过
Apr 25 23:50:38 去做浏览直播间任务
Apr 25 23:50:38 任务领奖失败，京豆与你擦肩而过
Apr 25 23:50:38 任务领奖失败，京豆与你擦肩而过，马上进入精彩内容~
Apr 25 23:50:38 京东账号2jd_MCazEJrLyuXn
Apr 25 23:50:38 领奖完成，共计获得 0 京豆
Apr 25 23:50:38 
Apr 25 23:50:38 
Apr 25 23:50:38 ******开始【京东账号3】鬼神之吕奉先*********
Apr 25 23:50:38 
Apr 25 23:50:39 任务领奖失败，京豆与你擦肩而过
Apr 25 23:50:39 去做分享直播间任务
Apr 25 23:50:39 任务领奖失败，京豆与你擦肩而过
Apr 25 23:50:39 去做浏览直播间任务
Apr 25 23:50:39 任务领奖失败，京豆与你擦肩而过
Apr 25 23:50:39 任务领奖失败，京豆与你擦肩而过，马上进入精彩内容…
Apr 25 23:50:39 京东账号3鬼神之吕奉先
Apr 25 23:50:39 领奖完成，共计获得 0 京豆
Apr 25 23:50:39 
Apr 25 23:50:39 
Apr 25 23:50:39 ******开始【京东账号4】jd_6ba76f15069fd*********
Apr 25 23:50:39 
Apr 25 23:50:40 任务领奖失败，京豆与你擦肩而过
Apr 25 23:50:40 去做分享直播间任务
Apr 25 23:50:40 任务领奖失败，京豆与你擦肩而过
Apr 25 23:50:40 去做浏览直播间任务
Apr 25 23:50:40 任务领奖失败，京豆与你擦肩而过
Apr 25 23:50:40 任务领奖失败，京豆与你擦肩而过，马上进入精彩内容…
Apr 25 23:50:40 京东账号4jd_6ba76f15069fd
Apr 25 23:50:40 领奖完成，共计获得 0 京豆
Apr 25 23:50:40 
Apr 25 23:50:40 
Apr 25 23:50:40 ******开始【京东账号5】jd_46928899fcc30*********
Apr 25 23:50:40 
Apr 25 23:50:41 任务领奖失败，京豆与你擦肩而过
Apr 25 23:50:41 去做分享直播间任务
Apr 25 23:50:41 任务领奖失败，京豆与你擦肩而过
Apr 25 23:50:41 去做浏览直播间任务
Apr 25 23:50:41 任务领奖失败，京豆与你擦肩而过
Apr 25 23:50:41 任务领奖失败，京豆与你擦肩而过，马上进入精彩内容…
Apr 25 23:50:41 京东账号5jd_46928899fcc30
Apr 25 23:50:41 领奖完成，共计获得 0 京豆
Apr 25 23:50:41 
Apr 25 23:50:42 
Apr 25 23:50:42 ******开始【京东账号6】jd_EirxWEerdtmu*********
Apr 25 23:50:42 
Apr 25 23:50:42 任务领奖失败，京豆与你擦肩而过
Apr 25 23:50:42 去做分享直播间任务
Apr 25 23:50:42 任务领奖失败，京豆与你擦肩而过
Apr 25 23:50:42 去做浏览直播间任务
Apr 25 23:50:43 任务领奖失败，京豆与你擦肩而过
Apr 25 23:50:43 任务领奖失败，京豆与你擦肩而过，马上进入精彩内容…
Apr 25 23:50:43 京东账号6jd_EirxWEerdtmu
Apr 25 23:50:43 领奖完成，共计获得 0 京豆
Apr 25 23:50:43 
Apr 25 23:50:43 
Apr 25 23:50:43 🔔京东直播, 结束! 🕛 7.431 秒
Apr 25 23:50:43 
Apr 26 12:31:07 
Apr 26 12:31:07 🔔京东直播, 开始!
Apr 26 12:31:07 
Apr 26 12:31:07 ====================共6个京东账号Cookie=========
Apr 26 12:31:07 
Apr 26 12:31:07 ==================脚本执行- 北京时间(UTC+8)：4/26/2021, 12:31:07 PM=====================
Apr 26 12:31:07 
Apr 26 12:31:07 
Apr 26 12:31:07 ******开始【京东账号1】18337656372_p*********
Apr 26 12:31:07 
Apr 26 12:31:08 任务领奖失败，京豆与你擦肩而过
Apr 26 12:31:08 去做分享直播间任务
Apr 26 12:31:08 任务领奖成功，获得 1 京豆
Apr 26 12:31:08 去做浏览直播间任务
Apr 26 12:31:08 任务领奖成功，获得 1 京豆
Apr 26 12:31:08 签到领奖成功，获得 1 京豆
Apr 26 12:31:08 京东账号118337656372_p
Apr 26 12:31:08 任务领奖成功，获得 1 京豆
Apr 26 12:31:08 任务领奖成功，获得 1 京豆
Apr 26 12:31:08 任务领奖成功，获得 1 京豆
Apr 26 12:31:08 领奖完成，共计获得 3 京豆
Apr 26 12:31:08 
Apr 26 12:31:09 
Apr 26 12:31:09 ******开始【京东账号2】jd_MCazEJrLyuXn*********
Apr 26 12:31:09 
Apr 26 12:31:09 任务领奖失败，京豆与你擦肩而过
Apr 26 12:31:09 去做分享直播间任务
Apr 26 12:31:09 任务领奖失败，京豆与你擦肩而过，看看其他活动吧~
Apr 26 12:31:09 去做浏览直播间任务
Apr 26 12:31:10 任务领奖失败，京豆与你擦肩而过，看看其他活动吧~
Apr 26 12:31:10 任务领奖失败，京豆与你擦肩而过，马上进入精彩内容~
Apr 26 12:31:10 京东账号2jd_MCazEJrLyuXn
Apr 26 12:31:10 领奖完成，共计获得 0 京豆
Apr 26 12:31:10 
Apr 26 12:31:10 
Apr 26 12:31:10 ******开始【京东账号3】鬼神之吕奉先*********
Apr 26 12:31:10 
Apr 26 12:31:10 任务领奖失败，京豆与你擦肩而过
Apr 26 12:31:10 去做分享直播间任务
Apr 26 12:31:11 任务领奖成功，获得 1 京豆
Apr 26 12:31:11 去做浏览直播间任务
Apr 26 12:31:11 任务领奖成功，获得 1 京豆
Apr 26 12:31:11 签到领奖成功，获得 1 京豆
Apr 26 12:31:11 京东账号3鬼神之吕奉先
Apr 26 12:31:11 任务领奖成功，获得 1 京豆
Apr 26 12:31:11 任务领奖成功，获得 1 京豆
Apr 26 12:31:11 任务领奖成功，获得 1 京豆
Apr 26 12:31:11 领奖完成，共计获得 3 京豆
Apr 26 12:31:11 
Apr 26 12:31:11 
Apr 26 12:31:11 ******开始【京东账号4】jd_6ba76f15069fd*********
Apr 26 12:31:11 
Apr 26 12:31:12 任务领奖失败，京豆与你擦肩而过
Apr 26 12:31:12 去做分享直播间任务
Apr 26 12:31:12 任务领奖成功，获得 1 京豆
Apr 26 12:31:12 去做浏览直播间任务
Apr 26 12:31:12 任务领奖成功，获得 1 京豆
Apr 26 12:31:12 签到领奖成功，获得 1 京豆
Apr 26 12:31:12 京东账号4jd_6ba76f15069fd
Apr 26 12:31:12 任务领奖成功，获得 1 京豆
Apr 26 12:31:12 任务领奖成功，获得 1 京豆
Apr 26 12:31:12 任务领奖成功，获得 1 京豆
Apr 26 12:31:12 领奖完成，共计获得 3 京豆
Apr 26 12:31:12 
Apr 26 12:31:12 
Apr 26 12:31:12 ******开始【京东账号5】jd_46928899fcc30*********
Apr 26 12:31:12 
Apr 26 12:31:13 任务领奖失败，京豆与你擦肩而过
Apr 26 12:31:13 去做分享直播间任务
Apr 26 12:31:13 任务领奖成功，获得 1 京豆
Apr 26 12:31:13 去做浏览直播间任务
Apr 26 12:31:13 任务领奖成功，获得 1 京豆
Apr 26 12:31:13 签到领奖成功，获得 1 京豆
Apr 26 12:31:13 京东账号5jd_46928899fcc30
Apr 26 12:31:13 任务领奖成功，获得 1 京豆
Apr 26 12:31:13 任务领奖成功，获得 1 京豆
Apr 26 12:31:13 任务领奖成功，获得 1 京豆
Apr 26 12:31:13 领奖完成，共计获得 3 京豆
Apr 26 12:31:13 
Apr 26 12:31:14 
Apr 26 12:31:14 ******开始【京东账号6】jd_EirxWEerdtmu*********
Apr 26 12:31:14 
Apr 26 12:31:14 任务领奖失败，京豆与你擦肩而过
Apr 26 12:31:14 去做分享直播间任务
Apr 26 12:31:14 任务领奖成功，获得 1 京豆
Apr 26 12:31:14 去做浏览直播间任务
Apr 26 12:31:15 任务领奖成功，获得 1 京豆
Apr 26 12:31:15 签到领奖成功，获得 1 京豆
Apr 26 12:31:15 京东账号6jd_EirxWEerdtmu
Apr 26 12:31:15 任务领奖成功，获得 1 京豆
Apr 26 12:31:15 任务领奖成功，获得 1 京豆
Apr 26 12:31:15 任务领奖成功，获得 1 京豆
Apr 26 12:31:15 领奖完成，共计获得 3 京豆
Apr 26 12:31:15 
Apr 26 12:31:15 
Apr 26 12:31:15 🔔京东直播, 结束! 🕛 7.943 秒
Apr 26 12:31:15 
Apr 26 12:35:38 
Apr 26 12:35:38 🔔京东直播, 开始!
Apr 26 12:35:38 
Apr 26 12:35:38 ====================共6个京东账号Cookie=========
Apr 26 12:35:38 
Apr 26 12:35:38 ==================脚本执行- 北京时间(UTC+8)：4/26/2021, 12:35:38 PM=====================
Apr 26 12:35:38 
Apr 26 12:35:38 
Apr 26 12:35:38 ******开始【京东账号1】18337656372_p*********
Apr 26 12:35:38 
Apr 26 12:35:39 任务领奖失败，京豆与你擦肩而过
Apr 26 12:35:39 去做分享直播间任务
Apr 26 12:35:39 任务领奖成功，获得 1 京豆
Apr 26 12:35:39 去做浏览直播间任务
Apr 26 12:35:39 任务领奖成功，获得 1 京豆
Apr 26 12:35:39 任务领奖失败，京豆与你擦肩而过，马上进入精彩内容…
Apr 26 12:35:39 京东账号118337656372_p
Apr 26 12:35:39 任务领奖成功，获得 1 京豆
Apr 26 12:35:39 任务领奖成功，获得 1 京豆
Apr 26 12:35:39 领奖完成，共计获得 2 京豆
Apr 26 12:35:39 
Apr 26 12:35:40 
Apr 26 12:35:40 ******开始【京东账号2】jd_MCazEJrLyuXn*********
Apr 26 12:35:40 
Apr 26 12:35:40 任务领奖失败，京豆与你擦肩而过
Apr 26 12:35:40 去做分享直播间任务
Apr 26 12:35:40 任务领奖失败，京豆与你擦肩而过，看看其他活动吧~
Apr 26 12:35:40 去做浏览直播间任务
Apr 26 12:35:41 任务领奖失败，京豆与你擦肩而过，看看其他活动吧~
Apr 26 12:35:41 任务领奖失败，京豆与你擦肩而过，马上进入精彩内容~
Apr 26 12:35:41 京东账号2jd_MCazEJrLyuXn
Apr 26 12:35:41 领奖完成，共计获得 0 京豆
Apr 26 12:35:41 
Apr 26 12:35:41 
Apr 26 12:35:41 ******开始【京东账号3】鬼神之吕奉先*********
Apr 26 12:35:41 
Apr 26 12:35:41 任务领奖失败，京豆与你擦肩而过
Apr 26 12:35:41 去做分享直播间任务
Apr 26 12:35:42 任务领奖成功，获得 1 京豆
Apr 26 12:35:42 去做浏览直播间任务
Apr 26 12:35:42 任务领奖成功，获得 1 京豆
Apr 26 12:35:42 任务领奖失败，京豆与你擦肩而过，马上进入精彩内容…
Apr 26 12:35:42 京东账号3鬼神之吕奉先
Apr 26 12:35:42 任务领奖成功，获得 1 京豆
Apr 26 12:35:42 任务领奖成功，获得 1 京豆
Apr 26 12:35:42 领奖完成，共计获得 2 京豆
Apr 26 12:35:42 
Apr 26 12:35:42 
Apr 26 12:35:42 ******开始【京东账号4】jd_6ba76f15069fd*********
Apr 26 12:35:42 
Apr 26 12:35:43 任务领奖失败，京豆与你擦肩而过
Apr 26 12:35:43 去做分享直播间任务
Apr 26 12:35:43 任务领奖成功，获得 1 京豆
Apr 26 12:35:43 去做浏览直播间任务
Apr 26 12:35:43 任务领奖成功，获得 1 京豆
Apr 26 12:35:43 任务领奖失败，京豆与你擦肩而过，马上进入精彩内容…
Apr 26 12:35:43 京东账号4jd_6ba76f15069fd
Apr 26 12:35:43 任务领奖成功，获得 1 京豆
Apr 26 12:35:43 任务领奖成功，获得 1 京豆
Apr 26 12:35:43 领奖完成，共计获得 2 京豆
Apr 26 12:35:43 
Apr 26 12:35:44 
Apr 26 12:35:44 ******开始【京东账号5】jd_46928899fcc30*********
Apr 26 12:35:44 
Apr 26 12:35:44 任务领奖失败，京豆与你擦肩而过
Apr 26 12:35:44 去做分享直播间任务
Apr 26 12:35:44 任务领奖成功，获得 1 京豆
Apr 26 12:35:44 去做浏览直播间任务
Apr 26 12:35:45 任务领奖成功，获得 1 京豆
Apr 26 12:35:45 任务领奖失败，京豆与你擦肩而过，马上进入精彩内容…
Apr 26 12:35:45 京东账号5jd_46928899fcc30
Apr 26 12:35:45 任务领奖成功，获得 1 京豆
Apr 26 12:35:45 任务领奖成功，获得 1 京豆
Apr 26 12:35:45 领奖完成，共计获得 2 京豆
Apr 26 12:35:45 
Apr 26 12:35:45 
Apr 26 12:35:45 ******开始【京东账号6】jd_EirxWEerdtmu*********
Apr 26 12:35:45 
Apr 26 12:35:45 任务领奖失败，京豆与你擦肩而过
Apr 26 12:35:45 去做分享直播间任务
Apr 26 12:35:46 任务领奖成功，获得 1 京豆
Apr 26 12:35:46 去做浏览直播间任务
Apr 26 12:35:46 任务领奖成功，获得 1 京豆
Apr 26 12:35:46 任务领奖失败，京豆与你擦肩而过，马上进入精彩内容…
Apr 26 12:35:46 京东账号6jd_EirxWEerdtmu
Apr 26 12:35:46 任务领奖成功，获得 1 京豆
Apr 26 12:35:46 任务领奖成功，获得 1 京豆
Apr 26 12:35:46 领奖完成，共计获得 2 京豆
Apr 26 12:35:46 
Apr 26 12:35:46 
Apr 26 12:35:46 🔔京东直播, 结束! 🕛 8.06 秒
Apr 26 12:35:46 
Apr 26 12:40:18 
Apr 26 12:40:18 🔔京东直播, 开始!
Apr 26 12:40:18 
Apr 26 12:40:18 ====================共6个京东账号Cookie=========
Apr 26 12:40:18 
Apr 26 12:40:18 ==================脚本执行- 北京时间(UTC+8)：4/26/2021, 12:40:18 PM=====================
Apr 26 12:40:18 
Apr 26 12:40:18 
Apr 26 12:40:18 ******开始【京东账号1】18337656372_p*********
Apr 26 12:40:18 
Apr 26 12:40:19 任务领奖失败，京豆与你擦肩而过
Apr 26 12:40:19 去做分享直播间任务
Apr 26 12:40:19 任务领奖失败，京豆与你擦肩而过
Apr 26 12:40:19 去做浏览直播间任务
Apr 26 12:40:19 任务领奖失败，京豆与你擦肩而过
Apr 26 12:40:19 任务领奖失败，京豆与你擦肩而过，马上进入精彩内容…
Apr 26 12:40:19 京东账号118337656372_p
Apr 26 12:40:19 领奖完成，共计获得 0 京豆
Apr 26 12:40:19 
Apr 26 12:40:19 
Apr 26 12:40:19 ******开始【京东账号2】jd_MCazEJrLyuXn*********
Apr 26 12:40:19 
Apr 26 12:40:20 任务领奖失败，京豆与你擦肩而过
Apr 26 12:40:20 去做分享直播间任务
Apr 26 12:40:20 任务领奖失败，京豆与你擦肩而过
Apr 26 12:40:20 去做浏览直播间任务
Apr 26 12:40:20 任务领奖失败，京豆与你擦肩而过
Apr 26 12:40:21 任务领奖失败，京豆与你擦肩而过，马上进入精彩内容~
Apr 26 12:40:21 京东账号2jd_MCazEJrLyuXn
Apr 26 12:40:21 领奖完成，共计获得 0 京豆
Apr 26 12:40:21 
Apr 26 12:40:21 
Apr 26 12:40:21 ******开始【京东账号3】鬼神之吕奉先*********
Apr 26 12:40:21 
Apr 26 12:40:21 任务领奖失败，京豆与你擦肩而过
Apr 26 12:40:21 去做分享直播间任务
Apr 26 12:40:21 任务领奖失败，京豆与你擦肩而过
Apr 26 12:40:21 去做浏览直播间任务
Apr 26 12:40:22 任务领奖失败，京豆与你擦肩而过
Apr 26 12:40:22 任务领奖失败，京豆与你擦肩而过，马上进入精彩内容…
Apr 26 12:40:22 京东账号3鬼神之吕奉先
Apr 26 12:40:22 领奖完成，共计获得 0 京豆
Apr 26 12:40:22 
Apr 26 12:40:22 
Apr 26 12:40:22 ******开始【京东账号4】jd_6ba76f15069fd*********
Apr 26 12:40:22 
Apr 26 12:40:22 任务领奖失败，京豆与你擦肩而过
Apr 26 12:40:22 去做分享直播间任务
Apr 26 12:40:23 任务领奖失败，京豆与你擦肩而过
Apr 26 12:40:23 去做浏览直播间任务
Apr 26 12:40:23 任务领奖失败，京豆与你擦肩而过
Apr 26 12:40:23 任务领奖失败，京豆与你擦肩而过，马上进入精彩内容…
Apr 26 12:40:23 京东账号4jd_6ba76f15069fd
Apr 26 12:40:23 领奖完成，共计获得 0 京豆
Apr 26 12:40:23 
Apr 26 12:40:23 
Apr 26 12:40:23 ******开始【京东账号5】jd_46928899fcc30*********
Apr 26 12:40:23 
Apr 26 12:40:24 任务领奖失败，京豆与你擦肩而过
Apr 26 12:40:24 去做分享直播间任务
Apr 26 12:40:24 任务领奖失败，京豆与你擦肩而过
Apr 26 12:40:24 去做浏览直播间任务
Apr 26 12:40:24 任务领奖失败，京豆与你擦肩而过
Apr 26 12:40:24 任务领奖失败，京豆与你擦肩而过，马上进入精彩内容…
Apr 26 12:40:24 京东账号5jd_46928899fcc30
Apr 26 12:40:24 领奖完成，共计获得 0 京豆
Apr 26 12:40:24 
Apr 26 12:40:24 
Apr 26 12:40:24 ******开始【京东账号6】jd_EirxWEerdtmu*********
Apr 26 12:40:24 
Apr 26 12:40:25 任务领奖失败，京豆与你擦肩而过
Apr 26 12:40:25 去做分享直播间任务
Apr 26 12:40:25 任务领奖失败，京豆与你擦肩而过
Apr 26 12:40:25 去做浏览直播间任务
Apr 26 12:40:25 任务领奖失败，京豆与你擦肩而过
Apr 26 12:40:25 任务领奖失败，京豆与你擦肩而过，马上进入精彩内容…
Apr 26 12:40:25 京东账号6jd_EirxWEerdtmu
Apr 26 12:40:25 领奖完成，共计获得 0 京豆
Apr 26 12:40:25 
Apr 26 12:40:25 
Apr 26 12:40:25 🔔京东直播, 结束! 🕛 7.392 秒
Apr 26 12:40:25 
Apr 26 12:45:12 
Apr 26 12:45:12 🔔京东直播, 开始!
Apr 26 12:45:12 
Apr 26 12:45:12 ====================共6个京东账号Cookie=========
Apr 26 12:45:12 
Apr 26 12:45:12 ==================脚本执行- 北京时间(UTC+8)：4/26/2021, 12:45:12 PM=====================
Apr 26 12:45:12 
Apr 26 12:45:12 
Apr 26 12:45:12 ******开始【京东账号1】18337656372_p*********
Apr 26 12:45:12 
Apr 26 12:45:13 任务领奖失败，京豆与你擦肩而过
Apr 26 12:45:13 去做分享直播间任务
Apr 26 12:45:13 任务领奖失败，京豆与你擦肩而过
Apr 26 12:45:13 去做浏览直播间任务
Apr 26 12:45:13 任务领奖失败，京豆与你擦肩而过
Apr 26 12:45:13 任务领奖失败，京豆与你擦肩而过，马上进入精彩内容…
Apr 26 12:45:13 京东账号118337656372_p
Apr 26 12:45:13 领奖完成，共计获得 0 京豆
Apr 26 12:45:13 
Apr 26 12:45:14 
Apr 26 12:45:14 ******开始【京东账号2】jd_MCazEJrLyuXn*********
Apr 26 12:45:14 
Apr 26 12:45:14 任务领奖失败，京豆与你擦肩而过
Apr 26 12:45:14 去做分享直播间任务
Apr 26 12:45:14 任务领奖失败，京豆与你擦肩而过
Apr 26 12:45:14 去做浏览直播间任务
Apr 26 12:45:14 任务领奖失败，京豆与你擦肩而过
Apr 26 12:45:15 任务领奖失败，京豆与你擦肩而过，马上进入精彩内容~
Apr 26 12:45:15 京东账号2jd_MCazEJrLyuXn
Apr 26 12:45:15 领奖完成，共计获得 0 京豆
Apr 26 12:45:15 
Apr 26 12:45:15 
Apr 26 12:45:15 ******开始【京东账号3】鬼神之吕奉先*********
Apr 26 12:45:15 
Apr 26 12:45:15 任务领奖失败，京豆与你擦肩而过
Apr 26 12:45:15 去做分享直播间任务
Apr 26 12:45:15 任务领奖失败，京豆与你擦肩而过
Apr 26 12:45:15 去做浏览直播间任务
Apr 26 12:45:16 任务领奖失败，京豆与你擦肩而过
Apr 26 12:45:16 任务领奖失败，京豆与你擦肩而过，马上进入精彩内容…
Apr 26 12:45:16 京东账号3鬼神之吕奉先
Apr 26 12:45:16 领奖完成，共计获得 0 京豆
Apr 26 12:45:16 
Apr 26 12:45:16 
Apr 26 12:45:16 ******开始【京东账号4】jd_6ba76f15069fd*********
Apr 26 12:45:16 
Apr 26 12:45:16 任务领奖失败，京豆与你擦肩而过
Apr 26 12:45:16 去做分享直播间任务
Apr 26 12:45:17 任务领奖失败，京豆与你擦肩而过
Apr 26 12:45:17 去做浏览直播间任务
Apr 26 12:45:17 任务领奖失败，京豆与你擦肩而过
Apr 26 12:45:17 任务领奖失败，京豆与你擦肩而过，马上进入精彩内容…
Apr 26 12:45:17 京东账号4jd_6ba76f15069fd
Apr 26 12:45:17 领奖完成，共计获得 0 京豆
Apr 26 12:45:17 
Apr 26 12:45:17 
Apr 26 12:45:17 ******开始【京东账号5】jd_46928899fcc30*********
Apr 26 12:45:17 
Apr 26 12:45:18 任务领奖失败，京豆与你擦肩而过
Apr 26 12:45:18 去做分享直播间任务
Apr 26 12:45:18 任务领奖失败，京豆与你擦肩而过
Apr 26 12:45:18 去做浏览直播间任务
Apr 26 12:45:18 任务领奖失败，京豆与你擦肩而过
Apr 26 12:45:18 任务领奖失败，京豆与你擦肩而过，马上进入精彩内容…
Apr 26 12:45:18 京东账号5jd_46928899fcc30
Apr 26 12:45:18 领奖完成，共计获得 0 京豆
Apr 26 12:45:18 
Apr 26 12:45:18 
Apr 26 12:45:18 ******开始【京东账号6】jd_EirxWEerdtmu*********
Apr 26 12:45:18 
Apr 26 12:45:19 任务领奖失败，京豆与你擦肩而过
Apr 26 12:45:19 去做分享直播间任务
Apr 26 12:45:19 任务领奖失败，京豆与你擦肩而过
Apr 26 12:45:19 去做浏览直播间任务
Apr 26 12:45:19 任务领奖失败，京豆与你擦肩而过
Apr 26 12:45:19 任务领奖失败，京豆与你擦肩而过，马上进入精彩内容…
Apr 26 12:45:19 京东账号6jd_EirxWEerdtmu
Apr 26 12:45:19 领奖完成，共计获得 0 京豆
Apr 26 12:45:19 
Apr 26 12:45:19 
Apr 26 12:45:19 🔔京东直播, 结束! 🕛 7.274 秒
Apr 26 12:45:19 
Apr 26 12:50:13 
Apr 26 12:50:13 🔔京东直播, 开始!
Apr 26 12:50:13 
Apr 26 12:50:13 ====================共6个京东账号Cookie=========
Apr 26 12:50:13 
Apr 26 12:50:13 ==================脚本执行- 北京时间(UTC+8)：4/26/2021, 12:50:13 PM=====================
Apr 26 12:50:13 
Apr 26 12:50:14 
Apr 26 12:50:14 ******开始【京东账号1】18337656372_p*********
Apr 26 12:50:14 
Apr 26 12:50:14 任务领奖失败，京豆与你擦肩而过
Apr 26 12:50:14 去做分享直播间任务
Apr 26 12:50:14 任务领奖失败，京豆与你擦肩而过
Apr 26 12:50:14 去做浏览直播间任务
Apr 26 12:50:15 任务领奖失败，京豆与你擦肩而过
Apr 26 12:50:15 任务领奖失败，京豆与你擦肩而过，马上进入精彩内容…
Apr 26 12:50:15 京东账号118337656372_p
Apr 26 12:50:15 领奖完成，共计获得 0 京豆
Apr 26 12:50:15 
Apr 26 12:50:15 
Apr 26 12:50:15 ******开始【京东账号2】jd_MCazEJrLyuXn*********
Apr 26 12:50:15 
Apr 26 12:50:15 任务领奖失败，京豆与你擦肩而过
Apr 26 12:50:15 去做分享直播间任务
Apr 26 12:50:16 任务领奖失败，京豆与你擦肩而过
Apr 26 12:50:16 去做浏览直播间任务
Apr 26 12:50:16 任务领奖失败，京豆与你擦肩而过
Apr 26 12:50:16 任务领奖失败，京豆与你擦肩而过，马上进入精彩内容~
Apr 26 12:50:16 京东账号2jd_MCazEJrLyuXn
Apr 26 12:50:16 领奖完成，共计获得 0 京豆
Apr 26 12:50:16 
Apr 26 12:50:16 
Apr 26 12:50:16 ******开始【京东账号3】鬼神之吕奉先*********
Apr 26 12:50:16 
Apr 26 12:50:17 任务领奖失败，京豆与你擦肩而过
Apr 26 12:50:17 去做分享直播间任务
Apr 26 12:50:17 任务领奖失败，京豆与你擦肩而过
Apr 26 12:50:17 去做浏览直播间任务
Apr 26 12:50:17 任务领奖失败，京豆与你擦肩而过
Apr 26 12:50:17 任务领奖失败，京豆与你擦肩而过，马上进入精彩内容…
Apr 26 12:50:17 京东账号3鬼神之吕奉先
Apr 26 12:50:17 领奖完成，共计获得 0 京豆
Apr 26 12:50:17 
Apr 26 12:50:17 
Apr 26 12:50:17 ******开始【京东账号4】jd_6ba76f15069fd*********
Apr 26 12:50:17 
Apr 26 12:50:18 任务领奖失败，京豆与你擦肩而过
Apr 26 12:50:18 去做分享直播间任务
Apr 26 12:50:18 任务领奖失败，京豆与你擦肩而过
Apr 26 12:50:18 去做浏览直播间任务
Apr 26 12:50:18 任务领奖失败，京豆与你擦肩而过
Apr 26 12:50:18 任务领奖失败，京豆与你擦肩而过，马上进入精彩内容…
Apr 26 12:50:18 京东账号4jd_6ba76f15069fd
Apr 26 12:50:18 领奖完成，共计获得 0 京豆
Apr 26 12:50:18 
Apr 26 12:50:18 
Apr 26 12:50:18 ******开始【京东账号5】jd_46928899fcc30*********
Apr 26 12:50:18 
Apr 26 12:50:19 任务领奖失败，京豆与你擦肩而过
Apr 26 12:50:19 去做分享直播间任务
Apr 26 12:50:19 任务领奖失败，京豆与你擦肩而过
Apr 26 12:50:19 去做浏览直播间任务
Apr 26 12:50:19 任务领奖失败，京豆与你擦肩而过
Apr 26 12:50:19 任务领奖失败，京豆与你擦肩而过，马上进入精彩内容…
Apr 26 12:50:19 京东账号5jd_46928899fcc30
Apr 26 12:50:19 领奖完成，共计获得 0 京豆
Apr 26 12:50:19 
Apr 26 12:50:20 
Apr 26 12:50:20 ******开始【京东账号6】jd_EirxWEerdtmu*********
Apr 26 12:50:20 
Apr 26 12:50:20 任务领奖失败，京豆与你擦肩而过
Apr 26 12:50:20 去做分享直播间任务
Apr 26 12:50:20 任务领奖失败，京豆与你擦肩而过
Apr 26 12:50:20 去做浏览直播间任务
Apr 26 12:50:21 任务领奖失败，京豆与你擦肩而过
Apr 26 12:50:21 任务领奖失败，京豆与你擦肩而过，马上进入精彩内容…
Apr 26 12:50:21 京东账号6jd_EirxWEerdtmu
Apr 26 12:50:21 领奖完成，共计获得 0 京豆
Apr 26 12:50:21 
Apr 26 12:50:21 
Apr 26 12:50:21 🔔京东直播, 结束! 🕛 7.583 秒
Apr 26 12:50:21 
Apr 26 23:31:26 
Apr 26 23:31:26 🔔京东直播, 开始!
Apr 26 23:31:26 
Apr 26 23:31:26 ====================共6个京东账号Cookie=========
Apr 26 23:31:26 
Apr 26 23:31:26 ==================脚本执行- 北京时间(UTC+8)：4/26/2021, 11:31:26 PM=====================
Apr 26 23:31:26 
Apr 26 23:31:27 
Apr 26 23:31:27 ******开始【京东账号1】18337656372_p*********
Apr 26 23:31:27 
Apr 26 23:31:27 任务领奖失败，京豆与你擦肩而过
Apr 26 23:31:27 去做分享直播间任务
Apr 26 23:31:27 任务领奖失败，京豆与你擦肩而过
Apr 26 23:31:27 去做浏览直播间任务
Apr 26 23:31:27 任务领奖失败，京豆与你擦肩而过
Apr 26 23:31:28 任务领奖失败，京豆与你擦肩而过，马上进入精彩内容…
Apr 26 23:31:28 京东账号118337656372_p
Apr 26 23:31:28 领奖完成，共计获得 0 京豆
Apr 26 23:31:28 
Apr 26 23:31:28 
Apr 26 23:31:28 ******开始【京东账号2】jd_MCazEJrLyuXn*********
Apr 26 23:31:28 
Apr 26 23:31:28 任务领奖失败，京豆与你擦肩而过
Apr 26 23:31:28 去做分享直播间任务
Apr 26 23:31:28 任务领奖失败，京豆与你擦肩而过
Apr 26 23:31:28 去做浏览直播间任务
Apr 26 23:31:29 任务领奖失败，京豆与你擦肩而过
Apr 26 23:31:29 任务领奖失败，京豆与你擦肩而过，马上进入精彩内容~
Apr 26 23:31:29 京东账号2jd_MCazEJrLyuXn
Apr 26 23:31:29 领奖完成，共计获得 0 京豆
Apr 26 23:31:29 
Apr 26 23:31:29 
Apr 26 23:31:29 ******开始【京东账号3】鬼神之吕奉先*********
Apr 26 23:31:29 
Apr 26 23:31:29 任务领奖失败，京豆与你擦肩而过
Apr 26 23:31:29 去做分享直播间任务
Apr 26 23:31:30 任务领奖失败，京豆与你擦肩而过
Apr 26 23:31:30 去做浏览直播间任务
Apr 26 23:31:30 任务领奖失败，京豆与你擦肩而过
Apr 26 23:31:30 任务领奖失败，京豆与你擦肩而过，马上进入精彩内容…
Apr 26 23:31:30 京东账号3鬼神之吕奉先
Apr 26 23:31:30 领奖完成，共计获得 0 京豆
Apr 26 23:31:30 
Apr 26 23:31:30 
Apr 26 23:31:30 ******开始【京东账号4】jd_6ba76f15069fd*********
Apr 26 23:31:30 
Apr 26 23:31:31 任务领奖失败，京豆与你擦肩而过
Apr 26 23:31:31 去做分享直播间任务
Apr 26 23:31:31 任务领奖失败，京豆与你擦肩而过
Apr 26 23:31:31 去做浏览直播间任务
Apr 26 23:31:31 任务领奖失败，京豆与你擦肩而过
Apr 26 23:31:31 任务领奖失败，京豆与你擦肩而过，马上进入精彩内容…
Apr 26 23:31:31 京东账号4jd_6ba76f15069fd
Apr 26 23:31:31 领奖完成，共计获得 0 京豆
Apr 26 23:31:31 
Apr 26 23:31:31 
Apr 26 23:31:31 ******开始【京东账号5】jd_46928899fcc30*********
Apr 26 23:31:31 
Apr 26 23:31:32 任务领奖失败，京豆与你擦肩而过
Apr 26 23:31:32 去做分享直播间任务
Apr 26 23:31:32 任务领奖失败，京豆与你擦肩而过
Apr 26 23:31:32 去做浏览直播间任务
Apr 26 23:31:32 任务领奖失败，京豆与你擦肩而过
Apr 26 23:31:32 任务领奖失败，京豆与你擦肩而过，马上进入精彩内容…
Apr 26 23:31:32 京东账号5jd_46928899fcc30
Apr 26 23:31:32 领奖完成，共计获得 0 京豆
Apr 26 23:31:32 
Apr 26 23:31:32 
Apr 26 23:31:32 ******开始【京东账号6】jd_EirxWEerdtmu*********
Apr 26 23:31:32 
Apr 26 23:31:33 任务领奖失败，京豆与你擦肩而过
Apr 26 23:31:33 去做分享直播间任务
Apr 26 23:31:33 任务领奖失败，京豆与你擦肩而过
Apr 26 23:31:33 去做浏览直播间任务
Apr 26 23:31:33 任务领奖失败，京豆与你擦肩而过
Apr 26 23:31:33 任务领奖失败，京豆与你擦肩而过，马上进入精彩内容…
Apr 26 23:31:33 京东账号6jd_EirxWEerdtmu
Apr 26 23:31:33 领奖完成，共计获得 0 京豆
Apr 26 23:31:33 
Apr 26 23:31:33 
Apr 26 23:31:33 🔔京东直播, 结束! 🕛 7.244 秒
Apr 26 23:31:33 
Apr 26 23:36:57 
Apr 26 23:36:57 🔔京东直播, 开始!
Apr 26 23:36:57 
Apr 26 23:36:57 ====================共6个京东账号Cookie=========
Apr 26 23:36:57 
Apr 26 23:36:57 ==================脚本执行- 北京时间(UTC+8)：4/26/2021, 11:36:57 PM=====================
Apr 26 23:36:57 
Apr 26 23:36:58 
Apr 26 23:36:58 ******开始【京东账号1】18337656372_p*********
Apr 26 23:36:58 
Apr 26 23:36:58 任务领奖失败，京豆与你擦肩而过
Apr 26 23:36:58 去做分享直播间任务
Apr 26 23:36:58 任务领奖失败，京豆与你擦肩而过
Apr 26 23:36:58 去做浏览直播间任务
Apr 26 23:36:59 任务领奖失败，京豆与你擦肩而过
Apr 26 23:36:59 任务领奖失败，京豆与你擦肩而过，马上进入精彩内容…
Apr 26 23:36:59 京东账号118337656372_p
Apr 26 23:36:59 领奖完成，共计获得 0 京豆
Apr 26 23:36:59 
Apr 26 23:36:59 
Apr 26 23:36:59 ******开始【京东账号2】jd_MCazEJrLyuXn*********
Apr 26 23:36:59 
Apr 26 23:36:59 任务领奖失败，京豆与你擦肩而过
Apr 26 23:36:59 去做分享直播间任务
Apr 26 23:36:59 任务领奖失败，京豆与你擦肩而过
Apr 26 23:36:59 去做浏览直播间任务
Apr 26 23:37:00 任务领奖失败，京豆与你擦肩而过
Apr 26 23:37:00 任务领奖失败，京豆与你擦肩而过，马上进入精彩内容~
Apr 26 23:37:00 京东账号2jd_MCazEJrLyuXn
Apr 26 23:37:00 领奖完成，共计获得 0 京豆
Apr 26 23:37:00 
Apr 26 23:37:00 
Apr 26 23:37:00 ******开始【京东账号3】鬼神之吕奉先*********
Apr 26 23:37:00 
Apr 26 23:37:00 任务领奖失败，京豆与你擦肩而过
Apr 26 23:37:00 去做分享直播间任务
Apr 26 23:37:01 任务领奖失败，京豆与你擦肩而过
Apr 26 23:37:01 去做浏览直播间任务
Apr 26 23:37:01 任务领奖失败，京豆与你擦肩而过
Apr 26 23:37:01 任务领奖失败，京豆与你擦肩而过，马上进入精彩内容…
Apr 26 23:37:01 京东账号3鬼神之吕奉先
Apr 26 23:37:01 领奖完成，共计获得 0 京豆
Apr 26 23:37:01 
Apr 26 23:37:01 
Apr 26 23:37:01 ******开始【京东账号4】jd_6ba76f15069fd*********
Apr 26 23:37:01 
Apr 26 23:37:02 任务领奖失败，京豆与你擦肩而过
Apr 26 23:37:02 去做分享直播间任务
Apr 26 23:37:02 任务领奖失败，京豆与你擦肩而过
Apr 26 23:37:02 去做浏览直播间任务
Apr 26 23:37:02 任务领奖失败，京豆与你擦肩而过
Apr 26 23:37:02 任务领奖失败，京豆与你擦肩而过，马上进入精彩内容…
Apr 26 23:37:02 京东账号4jd_6ba76f15069fd
Apr 26 23:37:02 领奖完成，共计获得 0 京豆
Apr 26 23:37:02 
Apr 26 23:37:02 
Apr 26 23:37:02 ******开始【京东账号5】jd_46928899fcc30*********
Apr 26 23:37:02 
Apr 26 23:37:03 任务领奖失败，京豆与你擦肩而过
Apr 26 23:37:03 去做分享直播间任务
Apr 26 23:37:03 任务领奖失败，京豆与你擦肩而过
Apr 26 23:37:03 去做浏览直播间任务
Apr 26 23:37:03 任务领奖失败，京豆与你擦肩而过
Apr 26 23:37:03 任务领奖失败，京豆与你擦肩而过，马上进入精彩内容…
Apr 26 23:37:03 京东账号5jd_46928899fcc30
Apr 26 23:37:03 领奖完成，共计获得 0 京豆
Apr 26 23:37:03 
Apr 26 23:37:03 
Apr 26 23:37:03 ******开始【京东账号6】jd_EirxWEerdtmu*********
Apr 26 23:37:03 
Apr 26 23:37:04 任务领奖失败，京豆与你擦肩而过
Apr 26 23:37:04 去做分享直播间任务
Apr 26 23:37:04 任务领奖失败，京豆与你擦肩而过
Apr 26 23:37:04 去做浏览直播间任务
Apr 26 23:37:04 任务领奖失败，京豆与你擦肩而过
Apr 26 23:37:04 任务领奖失败，京豆与你擦肩而过，马上进入精彩内容…
Apr 26 23:37:04 京东账号6jd_EirxWEerdtmu
Apr 26 23:37:04 领奖完成，共计获得 0 京豆
Apr 26 23:37:04 
Apr 26 23:37:04 
Apr 26 23:37:04 🔔京东直播, 结束! 🕛 7.201 秒
Apr 26 23:37:04 
Apr 26 23:40:35 
Apr 26 23:40:35 🔔京东直播, 开始!
Apr 26 23:40:35 
Apr 26 23:40:35 ====================共6个京东账号Cookie=========
Apr 26 23:40:35 
Apr 26 23:40:35 ==================脚本执行- 北京时间(UTC+8)：4/26/2021, 11:40:35 PM=====================
Apr 26 23:40:35 
Apr 26 23:40:36 
Apr 26 23:40:36 ******开始【京东账号1】18337656372_p*********
Apr 26 23:40:36 
Apr 26 23:40:36 任务领奖失败，京豆与你擦肩而过
Apr 26 23:40:36 去做分享直播间任务
Apr 26 23:40:36 任务领奖失败，京豆与你擦肩而过
Apr 26 23:40:36 去做浏览直播间任务
Apr 26 23:40:37 任务领奖失败，京豆与你擦肩而过
Apr 26 23:40:37 任务领奖失败，京豆与你擦肩而过，马上进入精彩内容…
Apr 26 23:40:37 京东账号118337656372_p
Apr 26 23:40:37 领奖完成，共计获得 0 京豆
Apr 26 23:40:37 
Apr 26 23:40:37 
Apr 26 23:40:37 ******开始【京东账号2】jd_MCazEJrLyuXn*********
Apr 26 23:40:37 
Apr 26 23:40:37 任务领奖失败，京豆与你擦肩而过
Apr 26 23:40:37 去做分享直播间任务
Apr 26 23:40:38 任务领奖失败，京豆与你擦肩而过
Apr 26 23:40:38 去做浏览直播间任务
Apr 26 23:40:38 任务领奖失败，京豆与你擦肩而过
Apr 26 23:40:38 任务领奖失败，京豆与你擦肩而过，马上进入精彩内容~
Apr 26 23:40:38 京东账号2jd_MCazEJrLyuXn
Apr 26 23:40:38 领奖完成，共计获得 0 京豆
Apr 26 23:40:38 
Apr 26 23:40:38 
Apr 26 23:40:38 ******开始【京东账号3】鬼神之吕奉先*********
Apr 26 23:40:38 
Apr 26 23:40:38 任务领奖失败，京豆与你擦肩而过
Apr 26 23:40:38 去做分享直播间任务
Apr 26 23:40:39 任务领奖失败，京豆与你擦肩而过
Apr 26 23:40:39 去做浏览直播间任务
Apr 26 23:40:39 任务领奖失败，京豆与你擦肩而过
Apr 26 23:40:39 任务领奖失败，京豆与你擦肩而过，马上进入精彩内容…
Apr 26 23:40:39 京东账号3鬼神之吕奉先
Apr 26 23:40:39 领奖完成，共计获得 0 京豆
Apr 26 23:40:39 
Apr 26 23:40:39 
Apr 26 23:40:39 ******开始【京东账号4】jd_6ba76f15069fd*********
Apr 26 23:40:39 
Apr 26 23:40:40 任务领奖失败，京豆与你擦肩而过
Apr 26 23:40:40 去做分享直播间任务
Apr 26 23:40:40 任务领奖失败，京豆与你擦肩而过
Apr 26 23:40:40 去做浏览直播间任务
Apr 26 23:40:40 任务领奖失败，京豆与你擦肩而过
Apr 26 23:40:40 任务领奖失败，京豆与你擦肩而过，马上进入精彩内容…
Apr 26 23:40:40 京东账号4jd_6ba76f15069fd
Apr 26 23:40:40 领奖完成，共计获得 0 京豆
Apr 26 23:40:40 
Apr 26 23:40:40 
Apr 26 23:40:40 ******开始【京东账号5】jd_46928899fcc30*********
Apr 26 23:40:40 
Apr 26 23:40:41 任务领奖失败，京豆与你擦肩而过
Apr 26 23:40:41 去做分享直播间任务
Apr 26 23:40:41 任务领奖失败，京豆与你擦肩而过
Apr 26 23:40:41 去做浏览直播间任务
Apr 26 23:40:41 任务领奖失败，京豆与你擦肩而过
Apr 26 23:40:41 任务领奖失败，京豆与你擦肩而过，马上进入精彩内容…
Apr 26 23:40:41 京东账号5jd_46928899fcc30
Apr 26 23:40:41 领奖完成，共计获得 0 京豆
Apr 26 23:40:41 
Apr 26 23:40:41 
Apr 26 23:40:41 ******开始【京东账号6】jd_EirxWEerdtmu*********
Apr 26 23:40:41 
Apr 26 23:40:42 任务领奖失败，京豆与你擦肩而过
Apr 26 23:40:42 去做分享直播间任务
Apr 26 23:40:42 任务领奖失败，京豆与你擦肩而过
Apr 26 23:40:42 去做浏览直播间任务
Apr 26 23:40:42 任务领奖失败，京豆与你擦肩而过
Apr 26 23:40:42 任务领奖失败，京豆与你擦肩而过，马上进入精彩内容…
Apr 26 23:40:42 京东账号6jd_EirxWEerdtmu
Apr 26 23:40:42 领奖完成，共计获得 0 京豆
Apr 26 23:40:42 
Apr 26 23:40:42 
Apr 26 23:40:42 🔔京东直播, 结束! 🕛 7.205 秒
Apr 26 23:40:42 
Apr 26 23:46:36 
Apr 26 23:46:36 🔔京东直播, 开始!
Apr 26 23:46:36 
Apr 26 23:46:36 ====================共6个京东账号Cookie=========
Apr 26 23:46:36 
Apr 26 23:46:36 ==================脚本执行- 北京时间(UTC+8)：4/26/2021, 11:46:36 PM=====================
Apr 26 23:46:36 
Apr 26 23:46:37 
Apr 26 23:46:37 ******开始【京东账号1】18337656372_p*********
Apr 26 23:46:37 
Apr 26 23:46:37 任务领奖失败，京豆与你擦肩而过
Apr 26 23:46:37 去做分享直播间任务
Apr 26 23:46:37 任务领奖失败，京豆与你擦肩而过
Apr 26 23:46:37 去做浏览直播间任务
Apr 26 23:46:38 任务领奖失败，京豆与你擦肩而过
Apr 26 23:46:38 任务领奖失败，京豆与你擦肩而过，马上进入精彩内容…
Apr 26 23:46:38 京东账号118337656372_p
Apr 26 23:46:38 领奖完成，共计获得 0 京豆
Apr 26 23:46:38 
Apr 26 23:46:38 
Apr 26 23:46:38 ******开始【京东账号2】jd_MCazEJrLyuXn*********
Apr 26 23:46:38 
Apr 26 23:46:38 任务领奖失败，京豆与你擦肩而过
Apr 26 23:46:38 去做分享直播间任务
Apr 26 23:46:39 任务领奖失败，京豆与你擦肩而过
Apr 26 23:46:39 去做浏览直播间任务
Apr 26 23:46:39 任务领奖失败，京豆与你擦肩而过
Apr 26 23:46:39 任务领奖失败，京豆与你擦肩而过，马上进入精彩内容~
Apr 26 23:46:39 京东账号2jd_MCazEJrLyuXn
Apr 26 23:46:39 领奖完成，共计获得 0 京豆
Apr 26 23:46:39 
Apr 26 23:46:39 
Apr 26 23:46:39 ******开始【京东账号3】鬼神之吕奉先*********
Apr 26 23:46:39 
Apr 26 23:46:40 任务领奖失败，京豆与你擦肩而过
Apr 26 23:46:40 去做分享直播间任务
Apr 26 23:46:40 任务领奖失败，京豆与你擦肩而过
Apr 26 23:46:40 去做浏览直播间任务
Apr 26 23:46:40 任务领奖失败，京豆与你擦肩而过
Apr 26 23:46:40 任务领奖失败，京豆与你擦肩而过，马上进入精彩内容…
Apr 26 23:46:40 京东账号3鬼神之吕奉先
Apr 26 23:46:40 领奖完成，共计获得 0 京豆
Apr 26 23:46:40 
Apr 26 23:46:40 
Apr 26 23:46:40 ******开始【京东账号4】jd_6ba76f15069fd*********
Apr 26 23:46:40 
Apr 26 23:46:41 任务领奖失败，京豆与你擦肩而过
Apr 26 23:46:41 去做分享直播间任务
Apr 26 23:46:41 任务领奖失败，京豆与你擦肩而过
Apr 26 23:46:41 去做浏览直播间任务
Apr 26 23:46:41 任务领奖失败，京豆与你擦肩而过
Apr 26 23:46:41 任务领奖失败，京豆与你擦肩而过，马上进入精彩内容…
Apr 26 23:46:41 京东账号4jd_6ba76f15069fd
Apr 26 23:46:41 领奖完成，共计获得 0 京豆
Apr 26 23:46:41 
Apr 26 23:46:41 
Apr 26 23:46:41 ******开始【京东账号5】jd_46928899fcc30*********
Apr 26 23:46:41 
Apr 26 23:46:42 任务领奖失败，京豆与你擦肩而过
Apr 26 23:46:42 去做分享直播间任务
Apr 26 23:46:42 任务领奖失败，京豆与你擦肩而过
Apr 26 23:46:42 去做浏览直播间任务
Apr 26 23:46:42 任务领奖失败，京豆与你擦肩而过
Apr 26 23:46:42 任务领奖失败，京豆与你擦肩而过，马上进入精彩内容…
Apr 26 23:46:42 京东账号5jd_46928899fcc30
Apr 26 23:46:42 领奖完成，共计获得 0 京豆
Apr 26 23:46:42 
Apr 26 23:46:43 
Apr 26 23:46:43 ******开始【京东账号6】jd_EirxWEerdtmu*********
Apr 26 23:46:43 
Apr 26 23:46:43 任务领奖失败，京豆与你擦肩而过
Apr 26 23:46:43 去做分享直播间任务
Apr 26 23:46:43 任务领奖失败，京豆与你擦肩而过
Apr 26 23:46:43 去做浏览直播间任务
Apr 26 23:46:43 任务领奖失败，京豆与你擦肩而过
Apr 26 23:46:44 任务领奖失败，京豆与你擦肩而过，马上进入精彩内容…
Apr 26 23:46:44 京东账号6jd_EirxWEerdtmu
Apr 26 23:46:44 领奖完成，共计获得 0 京豆
Apr 26 23:46:44 
Apr 26 23:46:44 
Apr 26 23:46:44 🔔京东直播, 结束! 🕛 7.285 秒
Apr 26 23:46:44 
Apr 26 23:50:03 
Apr 26 23:50:03 🔔京东直播, 开始!
Apr 26 23:50:03 
Apr 26 23:50:03 ====================共6个京东账号Cookie=========
Apr 26 23:50:03 
Apr 26 23:50:03 ==================脚本执行- 北京时间(UTC+8)：4/26/2021, 11:50:03 PM=====================
Apr 26 23:50:03 
Apr 26 23:50:04 
Apr 26 23:50:04 ******开始【京东账号1】18337656372_p*********
Apr 26 23:50:04 
Apr 26 23:50:04 任务领奖失败，京豆与你擦肩而过
Apr 26 23:50:04 去做分享直播间任务
Apr 26 23:50:04 任务领奖失败，京豆与你擦肩而过
Apr 26 23:50:04 去做浏览直播间任务
Apr 26 23:50:05 任务领奖失败，京豆与你擦肩而过
Apr 26 23:50:05 任务领奖失败，京豆与你擦肩而过，马上进入精彩内容…
Apr 26 23:50:05 京东账号118337656372_p
Apr 26 23:50:05 领奖完成，共计获得 0 京豆
Apr 26 23:50:05 
Apr 26 23:50:05 
Apr 26 23:50:05 ******开始【京东账号2】jd_MCazEJrLyuXn*********
Apr 26 23:50:05 
Apr 26 23:50:05 任务领奖失败，京豆与你擦肩而过
Apr 26 23:50:05 去做分享直播间任务
Apr 26 23:50:06 任务领奖失败，京豆与你擦肩而过
Apr 26 23:50:06 去做浏览直播间任务
Apr 26 23:50:06 任务领奖失败，京豆与你擦肩而过
Apr 26 23:50:06 任务领奖失败，京豆与你擦肩而过，马上进入精彩内容~
Apr 26 23:50:06 京东账号2jd_MCazEJrLyuXn
Apr 26 23:50:06 领奖完成，共计获得 0 京豆
Apr 26 23:50:06 
Apr 26 23:50:06 
Apr 26 23:50:06 ******开始【京东账号3】鬼神之吕奉先*********
Apr 26 23:50:06 
Apr 26 23:50:06 任务领奖失败，京豆与你擦肩而过
Apr 26 23:50:06 去做分享直播间任务
Apr 26 23:50:07 任务领奖失败，京豆与你擦肩而过
Apr 26 23:50:07 去做浏览直播间任务
Apr 26 23:50:07 任务领奖失败，京豆与你擦肩而过
Apr 26 23:50:07 任务领奖失败，京豆与你擦肩而过，马上进入精彩内容…
Apr 26 23:50:07 京东账号3鬼神之吕奉先
Apr 26 23:50:07 领奖完成，共计获得 0 京豆
Apr 26 23:50:07 
Apr 26 23:50:07 
Apr 26 23:50:07 ******开始【京东账号4】jd_6ba76f15069fd*********
Apr 26 23:50:07 
Apr 26 23:50:08 任务领奖失败，京豆与你擦肩而过
Apr 26 23:50:08 去做分享直播间任务
Apr 26 23:50:08 任务领奖失败，京豆与你擦肩而过
Apr 26 23:50:08 去做浏览直播间任务
Apr 26 23:50:08 任务领奖失败，京豆与你擦肩而过
Apr 26 23:50:08 任务领奖失败，京豆与你擦肩而过，马上进入精彩内容…
Apr 26 23:50:08 京东账号4jd_6ba76f15069fd
Apr 26 23:50:08 领奖完成，共计获得 0 京豆
Apr 26 23:50:08 
Apr 26 23:50:08 
Apr 26 23:50:08 ******开始【京东账号5】jd_46928899fcc30*********
Apr 26 23:50:08 
Apr 26 23:50:09 任务领奖失败，京豆与你擦肩而过
Apr 26 23:50:09 去做分享直播间任务
Apr 26 23:50:09 任务领奖失败，京豆与你擦肩而过
Apr 26 23:50:09 去做浏览直播间任务
Apr 26 23:50:09 任务领奖失败，京豆与你擦肩而过
Apr 26 23:50:09 任务领奖失败，京豆与你擦肩而过，马上进入精彩内容…
Apr 26 23:50:09 京东账号5jd_46928899fcc30
Apr 26 23:50:09 领奖完成，共计获得 0 京豆
Apr 26 23:50:09 
Apr 26 23:50:09 
Apr 26 23:50:09 ******开始【京东账号6】jd_EirxWEerdtmu*********
Apr 26 23:50:09 
Apr 26 23:50:10 任务领奖失败，京豆与你擦肩而过
Apr 26 23:50:10 去做分享直播间任务
Apr 26 23:50:10 任务领奖失败，京豆与你擦肩而过
Apr 26 23:50:10 去做浏览直播间任务
Apr 26 23:50:10 任务领奖失败，京豆与你擦肩而过
Apr 26 23:50:11 任务领奖失败，京豆与你擦肩而过，马上进入精彩内容…
Apr 26 23:50:11 京东账号6jd_EirxWEerdtmu
Apr 26 23:50:11 领奖完成，共计获得 0 京豆
Apr 26 23:50:11 
Apr 26 23:50:11 
Apr 26 23:50:11 🔔京东直播, 结束! 🕛 7.247 秒
Apr 26 23:50:11 
May 20 12:30:00 
May 20 12:30:00 🔔京东直播, 开始!
May 20 12:30:00 
May 20 12:30:00 ====================共6个京东账号Cookie=========
May 20 12:30:00 
May 20 12:30:00 ==================脚本执行- 北京时间(UTC+8)：5/20/2021, 12:30:00 PM=====================
May 20 12:30:00 
May 20 12:30:01 
May 20 12:30:01 ******开始【京东账号1】18337656372_p*********
May 20 12:30:01 
May 20 12:30:02 任务领奖失败，京豆与你擦肩而过
May 20 12:30:02 去做分享直播间任务
May 20 12:30:02 任务领奖成功，获得 1 京豆
May 20 12:30:02 去做浏览直播间任务
May 20 12:30:02 任务领奖成功，获得 1 京豆
May 20 12:30:03 签到领奖成功，获得 1 京豆
May 20 12:30:03 京东账号118337656372_p
May 20 12:30:03 任务领奖成功，获得 1 京豆
May 20 12:30:03 任务领奖成功，获得 1 京豆
May 20 12:30:03 任务领奖成功，获得 1 京豆
May 20 12:30:03 领奖完成，共计获得 3 京豆
May 20 12:30:03 
May 20 12:30:03 
May 20 12:30:03 ******开始【京东账号2】jd_MCazEJrLyuXn*********
May 20 12:30:03 
May 20 12:30:03 任务领奖失败，京豆与你擦肩而过
May 20 12:30:03 去做分享直播间任务
May 20 12:30:03 任务领奖成功，获得 1 京豆
May 20 12:30:03 去做浏览直播间任务
May 20 12:30:04 任务领奖成功，获得 1 京豆
May 20 12:30:04 签到领奖成功，获得 1 京豆
May 20 12:30:04 京东账号2jd_MCazEJrLyuXn
May 20 12:30:04 任务领奖成功，获得 1 京豆
May 20 12:30:04 任务领奖成功，获得 1 京豆
May 20 12:30:04 任务领奖成功，获得 1 京豆
May 20 12:30:04 领奖完成，共计获得 3 京豆
May 20 12:30:04 
May 20 12:30:04 
May 20 12:30:04 ******开始【京东账号3】鬼神之吕奉先*********
May 20 12:30:04 
May 20 12:30:04 任务领奖失败，京豆与你擦肩而过
May 20 12:30:04 去做分享直播间任务
May 20 12:30:05 任务领奖成功，获得 1 京豆
May 20 12:30:05 去做浏览直播间任务
May 20 12:30:05 任务领奖成功，获得 1 京豆
May 20 12:30:05 签到领奖成功，获得 1 京豆
May 20 12:30:05 京东账号3鬼神之吕奉先
May 20 12:30:05 任务领奖成功，获得 1 京豆
May 20 12:30:05 任务领奖成功，获得 1 京豆
May 20 12:30:05 任务领奖成功，获得 1 京豆
May 20 12:30:05 领奖完成，共计获得 3 京豆
May 20 12:30:05 
May 20 12:30:05 
May 20 12:30:05 ******开始【京东账号4】jd_6ba76f15069fd*********
May 20 12:30:05 
May 20 12:30:06 任务领奖失败，京豆与你擦肩而过
May 20 12:30:06 去做分享直播间任务
May 20 12:30:06 任务领奖成功，获得 1 京豆
May 20 12:30:06 去做浏览直播间任务
May 20 12:30:06 任务领奖成功，获得 1 京豆
May 20 12:30:06 签到领奖成功，获得 1 京豆
May 20 12:30:06 京东账号4jd_6ba76f15069fd
May 20 12:30:06 任务领奖成功，获得 1 京豆
May 20 12:30:06 任务领奖成功，获得 1 京豆
May 20 12:30:06 任务领奖成功，获得 1 京豆
May 20 12:30:06 领奖完成，共计获得 3 京豆
May 20 12:30:06 
May 20 12:30:06 
May 20 12:30:06 ******开始【京东账号5】jd_46928899fcc30*********
May 20 12:30:06 
May 20 12:30:07 任务领奖失败，京豆与你擦肩而过
May 20 12:30:07 去做分享直播间任务
May 20 12:30:07 任务领奖失败，京豆与你擦肩而过，看看其他活动吧~
May 20 12:30:07 去做浏览直播间任务
May 20 12:30:07 任务领奖失败，京豆与你擦肩而过，看看其他活动吧~
May 20 12:30:07 任务领奖失败，京豆与你擦肩而过，马上进入精彩内容~
May 20 12:30:07 京东账号5jd_46928899fcc30
May 20 12:30:07 领奖完成，共计获得 0 京豆
May 20 12:30:07 
May 20 12:30:08 
May 20 12:30:08 ******开始【京东账号6】jd_EirxWEerdtmu*********
May 20 12:30:08 
May 20 12:30:08 任务领奖失败，京豆与你擦肩而过
May 20 12:30:08 去做分享直播间任务
May 20 12:30:08 任务领奖成功，获得 1 京豆
May 20 12:30:08 去做浏览直播间任务
May 20 12:30:09 任务领奖成功，获得 1 京豆
May 20 12:30:09 签到领奖成功，获得 1 京豆
May 20 12:30:09 京东账号6jd_EirxWEerdtmu
May 20 12:30:09 任务领奖成功，获得 1 京豆
May 20 12:30:09 任务领奖成功，获得 1 京豆
May 20 12:30:09 任务领奖成功，获得 1 京豆
May 20 12:30:09 领奖完成，共计获得 3 京豆
May 20 12:30:09 
May 20 12:30:09 
May 20 12:30:09 🔔京东直播, 结束! 🕛 8.479 秒
May 20 12:30:09 
May 20 12:35:00 
May 20 12:35:00 🔔京东直播, 开始!
May 20 12:35:00 
May 20 12:35:00 ====================共6个京东账号Cookie=========
May 20 12:35:00 
May 20 12:35:00 ==================脚本执行- 北京时间(UTC+8)：5/20/2021, 12:35:00 PM=====================
May 20 12:35:00 
May 20 12:35:01 
May 20 12:35:01 ******开始【京东账号1】18337656372_p*********
May 20 12:35:01 
May 20 12:35:02 任务领奖失败，京豆与你擦肩而过
May 20 12:35:02 去做分享直播间任务
May 20 12:35:02 任务领奖成功，获得 1 京豆
May 20 12:35:02 去做浏览直播间任务
May 20 12:35:02 任务领奖成功，获得 1 京豆
May 20 12:35:02 任务领奖失败，京豆与你擦肩而过，马上进入精彩内容…
May 20 12:35:02 京东账号118337656372_p
May 20 12:35:02 任务领奖成功，获得 1 京豆
May 20 12:35:02 任务领奖成功，获得 1 京豆
May 20 12:35:02 领奖完成，共计获得 2 京豆
May 20 12:35:02 
May 20 12:35:02 
May 20 12:35:02 ******开始【京东账号2】jd_MCazEJrLyuXn*********
May 20 12:35:02 
May 20 12:35:03 任务领奖失败，京豆与你擦肩而过
May 20 12:35:03 去做分享直播间任务
May 20 12:35:03 任务领奖成功，获得 1 京豆
May 20 12:35:03 去做浏览直播间任务
May 20 12:35:03 任务领奖成功，获得 1 京豆
May 20 12:35:03 任务领奖失败，京豆与你擦肩而过，马上进入精彩内容…
May 20 12:35:03 京东账号2jd_MCazEJrLyuXn
May 20 12:35:03 任务领奖成功，获得 1 京豆
May 20 12:35:03 任务领奖成功，获得 1 京豆
May 20 12:35:03 领奖完成，共计获得 2 京豆
May 20 12:35:03 
May 20 12:35:04 
May 20 12:35:04 ******开始【京东账号3】鬼神之吕奉先*********
May 20 12:35:04 
May 20 12:35:04 任务领奖失败，京豆与你擦肩而过
May 20 12:35:04 去做分享直播间任务
May 20 12:35:04 任务领奖成功，获得 1 京豆
May 20 12:35:04 去做浏览直播间任务
May 20 12:35:05 任务领奖成功，获得 1 京豆
May 20 12:35:05 任务领奖失败，京豆与你擦肩而过，马上进入精彩内容…
May 20 12:35:05 京东账号3鬼神之吕奉先
May 20 12:35:05 任务领奖成功，获得 1 京豆
May 20 12:35:05 任务领奖成功，获得 1 京豆
May 20 12:35:05 领奖完成，共计获得 2 京豆
May 20 12:35:05 
May 20 12:35:05 
May 20 12:35:05 ******开始【京东账号4】jd_6ba76f15069fd*********
May 20 12:35:05 
May 20 12:35:05 任务领奖失败，京豆与你擦肩而过
May 20 12:35:05 去做分享直播间任务
May 20 12:35:06 任务领奖成功，获得 1 京豆
May 20 12:35:06 去做浏览直播间任务
May 20 12:35:06 任务领奖成功，获得 1 京豆
May 20 12:35:06 任务领奖失败，京豆与你擦肩而过，马上进入精彩内容…
May 20 12:35:06 京东账号4jd_6ba76f15069fd
May 20 12:35:06 任务领奖成功，获得 1 京豆
May 20 12:35:06 任务领奖成功，获得 1 京豆
May 20 12:35:06 领奖完成，共计获得 2 京豆
May 20 12:35:06 
May 20 12:35:06 
May 20 12:35:06 ******开始【京东账号5】jd_46928899fcc30*********
May 20 12:35:06 
May 20 12:35:07 任务领奖失败，京豆与你擦肩而过
May 20 12:35:07 去做分享直播间任务
May 20 12:35:07 任务领奖失败，京豆与你擦肩而过，看看其他活动吧~
May 20 12:35:07 去做浏览直播间任务
May 20 12:35:07 任务领奖失败，京豆与你擦肩而过，看看其他活动吧~
May 20 12:35:07 任务领奖失败，京豆与你擦肩而过，马上进入精彩内容~
May 20 12:35:07 京东账号5jd_46928899fcc30
May 20 12:35:07 领奖完成，共计获得 0 京豆
May 20 12:35:07 
May 20 12:35:07 
May 20 12:35:07 ******开始【京东账号6】jd_EirxWEerdtmu*********
May 20 12:35:07 
May 20 12:35:08 任务领奖失败，京豆与你擦肩而过
May 20 12:35:08 去做分享直播间任务
May 20 12:35:08 任务领奖成功，获得 1 京豆
May 20 12:35:08 去做浏览直播间任务
May 20 12:35:08 任务领奖成功，获得 1 京豆
May 20 12:35:08 任务领奖失败，京豆与你擦肩而过，马上进入精彩内容…
May 20 12:35:08 京东账号6jd_EirxWEerdtmu
May 20 12:35:08 任务领奖成功，获得 1 京豆
May 20 12:35:08 任务领奖成功，获得 1 京豆
May 20 12:35:08 领奖完成，共计获得 2 京豆
May 20 12:35:08 
May 20 12:35:08 
May 20 12:35:08 🔔京东直播, 结束! 🕛 8.286 秒
May 20 12:35:08 
May 20 12:40:00 
May 20 12:40:00 🔔京东直播, 开始!
May 20 12:40:00 
May 20 12:40:00 ====================共6个京东账号Cookie=========
May 20 12:40:00 
May 20 12:40:00 ==================脚本执行- 北京时间(UTC+8)：5/20/2021, 12:40:00 PM=====================
May 20 12:40:00 
May 20 12:40:00 
May 20 12:40:00 ******开始【京东账号1】18337656372_p*********
May 20 12:40:00 
May 20 12:40:01 任务领奖失败，京豆与你擦肩而过
May 20 12:40:01 去做分享直播间任务
May 20 12:40:01 任务领奖失败，京豆与你擦肩而过
May 20 12:40:01 去做浏览直播间任务
May 20 12:40:01 任务领奖失败，京豆与你擦肩而过
May 20 12:40:01 任务领奖失败，京豆与你擦肩而过，马上进入精彩内容…
May 20 12:40:01 京东账号118337656372_p
May 20 12:40:01 领奖完成，共计获得 0 京豆
May 20 12:40:01 
May 20 12:40:01 
May 20 12:40:01 ******开始【京东账号2】jd_MCazEJrLyuXn*********
May 20 12:40:01 
May 20 12:40:02 任务领奖失败，京豆与你擦肩而过
May 20 12:40:02 去做分享直播间任务
May 20 12:40:02 任务领奖失败，京豆与你擦肩而过
May 20 12:40:02 去做浏览直播间任务
May 20 12:40:02 任务领奖失败，京豆与你擦肩而过
May 20 12:40:03 任务领奖失败，京豆与你擦肩而过，马上进入精彩内容…
May 20 12:40:03 京东账号2jd_MCazEJrLyuXn
May 20 12:40:03 领奖完成，共计获得 0 京豆
May 20 12:40:03 
May 20 12:40:03 
May 20 12:40:03 ******开始【京东账号3】鬼神之吕奉先*********
May 20 12:40:03 
May 20 12:40:03 任务领奖失败，京豆与你擦肩而过
May 20 12:40:03 去做分享直播间任务
May 20 12:40:03 任务领奖失败，京豆与你擦肩而过
May 20 12:40:03 去做浏览直播间任务
May 20 12:40:04 任务领奖失败，京豆与你擦肩而过
May 20 12:40:04 任务领奖失败，京豆与你擦肩而过，马上进入精彩内容…
May 20 12:40:04 京东账号3鬼神之吕奉先
May 20 12:40:04 领奖完成，共计获得 0 京豆
May 20 12:40:04 
May 20 12:40:04 
May 20 12:40:04 ******开始【京东账号4】jd_6ba76f15069fd*********
May 20 12:40:04 
May 20 12:40:04 任务领奖失败，京豆与你擦肩而过
May 20 12:40:04 去做分享直播间任务
May 20 12:40:04 任务领奖失败，京豆与你擦肩而过
May 20 12:40:04 去做浏览直播间任务
May 20 12:40:05 任务领奖失败，京豆与你擦肩而过
May 20 12:40:05 任务领奖失败，京豆与你擦肩而过，马上进入精彩内容…
May 20 12:40:05 京东账号4jd_6ba76f15069fd
May 20 12:40:05 领奖完成，共计获得 0 京豆
May 20 12:40:05 
May 20 12:40:05 
May 20 12:40:05 ******开始【京东账号5】jd_46928899fcc30*********
May 20 12:40:05 
May 20 12:40:05 任务领奖失败，京豆与你擦肩而过
May 20 12:40:05 去做分享直播间任务
May 20 12:40:06 任务领奖失败，京豆与你擦肩而过
May 20 12:40:06 去做浏览直播间任务
May 20 12:40:06 任务领奖失败，京豆与你擦肩而过
May 20 12:40:06 任务领奖失败，京豆与你擦肩而过，马上进入精彩内容~
May 20 12:40:06 京东账号5jd_46928899fcc30
May 20 12:40:06 领奖完成，共计获得 0 京豆
May 20 12:40:06 
May 20 12:40:06 
May 20 12:40:06 ******开始【京东账号6】jd_EirxWEerdtmu*********
May 20 12:40:06 
May 20 12:40:07 任务领奖失败，京豆与你擦肩而过
May 20 12:40:07 去做分享直播间任务
May 20 12:40:07 任务领奖失败，京豆与你擦肩而过
May 20 12:40:07 去做浏览直播间任务
May 20 12:40:07 任务领奖失败，京豆与你擦肩而过
May 20 12:40:07 任务领奖失败，京豆与你擦肩而过，马上进入精彩内容…
May 20 12:40:07 京东账号6jd_EirxWEerdtmu
May 20 12:40:07 领奖完成，共计获得 0 京豆
May 20 12:40:07 
May 20 12:40:07 
May 20 12:40:07 🔔京东直播, 结束! 🕛 7.076 秒
May 20 12:40:07 
May 20 12:45:00 
May 20 12:45:00 🔔京东直播, 开始!
May 20 12:45:00 
May 20 12:45:00 ====================共6个京东账号Cookie=========
May 20 12:45:00 
May 20 12:45:00 ==================脚本执行- 北京时间(UTC+8)：5/20/2021, 12:45:00 PM=====================
May 20 12:45:00 
May 20 12:45:01 
May 20 12:45:01 ******开始【京东账号1】18337656372_p*********
May 20 12:45:01 
May 20 12:45:02 任务领奖失败，京豆与你擦肩而过
May 20 12:45:02 去做分享直播间任务
May 20 12:45:02 任务领奖失败，京豆与你擦肩而过
May 20 12:45:02 去做浏览直播间任务
May 20 12:45:02 任务领奖失败，京豆与你擦肩而过
May 20 12:45:02 任务领奖失败，京豆与你擦肩而过，马上进入精彩内容…
May 20 12:45:02 京东账号118337656372_p
May 20 12:45:02 领奖完成，共计获得 0 京豆
May 20 12:45:02 
May 20 12:45:03 
May 20 12:45:03 ******开始【京东账号2】jd_MCazEJrLyuXn*********
May 20 12:45:03 
May 20 12:45:03 任务领奖失败，京豆与你擦肩而过
May 20 12:45:03 去做分享直播间任务
May 20 12:45:03 任务领奖失败，京豆与你擦肩而过
May 20 12:45:03 去做浏览直播间任务
May 20 12:45:04 任务领奖失败，京豆与你擦肩而过
May 20 12:45:04 任务领奖失败，京豆与你擦肩而过，马上进入精彩内容…
May 20 12:45:04 京东账号2jd_MCazEJrLyuXn
May 20 12:45:04 领奖完成，共计获得 0 京豆
May 20 12:45:04 
May 20 12:45:04 
May 20 12:45:04 ******开始【京东账号3】鬼神之吕奉先*********
May 20 12:45:04 
May 20 12:45:04 任务领奖失败，京豆与你擦肩而过
May 20 12:45:04 去做分享直播间任务
May 20 12:45:05 任务领奖失败，京豆与你擦肩而过
May 20 12:45:05 去做浏览直播间任务
May 20 12:45:05 任务领奖失败，京豆与你擦肩而过
May 20 12:45:05 任务领奖失败，京豆与你擦肩而过，马上进入精彩内容…
May 20 12:45:05 京东账号3鬼神之吕奉先
May 20 12:45:05 领奖完成，共计获得 0 京豆
May 20 12:45:05 
May 20 12:45:05 
May 20 12:45:05 ******开始【京东账号4】jd_6ba76f15069fd*********
May 20 12:45:05 
May 20 12:45:05 任务领奖失败，京豆与你擦肩而过
May 20 12:45:05 去做分享直播间任务
May 20 12:45:06 任务领奖失败，京豆与你擦肩而过
May 20 12:45:06 去做浏览直播间任务
May 20 12:45:06 任务领奖失败，京豆与你擦肩而过
May 20 12:45:06 任务领奖失败，京豆与你擦肩而过，马上进入精彩内容…
May 20 12:45:06 京东账号4jd_6ba76f15069fd
May 20 12:45:06 领奖完成，共计获得 0 京豆
May 20 12:45:06 
May 20 12:45:06 
May 20 12:45:06 ******开始【京东账号5】jd_46928899fcc30*********
May 20 12:45:06 
May 20 12:45:07 任务领奖失败，京豆与你擦肩而过
May 20 12:45:07 去做分享直播间任务
May 20 12:45:07 任务领奖失败，京豆与你擦肩而过
May 20 12:45:07 去做浏览直播间任务
May 20 12:45:07 任务领奖失败，京豆与你擦肩而过
May 20 12:45:07 任务领奖失败，京豆与你擦肩而过，马上进入精彩内容~
May 20 12:45:07 京东账号5jd_46928899fcc30
May 20 12:45:07 领奖完成，共计获得 0 京豆
May 20 12:45:07 
May 20 12:45:07 
May 20 12:45:07 ******开始【京东账号6】jd_EirxWEerdtmu*********
May 20 12:45:07 
May 20 12:45:08 任务领奖失败，京豆与你擦肩而过
May 20 12:45:08 去做分享直播间任务
May 20 12:45:08 任务领奖失败，京豆与你擦肩而过
May 20 12:45:08 去做浏览直播间任务
May 20 12:45:08 任务领奖失败，京豆与你擦肩而过
May 20 12:45:08 任务领奖失败，京豆与你擦肩而过，马上进入精彩内容…
May 20 12:45:08 京东账号6jd_EirxWEerdtmu
May 20 12:45:08 领奖完成，共计获得 0 京豆
May 20 12:45:08 
May 20 12:45:08 
May 20 12:45:08 🔔京东直播, 结束! 🕛 7.937 秒
May 20 12:45:08 
May 20 12:50:00 
May 20 12:50:00 🔔京东直播, 开始!
May 20 12:50:00 
May 20 12:50:00 ====================共6个京东账号Cookie=========
May 20 12:50:00 
May 20 12:50:00 ==================脚本执行- 北京时间(UTC+8)：5/20/2021, 12:50:00 PM=====================
May 20 12:50:00 
May 20 12:50:01 
May 20 12:50:01 ******开始【京东账号1】18337656372_p*********
May 20 12:50:01 
May 20 12:50:02 任务领奖失败，京豆与你擦肩而过
May 20 12:50:02 去做分享直播间任务
May 20 12:50:02 任务领奖失败，京豆与你擦肩而过
May 20 12:50:02 去做浏览直播间任务
May 20 12:50:02 任务领奖失败，京豆与你擦肩而过
May 20 12:50:02 任务领奖失败，京豆与你擦肩而过，马上进入精彩内容…
May 20 12:50:02 京东账号118337656372_p
May 20 12:50:02 领奖完成，共计获得 0 京豆
May 20 12:50:02 
May 20 12:50:02 
May 20 12:50:02 ******开始【京东账号2】jd_MCazEJrLyuXn*********
May 20 12:50:02 
May 20 12:50:03 任务领奖失败，京豆与你擦肩而过
May 20 12:50:03 去做分享直播间任务
May 20 12:50:03 任务领奖失败，京豆与你擦肩而过
May 20 12:50:03 去做浏览直播间任务
May 20 12:50:03 任务领奖失败，京豆与你擦肩而过
May 20 12:50:03 任务领奖失败，京豆与你擦肩而过，马上进入精彩内容…
May 20 12:50:03 京东账号2jd_MCazEJrLyuXn
May 20 12:50:03 领奖完成，共计获得 0 京豆
May 20 12:50:03 
May 20 12:50:03 
May 20 12:50:03 ******开始【京东账号3】鬼神之吕奉先*********
May 20 12:50:03 
May 20 12:50:04 任务领奖失败，京豆与你擦肩而过
May 20 12:50:04 去做分享直播间任务
May 20 12:50:04 任务领奖失败，京豆与你擦肩而过
May 20 12:50:04 去做浏览直播间任务
May 20 12:50:04 任务领奖失败，京豆与你擦肩而过
May 20 12:50:04 任务领奖失败，京豆与你擦肩而过，马上进入精彩内容…
May 20 12:50:04 京东账号3鬼神之吕奉先
May 20 12:50:04 领奖完成，共计获得 0 京豆
May 20 12:50:04 
May 20 12:50:04 
May 20 12:50:04 ******开始【京东账号4】jd_6ba76f15069fd*********
May 20 12:50:04 
May 20 12:50:05 任务领奖失败，京豆与你擦肩而过
May 20 12:50:05 去做分享直播间任务
May 20 12:50:05 任务领奖失败，京豆与你擦肩而过
May 20 12:50:05 去做浏览直播间任务
May 20 12:50:05 任务领奖失败，京豆与你擦肩而过
May 20 12:50:05 任务领奖失败，京豆与你擦肩而过，马上进入精彩内容…
May 20 12:50:05 京东账号4jd_6ba76f15069fd
May 20 12:50:05 领奖完成，共计获得 0 京豆
May 20 12:50:05 
May 20 12:50:06 
May 20 12:50:06 ******开始【京东账号5】jd_46928899fcc30*********
May 20 12:50:06 
May 20 12:50:06 任务领奖失败，京豆与你擦肩而过
May 20 12:50:06 去做分享直播间任务
May 20 12:50:06 任务领奖失败，京豆与你擦肩而过
May 20 12:50:06 去做浏览直播间任务
May 20 12:50:07 任务领奖失败，京豆与你擦肩而过
May 20 12:50:07 任务领奖失败，京豆与你擦肩而过，马上进入精彩内容~
May 20 12:50:07 京东账号5jd_46928899fcc30
May 20 12:50:07 领奖完成，共计获得 0 京豆
May 20 12:50:07 
May 20 12:50:07 
May 20 12:50:07 ******开始【京东账号6】jd_EirxWEerdtmu*********
May 20 12:50:07 
May 20 12:50:07 任务领奖失败，京豆与你擦肩而过
May 20 12:50:07 去做分享直播间任务
May 20 12:50:07 任务领奖失败，京豆与你擦肩而过
May 20 12:50:07 去做浏览直播间任务
May 20 12:50:08 任务领奖失败，京豆与你擦肩而过
May 20 12:50:08 任务领奖失败，京豆与你擦肩而过，马上进入精彩内容…
May 20 12:50:08 京东账号6jd_EirxWEerdtmu
May 20 12:50:08 领奖完成，共计获得 0 京豆
May 20 12:50:08 
May 20 12:50:08 
May 20 12:50:08 🔔京东直播, 结束! 🕛 7.723 秒
May 20 12:50:08 
