Apr 25 06:10:43 
Apr 25 06:10:43 🔔京东秒秒币, 开始!
Apr 25 06:10:43 
Apr 25 06:10:43 ====================共6个京东账号Cookie=========
Apr 25 06:10:43 
Apr 25 06:10:43 ==================脚本执行- 北京时间(UTC+8)：4/25/2021, 6:10:43 AM=====================
Apr 25 06:10:43 
Apr 25 06:10:43 
Apr 25 06:10:43 ******开始【京东账号1】18337656372_p*********
Apr 25 06:10:43 
Apr 25 06:10:44 活动名称：秒杀红包二期正式
Apr 25 06:10:44 当前秒秒币6690
Apr 25 06:10:44 去做浏览秒杀优选店铺任务：1/2
Apr 25 06:10:44 任务领取成功
Apr 25 06:11:00 任务完成
Apr 25 06:11:00 去做浏览秒杀优选店铺任务：2/2
Apr 25 06:11:00 任务领取成功
Apr 25 06:11:16 任务完成
Apr 25 06:11:16 去做浏览秒杀超值好物任务：1/2
Apr 25 06:11:16 任务完成
Apr 25 06:11:16 任务已完成
Apr 25 06:11:16 去做浏览秒杀超值好物任务：2/2
Apr 25 06:11:17 任务完成
Apr 25 06:11:17 任务已完成
Apr 25 06:11:17 去做关注秒杀优选店铺任务：1/3
Apr 25 06:11:17 任务完成
Apr 25 06:11:18 去做关注秒杀优选店铺任务：2/3
Apr 25 06:11:18 任务完成
Apr 25 06:11:19 去做关注秒杀优选店铺任务：3/3
Apr 25 06:11:20 任务完成
Apr 25 06:11:21 去做浏览今日必拼活动任务：1/1
Apr 25 06:11:21 任务领取成功
Apr 25 06:11:36 任务完成
Apr 25 06:11:36 去做京品好物会场任务：1/1
Apr 25 06:11:36 任务领取成功
Apr 25 06:11:52 任务完成
Apr 25 06:11:52 去做分享秒杀领红包活动任务：1/6
Apr 25 06:11:52 success
Apr 25 06:11:53 去做分享秒杀领红包活动任务：2/6
Apr 25 06:11:53 success
Apr 25 06:11:54 去做分享秒杀领红包活动任务：3/6
Apr 25 06:11:54 success
Apr 25 06:11:55 去做分享秒杀领红包活动任务：4/6
Apr 25 06:11:55 success
Apr 25 06:11:56 去做分享秒杀领红包活动任务：5/6
Apr 25 06:11:57 success
Apr 25 06:11:58 去做分享秒杀领红包活动任务：6/6
Apr 25 06:11:58 success
Apr 25 06:11:59 
Apr 25 06:11:59 ==============📣系统通知📣==============
Apr 25 06:11:59 京东秒秒币
Apr 25 06:11:59 京东账号118337656372_p
Apr 25 06:11:59 本次运行获得秒秒币160枚，共6850枚
Apr 25 06:11:59 
Apr 25 06:11:59 ******开始【京东账号2】jd_MCazEJrLyuXn*********
Apr 25 06:11:59 
Apr 25 06:12:00 去做新人引导任务：1/1
Apr 25 06:12:00 风险等级未通过
Apr 25 06:12:01 
Apr 25 06:12:01 ==============📣系统通知📣==============
Apr 25 06:12:01 京东秒秒币
Apr 25 06:12:01 京东账号2jd_MCazEJrLyuXn
Apr 25 06:12:01 本次运行获得秒秒币0枚，共0枚
Apr 25 06:12:01 
Apr 25 06:12:01 ******开始【京东账号3】鬼神之吕奉先*********
Apr 25 06:12:01 
Apr 25 06:12:02 活动名称：秒杀红包二期正式
Apr 25 06:12:02 当前秒秒币4420
Apr 25 06:12:02 去做浏览秒杀优选店铺任务：1/2
Apr 25 06:12:02 任务领取成功
Apr 25 06:12:18 任务完成
Apr 25 06:12:18 去做浏览秒杀优选店铺任务：2/2
Apr 25 06:12:18 任务领取成功
Apr 25 06:12:34 任务完成
Apr 25 06:12:34 去做浏览秒杀超值好物任务：1/2
Apr 25 06:12:34 任务完成
Apr 25 06:12:34 任务已完成
Apr 25 06:12:34 去做浏览秒杀超值好物任务：2/2
Apr 25 06:12:34 任务完成
Apr 25 06:12:35 任务已完成
Apr 25 06:12:35 去做关注秒杀优选店铺任务：1/3
Apr 25 06:12:35 任务完成
Apr 25 06:12:36 去做关注秒杀优选店铺任务：2/3
Apr 25 06:12:36 任务完成
Apr 25 06:12:37 去做关注秒杀优选店铺任务：3/3
Apr 25 06:12:37 任务完成
Apr 25 06:12:38 去做浏览今日必拼活动任务：1/1
Apr 25 06:12:38 任务领取成功
Apr 25 06:12:54 任务完成
Apr 25 06:12:54 去做京品好物会场任务：1/1
Apr 25 06:12:54 任务领取成功
Apr 25 06:13:10 任务完成
Apr 25 06:13:10 去做分享秒杀领红包活动任务：1/6
Apr 25 06:13:10 success
Apr 25 06:13:11 去做分享秒杀领红包活动任务：2/6
Apr 25 06:13:11 success
Apr 25 06:13:12 去做分享秒杀领红包活动任务：3/6
Apr 25 06:13:12 success
Apr 25 06:13:13 去做分享秒杀领红包活动任务：4/6
Apr 25 06:13:13 success
Apr 25 06:13:14 去做分享秒杀领红包活动任务：5/6
Apr 25 06:13:14 success
Apr 25 06:13:15 去做分享秒杀领红包活动任务：6/6
Apr 25 06:13:15 success
Apr 25 06:13:17 
Apr 25 06:13:17 ==============📣系统通知📣==============
Apr 25 06:13:17 京东秒秒币
Apr 25 06:13:17 京东账号3鬼神之吕奉先
Apr 25 06:13:17 本次运行获得秒秒币160枚，共4580枚
Apr 25 06:13:17 
Apr 25 06:13:17 ******开始【京东账号4】jd_6ba76f15069fd*********
Apr 25 06:13:17 
Apr 25 06:13:17 活动名称：秒杀红包二期正式
Apr 25 06:13:18 当前秒秒币820
Apr 25 06:13:18 去做浏览秒杀优选店铺任务：1/2
Apr 25 06:13:18 任务领取成功
Apr 25 06:13:34 任务完成
Apr 25 06:13:34 去做浏览秒杀优选店铺任务：2/2
Apr 25 06:13:34 任务领取成功
Apr 25 06:13:49 任务完成
Apr 25 06:13:49 去做浏览秒杀超值好物任务：1/2
Apr 25 06:13:49 任务完成
Apr 25 06:13:50 任务已完成
Apr 25 06:13:50 去做浏览秒杀超值好物任务：2/2
Apr 25 06:13:50 任务完成
Apr 25 06:13:51 任务已完成
Apr 25 06:13:51 去做关注秒杀优选店铺任务：1/3
Apr 25 06:13:51 任务完成
Apr 25 06:13:52 去做关注秒杀优选店铺任务：2/3
Apr 25 06:13:52 任务完成
Apr 25 06:13:53 去做关注秒杀优选店铺任务：3/3
Apr 25 06:13:53 任务完成
Apr 25 06:13:54 去做浏览今日必拼活动任务：1/1
Apr 25 06:13:54 任务领取成功
Apr 25 06:14:10 任务完成
Apr 25 06:14:10 去做京品好物会场任务：1/1
Apr 25 06:14:10 任务领取成功
Apr 25 06:14:26 任务完成
Apr 25 06:14:26 去做分享秒杀领红包活动任务：1/6
Apr 25 06:14:26 success
Apr 25 06:14:27 去做分享秒杀领红包活动任务：2/6
Apr 25 06:14:27 success
Apr 25 06:14:28 去做分享秒杀领红包活动任务：3/6
Apr 25 06:14:28 success
Apr 25 06:14:29 去做分享秒杀领红包活动任务：4/6
Apr 25 06:14:29 success
Apr 25 06:14:30 去做分享秒杀领红包活动任务：5/6
Apr 25 06:14:30 success
Apr 25 06:14:31 去做分享秒杀领红包活动任务：6/6
Apr 25 06:14:31 success
Apr 25 06:14:32 
Apr 25 06:14:32 ==============📣系统通知📣==============
Apr 25 06:14:32 京东秒秒币
Apr 25 06:14:32 京东账号4jd_6ba76f15069fd
Apr 25 06:14:32 本次运行获得秒秒币160枚，共980枚
Apr 25 06:14:33 
Apr 25 06:14:33 ******开始【京东账号5】jd_46928899fcc30*********
Apr 25 06:14:33 
Apr 25 06:14:33 活动名称：秒杀红包二期正式
Apr 25 06:14:33 当前秒秒币820
Apr 25 06:14:34 去做浏览秒杀优选店铺任务：1/2
Apr 25 06:14:34 任务领取成功
Apr 25 06:14:49 任务完成
Apr 25 06:14:49 去做浏览秒杀优选店铺任务：2/2
Apr 25 06:14:49 任务领取成功
Apr 25 06:15:05 任务完成
Apr 25 06:15:05 去做浏览秒杀超值好物任务：1/2
Apr 25 06:15:05 任务完成
Apr 25 06:15:06 任务已完成
Apr 25 06:15:06 去做浏览秒杀超值好物任务：2/2
Apr 25 06:15:06 任务完成
Apr 25 06:15:06 任务已完成
Apr 25 06:15:06 去做关注秒杀优选店铺任务：1/3
Apr 25 06:15:07 任务完成
Apr 25 06:15:08 去做关注秒杀优选店铺任务：2/3
Apr 25 06:15:08 任务完成
Apr 25 06:15:09 去做关注秒杀优选店铺任务：3/3
Apr 25 06:15:09 任务完成
Apr 25 06:15:10 去做浏览今日必拼活动任务：1/1
Apr 25 06:15:10 任务领取成功
Apr 25 06:15:26 任务完成
Apr 25 06:15:26 去做京品好物会场任务：1/1
Apr 25 06:15:26 任务领取成功
Apr 25 06:15:41 任务完成
Apr 25 06:15:41 去做分享秒杀领红包活动任务：1/6
Apr 25 06:15:41 success
Apr 25 06:15:42 去做分享秒杀领红包活动任务：2/6
Apr 25 06:15:42 success
Apr 25 06:15:43 去做分享秒杀领红包活动任务：3/6
Apr 25 06:15:44 success
Apr 25 06:15:45 去做分享秒杀领红包活动任务：4/6
Apr 25 06:15:45 success
Apr 25 06:15:46 去做分享秒杀领红包活动任务：5/6
Apr 25 06:15:46 success
Apr 25 06:15:47 去做分享秒杀领红包活动任务：6/6
Apr 25 06:15:47 success
Apr 25 06:15:48 
Apr 25 06:15:48 ==============📣系统通知📣==============
Apr 25 06:15:48 京东秒秒币
Apr 25 06:15:48 京东账号5jd_46928899fcc30
Apr 25 06:15:48 本次运行获得秒秒币160枚，共980枚
Apr 25 06:15:48 
Apr 25 06:15:48 ******开始【京东账号6】jd_EirxWEerdtmu*********
Apr 25 06:15:48 
Apr 25 06:15:49 活动名称：秒杀红包二期正式
Apr 25 06:15:49 当前秒秒币820
Apr 25 06:15:49 去做浏览秒杀优选店铺任务：1/2
Apr 25 06:15:49 任务领取成功
Apr 25 06:16:05 任务完成
Apr 25 06:16:05 去做浏览秒杀优选店铺任务：2/2
Apr 25 06:16:05 任务领取成功
Apr 25 06:16:21 任务完成
Apr 25 06:16:21 去做浏览秒杀超值好物任务：1/2
Apr 25 06:16:21 任务完成
Apr 25 06:16:21 任务已完成
Apr 25 06:16:21 去做浏览秒杀超值好物任务：2/2
Apr 25 06:16:22 任务完成
Apr 25 06:16:22 任务已完成
Apr 25 06:16:22 去做关注秒杀优选店铺任务：1/3
Apr 25 06:16:22 任务完成
Apr 25 06:16:23 去做关注秒杀优选店铺任务：2/3
Apr 25 06:16:23 任务完成
Apr 25 06:16:24 去做关注秒杀优选店铺任务：3/3
Apr 25 06:16:25 任务完成
Apr 25 06:16:26 去做浏览今日必拼活动任务：1/1
Apr 25 06:16:26 任务领取成功
Apr 25 06:16:41 任务完成
Apr 25 06:16:41 去做京品好物会场任务：1/1
Apr 25 06:16:41 任务领取成功
Apr 25 06:16:57 任务完成
Apr 25 06:16:57 去做分享秒杀领红包活动任务：1/6
Apr 25 06:16:57 success
Apr 25 06:16:58 去做分享秒杀领红包活动任务：2/6
Apr 25 06:16:58 success
Apr 25 06:16:59 去做分享秒杀领红包活动任务：3/6
Apr 25 06:16:59 success
Apr 25 06:17:00 去做分享秒杀领红包活动任务：4/6
Apr 25 06:17:00 success
Apr 25 06:17:01 去做分享秒杀领红包活动任务：5/6
Apr 25 06:17:02 success
Apr 25 06:17:03 去做分享秒杀领红包活动任务：6/6
Apr 25 06:17:03 success
Apr 25 06:17:04 
Apr 25 06:17:04 ==============📣系统通知📣==============
Apr 25 06:17:04 京东秒秒币
Apr 25 06:17:04 京东账号6jd_EirxWEerdtmu
Apr 25 06:17:04 本次运行获得秒秒币160枚，共980枚
Apr 25 06:17:04 
Apr 25 06:17:04 🔔京东秒秒币, 结束! 🕛 380.907 秒
Apr 25 06:17:04 
Apr 26 06:10:47 
Apr 26 06:10:47 🔔京东秒秒币, 开始!
Apr 26 06:10:47 
Apr 26 06:10:47 ====================共6个京东账号Cookie=========
Apr 26 06:10:47 
Apr 26 06:10:47 ==================脚本执行- 北京时间(UTC+8)：4/26/2021, 6:10:47 AM=====================
Apr 26 06:10:47 
Apr 26 06:10:47 
Apr 26 06:10:47 ******开始【京东账号1】18337656372_p*********
Apr 26 06:10:47 
Apr 26 06:10:48 活动名称：秒杀红包二期正式
Apr 26 06:10:48 当前秒秒币6850
Apr 26 06:10:48 去做浏览秒杀优选店铺任务：1/2
Apr 26 06:10:49 任务领取成功
Apr 26 06:11:04 任务完成
Apr 26 06:11:04 去做浏览秒杀优选店铺任务：2/2
Apr 26 06:11:04 任务领取成功
Apr 26 06:11:20 任务完成
Apr 26 06:11:20 去做浏览秒杀超值好物任务：1/2
Apr 26 06:11:20 任务完成
Apr 26 06:11:21 任务已完成
Apr 26 06:11:21 去做浏览秒杀超值好物任务：2/2
Apr 26 06:11:21 任务完成
Apr 26 06:11:21 任务已完成
Apr 26 06:11:21 去做关注秒杀优选店铺任务：1/3
Apr 26 06:11:21 任务完成
Apr 26 06:11:22 去做关注秒杀优选店铺任务：2/3
Apr 26 06:11:23 任务完成
Apr 26 06:11:24 去做关注秒杀优选店铺任务：3/3
Apr 26 06:11:24 任务完成
Apr 26 06:11:25 去做浏览今日必拼活动任务：1/1
Apr 26 06:11:25 任务领取成功
Apr 26 06:11:40 任务完成
Apr 26 06:11:40 去做京品好物会场任务：1/1
Apr 26 06:11:40 任务领取成功
Apr 26 06:11:56 任务完成
Apr 26 06:11:56 去做分享秒杀领红包活动任务：1/6
Apr 26 06:11:56 success
Apr 26 06:11:57 去做分享秒杀领红包活动任务：2/6
Apr 26 06:11:57 success
Apr 26 06:11:58 去做分享秒杀领红包活动任务：3/6
Apr 26 06:11:58 success
Apr 26 06:11:59 去做分享秒杀领红包活动任务：4/6
Apr 26 06:12:00 success
Apr 26 06:12:01 去做分享秒杀领红包活动任务：5/6
Apr 26 06:12:01 success
Apr 26 06:12:02 去做分享秒杀领红包活动任务：6/6
Apr 26 06:12:02 success
Apr 26 06:12:03 
Apr 26 06:12:03 ==============📣系统通知📣==============
Apr 26 06:12:03 京东秒秒币
Apr 26 06:12:03 京东账号118337656372_p
Apr 26 06:12:03 本次运行获得秒秒币160枚，共7010枚
Apr 26 06:12:03 
Apr 26 06:12:03 ******开始【京东账号2】jd_MCazEJrLyuXn*********
Apr 26 06:12:03 
Apr 26 06:12:04 去做新人引导任务：1/1
Apr 26 06:12:04 风险等级未通过
Apr 26 06:12:05 
Apr 26 06:12:05 ==============📣系统通知📣==============
Apr 26 06:12:05 京东秒秒币
Apr 26 06:12:05 京东账号2jd_MCazEJrLyuXn
Apr 26 06:12:05 本次运行获得秒秒币0枚，共0枚
Apr 26 06:12:05 
Apr 26 06:12:05 ******开始【京东账号3】鬼神之吕奉先*********
Apr 26 06:12:05 
Apr 26 06:12:06 活动名称：秒杀红包二期正式
Apr 26 06:12:06 当前秒秒币4580
Apr 26 06:12:06 去做浏览秒杀优选店铺任务：1/2
Apr 26 06:12:07 任务领取成功
Apr 26 06:12:22 任务完成
Apr 26 06:12:22 去做浏览秒杀优选店铺任务：2/2
Apr 26 06:12:22 任务领取成功
Apr 26 06:12:38 任务完成
Apr 26 06:12:38 去做浏览秒杀超值好物任务：1/2
Apr 26 06:12:38 任务完成
Apr 26 06:12:39 任务已完成
Apr 26 06:12:39 去做浏览秒杀超值好物任务：2/2
Apr 26 06:12:39 任务完成
Apr 26 06:12:39 任务已完成
Apr 26 06:12:39 去做关注秒杀优选店铺任务：1/3
Apr 26 06:12:39 任务完成
Apr 26 06:12:40 去做关注秒杀优选店铺任务：2/3
Apr 26 06:12:41 任务完成
Apr 26 06:12:42 去做关注秒杀优选店铺任务：3/3
Apr 26 06:12:42 任务完成
Apr 26 06:12:43 去做浏览今日必拼活动任务：1/1
Apr 26 06:12:43 任务领取成功
Apr 26 06:12:58 任务完成
Apr 26 06:12:58 去做京品好物会场任务：1/1
Apr 26 06:12:59 任务领取成功
Apr 26 06:13:14 任务完成
Apr 26 06:13:14 去做分享秒杀领红包活动任务：1/6
Apr 26 06:13:14 success
Apr 26 06:13:15 去做分享秒杀领红包活动任务：2/6
Apr 26 06:13:15 success
Apr 26 06:13:16 去做分享秒杀领红包活动任务：3/6
Apr 26 06:13:17 success
Apr 26 06:13:18 去做分享秒杀领红包活动任务：4/6
Apr 26 06:13:18 success
Apr 26 06:13:19 去做分享秒杀领红包活动任务：5/6
Apr 26 06:13:19 success
Apr 26 06:13:20 去做分享秒杀领红包活动任务：6/6
Apr 26 06:13:20 success
Apr 26 06:13:21 
Apr 26 06:13:21 ==============📣系统通知📣==============
Apr 26 06:13:21 京东秒秒币
Apr 26 06:13:21 京东账号3鬼神之吕奉先
Apr 26 06:13:21 本次运行获得秒秒币160枚，共4740枚
Apr 26 06:13:21 
Apr 26 06:13:21 ******开始【京东账号4】jd_6ba76f15069fd*********
Apr 26 06:13:21 
Apr 26 06:13:22 活动名称：秒杀红包二期正式
Apr 26 06:13:22 当前秒秒币980
Apr 26 06:13:22 去做浏览秒杀优选店铺任务：1/2
Apr 26 06:13:22 任务领取成功
Apr 26 06:13:38 任务完成
Apr 26 06:13:38 去做浏览秒杀优选店铺任务：2/2
Apr 26 06:13:38 任务领取成功
Apr 26 06:13:54 任务完成
Apr 26 06:13:54 去做浏览秒杀超值好物任务：1/2
Apr 26 06:13:54 任务完成
Apr 26 06:13:54 任务已完成
Apr 26 06:13:54 去做浏览秒杀超值好物任务：2/2
Apr 26 06:13:54 任务完成
Apr 26 06:13:55 任务已完成
Apr 26 06:13:55 去做关注秒杀优选店铺任务：1/3
Apr 26 06:13:55 任务完成
Apr 26 06:13:56 去做关注秒杀优选店铺任务：2/3
Apr 26 06:13:56 任务完成
Apr 26 06:13:57 去做关注秒杀优选店铺任务：3/3
Apr 26 06:13:57 任务完成
Apr 26 06:13:58 去做浏览今日必拼活动任务：1/1
Apr 26 06:13:58 任务领取成功
Apr 26 06:14:14 任务完成
Apr 26 06:14:14 去做京品好物会场任务：1/1
Apr 26 06:14:14 任务领取成功
Apr 26 06:14:30 任务完成
Apr 26 06:14:30 去做分享秒杀领红包活动任务：1/6
Apr 26 06:14:30 success
Apr 26 06:14:31 去做分享秒杀领红包活动任务：2/6
Apr 26 06:14:31 success
Apr 26 06:14:32 去做分享秒杀领红包活动任务：3/6
Apr 26 06:14:32 success
Apr 26 06:14:33 去做分享秒杀领红包活动任务：4/6
Apr 26 06:14:33 success
Apr 26 06:14:34 去做分享秒杀领红包活动任务：5/6
Apr 26 06:14:34 success
Apr 26 06:14:35 去做分享秒杀领红包活动任务：6/6
Apr 26 06:14:36 success
Apr 26 06:14:37 
Apr 26 06:14:37 ==============📣系统通知📣==============
Apr 26 06:14:37 京东秒秒币
Apr 26 06:14:37 京东账号4jd_6ba76f15069fd
Apr 26 06:14:37 本次运行获得秒秒币160枚，共1140枚
Apr 26 06:14:37 
Apr 26 06:14:37 ******开始【京东账号5】jd_46928899fcc30*********
Apr 26 06:14:37 
Apr 26 06:14:38 活动名称：秒杀红包二期正式
Apr 26 06:14:38 当前秒秒币980
Apr 26 06:14:38 去做浏览秒杀优选店铺任务：1/2
Apr 26 06:14:38 任务领取成功
Apr 26 06:14:54 任务完成
Apr 26 06:14:54 去做浏览秒杀优选店铺任务：2/2
Apr 26 06:14:54 任务领取成功
Apr 26 06:15:09 任务完成
Apr 26 06:15:09 去做浏览秒杀超值好物任务：1/2
Apr 26 06:15:09 任务完成
Apr 26 06:15:10 任务已完成
Apr 26 06:15:10 去做浏览秒杀超值好物任务：2/2
Apr 26 06:15:10 任务完成
Apr 26 06:15:11 任务已完成
Apr 26 06:15:11 去做关注秒杀优选店铺任务：1/3
Apr 26 06:15:11 任务完成
Apr 26 06:15:12 去做关注秒杀优选店铺任务：2/3
Apr 26 06:15:12 任务完成
Apr 26 06:15:13 去做关注秒杀优选店铺任务：3/3
Apr 26 06:15:13 任务完成
Apr 26 06:15:14 去做浏览今日必拼活动任务：1/1
Apr 26 06:15:14 任务领取成功
Apr 26 06:15:30 任务完成
Apr 26 06:15:30 去做京品好物会场任务：1/1
Apr 26 06:15:30 任务领取成功
Apr 26 06:15:46 任务完成
Apr 26 06:15:46 去做分享秒杀领红包活动任务：1/6
Apr 26 06:15:46 success
Apr 26 06:15:47 去做分享秒杀领红包活动任务：2/6
Apr 26 06:15:47 success
Apr 26 06:15:48 去做分享秒杀领红包活动任务：3/6
Apr 26 06:15:48 success
Apr 26 06:15:49 去做分享秒杀领红包活动任务：4/6
Apr 26 06:15:49 success
Apr 26 06:15:50 去做分享秒杀领红包活动任务：5/6
Apr 26 06:15:50 success
Apr 26 06:15:51 去做分享秒杀领红包活动任务：6/6
Apr 26 06:15:51 success
Apr 26 06:15:53 
Apr 26 06:15:53 ==============📣系统通知📣==============
Apr 26 06:15:53 京东秒秒币
Apr 26 06:15:53 京东账号5jd_46928899fcc30
Apr 26 06:15:53 本次运行获得秒秒币160枚，共1140枚
Apr 26 06:15:53 
Apr 26 06:15:53 ******开始【京东账号6】jd_EirxWEerdtmu*********
Apr 26 06:15:53 
Apr 26 06:15:53 活动名称：秒杀红包二期正式
Apr 26 06:15:54 当前秒秒币980
Apr 26 06:15:54 去做浏览秒杀优选店铺任务：1/2
Apr 26 06:15:54 任务领取成功
Apr 26 06:16:09 任务完成
Apr 26 06:16:09 去做浏览秒杀优选店铺任务：2/2
Apr 26 06:16:09 任务领取成功
Apr 26 06:16:25 任务完成
Apr 26 06:16:25 去做浏览秒杀超值好物任务：1/2
Apr 26 06:16:25 任务完成
Apr 26 06:16:26 任务已完成
Apr 26 06:16:26 去做浏览秒杀超值好物任务：2/2
Apr 26 06:16:26 任务完成
Apr 26 06:16:27 任务已完成
Apr 26 06:16:27 去做关注秒杀优选店铺任务：1/3
Apr 26 06:16:27 任务完成
Apr 26 06:16:28 去做关注秒杀优选店铺任务：2/3
Apr 26 06:16:28 任务完成
Apr 26 06:16:29 去做关注秒杀优选店铺任务：3/3
Apr 26 06:16:29 任务完成
Apr 26 06:16:30 去做浏览今日必拼活动任务：1/1
Apr 26 06:16:30 任务领取成功
Apr 26 06:16:46 任务完成
Apr 26 06:16:46 去做京品好物会场任务：1/1
Apr 26 06:16:46 任务领取成功
Apr 26 06:17:01 任务完成
Apr 26 06:17:01 去做分享秒杀领红包活动任务：1/6
Apr 26 06:17:02 success
Apr 26 06:17:03 去做分享秒杀领红包活动任务：2/6
Apr 26 06:17:03 success
Apr 26 06:17:04 去做分享秒杀领红包活动任务：3/6
Apr 26 06:17:04 success
Apr 26 06:17:05 去做分享秒杀领红包活动任务：4/6
Apr 26 06:17:05 success
Apr 26 06:17:06 去做分享秒杀领红包活动任务：5/6
Apr 26 06:17:06 success
Apr 26 06:17:07 去做分享秒杀领红包活动任务：6/6
Apr 26 06:17:07 success
Apr 26 06:17:08 
Apr 26 06:17:08 ==============📣系统通知📣==============
Apr 26 06:17:08 京东秒秒币
Apr 26 06:17:08 京东账号6jd_EirxWEerdtmu
Apr 26 06:17:08 本次运行获得秒秒币160枚，共1140枚
Apr 26 06:17:08 
Apr 26 06:17:08 🔔京东秒秒币, 结束! 🕛 381.223 秒
Apr 26 06:17:08 
Apr 27 06:10:08 
Apr 27 06:10:08 🔔京东秒秒币, 开始!
Apr 27 06:10:08 
Apr 27 06:10:08 ====================共6个京东账号Cookie=========
Apr 27 06:10:08 
Apr 27 06:10:08 ==================脚本执行- 北京时间(UTC+8)：4/27/2021, 6:10:08 AM=====================
Apr 27 06:10:08 
Apr 27 06:10:08 
Apr 27 06:10:08 ******开始【京东账号1】18337656372_p*********
Apr 27 06:10:08 
Apr 27 06:10:09 活动名称：秒杀红包二期正式
Apr 27 06:10:09 去做浏览秒杀优选店铺任务：1/2
Apr 27 06:10:10 任务领取成功
Apr 27 06:10:25 任务完成
Apr 27 06:10:25 去做浏览秒杀优选店铺任务：2/2
Apr 27 06:10:25 任务领取成功
Apr 27 06:10:41 任务完成
Apr 27 06:10:41 去做浏览秒杀超值好物任务：1/2
Apr 27 06:10:41 任务完成
Apr 27 06:10:42 任务已完成
Apr 27 06:10:42 去做浏览秒杀超值好物任务：2/2
Apr 27 06:10:42 任务完成
Apr 27 06:10:42 任务已完成
Apr 27 06:10:42 去做关注秒杀优选店铺任务：1/3
Apr 27 06:10:42 任务完成
Apr 27 06:10:43 去做关注秒杀优选店铺任务：2/3
Apr 27 06:10:44 任务完成
Apr 27 06:10:45 去做关注秒杀优选店铺任务：3/3
Apr 27 06:10:45 任务完成
Apr 27 06:10:46 去做浏览今日必拼活动任务：1/1
Apr 27 06:10:46 任务领取成功
Apr 27 06:11:01 任务完成
Apr 27 06:11:01 去做京品好物会场任务：1/1
Apr 27 06:11:02 任务领取成功
Apr 27 06:11:17 任务完成
Apr 27 06:11:17 去做分享秒杀领红包活动任务：1/6
Apr 27 06:11:17 success
Apr 27 06:11:18 去做分享秒杀领红包活动任务：2/6
Apr 27 06:11:18 success
Apr 27 06:11:19 去做分享秒杀领红包活动任务：3/6
Apr 27 06:11:20 success
Apr 27 06:11:21 去做分享秒杀领红包活动任务：4/6
Apr 27 06:11:21 success
Apr 27 06:11:22 去做分享秒杀领红包活动任务：5/6
Apr 27 06:11:22 success
Apr 27 06:11:23 去做分享秒杀领红包活动任务：6/6
Apr 27 06:11:23 success
Apr 27 06:11:24 去做签到红包任务：1/1
Apr 27 06:11:24 success
Apr 27 06:11:25 
Apr 27 06:11:25 ==============📣系统通知📣==============
Apr 27 06:11:25 京东秒秒币
Apr 27 06:11:25 京东账号118337656372_p
Apr 27 06:11:25 本次运行获得秒秒币7170枚，共7170枚
Apr 27 06:11:25 
Apr 27 06:11:25 ******开始【京东账号2】jd_MCazEJrLyuXn*********
Apr 27 06:11:25 
Apr 27 06:11:26 去做新人引导任务：1/1
Apr 27 06:11:26 风险等级未通过
Apr 27 06:11:28 
Apr 27 06:11:28 ==============📣系统通知📣==============
Apr 27 06:11:28 京东秒秒币
Apr 27 06:11:28 京东账号2jd_MCazEJrLyuXn
Apr 27 06:11:28 本次运行获得秒秒币0枚，共0枚
Apr 27 06:11:28 
Apr 27 06:11:28 ******开始【京东账号3】鬼神之吕奉先*********
Apr 27 06:11:28 
Apr 27 06:11:28 活动名称：秒杀红包二期正式
Apr 27 06:11:29 去做浏览秒杀优选店铺任务：1/2
Apr 27 06:11:29 任务领取成功
Apr 27 06:11:44 任务完成
Apr 27 06:11:44 去做浏览秒杀优选店铺任务：2/2
Apr 27 06:11:44 任务领取成功
Apr 27 06:12:00 任务完成
Apr 27 06:12:00 去做浏览秒杀超值好物任务：1/2
Apr 27 06:12:00 任务完成
Apr 27 06:12:01 任务已完成
Apr 27 06:12:01 去做浏览秒杀超值好物任务：2/2
Apr 27 06:12:01 任务完成
Apr 27 06:12:02 任务已完成
Apr 27 06:12:02 去做关注秒杀优选店铺任务：1/3
Apr 27 06:12:02 任务完成
Apr 27 06:12:03 去做关注秒杀优选店铺任务：2/3
Apr 27 06:12:03 任务完成
Apr 27 06:12:04 去做关注秒杀优选店铺任务：3/3
Apr 27 06:12:04 任务完成
Apr 27 06:12:05 去做浏览今日必拼活动任务：1/1
Apr 27 06:12:05 任务领取成功
Apr 27 06:12:21 任务完成
Apr 27 06:12:21 去做京品好物会场任务：1/1
Apr 27 06:12:21 任务领取成功
Apr 27 06:12:36 任务完成
Apr 27 06:12:36 去做分享秒杀领红包活动任务：1/6
Apr 27 06:12:37 success
Apr 27 06:12:38 去做分享秒杀领红包活动任务：2/6
Apr 27 06:12:38 success
Apr 27 06:12:39 去做分享秒杀领红包活动任务：3/6
Apr 27 06:12:39 success
Apr 27 06:12:40 去做分享秒杀领红包活动任务：4/6
Apr 27 06:12:40 success
Apr 27 06:12:41 去做分享秒杀领红包活动任务：5/6
Apr 27 06:12:41 success
Apr 27 06:12:42 去做分享秒杀领红包活动任务：6/6
Apr 27 06:12:42 success
Apr 27 06:12:43 去做签到红包任务：1/1
Apr 27 06:12:43 success
Apr 27 06:12:44 
Apr 27 06:12:44 ==============📣系统通知📣==============
Apr 27 06:12:44 京东秒秒币
Apr 27 06:12:44 京东账号3鬼神之吕奉先
Apr 27 06:12:44 本次运行获得秒秒币4900枚，共4900枚
Apr 27 06:12:45 
Apr 27 06:12:45 ******开始【京东账号4】jd_6ba76f15069fd*********
Apr 27 06:12:45 
Apr 27 06:12:45 活动名称：秒杀红包二期正式
Apr 27 06:12:45 当前秒秒币1140
Apr 27 06:12:46 去做浏览秒杀优选店铺任务：1/2
Apr 27 06:12:46 任务领取成功
Apr 27 06:13:01 任务完成
Apr 27 06:13:01 去做浏览秒杀优选店铺任务：2/2
Apr 27 06:13:01 任务领取成功
Apr 27 06:13:17 任务完成
Apr 27 06:13:17 去做浏览秒杀超值好物任务：1/2
Apr 27 06:13:17 任务完成
Apr 27 06:13:18 任务已完成
Apr 27 06:13:18 去做浏览秒杀超值好物任务：2/2
Apr 27 06:13:18 任务完成
Apr 27 06:13:18 任务已完成
Apr 27 06:13:18 去做关注秒杀优选店铺任务：1/3
Apr 27 06:13:19 任务完成
Apr 27 06:13:20 去做关注秒杀优选店铺任务：2/3
Apr 27 06:13:20 任务完成
Apr 27 06:13:21 去做关注秒杀优选店铺任务：3/3
Apr 27 06:13:21 任务完成
Apr 27 06:13:22 去做浏览今日必拼活动任务：1/1
Apr 27 06:13:22 任务领取成功
Apr 27 06:13:38 任务完成
Apr 27 06:13:38 去做京品好物会场任务：1/1
Apr 27 06:13:38 任务领取成功
Apr 27 06:13:53 任务完成
Apr 27 06:13:53 去做分享秒杀领红包活动任务：1/6
Apr 27 06:13:53 success
Apr 27 06:13:54 去做分享秒杀领红包活动任务：2/6
Apr 27 06:13:54 success
Apr 27 06:13:55 去做分享秒杀领红包活动任务：3/6
Apr 27 06:13:56 success
Apr 27 06:13:57 去做分享秒杀领红包活动任务：4/6
Apr 27 06:13:57 success
Apr 27 06:13:58 去做分享秒杀领红包活动任务：5/6
Apr 27 06:13:58 success
Apr 27 06:13:59 去做分享秒杀领红包活动任务：6/6
Apr 27 06:13:59 success
Apr 27 06:14:00 
Apr 27 06:14:00 ==============📣系统通知📣==============
Apr 27 06:14:00 京东秒秒币
Apr 27 06:14:00 京东账号4jd_6ba76f15069fd
Apr 27 06:14:00 本次运行获得秒秒币160枚，共1300枚
Apr 27 06:14:00 
Apr 27 06:14:00 ******开始【京东账号5】jd_46928899fcc30*********
Apr 27 06:14:00 
Apr 27 06:14:01 活动名称：秒杀红包二期正式
Apr 27 06:14:01 当前秒秒币1140
Apr 27 06:14:01 去做浏览秒杀优选店铺任务：1/2
Apr 27 06:14:01 任务领取成功
Apr 27 06:14:17 任务完成
Apr 27 06:14:17 去做浏览秒杀优选店铺任务：2/2
Apr 27 06:14:17 任务领取成功
Apr 27 06:14:33 任务完成
Apr 27 06:14:33 去做浏览秒杀超值好物任务：1/2
Apr 27 06:14:33 任务完成
Apr 27 06:14:33 任务已完成
Apr 27 06:14:33 去做浏览秒杀超值好物任务：2/2
Apr 27 06:14:34 任务完成
Apr 27 06:14:34 任务已完成
Apr 27 06:14:34 去做关注秒杀优选店铺任务：1/3
Apr 27 06:14:34 任务完成
Apr 27 06:14:35 去做关注秒杀优选店铺任务：2/3
Apr 27 06:14:35 任务完成
Apr 27 06:14:36 去做关注秒杀优选店铺任务：3/3
Apr 27 06:14:37 任务完成
Apr 27 06:14:38 去做浏览今日必拼活动任务：1/1
Apr 27 06:14:38 任务领取成功
Apr 27 06:14:53 任务完成
Apr 27 06:14:53 去做京品好物会场任务：1/1
Apr 27 06:14:53 任务领取成功
Apr 27 06:15:09 任务完成
Apr 27 06:15:09 去做分享秒杀领红包活动任务：1/6
Apr 27 06:15:09 success
Apr 27 06:15:10 去做分享秒杀领红包活动任务：2/6
Apr 27 06:15:10 success
Apr 27 06:15:11 去做分享秒杀领红包活动任务：3/6
Apr 27 06:15:11 success
Apr 27 06:15:12 去做分享秒杀领红包活动任务：4/6
Apr 27 06:15:12 success
Apr 27 06:15:13 去做分享秒杀领红包活动任务：5/6
Apr 27 06:15:14 success
Apr 27 06:15:15 去做分享秒杀领红包活动任务：6/6
Apr 27 06:15:15 success
Apr 27 06:15:16 
Apr 27 06:15:16 ==============📣系统通知📣==============
Apr 27 06:15:16 京东秒秒币
Apr 27 06:15:16 京东账号5jd_46928899fcc30
Apr 27 06:15:16 本次运行获得秒秒币160枚，共1300枚
Apr 27 06:15:16 
Apr 27 06:15:16 ******开始【京东账号6】jd_EirxWEerdtmu*********
Apr 27 06:15:16 
Apr 27 06:15:17 活动名称：秒杀红包二期正式
Apr 27 06:15:17 当前秒秒币1140
Apr 27 06:15:17 去做浏览秒杀优选店铺任务：1/2
Apr 27 06:15:17 任务领取成功
Apr 27 06:15:33 任务完成
Apr 27 06:15:33 去做浏览秒杀优选店铺任务：2/2
Apr 27 06:15:33 任务领取成功
Apr 27 06:15:49 任务完成
Apr 27 06:15:49 去做浏览秒杀超值好物任务：1/2
Apr 27 06:15:49 任务完成
Apr 27 06:15:49 任务已完成
Apr 27 06:15:49 去做浏览秒杀超值好物任务：2/2
Apr 27 06:15:49 任务完成
Apr 27 06:15:50 任务已完成
Apr 27 06:15:50 去做关注秒杀优选店铺任务：1/3
Apr 27 06:15:50 任务完成
Apr 27 06:15:51 去做关注秒杀优选店铺任务：2/3
Apr 27 06:15:51 任务完成
Apr 27 06:15:52 去做关注秒杀优选店铺任务：3/3
Apr 27 06:15:52 任务完成
Apr 27 06:15:53 去做浏览今日必拼活动任务：1/1
Apr 27 06:15:53 任务领取成功
Apr 27 06:16:09 任务完成
Apr 27 06:16:09 去做京品好物会场任务：1/1
Apr 27 06:16:09 任务领取成功
Apr 27 06:16:25 任务完成
Apr 27 06:16:25 去做分享秒杀领红包活动任务：1/6
Apr 27 06:16:25 success
Apr 27 06:16:26 去做分享秒杀领红包活动任务：2/6
Apr 27 06:16:26 success
Apr 27 06:16:27 去做分享秒杀领红包活动任务：3/6
Apr 27 06:16:27 success
Apr 27 06:16:28 去做分享秒杀领红包活动任务：4/6
Apr 27 06:16:28 success
Apr 27 06:16:29 去做分享秒杀领红包活动任务：5/6
Apr 27 06:16:29 success
Apr 27 06:16:30 去做分享秒杀领红包活动任务：6/6
Apr 27 06:16:30 success
Apr 27 06:16:32 
Apr 27 06:16:32 ==============📣系统通知📣==============
Apr 27 06:16:32 京东秒秒币
Apr 27 06:16:32 京东账号6jd_EirxWEerdtmu
Apr 27 06:16:32 本次运行获得秒秒币160枚，共1300枚
Apr 27 06:16:32 
Apr 27 06:16:32 🔔京东秒秒币, 结束! 🕛 383.488 秒
Apr 27 06:16:32 
