Apr 25 00:41:24 
Apr 25 00:41:24 🔔点点券, 开始!
Apr 25 00:41:24 
Apr 25 00:41:24 ====================共6个京东账号Cookie=========
Apr 25 00:41:24 
Apr 25 00:41:24 ==================脚本执行- 北京时间(UTC+8)：4/25/2021, 12:41:24 AM=====================
Apr 25 00:41:24 
Apr 25 00:41:24 
Apr 25 00:41:24 开始【京东账号1】18337656372_p
Apr 25 00:41:24 
Apr 25 00:41:24 【点击“领券”】 任务未领取,开始领取此任务
Apr 25 00:41:24 领取任务结果：{"data":{"biz_code":0,"biz_msg":"OK","result":{"popoverShowTimes":5}},"rtn_code":0,"rtn_msg":"请求成功！"}
Apr 25 00:41:24 【点击“领券”】 任务领取成功,开始完成此任务
Apr 25 00:41:41 点击首页领券图标(进入领券中心浏览15s)任务:{"code":"0","success":true,"busiCode":"0","message":"成功","result":{"msg":"无效活动","toast":"任务溜走了，逛逛领券中心吧～","taskRet":null,"subCode":"0"}}
Apr 25 00:41:41 【浏览精选活动】 任务未领取,开始领取此任务
Apr 25 00:41:41 领取任务结果：{"data":{"biz_code":0,"biz_msg":"OK"},"rtn_code":0,"rtn_msg":"请求成功！"}
Apr 25 00:41:41 【浏览精选活动】 任务领取成功,开始完成此任务
Apr 25 00:41:42 浏览精选活动 【种豆得豆】
Apr 25 00:41:42 做任务结果：{"data":{"biz_code":0,"biz_msg":"OK"},"rtn_code":0,"rtn_msg":"请求成功！"}
Apr 25 00:41:42 浏览精选活动 【京东到家】
Apr 25 00:41:42 做任务结果：{"data":{"biz_code":0,"biz_msg":"OK"},"rtn_code":0,"rtn_msg":"请求成功！"}
Apr 25 00:41:42 浏览精选活动 【签到领京豆】
Apr 25 00:41:42 做任务结果：{"data":{"biz_code":0,"biz_msg":"OK"},"rtn_code":0,"rtn_msg":"请求成功！"}
Apr 25 00:41:42 浏览精选活动 【东东农场】
Apr 25 00:41:43 做任务结果：{"data":{"biz_code":0,"biz_msg":"OK"},"rtn_code":0,"rtn_msg":"请求成功！"}
Apr 25 00:41:43 【玩锦鲤红包】 任务未领取,开始领取此任务
Apr 25 00:41:43 领取任务结果：{"data":{"biz_code":0,"biz_msg":"OK"},"rtn_code":0,"rtn_msg":"请求成功！"}
Apr 25 00:41:43 【玩锦鲤红包】 任务领取成功,开始完成此任务
Apr 25 00:41:44 做任务结果：{"data":{"biz_code":0,"biz_msg":"OK"},"rtn_code":0,"rtn_msg":"请求成功！"}
Apr 25 00:41:44 【玩拼券活动】 任务未领取,开始领取此任务
Apr 25 00:41:44 领取任务结果：{"data":{"biz_code":0,"biz_msg":"OK"},"rtn_code":0,"rtn_msg":"请求成功！"}
Apr 25 00:41:44 【玩拼券活动】 任务领取成功,开始完成此任务
Apr 25 00:41:45 做任务结果：{"data":{"biz_code":0,"biz_msg":"OK"},"rtn_code":0,"rtn_msg":"请求成功！"}
Apr 25 00:41:45 【逛券后9.9】 任务未领取,开始领取此任务
Apr 25 00:41:45 领取任务结果：{"data":{"biz_code":0,"biz_msg":"OK"},"rtn_code":0,"rtn_msg":"请求成功！"}
Apr 25 00:41:45 【逛券后9.9】 任务领取成功,开始完成此任务
Apr 25 00:41:46 做任务结果：{"data":{"biz_code":0,"biz_msg":"OK"},"rtn_code":0,"rtn_msg":"请求成功！"}
Apr 25 00:41:46 【去买省钱券包】 任务未领取,开始领取此任务
Apr 25 00:41:46 领取任务结果：{"data":{"biz_code":0,"biz_msg":"OK"},"rtn_code":0,"rtn_msg":"请求成功！"}
Apr 25 00:41:46 【去买省钱券包】 任务领取成功,开始完成此任务
Apr 25 00:41:47 做任务结果：{"data":{"biz_code":0,"biz_msg":"OK"},"rtn_code":0,"rtn_msg":"请求成功！"}
Apr 25 00:41:48 开始领取点点券
Apr 25 00:41:48 
Apr 25 00:41:48 开始领取点点券
Apr 25 00:41:48 
Apr 25 00:41:48 开始领取点点券
Apr 25 00:41:48 
Apr 25 00:41:48 开始领取点点券
Apr 25 00:41:48 
Apr 25 00:41:48 开始领取点点券
Apr 25 00:41:48 
Apr 25 00:41:48 签到成功，时间：4/25/2021, 12:41:48 AM
Apr 25 00:41:48 
Apr 25 00:41:48 开始【京东账号2】jd_MCazEJrLyuXn
Apr 25 00:41:48 
Apr 25 00:41:49 【点击券后9.9】 任务未领取,开始领取此任务
Apr 25 00:41:49 领取任务结果：{"data":{"biz_code":2222,"biz_msg":"活动太火爆了，还是去买买买吧~"},"rtn_code":0,"rtn_msg":"请求成功！"}
Apr 25 00:41:49 【点击券后9.9】 任务领取成功,开始完成此任务
Apr 25 00:42:20 点击“券后9.9”任务:{"code":"0","success":true,"busiCode":"0","message":"成功","result":{"msg":"无效活动","toast":"任务溜走了，逛逛领券中心吧～","taskRet":null,"subCode":"0"}}
Apr 25 00:42:20 【浏览精选活动】 任务未领取,开始领取此任务
Apr 25 00:42:21 领取任务结果：{"data":{"biz_code":2222,"biz_msg":"活动太火爆了，还是去买买买吧~"},"rtn_code":0,"rtn_msg":"请求成功！"}
Apr 25 00:42:21 【浏览精选活动】 任务领取成功,开始完成此任务
Apr 25 00:42:22 【玩锦鲤红包】 任务未领取,开始领取此任务
Apr 25 00:42:22 领取任务结果：{"data":{"biz_code":2222,"biz_msg":"活动太火爆了，还是去买买买吧~"},"rtn_code":0,"rtn_msg":"请求成功！"}
Apr 25 00:42:22 【玩锦鲤红包】 任务领取成功,开始完成此任务
Apr 25 00:42:23 做任务结果：{"data":{"biz_code":1002,"biz_msg":"用户未领取该任务"},"rtn_code":0,"rtn_msg":"请求成功！"}
Apr 25 00:42:23 【玩拼券活动】 任务未领取,开始领取此任务
Apr 25 00:42:23 领取任务结果：{"data":{"biz_code":2222,"biz_msg":"活动太火爆了，还是去买买买吧~"},"rtn_code":0,"rtn_msg":"请求成功！"}
Apr 25 00:42:23 【玩拼券活动】 任务领取成功,开始完成此任务
Apr 25 00:42:24 做任务结果：{"data":{"biz_code":1002,"biz_msg":"用户未领取该任务"},"rtn_code":0,"rtn_msg":"请求成功！"}
Apr 25 00:42:24 【逛券后9.9】 任务未领取,开始领取此任务
Apr 25 00:42:24 领取任务结果：{"data":{"biz_code":2222,"biz_msg":"活动太火爆了，还是去买买买吧~"},"rtn_code":0,"rtn_msg":"请求成功！"}
Apr 25 00:42:24 【逛券后9.9】 任务领取成功,开始完成此任务
Apr 25 00:42:25 做任务结果：{"data":{"biz_code":1002,"biz_msg":"用户未领取该任务"},"rtn_code":0,"rtn_msg":"请求成功！"}
Apr 25 00:42:25 【去买省钱券包】 任务未领取,开始领取此任务
Apr 25 00:42:25 领取任务结果：{"data":{"biz_code":2222,"biz_msg":"活动太火爆了，还是去买买买吧~"},"rtn_code":0,"rtn_msg":"请求成功！"}
Apr 25 00:42:25 【去买省钱券包】 任务领取成功,开始完成此任务
Apr 25 00:42:26 做任务结果：{"data":{"biz_code":1002,"biz_msg":"用户未领取该任务"},"rtn_code":0,"rtn_msg":"请求成功！"}
Apr 25 00:42:27 
Apr 25 00:42:27 开始【京东账号3】鬼神之吕奉先
Apr 25 00:42:27 
Apr 25 00:42:27 【点击“领券”】 任务未领取,开始领取此任务
Apr 25 00:42:27 领取任务结果：{"data":{"biz_code":0,"biz_msg":"OK","result":{"popoverShowTimes":5}},"rtn_code":0,"rtn_msg":"请求成功！"}
Apr 25 00:42:27 【点击“领券”】 任务领取成功,开始完成此任务
Apr 25 00:42:44 点击首页领券图标(进入领券中心浏览15s)任务:{"code":"0","success":true,"busiCode":"0","message":"成功","result":{"msg":"无效活动","toast":"任务溜走了，逛逛领券中心吧～","taskRet":null,"subCode":"0"}}
Apr 25 00:42:44 【浏览精选活动】 任务未领取,开始领取此任务
Apr 25 00:42:44 领取任务结果：{"data":{"biz_code":0,"biz_msg":"OK"},"rtn_code":0,"rtn_msg":"请求成功！"}
Apr 25 00:42:44 【浏览精选活动】 任务领取成功,开始完成此任务
Apr 25 00:42:45 浏览精选活动 【种豆得豆】
Apr 25 00:42:45 做任务结果：{"data":{"biz_code":0,"biz_msg":"OK"},"rtn_code":0,"rtn_msg":"请求成功！"}
Apr 25 00:42:45 浏览精选活动 【京东到家】
Apr 25 00:42:45 做任务结果：{"data":{"biz_code":0,"biz_msg":"OK"},"rtn_code":0,"rtn_msg":"请求成功！"}
Apr 25 00:42:45 浏览精选活动 【签到领京豆】
Apr 25 00:42:46 做任务结果：{"data":{"biz_code":0,"biz_msg":"OK"},"rtn_code":0,"rtn_msg":"请求成功！"}
Apr 25 00:42:46 浏览精选活动 【东东农场】
Apr 25 00:42:46 做任务结果：{"data":{"biz_code":0,"biz_msg":"OK"},"rtn_code":0,"rtn_msg":"请求成功！"}
Apr 25 00:42:46 【玩锦鲤红包】 任务未领取,开始领取此任务
Apr 25 00:42:46 领取任务结果：{"data":{"biz_code":0,"biz_msg":"OK"},"rtn_code":0,"rtn_msg":"请求成功！"}
Apr 25 00:42:46 【玩锦鲤红包】 任务领取成功,开始完成此任务
Apr 25 00:42:47 做任务结果：{"data":{"biz_code":0,"biz_msg":"OK"},"rtn_code":0,"rtn_msg":"请求成功！"}
Apr 25 00:42:47 【玩拼券活动】 任务未领取,开始领取此任务
Apr 25 00:42:47 领取任务结果：{"data":{"biz_code":0,"biz_msg":"OK"},"rtn_code":0,"rtn_msg":"请求成功！"}
Apr 25 00:42:47 【玩拼券活动】 任务领取成功,开始完成此任务
Apr 25 00:42:48 做任务结果：{"data":{"biz_code":0,"biz_msg":"OK"},"rtn_code":0,"rtn_msg":"请求成功！"}
Apr 25 00:42:48 【逛券后9.9】 任务未领取,开始领取此任务
Apr 25 00:42:48 领取任务结果：{"data":{"biz_code":0,"biz_msg":"OK"},"rtn_code":0,"rtn_msg":"请求成功！"}
Apr 25 00:42:48 【逛券后9.9】 任务领取成功,开始完成此任务
Apr 25 00:42:49 做任务结果：{"data":{"biz_code":0,"biz_msg":"OK"},"rtn_code":0,"rtn_msg":"请求成功！"}
Apr 25 00:42:49 【去买省钱券包】 任务未领取,开始领取此任务
Apr 25 00:42:49 领取任务结果：{"data":{"biz_code":0,"biz_msg":"OK"},"rtn_code":0,"rtn_msg":"请求成功！"}
Apr 25 00:42:49 【去买省钱券包】 任务领取成功,开始完成此任务
Apr 25 00:42:50 做任务结果：{"data":{"biz_code":0,"biz_msg":"OK"},"rtn_code":0,"rtn_msg":"请求成功！"}
Apr 25 00:42:51 开始领取点点券
Apr 25 00:42:51 
Apr 25 00:42:51 开始领取点点券
Apr 25 00:42:51 
Apr 25 00:42:51 开始领取点点券
Apr 25 00:42:51 
Apr 25 00:42:51 开始领取点点券
Apr 25 00:42:51 
Apr 25 00:42:51 开始领取点点券
Apr 25 00:42:51 
Apr 25 00:42:51 签到成功，时间：4/25/2021, 12:42:51 AM
Apr 25 00:42:51 
Apr 25 00:42:51 开始【京东账号4】jd_6ba76f15069fd
Apr 25 00:42:51 
Apr 25 00:42:52 【点击“领券”】 任务未领取,开始领取此任务
Apr 25 00:42:52 领取任务结果：{"data":{"biz_code":0,"biz_msg":"OK","result":{"popoverShowTimes":5}},"rtn_code":0,"rtn_msg":"请求成功！"}
Apr 25 00:42:52 【点击“领券”】 任务领取成功,开始完成此任务
Apr 25 00:43:08 点击首页领券图标(进入领券中心浏览15s)任务:{"code":"0","success":true,"busiCode":"0","message":"成功","result":{"msg":"无效活动","toast":"任务溜走了，逛逛领券中心吧～","taskRet":null,"subCode":"0"}}
Apr 25 00:43:08 【浏览精选活动】 任务未领取,开始领取此任务
Apr 25 00:43:09 领取任务结果：{"data":{"biz_code":0,"biz_msg":"OK"},"rtn_code":0,"rtn_msg":"请求成功！"}
Apr 25 00:43:09 【浏览精选活动】 任务领取成功,开始完成此任务
Apr 25 00:43:10 浏览精选活动 【种豆得豆】
Apr 25 00:43:10 做任务结果：{"data":{"biz_code":0,"biz_msg":"OK"},"rtn_code":0,"rtn_msg":"请求成功！"}
Apr 25 00:43:10 浏览精选活动 【京东到家】
Apr 25 00:43:10 做任务结果：{"data":{"biz_code":0,"biz_msg":"OK"},"rtn_code":0,"rtn_msg":"请求成功！"}
Apr 25 00:43:10 浏览精选活动 【签到领京豆】
Apr 25 00:43:10 做任务结果：{"data":{"biz_code":0,"biz_msg":"OK"},"rtn_code":0,"rtn_msg":"请求成功！"}
Apr 25 00:43:10 浏览精选活动 【东东农场】
Apr 25 00:43:10 做任务结果：{"data":{"biz_code":0,"biz_msg":"OK"},"rtn_code":0,"rtn_msg":"请求成功！"}
Apr 25 00:43:10 【玩锦鲤红包】 任务未领取,开始领取此任务
Apr 25 00:43:10 领取任务结果：{"data":{"biz_code":0,"biz_msg":"OK"},"rtn_code":0,"rtn_msg":"请求成功！"}
Apr 25 00:43:10 【玩锦鲤红包】 任务领取成功,开始完成此任务
Apr 25 00:43:11 做任务结果：{"data":{"biz_code":0,"biz_msg":"OK"},"rtn_code":0,"rtn_msg":"请求成功！"}
Apr 25 00:43:11 【玩拼券活动】 任务未领取,开始领取此任务
Apr 25 00:43:11 领取任务结果：{"data":{"biz_code":0,"biz_msg":"OK"},"rtn_code":0,"rtn_msg":"请求成功！"}
Apr 25 00:43:11 【玩拼券活动】 任务领取成功,开始完成此任务
Apr 25 00:43:13 做任务结果：{"data":{"biz_code":0,"biz_msg":"OK"},"rtn_code":0,"rtn_msg":"请求成功！"}
Apr 25 00:43:13 【逛券后9.9】 任务未领取,开始领取此任务
Apr 25 00:43:13 领取任务结果：{"data":{"biz_code":0,"biz_msg":"OK"},"rtn_code":0,"rtn_msg":"请求成功！"}
Apr 25 00:43:13 【逛券后9.9】 任务领取成功,开始完成此任务
Apr 25 00:43:14 做任务结果：{"data":{"biz_code":0,"biz_msg":"OK"},"rtn_code":0,"rtn_msg":"请求成功！"}
Apr 25 00:43:14 【去买省钱券包】 任务未领取,开始领取此任务
Apr 25 00:43:14 领取任务结果：{"data":{"biz_code":0,"biz_msg":"OK"},"rtn_code":0,"rtn_msg":"请求成功！"}
Apr 25 00:43:14 【去买省钱券包】 任务领取成功,开始完成此任务
Apr 25 00:43:15 做任务结果：{"data":{"biz_code":0,"biz_msg":"OK"},"rtn_code":0,"rtn_msg":"请求成功！"}
Apr 25 00:43:15 开始领取点点券
Apr 25 00:43:15 
Apr 25 00:43:15 开始领取点点券
Apr 25 00:43:15 
Apr 25 00:43:15 开始领取点点券
Apr 25 00:43:15 
Apr 25 00:43:15 开始领取点点券
Apr 25 00:43:15 
Apr 25 00:43:16 开始领取点点券
Apr 25 00:43:16 
Apr 25 00:43:16 签到成功，时间：4/25/2021, 12:43:16 AM
Apr 25 00:43:16 
Apr 25 00:43:16 开始【京东账号5】jd_46928899fcc30
Apr 25 00:43:16 
Apr 25 00:43:16 【点击券后9.9】 任务未领取,开始领取此任务
Apr 25 00:43:16 领取任务结果：{"data":{"biz_code":0,"biz_msg":"OK","result":{"popoverShowTimes":5}},"rtn_code":0,"rtn_msg":"请求成功！"}
Apr 25 00:43:16 【点击券后9.9】 任务领取成功,开始完成此任务
Apr 25 00:43:48 点击“券后9.9”任务:{"code":"0","success":true,"busiCode":"0","message":"成功","result":{"msg":"无效活动","toast":"任务溜走了，逛逛领券中心吧～","taskRet":null,"subCode":"0"}}
Apr 25 00:43:48 【浏览精选活动】 任务未领取,开始领取此任务
Apr 25 00:43:48 领取任务结果：{"data":{"biz_code":0,"biz_msg":"OK"},"rtn_code":0,"rtn_msg":"请求成功！"}
Apr 25 00:43:48 【浏览精选活动】 任务领取成功,开始完成此任务
Apr 25 00:43:49 浏览精选活动 【种豆得豆】
Apr 25 00:43:49 做任务结果：{"data":{"biz_code":0,"biz_msg":"OK"},"rtn_code":0,"rtn_msg":"请求成功！"}
Apr 25 00:43:49 浏览精选活动 【京东到家】
Apr 25 00:43:49 做任务结果：{"data":{"biz_code":0,"biz_msg":"OK"},"rtn_code":0,"rtn_msg":"请求成功！"}
Apr 25 00:43:49 浏览精选活动 【签到领京豆】
Apr 25 00:43:50 做任务结果：{"data":{"biz_code":0,"biz_msg":"OK"},"rtn_code":0,"rtn_msg":"请求成功！"}
Apr 25 00:43:50 浏览精选活动 【东东农场】
Apr 25 00:43:50 做任务结果：{"data":{"biz_code":0,"biz_msg":"OK"},"rtn_code":0,"rtn_msg":"请求成功！"}
Apr 25 00:43:50 【玩锦鲤红包】 任务未领取,开始领取此任务
Apr 25 00:43:50 领取任务结果：{"data":{"biz_code":0,"biz_msg":"OK"},"rtn_code":0,"rtn_msg":"请求成功！"}
Apr 25 00:43:50 【玩锦鲤红包】 任务领取成功,开始完成此任务
Apr 25 00:43:51 做任务结果：{"data":{"biz_code":0,"biz_msg":"OK"},"rtn_code":0,"rtn_msg":"请求成功！"}
Apr 25 00:43:51 【玩拼券活动】 任务未领取,开始领取此任务
Apr 25 00:43:51 领取任务结果：{"data":{"biz_code":0,"biz_msg":"OK"},"rtn_code":0,"rtn_msg":"请求成功！"}
Apr 25 00:43:51 【玩拼券活动】 任务领取成功,开始完成此任务
Apr 25 00:43:52 做任务结果：{"data":{"biz_code":0,"biz_msg":"OK"},"rtn_code":0,"rtn_msg":"请求成功！"}
Apr 25 00:43:52 【逛券后9.9】 任务未领取,开始领取此任务
Apr 25 00:43:52 领取任务结果：{"data":{"biz_code":0,"biz_msg":"OK"},"rtn_code":0,"rtn_msg":"请求成功！"}
Apr 25 00:43:52 【逛券后9.9】 任务领取成功,开始完成此任务
Apr 25 00:43:53 做任务结果：{"data":{"biz_code":0,"biz_msg":"OK"},"rtn_code":0,"rtn_msg":"请求成功！"}
Apr 25 00:43:53 【去买省钱券包】 任务未领取,开始领取此任务
Apr 25 00:43:53 领取任务结果：{"data":{"biz_code":0,"biz_msg":"OK"},"rtn_code":0,"rtn_msg":"请求成功！"}
Apr 25 00:43:53 【去买省钱券包】 任务领取成功,开始完成此任务
Apr 25 00:43:55 做任务结果：{"data":{"biz_code":0,"biz_msg":"OK"},"rtn_code":0,"rtn_msg":"请求成功！"}
Apr 25 00:43:55 开始领取点点券
Apr 25 00:43:55 
Apr 25 00:43:55 开始领取点点券
Apr 25 00:43:55 
Apr 25 00:43:55 开始领取点点券
Apr 25 00:43:55 
Apr 25 00:43:55 开始领取点点券
Apr 25 00:43:55 
Apr 25 00:43:55 开始领取点点券
Apr 25 00:43:55 
Apr 25 00:43:55 签到成功，时间：4/25/2021, 12:43:55 AM
Apr 25 00:43:56 
Apr 25 00:43:56 开始【京东账号6】jd_EirxWEerdtmu
Apr 25 00:43:56 
Apr 25 00:43:56 【点击券后9.9】 任务未领取,开始领取此任务
Apr 25 00:43:56 领取任务结果：{"data":{"biz_code":0,"biz_msg":"OK","result":{"popoverShowTimes":5}},"rtn_code":0,"rtn_msg":"请求成功！"}
Apr 25 00:43:56 【点击券后9.9】 任务领取成功,开始完成此任务
Apr 25 00:44:27 点击“券后9.9”任务:{"code":"0","success":true,"busiCode":"0","message":"成功","result":{"msg":"无效活动","toast":"任务溜走了，逛逛领券中心吧～","taskRet":null,"subCode":"0"}}
Apr 25 00:44:27 【浏览精选活动】 任务未领取,开始领取此任务
Apr 25 00:44:28 领取任务结果：{"data":{"biz_code":0,"biz_msg":"OK"},"rtn_code":0,"rtn_msg":"请求成功！"}
Apr 25 00:44:28 【浏览精选活动】 任务领取成功,开始完成此任务
Apr 25 00:44:29 浏览精选活动 【种豆得豆】
Apr 25 00:44:29 做任务结果：{"data":{"biz_code":0,"biz_msg":"OK"},"rtn_code":0,"rtn_msg":"请求成功！"}
Apr 25 00:44:29 浏览精选活动 【京东到家】
Apr 25 00:44:29 做任务结果：{"data":{"biz_code":0,"biz_msg":"OK"},"rtn_code":0,"rtn_msg":"请求成功！"}
Apr 25 00:44:29 浏览精选活动 【签到领京豆】
Apr 25 00:44:29 做任务结果：{"data":{"biz_code":0,"biz_msg":"OK"},"rtn_code":0,"rtn_msg":"请求成功！"}
Apr 25 00:44:29 浏览精选活动 【东东农场】
Apr 25 00:44:29 做任务结果：{"data":{"biz_code":0,"biz_msg":"OK"},"rtn_code":0,"rtn_msg":"请求成功！"}
Apr 25 00:44:29 【玩锦鲤红包】 任务未领取,开始领取此任务
Apr 25 00:44:29 领取任务结果：{"data":{"biz_code":0,"biz_msg":"OK"},"rtn_code":0,"rtn_msg":"请求成功！"}
Apr 25 00:44:29 【玩锦鲤红包】 任务领取成功,开始完成此任务
Apr 25 00:44:30 做任务结果：{"data":{"biz_code":0,"biz_msg":"OK"},"rtn_code":0,"rtn_msg":"请求成功！"}
Apr 25 00:44:30 【玩拼券活动】 任务未领取,开始领取此任务
Apr 25 00:44:30 领取任务结果：{"data":{"biz_code":0,"biz_msg":"OK"},"rtn_code":0,"rtn_msg":"请求成功！"}
Apr 25 00:44:30 【玩拼券活动】 任务领取成功,开始完成此任务
Apr 25 00:44:32 做任务结果：{"data":{"biz_code":0,"biz_msg":"OK"},"rtn_code":0,"rtn_msg":"请求成功！"}
Apr 25 00:44:32 【逛券后9.9】 任务未领取,开始领取此任务
Apr 25 00:44:32 领取任务结果：{"data":{"biz_code":0,"biz_msg":"OK"},"rtn_code":0,"rtn_msg":"请求成功！"}
Apr 25 00:44:32 【逛券后9.9】 任务领取成功,开始完成此任务
Apr 25 00:44:33 做任务结果：{"data":{"biz_code":0,"biz_msg":"OK"},"rtn_code":0,"rtn_msg":"请求成功！"}
Apr 25 00:44:33 【去买省钱券包】 任务未领取,开始领取此任务
Apr 25 00:44:33 领取任务结果：{"data":{"biz_code":0,"biz_msg":"OK"},"rtn_code":0,"rtn_msg":"请求成功！"}
Apr 25 00:44:33 【去买省钱券包】 任务领取成功,开始完成此任务
Apr 25 00:44:34 做任务结果：{"data":{"biz_code":0,"biz_msg":"OK"},"rtn_code":0,"rtn_msg":"请求成功！"}
Apr 25 00:44:34 开始领取点点券
Apr 25 00:44:34 
Apr 25 00:44:34 开始领取点点券
Apr 25 00:44:34 
Apr 25 00:44:34 开始领取点点券
Apr 25 00:44:34 
Apr 25 00:44:34 开始领取点点券
Apr 25 00:44:34 
Apr 25 00:44:34 开始领取点点券
Apr 25 00:44:34 
Apr 25 00:44:35 签到成功，时间：4/25/2021, 12:44:35 AM
Apr 25 00:44:35 
Apr 25 00:44:35 🔔点点券, 结束! 🕛 191.312 秒
Apr 25 00:44:35 
Apr 25 20:41:22 
Apr 25 20:41:22 🔔点点券, 开始!
Apr 25 20:41:22 
Apr 25 20:41:22 ====================共6个京东账号Cookie=========
Apr 25 20:41:22 
Apr 25 20:41:22 ==================脚本执行- 北京时间(UTC+8)：4/25/2021, 8:41:22 PM=====================
Apr 25 20:41:22 
Apr 25 20:41:22 
Apr 25 20:41:22 开始【京东账号1】18337656372_p
Apr 25 20:41:22 
Apr 25 20:41:22 
Apr 25 20:41:22 【点击“领券”】 任务已领取但未完成,开始完成此任务
Apr 25 20:41:38 点击首页领券图标(进入领券中心浏览15s)任务:{"code":"0","success":true,"busiCode":"0","message":"成功","result":{"msg":"无效活动","toast":"任务溜走了，逛逛领券中心吧～","taskRet":null,"subCode":"0"}}
Apr 25 20:41:38 浏览精选活动奖励已领取
Apr 25 20:41:38 玩锦鲤红包奖励已领取
Apr 25 20:41:38 玩拼券活动奖励已领取
Apr 25 20:41:38 逛券后9.9奖励已领取
Apr 25 20:41:38 去买省钱券包奖励已领取
Apr 25 20:41:38 签到成功，时间：4/25/2021, 8:41:38 PM
Apr 25 20:41:38 
Apr 25 20:41:38 ==============📣系统通知📣==============
Apr 25 20:41:38 点点券
Apr 25 20:41:38 京东账号1 18337656372_p
Apr 25 20:41:38 当前点点券：16870个
Apr 25 20:41:38 可兑换无门槛红包：16.87元
Apr 25 20:41:38 点击弹窗即可去兑换(注：此红包具有时效性)
Apr 25 20:41:39 
Apr 25 20:41:39 开始【京东账号2】jd_MCazEJrLyuXn
Apr 25 20:41:39 
Apr 25 20:41:39 【点击券后9.9】 任务未领取,开始领取此任务
Apr 25 20:41:39 领取任务结果：{"data":{"biz_code":2222,"biz_msg":"活动太火爆了，还是去买买买吧~"},"rtn_code":0,"rtn_msg":"请求成功！"}
Apr 25 20:41:39 【点击券后9.9】 任务领取成功,开始完成此任务
Apr 25 20:42:11 点击“券后9.9”任务:{"code":"0","success":true,"busiCode":"0","message":"成功","result":{"msg":"无效活动","toast":"任务溜走了，逛逛领券中心吧～","taskRet":null,"subCode":"0"}}
Apr 25 20:42:11 【浏览精选活动】 任务未领取,开始领取此任务
Apr 25 20:42:11 领取任务结果：{"data":{"biz_code":2222,"biz_msg":"活动太火爆了，还是去买买买吧~"},"rtn_code":0,"rtn_msg":"请求成功！"}
Apr 25 20:42:11 【浏览精选活动】 任务领取成功,开始完成此任务
Apr 25 20:42:12 【玩锦鲤红包】 任务未领取,开始领取此任务
Apr 25 20:42:12 领取任务结果：{"data":{"biz_code":2222,"biz_msg":"活动太火爆了，还是去买买买吧~"},"rtn_code":0,"rtn_msg":"请求成功！"}
Apr 25 20:42:12 【玩锦鲤红包】 任务领取成功,开始完成此任务
Apr 25 20:42:13 做任务结果：{"data":{"biz_code":1002,"biz_msg":"用户未领取该任务"},"rtn_code":0,"rtn_msg":"请求成功！"}
Apr 25 20:42:13 【玩拼券活动】 任务未领取,开始领取此任务
Apr 25 20:42:13 领取任务结果：{"data":{"biz_code":2222,"biz_msg":"活动太火爆了，还是去买买买吧~"},"rtn_code":0,"rtn_msg":"请求成功！"}
Apr 25 20:42:13 【玩拼券活动】 任务领取成功,开始完成此任务
Apr 25 20:42:14 做任务结果：{"data":{"biz_code":1002,"biz_msg":"用户未领取该任务"},"rtn_code":0,"rtn_msg":"请求成功！"}
Apr 25 20:42:14 【逛券后9.9】 任务未领取,开始领取此任务
Apr 25 20:42:14 领取任务结果：{"data":{"biz_code":2222,"biz_msg":"活动太火爆了，还是去买买买吧~"},"rtn_code":0,"rtn_msg":"请求成功！"}
Apr 25 20:42:14 【逛券后9.9】 任务领取成功,开始完成此任务
Apr 25 20:42:15 做任务结果：{"data":{"biz_code":1002,"biz_msg":"用户未领取该任务"},"rtn_code":0,"rtn_msg":"请求成功！"}
Apr 25 20:42:15 【去买省钱券包】 任务未领取,开始领取此任务
Apr 25 20:42:15 领取任务结果：{"data":{"biz_code":2222,"biz_msg":"活动太火爆了，还是去买买买吧~"},"rtn_code":0,"rtn_msg":"请求成功！"}
Apr 25 20:42:15 【去买省钱券包】 任务领取成功,开始完成此任务
Apr 25 20:42:17 做任务结果：{"data":{"biz_code":1002,"biz_msg":"用户未领取该任务"},"rtn_code":0,"rtn_msg":"请求成功！"}
Apr 25 20:42:17 
Apr 25 20:42:17 ==============📣系统通知📣==============
Apr 25 20:42:17 点点券
Apr 25 20:42:17 京东账号2 jd_MCazEJrLyuXn
Apr 25 20:42:17 当前点点券：1820个
Apr 25 20:42:17 可兑换无门槛红包：1.82元
Apr 25 20:42:17 点击弹窗即可去兑换(注：此红包具有时效性)
Apr 25 20:42:17 
Apr 25 20:42:17 开始【京东账号3】鬼神之吕奉先
Apr 25 20:42:17 
Apr 25 20:42:17 
Apr 25 20:42:17 【点击“领券”】 任务已领取但未完成,开始完成此任务
Apr 25 20:42:33 点击首页领券图标(进入领券中心浏览15s)任务:{"code":"0","success":true,"busiCode":"0","message":"成功","result":{"msg":"无效活动","toast":"任务溜走了，逛逛领券中心吧～","taskRet":null,"subCode":"0"}}
Apr 25 20:42:33 浏览精选活动奖励已领取
Apr 25 20:42:33 玩锦鲤红包奖励已领取
Apr 25 20:42:33 玩拼券活动奖励已领取
Apr 25 20:42:33 逛券后9.9奖励已领取
Apr 25 20:42:33 去买省钱券包奖励已领取
Apr 25 20:42:33 签到成功，时间：4/25/2021, 8:42:33 PM
Apr 25 20:42:33 
Apr 25 20:42:33 ==============📣系统通知📣==============
Apr 25 20:42:33 点点券
Apr 25 20:42:33 京东账号3 鬼神之吕奉先
Apr 25 20:42:33 当前点点券：8570个
Apr 25 20:42:33 可兑换无门槛红包：8.57元
Apr 25 20:42:33 点击弹窗即可去兑换(注：此红包具有时效性)
Apr 25 20:42:33 
Apr 25 20:42:33 开始【京东账号4】jd_6ba76f15069fd
Apr 25 20:42:33 
Apr 25 20:42:33 
Apr 25 20:42:33 【点击“领券”】 任务已领取但未完成,开始完成此任务
Apr 25 20:42:49 点击首页领券图标(进入领券中心浏览15s)任务:{"code":"0","success":true,"busiCode":"0","message":"成功","result":{"msg":"无效活动","toast":"任务溜走了，逛逛领券中心吧～","taskRet":null,"subCode":"0"}}
Apr 25 20:42:49 浏览精选活动奖励已领取
Apr 25 20:42:49 玩锦鲤红包奖励已领取
Apr 25 20:42:49 玩拼券活动奖励已领取
Apr 25 20:42:49 逛券后9.9奖励已领取
Apr 25 20:42:49 去买省钱券包奖励已领取
Apr 25 20:42:49 签到成功，时间：4/25/2021, 8:42:49 PM
Apr 25 20:42:50 
Apr 25 20:42:50 ==============📣系统通知📣==============
Apr 25 20:42:50 点点券
Apr 25 20:42:50 京东账号4 jd_6ba76f15069fd
Apr 25 20:42:50 当前点点券：1980个
Apr 25 20:42:50 可兑换无门槛红包：1.98元
Apr 25 20:42:50 点击弹窗即可去兑换(注：此红包具有时效性)
Apr 25 20:42:50 
Apr 25 20:42:50 开始【京东账号5】jd_46928899fcc30
Apr 25 20:42:50 
Apr 25 20:42:50 
Apr 25 20:42:50 【点击券后9.9】 任务已领取但未完成,开始完成此任务
Apr 25 20:43:21 点击“券后9.9”任务:{"code":"0","success":true,"busiCode":"0","message":"成功","result":{"msg":"无效活动","toast":"任务溜走了，逛逛领券中心吧～","taskRet":null,"subCode":"0"}}
Apr 25 20:43:21 浏览精选活动奖励已领取
Apr 25 20:43:21 玩锦鲤红包奖励已领取
Apr 25 20:43:21 玩拼券活动奖励已领取
Apr 25 20:43:21 逛券后9.9奖励已领取
Apr 25 20:43:21 去买省钱券包奖励已领取
Apr 25 20:43:21 签到成功，时间：4/25/2021, 8:43:21 PM
Apr 25 20:43:21 
Apr 25 20:43:21 ==============📣系统通知📣==============
Apr 25 20:43:21 点点券
Apr 25 20:43:21 京东账号5 jd_46928899fcc30
Apr 25 20:43:21 当前点点券：1970个
Apr 25 20:43:21 可兑换无门槛红包：1.97元
Apr 25 20:43:21 点击弹窗即可去兑换(注：此红包具有时效性)
Apr 25 20:43:21 
Apr 25 20:43:21 开始【京东账号6】jd_EirxWEerdtmu
Apr 25 20:43:21 
Apr 25 20:43:21 
Apr 25 20:43:21 【点击券后9.9】 任务已领取但未完成,开始完成此任务
Apr 25 20:43:52 点击“券后9.9”任务:{"code":"0","success":true,"busiCode":"0","message":"成功","result":{"msg":"无效活动","toast":"任务溜走了，逛逛领券中心吧～","taskRet":null,"subCode":"0"}}
Apr 25 20:43:52 浏览精选活动奖励已领取
Apr 25 20:43:52 玩锦鲤红包奖励已领取
Apr 25 20:43:52 玩拼券活动奖励已领取
Apr 25 20:43:52 逛券后9.9奖励已领取
Apr 25 20:43:52 去买省钱券包奖励已领取
Apr 25 20:43:52 签到成功，时间：4/25/2021, 8:43:52 PM
Apr 25 20:43:52 
Apr 25 20:43:52 ==============📣系统通知📣==============
Apr 25 20:43:52 点点券
Apr 25 20:43:52 京东账号6 jd_EirxWEerdtmu
Apr 25 20:43:52 当前点点券：1960个
Apr 25 20:43:52 可兑换无门槛红包：1.96元
Apr 25 20:43:52 点击弹窗即可去兑换(注：此红包具有时效性)
Apr 25 20:43:52 
Apr 25 20:43:52 🔔点点券, 结束! 🕛 150.339 秒
Apr 25 20:43:52 
Apr 26 00:41:52 
Apr 26 00:41:52 🔔点点券, 开始!
Apr 26 00:41:52 
Apr 26 00:41:52 ====================共6个京东账号Cookie=========
Apr 26 00:41:52 
Apr 26 00:41:52 ==================脚本执行- 北京时间(UTC+8)：4/26/2021, 12:41:52 AM=====================
Apr 26 00:41:52 
Apr 26 00:41:53 
Apr 26 00:41:53 开始【京东账号1】18337656372_p
Apr 26 00:41:53 
Apr 26 00:41:53 【点击“领券”】 任务未领取,开始领取此任务
Apr 26 00:41:53 领取任务结果：{"data":{"biz_code":0,"biz_msg":"OK","result":{"popoverShowTimes":5}},"rtn_code":0,"rtn_msg":"请求成功！"}
Apr 26 00:41:53 【点击“领券”】 任务领取成功,开始完成此任务
Apr 26 00:42:10 点击首页领券图标(进入领券中心浏览15s)任务:{"code":"0","success":true,"busiCode":"0","message":"成功","result":{"msg":"无效活动","toast":"任务溜走了，逛逛领券中心吧～","taskRet":null,"subCode":"0"}}
Apr 26 00:42:10 【浏览精选活动】 任务未领取,开始领取此任务
Apr 26 00:42:10 领取任务结果：{"data":{"biz_code":0,"biz_msg":"OK"},"rtn_code":0,"rtn_msg":"请求成功！"}
Apr 26 00:42:10 【浏览精选活动】 任务领取成功,开始完成此任务
Apr 26 00:42:11 浏览精选活动 【种豆得豆】
Apr 26 00:42:11 做任务结果：{"data":{"biz_code":0,"biz_msg":"OK"},"rtn_code":0,"rtn_msg":"请求成功！"}
Apr 26 00:42:11 浏览精选活动 【京东到家】
Apr 26 00:42:11 做任务结果：{"data":{"biz_code":0,"biz_msg":"OK"},"rtn_code":0,"rtn_msg":"请求成功！"}
Apr 26 00:42:11 浏览精选活动 【签到领京豆】
Apr 26 00:42:11 做任务结果：{"data":{"biz_code":0,"biz_msg":"OK"},"rtn_code":0,"rtn_msg":"请求成功！"}
Apr 26 00:42:11 浏览精选活动 【东东农场】
Apr 26 00:42:11 做任务结果：{"data":{"biz_code":0,"biz_msg":"OK"},"rtn_code":0,"rtn_msg":"请求成功！"}
Apr 26 00:42:11 【玩锦鲤红包】 任务未领取,开始领取此任务
Apr 26 00:42:11 领取任务结果：{"data":{"biz_code":0,"biz_msg":"OK"},"rtn_code":0,"rtn_msg":"请求成功！"}
Apr 26 00:42:11 【玩锦鲤红包】 任务领取成功,开始完成此任务
Apr 26 00:42:13 做任务结果：{"data":{"biz_code":0,"biz_msg":"OK"},"rtn_code":0,"rtn_msg":"请求成功！"}
Apr 26 00:42:13 【玩拼券活动】 任务未领取,开始领取此任务
Apr 26 00:42:13 领取任务结果：{"data":{"biz_code":0,"biz_msg":"OK"},"rtn_code":0,"rtn_msg":"请求成功！"}
Apr 26 00:42:13 【玩拼券活动】 任务领取成功,开始完成此任务
Apr 26 00:42:14 做任务结果：{"data":{"biz_code":0,"biz_msg":"OK"},"rtn_code":0,"rtn_msg":"请求成功！"}
Apr 26 00:42:14 【逛券后9.9】 任务未领取,开始领取此任务
Apr 26 00:42:14 领取任务结果：{"data":{"biz_code":0,"biz_msg":"OK"},"rtn_code":0,"rtn_msg":"请求成功！"}
Apr 26 00:42:14 【逛券后9.9】 任务领取成功,开始完成此任务
Apr 26 00:42:15 做任务结果：{"data":{"biz_code":0,"biz_msg":"OK"},"rtn_code":0,"rtn_msg":"请求成功！"}
Apr 26 00:42:15 【去买省钱券包】 任务未领取,开始领取此任务
Apr 26 00:42:15 领取任务结果：{"data":{"biz_code":0,"biz_msg":"OK"},"rtn_code":0,"rtn_msg":"请求成功！"}
Apr 26 00:42:15 【去买省钱券包】 任务领取成功,开始完成此任务
Apr 26 00:42:16 做任务结果：{"data":{"biz_code":0,"biz_msg":"OK"},"rtn_code":0,"rtn_msg":"请求成功！"}
Apr 26 00:42:16 开始领取点点券
Apr 26 00:42:16 
Apr 26 00:42:16 开始领取点点券
Apr 26 00:42:16 
Apr 26 00:42:17 开始领取点点券
Apr 26 00:42:17 
Apr 26 00:42:17 开始领取点点券
Apr 26 00:42:17 
Apr 26 00:42:17 开始领取点点券
Apr 26 00:42:17 
Apr 26 00:42:17 签到成功，时间：4/26/2021, 12:42:17 AM
Apr 26 00:42:17 
Apr 26 00:42:17 开始【京东账号2】jd_MCazEJrLyuXn
Apr 26 00:42:17 
Apr 26 00:42:17 【点击券后9.9】 任务未领取,开始领取此任务
Apr 26 00:42:17 领取任务结果：{"data":{"biz_code":2222,"biz_msg":"活动太火爆了，还是去买买买吧~"},"rtn_code":0,"rtn_msg":"请求成功！"}
Apr 26 00:42:17 【点击券后9.9】 任务领取成功,开始完成此任务
Apr 26 00:42:49 点击“券后9.9”任务:{"code":"0","success":true,"busiCode":"0","message":"成功","result":{"msg":"无效活动","toast":"任务溜走了，逛逛领券中心吧～","taskRet":null,"subCode":"0"}}
Apr 26 00:42:49 【浏览精选活动】 任务未领取,开始领取此任务
Apr 26 00:42:49 领取任务结果：{"data":{"biz_code":2222,"biz_msg":"活动太火爆了，还是去买买买吧~"},"rtn_code":0,"rtn_msg":"请求成功！"}
Apr 26 00:42:49 【浏览精选活动】 任务领取成功,开始完成此任务
Apr 26 00:42:50 【玩锦鲤红包】 任务未领取,开始领取此任务
Apr 26 00:42:50 领取任务结果：{"data":{"biz_code":2222,"biz_msg":"活动太火爆了，还是去买买买吧~"},"rtn_code":0,"rtn_msg":"请求成功！"}
Apr 26 00:42:50 【玩锦鲤红包】 任务领取成功,开始完成此任务
Apr 26 00:42:52 做任务结果：{"data":{"biz_code":1002,"biz_msg":"用户未领取该任务"},"rtn_code":0,"rtn_msg":"请求成功！"}
Apr 26 00:42:52 【玩拼券活动】 任务未领取,开始领取此任务
Apr 26 00:42:52 领取任务结果：{"data":{"biz_code":2222,"biz_msg":"活动太火爆了，还是去买买买吧~"},"rtn_code":0,"rtn_msg":"请求成功！"}
Apr 26 00:42:52 【玩拼券活动】 任务领取成功,开始完成此任务
Apr 26 00:42:53 做任务结果：{"data":{"biz_code":1002,"biz_msg":"用户未领取该任务"},"rtn_code":0,"rtn_msg":"请求成功！"}
Apr 26 00:42:53 【逛券后9.9】 任务未领取,开始领取此任务
Apr 26 00:42:53 领取任务结果：{"data":{"biz_code":2222,"biz_msg":"活动太火爆了，还是去买买买吧~"},"rtn_code":0,"rtn_msg":"请求成功！"}
Apr 26 00:42:53 【逛券后9.9】 任务领取成功,开始完成此任务
Apr 26 00:42:54 做任务结果：{"data":{"biz_code":1002,"biz_msg":"用户未领取该任务"},"rtn_code":0,"rtn_msg":"请求成功！"}
Apr 26 00:42:54 【去买省钱券包】 任务未领取,开始领取此任务
Apr 26 00:42:54 领取任务结果：{"data":{"biz_code":2222,"biz_msg":"活动太火爆了，还是去买买买吧~"},"rtn_code":0,"rtn_msg":"请求成功！"}
Apr 26 00:42:54 【去买省钱券包】 任务领取成功,开始完成此任务
Apr 26 00:42:55 做任务结果：{"data":{"biz_code":1002,"biz_msg":"用户未领取该任务"},"rtn_code":0,"rtn_msg":"请求成功！"}
Apr 26 00:42:56 
Apr 26 00:42:56 开始【京东账号3】鬼神之吕奉先
Apr 26 00:42:56 
Apr 26 00:42:56 【点击“领券”】 任务未领取,开始领取此任务
Apr 26 00:42:56 领取任务结果：{"data":{"biz_code":0,"biz_msg":"OK","result":{"popoverShowTimes":5}},"rtn_code":0,"rtn_msg":"请求成功！"}
Apr 26 00:42:56 【点击“领券”】 任务领取成功,开始完成此任务
Apr 26 00:43:13 点击首页领券图标(进入领券中心浏览15s)任务:{"code":"0","success":true,"busiCode":"0","message":"成功","result":{"msg":"无效活动","toast":"任务溜走了，逛逛领券中心吧～","taskRet":null,"subCode":"0"}}
Apr 26 00:43:13 【浏览精选活动】 任务未领取,开始领取此任务
Apr 26 00:43:13 领取任务结果：{"data":{"biz_code":0,"biz_msg":"OK"},"rtn_code":0,"rtn_msg":"请求成功！"}
Apr 26 00:43:13 【浏览精选活动】 任务领取成功,开始完成此任务
Apr 26 00:43:14 浏览精选活动 【种豆得豆】
Apr 26 00:43:14 做任务结果：{"data":{"biz_code":0,"biz_msg":"OK"},"rtn_code":0,"rtn_msg":"请求成功！"}
Apr 26 00:43:14 浏览精选活动 【京东到家】
Apr 26 00:43:14 做任务结果：{"data":{"biz_code":0,"biz_msg":"OK"},"rtn_code":0,"rtn_msg":"请求成功！"}
Apr 26 00:43:14 浏览精选活动 【签到领京豆】
Apr 26 00:43:14 做任务结果：{"data":{"biz_code":0,"biz_msg":"OK"},"rtn_code":0,"rtn_msg":"请求成功！"}
Apr 26 00:43:14 浏览精选活动 【东东农场】
Apr 26 00:43:14 做任务结果：{"data":{"biz_code":0,"biz_msg":"OK"},"rtn_code":0,"rtn_msg":"请求成功！"}
Apr 26 00:43:14 【玩锦鲤红包】 任务未领取,开始领取此任务
Apr 26 00:43:14 领取任务结果：{"data":{"biz_code":0,"biz_msg":"OK"},"rtn_code":0,"rtn_msg":"请求成功！"}
Apr 26 00:43:14 【玩锦鲤红包】 任务领取成功,开始完成此任务
Apr 26 00:43:15 做任务结果：{"data":{"biz_code":0,"biz_msg":"OK"},"rtn_code":0,"rtn_msg":"请求成功！"}
Apr 26 00:43:15 【玩拼券活动】 任务未领取,开始领取此任务
Apr 26 00:43:16 领取任务结果：{"data":{"biz_code":0,"biz_msg":"OK"},"rtn_code":0,"rtn_msg":"请求成功！"}
Apr 26 00:43:16 【玩拼券活动】 任务领取成功,开始完成此任务
Apr 26 00:43:17 做任务结果：{"data":{"biz_code":0,"biz_msg":"OK"},"rtn_code":0,"rtn_msg":"请求成功！"}
Apr 26 00:43:17 【逛券后9.9】 任务未领取,开始领取此任务
Apr 26 00:43:17 领取任务结果：{"data":{"biz_code":0,"biz_msg":"OK"},"rtn_code":0,"rtn_msg":"请求成功！"}
Apr 26 00:43:17 【逛券后9.9】 任务领取成功,开始完成此任务
Apr 26 00:43:18 做任务结果：{"data":{"biz_code":0,"biz_msg":"OK"},"rtn_code":0,"rtn_msg":"请求成功！"}
Apr 26 00:43:18 【去买省钱券包】 任务未领取,开始领取此任务
Apr 26 00:43:18 领取任务结果：{"data":{"biz_code":0,"biz_msg":"OK"},"rtn_code":0,"rtn_msg":"请求成功！"}
Apr 26 00:43:18 【去买省钱券包】 任务领取成功,开始完成此任务
Apr 26 00:43:19 做任务结果：{"data":{"biz_code":0,"biz_msg":"OK"},"rtn_code":0,"rtn_msg":"请求成功！"}
Apr 26 00:43:19 开始领取点点券
Apr 26 00:43:19 
Apr 26 00:43:19 开始领取点点券
Apr 26 00:43:19 
Apr 26 00:43:19 开始领取点点券
Apr 26 00:43:19 
Apr 26 00:43:19 开始领取点点券
Apr 26 00:43:19 
Apr 26 00:43:20 开始领取点点券
Apr 26 00:43:20 
Apr 26 00:43:20 签到成功，时间：4/26/2021, 12:43:20 AM
Apr 26 00:43:20 
Apr 26 00:43:20 开始【京东账号4】jd_6ba76f15069fd
Apr 26 00:43:20 
Apr 26 00:43:20 【点击“领券”】 任务未领取,开始领取此任务
Apr 26 00:43:20 领取任务结果：{"data":{"biz_code":0,"biz_msg":"OK","result":{"popoverShowTimes":5}},"rtn_code":0,"rtn_msg":"请求成功！"}
Apr 26 00:43:20 【点击“领券”】 任务领取成功,开始完成此任务
Apr 26 00:43:37 点击首页领券图标(进入领券中心浏览15s)任务:{"code":"0","success":true,"busiCode":"0","message":"成功","result":{"msg":"无效活动","toast":"任务溜走了，逛逛领券中心吧～","taskRet":null,"subCode":"0"}}
Apr 26 00:43:37 【浏览精选活动】 任务未领取,开始领取此任务
Apr 26 00:43:37 领取任务结果：{"data":{"biz_code":0,"biz_msg":"OK"},"rtn_code":0,"rtn_msg":"请求成功！"}
Apr 26 00:43:37 【浏览精选活动】 任务领取成功,开始完成此任务
Apr 26 00:43:38 浏览精选活动 【种豆得豆】
Apr 26 00:43:38 做任务结果：{"data":{"biz_code":0,"biz_msg":"OK"},"rtn_code":0,"rtn_msg":"请求成功！"}
Apr 26 00:43:38 浏览精选活动 【京东到家】
Apr 26 00:43:38 做任务结果：{"data":{"biz_code":0,"biz_msg":"OK"},"rtn_code":0,"rtn_msg":"请求成功！"}
Apr 26 00:43:38 浏览精选活动 【签到领京豆】
Apr 26 00:43:39 做任务结果：{"data":{"biz_code":0,"biz_msg":"OK"},"rtn_code":0,"rtn_msg":"请求成功！"}
Apr 26 00:43:39 浏览精选活动 【东东农场】
Apr 26 00:43:39 做任务结果：{"data":{"biz_code":0,"biz_msg":"OK"},"rtn_code":0,"rtn_msg":"请求成功！"}
Apr 26 00:43:39 【玩锦鲤红包】 任务未领取,开始领取此任务
Apr 26 00:43:39 领取任务结果：{"data":{"biz_code":0,"biz_msg":"OK"},"rtn_code":0,"rtn_msg":"请求成功！"}
Apr 26 00:43:39 【玩锦鲤红包】 任务领取成功,开始完成此任务
Apr 26 00:43:40 做任务结果：{"data":{"biz_code":0,"biz_msg":"OK"},"rtn_code":0,"rtn_msg":"请求成功！"}
Apr 26 00:43:40 【玩拼券活动】 任务未领取,开始领取此任务
Apr 26 00:43:40 领取任务结果：{"data":{"biz_code":0,"biz_msg":"OK"},"rtn_code":0,"rtn_msg":"请求成功！"}
Apr 26 00:43:40 【玩拼券活动】 任务领取成功,开始完成此任务
Apr 26 00:43:41 做任务结果：{"data":{"biz_code":0,"biz_msg":"OK"},"rtn_code":0,"rtn_msg":"请求成功！"}
Apr 26 00:43:41 【逛券后9.9】 任务未领取,开始领取此任务
Apr 26 00:43:41 领取任务结果：{"data":{"biz_code":0,"biz_msg":"OK"},"rtn_code":0,"rtn_msg":"请求成功！"}
Apr 26 00:43:41 【逛券后9.9】 任务领取成功,开始完成此任务
Apr 26 00:43:42 做任务结果：{"data":{"biz_code":0,"biz_msg":"OK"},"rtn_code":0,"rtn_msg":"请求成功！"}
Apr 26 00:43:42 【去买省钱券包】 任务未领取,开始领取此任务
Apr 26 00:43:42 领取任务结果：{"data":{"biz_code":0,"biz_msg":"OK"},"rtn_code":0,"rtn_msg":"请求成功！"}
Apr 26 00:43:42 【去买省钱券包】 任务领取成功,开始完成此任务
Apr 26 00:43:44 做任务结果：{"data":{"biz_code":0,"biz_msg":"OK"},"rtn_code":0,"rtn_msg":"请求成功！"}
Apr 26 00:43:44 开始领取点点券
Apr 26 00:43:44 
Apr 26 00:43:44 开始领取点点券
Apr 26 00:43:44 
Apr 26 00:43:44 开始领取点点券
Apr 26 00:43:44 
Apr 26 00:43:44 开始领取点点券
Apr 26 00:43:44 
Apr 26 00:43:44 开始领取点点券
Apr 26 00:43:44 
Apr 26 00:43:44 签到成功，时间：4/26/2021, 12:43:44 AM
Apr 26 00:43:45 
Apr 26 00:43:45 开始【京东账号5】jd_46928899fcc30
Apr 26 00:43:45 
Apr 26 00:43:45 【点击券后9.9】 任务未领取,开始领取此任务
Apr 26 00:43:45 领取任务结果：{"data":{"biz_code":0,"biz_msg":"OK","result":{"popoverShowTimes":5}},"rtn_code":0,"rtn_msg":"请求成功！"}
Apr 26 00:43:45 【点击券后9.9】 任务领取成功,开始完成此任务
Apr 26 00:44:17 点击“券后9.9”任务:{"code":"0","success":true,"busiCode":"0","message":"成功","result":{"msg":"无效活动","toast":"任务溜走了，逛逛领券中心吧～","taskRet":null,"subCode":"0"}}
Apr 26 00:44:17 【浏览精选活动】 任务未领取,开始领取此任务
Apr 26 00:44:17 领取任务结果：{"data":{"biz_code":0,"biz_msg":"OK"},"rtn_code":0,"rtn_msg":"请求成功！"}
Apr 26 00:44:17 【浏览精选活动】 任务领取成功,开始完成此任务
Apr 26 00:44:18 浏览精选活动 【种豆得豆】
Apr 26 00:44:18 做任务结果：{"data":{"biz_code":0,"biz_msg":"OK"},"rtn_code":0,"rtn_msg":"请求成功！"}
Apr 26 00:44:18 浏览精选活动 【京东到家】
Apr 26 00:44:18 做任务结果：{"data":{"biz_code":0,"biz_msg":"OK"},"rtn_code":0,"rtn_msg":"请求成功！"}
Apr 26 00:44:18 浏览精选活动 【签到领京豆】
Apr 26 00:44:18 做任务结果：{"data":{"biz_code":0,"biz_msg":"OK"},"rtn_code":0,"rtn_msg":"请求成功！"}
Apr 26 00:44:18 浏览精选活动 【东东农场】
Apr 26 00:44:18 做任务结果：{"data":{"biz_code":0,"biz_msg":"OK"},"rtn_code":0,"rtn_msg":"请求成功！"}
Apr 26 00:44:18 【玩锦鲤红包】 任务未领取,开始领取此任务
Apr 26 00:44:18 领取任务结果：{"data":{"biz_code":0,"biz_msg":"OK"},"rtn_code":0,"rtn_msg":"请求成功！"}
Apr 26 00:44:18 【玩锦鲤红包】 任务领取成功,开始完成此任务
Apr 26 00:44:19 做任务结果：{"data":{"biz_code":0,"biz_msg":"OK"},"rtn_code":0,"rtn_msg":"请求成功！"}
Apr 26 00:44:19 【玩拼券活动】 任务未领取,开始领取此任务
Apr 26 00:44:20 领取任务结果：{"data":{"biz_code":0,"biz_msg":"OK"},"rtn_code":0,"rtn_msg":"请求成功！"}
Apr 26 00:44:20 【玩拼券活动】 任务领取成功,开始完成此任务
Apr 26 00:44:21 做任务结果：{"data":{"biz_code":0,"biz_msg":"OK"},"rtn_code":0,"rtn_msg":"请求成功！"}
Apr 26 00:44:21 【逛券后9.9】 任务未领取,开始领取此任务
Apr 26 00:44:21 领取任务结果：{"data":{"biz_code":0,"biz_msg":"OK"},"rtn_code":0,"rtn_msg":"请求成功！"}
Apr 26 00:44:21 【逛券后9.9】 任务领取成功,开始完成此任务
Apr 26 00:44:22 做任务结果：{"data":{"biz_code":0,"biz_msg":"OK"},"rtn_code":0,"rtn_msg":"请求成功！"}
Apr 26 00:44:22 【去买省钱券包】 任务未领取,开始领取此任务
Apr 26 00:44:22 领取任务结果：{"data":{"biz_code":0,"biz_msg":"OK"},"rtn_code":0,"rtn_msg":"请求成功！"}
Apr 26 00:44:22 【去买省钱券包】 任务领取成功,开始完成此任务
Apr 26 00:44:23 做任务结果：{"data":{"biz_code":0,"biz_msg":"OK"},"rtn_code":0,"rtn_msg":"请求成功！"}
Apr 26 00:44:23 开始领取点点券
Apr 26 00:44:23 
Apr 26 00:44:23 开始领取点点券
Apr 26 00:44:23 
Apr 26 00:44:23 开始领取点点券
Apr 26 00:44:23 
Apr 26 00:44:24 开始领取点点券
Apr 26 00:44:24 
Apr 26 00:44:24 开始领取点点券
Apr 26 00:44:24 
Apr 26 00:44:24 签到成功，时间：4/26/2021, 12:44:24 AM
Apr 26 00:44:24 
Apr 26 00:44:24 开始【京东账号6】jd_EirxWEerdtmu
Apr 26 00:44:24 
Apr 26 00:44:24 【点击券后9.9】 任务未领取,开始领取此任务
Apr 26 00:44:24 领取任务结果：{"data":{"biz_code":0,"biz_msg":"OK","result":{"popoverShowTimes":5}},"rtn_code":0,"rtn_msg":"请求成功！"}
Apr 26 00:44:24 【点击券后9.9】 任务领取成功,开始完成此任务
Apr 26 00:44:56 点击“券后9.9”任务:{"code":"0","success":true,"busiCode":"0","message":"成功","result":{"msg":"无效活动","toast":"任务溜走了，逛逛领券中心吧～","taskRet":null,"subCode":"0"}}
Apr 26 00:44:56 【浏览精选活动】 任务未领取,开始领取此任务
Apr 26 00:44:56 领取任务结果：{"data":{"biz_code":0,"biz_msg":"OK"},"rtn_code":0,"rtn_msg":"请求成功！"}
Apr 26 00:44:56 【浏览精选活动】 任务领取成功,开始完成此任务
Apr 26 00:44:57 浏览精选活动 【种豆得豆】
Apr 26 00:44:57 做任务结果：{"data":{"biz_code":0,"biz_msg":"OK"},"rtn_code":0,"rtn_msg":"请求成功！"}
Apr 26 00:44:57 浏览精选活动 【京东到家】
Apr 26 00:44:58 做任务结果：{"data":{"biz_code":0,"biz_msg":"OK"},"rtn_code":0,"rtn_msg":"请求成功！"}
Apr 26 00:44:58 浏览精选活动 【签到领京豆】
Apr 26 00:44:58 做任务结果：{"data":{"biz_code":0,"biz_msg":"OK"},"rtn_code":0,"rtn_msg":"请求成功！"}
Apr 26 00:44:58 浏览精选活动 【东东农场】
Apr 26 00:44:58 做任务结果：{"data":{"biz_code":0,"biz_msg":"OK"},"rtn_code":0,"rtn_msg":"请求成功！"}
Apr 26 00:44:58 【玩锦鲤红包】 任务未领取,开始领取此任务
Apr 26 00:44:58 领取任务结果：{"data":{"biz_code":0,"biz_msg":"OK"},"rtn_code":0,"rtn_msg":"请求成功！"}
Apr 26 00:44:58 【玩锦鲤红包】 任务领取成功,开始完成此任务
Apr 26 00:44:59 做任务结果：{"data":{"biz_code":0,"biz_msg":"OK"},"rtn_code":0,"rtn_msg":"请求成功！"}
Apr 26 00:44:59 【玩拼券活动】 任务未领取,开始领取此任务
Apr 26 00:44:59 领取任务结果：{"data":{"biz_code":0,"biz_msg":"OK"},"rtn_code":0,"rtn_msg":"请求成功！"}
Apr 26 00:44:59 【玩拼券活动】 任务领取成功,开始完成此任务
Apr 26 00:45:00 做任务结果：{"data":{"biz_code":0,"biz_msg":"OK"},"rtn_code":0,"rtn_msg":"请求成功！"}
Apr 26 00:45:00 【逛券后9.9】 任务未领取,开始领取此任务
Apr 26 00:45:00 领取任务结果：{"data":{"biz_code":0,"biz_msg":"OK"},"rtn_code":0,"rtn_msg":"请求成功！"}
Apr 26 00:45:00 【逛券后9.9】 任务领取成功,开始完成此任务
Apr 26 00:45:01 做任务结果：{"data":{"biz_code":0,"biz_msg":"OK"},"rtn_code":0,"rtn_msg":"请求成功！"}
Apr 26 00:45:01 【去买省钱券包】 任务未领取,开始领取此任务
Apr 26 00:45:01 领取任务结果：{"data":{"biz_code":0,"biz_msg":"OK"},"rtn_code":0,"rtn_msg":"请求成功！"}
Apr 26 00:45:01 【去买省钱券包】 任务领取成功,开始完成此任务
Apr 26 00:45:03 做任务结果：{"data":{"biz_code":0,"biz_msg":"OK"},"rtn_code":0,"rtn_msg":"请求成功！"}
Apr 26 00:45:03 开始领取点点券
Apr 26 00:45:03 
Apr 26 00:45:03 开始领取点点券
Apr 26 00:45:03 
Apr 26 00:45:03 开始领取点点券
Apr 26 00:45:03 
Apr 26 00:45:03 开始领取点点券
Apr 26 00:45:03 
Apr 26 00:45:03 开始领取点点券
Apr 26 00:45:03 
Apr 26 00:45:03 签到成功，时间：4/26/2021, 12:45:03 AM
Apr 26 00:45:03 
Apr 26 00:45:03 🔔点点券, 结束! 🕛 191.071 秒
Apr 26 00:45:03 
Apr 26 20:40:13 
Apr 26 20:40:13 🔔点点券, 开始!
Apr 26 20:40:13 
Apr 26 20:40:13 ====================共6个京东账号Cookie=========
Apr 26 20:40:13 
Apr 26 20:40:13 ==================脚本执行- 北京时间(UTC+8)：4/26/2021, 8:40:13 PM=====================
Apr 26 20:40:13 
Apr 26 20:40:13 
Apr 26 20:40:13 开始【京东账号1】18337656372_p
Apr 26 20:40:13 
Apr 26 20:40:14 【点击“领券”】 任务已做完,奖励未领取
Apr 26 20:40:14 浏览精选活动奖励已领取
Apr 26 20:40:14 玩锦鲤红包奖励已领取
Apr 26 20:40:14 玩拼券活动奖励已领取
Apr 26 20:40:14 逛券后9.9奖励已领取
Apr 26 20:40:14 去买省钱券包奖励已领取
Apr 26 20:40:14 开始领取点点券
Apr 26 20:40:14 
Apr 26 20:40:14 签到成功，时间：4/26/2021, 8:40:14 PM
Apr 26 20:40:14 
Apr 26 20:40:14 ==============📣系统通知📣==============
Apr 26 20:40:14 点点券
Apr 26 20:40:14 京东账号1 18337656372_p
Apr 26 20:40:14 当前点点券：17120个
Apr 26 20:40:14 可兑换无门槛红包：17.12元
Apr 26 20:40:14 点击弹窗即可去兑换(注：此红包具有时效性)
Apr 26 20:40:14 
Apr 26 20:40:14 开始【京东账号2】jd_MCazEJrLyuXn
Apr 26 20:40:14 
Apr 26 20:40:14 【点击券后9.9】 任务未领取,开始领取此任务
Apr 26 20:40:14 领取任务结果：{"data":{"biz_code":2222,"biz_msg":"活动太火爆了，还是去买买买吧~"},"rtn_code":0,"rtn_msg":"请求成功！"}
Apr 26 20:40:14 【点击券后9.9】 任务领取成功,开始完成此任务
Apr 26 20:40:46 点击“券后9.9”任务:{"code":"0","success":true,"busiCode":"0","message":"成功","result":{"msg":"用户没有领取任务","toast":"当前活动下未领任务哦～","taskRet":null,"subCode":"0"}}
Apr 26 20:40:46 【浏览精选活动】 任务未领取,开始领取此任务
Apr 26 20:40:46 领取任务结果：{"data":{"biz_code":2222,"biz_msg":"活动太火爆了，还是去买买买吧~"},"rtn_code":0,"rtn_msg":"请求成功！"}
Apr 26 20:40:46 【浏览精选活动】 任务领取成功,开始完成此任务
Apr 26 20:40:47 【玩锦鲤红包】 任务未领取,开始领取此任务
Apr 26 20:40:47 领取任务结果：{"data":{"biz_code":2222,"biz_msg":"活动太火爆了，还是去买买买吧~"},"rtn_code":0,"rtn_msg":"请求成功！"}
Apr 26 20:40:47 【玩锦鲤红包】 任务领取成功,开始完成此任务
Apr 26 20:40:48 做任务结果：{"data":{"biz_code":1002,"biz_msg":"用户未领取该任务"},"rtn_code":0,"rtn_msg":"请求成功！"}
Apr 26 20:40:48 【玩拼券活动】 任务未领取,开始领取此任务
Apr 26 20:40:55 领取任务结果：{"data":{"biz_code":2222,"biz_msg":"活动太火爆了，还是去买买买吧~"},"rtn_code":0,"rtn_msg":"请求成功！"}
Apr 26 20:40:55 【玩拼券活动】 任务领取成功,开始完成此任务
Apr 26 20:40:56 做任务结果：{"data":{"biz_code":1002,"biz_msg":"用户未领取该任务"},"rtn_code":0,"rtn_msg":"请求成功！"}
Apr 26 20:40:56 【逛券后9.9】 任务未领取,开始领取此任务
Apr 26 20:40:56 领取任务结果：{"data":{"biz_code":2222,"biz_msg":"活动太火爆了，还是去买买买吧~"},"rtn_code":0,"rtn_msg":"请求成功！"}
Apr 26 20:40:56 【逛券后9.9】 任务领取成功,开始完成此任务
Apr 26 20:40:57 做任务结果：{"data":{"biz_code":1002,"biz_msg":"用户未领取该任务"},"rtn_code":0,"rtn_msg":"请求成功！"}
Apr 26 20:40:57 【去买省钱券包】 任务未领取,开始领取此任务
Apr 26 20:40:57 领取任务结果：{"data":{"biz_code":2222,"biz_msg":"活动太火爆了，还是去买买买吧~"},"rtn_code":0,"rtn_msg":"请求成功！"}
Apr 26 20:40:57 【去买省钱券包】 任务领取成功,开始完成此任务
Apr 26 20:40:59 做任务结果：{"data":{"biz_code":1002,"biz_msg":"用户未领取该任务"},"rtn_code":0,"rtn_msg":"请求成功！"}
Apr 26 20:40:59 
Apr 26 20:40:59 ==============📣系统通知📣==============
Apr 26 20:40:59 点点券
Apr 26 20:40:59 京东账号2 jd_MCazEJrLyuXn
Apr 26 20:40:59 当前点点券：1820个
Apr 26 20:40:59 可兑换无门槛红包：1.82元
Apr 26 20:40:59 点击弹窗即可去兑换(注：此红包具有时效性)
Apr 26 20:40:59 
Apr 26 20:40:59 开始【京东账号3】鬼神之吕奉先
Apr 26 20:40:59 
Apr 26 20:40:59 
Apr 26 20:40:59 【点击“领券”】 任务已领取但未完成,开始完成此任务
Apr 26 20:41:15 点击首页领券图标(进入领券中心浏览15s)任务:{"code":"0","success":true,"busiCode":"0","message":"成功","result":{"msg":null,"toast":null,"taskRet":{"taskId":"necklace_187","taskType":"2","taskStatus":"1","detail":{"taskType":"2","systemName":"necklace","browseStartTime":"1619368977480","receivePrizePage":"https://h5.m.jd.com/babelDiy/Zeus/41Lkp7DumXYCFmPYtU3LTcnTTXTX/index.html?babelChannel=ttt1","requireBrowseSeconds":"15","sceneId":"necklace_187","iconUrl":"https://m.360buyimg.com/babel/jfs/t1/135586/26/18097/16541/5fc6137eE21504b40/ae7ce58c76e9f14c.png","taskStatus":"1"}},"subCode":"0"}}
Apr 26 20:41:15 浏览精选活动奖励已领取
Apr 26 20:41:15 玩锦鲤红包奖励已领取
Apr 26 20:41:15 玩拼券活动奖励已领取
Apr 26 20:41:15 逛券后9.9奖励已领取
Apr 26 20:41:15 去买省钱券包奖励已领取
Apr 26 20:41:15 开始领取点点券
Apr 26 20:41:15 
Apr 26 20:41:15 签到成功，时间：4/26/2021, 8:41:15 PM
Apr 26 20:41:15 
Apr 26 20:41:15 ==============📣系统通知📣==============
Apr 26 20:41:15 点点券
Apr 26 20:41:15 京东账号3 鬼神之吕奉先
Apr 26 20:41:15 当前点点券：8820个
Apr 26 20:41:15 可兑换无门槛红包：8.82元
Apr 26 20:41:15 点击弹窗即可去兑换(注：此红包具有时效性)
Apr 26 20:41:15 
Apr 26 20:41:15 开始【京东账号4】jd_6ba76f15069fd
Apr 26 20:41:15 
Apr 26 20:41:15 
Apr 26 20:41:15 【点击“领券”】 任务已领取但未完成,开始完成此任务
Apr 26 20:41:31 点击首页领券图标(进入领券中心浏览15s)任务:{"code":"0","success":true,"busiCode":"0","message":"成功","result":{"msg":null,"toast":null,"taskRet":{"taskId":"necklace_187","taskType":"2","taskStatus":"1","detail":{"taskType":"2","systemName":"necklace","browseStartTime":"1619369001921","receivePrizePage":"https://h5.m.jd.com/babelDiy/Zeus/41Lkp7DumXYCFmPYtU3LTcnTTXTX/index.html?babelChannel=ttt1","requireBrowseSeconds":"15","sceneId":"necklace_187","iconUrl":"https://m.360buyimg.com/babel/jfs/t1/135586/26/18097/16541/5fc6137eE21504b40/ae7ce58c76e9f14c.png","taskStatus":"1"}},"subCode":"0"}}
Apr 26 20:41:31 浏览精选活动奖励已领取
Apr 26 20:41:31 玩锦鲤红包奖励已领取
Apr 26 20:41:31 玩拼券活动奖励已领取
Apr 26 20:41:31 逛券后9.9奖励已领取
Apr 26 20:41:31 去买省钱券包奖励已领取
Apr 26 20:41:31 开始领取点点券
Apr 26 20:41:31 
Apr 26 20:41:32 签到成功，时间：4/26/2021, 8:41:32 PM
Apr 26 20:41:32 
Apr 26 20:41:32 ==============📣系统通知📣==============
Apr 26 20:41:32 点点券
Apr 26 20:41:32 京东账号4 jd_6ba76f15069fd
Apr 26 20:41:32 当前点点券：2230个
Apr 26 20:41:32 可兑换无门槛红包：2.23元
Apr 26 20:41:32 点击弹窗即可去兑换(注：此红包具有时效性)
Apr 26 20:41:32 
Apr 26 20:41:32 开始【京东账号5】jd_46928899fcc30
Apr 26 20:41:32 
Apr 26 20:41:32 
Apr 26 20:41:32 【点击券后9.9】 任务已领取但未完成,开始完成此任务
Apr 26 20:42:03 点击“券后9.9”任务:{"code":"0","success":true,"busiCode":"0","message":"成功","result":{"msg":null,"toast":null,"taskRet":{"taskId":"necklace_188","taskType":"2","taskStatus":"1","detail":{"taskType":"2","systemName":"necklace","browseStartTime":"1619369026500","receivePrizePage":"https://h5.m.jd.com/babelDiy/Zeus/41Lkp7DumXYCFmPYtU3LTcnTTXTX/index.html?babelChannel=ttt1","requireBrowseSeconds":"30","sceneId":"necklace_188","iconUrl":"https://m.360buyimg.com/babel/jfs/t1/135586/26/18097/16541/5fc6137eE21504b40/ae7ce58c76e9f14c.png","taskStatus":"1"}},"subCode":"0"}}
Apr 26 20:42:03 浏览精选活动奖励已领取
Apr 26 20:42:03 玩锦鲤红包奖励已领取
Apr 26 20:42:03 玩拼券活动奖励已领取
Apr 26 20:42:03 逛券后9.9奖励已领取
Apr 26 20:42:03 去买省钱券包奖励已领取
Apr 26 20:42:03 开始领取点点券
Apr 26 20:42:03 
Apr 26 20:42:03 签到成功，时间：4/26/2021, 8:42:03 PM
Apr 26 20:42:03 
Apr 26 20:42:03 ==============📣系统通知📣==============
Apr 26 20:42:03 点点券
Apr 26 20:42:03 京东账号5 jd_46928899fcc30
Apr 26 20:42:03 当前点点券：2220个
Apr 26 20:42:03 可兑换无门槛红包：2.22元
Apr 26 20:42:03 点击弹窗即可去兑换(注：此红包具有时效性)
Apr 26 20:42:03 
Apr 26 20:42:03 开始【京东账号6】jd_EirxWEerdtmu
Apr 26 20:42:03 
Apr 26 20:42:03 
Apr 26 20:42:03 【点击券后9.9】 任务已领取但未完成,开始完成此任务
Apr 26 20:42:34 点击“券后9.9”任务:{"code":"0","success":true,"busiCode":"0","message":"成功","result":{"msg":null,"toast":null,"taskRet":{"taskId":"necklace_188","taskType":"2","taskStatus":"1","detail":{"taskType":"2","systemName":"necklace","browseStartTime":"1619369066026","receivePrizePage":"https://h5.m.jd.com/babelDiy/Zeus/41Lkp7DumXYCFmPYtU3LTcnTTXTX/index.html?babelChannel=ttt1","requireBrowseSeconds":"30","sceneId":"necklace_188","iconUrl":"https://m.360buyimg.com/babel/jfs/t1/135586/26/18097/16541/5fc6137eE21504b40/ae7ce58c76e9f14c.png","taskStatus":"1"}},"subCode":"0"}}
Apr 26 20:42:34 浏览精选活动奖励已领取
Apr 26 20:42:34 玩锦鲤红包奖励已领取
Apr 26 20:42:34 玩拼券活动奖励已领取
Apr 26 20:42:34 逛券后9.9奖励已领取
Apr 26 20:42:34 去买省钱券包奖励已领取
Apr 26 20:42:34 开始领取点点券
Apr 26 20:42:34 
Apr 26 20:42:35 签到成功，时间：4/26/2021, 8:42:35 PM
Apr 26 20:42:35 
Apr 26 20:42:35 ==============📣系统通知📣==============
Apr 26 20:42:35 点点券
Apr 26 20:42:35 京东账号6 jd_EirxWEerdtmu
Apr 26 20:42:35 当前点点券：2210个
Apr 26 20:42:35 可兑换无门槛红包：2.21元
Apr 26 20:42:35 点击弹窗即可去兑换(注：此红包具有时效性)
Apr 26 20:42:35 
Apr 26 20:42:35 🔔点点券, 结束! 🕛 141.717 秒
Apr 26 20:42:35 
Apr 27 00:41:51 
Apr 27 00:41:51 🔔点点券, 开始!
Apr 27 00:41:51 
Apr 27 00:41:51 ====================共6个京东账号Cookie=========
Apr 27 00:41:51 
Apr 27 00:41:51 ==================脚本执行- 北京时间(UTC+8)：4/27/2021, 12:41:51 AM=====================
Apr 27 00:41:51 
Apr 27 00:41:52 
Apr 27 00:41:52 开始【京东账号1】18337656372_p
Apr 27 00:41:52 
Apr 27 00:41:52 【点击“领券”】 任务未领取,开始领取此任务
Apr 27 00:41:52 领取任务结果：{"data":{"biz_code":0,"biz_msg":"OK","result":{"popoverShowTimes":5}},"rtn_code":0,"rtn_msg":"请求成功！"}
Apr 27 00:41:52 【点击“领券”】 任务领取成功,开始完成此任务
Apr 27 00:42:09 点击首页领券图标(进入领券中心浏览15s)任务:{"code":"0","success":true,"busiCode":"0","message":"成功","result":{"msg":null,"toast":null,"taskRet":{"taskId":"necklace_187","taskType":"2","taskStatus":"1","detail":{"taskType":"2","systemName":"necklace","browseStartTime":"1619455313741","receivePrizePage":"https://h5.m.jd.com/babelDiy/Zeus/41Lkp7DumXYCFmPYtU3LTcnTTXTX/index.html?babelChannel=ttt1","requireBrowseSeconds":"15","sceneId":"necklace_187","iconUrl":"https://m.360buyimg.com/babel/jfs/t1/135586/26/18097/16541/5fc6137eE21504b40/ae7ce58c76e9f14c.png","taskStatus":"1"}},"subCode":"0"}}
Apr 27 00:42:09 【浏览精选活动】 任务未领取,开始领取此任务
Apr 27 00:42:09 领取任务结果：{"data":{"biz_code":0,"biz_msg":"OK"},"rtn_code":0,"rtn_msg":"请求成功！"}
Apr 27 00:42:09 【浏览精选活动】 任务领取成功,开始完成此任务
Apr 27 00:42:10 浏览精选活动 【种豆得豆】
Apr 27 00:42:10 做任务结果：{"data":{"biz_code":0,"biz_msg":"OK"},"rtn_code":0,"rtn_msg":"请求成功！"}
Apr 27 00:42:10 浏览精选活动 【京东到家】
Apr 27 00:42:10 做任务结果：{"data":{"biz_code":0,"biz_msg":"OK"},"rtn_code":0,"rtn_msg":"请求成功！"}
Apr 27 00:42:10 浏览精选活动 【签到领京豆】
Apr 27 00:42:10 做任务结果：{"data":{"biz_code":0,"biz_msg":"OK"},"rtn_code":0,"rtn_msg":"请求成功！"}
Apr 27 00:42:10 浏览精选活动 【东东农场】
Apr 27 00:42:10 做任务结果：{"data":{"biz_code":0,"biz_msg":"OK"},"rtn_code":0,"rtn_msg":"请求成功！"}
Apr 27 00:42:10 【玩锦鲤红包】 任务未领取,开始领取此任务
Apr 27 00:42:11 领取任务结果：{"data":{"biz_code":0,"biz_msg":"OK"},"rtn_code":0,"rtn_msg":"请求成功！"}
Apr 27 00:42:11 【玩锦鲤红包】 任务领取成功,开始完成此任务
Apr 27 00:42:12 做任务结果：{"data":{"biz_code":0,"biz_msg":"OK"},"rtn_code":0,"rtn_msg":"请求成功！"}
Apr 27 00:42:12 【玩拼券活动】 任务未领取,开始领取此任务
Apr 27 00:42:12 领取任务结果：{"data":{"biz_code":0,"biz_msg":"OK"},"rtn_code":0,"rtn_msg":"请求成功！"}
Apr 27 00:42:12 【玩拼券活动】 任务领取成功,开始完成此任务
Apr 27 00:42:13 做任务结果：{"data":{"biz_code":0,"biz_msg":"OK"},"rtn_code":0,"rtn_msg":"请求成功！"}
Apr 27 00:42:13 【逛券后9.9】 任务未领取,开始领取此任务
Apr 27 00:42:13 领取任务结果：{"data":{"biz_code":0,"biz_msg":"OK"},"rtn_code":0,"rtn_msg":"请求成功！"}
Apr 27 00:42:13 【逛券后9.9】 任务领取成功,开始完成此任务
Apr 27 00:42:14 做任务结果：{"data":{"biz_code":0,"biz_msg":"OK"},"rtn_code":0,"rtn_msg":"请求成功！"}
Apr 27 00:42:14 【去买省钱券包】 任务未领取,开始领取此任务
Apr 27 00:42:14 领取任务结果：{"data":{"biz_code":0,"biz_msg":"OK"},"rtn_code":0,"rtn_msg":"请求成功！"}
Apr 27 00:42:14 【去买省钱券包】 任务领取成功,开始完成此任务
Apr 27 00:42:15 做任务结果：{"data":{"biz_code":0,"biz_msg":"OK"},"rtn_code":0,"rtn_msg":"请求成功！"}
Apr 27 00:42:15 开始领取点点券
Apr 27 00:42:15 
Apr 27 00:42:16 开始领取点点券
Apr 27 00:42:16 
Apr 27 00:42:16 开始领取点点券
Apr 27 00:42:16 
Apr 27 00:42:16 开始领取点点券
Apr 27 00:42:16 
Apr 27 00:42:16 开始领取点点券
Apr 27 00:42:16 
Apr 27 00:42:16 开始领取点点券
Apr 27 00:42:16 
Apr 27 00:42:16 签到成功，时间：4/27/2021, 12:42:16 AM
Apr 27 00:42:16 
Apr 27 00:42:16 开始【京东账号2】jd_MCazEJrLyuXn
Apr 27 00:42:16 
Apr 27 00:42:17 【点击券后9.9】 任务未领取,开始领取此任务
Apr 27 00:42:17 领取任务结果：{"data":{"biz_code":2222,"biz_msg":"活动太火爆了，还是去买买买吧~"},"rtn_code":0,"rtn_msg":"请求成功！"}
Apr 27 00:42:17 【点击券后9.9】 任务领取成功,开始完成此任务
Apr 27 00:42:48 点击“券后9.9”任务:{"code":"0","success":true,"busiCode":"0","message":"成功","result":{"msg":"用户没有领取任务","toast":"当前活动下未领任务哦～","taskRet":null,"subCode":"0"}}
Apr 27 00:42:48 【浏览精选活动】 任务未领取,开始领取此任务
Apr 27 00:42:49 领取任务结果：{"data":{"biz_code":2222,"biz_msg":"活动太火爆了，还是去买买买吧~"},"rtn_code":0,"rtn_msg":"请求成功！"}
Apr 27 00:42:49 【浏览精选活动】 任务领取成功,开始完成此任务
Apr 27 00:42:50 【玩锦鲤红包】 任务未领取,开始领取此任务
Apr 27 00:42:50 领取任务结果：{"data":{"biz_code":2222,"biz_msg":"活动太火爆了，还是去买买买吧~"},"rtn_code":0,"rtn_msg":"请求成功！"}
Apr 27 00:42:50 【玩锦鲤红包】 任务领取成功,开始完成此任务
Apr 27 00:42:51 做任务结果：{"data":{"biz_code":1002,"biz_msg":"用户未领取该任务"},"rtn_code":0,"rtn_msg":"请求成功！"}
Apr 27 00:42:51 【玩拼券活动】 任务未领取,开始领取此任务
Apr 27 00:42:51 领取任务结果：{"data":{"biz_code":2222,"biz_msg":"活动太火爆了，还是去买买买吧~"},"rtn_code":0,"rtn_msg":"请求成功！"}
Apr 27 00:42:51 【玩拼券活动】 任务领取成功,开始完成此任务
Apr 27 00:42:52 做任务结果：{"data":{"biz_code":1002,"biz_msg":"用户未领取该任务"},"rtn_code":0,"rtn_msg":"请求成功！"}
Apr 27 00:42:52 【逛券后9.9】 任务未领取,开始领取此任务
Apr 27 00:42:52 领取任务结果：{"data":{"biz_code":2222,"biz_msg":"活动太火爆了，还是去买买买吧~"},"rtn_code":0,"rtn_msg":"请求成功！"}
Apr 27 00:42:52 【逛券后9.9】 任务领取成功,开始完成此任务
Apr 27 00:42:53 做任务结果：{"data":{"biz_code":1002,"biz_msg":"用户未领取该任务"},"rtn_code":0,"rtn_msg":"请求成功！"}
Apr 27 00:42:53 【去买省钱券包】 任务未领取,开始领取此任务
Apr 27 00:42:53 领取任务结果：{"data":{"biz_code":2222,"biz_msg":"活动太火爆了，还是去买买买吧~"},"rtn_code":0,"rtn_msg":"请求成功！"}
Apr 27 00:42:53 【去买省钱券包】 任务领取成功,开始完成此任务
Apr 27 00:42:54 做任务结果：{"data":{"biz_code":1002,"biz_msg":"用户未领取该任务"},"rtn_code":0,"rtn_msg":"请求成功！"}
Apr 27 00:42:55 
Apr 27 00:42:55 开始【京东账号3】鬼神之吕奉先
Apr 27 00:42:55 
Apr 27 00:42:55 【点击“领券”】 任务未领取,开始领取此任务
Apr 27 00:42:55 领取任务结果：{"data":{"biz_code":0,"biz_msg":"OK","result":{"popoverShowTimes":5}},"rtn_code":0,"rtn_msg":"请求成功！"}
Apr 27 00:42:55 【点击“领券”】 任务领取成功,开始完成此任务
Apr 27 00:43:12 点击首页领券图标(进入领券中心浏览15s)任务:{"code":"0","success":true,"busiCode":"0","message":"成功","result":{"msg":null,"toast":null,"taskRet":{"taskId":"necklace_187","taskType":"2","taskStatus":"1","detail":{"taskType":"2","systemName":"necklace","browseStartTime":"1619455376778","receivePrizePage":"https://h5.m.jd.com/babelDiy/Zeus/41Lkp7DumXYCFmPYtU3LTcnTTXTX/index.html?babelChannel=ttt1","requireBrowseSeconds":"15","sceneId":"necklace_187","iconUrl":"https://m.360buyimg.com/babel/jfs/t1/135586/26/18097/16541/5fc6137eE21504b40/ae7ce58c76e9f14c.png","taskStatus":"1"}},"subCode":"0"}}
Apr 27 00:43:12 【浏览精选活动】 任务未领取,开始领取此任务
Apr 27 00:43:12 领取任务结果：{"data":{"biz_code":0,"biz_msg":"OK"},"rtn_code":0,"rtn_msg":"请求成功！"}
Apr 27 00:43:12 【浏览精选活动】 任务领取成功,开始完成此任务
Apr 27 00:43:13 浏览精选活动 【种豆得豆】
Apr 27 00:43:13 做任务结果：{"data":{"biz_code":0,"biz_msg":"OK"},"rtn_code":0,"rtn_msg":"请求成功！"}
Apr 27 00:43:13 浏览精选活动 【京东到家】
Apr 27 00:43:13 做任务结果：{"data":{"biz_code":0,"biz_msg":"OK"},"rtn_code":0,"rtn_msg":"请求成功！"}
Apr 27 00:43:13 浏览精选活动 【签到领京豆】
Apr 27 00:43:13 做任务结果：{"data":{"biz_code":0,"biz_msg":"OK"},"rtn_code":0,"rtn_msg":"请求成功！"}
Apr 27 00:43:13 浏览精选活动 【东东农场】
Apr 27 00:43:14 做任务结果：{"data":{"biz_code":0,"biz_msg":"OK"},"rtn_code":0,"rtn_msg":"请求成功！"}
Apr 27 00:43:14 【玩锦鲤红包】 任务未领取,开始领取此任务
Apr 27 00:43:14 领取任务结果：{"data":{"biz_code":0,"biz_msg":"OK"},"rtn_code":0,"rtn_msg":"请求成功！"}
Apr 27 00:43:14 【玩锦鲤红包】 任务领取成功,开始完成此任务
Apr 27 00:43:15 做任务结果：{"data":{"biz_code":0,"biz_msg":"OK"},"rtn_code":0,"rtn_msg":"请求成功！"}
Apr 27 00:43:15 【玩拼券活动】 任务未领取,开始领取此任务
Apr 27 00:43:15 领取任务结果：{"data":{"biz_code":0,"biz_msg":"OK"},"rtn_code":0,"rtn_msg":"请求成功！"}
Apr 27 00:43:15 【玩拼券活动】 任务领取成功,开始完成此任务
Apr 27 00:43:16 做任务结果：{"data":{"biz_code":0,"biz_msg":"OK"},"rtn_code":0,"rtn_msg":"请求成功！"}
Apr 27 00:43:16 【逛券后9.9】 任务未领取,开始领取此任务
Apr 27 00:43:16 领取任务结果：{"data":{"biz_code":0,"biz_msg":"OK"},"rtn_code":0,"rtn_msg":"请求成功！"}
Apr 27 00:43:16 【逛券后9.9】 任务领取成功,开始完成此任务
Apr 27 00:43:17 做任务结果：{"data":{"biz_code":0,"biz_msg":"OK"},"rtn_code":0,"rtn_msg":"请求成功！"}
Apr 27 00:43:17 【去买省钱券包】 任务未领取,开始领取此任务
Apr 27 00:43:17 领取任务结果：{"data":{"biz_code":0,"biz_msg":"OK"},"rtn_code":0,"rtn_msg":"请求成功！"}
Apr 27 00:43:17 【去买省钱券包】 任务领取成功,开始完成此任务
Apr 27 00:43:18 做任务结果：{"data":{"biz_code":0,"biz_msg":"OK"},"rtn_code":0,"rtn_msg":"请求成功！"}
Apr 27 00:43:19 开始领取点点券
Apr 27 00:43:19 
Apr 27 00:43:19 开始领取点点券
Apr 27 00:43:19 
Apr 27 00:43:19 开始领取点点券
Apr 27 00:43:19 
Apr 27 00:43:19 开始领取点点券
Apr 27 00:43:19 
Apr 27 00:43:19 开始领取点点券
Apr 27 00:43:19 
Apr 27 00:43:19 开始领取点点券
Apr 27 00:43:19 
Apr 27 00:43:19 签到成功，时间：4/27/2021, 12:43:19 AM
Apr 27 00:43:19 
Apr 27 00:43:19 开始【京东账号4】jd_6ba76f15069fd
Apr 27 00:43:19 
Apr 27 00:43:20 【点击“领券”】 任务未领取,开始领取此任务
Apr 27 00:43:20 领取任务结果：{"data":{"biz_code":0,"biz_msg":"OK","result":{"popoverShowTimes":5}},"rtn_code":0,"rtn_msg":"请求成功！"}
Apr 27 00:43:20 【点击“领券”】 任务领取成功,开始完成此任务
Apr 27 00:43:36 点击首页领券图标(进入领券中心浏览15s)任务:{"code":"0","success":true,"busiCode":"0","message":"成功","result":{"msg":null,"toast":null,"taskRet":{"taskId":"necklace_187","taskType":"2","taskStatus":"1","detail":{"taskType":"2","systemName":"necklace","browseStartTime":"1619455401356","receivePrizePage":"https://h5.m.jd.com/babelDiy/Zeus/41Lkp7DumXYCFmPYtU3LTcnTTXTX/index.html?babelChannel=ttt1","requireBrowseSeconds":"15","sceneId":"necklace_187","iconUrl":"https://m.360buyimg.com/babel/jfs/t1/135586/26/18097/16541/5fc6137eE21504b40/ae7ce58c76e9f14c.png","taskStatus":"1"}},"subCode":"0"}}
Apr 27 00:43:36 【浏览精选活动】 任务未领取,开始领取此任务
Apr 27 00:43:37 领取任务结果：{"data":{"biz_code":0,"biz_msg":"OK"},"rtn_code":0,"rtn_msg":"请求成功！"}
Apr 27 00:43:37 【浏览精选活动】 任务领取成功,开始完成此任务
Apr 27 00:43:38 浏览精选活动 【种豆得豆】
Apr 27 00:43:38 做任务结果：{"data":{"biz_code":0,"biz_msg":"OK"},"rtn_code":0,"rtn_msg":"请求成功！"}
Apr 27 00:43:38 浏览精选活动 【京东到家】
Apr 27 00:43:38 做任务结果：{"data":{"biz_code":0,"biz_msg":"OK"},"rtn_code":0,"rtn_msg":"请求成功！"}
Apr 27 00:43:38 浏览精选活动 【签到领京豆】
Apr 27 00:43:38 做任务结果：{"data":{"biz_code":0,"biz_msg":"OK"},"rtn_code":0,"rtn_msg":"请求成功！"}
Apr 27 00:43:38 浏览精选活动 【东东农场】
Apr 27 00:43:38 做任务结果：{"data":{"biz_code":0,"biz_msg":"OK"},"rtn_code":0,"rtn_msg":"请求成功！"}
Apr 27 00:43:38 【玩锦鲤红包】 任务未领取,开始领取此任务
Apr 27 00:43:38 领取任务结果：{"data":{"biz_code":0,"biz_msg":"OK"},"rtn_code":0,"rtn_msg":"请求成功！"}
Apr 27 00:43:38 【玩锦鲤红包】 任务领取成功,开始完成此任务
Apr 27 00:43:39 做任务结果：{"data":{"biz_code":0,"biz_msg":"OK"},"rtn_code":0,"rtn_msg":"请求成功！"}
Apr 27 00:43:39 【玩拼券活动】 任务未领取,开始领取此任务
Apr 27 00:43:39 领取任务结果：{"data":{"biz_code":0,"biz_msg":"OK"},"rtn_code":0,"rtn_msg":"请求成功！"}
Apr 27 00:43:39 【玩拼券活动】 任务领取成功,开始完成此任务
Apr 27 00:43:40 做任务结果：{"data":{"biz_code":0,"biz_msg":"OK"},"rtn_code":0,"rtn_msg":"请求成功！"}
Apr 27 00:43:40 【逛券后9.9】 任务未领取,开始领取此任务
Apr 27 00:43:41 领取任务结果：{"data":{"biz_code":0,"biz_msg":"OK"},"rtn_code":0,"rtn_msg":"请求成功！"}
Apr 27 00:43:41 【逛券后9.9】 任务领取成功,开始完成此任务
Apr 27 00:43:42 做任务结果：{"data":{"biz_code":0,"biz_msg":"OK"},"rtn_code":0,"rtn_msg":"请求成功！"}
Apr 27 00:43:42 【去买省钱券包】 任务未领取,开始领取此任务
Apr 27 00:43:42 领取任务结果：{"data":{"biz_code":0,"biz_msg":"OK"},"rtn_code":0,"rtn_msg":"请求成功！"}
Apr 27 00:43:42 【去买省钱券包】 任务领取成功,开始完成此任务
Apr 27 00:43:43 做任务结果：{"data":{"biz_code":0,"biz_msg":"OK"},"rtn_code":0,"rtn_msg":"请求成功！"}
Apr 27 00:43:43 开始领取点点券
Apr 27 00:43:43 
Apr 27 00:43:43 开始领取点点券
Apr 27 00:43:43 
Apr 27 00:43:43 开始领取点点券
Apr 27 00:43:43 
Apr 27 00:43:43 开始领取点点券
Apr 27 00:43:43 
Apr 27 00:43:43 开始领取点点券
Apr 27 00:43:43 
Apr 27 00:43:44 开始领取点点券
Apr 27 00:43:44 
Apr 27 00:43:44 签到成功，时间：4/27/2021, 12:43:44 AM
Apr 27 00:43:44 
Apr 27 00:43:44 开始【京东账号5】jd_46928899fcc30
Apr 27 00:43:44 
Apr 27 00:43:44 【点击券后9.9】 任务未领取,开始领取此任务
Apr 27 00:43:44 领取任务结果：{"data":{"biz_code":0,"biz_msg":"OK","result":{"popoverShowTimes":5}},"rtn_code":0,"rtn_msg":"请求成功！"}
Apr 27 00:43:44 【点击券后9.9】 任务领取成功,开始完成此任务
Apr 27 00:44:16 点击“券后9.9”任务:{"code":"0","success":true,"busiCode":"0","message":"成功","result":{"msg":null,"toast":null,"taskRet":{"taskId":"necklace_188","taskType":"2","taskStatus":"1","detail":{"taskType":"2","systemName":"necklace","browseStartTime":"1619455425863","receivePrizePage":"https://h5.m.jd.com/babelDiy/Zeus/41Lkp7DumXYCFmPYtU3LTcnTTXTX/index.html?babelChannel=ttt1","requireBrowseSeconds":"30","sceneId":"necklace_188","iconUrl":"https://m.360buyimg.com/babel/jfs/t1/135586/26/18097/16541/5fc6137eE21504b40/ae7ce58c76e9f14c.png","taskStatus":"1"}},"subCode":"0"}}
Apr 27 00:44:16 【浏览精选活动】 任务未领取,开始领取此任务
Apr 27 00:44:16 领取任务结果：{"data":{"biz_code":0,"biz_msg":"OK"},"rtn_code":0,"rtn_msg":"请求成功！"}
Apr 27 00:44:16 【浏览精选活动】 任务领取成功,开始完成此任务
Apr 27 00:44:17 浏览精选活动 【种豆得豆】
Apr 27 00:44:17 做任务结果：{"data":{"biz_code":0,"biz_msg":"OK"},"rtn_code":0,"rtn_msg":"请求成功！"}
Apr 27 00:44:17 浏览精选活动 【京东到家】
Apr 27 00:44:17 做任务结果：{"data":{"biz_code":0,"biz_msg":"OK"},"rtn_code":0,"rtn_msg":"请求成功！"}
Apr 27 00:44:17 浏览精选活动 【签到领京豆】
Apr 27 00:44:17 做任务结果：{"data":{"biz_code":0,"biz_msg":"OK"},"rtn_code":0,"rtn_msg":"请求成功！"}
Apr 27 00:44:17 浏览精选活动 【东东农场】
Apr 27 00:44:18 做任务结果：{"data":{"biz_code":0,"biz_msg":"OK"},"rtn_code":0,"rtn_msg":"请求成功！"}
Apr 27 00:44:18 【玩锦鲤红包】 任务未领取,开始领取此任务
Apr 27 00:44:18 领取任务结果：{"data":{"biz_code":0,"biz_msg":"OK"},"rtn_code":0,"rtn_msg":"请求成功！"}
Apr 27 00:44:18 【玩锦鲤红包】 任务领取成功,开始完成此任务
Apr 27 00:44:19 做任务结果：{"data":{"biz_code":0,"biz_msg":"OK"},"rtn_code":0,"rtn_msg":"请求成功！"}
Apr 27 00:44:19 【玩拼券活动】 任务未领取,开始领取此任务
Apr 27 00:44:19 领取任务结果：{"data":{"biz_code":0,"biz_msg":"OK"},"rtn_code":0,"rtn_msg":"请求成功！"}
Apr 27 00:44:19 【玩拼券活动】 任务领取成功,开始完成此任务
Apr 27 00:44:20 做任务结果：{"data":{"biz_code":0,"biz_msg":"OK"},"rtn_code":0,"rtn_msg":"请求成功！"}
Apr 27 00:44:20 【逛券后9.9】 任务未领取,开始领取此任务
Apr 27 00:44:20 领取任务结果：{"data":{"biz_code":0,"biz_msg":"OK"},"rtn_code":0,"rtn_msg":"请求成功！"}
Apr 27 00:44:20 【逛券后9.9】 任务领取成功,开始完成此任务
Apr 27 00:44:21 做任务结果：{"data":{"biz_code":0,"biz_msg":"OK"},"rtn_code":0,"rtn_msg":"请求成功！"}
Apr 27 00:44:21 【去买省钱券包】 任务未领取,开始领取此任务
Apr 27 00:44:21 领取任务结果：{"data":{"biz_code":0,"biz_msg":"OK"},"rtn_code":0,"rtn_msg":"请求成功！"}
Apr 27 00:44:21 【去买省钱券包】 任务领取成功,开始完成此任务
Apr 27 00:44:22 做任务结果：{"data":{"biz_code":0,"biz_msg":"OK"},"rtn_code":0,"rtn_msg":"请求成功！"}
Apr 27 00:44:23 开始领取点点券
Apr 27 00:44:23 
Apr 27 00:44:23 开始领取点点券
Apr 27 00:44:23 
Apr 27 00:44:23 开始领取点点券
Apr 27 00:44:23 
Apr 27 00:44:23 开始领取点点券
Apr 27 00:44:23 
Apr 27 00:44:23 开始领取点点券
Apr 27 00:44:23 
Apr 27 00:44:23 开始领取点点券
Apr 27 00:44:23 
Apr 27 00:44:23 签到成功，时间：4/27/2021, 12:44:23 AM
Apr 27 00:44:24 
Apr 27 00:44:24 开始【京东账号6】jd_EirxWEerdtmu
Apr 27 00:44:24 
Apr 27 00:44:24 【点击券后9.9】 任务未领取,开始领取此任务
Apr 27 00:44:24 领取任务结果：{"data":{"biz_code":0,"biz_msg":"OK","result":{"popoverShowTimes":5}},"rtn_code":0,"rtn_msg":"请求成功！"}
Apr 27 00:44:24 【点击券后9.9】 任务领取成功,开始完成此任务
Apr 27 00:44:56 点击“券后9.9”任务:{"code":"0","success":true,"busiCode":"0","message":"成功","result":{"msg":null,"toast":null,"taskRet":{"taskId":"necklace_188","taskType":"2","taskStatus":"1","detail":{"taskType":"2","systemName":"necklace","browseStartTime":"1619455465501","receivePrizePage":"https://h5.m.jd.com/babelDiy/Zeus/41Lkp7DumXYCFmPYtU3LTcnTTXTX/index.html?babelChannel=ttt1","requireBrowseSeconds":"30","sceneId":"necklace_188","iconUrl":"https://m.360buyimg.com/babel/jfs/t1/135586/26/18097/16541/5fc6137eE21504b40/ae7ce58c76e9f14c.png","taskStatus":"1"}},"subCode":"0"}}
Apr 27 00:44:56 【浏览精选活动】 任务未领取,开始领取此任务
Apr 27 00:44:56 领取任务结果：{"data":{"biz_code":0,"biz_msg":"OK"},"rtn_code":0,"rtn_msg":"请求成功！"}
Apr 27 00:44:56 【浏览精选活动】 任务领取成功,开始完成此任务
Apr 27 00:44:57 浏览精选活动 【种豆得豆】
Apr 27 00:44:57 做任务结果：{"data":{"biz_code":0,"biz_msg":"OK"},"rtn_code":0,"rtn_msg":"请求成功！"}
Apr 27 00:44:57 浏览精选活动 【京东到家】
Apr 27 00:44:57 做任务结果：{"data":{"biz_code":0,"biz_msg":"OK"},"rtn_code":0,"rtn_msg":"请求成功！"}
Apr 27 00:44:57 浏览精选活动 【签到领京豆】
Apr 27 00:44:57 做任务结果：{"data":{"biz_code":0,"biz_msg":"OK"},"rtn_code":0,"rtn_msg":"请求成功！"}
Apr 27 00:44:57 浏览精选活动 【东东农场】
Apr 27 00:44:57 做任务结果：{"data":{"biz_code":0,"biz_msg":"OK"},"rtn_code":0,"rtn_msg":"请求成功！"}
Apr 27 00:44:57 【玩锦鲤红包】 任务未领取,开始领取此任务
Apr 27 00:44:57 领取任务结果：{"data":{"biz_code":0,"biz_msg":"OK"},"rtn_code":0,"rtn_msg":"请求成功！"}
Apr 27 00:44:57 【玩锦鲤红包】 任务领取成功,开始完成此任务
Apr 27 00:44:58 做任务结果：{"data":{"biz_code":0,"biz_msg":"OK"},"rtn_code":0,"rtn_msg":"请求成功！"}
Apr 27 00:44:58 【玩拼券活动】 任务未领取,开始领取此任务
Apr 27 00:44:59 领取任务结果：{"data":{"biz_code":0,"biz_msg":"OK"},"rtn_code":0,"rtn_msg":"请求成功！"}
Apr 27 00:44:59 【玩拼券活动】 任务领取成功,开始完成此任务
Apr 27 00:45:00 做任务结果：{"data":{"biz_code":0,"biz_msg":"OK"},"rtn_code":0,"rtn_msg":"请求成功！"}
Apr 27 00:45:00 【逛券后9.9】 任务未领取,开始领取此任务
Apr 27 00:45:00 领取任务结果：{"data":{"biz_code":0,"biz_msg":"OK"},"rtn_code":0,"rtn_msg":"请求成功！"}
Apr 27 00:45:00 【逛券后9.9】 任务领取成功,开始完成此任务
Apr 27 00:45:01 做任务结果：{"data":{"biz_code":0,"biz_msg":"OK"},"rtn_code":0,"rtn_msg":"请求成功！"}
Apr 27 00:45:01 【去买省钱券包】 任务未领取,开始领取此任务
Apr 27 00:45:01 领取任务结果：{"data":{"biz_code":0,"biz_msg":"OK"},"rtn_code":0,"rtn_msg":"请求成功！"}
Apr 27 00:45:01 【去买省钱券包】 任务领取成功,开始完成此任务
Apr 27 00:45:02 做任务结果：{"data":{"biz_code":0,"biz_msg":"OK"},"rtn_code":0,"rtn_msg":"请求成功！"}
Apr 27 00:45:02 开始领取点点券
Apr 27 00:45:02 
Apr 27 00:45:02 开始领取点点券
Apr 27 00:45:02 
Apr 27 00:45:02 开始领取点点券
Apr 27 00:45:02 
Apr 27 00:45:03 开始领取点点券
Apr 27 00:45:03 
Apr 27 00:45:03 开始领取点点券
Apr 27 00:45:03 
Apr 27 00:45:03 开始领取点点券
Apr 27 00:45:03 
Apr 27 00:45:03 签到成功，时间：4/27/2021, 12:45:03 AM
Apr 27 00:45:03 
Apr 27 00:45:03 🔔点点券, 结束! 🕛 191.637 秒
Apr 27 00:45:03 
