Apr 25 01:36:03 
Apr 25 01:36:03 🔔女装盲盒抽京豆, 开始!
Apr 25 01:36:03 
Apr 25 01:36:03 ====================共6个京东账号Cookie=========
Apr 25 01:36:03 
Apr 25 01:36:03 ==================脚本执行- 北京时间(UTC+8)：4/25/2021, 1:36:03 AM=====================
Apr 25 01:36:03 
Apr 25 01:36:03 
Apr 25 01:36:03 ******开始【京东账号1】18337656372_p*********
Apr 25 01:36:03 
Apr 25 01:36:03 url:https://anmp.jd.com/babelDiy/Zeus/2x3yeXUmPbFVCAoXKQqSrdrQuoBk/index.html
Apr 25 01:36:03 当前幸运值：0
Apr 25 01:36:03 去做任务5ff567085da81a8c06981918
Apr 25 01:36:03 任务完成成功，当前幸运值10
Apr 25 01:36:04 去做任务5ff567085da81a8c06981917
Apr 25 01:36:04 任务完成成功，当前幸运值20
Apr 25 01:36:05 当前幸运值：0
Apr 25 01:36:05 
Apr 25 01:36:05 ******开始【京东账号2】jd_MCazEJrLyuXn*********
Apr 25 01:36:05 
Apr 25 01:36:05 url:https://anmp.jd.com/babelDiy/Zeus/2x3yeXUmPbFVCAoXKQqSrdrQuoBk/index.html
Apr 25 01:36:06 当前幸运值：0
Apr 25 01:36:06 去做任务5ff567085da81a8c06981918
Apr 25 01:36:06 任务完成成功，当前幸运值10
Apr 25 01:36:06 去做任务5ff567085da81a8c06981917
Apr 25 01:36:06 任务完成成功，当前幸运值20
Apr 25 01:36:07 当前幸运值：0
Apr 25 01:36:08 
Apr 25 01:36:08 ******开始【京东账号3】鬼神之吕奉先*********
Apr 25 01:36:08 
Apr 25 01:36:08 url:https://anmp.jd.com/babelDiy/Zeus/2x3yeXUmPbFVCAoXKQqSrdrQuoBk/index.html
Apr 25 01:36:08 当前幸运值：0
Apr 25 01:36:08 去做任务5ff567085da81a8c06981918
Apr 25 01:36:08 任务完成成功，当前幸运值10
Apr 25 01:36:09 去做任务5ff567085da81a8c06981917
Apr 25 01:36:09 任务完成成功，当前幸运值20
Apr 25 01:36:10 当前幸运值：0
Apr 25 01:36:10 
Apr 25 01:36:10 ******开始【京东账号4】jd_6ba76f15069fd*********
Apr 25 01:36:10 
Apr 25 01:36:10 url:https://anmp.jd.com/babelDiy/Zeus/2x3yeXUmPbFVCAoXKQqSrdrQuoBk/index.html
Apr 25 01:36:10 当前幸运值：0
Apr 25 01:36:10 去做任务5ff567085da81a8c06981918
Apr 25 01:36:10 任务完成成功，当前幸运值10
Apr 25 01:36:11 去做任务5ff567085da81a8c06981917
Apr 25 01:36:11 任务完成成功，当前幸运值20
Apr 25 01:36:12 当前幸运值：0
Apr 25 01:36:13 
Apr 25 01:36:13 ******开始【京东账号5】jd_46928899fcc30*********
Apr 25 01:36:13 
Apr 25 01:36:13 url:https://anmp.jd.com/babelDiy/Zeus/2x3yeXUmPbFVCAoXKQqSrdrQuoBk/index.html
Apr 25 01:36:13 当前幸运值：0
Apr 25 01:36:13 去做任务5ff567085da81a8c06981918
Apr 25 01:36:13 任务完成成功，当前幸运值10
Apr 25 01:36:13 去做任务5ff567085da81a8c06981917
Apr 25 01:36:14 任务完成成功，当前幸运值20
Apr 25 01:36:14 当前幸运值：0
Apr 25 01:36:15 
Apr 25 01:36:15 ******开始【京东账号6】jd_EirxWEerdtmu*********
Apr 25 01:36:15 
Apr 25 01:36:15 url:https://anmp.jd.com/babelDiy/Zeus/2x3yeXUmPbFVCAoXKQqSrdrQuoBk/index.html
Apr 25 01:36:15 当前幸运值：0
Apr 25 01:36:15 去做任务5ff567085da81a8c06981918
Apr 25 01:36:15 任务完成成功，当前幸运值10
Apr 25 01:36:16 去做任务5ff567085da81a8c06981917
Apr 25 01:36:16 任务完成成功，当前幸运值20
Apr 25 01:36:17 当前幸运值：0
Apr 25 01:36:17 
Apr 25 01:36:17 🔔女装盲盒抽京豆, 结束! 🕛 14.673 秒
Apr 25 01:36:17 
Apr 25 23:35:50 
Apr 25 23:35:50 🔔女装盲盒抽京豆, 开始!
Apr 25 23:35:50 
Apr 25 23:35:50 ====================共6个京东账号Cookie=========
Apr 25 23:35:50 
Apr 25 23:35:50 ==================脚本执行- 北京时间(UTC+8)：4/25/2021, 11:35:50 PM=====================
Apr 25 23:35:50 
Apr 25 23:35:50 
Apr 25 23:35:50 ******开始【京东账号1】18337656372_p*********
Apr 25 23:35:50 
Apr 25 23:35:50 url:https://anmp.jd.com/babelDiy/Zeus/2x3yeXUmPbFVCAoXKQqSrdrQuoBk/index.html
Apr 25 23:35:51 当前幸运值：0
Apr 25 23:35:51 
Apr 25 23:35:51 ******开始【京东账号2】jd_MCazEJrLyuXn*********
Apr 25 23:35:51 
Apr 25 23:35:51 url:https://anmp.jd.com/babelDiy/Zeus/2x3yeXUmPbFVCAoXKQqSrdrQuoBk/index.html
Apr 25 23:35:51 当前幸运值：0
Apr 25 23:35:51 
Apr 25 23:35:51 ******开始【京东账号3】鬼神之吕奉先*********
Apr 25 23:35:51 
Apr 25 23:35:51 url:https://anmp.jd.com/babelDiy/Zeus/2x3yeXUmPbFVCAoXKQqSrdrQuoBk/index.html
Apr 25 23:35:52 当前幸运值：0
Apr 25 23:35:52 
Apr 25 23:35:52 ******开始【京东账号4】jd_6ba76f15069fd*********
Apr 25 23:35:52 
Apr 25 23:35:52 url:https://anmp.jd.com/babelDiy/Zeus/2x3yeXUmPbFVCAoXKQqSrdrQuoBk/index.html
Apr 25 23:35:52 当前幸运值：0
Apr 25 23:35:52 
Apr 25 23:35:52 ******开始【京东账号5】jd_46928899fcc30*********
Apr 25 23:35:52 
Apr 25 23:35:52 url:https://anmp.jd.com/babelDiy/Zeus/2x3yeXUmPbFVCAoXKQqSrdrQuoBk/index.html
Apr 25 23:35:53 当前幸运值：0
Apr 25 23:35:53 
Apr 25 23:35:53 ******开始【京东账号6】jd_EirxWEerdtmu*********
Apr 25 23:35:53 
Apr 25 23:35:53 url:https://anmp.jd.com/babelDiy/Zeus/2x3yeXUmPbFVCAoXKQqSrdrQuoBk/index.html
Apr 25 23:35:53 当前幸运值：0
Apr 25 23:35:53 
Apr 25 23:35:53 🔔女装盲盒抽京豆, 结束! 🕛 2.929 秒
Apr 25 23:35:53 
Apr 26 01:35:30 
Apr 26 01:35:30 🔔女装盲盒抽京豆, 开始!
Apr 26 01:35:30 
Apr 26 01:35:30 ====================共6个京东账号Cookie=========
Apr 26 01:35:30 
Apr 26 01:35:30 ==================脚本执行- 北京时间(UTC+8)：4/26/2021, 1:35:30 AM=====================
Apr 26 01:35:30 
Apr 26 01:35:31 
Apr 26 01:35:31 ******开始【京东账号1】18337656372_p*********
Apr 26 01:35:31 
Apr 26 01:35:31 url:https://anmp.jd.com/babelDiy/Zeus/2x3yeXUmPbFVCAoXKQqSrdrQuoBk/index.html
Apr 26 01:35:31 当前幸运值：0
Apr 26 01:35:31 去做任务5ff567085da81a8c06981918
Apr 26 01:35:31 任务完成成功，当前幸运值10
Apr 26 01:35:32 去做任务5ff567085da81a8c06981917
Apr 26 01:35:32 任务完成成功，当前幸运值20
Apr 26 01:35:33 当前幸运值：0
Apr 26 01:35:33 
Apr 26 01:35:33 ******开始【京东账号2】jd_MCazEJrLyuXn*********
Apr 26 01:35:33 
Apr 26 01:35:33 url:https://anmp.jd.com/babelDiy/Zeus/2x3yeXUmPbFVCAoXKQqSrdrQuoBk/index.html
Apr 26 01:35:33 当前幸运值：0
Apr 26 01:35:33 去做任务5ff567085da81a8c06981918
Apr 26 01:35:34 任务完成成功，当前幸运值10
Apr 26 01:35:34 去做任务5ff567085da81a8c06981917
Apr 26 01:35:34 任务完成成功，当前幸运值20
Apr 26 01:35:35 当前幸运值：0
Apr 26 01:35:36 
Apr 26 01:35:36 ******开始【京东账号3】鬼神之吕奉先*********
Apr 26 01:35:36 
Apr 26 01:35:36 url:https://anmp.jd.com/babelDiy/Zeus/2x3yeXUmPbFVCAoXKQqSrdrQuoBk/index.html
Apr 26 01:35:36 当前幸运值：0
Apr 26 01:35:36 去做任务5ff567085da81a8c06981918
Apr 26 01:35:36 任务完成成功，当前幸运值10
Apr 26 01:35:36 去做任务5ff567085da81a8c06981917
Apr 26 01:35:37 任务完成成功，当前幸运值20
Apr 26 01:35:37 当前幸运值：0
Apr 26 01:35:38 
Apr 26 01:35:38 ******开始【京东账号4】jd_6ba76f15069fd*********
Apr 26 01:35:38 
Apr 26 01:35:38 url:https://anmp.jd.com/babelDiy/Zeus/2x3yeXUmPbFVCAoXKQqSrdrQuoBk/index.html
Apr 26 01:35:38 当前幸运值：0
Apr 26 01:35:38 去做任务5ff567085da81a8c06981918
Apr 26 01:35:38 任务完成成功，当前幸运值10
Apr 26 01:35:39 去做任务5ff567085da81a8c06981917
Apr 26 01:35:39 任务完成成功，当前幸运值20
Apr 26 01:35:40 当前幸运值：0
Apr 26 01:35:40 
Apr 26 01:35:40 ******开始【京东账号5】jd_46928899fcc30*********
Apr 26 01:35:40 
Apr 26 01:35:40 url:https://anmp.jd.com/babelDiy/Zeus/2x3yeXUmPbFVCAoXKQqSrdrQuoBk/index.html
Apr 26 01:35:41 当前幸运值：0
Apr 26 01:35:41 去做任务5ff567085da81a8c06981918
Apr 26 01:35:41 任务完成成功，当前幸运值10
Apr 26 01:35:41 去做任务5ff567085da81a8c06981917
Apr 26 01:35:41 任务完成成功，当前幸运值20
Apr 26 01:35:42 当前幸运值：0
Apr 26 01:35:43 
Apr 26 01:35:43 ******开始【京东账号6】jd_EirxWEerdtmu*********
Apr 26 01:35:43 
Apr 26 01:35:43 url:https://anmp.jd.com/babelDiy/Zeus/2x3yeXUmPbFVCAoXKQqSrdrQuoBk/index.html
Apr 26 01:35:43 当前幸运值：0
Apr 26 01:35:43 去做任务5ff567085da81a8c06981918
Apr 26 01:35:43 任务完成成功，当前幸运值10
Apr 26 01:35:44 去做任务5ff567085da81a8c06981917
Apr 26 01:35:44 任务完成成功，当前幸运值20
Apr 26 01:35:45 当前幸运值：0
Apr 26 01:35:45 
Apr 26 01:35:45 🔔女装盲盒抽京豆, 结束! 🕛 14.625 秒
Apr 26 01:35:45 
Apr 26 23:36:24 
Apr 26 23:36:24 🔔女装盲盒抽京豆, 开始!
Apr 26 23:36:24 
Apr 26 23:36:24 ====================共6个京东账号Cookie=========
Apr 26 23:36:24 
Apr 26 23:36:24 ==================脚本执行- 北京时间(UTC+8)：4/26/2021, 11:36:24 PM=====================
Apr 26 23:36:24 
Apr 26 23:36:25 
Apr 26 23:36:25 ******开始【京东账号1】18337656372_p*********
Apr 26 23:36:25 
Apr 26 23:36:25 url:https://anmp.jd.com/babelDiy/Zeus/2x3yeXUmPbFVCAoXKQqSrdrQuoBk/index.html
Apr 26 23:36:25 当前幸运值：0
Apr 26 23:36:25 
Apr 26 23:36:25 ******开始【京东账号2】jd_MCazEJrLyuXn*********
Apr 26 23:36:25 
Apr 26 23:36:25 url:https://anmp.jd.com/babelDiy/Zeus/2x3yeXUmPbFVCAoXKQqSrdrQuoBk/index.html
Apr 26 23:36:25 当前幸运值：0
Apr 26 23:36:26 
Apr 26 23:36:26 ******开始【京东账号3】鬼神之吕奉先*********
Apr 26 23:36:26 
Apr 26 23:36:26 url:https://anmp.jd.com/babelDiy/Zeus/2x3yeXUmPbFVCAoXKQqSrdrQuoBk/index.html
Apr 26 23:36:26 当前幸运值：0
Apr 26 23:36:26 
Apr 26 23:36:26 ******开始【京东账号4】jd_6ba76f15069fd*********
Apr 26 23:36:26 
Apr 26 23:36:26 url:https://anmp.jd.com/babelDiy/Zeus/2x3yeXUmPbFVCAoXKQqSrdrQuoBk/index.html
Apr 26 23:36:26 当前幸运值：0
Apr 26 23:36:26 
Apr 26 23:36:26 ******开始【京东账号5】jd_46928899fcc30*********
Apr 26 23:36:26 
Apr 26 23:36:26 url:https://anmp.jd.com/babelDiy/Zeus/2x3yeXUmPbFVCAoXKQqSrdrQuoBk/index.html
Apr 26 23:36:27 当前幸运值：0
Apr 26 23:36:27 
Apr 26 23:36:27 ******开始【京东账号6】jd_EirxWEerdtmu*********
Apr 26 23:36:27 
Apr 26 23:36:27 url:https://anmp.jd.com/babelDiy/Zeus/2x3yeXUmPbFVCAoXKQqSrdrQuoBk/index.html
Apr 26 23:36:27 当前幸运值：0
Apr 26 23:36:27 
Apr 26 23:36:27 🔔女装盲盒抽京豆, 结束! 🕛 2.946 秒
Apr 26 23:36:27 
Apr 27 01:35:01 
Apr 27 01:35:01 🔔女装盲盒抽京豆, 开始!
Apr 27 01:35:01 
Apr 27 01:35:01 ====================共6个京东账号Cookie=========
Apr 27 01:35:01 
Apr 27 01:35:01 ==================脚本执行- 北京时间(UTC+8)：4/27/2021, 1:35:01 AM=====================
Apr 27 01:35:01 
Apr 27 01:35:01 
Apr 27 01:35:01 ******开始【京东账号1】18337656372_p*********
Apr 27 01:35:01 
Apr 27 01:35:01 url:https://anmp.jd.com/babelDiy/Zeus/2x3yeXUmPbFVCAoXKQqSrdrQuoBk/index.html
Apr 27 01:35:01 当前幸运值：0
Apr 27 01:35:01 去做任务5ff567085da81a8c06981918
Apr 27 01:35:02 任务完成成功，当前幸运值10
Apr 27 01:35:02 去做任务5ff567085da81a8c06981917
Apr 27 01:35:02 任务完成成功，当前幸运值20
Apr 27 01:35:03 当前幸运值：0
Apr 27 01:35:04 
Apr 27 01:35:04 ******开始【京东账号2】jd_MCazEJrLyuXn*********
Apr 27 01:35:04 
Apr 27 01:35:04 url:https://anmp.jd.com/babelDiy/Zeus/2x3yeXUmPbFVCAoXKQqSrdrQuoBk/index.html
Apr 27 01:35:04 当前幸运值：0
Apr 27 01:35:04 去做任务5ff567085da81a8c06981918
Apr 27 01:35:04 任务完成成功，当前幸运值10
Apr 27 01:35:04 去做任务5ff567085da81a8c06981917
Apr 27 01:35:05 任务完成成功，当前幸运值20
Apr 27 01:35:05 当前幸运值：0
Apr 27 01:35:06 
Apr 27 01:35:06 ******开始【京东账号3】鬼神之吕奉先*********
Apr 27 01:35:06 
Apr 27 01:35:06 url:https://anmp.jd.com/babelDiy/Zeus/2x3yeXUmPbFVCAoXKQqSrdrQuoBk/index.html
Apr 27 01:35:06 当前幸运值：0
Apr 27 01:35:06 去做任务5ff567085da81a8c06981918
Apr 27 01:35:06 任务完成成功，当前幸运值10
Apr 27 01:35:07 去做任务5ff567085da81a8c06981917
Apr 27 01:35:07 任务完成成功，当前幸运值20
Apr 27 01:35:08 当前幸运值：0
Apr 27 01:35:08 
Apr 27 01:35:08 ******开始【京东账号4】jd_6ba76f15069fd*********
Apr 27 01:35:08 
Apr 27 01:35:08 url:https://anmp.jd.com/babelDiy/Zeus/2x3yeXUmPbFVCAoXKQqSrdrQuoBk/index.html
Apr 27 01:35:09 当前幸运值：0
Apr 27 01:35:09 去做任务5ff567085da81a8c06981918
Apr 27 01:35:09 任务完成成功，当前幸运值10
Apr 27 01:35:09 去做任务5ff567085da81a8c06981917
Apr 27 01:35:09 任务完成成功，当前幸运值20
Apr 27 01:35:10 当前幸运值：0
Apr 27 01:35:11 
Apr 27 01:35:11 ******开始【京东账号5】jd_46928899fcc30*********
Apr 27 01:35:11 
Apr 27 01:35:11 url:https://anmp.jd.com/babelDiy/Zeus/2x3yeXUmPbFVCAoXKQqSrdrQuoBk/index.html
Apr 27 01:35:11 当前幸运值：0
Apr 27 01:35:11 去做任务5ff567085da81a8c06981918
Apr 27 01:35:11 任务完成成功，当前幸运值10
Apr 27 01:35:12 去做任务5ff567085da81a8c06981917
Apr 27 01:35:12 任务完成成功，当前幸运值20
Apr 27 01:35:13 当前幸运值：0
Apr 27 01:35:13 
Apr 27 01:35:13 ******开始【京东账号6】jd_EirxWEerdtmu*********
Apr 27 01:35:13 
Apr 27 01:35:13 url:https://anmp.jd.com/babelDiy/Zeus/2x3yeXUmPbFVCAoXKQqSrdrQuoBk/index.html
Apr 27 01:35:13 当前幸运值：0
Apr 27 01:35:13 去做任务5ff567085da81a8c06981918
Apr 27 01:35:14 任务完成成功，当前幸运值10
Apr 27 01:35:14 去做任务5ff567085da81a8c06981917
Apr 27 01:35:14 任务完成成功，当前幸运值20
Apr 27 01:35:15 当前幸运值：0
Apr 27 01:35:15 
Apr 27 01:35:15 🔔女装盲盒抽京豆, 结束! 🕛 14.819 秒
Apr 27 01:35:15 
