Apr 25 00:26:51 
Apr 25 00:26:51 🔔金融养猪, 开始!
Apr 25 00:26:51 
Apr 25 00:26:51 ====================共6个京东账号Cookie=========
Apr 25 00:26:51 
Apr 25 00:26:51 ==================脚本执行- 北京时间(UTC+8)：4/25/2021, 12:26:51 AM=====================
Apr 25 00:26:51 
Apr 25 00:26:52 
Apr 25 00:26:52 开始【京东账号1】18337656372_p
Apr 25 00:26:52 
Apr 25 00:26:52 
Apr 25 00:26:52 京东账号1 18337656372_p 未开启养猪活动,请手动去京东金融APP开启此活动
Apr 25 00:26:52 
Apr 25 00:26:52 
Apr 25 00:26:52 开始【京东账号2】jd_MCazEJrLyuXn
Apr 25 00:26:52 
Apr 25 00:26:52 
Apr 25 00:26:52 京东账号2 jd_MCazEJrLyuXn 未开启养猪活动,请手动去京东金融APP开启此活动
Apr 25 00:26:52 
Apr 25 00:26:52 
Apr 25 00:26:52 开始【京东账号3】鬼神之吕奉先
Apr 25 00:26:52 
Apr 25 00:26:53 
Apr 25 00:26:53 京东账号3 鬼神之吕奉先 未开启养猪活动,请手动去京东金融APP开启此活动
Apr 25 00:26:53 
Apr 25 00:26:53 
Apr 25 00:26:53 开始【京东账号4】jd_6ba76f15069fd
Apr 25 00:26:53 
Apr 25 00:26:53 
Apr 25 00:26:53 京东账号4 jd_6ba76f15069fd 未开启养猪活动,请手动去京东金融APP开启此活动
Apr 25 00:26:53 
Apr 25 00:26:53 
Apr 25 00:26:53 开始【京东账号5】jd_46928899fcc30
Apr 25 00:26:53 
Apr 25 00:26:53 
Apr 25 00:26:53 京东账号5 jd_46928899fcc30 未开启养猪活动,请手动去京东金融APP开启此活动
Apr 25 00:26:53 
Apr 25 00:26:53 
Apr 25 00:26:53 开始【京东账号6】jd_EirxWEerdtmu
Apr 25 00:26:53 
Apr 25 00:26:53 
Apr 25 00:26:53 京东账号6 jd_EirxWEerdtmu 未开启养猪活动,请手动去京东金融APP开启此活动
Apr 25 00:26:53 
Apr 25 00:26:53 
Apr 25 00:26:53 🔔金融养猪, 结束! 🕛 1.892 秒
Apr 25 00:26:53 
Apr 25 01:25:47 
Apr 25 01:25:47 🔔金融养猪, 开始!
Apr 25 01:25:47 
Apr 25 01:25:47 ====================共6个京东账号Cookie=========
Apr 25 01:25:47 
Apr 25 01:25:47 ==================脚本执行- 北京时间(UTC+8)：4/25/2021, 1:25:47 AM=====================
Apr 25 01:25:47 
Apr 25 01:25:47 
Apr 25 01:25:47 开始【京东账号1】18337656372_p
Apr 25 01:25:47 
Apr 25 01:25:47 
Apr 25 01:25:47 京东账号1 18337656372_p 未开启养猪活动,请手动去京东金融APP开启此活动
Apr 25 01:25:47 
Apr 25 01:25:47 
Apr 25 01:25:47 开始【京东账号2】jd_MCazEJrLyuXn
Apr 25 01:25:47 
Apr 25 01:25:47 
Apr 25 01:25:47 京东账号2 jd_MCazEJrLyuXn 未开启养猪活动,请手动去京东金融APP开启此活动
Apr 25 01:25:47 
Apr 25 01:25:48 
Apr 25 01:25:48 开始【京东账号3】鬼神之吕奉先
Apr 25 01:25:48 
Apr 25 01:25:48 
Apr 25 01:25:48 京东账号3 鬼神之吕奉先 未开启养猪活动,请手动去京东金融APP开启此活动
Apr 25 01:25:48 
Apr 25 01:25:48 
Apr 25 01:25:48 开始【京东账号4】jd_6ba76f15069fd
Apr 25 01:25:48 
Apr 25 01:25:48 
Apr 25 01:25:48 京东账号4 jd_6ba76f15069fd 未开启养猪活动,请手动去京东金融APP开启此活动
Apr 25 01:25:48 
Apr 25 01:25:48 
Apr 25 01:25:48 开始【京东账号5】jd_46928899fcc30
Apr 25 01:25:48 
Apr 25 01:25:48 
Apr 25 01:25:48 京东账号5 jd_46928899fcc30 未开启养猪活动,请手动去京东金融APP开启此活动
Apr 25 01:25:48 
Apr 25 01:25:48 
Apr 25 01:25:48 开始【京东账号6】jd_EirxWEerdtmu
Apr 25 01:25:48 
Apr 25 01:25:49 
Apr 25 01:25:49 京东账号6 jd_EirxWEerdtmu 未开启养猪活动,请手动去京东金融APP开启此活动
Apr 25 01:25:49 
Apr 25 01:25:49 
Apr 25 01:25:49 🔔金融养猪, 结束! 🕛 2.032 秒
Apr 25 01:25:49 
Apr 25 02:26:09 
Apr 25 02:26:09 🔔金融养猪, 开始!
Apr 25 02:26:09 
Apr 25 02:26:09 ====================共6个京东账号Cookie=========
Apr 25 02:26:09 
Apr 25 02:26:09 ==================脚本执行- 北京时间(UTC+8)：4/25/2021, 2:26:09 AM=====================
Apr 25 02:26:09 
Apr 25 02:26:09 
Apr 25 02:26:09 开始【京东账号1】18337656372_p
Apr 25 02:26:09 
Apr 25 02:26:09 
Apr 25 02:26:09 京东账号1 18337656372_p 未开启养猪活动,请手动去京东金融APP开启此活动
Apr 25 02:26:09 
Apr 25 02:26:09 
Apr 25 02:26:09 开始【京东账号2】jd_MCazEJrLyuXn
Apr 25 02:26:09 
Apr 25 02:26:09 
Apr 25 02:26:09 京东账号2 jd_MCazEJrLyuXn 未开启养猪活动,请手动去京东金融APP开启此活动
Apr 25 02:26:09 
Apr 25 02:26:10 
Apr 25 02:26:10 开始【京东账号3】鬼神之吕奉先
Apr 25 02:26:10 
Apr 25 02:26:10 
Apr 25 02:26:10 京东账号3 鬼神之吕奉先 未开启养猪活动,请手动去京东金融APP开启此活动
Apr 25 02:26:10 
Apr 25 02:26:10 
Apr 25 02:26:10 开始【京东账号4】jd_6ba76f15069fd
Apr 25 02:26:10 
Apr 25 02:26:10 
Apr 25 02:26:10 京东账号4 jd_6ba76f15069fd 未开启养猪活动,请手动去京东金融APP开启此活动
Apr 25 02:26:10 
Apr 25 02:26:10 
Apr 25 02:26:10 开始【京东账号5】jd_46928899fcc30
Apr 25 02:26:10 
Apr 25 02:26:10 
Apr 25 02:26:10 京东账号5 jd_46928899fcc30 未开启养猪活动,请手动去京东金融APP开启此活动
Apr 25 02:26:10 
Apr 25 02:26:10 
Apr 25 02:26:10 开始【京东账号6】jd_EirxWEerdtmu
Apr 25 02:26:10 
Apr 25 02:26:11 
Apr 25 02:26:11 京东账号6 jd_EirxWEerdtmu 未开启养猪活动,请手动去京东金融APP开启此活动
Apr 25 02:26:11 
Apr 25 02:26:11 
Apr 25 02:26:11 🔔金融养猪, 结束! 🕛 2.003 秒
Apr 25 02:26:11 
Apr 25 03:25:38 
Apr 25 03:25:38 🔔金融养猪, 开始!
Apr 25 03:25:38 
Apr 25 03:25:38 ====================共6个京东账号Cookie=========
Apr 25 03:25:38 
Apr 25 03:25:38 ==================脚本执行- 北京时间(UTC+8)：4/25/2021, 3:25:38 AM=====================
Apr 25 03:25:38 
Apr 25 03:25:38 
Apr 25 03:25:38 开始【京东账号1】18337656372_p
Apr 25 03:25:38 
Apr 25 03:25:38 
Apr 25 03:25:38 京东账号1 18337656372_p 未开启养猪活动,请手动去京东金融APP开启此活动
Apr 25 03:25:38 
Apr 25 03:25:38 
Apr 25 03:25:38 开始【京东账号2】jd_MCazEJrLyuXn
Apr 25 03:25:38 
Apr 25 03:25:39 
Apr 25 03:25:39 京东账号2 jd_MCazEJrLyuXn 未开启养猪活动,请手动去京东金融APP开启此活动
Apr 25 03:25:39 
Apr 25 03:25:39 
Apr 25 03:25:39 开始【京东账号3】鬼神之吕奉先
Apr 25 03:25:39 
Apr 25 03:25:39 
Apr 25 03:25:39 京东账号3 鬼神之吕奉先 未开启养猪活动,请手动去京东金融APP开启此活动
Apr 25 03:25:39 
Apr 25 03:25:39 
Apr 25 03:25:39 开始【京东账号4】jd_6ba76f15069fd
Apr 25 03:25:39 
Apr 25 03:25:39 
Apr 25 03:25:39 京东账号4 jd_6ba76f15069fd 未开启养猪活动,请手动去京东金融APP开启此活动
Apr 25 03:25:39 
Apr 25 03:25:39 
Apr 25 03:25:39 开始【京东账号5】jd_46928899fcc30
Apr 25 03:25:39 
Apr 25 03:25:39 
Apr 25 03:25:39 京东账号5 jd_46928899fcc30 未开启养猪活动,请手动去京东金融APP开启此活动
Apr 25 03:25:39 
Apr 25 03:25:40 
Apr 25 03:25:40 开始【京东账号6】jd_EirxWEerdtmu
Apr 25 03:25:40 
Apr 25 03:25:40 
Apr 25 03:25:40 京东账号6 jd_EirxWEerdtmu 未开启养猪活动,请手动去京东金融APP开启此活动
Apr 25 03:25:40 
Apr 25 03:25:40 
Apr 25 03:25:40 🔔金融养猪, 结束! 🕛 2.017 秒
Apr 25 03:25:40 
Apr 25 04:25:36 
Apr 25 04:25:36 🔔金融养猪, 开始!
Apr 25 04:25:36 
Apr 25 04:25:36 ====================共6个京东账号Cookie=========
Apr 25 04:25:36 
Apr 25 04:25:36 ==================脚本执行- 北京时间(UTC+8)：4/25/2021, 4:25:36 AM=====================
Apr 25 04:25:36 
Apr 25 04:25:36 
Apr 25 04:25:36 开始【京东账号1】18337656372_p
Apr 25 04:25:36 
Apr 25 04:25:36 
Apr 25 04:25:36 京东账号1 18337656372_p 未开启养猪活动,请手动去京东金融APP开启此活动
Apr 25 04:25:36 
Apr 25 04:25:36 
Apr 25 04:25:36 开始【京东账号2】jd_MCazEJrLyuXn
Apr 25 04:25:36 
Apr 25 04:25:37 
Apr 25 04:25:37 京东账号2 jd_MCazEJrLyuXn 未开启养猪活动,请手动去京东金融APP开启此活动
Apr 25 04:25:37 
Apr 25 04:25:37 
Apr 25 04:25:37 开始【京东账号3】鬼神之吕奉先
Apr 25 04:25:37 
Apr 25 04:25:37 
Apr 25 04:25:37 京东账号3 鬼神之吕奉先 未开启养猪活动,请手动去京东金融APP开启此活动
Apr 25 04:25:37 
Apr 25 04:25:37 
Apr 25 04:25:37 开始【京东账号4】jd_6ba76f15069fd
Apr 25 04:25:37 
Apr 25 04:25:37 
Apr 25 04:25:37 京东账号4 jd_6ba76f15069fd 未开启养猪活动,请手动去京东金融APP开启此活动
Apr 25 04:25:37 
Apr 25 04:25:37 
Apr 25 04:25:37 开始【京东账号5】jd_46928899fcc30
Apr 25 04:25:37 
Apr 25 04:25:37 
Apr 25 04:25:37 京东账号5 jd_46928899fcc30 未开启养猪活动,请手动去京东金融APP开启此活动
Apr 25 04:25:37 
Apr 25 04:25:38 
Apr 25 04:25:38 开始【京东账号6】jd_EirxWEerdtmu
Apr 25 04:25:38 
Apr 25 04:25:38 
Apr 25 04:25:38 京东账号6 jd_EirxWEerdtmu 未开启养猪活动,请手动去京东金融APP开启此活动
Apr 25 04:25:38 
Apr 25 04:25:38 
Apr 25 04:25:38 🔔金融养猪, 结束! 🕛 1.995 秒
Apr 25 04:25:38 
Apr 25 05:25:56 
Apr 25 05:25:56 🔔金融养猪, 开始!
Apr 25 05:25:56 
Apr 25 05:25:56 ====================共6个京东账号Cookie=========
Apr 25 05:25:56 
Apr 25 05:25:56 ==================脚本执行- 北京时间(UTC+8)：4/25/2021, 5:25:56 AM=====================
Apr 25 05:25:56 
Apr 25 05:25:56 
Apr 25 05:25:56 开始【京东账号1】18337656372_p
Apr 25 05:25:56 
Apr 25 05:25:56 
Apr 25 05:25:56 京东账号1 18337656372_p 未开启养猪活动,请手动去京东金融APP开启此活动
Apr 25 05:25:56 
Apr 25 05:25:57 
Apr 25 05:25:57 开始【京东账号2】jd_MCazEJrLyuXn
Apr 25 05:25:57 
Apr 25 05:25:57 
Apr 25 05:25:57 京东账号2 jd_MCazEJrLyuXn 未开启养猪活动,请手动去京东金融APP开启此活动
Apr 25 05:25:57 
Apr 25 05:25:57 
Apr 25 05:25:57 开始【京东账号3】鬼神之吕奉先
Apr 25 05:25:57 
Apr 25 05:25:57 
Apr 25 05:25:57 京东账号3 鬼神之吕奉先 未开启养猪活动,请手动去京东金融APP开启此活动
Apr 25 05:25:57 
Apr 25 05:25:57 
Apr 25 05:25:57 开始【京东账号4】jd_6ba76f15069fd
Apr 25 05:25:57 
Apr 25 05:25:57 
Apr 25 05:25:57 京东账号4 jd_6ba76f15069fd 未开启养猪活动,请手动去京东金融APP开启此活动
Apr 25 05:25:57 
Apr 25 05:25:57 
Apr 25 05:25:57 开始【京东账号5】jd_46928899fcc30
Apr 25 05:25:57 
Apr 25 05:25:58 
Apr 25 05:25:58 京东账号5 jd_46928899fcc30 未开启养猪活动,请手动去京东金融APP开启此活动
Apr 25 05:25:58 
Apr 25 05:25:58 
Apr 25 05:25:58 开始【京东账号6】jd_EirxWEerdtmu
Apr 25 05:25:58 
Apr 25 05:25:58 
Apr 25 05:25:58 京东账号6 jd_EirxWEerdtmu 未开启养猪活动,请手动去京东金融APP开启此活动
Apr 25 05:25:58 
Apr 25 05:25:58 
Apr 25 05:25:58 🔔金融养猪, 结束! 🕛 2.003 秒
Apr 25 05:25:58 
Apr 25 06:26:08 
Apr 25 06:26:08 🔔金融养猪, 开始!
Apr 25 06:26:08 
Apr 25 06:26:08 ====================共6个京东账号Cookie=========
Apr 25 06:26:08 
Apr 25 06:26:08 ==================脚本执行- 北京时间(UTC+8)：4/25/2021, 6:26:08 AM=====================
Apr 25 06:26:08 
Apr 25 06:26:08 
Apr 25 06:26:08 开始【京东账号1】18337656372_p
Apr 25 06:26:08 
Apr 25 06:26:09 
Apr 25 06:26:09 京东账号1 18337656372_p 未开启养猪活动,请手动去京东金融APP开启此活动
Apr 25 06:26:09 
Apr 25 06:26:09 
Apr 25 06:26:09 开始【京东账号2】jd_MCazEJrLyuXn
Apr 25 06:26:09 
Apr 25 06:26:09 
Apr 25 06:26:09 京东账号2 jd_MCazEJrLyuXn 未开启养猪活动,请手动去京东金融APP开启此活动
Apr 25 06:26:09 
Apr 25 06:26:09 
Apr 25 06:26:09 开始【京东账号3】鬼神之吕奉先
Apr 25 06:26:09 
Apr 25 06:26:09 
Apr 25 06:26:09 京东账号3 鬼神之吕奉先 未开启养猪活动,请手动去京东金融APP开启此活动
Apr 25 06:26:09 
Apr 25 06:26:09 
Apr 25 06:26:09 开始【京东账号4】jd_6ba76f15069fd
Apr 25 06:26:09 
Apr 25 06:26:10 
Apr 25 06:26:10 京东账号4 jd_6ba76f15069fd 未开启养猪活动,请手动去京东金融APP开启此活动
Apr 25 06:26:10 
Apr 25 06:26:10 
Apr 25 06:26:10 开始【京东账号5】jd_46928899fcc30
Apr 25 06:26:10 
Apr 25 06:26:10 
Apr 25 06:26:10 京东账号5 jd_46928899fcc30 未开启养猪活动,请手动去京东金融APP开启此活动
Apr 25 06:26:10 
Apr 25 06:26:10 
Apr 25 06:26:10 开始【京东账号6】jd_EirxWEerdtmu
Apr 25 06:26:10 
Apr 25 06:26:10 
Apr 25 06:26:10 京东账号6 jd_EirxWEerdtmu 未开启养猪活动,请手动去京东金融APP开启此活动
Apr 25 06:26:10 
Apr 25 06:26:10 
Apr 25 06:26:10 🔔金融养猪, 结束! 🕛 2.103 秒
Apr 25 06:26:10 
Apr 25 07:25:08 
Apr 25 07:25:08 🔔金融养猪, 开始!
Apr 25 07:25:08 
Apr 25 07:25:08 ====================共6个京东账号Cookie=========
Apr 25 07:25:08 
Apr 25 07:25:08 ==================脚本执行- 北京时间(UTC+8)：4/25/2021, 7:25:08 AM=====================
Apr 25 07:25:08 
Apr 25 07:25:08 
Apr 25 07:25:08 开始【京东账号1】18337656372_p
Apr 25 07:25:08 
Apr 25 07:25:09 
Apr 25 07:25:09 京东账号1 18337656372_p 未开启养猪活动,请手动去京东金融APP开启此活动
Apr 25 07:25:09 
Apr 25 07:25:09 
Apr 25 07:25:09 开始【京东账号2】jd_MCazEJrLyuXn
Apr 25 07:25:09 
Apr 25 07:25:09 
Apr 25 07:25:09 京东账号2 jd_MCazEJrLyuXn 未开启养猪活动,请手动去京东金融APP开启此活动
Apr 25 07:25:09 
Apr 25 07:25:09 
Apr 25 07:25:09 开始【京东账号3】鬼神之吕奉先
Apr 25 07:25:09 
Apr 25 07:25:09 
Apr 25 07:25:09 京东账号3 鬼神之吕奉先 未开启养猪活动,请手动去京东金融APP开启此活动
Apr 25 07:25:09 
Apr 25 07:25:09 
Apr 25 07:25:09 开始【京东账号4】jd_6ba76f15069fd
Apr 25 07:25:09 
Apr 25 07:25:10 
Apr 25 07:25:10 京东账号4 jd_6ba76f15069fd 未开启养猪活动,请手动去京东金融APP开启此活动
Apr 25 07:25:10 
Apr 25 07:25:10 
Apr 25 07:25:10 开始【京东账号5】jd_46928899fcc30
Apr 25 07:25:10 
Apr 25 07:25:10 
Apr 25 07:25:10 京东账号5 jd_46928899fcc30 未开启养猪活动,请手动去京东金融APP开启此活动
Apr 25 07:25:10 
Apr 25 07:25:10 
Apr 25 07:25:10 开始【京东账号6】jd_EirxWEerdtmu
Apr 25 07:25:10 
Apr 25 07:25:10 
Apr 25 07:25:10 京东账号6 jd_EirxWEerdtmu 未开启养猪活动,请手动去京东金融APP开启此活动
Apr 25 07:25:10 
Apr 25 07:25:10 
Apr 25 07:25:10 🔔金融养猪, 结束! 🕛 2.008 秒
Apr 25 07:25:10 
Apr 25 08:26:02 
Apr 25 08:26:02 🔔金融养猪, 开始!
Apr 25 08:26:02 
Apr 25 08:26:02 ====================共6个京东账号Cookie=========
Apr 25 08:26:02 
Apr 25 08:26:02 ==================脚本执行- 北京时间(UTC+8)：4/25/2021, 8:26:02 AM=====================
Apr 25 08:26:02 
Apr 25 08:26:03 
Apr 25 08:26:03 开始【京东账号1】18337656372_p
Apr 25 08:26:03 
Apr 25 08:26:03 
Apr 25 08:26:03 京东账号1 18337656372_p 未开启养猪活动,请手动去京东金融APP开启此活动
Apr 25 08:26:03 
Apr 25 08:26:03 
Apr 25 08:26:03 开始【京东账号2】jd_MCazEJrLyuXn
Apr 25 08:26:03 
Apr 25 08:26:03 
Apr 25 08:26:03 京东账号2 jd_MCazEJrLyuXn 未开启养猪活动,请手动去京东金融APP开启此活动
Apr 25 08:26:03 
Apr 25 08:26:03 
Apr 25 08:26:03 开始【京东账号3】鬼神之吕奉先
Apr 25 08:26:03 
Apr 25 08:26:04 
Apr 25 08:26:04 京东账号3 鬼神之吕奉先 未开启养猪活动,请手动去京东金融APP开启此活动
Apr 25 08:26:04 
Apr 25 08:26:04 
Apr 25 08:26:04 开始【京东账号4】jd_6ba76f15069fd
Apr 25 08:26:04 
Apr 25 08:26:04 
Apr 25 08:26:04 京东账号4 jd_6ba76f15069fd 未开启养猪活动,请手动去京东金融APP开启此活动
Apr 25 08:26:04 
Apr 25 08:26:04 
Apr 25 08:26:04 开始【京东账号5】jd_46928899fcc30
Apr 25 08:26:04 
Apr 25 08:26:04 
Apr 25 08:26:04 京东账号5 jd_46928899fcc30 未开启养猪活动,请手动去京东金融APP开启此活动
Apr 25 08:26:04 
Apr 25 08:26:04 
Apr 25 08:26:04 开始【京东账号6】jd_EirxWEerdtmu
Apr 25 08:26:04 
Apr 25 08:26:04 
Apr 25 08:26:04 京东账号6 jd_EirxWEerdtmu 未开启养猪活动,请手动去京东金融APP开启此活动
Apr 25 08:26:04 
Apr 25 08:26:04 
Apr 25 08:26:04 🔔金融养猪, 结束! 🕛 2.245 秒
Apr 25 08:26:04 
Apr 25 09:26:59 
Apr 25 09:26:59 🔔金融养猪, 开始!
Apr 25 09:26:59 
Apr 25 09:26:59 ====================共6个京东账号Cookie=========
Apr 25 09:26:59 
Apr 25 09:26:59 ==================脚本执行- 北京时间(UTC+8)：4/25/2021, 9:26:59 AM=====================
Apr 25 09:26:59 
Apr 25 09:27:00 
Apr 25 09:27:00 开始【京东账号1】18337656372_p
Apr 25 09:27:00 
Apr 25 09:27:00 
Apr 25 09:27:00 京东账号1 18337656372_p 未开启养猪活动,请手动去京东金融APP开启此活动
Apr 25 09:27:00 
Apr 25 09:27:00 
Apr 25 09:27:00 开始【京东账号2】jd_MCazEJrLyuXn
Apr 25 09:27:00 
Apr 25 09:27:00 
Apr 25 09:27:00 京东账号2 jd_MCazEJrLyuXn 未开启养猪活动,请手动去京东金融APP开启此活动
Apr 25 09:27:00 
Apr 25 09:27:00 
Apr 25 09:27:00 开始【京东账号3】鬼神之吕奉先
Apr 25 09:27:00 
Apr 25 09:27:01 
Apr 25 09:27:01 京东账号3 鬼神之吕奉先 未开启养猪活动,请手动去京东金融APP开启此活动
Apr 25 09:27:01 
Apr 25 09:27:01 
Apr 25 09:27:01 开始【京东账号4】jd_6ba76f15069fd
Apr 25 09:27:01 
Apr 25 09:27:01 
Apr 25 09:27:01 京东账号4 jd_6ba76f15069fd 未开启养猪活动,请手动去京东金融APP开启此活动
Apr 25 09:27:01 
Apr 25 09:27:01 
Apr 25 09:27:01 开始【京东账号5】jd_46928899fcc30
Apr 25 09:27:01 
Apr 25 09:27:01 
Apr 25 09:27:01 京东账号5 jd_46928899fcc30 未开启养猪活动,请手动去京东金融APP开启此活动
Apr 25 09:27:01 
Apr 25 09:27:01 
Apr 25 09:27:01 开始【京东账号6】jd_EirxWEerdtmu
Apr 25 09:27:01 
Apr 25 09:27:01 
Apr 25 09:27:01 京东账号6 jd_EirxWEerdtmu 未开启养猪活动,请手动去京东金融APP开启此活动
Apr 25 09:27:01 
Apr 25 09:27:01 
Apr 25 09:27:01 🔔金融养猪, 结束! 🕛 2.065 秒
Apr 25 09:27:01 
Apr 25 10:26:18 
Apr 25 10:26:18 🔔金融养猪, 开始!
Apr 25 10:26:18 
Apr 25 10:26:18 ====================共6个京东账号Cookie=========
Apr 25 10:26:18 
Apr 25 10:26:18 ==================脚本执行- 北京时间(UTC+8)：4/25/2021, 10:26:18 AM=====================
Apr 25 10:26:18 
Apr 25 10:26:18 
Apr 25 10:26:18 开始【京东账号1】18337656372_p
Apr 25 10:26:18 
Apr 25 10:26:18 
Apr 25 10:26:18 京东账号1 18337656372_p 未开启养猪活动,请手动去京东金融APP开启此活动
Apr 25 10:26:18 
Apr 25 10:26:18 
Apr 25 10:26:18 开始【京东账号2】jd_MCazEJrLyuXn
Apr 25 10:26:18 
Apr 25 10:26:18 
Apr 25 10:26:18 京东账号2 jd_MCazEJrLyuXn 未开启养猪活动,请手动去京东金融APP开启此活动
Apr 25 10:26:18 
Apr 25 10:26:19 
Apr 25 10:26:19 开始【京东账号3】鬼神之吕奉先
Apr 25 10:26:19 
Apr 25 10:26:19 
Apr 25 10:26:19 京东账号3 鬼神之吕奉先 未开启养猪活动,请手动去京东金融APP开启此活动
Apr 25 10:26:19 
Apr 25 10:26:19 
Apr 25 10:26:19 开始【京东账号4】jd_6ba76f15069fd
Apr 25 10:26:19 
Apr 25 10:26:19 
Apr 25 10:26:19 京东账号4 jd_6ba76f15069fd 未开启养猪活动,请手动去京东金融APP开启此活动
Apr 25 10:26:19 
Apr 25 10:26:19 
Apr 25 10:26:19 开始【京东账号5】jd_46928899fcc30
Apr 25 10:26:19 
Apr 25 10:26:19 
Apr 25 10:26:19 京东账号5 jd_46928899fcc30 未开启养猪活动,请手动去京东金融APP开启此活动
Apr 25 10:26:19 
Apr 25 10:26:19 
Apr 25 10:26:19 开始【京东账号6】jd_EirxWEerdtmu
Apr 25 10:26:19 
Apr 25 10:26:20 
Apr 25 10:26:20 京东账号6 jd_EirxWEerdtmu 未开启养猪活动,请手动去京东金融APP开启此活动
Apr 25 10:26:20 
Apr 25 10:26:20 
Apr 25 10:26:20 🔔金融养猪, 结束! 🕛 2.048 秒
Apr 25 10:26:20 
Apr 25 11:26:18 
Apr 25 11:26:18 🔔金融养猪, 开始!
Apr 25 11:26:18 
Apr 25 11:26:18 ====================共6个京东账号Cookie=========
Apr 25 11:26:18 
Apr 25 11:26:18 ==================脚本执行- 北京时间(UTC+8)：4/25/2021, 11:26:18 AM=====================
Apr 25 11:26:18 
Apr 25 11:26:18 
Apr 25 11:26:18 开始【京东账号1】18337656372_p
Apr 25 11:26:18 
Apr 25 11:26:18 
Apr 25 11:26:18 京东账号1 18337656372_p 未开启养猪活动,请手动去京东金融APP开启此活动
Apr 25 11:26:18 
Apr 25 11:26:18 
Apr 25 11:26:18 开始【京东账号2】jd_MCazEJrLyuXn
Apr 25 11:26:18 
Apr 25 11:26:18 
Apr 25 11:26:18 京东账号2 jd_MCazEJrLyuXn 未开启养猪活动,请手动去京东金融APP开启此活动
Apr 25 11:26:18 
Apr 25 11:26:19 
Apr 25 11:26:19 开始【京东账号3】鬼神之吕奉先
Apr 25 11:26:19 
Apr 25 11:26:19 
Apr 25 11:26:19 京东账号3 鬼神之吕奉先 未开启养猪活动,请手动去京东金融APP开启此活动
Apr 25 11:26:19 
Apr 25 11:26:19 
Apr 25 11:26:19 开始【京东账号4】jd_6ba76f15069fd
Apr 25 11:26:19 
Apr 25 11:26:19 
Apr 25 11:26:19 京东账号4 jd_6ba76f15069fd 未开启养猪活动,请手动去京东金融APP开启此活动
Apr 25 11:26:19 
Apr 25 11:26:19 
Apr 25 11:26:19 开始【京东账号5】jd_46928899fcc30
Apr 25 11:26:19 
Apr 25 11:26:19 
Apr 25 11:26:19 京东账号5 jd_46928899fcc30 未开启养猪活动,请手动去京东金融APP开启此活动
Apr 25 11:26:19 
Apr 25 11:26:19 
Apr 25 11:26:19 开始【京东账号6】jd_EirxWEerdtmu
Apr 25 11:26:19 
Apr 25 11:26:20 
Apr 25 11:26:20 京东账号6 jd_EirxWEerdtmu 未开启养猪活动,请手动去京东金融APP开启此活动
Apr 25 11:26:20 
Apr 25 11:26:20 
Apr 25 11:26:20 🔔金融养猪, 结束! 🕛 2.024 秒
Apr 25 11:26:20 
Apr 25 12:26:45 
Apr 25 12:26:45 🔔金融养猪, 开始!
Apr 25 12:26:45 
Apr 25 12:26:45 ====================共6个京东账号Cookie=========
Apr 25 12:26:45 
Apr 25 12:26:45 ==================脚本执行- 北京时间(UTC+8)：4/25/2021, 12:26:45 PM=====================
Apr 25 12:26:45 
Apr 25 12:26:45 
Apr 25 12:26:45 开始【京东账号1】18337656372_p
Apr 25 12:26:45 
Apr 25 12:26:45 
Apr 25 12:26:45 京东账号1 18337656372_p 未开启养猪活动,请手动去京东金融APP开启此活动
Apr 25 12:26:45 
Apr 25 12:26:45 
Apr 25 12:26:45 开始【京东账号2】jd_MCazEJrLyuXn
Apr 25 12:26:45 
Apr 25 12:26:46 
Apr 25 12:26:46 京东账号2 jd_MCazEJrLyuXn 未开启养猪活动,请手动去京东金融APP开启此活动
Apr 25 12:26:46 
Apr 25 12:26:46 
Apr 25 12:26:46 开始【京东账号3】鬼神之吕奉先
Apr 25 12:26:46 
Apr 25 12:26:46 
Apr 25 12:26:46 京东账号3 鬼神之吕奉先 未开启养猪活动,请手动去京东金融APP开启此活动
Apr 25 12:26:46 
Apr 25 12:26:46 
Apr 25 12:26:46 开始【京东账号4】jd_6ba76f15069fd
Apr 25 12:26:46 
Apr 25 12:26:46 
Apr 25 12:26:46 京东账号4 jd_6ba76f15069fd 未开启养猪活动,请手动去京东金融APP开启此活动
Apr 25 12:26:46 
Apr 25 12:26:46 
Apr 25 12:26:46 开始【京东账号5】jd_46928899fcc30
Apr 25 12:26:46 
Apr 25 12:26:46 
Apr 25 12:26:46 京东账号5 jd_46928899fcc30 未开启养猪活动,请手动去京东金融APP开启此活动
Apr 25 12:26:46 
Apr 25 12:26:47 
Apr 25 12:26:47 开始【京东账号6】jd_EirxWEerdtmu
Apr 25 12:26:47 
Apr 25 12:26:47 
Apr 25 12:26:47 京东账号6 jd_EirxWEerdtmu 未开启养猪活动,请手动去京东金融APP开启此活动
Apr 25 12:26:47 
Apr 25 12:26:47 
Apr 25 12:26:47 🔔金融养猪, 结束! 🕛 2.008 秒
Apr 25 12:26:47 
Apr 25 13:25:27 
Apr 25 13:25:27 🔔金融养猪, 开始!
Apr 25 13:25:27 
Apr 25 13:25:27 ====================共6个京东账号Cookie=========
Apr 25 13:25:27 
Apr 25 13:25:27 ==================脚本执行- 北京时间(UTC+8)：4/25/2021, 1:25:27 PM=====================
Apr 25 13:25:27 
Apr 25 13:25:27 
Apr 25 13:25:27 开始【京东账号1】18337656372_p
Apr 25 13:25:27 
Apr 25 13:25:28 
Apr 25 13:25:28 京东账号1 18337656372_p 未开启养猪活动,请手动去京东金融APP开启此活动
Apr 25 13:25:28 
Apr 25 13:25:28 
Apr 25 13:25:28 开始【京东账号2】jd_MCazEJrLyuXn
Apr 25 13:25:28 
Apr 25 13:25:28 
Apr 25 13:25:28 京东账号2 jd_MCazEJrLyuXn 未开启养猪活动,请手动去京东金融APP开启此活动
Apr 25 13:25:28 
Apr 25 13:25:28 
Apr 25 13:25:28 开始【京东账号3】鬼神之吕奉先
Apr 25 13:25:28 
Apr 25 13:25:28 
Apr 25 13:25:28 京东账号3 鬼神之吕奉先 未开启养猪活动,请手动去京东金融APP开启此活动
Apr 25 13:25:28 
Apr 25 13:25:28 
Apr 25 13:25:28 开始【京东账号4】jd_6ba76f15069fd
Apr 25 13:25:28 
Apr 25 13:25:28 
Apr 25 13:25:28 京东账号4 jd_6ba76f15069fd 未开启养猪活动,请手动去京东金融APP开启此活动
Apr 25 13:25:28 
Apr 25 13:25:29 
Apr 25 13:25:29 开始【京东账号5】jd_46928899fcc30
Apr 25 13:25:29 
Apr 25 13:25:29 
Apr 25 13:25:29 京东账号5 jd_46928899fcc30 未开启养猪活动,请手动去京东金融APP开启此活动
Apr 25 13:25:29 
Apr 25 13:25:29 
Apr 25 13:25:29 开始【京东账号6】jd_EirxWEerdtmu
Apr 25 13:25:29 
Apr 25 13:25:29 
Apr 25 13:25:29 京东账号6 jd_EirxWEerdtmu 未开启养猪活动,请手动去京东金融APP开启此活动
Apr 25 13:25:29 
Apr 25 13:25:29 
Apr 25 13:25:29 🔔金融养猪, 结束! 🕛 2.023 秒
Apr 25 13:25:29 
Apr 25 14:25:48 
Apr 25 14:25:48 🔔金融养猪, 开始!
Apr 25 14:25:48 
Apr 25 14:25:48 ====================共6个京东账号Cookie=========
Apr 25 14:25:48 
Apr 25 14:25:48 ==================脚本执行- 北京时间(UTC+8)：4/25/2021, 2:25:48 PM=====================
Apr 25 14:25:48 
Apr 25 14:25:48 
Apr 25 14:25:48 开始【京东账号1】18337656372_p
Apr 25 14:25:48 
Apr 25 14:25:49 
Apr 25 14:25:49 京东账号1 18337656372_p 未开启养猪活动,请手动去京东金融APP开启此活动
Apr 25 14:25:49 
Apr 25 14:25:49 
Apr 25 14:25:49 开始【京东账号2】jd_MCazEJrLyuXn
Apr 25 14:25:49 
Apr 25 14:25:49 
Apr 25 14:25:49 京东账号2 jd_MCazEJrLyuXn 未开启养猪活动,请手动去京东金融APP开启此活动
Apr 25 14:25:49 
Apr 25 14:25:49 
Apr 25 14:25:49 开始【京东账号3】鬼神之吕奉先
Apr 25 14:25:49 
Apr 25 14:25:49 
Apr 25 14:25:49 京东账号3 鬼神之吕奉先 未开启养猪活动,请手动去京东金融APP开启此活动
Apr 25 14:25:49 
Apr 25 14:25:49 
Apr 25 14:25:49 开始【京东账号4】jd_6ba76f15069fd
Apr 25 14:25:49 
Apr 25 14:25:50 
Apr 25 14:25:50 京东账号4 jd_6ba76f15069fd 未开启养猪活动,请手动去京东金融APP开启此活动
Apr 25 14:25:50 
Apr 25 14:25:50 
Apr 25 14:25:50 开始【京东账号5】jd_46928899fcc30
Apr 25 14:25:50 
Apr 25 14:25:50 
Apr 25 14:25:50 京东账号5 jd_46928899fcc30 未开启养猪活动,请手动去京东金融APP开启此活动
Apr 25 14:25:50 
Apr 25 14:25:50 
Apr 25 14:25:50 开始【京东账号6】jd_EirxWEerdtmu
Apr 25 14:25:50 
Apr 25 14:25:50 
Apr 25 14:25:50 京东账号6 jd_EirxWEerdtmu 未开启养猪活动,请手动去京东金融APP开启此活动
Apr 25 14:25:50 
Apr 25 14:25:50 
Apr 25 14:25:50 🔔金融养猪, 结束! 🕛 2.093 秒
Apr 25 14:25:50 
Apr 25 15:26:36 
Apr 25 15:26:36 🔔金融养猪, 开始!
Apr 25 15:26:36 
Apr 25 15:26:36 ====================共6个京东账号Cookie=========
Apr 25 15:26:36 
Apr 25 15:26:36 ==================脚本执行- 北京时间(UTC+8)：4/25/2021, 3:26:36 PM=====================
Apr 25 15:26:36 
Apr 25 15:26:37 
Apr 25 15:26:37 开始【京东账号1】18337656372_p
Apr 25 15:26:37 
Apr 25 15:26:37 
Apr 25 15:26:37 京东账号1 18337656372_p 未开启养猪活动,请手动去京东金融APP开启此活动
Apr 25 15:26:37 
Apr 25 15:26:37 
Apr 25 15:26:37 开始【京东账号2】jd_MCazEJrLyuXn
Apr 25 15:26:37 
Apr 25 15:26:37 
Apr 25 15:26:37 京东账号2 jd_MCazEJrLyuXn 未开启养猪活动,请手动去京东金融APP开启此活动
Apr 25 15:26:37 
Apr 25 15:26:37 
Apr 25 15:26:37 开始【京东账号3】鬼神之吕奉先
Apr 25 15:26:37 
Apr 25 15:26:37 
Apr 25 15:26:37 京东账号3 鬼神之吕奉先 未开启养猪活动,请手动去京东金融APP开启此活动
Apr 25 15:26:37 
Apr 25 15:26:37 
Apr 25 15:26:37 开始【京东账号4】jd_6ba76f15069fd
Apr 25 15:26:37 
Apr 25 15:26:38 
Apr 25 15:26:38 京东账号4 jd_6ba76f15069fd 未开启养猪活动,请手动去京东金融APP开启此活动
Apr 25 15:26:38 
Apr 25 15:26:38 
Apr 25 15:26:38 开始【京东账号5】jd_46928899fcc30
Apr 25 15:26:38 
Apr 25 15:26:38 
Apr 25 15:26:38 京东账号5 jd_46928899fcc30 未开启养猪活动,请手动去京东金融APP开启此活动
Apr 25 15:26:38 
Apr 25 15:26:38 
Apr 25 15:26:38 开始【京东账号6】jd_EirxWEerdtmu
Apr 25 15:26:38 
Apr 25 15:26:38 
Apr 25 15:26:38 京东账号6 jd_EirxWEerdtmu 未开启养猪活动,请手动去京东金融APP开启此活动
Apr 25 15:26:38 
Apr 25 15:26:38 
Apr 25 15:26:38 🔔金融养猪, 结束! 🕛 1.99 秒
Apr 25 15:26:38 
Apr 25 16:26:14 
Apr 25 16:26:14 🔔金融养猪, 开始!
Apr 25 16:26:14 
Apr 25 16:26:14 ====================共6个京东账号Cookie=========
Apr 25 16:26:14 
Apr 25 16:26:14 ==================脚本执行- 北京时间(UTC+8)：4/25/2021, 4:26:14 PM=====================
Apr 25 16:26:14 
Apr 25 16:26:15 
Apr 25 16:26:15 开始【京东账号1】18337656372_p
Apr 25 16:26:15 
Apr 25 16:26:15 
Apr 25 16:26:15 京东账号1 18337656372_p 未开启养猪活动,请手动去京东金融APP开启此活动
Apr 25 16:26:15 
Apr 25 16:26:15 
Apr 25 16:26:15 开始【京东账号2】jd_MCazEJrLyuXn
Apr 25 16:26:15 
Apr 25 16:26:15 
Apr 25 16:26:15 京东账号2 jd_MCazEJrLyuXn 未开启养猪活动,请手动去京东金融APP开启此活动
Apr 25 16:26:15 
Apr 25 16:26:15 
Apr 25 16:26:15 开始【京东账号3】鬼神之吕奉先
Apr 25 16:26:15 
Apr 25 16:26:15 
Apr 25 16:26:15 京东账号3 鬼神之吕奉先 未开启养猪活动,请手动去京东金融APP开启此活动
Apr 25 16:26:15 
Apr 25 16:26:16 
Apr 25 16:26:16 开始【京东账号4】jd_6ba76f15069fd
Apr 25 16:26:16 
Apr 25 16:26:16 
Apr 25 16:26:16 京东账号4 jd_6ba76f15069fd 未开启养猪活动,请手动去京东金融APP开启此活动
Apr 25 16:26:16 
Apr 25 16:26:16 
Apr 25 16:26:16 开始【京东账号5】jd_46928899fcc30
Apr 25 16:26:16 
Apr 25 16:26:16 
Apr 25 16:26:16 京东账号5 jd_46928899fcc30 未开启养猪活动,请手动去京东金融APP开启此活动
Apr 25 16:26:16 
Apr 25 16:26:16 
Apr 25 16:26:16 开始【京东账号6】jd_EirxWEerdtmu
Apr 25 16:26:16 
Apr 25 16:26:16 
Apr 25 16:26:16 京东账号6 jd_EirxWEerdtmu 未开启养猪活动,请手动去京东金融APP开启此活动
Apr 25 16:26:16 
Apr 25 16:26:16 
Apr 25 16:26:16 🔔金融养猪, 结束! 🕛 2.071 秒
Apr 25 16:26:16 
Apr 25 17:26:15 
Apr 25 17:26:15 🔔金融养猪, 开始!
Apr 25 17:26:15 
Apr 25 17:26:15 ====================共6个京东账号Cookie=========
Apr 25 17:26:15 
Apr 25 17:26:15 ==================脚本执行- 北京时间(UTC+8)：4/25/2021, 5:26:15 PM=====================
Apr 25 17:26:15 
Apr 25 17:26:16 
Apr 25 17:26:16 开始【京东账号1】18337656372_p
Apr 25 17:26:16 
Apr 25 17:26:16 
Apr 25 17:26:16 京东账号1 18337656372_p 未开启养猪活动,请手动去京东金融APP开启此活动
Apr 25 17:26:16 
Apr 25 17:26:16 
Apr 25 17:26:16 开始【京东账号2】jd_MCazEJrLyuXn
Apr 25 17:26:16 
Apr 25 17:26:16 
Apr 25 17:26:16 京东账号2 jd_MCazEJrLyuXn 未开启养猪活动,请手动去京东金融APP开启此活动
Apr 25 17:26:16 
Apr 25 17:26:16 
Apr 25 17:26:16 开始【京东账号3】鬼神之吕奉先
Apr 25 17:26:16 
Apr 25 17:26:17 
Apr 25 17:26:17 京东账号3 鬼神之吕奉先 未开启养猪活动,请手动去京东金融APP开启此活动
Apr 25 17:26:17 
Apr 25 17:26:17 
Apr 25 17:26:17 开始【京东账号4】jd_6ba76f15069fd
Apr 25 17:26:17 
Apr 25 17:26:17 
Apr 25 17:26:17 京东账号4 jd_6ba76f15069fd 未开启养猪活动,请手动去京东金融APP开启此活动
Apr 25 17:26:17 
Apr 25 17:26:17 
Apr 25 17:26:17 开始【京东账号5】jd_46928899fcc30
Apr 25 17:26:17 
Apr 25 17:26:17 
Apr 25 17:26:17 京东账号5 jd_46928899fcc30 未开启养猪活动,请手动去京东金融APP开启此活动
Apr 25 17:26:17 
Apr 25 17:26:17 
Apr 25 17:26:17 开始【京东账号6】jd_EirxWEerdtmu
Apr 25 17:26:17 
Apr 25 17:26:18 
Apr 25 17:26:18 京东账号6 jd_EirxWEerdtmu 未开启养猪活动,请手动去京东金融APP开启此活动
Apr 25 17:26:18 
Apr 25 17:26:18 
Apr 25 17:26:18 🔔金融养猪, 结束! 🕛 2.212 秒
Apr 25 17:26:18 
Apr 25 18:26:50 
Apr 25 18:26:50 🔔金融养猪, 开始!
Apr 25 18:26:50 
Apr 25 18:26:50 ====================共6个京东账号Cookie=========
Apr 25 18:26:50 
Apr 25 18:26:50 ==================脚本执行- 北京时间(UTC+8)：4/25/2021, 6:26:50 PM=====================
Apr 25 18:26:50 
Apr 25 18:26:50 
Apr 25 18:26:50 开始【京东账号1】18337656372_p
Apr 25 18:26:50 
Apr 25 18:26:50 
Apr 25 18:26:50 京东账号1 18337656372_p 未开启养猪活动,请手动去京东金融APP开启此活动
Apr 25 18:26:50 
Apr 25 18:26:51 
Apr 25 18:26:51 开始【京东账号2】jd_MCazEJrLyuXn
Apr 25 18:26:51 
Apr 25 18:26:51 
Apr 25 18:26:51 京东账号2 jd_MCazEJrLyuXn 未开启养猪活动,请手动去京东金融APP开启此活动
Apr 25 18:26:51 
Apr 25 18:26:51 
Apr 25 18:26:51 开始【京东账号3】鬼神之吕奉先
Apr 25 18:26:51 
Apr 25 18:26:51 
Apr 25 18:26:51 京东账号3 鬼神之吕奉先 未开启养猪活动,请手动去京东金融APP开启此活动
Apr 25 18:26:51 
Apr 25 18:26:51 
Apr 25 18:26:51 开始【京东账号4】jd_6ba76f15069fd
Apr 25 18:26:51 
Apr 25 18:26:51 
Apr 25 18:26:51 京东账号4 jd_6ba76f15069fd 未开启养猪活动,请手动去京东金融APP开启此活动
Apr 25 18:26:51 
Apr 25 18:26:51 
Apr 25 18:26:51 开始【京东账号5】jd_46928899fcc30
Apr 25 18:26:51 
Apr 25 18:26:51 
Apr 25 18:26:51 京东账号5 jd_46928899fcc30 未开启养猪活动,请手动去京东金融APP开启此活动
Apr 25 18:26:51 
Apr 25 18:26:52 
Apr 25 18:26:52 开始【京东账号6】jd_EirxWEerdtmu
Apr 25 18:26:52 
Apr 25 18:26:52 
Apr 25 18:26:52 京东账号6 jd_EirxWEerdtmu 未开启养猪活动,请手动去京东金融APP开启此活动
Apr 25 18:26:52 
Apr 25 18:26:52 
Apr 25 18:26:52 🔔金融养猪, 结束! 🕛 2.127 秒
Apr 25 18:26:52 
Apr 25 19:26:24 
Apr 25 19:26:24 🔔金融养猪, 开始!
Apr 25 19:26:24 
Apr 25 19:26:24 ====================共6个京东账号Cookie=========
Apr 25 19:26:24 
Apr 25 19:26:24 ==================脚本执行- 北京时间(UTC+8)：4/25/2021, 7:26:24 PM=====================
Apr 25 19:26:24 
Apr 25 19:26:24 
Apr 25 19:26:24 开始【京东账号1】18337656372_p
Apr 25 19:26:24 
Apr 25 19:26:24 
Apr 25 19:26:24 京东账号1 18337656372_p 未开启养猪活动,请手动去京东金融APP开启此活动
Apr 25 19:26:24 
Apr 25 19:26:24 
Apr 25 19:26:24 开始【京东账号2】jd_MCazEJrLyuXn
Apr 25 19:26:24 
Apr 25 19:26:25 
Apr 25 19:26:25 京东账号2 jd_MCazEJrLyuXn 未开启养猪活动,请手动去京东金融APP开启此活动
Apr 25 19:26:25 
Apr 25 19:26:25 
Apr 25 19:26:25 开始【京东账号3】鬼神之吕奉先
Apr 25 19:26:25 
Apr 25 19:26:25 
Apr 25 19:26:25 京东账号3 鬼神之吕奉先 未开启养猪活动,请手动去京东金融APP开启此活动
Apr 25 19:26:25 
Apr 25 19:26:25 
Apr 25 19:26:25 开始【京东账号4】jd_6ba76f15069fd
Apr 25 19:26:25 
Apr 25 19:26:25 
Apr 25 19:26:25 京东账号4 jd_6ba76f15069fd 未开启养猪活动,请手动去京东金融APP开启此活动
Apr 25 19:26:25 
Apr 25 19:26:25 
Apr 25 19:26:25 开始【京东账号5】jd_46928899fcc30
Apr 25 19:26:25 
Apr 25 19:26:25 
Apr 25 19:26:25 京东账号5 jd_46928899fcc30 未开启养猪活动,请手动去京东金融APP开启此活动
Apr 25 19:26:25 
Apr 25 19:26:25 
Apr 25 19:26:25 开始【京东账号6】jd_EirxWEerdtmu
Apr 25 19:26:25 
Apr 25 19:26:26 
Apr 25 19:26:26 京东账号6 jd_EirxWEerdtmu 未开启养猪活动,请手动去京东金融APP开启此活动
Apr 25 19:26:26 
Apr 25 19:26:26 
Apr 25 19:26:26 🔔金融养猪, 结束! 🕛 2 秒
Apr 25 19:26:26 
Apr 25 20:25:59 
Apr 25 20:25:59 🔔金融养猪, 开始!
Apr 25 20:25:59 
Apr 25 20:25:59 ====================共6个京东账号Cookie=========
Apr 25 20:25:59 
Apr 25 20:25:59 ==================脚本执行- 北京时间(UTC+8)：4/25/2021, 8:25:59 PM=====================
Apr 25 20:25:59 
Apr 25 20:25:59 
Apr 25 20:25:59 开始【京东账号1】最初的梦想o
Apr 25 20:25:59 
Apr 25 20:25:59 
Apr 25 20:25:59 京东账号1 最初的梦想o 未开启养猪活动,请手动去京东金融APP开启此活动
Apr 25 20:25:59 
Apr 25 20:26:00 
Apr 25 20:26:00 开始【京东账号2】jd_MCazEJrLyuXn
Apr 25 20:26:00 
Apr 25 20:26:00 
Apr 25 20:26:00 京东账号2 jd_MCazEJrLyuXn 未开启养猪活动,请手动去京东金融APP开启此活动
Apr 25 20:26:00 
Apr 25 20:26:00 
Apr 25 20:26:00 开始【京东账号3】鬼神之吕奉先
Apr 25 20:26:00 
Apr 25 20:26:00 
Apr 25 20:26:00 京东账号3 鬼神之吕奉先 未开启养猪活动,请手动去京东金融APP开启此活动
Apr 25 20:26:00 
Apr 25 20:26:00 
Apr 25 20:26:00 开始【京东账号4】jd_189371pwlx
Apr 25 20:26:00 
Apr 25 20:26:00 
Apr 25 20:26:00 京东账号4 jd_189371pwlx 未开启养猪活动,请手动去京东金融APP开启此活动
Apr 25 20:26:00 
Apr 25 20:26:01 
Apr 25 20:26:01 开始【京东账号5】jd_46928899fcc30
Apr 25 20:26:01 
Apr 25 20:26:01 
Apr 25 20:26:01 京东账号5 jd_46928899fcc30 未开启养猪活动,请手动去京东金融APP开启此活动
Apr 25 20:26:01 
Apr 25 20:26:01 
Apr 25 20:26:01 开始【京东账号6】jd_EirxWEerdtmu
Apr 25 20:26:01 
Apr 25 20:26:01 
Apr 25 20:26:01 京东账号6 jd_EirxWEerdtmu 未开启养猪活动,请手动去京东金融APP开启此活动
Apr 25 20:26:01 
Apr 25 20:26:01 
Apr 25 20:26:01 🔔金融养猪, 结束! 🕛 2.275 秒
Apr 25 20:26:01 
Apr 25 21:26:52 
Apr 25 21:26:52 🔔金融养猪, 开始!
Apr 25 21:26:52 
Apr 25 21:26:52 ====================共6个京东账号Cookie=========
Apr 25 21:26:52 
Apr 25 21:26:52 ==================脚本执行- 北京时间(UTC+8)：4/25/2021, 9:26:52 PM=====================
Apr 25 21:26:52 
Apr 25 21:26:52 
Apr 25 21:26:52 开始【京东账号1】18337656372_p
Apr 25 21:26:52 
Apr 25 21:26:53 
Apr 25 21:26:53 京东账号1 18337656372_p 未开启养猪活动,请手动去京东金融APP开启此活动
Apr 25 21:26:53 
Apr 25 21:26:53 
Apr 25 21:26:53 开始【京东账号2】jd_MCazEJrLyuXn
Apr 25 21:26:53 
Apr 25 21:26:53 
Apr 25 21:26:53 京东账号2 jd_MCazEJrLyuXn 未开启养猪活动,请手动去京东金融APP开启此活动
Apr 25 21:26:53 
Apr 25 21:26:53 
Apr 25 21:26:53 开始【京东账号3】鬼神之吕奉先
Apr 25 21:26:53 
Apr 25 21:26:53 
Apr 25 21:26:53 京东账号3 鬼神之吕奉先 未开启养猪活动,请手动去京东金融APP开启此活动
Apr 25 21:26:53 
Apr 25 21:26:53 
Apr 25 21:26:53 开始【京东账号4】jd_6ba76f15069fd
Apr 25 21:26:53 
Apr 25 21:26:53 
Apr 25 21:26:53 京东账号4 jd_6ba76f15069fd 未开启养猪活动,请手动去京东金融APP开启此活动
Apr 25 21:26:53 
Apr 25 21:26:54 
Apr 25 21:26:54 开始【京东账号5】jd_46928899fcc30
Apr 25 21:26:54 
Apr 25 21:26:54 
Apr 25 21:26:54 京东账号5 jd_46928899fcc30 未开启养猪活动,请手动去京东金融APP开启此活动
Apr 25 21:26:54 
Apr 25 21:26:54 
Apr 25 21:26:54 开始【京东账号6】jd_EirxWEerdtmu
Apr 25 21:26:54 
Apr 25 21:26:54 
Apr 25 21:26:54 京东账号6 jd_EirxWEerdtmu 未开启养猪活动,请手动去京东金融APP开启此活动
Apr 25 21:26:54 
Apr 25 21:26:54 
Apr 25 21:26:54 🔔金融养猪, 结束! 🕛 2.179 秒
Apr 25 21:26:54 
Apr 25 22:26:39 
Apr 25 22:26:39 🔔金融养猪, 开始!
Apr 25 22:26:39 
Apr 25 22:26:39 ====================共6个京东账号Cookie=========
Apr 25 22:26:39 
Apr 25 22:26:39 ==================脚本执行- 北京时间(UTC+8)：4/25/2021, 10:26:39 PM=====================
Apr 25 22:26:39 
Apr 25 22:26:39 
Apr 25 22:26:39 开始【京东账号1】18337656372_p
Apr 25 22:26:39 
Apr 25 22:26:40 
Apr 25 22:26:40 京东账号1 18337656372_p 未开启养猪活动,请手动去京东金融APP开启此活动
Apr 25 22:26:40 
Apr 25 22:26:40 
Apr 25 22:26:40 开始【京东账号2】jd_MCazEJrLyuXn
Apr 25 22:26:40 
Apr 25 22:26:40 
Apr 25 22:26:40 京东账号2 jd_MCazEJrLyuXn 未开启养猪活动,请手动去京东金融APP开启此活动
Apr 25 22:26:40 
Apr 25 22:26:40 
Apr 25 22:26:40 开始【京东账号3】鬼神之吕奉先
Apr 25 22:26:40 
Apr 25 22:26:40 
Apr 25 22:26:40 京东账号3 鬼神之吕奉先 未开启养猪活动,请手动去京东金融APP开启此活动
Apr 25 22:26:40 
Apr 25 22:26:40 
Apr 25 22:26:40 开始【京东账号4】jd_6ba76f15069fd
Apr 25 22:26:40 
Apr 25 22:26:40 
Apr 25 22:26:40 京东账号4 jd_6ba76f15069fd 未开启养猪活动,请手动去京东金融APP开启此活动
Apr 25 22:26:40 
Apr 25 22:26:41 
Apr 25 22:26:41 开始【京东账号5】jd_46928899fcc30
Apr 25 22:26:41 
Apr 25 22:26:41 
Apr 25 22:26:41 京东账号5 jd_46928899fcc30 未开启养猪活动,请手动去京东金融APP开启此活动
Apr 25 22:26:41 
Apr 25 22:26:41 
Apr 25 22:26:41 开始【京东账号6】jd_EirxWEerdtmu
Apr 25 22:26:41 
Apr 25 22:26:41 
Apr 25 22:26:41 京东账号6 jd_EirxWEerdtmu 未开启养猪活动,请手动去京东金融APP开启此活动
Apr 25 22:26:41 
Apr 25 22:26:41 
Apr 25 22:26:41 🔔金融养猪, 结束! 🕛 1.997 秒
Apr 25 22:26:41 
Apr 25 23:26:41 
Apr 25 23:26:41 🔔金融养猪, 开始!
Apr 25 23:26:41 
Apr 25 23:26:41 ====================共6个京东账号Cookie=========
Apr 25 23:26:41 
Apr 25 23:26:41 ==================脚本执行- 北京时间(UTC+8)：4/25/2021, 11:26:41 PM=====================
Apr 25 23:26:41 
Apr 25 23:26:41 
Apr 25 23:26:41 开始【京东账号1】18337656372_p
Apr 25 23:26:41 
Apr 25 23:26:42 
Apr 25 23:26:42 京东账号1 18337656372_p 未开启养猪活动,请手动去京东金融APP开启此活动
Apr 25 23:26:42 
Apr 25 23:26:42 
Apr 25 23:26:42 开始【京东账号2】jd_MCazEJrLyuXn
Apr 25 23:26:42 
Apr 25 23:26:42 
Apr 25 23:26:42 京东账号2 jd_MCazEJrLyuXn 未开启养猪活动,请手动去京东金融APP开启此活动
Apr 25 23:26:42 
Apr 25 23:26:42 
Apr 25 23:26:42 开始【京东账号3】鬼神之吕奉先
Apr 25 23:26:42 
Apr 25 23:26:42 
Apr 25 23:26:42 京东账号3 鬼神之吕奉先 未开启养猪活动,请手动去京东金融APP开启此活动
Apr 25 23:26:42 
Apr 25 23:26:42 
Apr 25 23:26:42 开始【京东账号4】jd_6ba76f15069fd
Apr 25 23:26:42 
Apr 25 23:26:43 
Apr 25 23:26:43 京东账号4 jd_6ba76f15069fd 未开启养猪活动,请手动去京东金融APP开启此活动
Apr 25 23:26:43 
Apr 25 23:26:43 
Apr 25 23:26:43 开始【京东账号5】jd_46928899fcc30
Apr 25 23:26:43 
Apr 25 23:26:43 
Apr 25 23:26:43 京东账号5 jd_46928899fcc30 未开启养猪活动,请手动去京东金融APP开启此活动
Apr 25 23:26:43 
Apr 25 23:26:43 
Apr 25 23:26:43 开始【京东账号6】jd_EirxWEerdtmu
Apr 25 23:26:43 
Apr 25 23:26:43 
Apr 25 23:26:43 京东账号6 jd_EirxWEerdtmu 未开启养猪活动,请手动去京东金融APP开启此活动
Apr 25 23:26:43 
Apr 25 23:26:43 
Apr 25 23:26:43 🔔金融养猪, 结束! 🕛 2.004 秒
Apr 25 23:26:43 
Apr 26 00:26:28 
Apr 26 00:26:28 🔔金融养猪, 开始!
Apr 26 00:26:28 
Apr 26 00:26:28 ====================共6个京东账号Cookie=========
Apr 26 00:26:28 
Apr 26 00:26:28 ==================脚本执行- 北京时间(UTC+8)：4/26/2021, 12:26:28 AM=====================
Apr 26 00:26:28 
Apr 26 00:26:29 
Apr 26 00:26:29 开始【京东账号1】18337656372_p
Apr 26 00:26:29 
Apr 26 00:26:29 
Apr 26 00:26:29 京东账号1 18337656372_p 未开启养猪活动,请手动去京东金融APP开启此活动
Apr 26 00:26:29 
Apr 26 00:26:29 
Apr 26 00:26:29 开始【京东账号2】jd_MCazEJrLyuXn
Apr 26 00:26:29 
Apr 26 00:26:29 
Apr 26 00:26:29 京东账号2 jd_MCazEJrLyuXn 未开启养猪活动,请手动去京东金融APP开启此活动
Apr 26 00:26:29 
Apr 26 00:26:29 
Apr 26 00:26:29 开始【京东账号3】鬼神之吕奉先
Apr 26 00:26:29 
Apr 26 00:26:29 
Apr 26 00:26:29 京东账号3 鬼神之吕奉先 未开启养猪活动,请手动去京东金融APP开启此活动
Apr 26 00:26:29 
Apr 26 00:26:30 
Apr 26 00:26:30 开始【京东账号4】jd_6ba76f15069fd
Apr 26 00:26:30 
Apr 26 00:26:30 
Apr 26 00:26:30 京东账号4 jd_6ba76f15069fd 未开启养猪活动,请手动去京东金融APP开启此活动
Apr 26 00:26:30 
Apr 26 00:26:30 
Apr 26 00:26:30 开始【京东账号5】jd_46928899fcc30
Apr 26 00:26:30 
Apr 26 00:26:30 
Apr 26 00:26:30 京东账号5 jd_46928899fcc30 未开启养猪活动,请手动去京东金融APP开启此活动
Apr 26 00:26:30 
Apr 26 00:26:30 
Apr 26 00:26:30 开始【京东账号6】jd_EirxWEerdtmu
Apr 26 00:26:30 
Apr 26 00:26:30 
Apr 26 00:26:30 京东账号6 jd_EirxWEerdtmu 未开启养猪活动,请手动去京东金融APP开启此活动
Apr 26 00:26:30 
Apr 26 00:26:30 
Apr 26 00:26:30 🔔金融养猪, 结束! 🕛 1.955 秒
Apr 26 00:26:30 
Apr 26 01:26:12 
Apr 26 01:26:12 🔔金融养猪, 开始!
Apr 26 01:26:12 
Apr 26 01:26:12 ====================共6个京东账号Cookie=========
Apr 26 01:26:12 
Apr 26 01:26:12 ==================脚本执行- 北京时间(UTC+8)：4/26/2021, 1:26:12 AM=====================
Apr 26 01:26:12 
Apr 26 01:26:13 
Apr 26 01:26:13 开始【京东账号1】18337656372_p
Apr 26 01:26:13 
Apr 26 01:26:13 
Apr 26 01:26:13 京东账号1 18337656372_p 未开启养猪活动,请手动去京东金融APP开启此活动
Apr 26 01:26:13 
Apr 26 01:26:13 
Apr 26 01:26:13 开始【京东账号2】jd_MCazEJrLyuXn
Apr 26 01:26:13 
Apr 26 01:26:13 
Apr 26 01:26:13 京东账号2 jd_MCazEJrLyuXn 未开启养猪活动,请手动去京东金融APP开启此活动
Apr 26 01:26:13 
Apr 26 01:26:13 
Apr 26 01:26:13 开始【京东账号3】鬼神之吕奉先
Apr 26 01:26:13 
Apr 26 01:26:14 
Apr 26 01:26:14 京东账号3 鬼神之吕奉先 未开启养猪活动,请手动去京东金融APP开启此活动
Apr 26 01:26:14 
Apr 26 01:26:14 
Apr 26 01:26:14 开始【京东账号4】jd_6ba76f15069fd
Apr 26 01:26:14 
Apr 26 01:26:14 
Apr 26 01:26:14 京东账号4 jd_6ba76f15069fd 未开启养猪活动,请手动去京东金融APP开启此活动
Apr 26 01:26:14 
Apr 26 01:26:14 
Apr 26 01:26:14 开始【京东账号5】jd_46928899fcc30
Apr 26 01:26:14 
Apr 26 01:26:14 
Apr 26 01:26:14 京东账号5 jd_46928899fcc30 未开启养猪活动,请手动去京东金融APP开启此活动
Apr 26 01:26:14 
Apr 26 01:26:14 
Apr 26 01:26:14 开始【京东账号6】jd_EirxWEerdtmu
Apr 26 01:26:14 
Apr 26 01:26:15 
Apr 26 01:26:15 京东账号6 jd_EirxWEerdtmu 未开启养猪活动,请手动去京东金融APP开启此活动
Apr 26 01:26:15 
Apr 26 01:26:15 
Apr 26 01:26:15 🔔金融养猪, 结束! 🕛 2.085 秒
Apr 26 01:26:15 
Apr 26 02:25:54 
Apr 26 02:25:54 🔔金融养猪, 开始!
Apr 26 02:25:54 
Apr 26 02:25:54 ====================共6个京东账号Cookie=========
Apr 26 02:25:54 
Apr 26 02:25:54 ==================脚本执行- 北京时间(UTC+8)：4/26/2021, 2:25:54 AM=====================
Apr 26 02:25:54 
Apr 26 02:25:54 
Apr 26 02:25:54 开始【京东账号1】18337656372_p
Apr 26 02:25:54 
Apr 26 02:25:54 
Apr 26 02:25:54 京东账号1 18337656372_p 未开启养猪活动,请手动去京东金融APP开启此活动
Apr 26 02:25:54 
Apr 26 02:25:54 
Apr 26 02:25:54 开始【京东账号2】jd_MCazEJrLyuXn
Apr 26 02:25:54 
Apr 26 02:25:54 
Apr 26 02:25:54 京东账号2 jd_MCazEJrLyuXn 未开启养猪活动,请手动去京东金融APP开启此活动
Apr 26 02:25:54 
Apr 26 02:25:55 
Apr 26 02:25:55 开始【京东账号3】鬼神之吕奉先
Apr 26 02:25:55 
Apr 26 02:25:55 
Apr 26 02:25:55 京东账号3 鬼神之吕奉先 未开启养猪活动,请手动去京东金融APP开启此活动
Apr 26 02:25:55 
Apr 26 02:25:55 
Apr 26 02:25:55 开始【京东账号4】jd_6ba76f15069fd
Apr 26 02:25:55 
Apr 26 02:25:55 
Apr 26 02:25:55 京东账号4 jd_6ba76f15069fd 未开启养猪活动,请手动去京东金融APP开启此活动
Apr 26 02:25:55 
Apr 26 02:25:55 
Apr 26 02:25:55 开始【京东账号5】jd_46928899fcc30
Apr 26 02:25:55 
Apr 26 02:25:55 
Apr 26 02:25:55 京东账号5 jd_46928899fcc30 未开启养猪活动,请手动去京东金融APP开启此活动
Apr 26 02:25:55 
Apr 26 02:25:55 
Apr 26 02:25:55 开始【京东账号6】jd_EirxWEerdtmu
Apr 26 02:25:55 
Apr 26 02:25:56 
Apr 26 02:25:56 京东账号6 jd_EirxWEerdtmu 未开启养猪活动,请手动去京东金融APP开启此活动
Apr 26 02:25:56 
Apr 26 02:25:56 
Apr 26 02:25:56 🔔金融养猪, 结束! 🕛 1.954 秒
Apr 26 02:25:56 
Apr 26 03:26:59 
Apr 26 03:26:59 🔔金融养猪, 开始!
Apr 26 03:26:59 
Apr 26 03:26:59 ====================共6个京东账号Cookie=========
Apr 26 03:26:59 
Apr 26 03:26:59 ==================脚本执行- 北京时间(UTC+8)：4/26/2021, 3:26:59 AM=====================
Apr 26 03:26:59 
Apr 26 03:26:59 
Apr 26 03:26:59 开始【京东账号1】18337656372_p
Apr 26 03:26:59 
Apr 26 03:26:59 
Apr 26 03:26:59 京东账号1 18337656372_p 未开启养猪活动,请手动去京东金融APP开启此活动
Apr 26 03:26:59 
Apr 26 03:26:59 
Apr 26 03:26:59 开始【京东账号2】jd_MCazEJrLyuXn
Apr 26 03:26:59 
Apr 26 03:26:59 
Apr 26 03:26:59 京东账号2 jd_MCazEJrLyuXn 未开启养猪活动,请手动去京东金融APP开启此活动
Apr 26 03:26:59 
Apr 26 03:27:00 
Apr 26 03:27:00 开始【京东账号3】鬼神之吕奉先
Apr 26 03:27:00 
Apr 26 03:27:00 
Apr 26 03:27:00 京东账号3 鬼神之吕奉先 未开启养猪活动,请手动去京东金融APP开启此活动
Apr 26 03:27:00 
Apr 26 03:27:00 
Apr 26 03:27:00 开始【京东账号4】jd_6ba76f15069fd
Apr 26 03:27:00 
Apr 26 03:27:00 
Apr 26 03:27:00 京东账号4 jd_6ba76f15069fd 未开启养猪活动,请手动去京东金融APP开启此活动
Apr 26 03:27:00 
Apr 26 03:27:00 
Apr 26 03:27:00 开始【京东账号5】jd_46928899fcc30
Apr 26 03:27:00 
Apr 26 03:27:00 
Apr 26 03:27:00 京东账号5 jd_46928899fcc30 未开启养猪活动,请手动去京东金融APP开启此活动
Apr 26 03:27:00 
Apr 26 03:27:01 
Apr 26 03:27:01 开始【京东账号6】jd_EirxWEerdtmu
Apr 26 03:27:01 
Apr 26 03:27:01 
Apr 26 03:27:01 京东账号6 jd_EirxWEerdtmu 未开启养猪活动,请手动去京东金融APP开启此活动
Apr 26 03:27:01 
Apr 26 03:27:01 
Apr 26 03:27:01 🔔金融养猪, 结束! 🕛 2.043 秒
Apr 26 03:27:01 
Apr 26 04:25:51 
Apr 26 04:25:51 🔔金融养猪, 开始!
Apr 26 04:25:51 
Apr 26 04:25:51 ====================共6个京东账号Cookie=========
Apr 26 04:25:51 
Apr 26 04:25:51 ==================脚本执行- 北京时间(UTC+8)：4/26/2021, 4:25:51 AM=====================
Apr 26 04:25:51 
Apr 26 04:25:51 
Apr 26 04:25:51 开始【京东账号1】18337656372_p
Apr 26 04:25:51 
Apr 26 04:25:51 
Apr 26 04:25:51 京东账号1 18337656372_p 未开启养猪活动,请手动去京东金融APP开启此活动
Apr 26 04:25:51 
Apr 26 04:25:52 
Apr 26 04:25:52 开始【京东账号2】jd_MCazEJrLyuXn
Apr 26 04:25:52 
Apr 26 04:25:52 
Apr 26 04:25:52 京东账号2 jd_MCazEJrLyuXn 未开启养猪活动,请手动去京东金融APP开启此活动
Apr 26 04:25:52 
Apr 26 04:25:52 
Apr 26 04:25:52 开始【京东账号3】鬼神之吕奉先
Apr 26 04:25:52 
Apr 26 04:25:52 
Apr 26 04:25:52 京东账号3 鬼神之吕奉先 未开启养猪活动,请手动去京东金融APP开启此活动
Apr 26 04:25:52 
Apr 26 04:25:52 
Apr 26 04:25:52 开始【京东账号4】jd_6ba76f15069fd
Apr 26 04:25:52 
Apr 26 04:25:52 
Apr 26 04:25:52 京东账号4 jd_6ba76f15069fd 未开启养猪活动,请手动去京东金融APP开启此活动
Apr 26 04:25:52 
Apr 26 04:25:52 
Apr 26 04:25:52 开始【京东账号5】jd_46928899fcc30
Apr 26 04:25:52 
Apr 26 04:25:53 
Apr 26 04:25:53 京东账号5 jd_46928899fcc30 未开启养猪活动,请手动去京东金融APP开启此活动
Apr 26 04:25:53 
Apr 26 04:25:53 
Apr 26 04:25:53 开始【京东账号6】jd_EirxWEerdtmu
Apr 26 04:25:53 
Apr 26 04:25:53 
Apr 26 04:25:53 京东账号6 jd_EirxWEerdtmu 未开启养猪活动,请手动去京东金融APP开启此活动
Apr 26 04:25:53 
Apr 26 04:25:53 
Apr 26 04:25:53 🔔金融养猪, 结束! 🕛 2.047 秒
Apr 26 04:25:53 
Apr 26 05:26:22 
Apr 26 05:26:22 🔔金融养猪, 开始!
Apr 26 05:26:22 
Apr 26 05:26:22 ====================共6个京东账号Cookie=========
Apr 26 05:26:22 
Apr 26 05:26:22 ==================脚本执行- 北京时间(UTC+8)：4/26/2021, 5:26:22 AM=====================
Apr 26 05:26:22 
Apr 26 05:26:22 
Apr 26 05:26:22 开始【京东账号1】18337656372_p
Apr 26 05:26:22 
Apr 26 05:26:22 
Apr 26 05:26:22 京东账号1 18337656372_p 未开启养猪活动,请手动去京东金融APP开启此活动
Apr 26 05:26:22 
Apr 26 05:26:23 
Apr 26 05:26:23 开始【京东账号2】jd_MCazEJrLyuXn
Apr 26 05:26:23 
Apr 26 05:26:23 
Apr 26 05:26:23 京东账号2 jd_MCazEJrLyuXn 未开启养猪活动,请手动去京东金融APP开启此活动
Apr 26 05:26:23 
Apr 26 05:26:23 
Apr 26 05:26:23 开始【京东账号3】鬼神之吕奉先
Apr 26 05:26:23 
Apr 26 05:26:23 
Apr 26 05:26:23 京东账号3 鬼神之吕奉先 未开启养猪活动,请手动去京东金融APP开启此活动
Apr 26 05:26:23 
Apr 26 05:26:23 
Apr 26 05:26:23 开始【京东账号4】jd_6ba76f15069fd
Apr 26 05:26:23 
Apr 26 05:26:23 
Apr 26 05:26:23 京东账号4 jd_6ba76f15069fd 未开启养猪活动,请手动去京东金融APP开启此活动
Apr 26 05:26:23 
Apr 26 05:26:23 
Apr 26 05:26:23 开始【京东账号5】jd_46928899fcc30
Apr 26 05:26:23 
Apr 26 05:26:24 
Apr 26 05:26:24 京东账号5 jd_46928899fcc30 未开启养猪活动,请手动去京东金融APP开启此活动
Apr 26 05:26:24 
Apr 26 05:26:24 
Apr 26 05:26:24 开始【京东账号6】jd_EirxWEerdtmu
Apr 26 05:26:24 
Apr 26 05:26:24 
Apr 26 05:26:24 京东账号6 jd_EirxWEerdtmu 未开启养猪活动,请手动去京东金融APP开启此活动
Apr 26 05:26:24 
Apr 26 05:26:24 
Apr 26 05:26:24 🔔金融养猪, 结束! 🕛 2.057 秒
Apr 26 05:26:24 
Apr 26 06:26:36 
Apr 26 06:26:36 🔔金融养猪, 开始!
Apr 26 06:26:36 
Apr 26 06:26:36 ====================共6个京东账号Cookie=========
Apr 26 06:26:36 
Apr 26 06:26:36 ==================脚本执行- 北京时间(UTC+8)：4/26/2021, 6:26:36 AM=====================
Apr 26 06:26:36 
Apr 26 06:26:36 
Apr 26 06:26:36 开始【京东账号1】18337656372_p
Apr 26 06:26:36 
Apr 26 06:26:37 
Apr 26 06:26:37 京东账号1 18337656372_p 未开启养猪活动,请手动去京东金融APP开启此活动
Apr 26 06:26:37 
Apr 26 06:26:37 
Apr 26 06:26:37 开始【京东账号2】jd_MCazEJrLyuXn
Apr 26 06:26:37 
Apr 26 06:26:37 
Apr 26 06:26:37 京东账号2 jd_MCazEJrLyuXn 未开启养猪活动,请手动去京东金融APP开启此活动
Apr 26 06:26:37 
Apr 26 06:26:37 
Apr 26 06:26:37 开始【京东账号3】鬼神之吕奉先
Apr 26 06:26:37 
Apr 26 06:26:37 
Apr 26 06:26:37 京东账号3 鬼神之吕奉先 未开启养猪活动,请手动去京东金融APP开启此活动
Apr 26 06:26:37 
Apr 26 06:26:37 
Apr 26 06:26:37 开始【京东账号4】jd_6ba76f15069fd
Apr 26 06:26:37 
Apr 26 06:26:37 
Apr 26 06:26:37 京东账号4 jd_6ba76f15069fd 未开启养猪活动,请手动去京东金融APP开启此活动
Apr 26 06:26:37 
Apr 26 06:26:38 
Apr 26 06:26:38 开始【京东账号5】jd_46928899fcc30
Apr 26 06:26:38 
Apr 26 06:26:38 
Apr 26 06:26:38 京东账号5 jd_46928899fcc30 未开启养猪活动,请手动去京东金融APP开启此活动
Apr 26 06:26:38 
Apr 26 06:26:38 
Apr 26 06:26:38 开始【京东账号6】jd_EirxWEerdtmu
Apr 26 06:26:38 
Apr 26 06:26:38 
Apr 26 06:26:38 京东账号6 jd_EirxWEerdtmu 未开启养猪活动,请手动去京东金融APP开启此活动
Apr 26 06:26:38 
Apr 26 06:26:38 
Apr 26 06:26:38 🔔金融养猪, 结束! 🕛 1.915 秒
Apr 26 06:26:38 
Apr 26 07:26:30 
Apr 26 07:26:30 🔔金融养猪, 开始!
Apr 26 07:26:30 
Apr 26 07:26:30 ====================共6个京东账号Cookie=========
Apr 26 07:26:30 
Apr 26 07:26:30 ==================脚本执行- 北京时间(UTC+8)：4/26/2021, 7:26:30 AM=====================
Apr 26 07:26:30 
Apr 26 07:26:31 
Apr 26 07:26:31 开始【京东账号1】18337656372_p
Apr 26 07:26:31 
Apr 26 07:26:31 
Apr 26 07:26:31 京东账号1 18337656372_p 未开启养猪活动,请手动去京东金融APP开启此活动
Apr 26 07:26:31 
Apr 26 07:26:31 
Apr 26 07:26:31 开始【京东账号2】jd_MCazEJrLyuXn
Apr 26 07:26:31 
Apr 26 07:26:31 
Apr 26 07:26:31 京东账号2 jd_MCazEJrLyuXn 未开启养猪活动,请手动去京东金融APP开启此活动
Apr 26 07:26:31 
Apr 26 07:26:31 
Apr 26 07:26:31 开始【京东账号3】鬼神之吕奉先
Apr 26 07:26:31 
Apr 26 07:26:31 
Apr 26 07:26:31 京东账号3 鬼神之吕奉先 未开启养猪活动,请手动去京东金融APP开启此活动
Apr 26 07:26:31 
Apr 26 07:26:32 
Apr 26 07:26:32 开始【京东账号4】jd_6ba76f15069fd
Apr 26 07:26:32 
Apr 26 07:26:32 
Apr 26 07:26:32 京东账号4 jd_6ba76f15069fd 未开启养猪活动,请手动去京东金融APP开启此活动
Apr 26 07:26:32 
Apr 26 07:26:32 
Apr 26 07:26:32 开始【京东账号5】jd_46928899fcc30
Apr 26 07:26:32 
Apr 26 07:26:32 
Apr 26 07:26:32 京东账号5 jd_46928899fcc30 未开启养猪活动,请手动去京东金融APP开启此活动
Apr 26 07:26:32 
Apr 26 07:26:32 
Apr 26 07:26:32 开始【京东账号6】jd_EirxWEerdtmu
Apr 26 07:26:32 
Apr 26 07:26:32 
Apr 26 07:26:32 京东账号6 jd_EirxWEerdtmu 未开启养猪活动,请手动去京东金融APP开启此活动
Apr 26 07:26:32 
Apr 26 07:26:32 
Apr 26 07:26:32 🔔金融养猪, 结束! 🕛 2.091 秒
Apr 26 07:26:32 
Apr 26 08:26:38 
Apr 26 08:26:38 🔔金融养猪, 开始!
Apr 26 08:26:38 
Apr 26 08:26:38 ====================共6个京东账号Cookie=========
Apr 26 08:26:38 
Apr 26 08:26:38 ==================脚本执行- 北京时间(UTC+8)：4/26/2021, 8:26:38 AM=====================
Apr 26 08:26:38 
Apr 26 08:26:39 
Apr 26 08:26:39 开始【京东账号1】18337656372_p
Apr 26 08:26:39 
Apr 26 08:26:39 
Apr 26 08:26:39 京东账号1 18337656372_p 未开启养猪活动,请手动去京东金融APP开启此活动
Apr 26 08:26:39 
Apr 26 08:26:39 
Apr 26 08:26:39 开始【京东账号2】jd_MCazEJrLyuXn
Apr 26 08:26:39 
Apr 26 08:26:39 
Apr 26 08:26:39 京东账号2 jd_MCazEJrLyuXn 未开启养猪活动,请手动去京东金融APP开启此活动
Apr 26 08:26:39 
Apr 26 08:26:39 
Apr 26 08:26:39 开始【京东账号3】鬼神之吕奉先
Apr 26 08:26:39 
Apr 26 08:26:40 
Apr 26 08:26:40 京东账号3 鬼神之吕奉先 未开启养猪活动,请手动去京东金融APP开启此活动
Apr 26 08:26:40 
Apr 26 08:26:40 
Apr 26 08:26:40 开始【京东账号4】jd_6ba76f15069fd
Apr 26 08:26:40 
Apr 26 08:26:40 
Apr 26 08:26:40 京东账号4 jd_6ba76f15069fd 未开启养猪活动,请手动去京东金融APP开启此活动
Apr 26 08:26:40 
Apr 26 08:26:40 
Apr 26 08:26:40 开始【京东账号5】jd_46928899fcc30
Apr 26 08:26:40 
Apr 26 08:26:40 
Apr 26 08:26:40 京东账号5 jd_46928899fcc30 未开启养猪活动,请手动去京东金融APP开启此活动
Apr 26 08:26:40 
Apr 26 08:26:40 
Apr 26 08:26:40 开始【京东账号6】jd_EirxWEerdtmu
Apr 26 08:26:40 
Apr 26 08:26:40 
Apr 26 08:26:40 京东账号6 jd_EirxWEerdtmu 未开启养猪活动,请手动去京东金融APP开启此活动
Apr 26 08:26:40 
Apr 26 08:26:40 
Apr 26 08:26:40 🔔金融养猪, 结束! 🕛 2.056 秒
Apr 26 08:26:40 
Apr 26 09:26:59 
Apr 26 09:26:59 🔔金融养猪, 开始!
Apr 26 09:27:00 
Apr 26 09:27:00 ====================共6个京东账号Cookie=========
Apr 26 09:27:00 
Apr 26 09:27:00 ==================脚本执行- 北京时间(UTC+8)：4/26/2021, 9:27:00 AM=====================
Apr 26 09:27:00 
Apr 26 09:27:00 
Apr 26 09:27:00 开始【京东账号1】18337656372_p
Apr 26 09:27:00 
Apr 26 09:27:00 
Apr 26 09:27:00 京东账号1 18337656372_p 未开启养猪活动,请手动去京东金融APP开启此活动
Apr 26 09:27:00 
Apr 26 09:27:00 
Apr 26 09:27:00 开始【京东账号2】jd_MCazEJrLyuXn
Apr 26 09:27:00 
Apr 26 09:27:00 
Apr 26 09:27:00 京东账号2 jd_MCazEJrLyuXn 未开启养猪活动,请手动去京东金融APP开启此活动
Apr 26 09:27:00 
Apr 26 09:27:00 
Apr 26 09:27:00 开始【京东账号3】鬼神之吕奉先
Apr 26 09:27:00 
Apr 26 09:27:01 
Apr 26 09:27:01 京东账号3 鬼神之吕奉先 未开启养猪活动,请手动去京东金融APP开启此活动
Apr 26 09:27:01 
Apr 26 09:27:01 
Apr 26 09:27:01 开始【京东账号4】jd_6ba76f15069fd
Apr 26 09:27:01 
Apr 26 09:27:01 
Apr 26 09:27:01 京东账号4 jd_6ba76f15069fd 未开启养猪活动,请手动去京东金融APP开启此活动
Apr 26 09:27:01 
Apr 26 09:27:01 
Apr 26 09:27:01 开始【京东账号5】jd_46928899fcc30
Apr 26 09:27:01 
Apr 26 09:27:01 
Apr 26 09:27:01 京东账号5 jd_46928899fcc30 未开启养猪活动,请手动去京东金融APP开启此活动
Apr 26 09:27:01 
Apr 26 09:27:01 
Apr 26 09:27:01 开始【京东账号6】jd_EirxWEerdtmu
Apr 26 09:27:01 
Apr 26 09:27:02 
Apr 26 09:27:02 京东账号6 jd_EirxWEerdtmu 未开启养猪活动,请手动去京东金融APP开启此活动
Apr 26 09:27:02 
Apr 26 09:27:02 
Apr 26 09:27:02 🔔金融养猪, 结束! 🕛 2.161 秒
Apr 26 09:27:02 
Apr 26 10:25:58 
Apr 26 10:25:58 🔔金融养猪, 开始!
Apr 26 10:25:58 
Apr 26 10:25:58 ====================共6个京东账号Cookie=========
Apr 26 10:25:58 
Apr 26 10:25:58 ==================脚本执行- 北京时间(UTC+8)：4/26/2021, 10:25:58 AM=====================
Apr 26 10:25:58 
Apr 26 10:25:58 
Apr 26 10:25:58 开始【京东账号1】18337656372_p
Apr 26 10:25:58 
Apr 26 10:25:58 
Apr 26 10:25:58 京东账号1 18337656372_p 未开启养猪活动,请手动去京东金融APP开启此活动
Apr 26 10:25:58 
Apr 26 10:25:58 
Apr 26 10:25:58 开始【京东账号2】jd_MCazEJrLyuXn
Apr 26 10:25:58 
Apr 26 10:26:00 
Apr 26 10:26:00 京东账号2 jd_MCazEJrLyuXn 未开启养猪活动,请手动去京东金融APP开启此活动
Apr 26 10:26:00 
Apr 26 10:26:00 
Apr 26 10:26:00 开始【京东账号3】鬼神之吕奉先
Apr 26 10:26:00 
Apr 26 10:26:02 
Apr 26 10:26:02 京东账号3 鬼神之吕奉先 未开启养猪活动,请手动去京东金融APP开启此活动
Apr 26 10:26:02 
Apr 26 10:26:02 
Apr 26 10:26:02 开始【京东账号4】jd_6ba76f15069fd
Apr 26 10:26:02 
Apr 26 10:26:04 
Apr 26 10:26:04 京东账号4 jd_6ba76f15069fd 未开启养猪活动,请手动去京东金融APP开启此活动
Apr 26 10:26:04 
Apr 26 10:26:05 
Apr 26 10:26:05 开始【京东账号5】jd_46928899fcc30
Apr 26 10:26:05 
Apr 26 10:26:06 
Apr 26 10:26:06 京东账号5 jd_46928899fcc30 未开启养猪活动,请手动去京东金融APP开启此活动
Apr 26 10:26:06 
Apr 26 10:26:06 
Apr 26 10:26:06 开始【京东账号6】jd_EirxWEerdtmu
Apr 26 10:26:06 
Apr 26 10:26:08 
Apr 26 10:26:08 京东账号6 jd_EirxWEerdtmu 未开启养猪活动,请手动去京东金融APP开启此活动
Apr 26 10:26:08 
Apr 26 10:26:08 
Apr 26 10:26:08 🔔金融养猪, 结束! 🕛 10.476 秒
Apr 26 10:26:08 
Apr 26 11:26:04 
Apr 26 11:26:04 🔔金融养猪, 开始!
Apr 26 11:26:04 
Apr 26 11:26:04 ====================共6个京东账号Cookie=========
Apr 26 11:26:04 
Apr 26 11:26:04 ==================脚本执行- 北京时间(UTC+8)：4/26/2021, 11:26:04 AM=====================
Apr 26 11:26:04 
Apr 26 11:26:04 
Apr 26 11:26:04 开始【京东账号1】18337656372_p
Apr 26 11:26:04 
Apr 26 11:26:04 
Apr 26 11:26:04 京东账号1 18337656372_p 未开启养猪活动,请手动去京东金融APP开启此活动
Apr 26 11:26:04 
Apr 26 11:26:04 
Apr 26 11:26:04 开始【京东账号2】jd_MCazEJrLyuXn
Apr 26 11:26:04 
Apr 26 11:26:05 
Apr 26 11:26:05 京东账号2 jd_MCazEJrLyuXn 未开启养猪活动,请手动去京东金融APP开启此活动
Apr 26 11:26:05 
Apr 26 11:26:05 
Apr 26 11:26:05 开始【京东账号3】鬼神之吕奉先
Apr 26 11:26:05 
Apr 26 11:26:05 
Apr 26 11:26:05 京东账号3 鬼神之吕奉先 未开启养猪活动,请手动去京东金融APP开启此活动
Apr 26 11:26:05 
Apr 26 11:26:05 
Apr 26 11:26:05 开始【京东账号4】jd_6ba76f15069fd
Apr 26 11:26:05 
Apr 26 11:26:05 
Apr 26 11:26:05 京东账号4 jd_6ba76f15069fd 未开启养猪活动,请手动去京东金融APP开启此活动
Apr 26 11:26:05 
Apr 26 11:26:05 
Apr 26 11:26:05 开始【京东账号5】jd_46928899fcc30
Apr 26 11:26:05 
Apr 26 11:26:05 
Apr 26 11:26:05 京东账号5 jd_46928899fcc30 未开启养猪活动,请手动去京东金融APP开启此活动
Apr 26 11:26:05 
Apr 26 11:26:06 
Apr 26 11:26:06 开始【京东账号6】jd_EirxWEerdtmu
Apr 26 11:26:06 
Apr 26 11:26:06 
Apr 26 11:26:06 京东账号6 jd_EirxWEerdtmu 未开启养猪活动,请手动去京东金融APP开启此活动
Apr 26 11:26:06 
Apr 26 11:26:06 
Apr 26 11:26:06 🔔金融养猪, 结束! 🕛 2.053 秒
Apr 26 11:26:06 
Apr 26 12:26:43 
Apr 26 12:26:43 🔔金融养猪, 开始!
Apr 26 12:26:43 
Apr 26 12:26:43 ====================共6个京东账号Cookie=========
Apr 26 12:26:43 
Apr 26 12:26:43 ==================脚本执行- 北京时间(UTC+8)：4/26/2021, 12:26:43 PM=====================
Apr 26 12:26:43 
Apr 26 12:26:43 
Apr 26 12:26:43 开始【京东账号1】18337656372_p
Apr 26 12:26:43 
Apr 26 12:26:43 
Apr 26 12:26:43 京东账号1 18337656372_p 未开启养猪活动,请手动去京东金融APP开启此活动
Apr 26 12:26:43 
Apr 26 12:26:43 
Apr 26 12:26:43 开始【京东账号2】jd_MCazEJrLyuXn
Apr 26 12:26:43 
Apr 26 12:26:44 
Apr 26 12:26:44 京东账号2 jd_MCazEJrLyuXn 未开启养猪活动,请手动去京东金融APP开启此活动
Apr 26 12:26:44 
Apr 26 12:26:44 
Apr 26 12:26:44 开始【京东账号3】鬼神之吕奉先
Apr 26 12:26:44 
Apr 26 12:26:44 
Apr 26 12:26:44 京东账号3 鬼神之吕奉先 未开启养猪活动,请手动去京东金融APP开启此活动
Apr 26 12:26:44 
Apr 26 12:26:44 
Apr 26 12:26:44 开始【京东账号4】jd_6ba76f15069fd
Apr 26 12:26:44 
Apr 26 12:26:44 
Apr 26 12:26:44 京东账号4 jd_6ba76f15069fd 未开启养猪活动,请手动去京东金融APP开启此活动
Apr 26 12:26:44 
Apr 26 12:26:44 
Apr 26 12:26:44 开始【京东账号5】jd_46928899fcc30
Apr 26 12:26:44 
Apr 26 12:26:44 
Apr 26 12:26:44 京东账号5 jd_46928899fcc30 未开启养猪活动,请手动去京东金融APP开启此活动
Apr 26 12:26:44 
Apr 26 12:26:45 
Apr 26 12:26:45 开始【京东账号6】jd_EirxWEerdtmu
Apr 26 12:26:45 
Apr 26 12:26:45 
Apr 26 12:26:45 京东账号6 jd_EirxWEerdtmu 未开启养猪活动,请手动去京东金融APP开启此活动
Apr 26 12:26:45 
Apr 26 12:26:45 
Apr 26 12:26:45 🔔金融养猪, 结束! 🕛 1.924 秒
Apr 26 12:26:45 
Apr 26 13:25:12 
Apr 26 13:25:12 🔔金融养猪, 开始!
Apr 26 13:25:12 
Apr 26 13:25:12 ====================共6个京东账号Cookie=========
Apr 26 13:25:12 
Apr 26 13:25:12 ==================脚本执行- 北京时间(UTC+8)：4/26/2021, 1:25:12 PM=====================
Apr 26 13:25:12 
Apr 26 13:25:12 
Apr 26 13:25:12 开始【京东账号1】18337656372_p
Apr 26 13:25:12 
Apr 26 13:25:13 
Apr 26 13:25:13 京东账号1 18337656372_p 未开启养猪活动,请手动去京东金融APP开启此活动
Apr 26 13:25:13 
Apr 26 13:25:13 
Apr 26 13:25:13 开始【京东账号2】jd_MCazEJrLyuXn
Apr 26 13:25:13 
Apr 26 13:25:13 
Apr 26 13:25:13 京东账号2 jd_MCazEJrLyuXn 未开启养猪活动,请手动去京东金融APP开启此活动
Apr 26 13:25:13 
Apr 26 13:25:13 
Apr 26 13:25:13 开始【京东账号3】鬼神之吕奉先
Apr 26 13:25:13 
Apr 26 13:25:13 
Apr 26 13:25:13 京东账号3 鬼神之吕奉先 未开启养猪活动,请手动去京东金融APP开启此活动
Apr 26 13:25:13 
Apr 26 13:25:13 
Apr 26 13:25:13 开始【京东账号4】jd_6ba76f15069fd
Apr 26 13:25:13 
Apr 26 13:25:13 
Apr 26 13:25:13 京东账号4 jd_6ba76f15069fd 未开启养猪活动,请手动去京东金融APP开启此活动
Apr 26 13:25:13 
Apr 26 13:25:14 
Apr 26 13:25:14 开始【京东账号5】jd_46928899fcc30
Apr 26 13:25:14 
Apr 26 13:25:14 
Apr 26 13:25:14 京东账号5 jd_46928899fcc30 未开启养猪活动,请手动去京东金融APP开启此活动
Apr 26 13:25:14 
Apr 26 13:25:14 
Apr 26 13:25:14 开始【京东账号6】jd_EirxWEerdtmu
Apr 26 13:25:14 
Apr 26 13:25:14 
Apr 26 13:25:14 京东账号6 jd_EirxWEerdtmu 未开启养猪活动,请手动去京东金融APP开启此活动
Apr 26 13:25:14 
Apr 26 13:25:14 
Apr 26 13:25:14 🔔金融养猪, 结束! 🕛 2.033 秒
Apr 26 13:25:14 
Apr 26 14:26:20 
Apr 26 14:26:20 🔔金融养猪, 开始!
Apr 26 14:26:20 
Apr 26 14:26:20 ====================共6个京东账号Cookie=========
Apr 26 14:26:20 
Apr 26 14:26:20 ==================脚本执行- 北京时间(UTC+8)：4/26/2021, 2:26:20 PM=====================
Apr 26 14:26:20 
Apr 26 14:26:20 
Apr 26 14:26:20 开始【京东账号1】18337656372_p
Apr 26 14:26:20 
Apr 26 14:26:21 
Apr 26 14:26:21 京东账号1 18337656372_p 未开启养猪活动,请手动去京东金融APP开启此活动
Apr 26 14:26:21 
Apr 26 14:26:21 
Apr 26 14:26:21 开始【京东账号2】jd_MCazEJrLyuXn
Apr 26 14:26:21 
Apr 26 14:26:21 
Apr 26 14:26:21 京东账号2 jd_MCazEJrLyuXn 未开启养猪活动,请手动去京东金融APP开启此活动
Apr 26 14:26:21 
Apr 26 14:26:21 
Apr 26 14:26:21 开始【京东账号3】鬼神之吕奉先
Apr 26 14:26:21 
Apr 26 14:26:21 
Apr 26 14:26:21 京东账号3 鬼神之吕奉先 未开启养猪活动,请手动去京东金融APP开启此活动
Apr 26 14:26:21 
Apr 26 14:26:21 
Apr 26 14:26:21 开始【京东账号4】jd_6ba76f15069fd
Apr 26 14:26:21 
Apr 26 14:26:21 
Apr 26 14:26:21 京东账号4 jd_6ba76f15069fd 未开启养猪活动,请手动去京东金融APP开启此活动
Apr 26 14:26:21 
Apr 26 14:26:22 
Apr 26 14:26:22 开始【京东账号5】jd_46928899fcc30
Apr 26 14:26:22 
Apr 26 14:26:22 
Apr 26 14:26:22 京东账号5 jd_46928899fcc30 未开启养猪活动,请手动去京东金融APP开启此活动
Apr 26 14:26:22 
Apr 26 14:26:22 
Apr 26 14:26:22 开始【京东账号6】jd_EirxWEerdtmu
Apr 26 14:26:22 
Apr 26 14:26:22 
Apr 26 14:26:22 京东账号6 jd_EirxWEerdtmu 未开启养猪活动,请手动去京东金融APP开启此活动
Apr 26 14:26:22 
Apr 26 14:26:22 
Apr 26 14:26:22 🔔金融养猪, 结束! 🕛 1.994 秒
Apr 26 14:26:22 
Apr 26 15:26:12 
Apr 26 15:26:12 🔔金融养猪, 开始!
Apr 26 15:26:12 
Apr 26 15:26:12 ====================共6个京东账号Cookie=========
Apr 26 15:26:12 
Apr 26 15:26:12 ==================脚本执行- 北京时间(UTC+8)：4/26/2021, 3:26:12 PM=====================
Apr 26 15:26:12 
Apr 26 15:26:13 
Apr 26 15:26:13 开始【京东账号1】18337656372_p
Apr 26 15:26:13 
Apr 26 15:26:13 
Apr 26 15:26:13 京东账号1 18337656372_p 未开启养猪活动,请手动去京东金融APP开启此活动
Apr 26 15:26:13 
Apr 26 15:26:13 
Apr 26 15:26:13 开始【京东账号2】jd_MCazEJrLyuXn
Apr 26 15:26:13 
Apr 26 15:26:13 
Apr 26 15:26:13 京东账号2 jd_MCazEJrLyuXn 未开启养猪活动,请手动去京东金融APP开启此活动
Apr 26 15:26:13 
Apr 26 15:26:13 
Apr 26 15:26:13 开始【京东账号3】鬼神之吕奉先
Apr 26 15:26:13 
Apr 26 15:26:13 
Apr 26 15:26:13 京东账号3 鬼神之吕奉先 未开启养猪活动,请手动去京东金融APP开启此活动
Apr 26 15:26:13 
Apr 26 15:26:14 
Apr 26 15:26:14 开始【京东账号4】jd_6ba76f15069fd
Apr 26 15:26:14 
Apr 26 15:26:14 
Apr 26 15:26:14 京东账号4 jd_6ba76f15069fd 未开启养猪活动,请手动去京东金融APP开启此活动
Apr 26 15:26:14 
Apr 26 15:26:14 
Apr 26 15:26:14 开始【京东账号5】jd_46928899fcc30
Apr 26 15:26:14 
Apr 26 15:26:14 
Apr 26 15:26:14 京东账号5 jd_46928899fcc30 未开启养猪活动,请手动去京东金融APP开启此活动
Apr 26 15:26:14 
Apr 26 15:26:14 
Apr 26 15:26:14 开始【京东账号6】jd_EirxWEerdtmu
Apr 26 15:26:14 
Apr 26 15:26:14 
Apr 26 15:26:14 京东账号6 jd_EirxWEerdtmu 未开启养猪活动,请手动去京东金融APP开启此活动
Apr 26 15:26:14 
Apr 26 15:26:14 
Apr 26 15:26:14 🔔金融养猪, 结束! 🕛 2.063 秒
Apr 26 15:26:14 
Apr 26 16:25:01 
Apr 26 16:25:01 🔔金融养猪, 开始!
Apr 26 16:25:01 
Apr 26 16:25:01 ====================共6个京东账号Cookie=========
Apr 26 16:25:01 
Apr 26 16:25:01 ==================脚本执行- 北京时间(UTC+8)：4/26/2021, 4:25:01 PM=====================
Apr 26 16:25:01 
Apr 26 16:25:02 
Apr 26 16:25:02 开始【京东账号1】18337656372_p
Apr 26 16:25:02 
Apr 26 16:25:02 
Apr 26 16:25:02 京东账号1 18337656372_p 未开启养猪活动,请手动去京东金融APP开启此活动
Apr 26 16:25:02 
Apr 26 16:25:02 
Apr 26 16:25:02 开始【京东账号2】jd_MCazEJrLyuXn
Apr 26 16:25:02 
Apr 26 16:25:03 
Apr 26 16:25:03 京东账号2 jd_MCazEJrLyuXn 未开启养猪活动,请手动去京东金融APP开启此活动
Apr 26 16:25:03 
Apr 26 16:25:03 
Apr 26 16:25:03 开始【京东账号3】鬼神之吕奉先
Apr 26 16:25:03 
Apr 26 16:25:03 
Apr 26 16:25:03 京东账号3 鬼神之吕奉先 未开启养猪活动,请手动去京东金融APP开启此活动
Apr 26 16:25:03 
Apr 26 16:25:03 
Apr 26 16:25:03 开始【京东账号4】jd_6ba76f15069fd
Apr 26 16:25:03 
Apr 26 16:25:03 
Apr 26 16:25:03 京东账号4 jd_6ba76f15069fd 未开启养猪活动,请手动去京东金融APP开启此活动
Apr 26 16:25:03 
Apr 26 16:25:03 
Apr 26 16:25:03 开始【京东账号5】jd_46928899fcc30
Apr 26 16:25:03 
Apr 26 16:25:03 
Apr 26 16:25:03 京东账号5 jd_46928899fcc30 未开启养猪活动,请手动去京东金融APP开启此活动
Apr 26 16:25:03 
Apr 26 16:25:03 
Apr 26 16:25:03 开始【京东账号6】jd_EirxWEerdtmu
Apr 26 16:25:03 
Apr 26 16:25:04 
Apr 26 16:25:04 京东账号6 jd_EirxWEerdtmu 未开启养猪活动,请手动去京东金融APP开启此活动
Apr 26 16:25:04 
Apr 26 16:25:04 
Apr 26 16:25:04 🔔金融养猪, 结束! 🕛 2.469 秒
Apr 26 16:25:04 
Apr 26 17:25:57 
Apr 26 17:25:57 🔔金融养猪, 开始!
Apr 26 17:25:57 
Apr 26 17:25:57 ====================共6个京东账号Cookie=========
Apr 26 17:25:57 
Apr 26 17:25:57 ==================脚本执行- 北京时间(UTC+8)：4/26/2021, 5:25:57 PM=====================
Apr 26 17:25:57 
Apr 26 17:25:58 
Apr 26 17:25:58 开始【京东账号1】18337656372_p
Apr 26 17:25:58 
Apr 26 17:25:58 
Apr 26 17:25:58 京东账号1 18337656372_p 未开启养猪活动,请手动去京东金融APP开启此活动
Apr 26 17:25:58 
Apr 26 17:25:58 
Apr 26 17:25:58 开始【京东账号2】jd_MCazEJrLyuXn
Apr 26 17:25:58 
Apr 26 17:25:58 
Apr 26 17:25:58 京东账号2 jd_MCazEJrLyuXn 未开启养猪活动,请手动去京东金融APP开启此活动
Apr 26 17:25:58 
Apr 26 17:25:58 
Apr 26 17:25:58 开始【京东账号3】鬼神之吕奉先
Apr 26 17:25:58 
Apr 26 17:25:59 
Apr 26 17:25:59 京东账号3 鬼神之吕奉先 未开启养猪活动,请手动去京东金融APP开启此活动
Apr 26 17:25:59 
Apr 26 17:25:59 
Apr 26 17:25:59 开始【京东账号4】jd_6ba76f15069fd
Apr 26 17:25:59 
Apr 26 17:25:59 
Apr 26 17:25:59 京东账号4 jd_6ba76f15069fd 未开启养猪活动,请手动去京东金融APP开启此活动
Apr 26 17:25:59 
Apr 26 17:25:59 
Apr 26 17:25:59 开始【京东账号5】jd_46928899fcc30
Apr 26 17:25:59 
Apr 26 17:25:59 
Apr 26 17:25:59 京东账号5 jd_46928899fcc30 未开启养猪活动,请手动去京东金融APP开启此活动
Apr 26 17:25:59 
Apr 26 17:25:59 
Apr 26 17:25:59 开始【京东账号6】jd_EirxWEerdtmu
Apr 26 17:25:59 
Apr 26 17:25:59 
Apr 26 17:25:59 京东账号6 jd_EirxWEerdtmu 未开启养猪活动,请手动去京东金融APP开启此活动
Apr 26 17:25:59 
Apr 26 17:25:59 
Apr 26 17:25:59 🔔金融养猪, 结束! 🕛 1.97 秒
Apr 26 17:25:59 
Apr 26 18:26:35 
Apr 26 18:26:35 🔔金融养猪, 开始!
Apr 26 18:26:35 
Apr 26 18:26:35 ====================共6个京东账号Cookie=========
Apr 26 18:26:35 
Apr 26 18:26:35 ==================脚本执行- 北京时间(UTC+8)：4/26/2021, 6:26:35 PM=====================
Apr 26 18:26:35 
Apr 26 18:26:35 
Apr 26 18:26:35 开始【京东账号1】18337656372_p
Apr 26 18:26:35 
Apr 26 18:26:35 
Apr 26 18:26:35 京东账号1 18337656372_p 未开启养猪活动,请手动去京东金融APP开启此活动
Apr 26 18:26:35 
Apr 26 18:26:35 
Apr 26 18:26:35 开始【京东账号2】jd_MCazEJrLyuXn
Apr 26 18:26:35 
Apr 26 18:26:36 
Apr 26 18:26:36 京东账号2 jd_MCazEJrLyuXn 未开启养猪活动,请手动去京东金融APP开启此活动
Apr 26 18:26:36 
Apr 26 18:26:36 
Apr 26 18:26:36 开始【京东账号3】鬼神之吕奉先
Apr 26 18:26:36 
Apr 26 18:26:36 
Apr 26 18:26:36 京东账号3 鬼神之吕奉先 未开启养猪活动,请手动去京东金融APP开启此活动
Apr 26 18:26:36 
Apr 26 18:26:36 
Apr 26 18:26:36 开始【京东账号4】jd_6ba76f15069fd
Apr 26 18:26:36 
Apr 26 18:26:36 
Apr 26 18:26:36 京东账号4 jd_6ba76f15069fd 未开启养猪活动,请手动去京东金融APP开启此活动
Apr 26 18:26:36 
Apr 26 18:26:36 
Apr 26 18:26:36 开始【京东账号5】jd_46928899fcc30
Apr 26 18:26:36 
Apr 26 18:26:37 
Apr 26 18:26:37 京东账号5 jd_46928899fcc30 未开启养猪活动,请手动去京东金融APP开启此活动
Apr 26 18:26:37 
Apr 26 18:26:37 
Apr 26 18:26:37 开始【京东账号6】jd_EirxWEerdtmu
Apr 26 18:26:37 
Apr 26 18:26:37 
Apr 26 18:26:37 京东账号6 jd_EirxWEerdtmu 未开启养猪活动,请手动去京东金融APP开启此活动
Apr 26 18:26:37 
Apr 26 18:26:37 
Apr 26 18:26:37 🔔金融养猪, 结束! 🕛 2.208 秒
Apr 26 18:26:37 
Apr 26 19:26:56 
Apr 26 19:26:56 🔔金融养猪, 开始!
Apr 26 19:26:56 
Apr 26 19:26:56 ====================共6个京东账号Cookie=========
Apr 26 19:26:56 
Apr 26 19:26:56 ==================脚本执行- 北京时间(UTC+8)：4/26/2021, 7:26:56 PM=====================
Apr 26 19:26:56 
Apr 26 19:26:56 
Apr 26 19:26:56 开始【京东账号1】18337656372_p
Apr 26 19:26:56 
Apr 26 19:26:56 
Apr 26 19:26:56 京东账号1 18337656372_p 未开启养猪活动,请手动去京东金融APP开启此活动
Apr 26 19:26:56 
Apr 26 19:26:56 
Apr 26 19:26:56 开始【京东账号2】jd_MCazEJrLyuXn
Apr 26 19:26:56 
Apr 26 19:26:57 
Apr 26 19:26:57 京东账号2 jd_MCazEJrLyuXn 未开启养猪活动,请手动去京东金融APP开启此活动
Apr 26 19:26:57 
Apr 26 19:26:57 
Apr 26 19:26:57 开始【京东账号3】鬼神之吕奉先
Apr 26 19:26:57 
Apr 26 19:26:57 
Apr 26 19:26:57 京东账号3 鬼神之吕奉先 未开启养猪活动,请手动去京东金融APP开启此活动
Apr 26 19:26:57 
Apr 26 19:26:57 
Apr 26 19:26:57 开始【京东账号4】jd_6ba76f15069fd
Apr 26 19:26:57 
Apr 26 19:26:57 
Apr 26 19:26:57 京东账号4 jd_6ba76f15069fd 未开启养猪活动,请手动去京东金融APP开启此活动
Apr 26 19:26:57 
Apr 26 19:26:57 
Apr 26 19:26:57 开始【京东账号5】jd_46928899fcc30
Apr 26 19:26:57 
Apr 26 19:26:57 
Apr 26 19:26:57 京东账号5 jd_46928899fcc30 未开启养猪活动,请手动去京东金融APP开启此活动
Apr 26 19:26:57 
Apr 26 19:26:58 
Apr 26 19:26:58 开始【京东账号6】jd_EirxWEerdtmu
Apr 26 19:26:58 
Apr 26 19:26:58 
Apr 26 19:26:58 京东账号6 jd_EirxWEerdtmu 未开启养猪活动,请手动去京东金融APP开启此活动
Apr 26 19:26:58 
Apr 26 19:26:58 
Apr 26 19:26:58 🔔金融养猪, 结束! 🕛 2.065 秒
Apr 26 19:26:58 
Apr 26 20:26:03 
Apr 26 20:26:03 🔔金融养猪, 开始!
Apr 26 20:26:03 
Apr 26 20:26:03 ====================共6个京东账号Cookie=========
Apr 26 20:26:03 
Apr 26 20:26:03 ==================脚本执行- 北京时间(UTC+8)：4/26/2021, 8:26:03 PM=====================
Apr 26 20:26:03 
Apr 26 20:26:03 
Apr 26 20:26:03 开始【京东账号1】18337656372_p
Apr 26 20:26:03 
Apr 26 20:26:03 
Apr 26 20:26:03 京东账号1 18337656372_p 未开启养猪活动,请手动去京东金融APP开启此活动
Apr 26 20:26:03 
Apr 26 20:26:03 
Apr 26 20:26:03 开始【京东账号2】jd_MCazEJrLyuXn
Apr 26 20:26:03 
Apr 26 20:26:04 
Apr 26 20:26:04 京东账号2 jd_MCazEJrLyuXn 未开启养猪活动,请手动去京东金融APP开启此活动
Apr 26 20:26:04 
Apr 26 20:26:04 
Apr 26 20:26:04 开始【京东账号3】鬼神之吕奉先
Apr 26 20:26:04 
Apr 26 20:26:04 
Apr 26 20:26:04 京东账号3 鬼神之吕奉先 未开启养猪活动,请手动去京东金融APP开启此活动
Apr 26 20:26:04 
Apr 26 20:26:04 
Apr 26 20:26:04 开始【京东账号4】jd_6ba76f15069fd
Apr 26 20:26:04 
Apr 26 20:26:04 
Apr 26 20:26:04 京东账号4 jd_6ba76f15069fd 未开启养猪活动,请手动去京东金融APP开启此活动
Apr 26 20:26:04 
Apr 26 20:26:04 
Apr 26 20:26:04 开始【京东账号5】jd_46928899fcc30
Apr 26 20:26:04 
Apr 26 20:26:05 
Apr 26 20:26:05 京东账号5 jd_46928899fcc30 未开启养猪活动,请手动去京东金融APP开启此活动
Apr 26 20:26:05 
Apr 26 20:26:05 
Apr 26 20:26:05 开始【京东账号6】jd_EirxWEerdtmu
Apr 26 20:26:05 
Apr 26 20:26:05 
Apr 26 20:26:05 京东账号6 jd_EirxWEerdtmu 未开启养猪活动,请手动去京东金融APP开启此活动
Apr 26 20:26:05 
Apr 26 20:26:05 
Apr 26 20:26:05 🔔金融养猪, 结束! 🕛 2.001 秒
Apr 26 20:26:05 
Apr 26 21:26:25 
Apr 26 21:26:25 🔔金融养猪, 开始!
Apr 26 21:26:25 
Apr 26 21:26:25 ====================共6个京东账号Cookie=========
Apr 26 21:26:25 
Apr 26 21:26:25 ==================脚本执行- 北京时间(UTC+8)：4/26/2021, 9:26:25 PM=====================
Apr 26 21:26:25 
Apr 26 21:26:25 
Apr 26 21:26:25 开始【京东账号1】18337656372_p
Apr 26 21:26:25 
Apr 26 21:26:25 
Apr 26 21:26:25 京东账号1 18337656372_p 未开启养猪活动,请手动去京东金融APP开启此活动
Apr 26 21:26:25 
Apr 26 21:26:26 
Apr 26 21:26:26 开始【京东账号2】jd_MCazEJrLyuXn
Apr 26 21:26:26 
Apr 26 21:26:26 
Apr 26 21:26:26 京东账号2 jd_MCazEJrLyuXn 未开启养猪活动,请手动去京东金融APP开启此活动
Apr 26 21:26:26 
Apr 26 21:26:26 
Apr 26 21:26:26 开始【京东账号3】鬼神之吕奉先
Apr 26 21:26:26 
Apr 26 21:26:26 
Apr 26 21:26:26 京东账号3 鬼神之吕奉先 未开启养猪活动,请手动去京东金融APP开启此活动
Apr 26 21:26:26 
Apr 26 21:26:26 
Apr 26 21:26:26 开始【京东账号4】jd_6ba76f15069fd
Apr 26 21:26:26 
Apr 26 21:26:26 
Apr 26 21:26:26 京东账号4 jd_6ba76f15069fd 未开启养猪活动,请手动去京东金融APP开启此活动
Apr 26 21:26:26 
Apr 26 21:26:26 
Apr 26 21:26:26 开始【京东账号5】jd_46928899fcc30
Apr 26 21:26:26 
Apr 26 21:26:27 
Apr 26 21:26:27 京东账号5 jd_46928899fcc30 未开启养猪活动,请手动去京东金融APP开启此活动
Apr 26 21:26:27 
Apr 26 21:26:27 
Apr 26 21:26:27 开始【京东账号6】jd_EirxWEerdtmu
Apr 26 21:26:27 
Apr 26 21:26:27 
Apr 26 21:26:27 京东账号6 jd_EirxWEerdtmu 未开启养猪活动,请手动去京东金融APP开启此活动
Apr 26 21:26:27 
Apr 26 21:26:27 
Apr 26 21:26:27 🔔金融养猪, 结束! 🕛 2.055 秒
Apr 26 21:26:27 
Apr 26 22:26:29 
Apr 26 22:26:29 🔔金融养猪, 开始!
Apr 26 22:26:29 
Apr 26 22:26:29 ====================共6个京东账号Cookie=========
Apr 26 22:26:29 
Apr 26 22:26:29 ==================脚本执行- 北京时间(UTC+8)：4/26/2021, 10:26:29 PM=====================
Apr 26 22:26:29 
Apr 26 22:26:29 
Apr 26 22:26:29 开始【京东账号1】18337656372_p
Apr 26 22:26:29 
Apr 26 22:26:30 
Apr 26 22:26:30 京东账号1 18337656372_p 未开启养猪活动,请手动去京东金融APP开启此活动
Apr 26 22:26:30 
Apr 26 22:26:30 
Apr 26 22:26:30 开始【京东账号2】jd_MCazEJrLyuXn
Apr 26 22:26:30 
Apr 26 22:26:30 
Apr 26 22:26:30 京东账号2 jd_MCazEJrLyuXn 未开启养猪活动,请手动去京东金融APP开启此活动
Apr 26 22:26:30 
Apr 26 22:26:30 
Apr 26 22:26:30 开始【京东账号3】鬼神之吕奉先
Apr 26 22:26:30 
Apr 26 22:26:30 
Apr 26 22:26:30 京东账号3 鬼神之吕奉先 未开启养猪活动,请手动去京东金融APP开启此活动
Apr 26 22:26:30 
Apr 26 22:26:30 
Apr 26 22:26:30 开始【京东账号4】jd_6ba76f15069fd
Apr 26 22:26:30 
Apr 26 22:26:31 
Apr 26 22:26:31 京东账号4 jd_6ba76f15069fd 未开启养猪活动,请手动去京东金融APP开启此活动
Apr 26 22:26:31 
Apr 26 22:26:31 
Apr 26 22:26:31 开始【京东账号5】jd_46928899fcc30
Apr 26 22:26:31 
Apr 26 22:26:31 
Apr 26 22:26:31 京东账号5 jd_46928899fcc30 未开启养猪活动,请手动去京东金融APP开启此活动
Apr 26 22:26:31 
Apr 26 22:26:31 
Apr 26 22:26:31 开始【京东账号6】jd_EirxWEerdtmu
Apr 26 22:26:31 
Apr 26 22:26:31 
Apr 26 22:26:31 京东账号6 jd_EirxWEerdtmu 未开启养猪活动,请手动去京东金融APP开启此活动
Apr 26 22:26:31 
Apr 26 22:26:31 
Apr 26 22:26:31 🔔金融养猪, 结束! 🕛 2.07 秒
Apr 26 22:26:31 
Apr 26 23:25:08 
Apr 26 23:25:08 🔔金融养猪, 开始!
Apr 26 23:25:08 
Apr 26 23:25:08 ====================共6个京东账号Cookie=========
Apr 26 23:25:08 
Apr 26 23:25:08 ==================脚本执行- 北京时间(UTC+8)：4/26/2021, 11:25:08 PM=====================
Apr 26 23:25:08 
Apr 26 23:25:09 
Apr 26 23:25:09 开始【京东账号1】18337656372_p
Apr 26 23:25:09 
Apr 26 23:25:09 
Apr 26 23:25:09 京东账号1 18337656372_p 未开启养猪活动,请手动去京东金融APP开启此活动
Apr 26 23:25:09 
Apr 26 23:25:09 
Apr 26 23:25:09 开始【京东账号2】jd_MCazEJrLyuXn
Apr 26 23:25:09 
Apr 26 23:25:09 
Apr 26 23:25:09 京东账号2 jd_MCazEJrLyuXn 未开启养猪活动,请手动去京东金融APP开启此活动
Apr 26 23:25:09 
Apr 26 23:25:09 
Apr 26 23:25:09 开始【京东账号3】鬼神之吕奉先
Apr 26 23:25:09 
Apr 26 23:25:09 
Apr 26 23:25:09 京东账号3 鬼神之吕奉先 未开启养猪活动,请手动去京东金融APP开启此活动
Apr 26 23:25:09 
Apr 26 23:25:09 
Apr 26 23:25:09 开始【京东账号4】jd_6ba76f15069fd
Apr 26 23:25:09 
Apr 26 23:25:10 
Apr 26 23:25:10 京东账号4 jd_6ba76f15069fd 未开启养猪活动,请手动去京东金融APP开启此活动
Apr 26 23:25:10 
Apr 26 23:25:10 
Apr 26 23:25:10 开始【京东账号5】jd_46928899fcc30
Apr 26 23:25:10 
Apr 26 23:25:10 
Apr 26 23:25:10 京东账号5 jd_46928899fcc30 未开启养猪活动,请手动去京东金融APP开启此活动
Apr 26 23:25:10 
Apr 26 23:25:10 
Apr 26 23:25:10 开始【京东账号6】jd_EirxWEerdtmu
Apr 26 23:25:10 
Apr 26 23:25:10 
Apr 26 23:25:10 京东账号6 jd_EirxWEerdtmu 未开启养猪活动,请手动去京东金融APP开启此活动
Apr 26 23:25:10 
Apr 26 23:25:10 
Apr 26 23:25:10 🔔金融养猪, 结束! 🕛 1.988 秒
Apr 26 23:25:10 
Apr 27 00:25:20 
Apr 27 00:25:20 🔔金融养猪, 开始!
Apr 27 00:25:20 
Apr 27 00:25:20 ====================共6个京东账号Cookie=========
Apr 27 00:25:20 
Apr 27 00:25:20 ==================脚本执行- 北京时间(UTC+8)：4/27/2021, 12:25:20 AM=====================
Apr 27 00:25:20 
Apr 27 00:25:21 
Apr 27 00:25:21 开始【京东账号1】18337656372_p
Apr 27 00:25:21 
Apr 27 00:25:21 
Apr 27 00:25:21 京东账号1 18337656372_p 未开启养猪活动,请手动去京东金融APP开启此活动
Apr 27 00:25:21 
Apr 27 00:25:21 
Apr 27 00:25:21 开始【京东账号2】jd_MCazEJrLyuXn
Apr 27 00:25:21 
Apr 27 00:25:21 
Apr 27 00:25:21 京东账号2 jd_MCazEJrLyuXn 未开启养猪活动,请手动去京东金融APP开启此活动
Apr 27 00:25:21 
Apr 27 00:25:21 
Apr 27 00:25:21 开始【京东账号3】鬼神之吕奉先
Apr 27 00:25:21 
Apr 27 00:25:21 
Apr 27 00:25:21 京东账号3 鬼神之吕奉先 未开启养猪活动,请手动去京东金融APP开启此活动
Apr 27 00:25:21 
Apr 27 00:25:22 
Apr 27 00:25:22 开始【京东账号4】jd_6ba76f15069fd
Apr 27 00:25:22 
Apr 27 00:25:22 
Apr 27 00:25:22 京东账号4 jd_6ba76f15069fd 未开启养猪活动,请手动去京东金融APP开启此活动
Apr 27 00:25:22 
Apr 27 00:25:22 
Apr 27 00:25:22 开始【京东账号5】jd_46928899fcc30
Apr 27 00:25:22 
Apr 27 00:25:22 
Apr 27 00:25:22 京东账号5 jd_46928899fcc30 未开启养猪活动,请手动去京东金融APP开启此活动
Apr 27 00:25:22 
Apr 27 00:25:22 
Apr 27 00:25:22 开始【京东账号6】jd_EirxWEerdtmu
Apr 27 00:25:22 
Apr 27 00:25:22 
Apr 27 00:25:22 京东账号6 jd_EirxWEerdtmu 未开启养猪活动,请手动去京东金融APP开启此活动
Apr 27 00:25:22 
Apr 27 00:25:22 
Apr 27 00:25:22 🔔金融养猪, 结束! 🕛 1.955 秒
Apr 27 00:25:22 
Apr 27 01:26:09 
Apr 27 01:26:09 🔔金融养猪, 开始!
Apr 27 01:26:09 
Apr 27 01:26:09 ====================共6个京东账号Cookie=========
Apr 27 01:26:09 
Apr 27 01:26:09 ==================脚本执行- 北京时间(UTC+8)：4/27/2021, 1:26:09 AM=====================
Apr 27 01:26:09 
Apr 27 01:26:09 
Apr 27 01:26:09 开始【京东账号1】18337656372_p
Apr 27 01:26:09 
Apr 27 01:26:09 
Apr 27 01:26:09 京东账号1 18337656372_p 未开启养猪活动,请手动去京东金融APP开启此活动
Apr 27 01:26:09 
Apr 27 01:26:09 
Apr 27 01:26:09 开始【京东账号2】jd_MCazEJrLyuXn
Apr 27 01:26:09 
Apr 27 01:26:09 
Apr 27 01:26:09 京东账号2 jd_MCazEJrLyuXn 未开启养猪活动,请手动去京东金融APP开启此活动
Apr 27 01:26:09 
Apr 27 01:26:09 
Apr 27 01:26:09 开始【京东账号3】鬼神之吕奉先
Apr 27 01:26:09 
Apr 27 01:26:10 
Apr 27 01:26:10 京东账号3 鬼神之吕奉先 未开启养猪活动,请手动去京东金融APP开启此活动
Apr 27 01:26:10 
Apr 27 01:26:10 
Apr 27 01:26:10 开始【京东账号4】jd_6ba76f15069fd
Apr 27 01:26:10 
Apr 27 01:26:10 
Apr 27 01:26:10 京东账号4 jd_6ba76f15069fd 未开启养猪活动,请手动去京东金融APP开启此活动
Apr 27 01:26:10 
Apr 27 01:26:10 
Apr 27 01:26:10 开始【京东账号5】jd_46928899fcc30
Apr 27 01:26:10 
Apr 27 01:26:10 
Apr 27 01:26:10 京东账号5 jd_46928899fcc30 未开启养猪活动,请手动去京东金融APP开启此活动
Apr 27 01:26:10 
Apr 27 01:26:10 
Apr 27 01:26:10 开始【京东账号6】jd_EirxWEerdtmu
Apr 27 01:26:10 
Apr 27 01:26:11 
Apr 27 01:26:11 京东账号6 jd_EirxWEerdtmu 未开启养猪活动,请手动去京东金融APP开启此活动
Apr 27 01:26:11 
Apr 27 01:26:11 
Apr 27 01:26:11 🔔金融养猪, 结束! 🕛 2.094 秒
Apr 27 01:26:11 
Apr 27 02:25:40 
Apr 27 02:25:40 🔔金融养猪, 开始!
Apr 27 02:25:40 
Apr 27 02:25:40 ====================共6个京东账号Cookie=========
Apr 27 02:25:40 
Apr 27 02:25:40 ==================脚本执行- 北京时间(UTC+8)：4/27/2021, 2:25:40 AM=====================
Apr 27 02:25:40 
Apr 27 02:25:40 
Apr 27 02:25:40 开始【京东账号1】18337656372_p
Apr 27 02:25:40 
Apr 27 02:25:40 
Apr 27 02:25:40 京东账号1 18337656372_p 未开启养猪活动,请手动去京东金融APP开启此活动
Apr 27 02:25:40 
Apr 27 02:25:40 
Apr 27 02:25:40 开始【京东账号2】jd_MCazEJrLyuXn
Apr 27 02:25:40 
Apr 27 02:25:40 
Apr 27 02:25:40 京东账号2 jd_MCazEJrLyuXn 未开启养猪活动,请手动去京东金融APP开启此活动
Apr 27 02:25:40 
Apr 27 02:25:41 
Apr 27 02:25:41 开始【京东账号3】鬼神之吕奉先
Apr 27 02:25:41 
Apr 27 02:25:41 
Apr 27 02:25:41 京东账号3 鬼神之吕奉先 未开启养猪活动,请手动去京东金融APP开启此活动
Apr 27 02:25:41 
Apr 27 02:25:41 
Apr 27 02:25:41 开始【京东账号4】jd_6ba76f15069fd
Apr 27 02:25:41 
Apr 27 02:25:41 
Apr 27 02:25:41 京东账号4 jd_6ba76f15069fd 未开启养猪活动,请手动去京东金融APP开启此活动
Apr 27 02:25:41 
Apr 27 02:25:41 
Apr 27 02:25:41 开始【京东账号5】jd_46928899fcc30
Apr 27 02:25:41 
Apr 27 02:25:41 
Apr 27 02:25:41 京东账号5 jd_46928899fcc30 未开启养猪活动,请手动去京东金融APP开启此活动
Apr 27 02:25:41 
Apr 27 02:25:41 
Apr 27 02:25:41 开始【京东账号6】jd_EirxWEerdtmu
Apr 27 02:25:41 
Apr 27 02:25:42 
Apr 27 02:25:42 京东账号6 jd_EirxWEerdtmu 未开启养猪活动,请手动去京东金融APP开启此活动
Apr 27 02:25:42 
Apr 27 02:25:42 
Apr 27 02:25:42 🔔金融养猪, 结束! 🕛 2.002 秒
Apr 27 02:25:42 
Apr 27 03:26:44 
Apr 27 03:26:44 🔔金融养猪, 开始!
Apr 27 03:26:44 
Apr 27 03:26:44 ====================共6个京东账号Cookie=========
Apr 27 03:26:44 
Apr 27 03:26:44 ==================脚本执行- 北京时间(UTC+8)：4/27/2021, 3:26:44 AM=====================
Apr 27 03:26:44 
Apr 27 03:26:44 
Apr 27 03:26:44 开始【京东账号1】18337656372_p
Apr 27 03:26:44 
Apr 27 03:26:44 
Apr 27 03:26:44 京东账号1 18337656372_p 未开启养猪活动,请手动去京东金融APP开启此活动
Apr 27 03:26:44 
Apr 27 03:26:44 
Apr 27 03:26:44 开始【京东账号2】jd_MCazEJrLyuXn
Apr 27 03:26:44 
Apr 27 03:26:45 
Apr 27 03:26:45 京东账号2 jd_MCazEJrLyuXn 未开启养猪活动,请手动去京东金融APP开启此活动
Apr 27 03:26:45 
Apr 27 03:26:45 
Apr 27 03:26:45 开始【京东账号3】鬼神之吕奉先
Apr 27 03:26:45 
Apr 27 03:26:45 
Apr 27 03:26:45 京东账号3 鬼神之吕奉先 未开启养猪活动,请手动去京东金融APP开启此活动
Apr 27 03:26:45 
Apr 27 03:26:45 
Apr 27 03:26:45 开始【京东账号4】jd_6ba76f15069fd
Apr 27 03:26:45 
Apr 27 03:26:45 
Apr 27 03:26:45 京东账号4 jd_6ba76f15069fd 未开启养猪活动,请手动去京东金融APP开启此活动
Apr 27 03:26:45 
Apr 27 03:26:45 
Apr 27 03:26:45 开始【京东账号5】jd_46928899fcc30
Apr 27 03:26:45 
Apr 27 03:26:46 
Apr 27 03:26:46 京东账号5 jd_46928899fcc30 未开启养猪活动,请手动去京东金融APP开启此活动
Apr 27 03:26:46 
Apr 27 03:26:46 
Apr 27 03:26:46 开始【京东账号6】jd_EirxWEerdtmu
Apr 27 03:26:46 
Apr 27 03:26:46 
Apr 27 03:26:46 京东账号6 jd_EirxWEerdtmu 未开启养猪活动,请手动去京东金融APP开启此活动
Apr 27 03:26:46 
Apr 27 03:26:46 
Apr 27 03:26:46 🔔金融养猪, 结束! 🕛 2.117 秒
Apr 27 03:26:46 
Apr 27 04:26:06 
Apr 27 04:26:06 🔔金融养猪, 开始!
Apr 27 04:26:06 
Apr 27 04:26:06 ====================共6个京东账号Cookie=========
Apr 27 04:26:06 
Apr 27 04:26:06 ==================脚本执行- 北京时间(UTC+8)：4/27/2021, 4:26:06 AM=====================
Apr 27 04:26:06 
Apr 27 04:26:06 
Apr 27 04:26:06 开始【京东账号1】18337656372_p
Apr 27 04:26:06 
Apr 27 04:26:06 
Apr 27 04:26:06 京东账号1 18337656372_p 未开启养猪活动,请手动去京东金融APP开启此活动
Apr 27 04:26:06 
Apr 27 04:26:07 
Apr 27 04:26:07 开始【京东账号2】jd_MCazEJrLyuXn
Apr 27 04:26:07 
Apr 27 04:26:07 
Apr 27 04:26:07 京东账号2 jd_MCazEJrLyuXn 未开启养猪活动,请手动去京东金融APP开启此活动
Apr 27 04:26:07 
Apr 27 04:26:07 
Apr 27 04:26:07 开始【京东账号3】鬼神之吕奉先
Apr 27 04:26:07 
Apr 27 04:26:07 
Apr 27 04:26:07 京东账号3 鬼神之吕奉先 未开启养猪活动,请手动去京东金融APP开启此活动
Apr 27 04:26:07 
Apr 27 04:26:07 
Apr 27 04:26:07 开始【京东账号4】jd_6ba76f15069fd
Apr 27 04:26:07 
Apr 27 04:26:07 
Apr 27 04:26:07 京东账号4 jd_6ba76f15069fd 未开启养猪活动,请手动去京东金融APP开启此活动
Apr 27 04:26:07 
Apr 27 04:26:07 
Apr 27 04:26:07 开始【京东账号5】jd_46928899fcc30
Apr 27 04:26:07 
Apr 27 04:26:08 
Apr 27 04:26:08 京东账号5 jd_46928899fcc30 未开启养猪活动,请手动去京东金融APP开启此活动
Apr 27 04:26:08 
Apr 27 04:26:08 
Apr 27 04:26:08 开始【京东账号6】jd_EirxWEerdtmu
Apr 27 04:26:08 
Apr 27 04:26:08 
Apr 27 04:26:08 京东账号6 jd_EirxWEerdtmu 未开启养猪活动,请手动去京东金融APP开启此活动
Apr 27 04:26:08 
Apr 27 04:26:08 
Apr 27 04:26:08 🔔金融养猪, 结束! 🕛 2 秒
Apr 27 04:26:08 
Apr 27 05:25:27 
Apr 27 05:25:27 🔔金融养猪, 开始!
Apr 27 05:25:27 
Apr 27 05:25:27 ====================共6个京东账号Cookie=========
Apr 27 05:25:27 
Apr 27 05:25:27 ==================脚本执行- 北京时间(UTC+8)：4/27/2021, 5:25:27 AM=====================
Apr 27 05:25:27 
Apr 27 05:25:27 
Apr 27 05:25:27 开始【京东账号1】18337656372_p
Apr 27 05:25:27 
Apr 27 05:25:28 
Apr 27 05:25:28 京东账号1 18337656372_p 未开启养猪活动,请手动去京东金融APP开启此活动
Apr 27 05:25:28 
Apr 27 05:25:28 
Apr 27 05:25:28 开始【京东账号2】jd_MCazEJrLyuXn
Apr 27 05:25:28 
Apr 27 05:25:28 
Apr 27 05:25:28 京东账号2 jd_MCazEJrLyuXn 未开启养猪活动,请手动去京东金融APP开启此活动
Apr 27 05:25:28 
Apr 27 05:25:28 
Apr 27 05:25:28 开始【京东账号3】鬼神之吕奉先
Apr 27 05:25:28 
Apr 27 05:25:28 
Apr 27 05:25:28 京东账号3 鬼神之吕奉先 未开启养猪活动,请手动去京东金融APP开启此活动
Apr 27 05:25:28 
Apr 27 05:25:28 
Apr 27 05:25:28 开始【京东账号4】jd_6ba76f15069fd
Apr 27 05:25:28 
Apr 27 05:25:28 
Apr 27 05:25:28 京东账号4 jd_6ba76f15069fd 未开启养猪活动,请手动去京东金融APP开启此活动
Apr 27 05:25:28 
Apr 27 05:25:29 
Apr 27 05:25:29 开始【京东账号5】jd_46928899fcc30
Apr 27 05:25:29 
Apr 27 05:25:29 
Apr 27 05:25:29 京东账号5 jd_46928899fcc30 未开启养猪活动,请手动去京东金融APP开启此活动
Apr 27 05:25:29 
Apr 27 05:25:29 
Apr 27 05:25:29 开始【京东账号6】jd_EirxWEerdtmu
Apr 27 05:25:29 
Apr 27 05:25:29 
Apr 27 05:25:29 京东账号6 jd_EirxWEerdtmu 未开启养猪活动,请手动去京东金融APP开启此活动
Apr 27 05:25:29 
Apr 27 05:25:29 
Apr 27 05:25:29 🔔金融养猪, 结束! 🕛 2.058 秒
Apr 27 05:25:29 
Apr 27 06:26:51 
Apr 27 06:26:51 🔔金融养猪, 开始!
Apr 27 06:26:51 
Apr 27 06:26:51 ====================共6个京东账号Cookie=========
Apr 27 06:26:51 
Apr 27 06:26:51 ==================脚本执行- 北京时间(UTC+8)：4/27/2021, 6:26:51 AM=====================
Apr 27 06:26:51 
Apr 27 06:26:52 
Apr 27 06:26:52 开始【京东账号1】18337656372_p
Apr 27 06:26:52 
Apr 27 06:26:52 
Apr 27 06:26:52 京东账号1 18337656372_p 未开启养猪活动,请手动去京东金融APP开启此活动
Apr 27 06:26:52 
Apr 27 06:26:52 
Apr 27 06:26:52 开始【京东账号2】jd_MCazEJrLyuXn
Apr 27 06:26:52 
Apr 27 06:26:52 
Apr 27 06:26:52 京东账号2 jd_MCazEJrLyuXn 未开启养猪活动,请手动去京东金融APP开启此活动
Apr 27 06:26:52 
Apr 27 06:26:52 
Apr 27 06:26:52 开始【京东账号3】鬼神之吕奉先
Apr 27 06:26:52 
Apr 27 06:26:52 
Apr 27 06:26:52 京东账号3 鬼神之吕奉先 未开启养猪活动,请手动去京东金融APP开启此活动
Apr 27 06:26:52 
Apr 27 06:26:52 
Apr 27 06:26:52 开始【京东账号4】jd_6ba76f15069fd
Apr 27 06:26:52 
Apr 27 06:26:53 
Apr 27 06:26:53 京东账号4 jd_6ba76f15069fd 未开启养猪活动,请手动去京东金融APP开启此活动
Apr 27 06:26:53 
Apr 27 06:26:53 
Apr 27 06:26:53 开始【京东账号5】jd_46928899fcc30
Apr 27 06:26:53 
Apr 27 06:26:53 
Apr 27 06:26:53 京东账号5 jd_46928899fcc30 未开启养猪活动,请手动去京东金融APP开启此活动
Apr 27 06:26:53 
Apr 27 06:26:53 
Apr 27 06:26:53 开始【京东账号6】jd_EirxWEerdtmu
Apr 27 06:26:53 
Apr 27 06:26:53 
Apr 27 06:26:53 京东账号6 jd_EirxWEerdtmu 未开启养猪活动,请手动去京东金融APP开启此活动
Apr 27 06:26:53 
Apr 27 06:26:53 
Apr 27 06:26:53 🔔金融养猪, 结束! 🕛 2.102 秒
Apr 27 06:26:53 
Apr 27 07:25:15 
Apr 27 07:25:15 🔔金融养猪, 开始!
Apr 27 07:25:15 
Apr 27 07:25:15 ====================共6个京东账号Cookie=========
Apr 27 07:25:15 
Apr 27 07:25:15 ==================脚本执行- 北京时间(UTC+8)：4/27/2021, 7:25:15 AM=====================
Apr 27 07:25:15 
Apr 27 07:25:16 
Apr 27 07:25:16 开始【京东账号1】18337656372_p
Apr 27 07:25:16 
Apr 27 07:25:16 
Apr 27 07:25:16 京东账号1 18337656372_p 未开启养猪活动,请手动去京东金融APP开启此活动
Apr 27 07:25:16 
Apr 27 07:25:16 
Apr 27 07:25:16 开始【京东账号2】jd_MCazEJrLyuXn
Apr 27 07:25:16 
Apr 27 07:25:16 
Apr 27 07:25:16 京东账号2 jd_MCazEJrLyuXn 未开启养猪活动,请手动去京东金融APP开启此活动
Apr 27 07:25:16 
Apr 27 07:25:16 
Apr 27 07:25:16 开始【京东账号3】鬼神之吕奉先
Apr 27 07:25:16 
Apr 27 07:25:16 
Apr 27 07:25:16 京东账号3 鬼神之吕奉先 未开启养猪活动,请手动去京东金融APP开启此活动
Apr 27 07:25:16 
Apr 27 07:25:17 
Apr 27 07:25:17 开始【京东账号4】jd_6ba76f15069fd
Apr 27 07:25:17 
Apr 27 07:25:17 
Apr 27 07:25:17 京东账号4 jd_6ba76f15069fd 未开启养猪活动,请手动去京东金融APP开启此活动
Apr 27 07:25:17 
Apr 27 07:25:17 
Apr 27 07:25:17 开始【京东账号5】jd_46928899fcc30
Apr 27 07:25:17 
Apr 27 07:25:17 
Apr 27 07:25:17 京东账号5 jd_46928899fcc30 未开启养猪活动,请手动去京东金融APP开启此活动
Apr 27 07:25:17 
Apr 27 07:25:17 
Apr 27 07:25:17 开始【京东账号6】jd_EirxWEerdtmu
Apr 27 07:25:17 
Apr 27 07:25:17 
Apr 27 07:25:17 京东账号6 jd_EirxWEerdtmu 未开启养猪活动,请手动去京东金融APP开启此活动
Apr 27 07:25:17 
Apr 27 07:25:17 
Apr 27 07:25:17 🔔金融养猪, 结束! 🕛 2.014 秒
Apr 27 07:25:17 
Apr 27 08:25:51 
Apr 27 08:25:51 🔔金融养猪, 开始!
Apr 27 08:25:51 
Apr 27 08:25:51 ====================共6个京东账号Cookie=========
Apr 27 08:25:51 
Apr 27 08:25:51 ==================脚本执行- 北京时间(UTC+8)：4/27/2021, 8:25:51 AM=====================
Apr 27 08:25:51 
Apr 27 08:25:51 
Apr 27 08:25:51 开始【京东账号1】18337656372_p
Apr 27 08:25:51 
Apr 27 08:25:51 
Apr 27 08:25:51 京东账号1 18337656372_p 未开启养猪活动,请手动去京东金融APP开启此活动
Apr 27 08:25:51 
Apr 27 08:25:51 
Apr 27 08:25:51 开始【京东账号2】jd_MCazEJrLyuXn
Apr 27 08:25:51 
Apr 27 08:25:51 
Apr 27 08:25:51 京东账号2 jd_MCazEJrLyuXn 未开启养猪活动,请手动去京东金融APP开启此活动
Apr 27 08:25:51 
Apr 27 08:25:52 
Apr 27 08:25:52 开始【京东账号3】鬼神之吕奉先
Apr 27 08:25:52 
Apr 27 08:25:52 
Apr 27 08:25:52 京东账号3 鬼神之吕奉先 未开启养猪活动,请手动去京东金融APP开启此活动
Apr 27 08:25:52 
Apr 27 08:25:52 
Apr 27 08:25:52 开始【京东账号4】jd_6ba76f15069fd
Apr 27 08:25:52 
Apr 27 08:25:52 
Apr 27 08:25:52 京东账号4 jd_6ba76f15069fd 未开启养猪活动,请手动去京东金融APP开启此活动
Apr 27 08:25:52 
Apr 27 08:25:52 
Apr 27 08:25:52 开始【京东账号5】jd_46928899fcc30
Apr 27 08:25:52 
Apr 27 08:25:52 
Apr 27 08:25:52 京东账号5 jd_46928899fcc30 未开启养猪活动,请手动去京东金融APP开启此活动
Apr 27 08:25:52 
Apr 27 08:25:52 
Apr 27 08:25:52 开始【京东账号6】jd_EirxWEerdtmu
Apr 27 08:25:52 
Apr 27 08:25:53 
Apr 27 08:25:53 京东账号6 jd_EirxWEerdtmu 未开启养猪活动,请手动去京东金融APP开启此活动
Apr 27 08:25:53 
Apr 27 08:25:53 
Apr 27 08:25:53 🔔金融养猪, 结束! 🕛 2.055 秒
Apr 27 08:25:53 
Apr 27 09:25:04 
Apr 27 09:25:04 🔔金融养猪, 开始!
Apr 27 09:25:04 
Apr 27 09:25:04 ====================共6个京东账号Cookie=========
Apr 27 09:25:04 
Apr 27 09:25:04 ==================脚本执行- 北京时间(UTC+8)：4/27/2021, 9:25:04 AM=====================
Apr 27 09:25:04 
Apr 27 09:25:04 
Apr 27 09:25:04 开始【京东账号1】18337656372_p
Apr 27 09:25:04 
Apr 27 09:25:04 
Apr 27 09:25:04 京东账号1 18337656372_p 未开启养猪活动,请手动去京东金融APP开启此活动
Apr 27 09:25:04 
Apr 27 09:25:04 
Apr 27 09:25:04 开始【京东账号2】jd_MCazEJrLyuXn
Apr 27 09:25:04 
Apr 27 09:25:05 
Apr 27 09:25:05 京东账号2 jd_MCazEJrLyuXn 未开启养猪活动,请手动去京东金融APP开启此活动
Apr 27 09:25:05 
Apr 27 09:25:05 
Apr 27 09:25:05 开始【京东账号3】鬼神之吕奉先
Apr 27 09:25:05 
Apr 27 09:25:05 
Apr 27 09:25:05 京东账号3 鬼神之吕奉先 未开启养猪活动,请手动去京东金融APP开启此活动
Apr 27 09:25:05 
Apr 27 09:25:05 
Apr 27 09:25:05 开始【京东账号4】jd_6ba76f15069fd
Apr 27 09:25:05 
Apr 27 09:25:05 
Apr 27 09:25:05 京东账号4 jd_6ba76f15069fd 未开启养猪活动,请手动去京东金融APP开启此活动
Apr 27 09:25:05 
Apr 27 09:25:05 
Apr 27 09:25:05 开始【京东账号5】jd_46928899fcc30
Apr 27 09:25:05 
Apr 27 09:25:06 
Apr 27 09:25:06 京东账号5 jd_46928899fcc30 未开启养猪活动,请手动去京东金融APP开启此活动
Apr 27 09:25:06 
Apr 27 09:25:06 
Apr 27 09:25:06 开始【京东账号6】jd_EirxWEerdtmu
Apr 27 09:25:06 
Apr 27 09:25:06 
Apr 27 09:25:06 京东账号6 jd_EirxWEerdtmu 未开启养猪活动,请手动去京东金融APP开启此活动
Apr 27 09:25:06 
Apr 27 09:25:06 
Apr 27 09:25:06 🔔金融养猪, 结束! 🕛 2.164 秒
Apr 27 09:25:06 
May 20 12:32:00 
May 20 12:32:00 🔔金融养猪, 开始!
May 20 12:32:00 
May 20 12:32:00 ====================共6个京东账号Cookie=========
May 20 12:32:00 
May 20 12:32:00 ==================脚本执行- 北京时间(UTC+8)：5/20/2021, 12:32:00 PM=====================
May 20 12:32:00 
May 20 12:32:00 
May 20 12:32:00 开始【京东账号1】18337656372_p
May 20 12:32:00 
May 20 12:32:01 第2天已签到
May 20 12:32:01 
May 20 12:32:01 开宝箱失败:宝箱次数上限
May 20 12:32:01 当前大转盘剩余免费抽奖次数：：1
May 20 12:32:01 
May 20 12:32:01 浏览一次锦鲤活动未完成
May 20 12:32:01 
May 20 12:32:01 浏览京喜工厂活动未完成
May 20 12:32:01 
May 20 12:32:01 浏览东东农场未完成
May 20 12:32:01 
May 20 12:32:01 浏览宠汪汪未完成
May 20 12:32:01 
May 20 12:32:01 逛逛18会员日页面未完成
May 20 12:32:01 
May 20 12:32:01 逛逛小鸽有礼未完成
May 20 12:32:01 
May 20 12:32:01 查看更多趣味游戏未完成
May 20 12:32:01 
May 20 12:32:01 为自己充1笔话费未完成
May 20 12:32:01 
May 20 12:32:01 一分获取话费福利未完成
May 20 12:32:01 
May 20 12:32:01 小金库还信用卡未完成
May 20 12:32:01 
May 20 12:32:01 超省免息购好物未完成
May 20 12:32:01 
May 20 12:32:01 逛逛品质家电未完成
May 20 12:32:01 
May 20 12:32:01 花金贴兑权益未完成
May 20 12:32:01 
May 20 12:32:01 报名理财课得猪粮未完成
May 20 12:32:01 
May 20 12:32:01 逛逛好想你品牌狂欢未完成
May 20 12:32:01 
May 20 12:32:01 去京东到家签到未完成
May 20 12:32:01 
May 20 12:32:01 购买黄金产品未完成
May 20 12:32:01 
May 20 12:32:01 去领金贴页面签到未完成
May 20 12:32:01 
May 20 12:32:01 分期购好物未完成
May 20 12:32:01 
May 20 12:32:01 浏览种豆得豆活动未完成
May 20 12:32:01 
May 20 12:32:01 浏览京喜财富岛活动未完成
May 20 12:32:01 
May 20 12:32:01 浏览京喜农场页面未完成
May 20 12:32:01 
May 20 12:32:01 浏览金融签到活动未完成
May 20 12:32:01 
May 20 12:32:01 浏览天天提鹅活动未完成
May 20 12:32:01 
May 20 12:32:01 完成每日分享已领取
May 20 12:32:01 
May 20 12:32:01 食物名称     数量
May 20 12:32:01 普通猪粮      64g
May 20 12:32:01 南瓜      29g
May 20 12:32:01 白菜      33g
May 20 12:32:01 胡萝卜      18g
May 20 12:32:01 10秒后开始喂食普通猪粮，当前数量为64g
May 20 12:32:11 skuId::::1001003003
May 20 12:32:11 喂食结果：{"resultCode":0,"resultMsg":"操作成功","resultData":{"resultCode":406,"resultMsg":"数据异常"},"channelEncrypt":0}
May 20 12:32:11 10秒后开始喂食南瓜，当前数量为29g
May 20 12:32:21 skuId::::1001003004
May 20 12:32:22 喂食结果：{"resultCode":0,"resultMsg":"操作成功","resultData":{"resultCode":406,"resultMsg":"数据异常"},"channelEncrypt":0}
May 20 12:32:22 10秒后开始喂食白菜，当前数量为33g
May 20 12:32:32 skuId::::1001003001
May 20 12:32:32 喂食结果：{"resultCode":0,"resultMsg":"操作成功","resultData":{"resultCode":406,"resultMsg":"数据异常"},"channelEncrypt":0}
May 20 12:32:32 
May 20 12:32:32 开始【京东账号2】jd_MCazEJrLyuXn
May 20 12:32:32 
May 20 12:32:32 
May 20 12:32:32 京东账号2 jd_MCazEJrLyuXn 未开启养猪活动,请手动去京东金融APP开启此活动
May 20 12:32:32 
May 20 12:32:32 
May 20 12:32:32 开始【京东账号3】鬼神之吕奉先
May 20 12:32:32 
May 20 12:32:32 
May 20 12:32:32 京东账号3 鬼神之吕奉先 未开启养猪活动,请手动去京东金融APP开启此活动
May 20 12:32:32 
May 20 12:32:33 
May 20 12:32:33 开始【京东账号4】jd_6ba76f15069fd
May 20 12:32:33 
May 20 12:32:33 
May 20 12:32:33 京东账号4 jd_6ba76f15069fd 未开启养猪活动,请手动去京东金融APP开启此活动
May 20 12:32:33 
May 20 12:32:33 
May 20 12:32:33 开始【京东账号5】jd_46928899fcc30
May 20 12:32:33 
May 20 12:32:33 
May 20 12:32:33 京东账号5 jd_46928899fcc30 未开启养猪活动,请手动去京东金融APP开启此活动
May 20 12:32:33 
May 20 12:32:33 
May 20 12:32:33 开始【京东账号6】jd_EirxWEerdtmu
May 20 12:32:33 
May 20 12:32:33 
May 20 12:32:33 京东账号6 jd_EirxWEerdtmu 未开启养猪活动,请手动去京东金融APP开启此活动
May 20 12:32:33 
May 20 12:32:33 
May 20 12:32:33 🔔金融养猪, 结束! 🕛 33.503 秒
May 20 12:32:33 
