Apr 25 00:07:14 
Apr 25 00:07:14 🔔进店领豆, 开始!
Apr 25 00:07:14 
Apr 25 00:07:14 ====================共6个京东账号Cookie=========
Apr 25 00:07:14 
Apr 25 00:07:14 ==================脚本执行- 北京时间(UTC+8)：4/25/2021, 12:07:14 AM=====================
Apr 25 00:07:14 
Apr 25 00:07:15 
Apr 25 00:07:15 开始【京东账号1】18337656372_p
Apr 25 00:07:15 
Apr 25 00:07:15 taskId::24944
Apr 25 00:07:15 doTask-taskId::24944
Apr 25 00:07:15 taskId::24807
Apr 25 00:07:15 doTask-taskId::24807
Apr 25 00:07:15 beanCount::4
Apr 25 00:07:15 
Apr 25 00:07:15 ==============📣系统通知📣==============
Apr 25 00:07:15 进店领豆
Apr 25 00:07:15 京东账号 1 18337656372_p
Apr 25 00:07:15 成功领取4京豆
Apr 25 00:07:15 
Apr 25 00:07:15 开始【京东账号2】jd_MCazEJrLyuXn
Apr 25 00:07:15 
Apr 25 00:07:16 taskId::24944
Apr 25 00:07:16 doTask-taskId::24944
Apr 25 00:07:16 taskId::24807
Apr 25 00:07:16 doTask-taskId::24807
Apr 25 00:07:16 beanCount::4
Apr 25 00:07:16 
Apr 25 00:07:16 ==============📣系统通知📣==============
Apr 25 00:07:16 进店领豆
Apr 25 00:07:16 京东账号 2 jd_MCazEJrLyuXn
Apr 25 00:07:16 成功领取4京豆
Apr 25 00:07:16 
Apr 25 00:07:16 开始【京东账号3】鬼神之吕奉先
Apr 25 00:07:16 
Apr 25 00:07:16 taskId::24944
Apr 25 00:07:16 doTask-taskId::24944
Apr 25 00:07:16 taskId::24807
Apr 25 00:07:16 doTask-taskId::24807
Apr 25 00:07:16 beanCount::4
Apr 25 00:07:16 
Apr 25 00:07:16 ==============📣系统通知📣==============
Apr 25 00:07:16 进店领豆
Apr 25 00:07:16 京东账号 3 鬼神之吕奉先
Apr 25 00:07:16 成功领取4京豆
Apr 25 00:07:16 
Apr 25 00:07:16 开始【京东账号4】jd_6ba76f15069fd
Apr 25 00:07:16 
Apr 25 00:07:16 taskId::24944
Apr 25 00:07:16 doTask-taskId::24944
Apr 25 00:07:17 taskId::24807
Apr 25 00:07:17 doTask-taskId::24807
Apr 25 00:07:17 beanCount::4
Apr 25 00:07:17 
Apr 25 00:07:17 ==============📣系统通知📣==============
Apr 25 00:07:17 进店领豆
Apr 25 00:07:17 京东账号 4 jd_6ba76f15069fd
Apr 25 00:07:17 成功领取4京豆
Apr 25 00:07:17 
Apr 25 00:07:17 开始【京东账号5】jd_46928899fcc30
Apr 25 00:07:17 
Apr 25 00:07:17 taskId::24944
Apr 25 00:07:17 doTask-taskId::24944
Apr 25 00:07:17 taskId::24807
Apr 25 00:07:17 doTask-taskId::24807
Apr 25 00:07:17 beanCount::4
Apr 25 00:07:17 
Apr 25 00:07:17 ==============📣系统通知📣==============
Apr 25 00:07:17 进店领豆
Apr 25 00:07:17 京东账号 5 jd_46928899fcc30
Apr 25 00:07:17 成功领取4京豆
Apr 25 00:07:17 
Apr 25 00:07:17 开始【京东账号6】jd_EirxWEerdtmu
Apr 25 00:07:17 
Apr 25 00:07:18 taskId::24944
Apr 25 00:07:18 doTask-taskId::24944
Apr 25 00:07:18 taskId::24807
Apr 25 00:07:18 doTask-taskId::24807
Apr 25 00:07:18 beanCount::4
Apr 25 00:07:18 
Apr 25 00:07:18 ==============📣系统通知📣==============
Apr 25 00:07:18 进店领豆
Apr 25 00:07:18 京东账号 6 jd_EirxWEerdtmu
Apr 25 00:07:18 成功领取4京豆
Apr 25 00:07:18 
Apr 25 00:07:18 🔔进店领豆, 结束! 🕛 3.878 秒
Apr 25 00:07:18 
Apr 26 00:07:34 
Apr 26 00:07:34 🔔进店领豆, 开始!
Apr 26 00:07:34 
Apr 26 00:07:34 ====================共6个京东账号Cookie=========
Apr 26 00:07:34 
Apr 26 00:07:34 ==================脚本执行- 北京时间(UTC+8)：4/26/2021, 12:07:34 AM=====================
Apr 26 00:07:34 
Apr 26 00:07:35 
Apr 26 00:07:35 开始【京东账号1】18337656372_p
Apr 26 00:07:35 
Apr 26 00:07:35 本期任务已被抢光，明天再来吧
Apr 26 00:07:35 
Apr 26 00:07:35 
Apr 26 00:07:35 ==============📣系统通知📣==============
Apr 26 00:07:35 进店领豆
Apr 26 00:07:35 京东账号 1 18337656372_p
Apr 26 00:07:35 本期任务已被抢光，明天再来吧
Apr 26 00:07:35 
Apr 26 00:07:35 开始【京东账号2】jd_MCazEJrLyuXn
Apr 26 00:07:35 
Apr 26 00:07:35 本期任务已被抢光，明天再来吧
Apr 26 00:07:35 
Apr 26 00:07:35 
Apr 26 00:07:35 ==============📣系统通知📣==============
Apr 26 00:07:35 进店领豆
Apr 26 00:07:35 京东账号 2 jd_MCazEJrLyuXn
Apr 26 00:07:35 本期任务已被抢光，明天再来吧
Apr 26 00:07:35 
Apr 26 00:07:35 开始【京东账号3】鬼神之吕奉先
Apr 26 00:07:35 
Apr 26 00:07:35 本期任务已被抢光，明天再来吧
Apr 26 00:07:35 
Apr 26 00:07:35 
Apr 26 00:07:35 ==============📣系统通知📣==============
Apr 26 00:07:35 进店领豆
Apr 26 00:07:35 京东账号 3 鬼神之吕奉先
Apr 26 00:07:35 本期任务已被抢光，明天再来吧
Apr 26 00:07:36 
Apr 26 00:07:36 开始【京东账号4】jd_6ba76f15069fd
Apr 26 00:07:36 
Apr 26 00:07:36 本期任务已被抢光，明天再来吧
Apr 26 00:07:36 
Apr 26 00:07:36 
Apr 26 00:07:36 ==============📣系统通知📣==============
Apr 26 00:07:36 进店领豆
Apr 26 00:07:36 京东账号 4 jd_6ba76f15069fd
Apr 26 00:07:36 本期任务已被抢光，明天再来吧
Apr 26 00:07:36 
Apr 26 00:07:36 开始【京东账号5】jd_46928899fcc30
Apr 26 00:07:36 
Apr 26 00:07:36 本期任务已被抢光，明天再来吧
Apr 26 00:07:36 
Apr 26 00:07:36 
Apr 26 00:07:36 ==============📣系统通知📣==============
Apr 26 00:07:36 进店领豆
Apr 26 00:07:36 京东账号 5 jd_46928899fcc30
Apr 26 00:07:36 本期任务已被抢光，明天再来吧
Apr 26 00:07:36 
Apr 26 00:07:36 开始【京东账号6】jd_EirxWEerdtmu
Apr 26 00:07:36 
Apr 26 00:07:36 本期任务已被抢光，明天再来吧
Apr 26 00:07:36 
Apr 26 00:07:36 
Apr 26 00:07:36 ==============📣系统通知📣==============
Apr 26 00:07:36 进店领豆
Apr 26 00:07:36 京东账号 6 jd_EirxWEerdtmu
Apr 26 00:07:36 本期任务已被抢光，明天再来吧
Apr 26 00:07:36 
Apr 26 00:07:36 🔔进店领豆, 结束! 🕛 1.902 秒
Apr 26 00:07:36 
Apr 27 00:06:51 
Apr 27 00:06:51 🔔进店领豆, 开始!
Apr 27 00:06:51 
Apr 27 00:06:51 ====================共6个京东账号Cookie=========
Apr 27 00:06:51 
Apr 27 00:06:51 ==================脚本执行- 北京时间(UTC+8)：4/27/2021, 12:06:51 AM=====================
Apr 27 00:06:51 
Apr 27 00:06:52 
Apr 27 00:06:52 开始【京东账号1】18337656372_p
Apr 27 00:06:52 
Apr 27 00:06:52 本期任务已被抢光，明天再来吧
Apr 27 00:06:52 
Apr 27 00:06:52 
Apr 27 00:06:52 ==============📣系统通知📣==============
Apr 27 00:06:52 进店领豆
Apr 27 00:06:52 京东账号 1 18337656372_p
Apr 27 00:06:52 本期任务已被抢光，明天再来吧
Apr 27 00:06:52 
Apr 27 00:06:52 开始【京东账号2】jd_MCazEJrLyuXn
Apr 27 00:06:52 
Apr 27 00:06:52 本期任务已被抢光，明天再来吧
Apr 27 00:06:52 
Apr 27 00:06:52 
Apr 27 00:06:52 ==============📣系统通知📣==============
Apr 27 00:06:52 进店领豆
Apr 27 00:06:52 京东账号 2 jd_MCazEJrLyuXn
Apr 27 00:06:52 本期任务已被抢光，明天再来吧
Apr 27 00:06:52 
Apr 27 00:06:52 开始【京东账号3】鬼神之吕奉先
Apr 27 00:06:52 
Apr 27 00:06:52 本期任务已被抢光，明天再来吧
Apr 27 00:06:52 
Apr 27 00:06:52 
Apr 27 00:06:52 ==============📣系统通知📣==============
Apr 27 00:06:52 进店领豆
Apr 27 00:06:52 京东账号 3 鬼神之吕奉先
Apr 27 00:06:52 本期任务已被抢光，明天再来吧
Apr 27 00:06:52 
Apr 27 00:06:52 开始【京东账号4】jd_6ba76f15069fd
Apr 27 00:06:52 
Apr 27 00:06:53 本期任务已被抢光，明天再来吧
Apr 27 00:06:53 
Apr 27 00:06:53 
Apr 27 00:06:53 ==============📣系统通知📣==============
Apr 27 00:06:53 进店领豆
Apr 27 00:06:53 京东账号 4 jd_6ba76f15069fd
Apr 27 00:06:53 本期任务已被抢光，明天再来吧
Apr 27 00:06:53 
Apr 27 00:06:53 开始【京东账号5】jd_46928899fcc30
Apr 27 00:06:53 
Apr 27 00:06:53 本期任务已被抢光，明天再来吧
Apr 27 00:06:53 
Apr 27 00:06:53 
Apr 27 00:06:53 ==============📣系统通知📣==============
Apr 27 00:06:53 进店领豆
Apr 27 00:06:53 京东账号 5 jd_46928899fcc30
Apr 27 00:06:53 本期任务已被抢光，明天再来吧
Apr 27 00:06:53 
Apr 27 00:06:53 开始【京东账号6】jd_EirxWEerdtmu
Apr 27 00:06:53 
Apr 27 00:06:53 本期任务已被抢光，明天再来吧
Apr 27 00:06:53 
Apr 27 00:06:53 
Apr 27 00:06:53 ==============📣系统通知📣==============
Apr 27 00:06:53 进店领豆
Apr 27 00:06:53 京东账号 6 jd_EirxWEerdtmu
Apr 27 00:06:53 本期任务已被抢光，明天再来吧
Apr 27 00:06:53 
Apr 27 00:06:53 🔔进店领豆, 结束! 🕛 1.686 秒
Apr 27 00:06:53 
