Apr 25 00:47:00 
Apr 25 00:47:00 🔔京东极速版红包, 开始!
Apr 25 00:47:00 
Apr 25 00:47:00 ====================共6个京东账号Cookie=========
Apr 25 00:47:00 
Apr 25 00:47:00 ==================脚本执行- 北京时间(UTC+8)：4/25/2021, 12:47:00 AM=====================
Apr 25 00:47:00 
Apr 25 00:47:00 
Apr 25 00:47:00 如提示活动火爆,可再执行一次尝试
Apr 25 00:47:00 
Apr 25 00:47:00 
Apr 25 00:47:00 ******开始【京东账号1】18337656372_p*********
Apr 25 00:47:00 
Apr 25 00:47:00 获得0.31微信活动老-京东老
Apr 25 00:47:01 活动太火爆了，请稍后重试
Apr 25 00:47:01 获得优惠券
Apr 25 00:47:02 去提现0.31微信现金
Apr 25 00:47:02 提现零钱结果：{"success":true,"code":0,"errMsg":"success","data":{"status":"50053","message":"无效的openId，当前pin尚未绑定微信"}}
Apr 25 00:47:02 提现失败：无效的openId，当前pin尚未绑定微信
Apr 25 00:47:02 去提现0.30微信现金
Apr 25 00:47:02 提现零钱结果：{"success":true,"code":0,"errMsg":"success","data":{"status":"50053","message":"无效的openId，当前pin尚未绑定微信"}}
Apr 25 00:47:02 提现失败：无效的openId，当前pin尚未绑定微信
Apr 25 00:47:02 去提现0.31微信现金
Apr 25 00:47:02 提现零钱结果：{"success":true,"code":0,"errMsg":"success","data":{"status":"50053","message":"无效的openId，当前pin尚未绑定微信"}}
Apr 25 00:47:02 提现失败：无效的openId，当前pin尚未绑定微信
Apr 25 00:47:02 去提现0.30微信现金
Apr 25 00:47:03 提现零钱结果：{"success":true,"code":0,"errMsg":"success","data":{"status":"50053","message":"无效的openId，当前pin尚未绑定微信"}}
Apr 25 00:47:03 提现失败：无效的openId，当前pin尚未绑定微信
Apr 25 00:47:03 去提现0.31微信现金
Apr 25 00:47:03 提现零钱结果：{"success":true,"code":0,"errMsg":"success","data":{"status":"50053","message":"无效的openId，当前pin尚未绑定微信"}}
Apr 25 00:47:03 提现失败：无效的openId，当前pin尚未绑定微信
Apr 25 00:47:03 去提现0.30微信现金
Apr 25 00:47:03 提现零钱结果：{"success":true,"code":0,"errMsg":"success","data":{"status":"50053","message":"无效的openId，当前pin尚未绑定微信"}}
Apr 25 00:47:03 提现失败：无效的openId，当前pin尚未绑定微信
Apr 25 00:47:03 
Apr 25 00:47:03 ==============📣系统通知📣==============
Apr 25 00:47:03 京东极速版红包
Apr 25 00:47:03 京东账号118337656372_p
Apr 25 00:47:03 获得0.31微信活动老-京东老
Apr 25 00:47:03 提现0.31微信现金，提现失败：无效的openId，当前pin尚未绑定微信提现0.30微信现金，提现失败：无效的openId，当前pin尚未绑定微信提现0.31微信现金，提现失败：无效的openId，当前pin尚未绑定微信提现0.30微信现金，提现失败：无效的openId，当前pin尚未绑定微信提现0.31微信现金，提现失败：无效的openId，当前pin尚未绑定微信提现0.30微信现金，提现失败：无效的openId，当前pin尚未绑定微信
Apr 25 00:47:03 
Apr 25 00:47:03 如提示活动火爆,可再执行一次尝试
Apr 25 00:47:03 
Apr 25 00:47:03 
Apr 25 00:47:03 ******开始【京东账号2】jd_MCazEJrLyuXn*********
Apr 25 00:47:03 
Apr 25 00:47:03 获得极速版红包
Apr 25 00:47:04 获得极速版红包
Apr 25 00:47:04 获得极速版红包
Apr 25 00:47:05 
Apr 25 00:47:05 ==============📣系统通知📣==============
Apr 25 00:47:05 京东极速版红包
Apr 25 00:47:05 京东账号2jd_MCazEJrLyuXn
Apr 25 00:47:05 获得极速版红包
Apr 25 00:47:05 获得极速版红包
Apr 25 00:47:05 获得极速版红包
Apr 25 00:47:05 
Apr 25 00:47:05 
Apr 25 00:47:05 如提示活动火爆,可再执行一次尝试
Apr 25 00:47:05 
Apr 25 00:47:05 
Apr 25 00:47:05 ******开始【京东账号3】鬼神之吕奉先*********
Apr 25 00:47:05 
Apr 25 00:47:05 获得优惠券
Apr 25 00:47:06 获得极速版红包
Apr 25 00:47:07 获得优惠券
Apr 25 00:47:07 去提现0.31微信现金
Apr 25 00:47:07 提现零钱结果：{"success":true,"code":0,"errMsg":"success","data":{"status":"50053","message":"无效的openId，当前pin尚未绑定微信"}}
Apr 25 00:47:07 提现失败：无效的openId，当前pin尚未绑定微信
Apr 25 00:47:07 
Apr 25 00:47:07 ==============📣系统通知📣==============
Apr 25 00:47:07 京东极速版红包
Apr 25 00:47:07 京东账号3鬼神之吕奉先
Apr 25 00:47:07 获得极速版红包
Apr 25 00:47:07 提现0.31微信现金，提现失败：无效的openId，当前pin尚未绑定微信
Apr 25 00:47:07 
Apr 25 00:47:07 如提示活动火爆,可再执行一次尝试
Apr 25 00:47:07 
Apr 25 00:47:07 
Apr 25 00:47:07 ******开始【京东账号4】jd_6ba76f15069fd*********
Apr 25 00:47:07 
Apr 25 00:47:08 活动太火爆了，请稍后重试
Apr 25 00:47:08 获得0.31微信活动老-京东老
Apr 25 00:47:09 获得极速版红包
Apr 25 00:47:09 去提现0.31微信现金
Apr 25 00:47:10 提现零钱结果：{"success":true,"code":0,"errMsg":"success","data":{"status":"50053","message":"无效的openId，当前pin尚未绑定微信"}}
Apr 25 00:47:10 提现失败：无效的openId，当前pin尚未绑定微信
Apr 25 00:47:10 去提现0.30微信现金
Apr 25 00:47:10 提现零钱结果：{"success":true,"code":0,"errMsg":"success","data":{"status":"50053","message":"无效的openId，当前pin尚未绑定微信"}}
Apr 25 00:47:10 提现失败：无效的openId，当前pin尚未绑定微信
Apr 25 00:47:10 去提现0.30微信现金
Apr 25 00:47:10 提现零钱结果：{"success":true,"code":0,"errMsg":"success","data":{"status":"50053","message":"无效的openId，当前pin尚未绑定微信"}}
Apr 25 00:47:10 提现失败：无效的openId，当前pin尚未绑定微信
Apr 25 00:47:10 
Apr 25 00:47:10 ==============📣系统通知📣==============
Apr 25 00:47:10 京东极速版红包
Apr 25 00:47:10 京东账号4jd_6ba76f15069fd
Apr 25 00:47:10 获得0.31微信活动老-京东老
Apr 25 00:47:10 获得极速版红包
Apr 25 00:47:10 提现0.31微信现金，提现失败：无效的openId，当前pin尚未绑定微信提现0.30微信现金，提现失败：无效的openId，当前pin尚未绑定微信提现0.30微信现金，提现失败：无效的openId，当前pin尚未绑定微信
Apr 25 00:47:10 
Apr 25 00:47:10 如提示活动火爆,可再执行一次尝试
Apr 25 00:47:10 
Apr 25 00:47:10 
Apr 25 00:47:10 ******开始【京东账号5】jd_46928899fcc30*********
Apr 25 00:47:10 
Apr 25 00:47:10 获得优惠券
Apr 25 00:47:11 获得极速版红包
Apr 25 00:47:11 获得优惠券
Apr 25 00:47:12 去提现0.30微信现金
Apr 25 00:47:12 提现零钱结果：{"success":true,"code":0,"errMsg":"success","data":{"status":"50053","message":"无效的openId，当前pin尚未绑定微信"}}
Apr 25 00:47:12 提现失败：无效的openId，当前pin尚未绑定微信
Apr 25 00:47:12 去提现0.31微信现金
Apr 25 00:47:12 提现零钱结果：{"success":true,"code":0,"errMsg":"success","data":{"status":"50053","message":"无效的openId，当前pin尚未绑定微信"}}
Apr 25 00:47:12 提现失败：无效的openId，当前pin尚未绑定微信
Apr 25 00:47:12 去提现0.30微信现金
Apr 25 00:47:12 提现零钱结果：{"success":true,"code":0,"errMsg":"success","data":{"status":"50053","message":"无效的openId，当前pin尚未绑定微信"}}
Apr 25 00:47:12 提现失败：无效的openId，当前pin尚未绑定微信
Apr 25 00:47:12 
Apr 25 00:47:12 ==============📣系统通知📣==============
Apr 25 00:47:12 京东极速版红包
Apr 25 00:47:12 京东账号5jd_46928899fcc30
Apr 25 00:47:12 获得极速版红包
Apr 25 00:47:12 提现0.30微信现金，提现失败：无效的openId，当前pin尚未绑定微信提现0.31微信现金，提现失败：无效的openId，当前pin尚未绑定微信提现0.30微信现金，提现失败：无效的openId，当前pin尚未绑定微信
Apr 25 00:47:12 
Apr 25 00:47:12 如提示活动火爆,可再执行一次尝试
Apr 25 00:47:12 
Apr 25 00:47:13 
Apr 25 00:47:13 ******开始【京东账号6】jd_EirxWEerdtmu*********
Apr 25 00:47:13 
Apr 25 00:47:13 获得优惠券
Apr 25 00:47:13 获得0.3微信活动老-京东老
Apr 25 00:47:14 获得优惠券
Apr 25 00:47:15 去提现0.30微信现金
Apr 25 00:47:15 提现零钱结果：{"success":true,"code":0,"errMsg":"success","data":{"status":"50053","message":"无效的openId，当前pin尚未绑定微信"}}
Apr 25 00:47:15 提现失败：无效的openId，当前pin尚未绑定微信
Apr 25 00:47:15 去提现0.30微信现金
Apr 25 00:47:15 提现零钱结果：{"success":true,"code":0,"errMsg":"success","data":{"status":"50053","message":"无效的openId，当前pin尚未绑定微信"}}
Apr 25 00:47:15 提现失败：无效的openId，当前pin尚未绑定微信
Apr 25 00:47:15 去提现0.30微信现金
Apr 25 00:47:15 提现零钱结果：{"success":true,"code":0,"errMsg":"success","data":{"status":"50053","message":"无效的openId，当前pin尚未绑定微信"}}
Apr 25 00:47:15 提现失败：无效的openId，当前pin尚未绑定微信
Apr 25 00:47:15 去提现0.30微信现金
Apr 25 00:47:15 提现零钱结果：{"success":true,"code":0,"errMsg":"success","data":{"status":"50053","message":"无效的openId，当前pin尚未绑定微信"}}
Apr 25 00:47:15 提现失败：无效的openId，当前pin尚未绑定微信
Apr 25 00:47:15 
Apr 25 00:47:15 ==============📣系统通知📣==============
Apr 25 00:47:15 京东极速版红包
Apr 25 00:47:15 京东账号6jd_EirxWEerdtmu
Apr 25 00:47:15 获得0.3微信活动老-京东老
Apr 25 00:47:15 提现0.30微信现金，提现失败：无效的openId，当前pin尚未绑定微信提现0.30微信现金，提现失败：无效的openId，当前pin尚未绑定微信提现0.30微信现金，提现失败：无效的openId，当前pin尚未绑定微信提现0.30微信现金，提现失败：无效的openId，当前pin尚未绑定微信
Apr 25 00:47:15 
Apr 25 00:47:15 🔔京东极速版红包, 结束! 🕛 15.622 秒
Apr 25 00:47:15 
Apr 25 23:46:08 
Apr 25 23:46:08 🔔京东极速版红包, 开始!
Apr 25 23:46:08 
Apr 25 23:46:08 ====================共6个京东账号Cookie=========
Apr 25 23:46:08 
Apr 25 23:46:08 ==================脚本执行- 北京时间(UTC+8)：4/25/2021, 11:46:08 PM=====================
Apr 25 23:46:08 
Apr 25 23:46:08 
Apr 25 23:46:08 如提示活动火爆,可再执行一次尝试
Apr 25 23:46:08 
Apr 25 23:46:09 
Apr 25 23:46:09 ******开始【京东账号1】18337656372_p*********
Apr 25 23:46:09 
Apr 25 23:46:09 获得优惠券
Apr 25 23:46:09 今日已领完
Apr 25 23:46:10 今日已领完
Apr 25 23:46:11 去提现0.31微信现金
Apr 25 23:46:11 提现零钱结果：{"success":true,"code":0,"errMsg":"success","data":{"status":"50053","message":"无效的openId，当前pin尚未绑定微信"}}
Apr 25 23:46:11 提现失败：无效的openId，当前pin尚未绑定微信
Apr 25 23:46:11 去提现0.30微信现金
Apr 25 23:46:11 提现零钱结果：{"success":true,"code":0,"errMsg":"success","data":{"status":"50053","message":"无效的openId，当前pin尚未绑定微信"}}
Apr 25 23:46:11 提现失败：无效的openId，当前pin尚未绑定微信
Apr 25 23:46:11 去提现0.31微信现金
Apr 25 23:46:11 提现零钱结果：{"success":true,"code":0,"errMsg":"success","data":{"status":"50053","message":"无效的openId，当前pin尚未绑定微信"}}
Apr 25 23:46:11 提现失败：无效的openId，当前pin尚未绑定微信
Apr 25 23:46:11 去提现0.30微信现金
Apr 25 23:46:11 提现零钱结果：{"success":true,"code":0,"errMsg":"success","data":{"status":"50053","message":"无效的openId，当前pin尚未绑定微信"}}
Apr 25 23:46:11 提现失败：无效的openId，当前pin尚未绑定微信
Apr 25 23:46:11 去提现0.31微信现金
Apr 25 23:46:11 提现零钱结果：{"success":true,"code":0,"errMsg":"success","data":{"status":"50053","message":"无效的openId，当前pin尚未绑定微信"}}
Apr 25 23:46:11 提现失败：无效的openId，当前pin尚未绑定微信
Apr 25 23:46:11 去提现0.30微信现金
Apr 25 23:46:11 提现零钱结果：{"success":true,"code":0,"errMsg":"success","data":{"status":"50053","message":"无效的openId，当前pin尚未绑定微信"}}
Apr 25 23:46:11 提现失败：无效的openId，当前pin尚未绑定微信
Apr 25 23:46:11 
Apr 25 23:46:11 ==============📣系统通知📣==============
Apr 25 23:46:11 京东极速版红包
Apr 25 23:46:11 京东账号118337656372_p
Apr 25 23:46:11 提现0.31微信现金，提现失败：无效的openId，当前pin尚未绑定微信提现0.30微信现金，提现失败：无效的openId，当前pin尚未绑定微信提现0.31微信现金，提现失败：无效的openId，当前pin尚未绑定微信提现0.30微信现金，提现失败：无效的openId，当前pin尚未绑定微信提现0.31微信现金，提现失败：无效的openId，当前pin尚未绑定微信提现0.30微信现金，提现失败：无效的openId，当前pin尚未绑定微信
Apr 25 23:46:11 
Apr 25 23:46:11 如提示活动火爆,可再执行一次尝试
Apr 25 23:46:11 
Apr 25 23:46:12 
Apr 25 23:46:12 ******开始【京东账号2】jd_MCazEJrLyuXn*********
Apr 25 23:46:12 
Apr 25 23:46:12 今日已领完
Apr 25 23:46:12 今日已领完
Apr 25 23:46:13 今日已领完
Apr 25 23:46:13 
Apr 25 23:46:13 如提示活动火爆,可再执行一次尝试
Apr 25 23:46:13 
Apr 25 23:46:14 
Apr 25 23:46:14 ******开始【京东账号3】鬼神之吕奉先*********
Apr 25 23:46:14 
Apr 25 23:46:14 今日已领完
Apr 25 23:46:14 今日已领完
Apr 25 23:46:15 今日已领完
Apr 25 23:46:15 去提现0.31微信现金
Apr 25 23:46:16 提现零钱结果：{"success":true,"code":0,"errMsg":"success","data":{"status":"50053","message":"无效的openId，当前pin尚未绑定微信"}}
Apr 25 23:46:16 提现失败：无效的openId，当前pin尚未绑定微信
Apr 25 23:46:16 
Apr 25 23:46:16 ==============📣系统通知📣==============
Apr 25 23:46:16 京东极速版红包
Apr 25 23:46:16 京东账号3鬼神之吕奉先
Apr 25 23:46:16 提现0.31微信现金，提现失败：无效的openId，当前pin尚未绑定微信
Apr 25 23:46:16 
Apr 25 23:46:16 如提示活动火爆,可再执行一次尝试
Apr 25 23:46:16 
Apr 25 23:46:16 
Apr 25 23:46:16 ******开始【京东账号4】jd_6ba76f15069fd*********
Apr 25 23:46:16 
Apr 25 23:46:16 获得优惠券
Apr 25 23:46:16 今日已领完
Apr 25 23:46:17 今日已领完
Apr 25 23:46:18 去提现0.31微信现金
Apr 25 23:46:18 提现零钱结果：{"success":true,"code":0,"errMsg":"success","data":{"status":"50053","message":"无效的openId，当前pin尚未绑定微信"}}
Apr 25 23:46:18 提现失败：无效的openId，当前pin尚未绑定微信
Apr 25 23:46:18 去提现0.30微信现金
Apr 25 23:46:18 提现零钱结果：{"success":true,"code":0,"errMsg":"success","data":{"status":"50053","message":"无效的openId，当前pin尚未绑定微信"}}
Apr 25 23:46:18 提现失败：无效的openId，当前pin尚未绑定微信
Apr 25 23:46:18 去提现0.30微信现金
Apr 25 23:46:18 提现零钱结果：{"success":true,"code":0,"errMsg":"success","data":{"status":"50053","message":"无效的openId，当前pin尚未绑定微信"}}
Apr 25 23:46:18 提现失败：无效的openId，当前pin尚未绑定微信
Apr 25 23:46:18 
Apr 25 23:46:18 ==============📣系统通知📣==============
Apr 25 23:46:18 京东极速版红包
Apr 25 23:46:18 京东账号4jd_6ba76f15069fd
Apr 25 23:46:18 提现0.31微信现金，提现失败：无效的openId，当前pin尚未绑定微信提现0.30微信现金，提现失败：无效的openId，当前pin尚未绑定微信提现0.30微信现金，提现失败：无效的openId，当前pin尚未绑定微信
Apr 25 23:46:18 
Apr 25 23:46:18 如提示活动火爆,可再执行一次尝试
Apr 25 23:46:18 
Apr 25 23:46:18 
Apr 25 23:46:18 ******开始【京东账号5】jd_46928899fcc30*********
Apr 25 23:46:18 
Apr 25 23:46:18 今日已领完
Apr 25 23:46:19 今日已领完
Apr 25 23:46:19 今日已领完
Apr 25 23:46:20 去提现0.30微信现金
Apr 25 23:46:20 提现零钱结果：{"success":true,"code":0,"errMsg":"success","data":{"status":"50053","message":"无效的openId，当前pin尚未绑定微信"}}
Apr 25 23:46:20 提现失败：无效的openId，当前pin尚未绑定微信
Apr 25 23:46:20 去提现0.31微信现金
Apr 25 23:46:20 提现零钱结果：{"success":true,"code":0,"errMsg":"success","data":{"status":"50053","message":"无效的openId，当前pin尚未绑定微信"}}
Apr 25 23:46:20 提现失败：无效的openId，当前pin尚未绑定微信
Apr 25 23:46:20 去提现0.30微信现金
Apr 25 23:46:20 提现零钱结果：{"success":true,"code":0,"errMsg":"success","data":{"status":"50053","message":"无效的openId，当前pin尚未绑定微信"}}
Apr 25 23:46:20 提现失败：无效的openId，当前pin尚未绑定微信
Apr 25 23:46:20 
Apr 25 23:46:20 ==============📣系统通知📣==============
Apr 25 23:46:20 京东极速版红包
Apr 25 23:46:20 京东账号5jd_46928899fcc30
Apr 25 23:46:20 提现0.30微信现金，提现失败：无效的openId，当前pin尚未绑定微信提现0.31微信现金，提现失败：无效的openId，当前pin尚未绑定微信提现0.30微信现金，提现失败：无效的openId，当前pin尚未绑定微信
Apr 25 23:46:20 
Apr 25 23:46:20 如提示活动火爆,可再执行一次尝试
Apr 25 23:46:20 
Apr 25 23:46:21 
Apr 25 23:46:21 ******开始【京东账号6】jd_EirxWEerdtmu*********
Apr 25 23:46:21 
Apr 25 23:46:21 今日已领完
Apr 25 23:46:21 今日已领完
Apr 25 23:46:22 今日已领完
Apr 25 23:46:22 去提现0.30微信现金
Apr 25 23:46:23 提现零钱结果：{"success":true,"code":0,"errMsg":"success","data":{"status":"50053","message":"无效的openId，当前pin尚未绑定微信"}}
Apr 25 23:46:23 提现失败：无效的openId，当前pin尚未绑定微信
Apr 25 23:46:23 去提现0.30微信现金
Apr 25 23:46:23 提现零钱结果：{"success":true,"code":0,"errMsg":"success","data":{"status":"50053","message":"无效的openId，当前pin尚未绑定微信"}}
Apr 25 23:46:23 提现失败：无效的openId，当前pin尚未绑定微信
Apr 25 23:46:23 去提现0.30微信现金
Apr 25 23:46:23 提现零钱结果：{"success":true,"code":0,"errMsg":"success","data":{"status":"50053","message":"无效的openId，当前pin尚未绑定微信"}}
Apr 25 23:46:23 提现失败：无效的openId，当前pin尚未绑定微信
Apr 25 23:46:23 去提现0.30微信现金
Apr 25 23:46:23 提现零钱结果：{"success":true,"code":0,"errMsg":"success","data":{"status":"50053","message":"无效的openId，当前pin尚未绑定微信"}}
Apr 25 23:46:23 提现失败：无效的openId，当前pin尚未绑定微信
Apr 25 23:46:23 
Apr 25 23:46:23 ==============📣系统通知📣==============
Apr 25 23:46:23 京东极速版红包
Apr 25 23:46:23 京东账号6jd_EirxWEerdtmu
Apr 25 23:46:23 提现0.30微信现金，提现失败：无效的openId，当前pin尚未绑定微信提现0.30微信现金，提现失败：无效的openId，当前pin尚未绑定微信提现0.30微信现金，提现失败：无效的openId，当前pin尚未绑定微信提现0.30微信现金，提现失败：无效的openId，当前pin尚未绑定微信
Apr 25 23:46:23 
Apr 25 23:46:23 🔔京东极速版红包, 结束! 🕛 14.745 秒
Apr 25 23:46:23 
Apr 26 00:45:42 
Apr 26 00:45:42 🔔京东极速版红包, 开始!
Apr 26 00:45:42 
Apr 26 00:45:42 ====================共6个京东账号Cookie=========
Apr 26 00:45:42 
Apr 26 00:45:42 ==================脚本执行- 北京时间(UTC+8)：4/26/2021, 12:45:42 AM=====================
Apr 26 00:45:42 
Apr 26 00:45:42 
Apr 26 00:45:42 如提示活动火爆,可再执行一次尝试
Apr 26 00:45:42 
Apr 26 00:45:43 
Apr 26 00:45:43 ******开始【京东账号1】18337656372_p*********
Apr 26 00:45:43 
Apr 26 00:45:43 活动太火爆了，请稍后重试
Apr 26 00:45:44 活动太火爆了，请稍后重试
Apr 26 00:45:44 获得极速版红包
Apr 26 00:45:45 去提现0.31微信现金
Apr 26 00:45:45 提现零钱结果：{"success":true,"code":0,"errMsg":"success","data":{"status":"50053","message":"无效的openId，当前pin尚未绑定微信"}}
Apr 26 00:45:45 提现失败：无效的openId，当前pin尚未绑定微信
Apr 26 00:45:45 去提现0.30微信现金
Apr 26 00:45:50 提现零钱结果：{"code":"-1","echo":"5,000 milliseconds timeout on connection http-outgoing-2656002392 [ACTIVE]"}
Apr 26 00:45:50 提现异常：undefined
Apr 26 00:45:50 去提现0.31微信现金
Apr 26 00:45:50 提现零钱结果：{"success":true,"code":0,"errMsg":"success","data":{"status":"50053","message":"无效的openId，当前pin尚未绑定微信"}}
Apr 26 00:45:50 提现失败：无效的openId，当前pin尚未绑定微信
Apr 26 00:45:50 去提现0.30微信现金
Apr 26 00:45:50 提现零钱结果：{"success":true,"code":0,"errMsg":"success","data":{"status":"50053","message":"无效的openId，当前pin尚未绑定微信"}}
Apr 26 00:45:50 提现失败：无效的openId，当前pin尚未绑定微信
Apr 26 00:45:50 去提现0.31微信现金
Apr 26 00:45:51 提现零钱结果：{"success":true,"code":0,"errMsg":"success","data":{"status":"50053","message":"无效的openId，当前pin尚未绑定微信"}}
Apr 26 00:45:51 提现失败：无效的openId，当前pin尚未绑定微信
Apr 26 00:45:51 去提现0.30微信现金
Apr 26 00:45:51 提现零钱结果：{"success":true,"code":0,"errMsg":"success","data":{"status":"50053","message":"无效的openId，当前pin尚未绑定微信"}}
Apr 26 00:45:51 提现失败：无效的openId，当前pin尚未绑定微信
Apr 26 00:45:51 
Apr 26 00:45:51 ==============📣系统通知📣==============
Apr 26 00:45:51 京东极速版红包
Apr 26 00:45:51 京东账号118337656372_p
Apr 26 00:45:51 获得极速版红包
Apr 26 00:45:51 提现0.31微信现金，提现失败：无效的openId，当前pin尚未绑定微信提现0.30微信现金，提现0.31微信现金，提现失败：无效的openId，当前pin尚未绑定微信提现0.30微信现金，提现失败：无效的openId，当前pin尚未绑定微信提现0.31微信现金，提现失败：无效的openId，当前pin尚未绑定微信提现0.30微信现金，提现失败：无效的openId，当前pin尚未绑定微信
Apr 26 00:45:51 
Apr 26 00:45:51 如提示活动火爆,可再执行一次尝试
Apr 26 00:45:51 
Apr 26 00:45:51 
Apr 26 00:45:51 ******开始【京东账号2】jd_MCazEJrLyuXn*********
Apr 26 00:45:51 
Apr 26 00:45:51 活动太火爆了，请稍后重试
Apr 26 00:45:52 获得极速版红包
Apr 26 00:45:53 活动太火爆了，请稍后重试
Apr 26 00:45:53 
Apr 26 00:45:53 ==============📣系统通知📣==============
Apr 26 00:45:53 京东极速版红包
Apr 26 00:45:53 京东账号2jd_MCazEJrLyuXn
Apr 26 00:45:53 获得极速版红包
Apr 26 00:45:53 
Apr 26 00:45:53 
Apr 26 00:45:53 如提示活动火爆,可再执行一次尝试
Apr 26 00:45:53 
Apr 26 00:45:53 
Apr 26 00:45:53 ******开始【京东账号3】鬼神之吕奉先*********
Apr 26 00:45:53 
Apr 26 00:45:53 获得0.3微信活动老-京东老
Apr 26 00:45:54 获得优惠券
Apr 26 00:45:55 获得优惠券
Apr 26 00:45:55 去提现0.30微信现金
Apr 26 00:45:56 提现零钱结果：{"success":true,"code":0,"errMsg":"success","data":{"status":"50053","message":"无效的openId，当前pin尚未绑定微信"}}
Apr 26 00:45:56 提现失败：无效的openId，当前pin尚未绑定微信
Apr 26 00:45:56 去提现0.31微信现金
Apr 26 00:45:56 提现零钱结果：{"success":true,"code":0,"errMsg":"success","data":{"status":"50053","message":"无效的openId，当前pin尚未绑定微信"}}
Apr 26 00:45:56 提现失败：无效的openId，当前pin尚未绑定微信
Apr 26 00:45:56 
Apr 26 00:45:56 ==============📣系统通知📣==============
Apr 26 00:45:56 京东极速版红包
Apr 26 00:45:56 京东账号3鬼神之吕奉先
Apr 26 00:45:56 获得0.3微信活动老-京东老
Apr 26 00:45:56 提现0.30微信现金，提现失败：无效的openId，当前pin尚未绑定微信提现0.31微信现金，提现失败：无效的openId，当前pin尚未绑定微信
Apr 26 00:45:56 
Apr 26 00:45:56 如提示活动火爆,可再执行一次尝试
Apr 26 00:45:56 
Apr 26 00:45:56 
Apr 26 00:45:56 ******开始【京东账号4】jd_6ba76f15069fd*********
Apr 26 00:45:56 
Apr 26 00:45:56 获得优惠券
Apr 26 00:46:02 undefined
Apr 26 00:46:02 获得极速版红包
Apr 26 00:46:03 去提现0.31微信现金
Apr 26 00:46:09 提现零钱结果：{"code":"-1","echo":"5,000 milliseconds timeout on connection http-outgoing-2656951006 [ACTIVE]"}
Apr 26 00:46:09 提现异常：undefined
Apr 26 00:46:09 去提现0.30微信现金
Apr 26 00:46:09 提现零钱结果：{"success":true,"code":0,"errMsg":"success","data":{"status":"50053","message":"无效的openId，当前pin尚未绑定微信"}}
Apr 26 00:46:09 提现失败：无效的openId，当前pin尚未绑定微信
Apr 26 00:46:09 去提现0.30微信现金
Apr 26 00:46:09 提现零钱结果：{"success":true,"code":0,"errMsg":"success","data":{"status":"50053","message":"无效的openId，当前pin尚未绑定微信"}}
Apr 26 00:46:09 提现失败：无效的openId，当前pin尚未绑定微信
Apr 26 00:46:09 
Apr 26 00:46:09 ==============📣系统通知📣==============
Apr 26 00:46:09 京东极速版红包
Apr 26 00:46:09 京东账号4jd_6ba76f15069fd
Apr 26 00:46:09 获得极速版红包
Apr 26 00:46:09 提现0.31微信现金，提现0.30微信现金，提现失败：无效的openId，当前pin尚未绑定微信提现0.30微信现金，提现失败：无效的openId，当前pin尚未绑定微信
Apr 26 00:46:09 
Apr 26 00:46:09 如提示活动火爆,可再执行一次尝试
Apr 26 00:46:09 
Apr 26 00:46:09 
Apr 26 00:46:09 ******开始【京东账号5】jd_46928899fcc30*********
Apr 26 00:46:09 
Apr 26 00:46:09 获得优惠券
Apr 26 00:46:10 获得优惠券
Apr 26 00:46:16 undefined
Apr 26 00:46:17 去提现0.30微信现金
Apr 26 00:46:17 提现零钱结果：{"success":true,"code":0,"errMsg":"success","data":{"status":"50053","message":"无效的openId，当前pin尚未绑定微信"}}
Apr 26 00:46:17 提现失败：无效的openId，当前pin尚未绑定微信
Apr 26 00:46:17 去提现0.31微信现金
Apr 26 00:46:23 提现零钱结果：{"code":"-1","echo":"5,000 milliseconds timeout on connection http-outgoing-2658419923 [ACTIVE]"}
Apr 26 00:46:23 提现异常：undefined
Apr 26 00:46:23 去提现0.30微信现金
Apr 26 00:46:23 提现零钱结果：{"success":true,"code":0,"errMsg":"success","data":{"status":"50053","message":"无效的openId，当前pin尚未绑定微信"}}
Apr 26 00:46:23 提现失败：无效的openId，当前pin尚未绑定微信
Apr 26 00:46:23 
Apr 26 00:46:23 ==============📣系统通知📣==============
Apr 26 00:46:23 京东极速版红包
Apr 26 00:46:23 京东账号5jd_46928899fcc30
Apr 26 00:46:23 提现0.30微信现金，提现失败：无效的openId，当前pin尚未绑定微信提现0.31微信现金，提现0.30微信现金，提现失败：无效的openId，当前pin尚未绑定微信
Apr 26 00:46:23 
Apr 26 00:46:23 如提示活动火爆,可再执行一次尝试
Apr 26 00:46:23 
Apr 26 00:46:23 
Apr 26 00:46:23 ******开始【京东账号6】jd_EirxWEerdtmu*********
Apr 26 00:46:23 
Apr 26 00:46:23 获得极速版红包
Apr 26 00:46:24 获得优惠券
Apr 26 00:46:24 获得优惠券
Apr 26 00:46:25 去提现0.30微信现金
Apr 26 00:46:25 提现零钱结果：{"success":true,"code":0,"errMsg":"success","data":{"status":"50053","message":"无效的openId，当前pin尚未绑定微信"}}
Apr 26 00:46:25 提现失败：无效的openId，当前pin尚未绑定微信
Apr 26 00:46:25 去提现0.30微信现金
Apr 26 00:46:25 提现零钱结果：{"success":true,"code":0,"errMsg":"success","data":{"status":"50053","message":"无效的openId，当前pin尚未绑定微信"}}
Apr 26 00:46:25 提现失败：无效的openId，当前pin尚未绑定微信
Apr 26 00:46:25 去提现0.30微信现金
Apr 26 00:46:25 提现零钱结果：{"success":true,"code":0,"errMsg":"success","data":{"status":"50053","message":"无效的openId，当前pin尚未绑定微信"}}
Apr 26 00:46:25 提现失败：无效的openId，当前pin尚未绑定微信
Apr 26 00:46:25 去提现0.30微信现金
Apr 26 00:46:26 提现零钱结果：{"success":true,"code":0,"errMsg":"success","data":{"status":"50053","message":"无效的openId，当前pin尚未绑定微信"}}
Apr 26 00:46:26 提现失败：无效的openId，当前pin尚未绑定微信
Apr 26 00:46:26 
Apr 26 00:46:26 ==============📣系统通知📣==============
Apr 26 00:46:26 京东极速版红包
Apr 26 00:46:26 京东账号6jd_EirxWEerdtmu
Apr 26 00:46:26 获得极速版红包
Apr 26 00:46:26 提现0.30微信现金，提现失败：无效的openId，当前pin尚未绑定微信提现0.30微信现金，提现失败：无效的openId，当前pin尚未绑定微信提现0.30微信现金，提现失败：无效的openId，当前pin尚未绑定微信提现0.30微信现金，提现失败：无效的openId，当前pin尚未绑定微信
Apr 26 00:46:26 
Apr 26 00:46:26 🔔京东极速版红包, 结束! 🕛 43.143 秒
Apr 26 00:46:26 
Apr 26 23:45:32 
Apr 26 23:45:32 🔔京东极速版红包, 开始!
Apr 26 23:45:32 
Apr 26 23:45:32 ====================共6个京东账号Cookie=========
Apr 26 23:45:32 
Apr 26 23:45:32 ==================脚本执行- 北京时间(UTC+8)：4/26/2021, 11:45:32 PM=====================
Apr 26 23:45:32 
Apr 26 23:45:32 
Apr 26 23:45:32 如提示活动火爆,可再执行一次尝试
Apr 26 23:45:32 
Apr 26 23:45:33 
Apr 26 23:45:33 ******开始【京东账号1】18337656372_p*********
Apr 26 23:45:33 
Apr 26 23:45:33 获得优惠券
Apr 26 23:45:33 获得优惠券
Apr 26 23:45:34 今日已领完
Apr 26 23:45:35 去提现0.31微信现金
Apr 26 23:45:35 提现零钱结果：{"success":true,"code":0,"errMsg":"success","data":{"status":"50053","message":"无效的openId，当前pin尚未绑定微信"}}
Apr 26 23:45:35 提现失败：无效的openId，当前pin尚未绑定微信
Apr 26 23:45:35 去提现0.30微信现金
Apr 26 23:45:35 提现零钱结果：{"success":true,"code":0,"errMsg":"success","data":{"status":"50053","message":"无效的openId，当前pin尚未绑定微信"}}
Apr 26 23:45:35 提现失败：无效的openId，当前pin尚未绑定微信
Apr 26 23:45:35 去提现0.31微信现金
Apr 26 23:45:35 提现零钱结果：{"success":true,"code":0,"errMsg":"success","data":{"status":"50053","message":"无效的openId，当前pin尚未绑定微信"}}
Apr 26 23:45:35 提现失败：无效的openId，当前pin尚未绑定微信
Apr 26 23:45:35 去提现0.30微信现金
Apr 26 23:45:35 提现零钱结果：{"success":true,"code":0,"errMsg":"success","data":{"status":"50053","message":"无效的openId，当前pin尚未绑定微信"}}
Apr 26 23:45:35 提现失败：无效的openId，当前pin尚未绑定微信
Apr 26 23:45:35 去提现0.31微信现金
Apr 26 23:45:35 提现零钱结果：{"success":true,"code":0,"errMsg":"success","data":{"status":"50053","message":"无效的openId，当前pin尚未绑定微信"}}
Apr 26 23:45:35 提现失败：无效的openId，当前pin尚未绑定微信
Apr 26 23:45:35 去提现0.30微信现金
Apr 26 23:45:35 提现零钱结果：{"success":true,"code":0,"errMsg":"success","data":{"status":"50053","message":"无效的openId，当前pin尚未绑定微信"}}
Apr 26 23:45:35 提现失败：无效的openId，当前pin尚未绑定微信
Apr 26 23:45:35 
Apr 26 23:45:35 ==============📣系统通知📣==============
Apr 26 23:45:35 京东极速版红包
Apr 26 23:45:35 京东账号118337656372_p
Apr 26 23:45:35 提现0.31微信现金，提现失败：无效的openId，当前pin尚未绑定微信提现0.30微信现金，提现失败：无效的openId，当前pin尚未绑定微信提现0.31微信现金，提现失败：无效的openId，当前pin尚未绑定微信提现0.30微信现金，提现失败：无效的openId，当前pin尚未绑定微信提现0.31微信现金，提现失败：无效的openId，当前pin尚未绑定微信提现0.30微信现金，提现失败：无效的openId，当前pin尚未绑定微信
Apr 26 23:45:35 
Apr 26 23:45:35 如提示活动火爆,可再执行一次尝试
Apr 26 23:45:35 
Apr 26 23:45:36 
Apr 26 23:45:36 ******开始【京东账号2】jd_MCazEJrLyuXn*********
Apr 26 23:45:36 
Apr 26 23:45:36 获得极速版红包
Apr 26 23:45:36 获得极速版红包
Apr 26 23:45:37 今日已领完
Apr 26 23:45:38 
Apr 26 23:45:38 ==============📣系统通知📣==============
Apr 26 23:45:38 京东极速版红包
Apr 26 23:45:38 京东账号2jd_MCazEJrLyuXn
Apr 26 23:45:38 获得极速版红包
Apr 26 23:45:38 获得极速版红包
Apr 26 23:45:38 
Apr 26 23:45:38 
Apr 26 23:45:38 如提示活动火爆,可再执行一次尝试
Apr 26 23:45:38 
Apr 26 23:45:38 
Apr 26 23:45:38 ******开始【京东账号3】鬼神之吕奉先*********
Apr 26 23:45:38 
Apr 26 23:45:38 今日已领完
Apr 26 23:45:38 今日已领完
Apr 26 23:45:39 今日已领完
Apr 26 23:45:40 去提现0.30微信现金
Apr 26 23:45:40 提现零钱结果：{"success":true,"code":0,"errMsg":"success","data":{"status":"50053","message":"无效的openId，当前pin尚未绑定微信"}}
Apr 26 23:45:40 提现失败：无效的openId，当前pin尚未绑定微信
Apr 26 23:45:40 去提现0.31微信现金
Apr 26 23:45:40 提现零钱结果：{"success":true,"code":0,"errMsg":"success","data":{"status":"50053","message":"无效的openId，当前pin尚未绑定微信"}}
Apr 26 23:45:40 提现失败：无效的openId，当前pin尚未绑定微信
Apr 26 23:45:40 
Apr 26 23:45:40 ==============📣系统通知📣==============
Apr 26 23:45:40 京东极速版红包
Apr 26 23:45:40 京东账号3鬼神之吕奉先
Apr 26 23:45:40 提现0.30微信现金，提现失败：无效的openId，当前pin尚未绑定微信提现0.31微信现金，提现失败：无效的openId，当前pin尚未绑定微信
Apr 26 23:45:40 
Apr 26 23:45:40 如提示活动火爆,可再执行一次尝试
Apr 26 23:45:40 
Apr 26 23:45:40 
Apr 26 23:45:40 ******开始【京东账号4】jd_6ba76f15069fd*********
Apr 26 23:45:40 
Apr 26 23:45:40 今日已领完
Apr 26 23:45:41 今日已领完
Apr 26 23:45:41 今日已领完
Apr 26 23:45:42 去提现0.31微信现金
Apr 26 23:45:42 提现零钱结果：{"success":true,"code":0,"errMsg":"success","data":{"status":"50053","message":"无效的openId，当前pin尚未绑定微信"}}
Apr 26 23:45:42 提现失败：无效的openId，当前pin尚未绑定微信
Apr 26 23:45:42 去提现0.30微信现金
Apr 26 23:45:42 提现零钱结果：{"success":true,"code":0,"errMsg":"success","data":{"status":"50053","message":"无效的openId，当前pin尚未绑定微信"}}
Apr 26 23:45:42 提现失败：无效的openId，当前pin尚未绑定微信
Apr 26 23:45:42 去提现0.30微信现金
Apr 26 23:45:42 提现零钱结果：{"success":true,"code":0,"errMsg":"success","data":{"status":"50053","message":"无效的openId，当前pin尚未绑定微信"}}
Apr 26 23:45:42 提现失败：无效的openId，当前pin尚未绑定微信
Apr 26 23:45:42 
Apr 26 23:45:42 ==============📣系统通知📣==============
Apr 26 23:45:42 京东极速版红包
Apr 26 23:45:42 京东账号4jd_6ba76f15069fd
Apr 26 23:45:42 提现0.31微信现金，提现失败：无效的openId，当前pin尚未绑定微信提现0.30微信现金，提现失败：无效的openId，当前pin尚未绑定微信提现0.30微信现金，提现失败：无效的openId，当前pin尚未绑定微信
Apr 26 23:45:42 
Apr 26 23:45:42 如提示活动火爆,可再执行一次尝试
Apr 26 23:45:42 
Apr 26 23:45:42 
Apr 26 23:45:42 ******开始【京东账号5】jd_46928899fcc30*********
Apr 26 23:45:42 
Apr 26 23:45:42 今日已领完
Apr 26 23:45:43 今日已领完
Apr 26 23:45:44 今日已领完
Apr 26 23:45:44 去提现0.30微信现金
Apr 26 23:45:44 提现零钱结果：{"success":true,"code":0,"errMsg":"success","data":{"status":"50053","message":"无效的openId，当前pin尚未绑定微信"}}
Apr 26 23:45:44 提现失败：无效的openId，当前pin尚未绑定微信
Apr 26 23:45:44 去提现0.31微信现金
Apr 26 23:45:44 提现零钱结果：{"success":true,"code":0,"errMsg":"success","data":{"status":"50053","message":"无效的openId，当前pin尚未绑定微信"}}
Apr 26 23:45:44 提现失败：无效的openId，当前pin尚未绑定微信
Apr 26 23:45:44 去提现0.30微信现金
Apr 26 23:45:45 提现零钱结果：{"success":true,"code":0,"errMsg":"success","data":{"status":"50053","message":"无效的openId，当前pin尚未绑定微信"}}
Apr 26 23:45:45 提现失败：无效的openId，当前pin尚未绑定微信
Apr 26 23:45:45 
Apr 26 23:45:45 ==============📣系统通知📣==============
Apr 26 23:45:45 京东极速版红包
Apr 26 23:45:45 京东账号5jd_46928899fcc30
Apr 26 23:45:45 提现0.30微信现金，提现失败：无效的openId，当前pin尚未绑定微信提现0.31微信现金，提现失败：无效的openId，当前pin尚未绑定微信提现0.30微信现金，提现失败：无效的openId，当前pin尚未绑定微信
Apr 26 23:45:45 
Apr 26 23:45:45 如提示活动火爆,可再执行一次尝试
Apr 26 23:45:45 
Apr 26 23:45:45 
Apr 26 23:45:45 ******开始【京东账号6】jd_EirxWEerdtmu*********
Apr 26 23:45:45 
Apr 26 23:45:45 今日已领完
Apr 26 23:45:45 今日已领完
Apr 26 23:45:46 今日已领完
Apr 26 23:45:47 去提现0.30微信现金
Apr 26 23:45:47 提现零钱结果：{"success":true,"code":0,"errMsg":"success","data":{"status":"50053","message":"无效的openId，当前pin尚未绑定微信"}}
Apr 26 23:45:47 提现失败：无效的openId，当前pin尚未绑定微信
Apr 26 23:45:47 去提现0.30微信现金
Apr 26 23:45:47 提现零钱结果：{"success":true,"code":0,"errMsg":"success","data":{"status":"50053","message":"无效的openId，当前pin尚未绑定微信"}}
Apr 26 23:45:47 提现失败：无效的openId，当前pin尚未绑定微信
Apr 26 23:45:47 去提现0.30微信现金
Apr 26 23:45:47 提现零钱结果：{"success":true,"code":0,"errMsg":"success","data":{"status":"50053","message":"无效的openId，当前pin尚未绑定微信"}}
Apr 26 23:45:47 提现失败：无效的openId，当前pin尚未绑定微信
Apr 26 23:45:47 去提现0.30微信现金
Apr 26 23:45:47 提现零钱结果：{"success":true,"code":0,"errMsg":"success","data":{"status":"50053","message":"无效的openId，当前pin尚未绑定微信"}}
Apr 26 23:45:47 提现失败：无效的openId，当前pin尚未绑定微信
Apr 26 23:45:47 
Apr 26 23:45:47 ==============📣系统通知📣==============
Apr 26 23:45:47 京东极速版红包
Apr 26 23:45:47 京东账号6jd_EirxWEerdtmu
Apr 26 23:45:47 提现0.30微信现金，提现失败：无效的openId，当前pin尚未绑定微信提现0.30微信现金，提现失败：无效的openId，当前pin尚未绑定微信提现0.30微信现金，提现失败：无效的openId，当前pin尚未绑定微信提现0.30微信现金，提现失败：无效的openId，当前pin尚未绑定微信
Apr 26 23:45:47 
Apr 26 23:45:47 🔔京东极速版红包, 结束! 🕛 14.963 秒
Apr 26 23:45:47 
Apr 27 00:45:28 
Apr 27 00:45:28 🔔京东极速版红包, 开始!
Apr 27 00:45:28 
Apr 27 00:45:28 ====================共6个京东账号Cookie=========
Apr 27 00:45:28 
Apr 27 00:45:28 ==================脚本执行- 北京时间(UTC+8)：4/27/2021, 12:45:28 AM=====================
Apr 27 00:45:28 
Apr 27 00:45:28 
Apr 27 00:45:28 如提示活动火爆,可再执行一次尝试
Apr 27 00:45:28 
Apr 27 00:45:29 
Apr 27 00:45:29 ******开始【京东账号1】18337656372_p*********
Apr 27 00:45:29 
Apr 27 00:45:29 获得优惠券
Apr 27 00:45:30 获得优惠券
Apr 27 00:45:30 获得0.3微信活动老-京东老
Apr 27 00:45:31 去提现0.30微信现金
Apr 27 00:45:31 提现零钱结果：{"success":true,"code":0,"errMsg":"success","data":{"status":"50053","message":"无效的openId，当前pin尚未绑定微信"}}
Apr 27 00:45:31 提现失败：无效的openId，当前pin尚未绑定微信
Apr 27 00:45:31 去提现0.31微信现金
Apr 27 00:45:32 提现零钱结果：{"success":true,"code":0,"errMsg":"success","data":{"status":"50053","message":"无效的openId，当前pin尚未绑定微信"}}
Apr 27 00:45:32 提现失败：无效的openId，当前pin尚未绑定微信
Apr 27 00:45:32 去提现0.30微信现金
Apr 27 00:45:32 提现零钱结果：{"success":true,"code":0,"errMsg":"success","data":{"status":"50053","message":"无效的openId，当前pin尚未绑定微信"}}
Apr 27 00:45:32 提现失败：无效的openId，当前pin尚未绑定微信
Apr 27 00:45:32 去提现0.31微信现金
Apr 27 00:45:35 提现零钱结果：{"success":true,"code":0,"errMsg":"success","data":{"status":"50053","message":"无效的openId，当前pin尚未绑定微信"}}
Apr 27 00:45:35 提现失败：无效的openId，当前pin尚未绑定微信
Apr 27 00:45:35 去提现0.30微信现金
Apr 27 00:45:36 提现零钱结果：{"success":true,"code":0,"errMsg":"success","data":{"status":"50053","message":"无效的openId，当前pin尚未绑定微信"}}
Apr 27 00:45:36 提现失败：无效的openId，当前pin尚未绑定微信
Apr 27 00:45:36 去提现0.31微信现金
Apr 27 00:45:36 提现零钱结果：{"success":true,"code":0,"errMsg":"success","data":{"status":"50053","message":"无效的openId，当前pin尚未绑定微信"}}
Apr 27 00:45:36 提现失败：无效的openId，当前pin尚未绑定微信
Apr 27 00:45:36 去提现0.30微信现金
Apr 27 00:45:36 提现零钱结果：{"success":true,"code":0,"errMsg":"success","data":{"status":"50053","message":"无效的openId，当前pin尚未绑定微信"}}
Apr 27 00:45:36 提现失败：无效的openId，当前pin尚未绑定微信
Apr 27 00:45:36 
Apr 27 00:45:36 ==============📣系统通知📣==============
Apr 27 00:45:36 京东极速版红包
Apr 27 00:45:36 京东账号118337656372_p
Apr 27 00:45:36 获得0.3微信活动老-京东老
Apr 27 00:45:36 提现0.30微信现金，提现失败：无效的openId，当前pin尚未绑定微信提现0.31微信现金，提现失败：无效的openId，当前pin尚未绑定微信提现0.30微信现金，提现失败：无效的openId，当前pin尚未绑定微信提现0.31微信现金，提现失败：无效的openId，当前pin尚未绑定微信提现0.30微信现金，提现失败：无效的openId，当前pin尚未绑定微信提现0.31微信现金，提现失败：无效的openId，当前pin尚未绑定微信提现0.30微信现金，提现失败：无效的openId，当前pin尚未绑定微信
Apr 27 00:45:36 
Apr 27 00:45:36 如提示活动火爆,可再执行一次尝试
Apr 27 00:45:36 
Apr 27 00:45:36 
Apr 27 00:45:36 ******开始【京东账号2】jd_MCazEJrLyuXn*********
Apr 27 00:45:36 
Apr 27 00:45:36 获得极速版红包
Apr 27 00:45:37 获得极速版红包
Apr 27 00:45:42 undefined
Apr 27 00:45:43 
Apr 27 00:45:43 ==============📣系统通知📣==============
Apr 27 00:45:43 京东极速版红包
Apr 27 00:45:43 京东账号2jd_MCazEJrLyuXn
Apr 27 00:45:43 获得极速版红包
Apr 27 00:45:43 获得极速版红包
Apr 27 00:45:43 
Apr 27 00:45:43 
Apr 27 00:45:43 如提示活动火爆,可再执行一次尝试
Apr 27 00:45:43 
Apr 27 00:45:43 
Apr 27 00:45:43 ******开始【京东账号3】鬼神之吕奉先*********
Apr 27 00:45:43 
Apr 27 00:45:43 获得优惠券
Apr 27 00:45:49 undefined
Apr 27 00:45:50 活动太火爆了，请稍后重试
Apr 27 00:45:50 去提现0.30微信现金
Apr 27 00:45:54 提现零钱结果：{"success":true,"code":0,"errMsg":"success","data":{"status":"50053","message":"无效的openId，当前pin尚未绑定微信"}}
Apr 27 00:45:54 提现失败：无效的openId，当前pin尚未绑定微信
Apr 27 00:45:54 去提现0.31微信现金
Apr 27 00:45:54 提现零钱结果：{"success":true,"code":0,"errMsg":"success","data":{"status":"50053","message":"无效的openId，当前pin尚未绑定微信"}}
Apr 27 00:45:54 提现失败：无效的openId，当前pin尚未绑定微信
Apr 27 00:45:54 
Apr 27 00:45:54 ==============📣系统通知📣==============
Apr 27 00:45:54 京东极速版红包
Apr 27 00:45:54 京东账号3鬼神之吕奉先
Apr 27 00:45:54 提现0.30微信现金，提现失败：无效的openId，当前pin尚未绑定微信提现0.31微信现金，提现失败：无效的openId，当前pin尚未绑定微信
Apr 27 00:45:54 
Apr 27 00:45:54 如提示活动火爆,可再执行一次尝试
Apr 27 00:45:54 
Apr 27 00:45:54 
Apr 27 00:45:54 ******开始【京东账号4】jd_6ba76f15069fd*********
Apr 27 00:45:54 
Apr 27 00:45:54 获得优惠券
Apr 27 00:45:54 获得优惠券
Apr 27 00:45:55 获得极速版红包
Apr 27 00:45:57 去提现0.31微信现金
Apr 27 00:45:57 提现零钱结果：{"success":true,"code":0,"errMsg":"success","data":{"status":"50053","message":"无效的openId，当前pin尚未绑定微信"}}
Apr 27 00:45:57 提现失败：无效的openId，当前pin尚未绑定微信
Apr 27 00:45:57 去提现0.30微信现金
Apr 27 00:45:57 提现零钱结果：{"success":true,"code":0,"errMsg":"success","data":{"status":"50053","message":"无效的openId，当前pin尚未绑定微信"}}
Apr 27 00:45:57 提现失败：无效的openId，当前pin尚未绑定微信
Apr 27 00:45:57 去提现0.30微信现金
Apr 27 00:45:59 提现零钱结果：{"success":true,"code":0,"errMsg":"success","data":{"status":"50053","message":"无效的openId，当前pin尚未绑定微信"}}
Apr 27 00:45:59 提现失败：无效的openId，当前pin尚未绑定微信
Apr 27 00:45:59 
Apr 27 00:45:59 ==============📣系统通知📣==============
Apr 27 00:45:59 京东极速版红包
Apr 27 00:45:59 京东账号4jd_6ba76f15069fd
Apr 27 00:45:59 获得极速版红包
Apr 27 00:45:59 提现0.31微信现金，提现失败：无效的openId，当前pin尚未绑定微信提现0.30微信现金，提现失败：无效的openId，当前pin尚未绑定微信提现0.30微信现金，提现失败：无效的openId，当前pin尚未绑定微信
Apr 27 00:45:59 
Apr 27 00:45:59 如提示活动火爆,可再执行一次尝试
Apr 27 00:45:59 
Apr 27 00:45:59 
Apr 27 00:45:59 ******开始【京东账号5】jd_46928899fcc30*********
Apr 27 00:45:59 
Apr 27 00:45:59 获得极速版红包
Apr 27 00:46:03 获得优惠券
Apr 27 00:46:03 获得优惠券
Apr 27 00:46:04 去提现0.30微信现金
Apr 27 00:46:04 提现零钱结果：{"success":true,"code":0,"errMsg":"success","data":{"status":"50053","message":"无效的openId，当前pin尚未绑定微信"}}
Apr 27 00:46:04 提现失败：无效的openId，当前pin尚未绑定微信
Apr 27 00:46:04 去提现0.31微信现金
Apr 27 00:46:04 提现零钱结果：{"success":true,"code":0,"errMsg":"success","data":{"status":"50053","message":"无效的openId，当前pin尚未绑定微信"}}
Apr 27 00:46:04 提现失败：无效的openId，当前pin尚未绑定微信
Apr 27 00:46:04 去提现0.30微信现金
Apr 27 00:46:04 提现零钱结果：{"success":true,"code":0,"errMsg":"success","data":{"status":"50053","message":"无效的openId，当前pin尚未绑定微信"}}
Apr 27 00:46:04 提现失败：无效的openId，当前pin尚未绑定微信
Apr 27 00:46:04 
Apr 27 00:46:04 ==============📣系统通知📣==============
Apr 27 00:46:04 京东极速版红包
Apr 27 00:46:04 京东账号5jd_46928899fcc30
Apr 27 00:46:04 获得极速版红包
Apr 27 00:46:04 提现0.30微信现金，提现失败：无效的openId，当前pin尚未绑定微信提现0.31微信现金，提现失败：无效的openId，当前pin尚未绑定微信提现0.30微信现金，提现失败：无效的openId，当前pin尚未绑定微信
Apr 27 00:46:04 
Apr 27 00:46:04 如提示活动火爆,可再执行一次尝试
Apr 27 00:46:04 
Apr 27 00:46:05 
Apr 27 00:46:05 ******开始【京东账号6】jd_EirxWEerdtmu*********
Apr 27 00:46:05 
Apr 27 00:46:11 undefined
Apr 27 00:46:11 活动太火爆了，请稍后重试
Apr 27 00:46:12 活动太火爆了，请稍后重试
Apr 27 00:46:12 去提现0.30微信现金
Apr 27 00:46:12 提现零钱结果：{"success":true,"code":0,"errMsg":"success","data":{"status":"50053","message":"无效的openId，当前pin尚未绑定微信"}}
Apr 27 00:46:12 提现失败：无效的openId，当前pin尚未绑定微信
Apr 27 00:46:12 去提现0.30微信现金
Apr 27 00:46:13 提现零钱结果：{"success":true,"code":0,"errMsg":"success","data":{"status":"50053","message":"无效的openId，当前pin尚未绑定微信"}}
Apr 27 00:46:13 提现失败：无效的openId，当前pin尚未绑定微信
Apr 27 00:46:13 去提现0.30微信现金
Apr 27 00:46:13 提现零钱结果：{"success":true,"code":0,"errMsg":"success","data":{"status":"50053","message":"无效的openId，当前pin尚未绑定微信"}}
Apr 27 00:46:13 提现失败：无效的openId，当前pin尚未绑定微信
Apr 27 00:46:13 去提现0.30微信现金
Apr 27 00:46:14 提现零钱结果：{"success":true,"code":0,"errMsg":"success","data":{"status":"50053","message":"无效的openId，当前pin尚未绑定微信"}}
Apr 27 00:46:14 提现失败：无效的openId，当前pin尚未绑定微信
Apr 27 00:46:14 
Apr 27 00:46:14 ==============📣系统通知📣==============
Apr 27 00:46:14 京东极速版红包
Apr 27 00:46:14 京东账号6jd_EirxWEerdtmu
Apr 27 00:46:14 提现0.30微信现金，提现失败：无效的openId，当前pin尚未绑定微信提现0.30微信现金，提现失败：无效的openId，当前pin尚未绑定微信提现0.30微信现金，提现失败：无效的openId，当前pin尚未绑定微信提现0.30微信现金，提现失败：无效的openId，当前pin尚未绑定微信
Apr 27 00:46:14 
Apr 27 00:46:14 🔔京东极速版红包, 结束! 🕛 45.791 秒
Apr 27 00:46:14 
