Apr 25 06:46:29 
Apr 25 06:46:29 🔔东东小窝, 开始!
Apr 25 06:46:29 
Apr 25 06:46:29 ====================共6个京东账号Cookie=========
Apr 25 06:46:29 
Apr 25 06:46:29 ==================脚本执行- 北京时间(UTC+8)：4/25/2021, 6:46:29 AM=====================
Apr 25 06:46:29 
Apr 25 06:46:29 
Apr 25 06:46:29 *******开始【京东账号1】18337656372_p********
Apr 25 06:46:29 
Apr 25 06:46:48 
Apr 25 06:46:48 您的东东小窝shareCode(每天都是变化的):【1386089269436432385】
Apr 25 06:46:48 
Apr 25 06:47:18  任务名称   完成进度 
Apr 25 06:47:18 邀请任务      0/4
Apr 25 06:47:18 每日打卡      0/1
Apr 25 06:47:18 限时连连看      0/2
Apr 25 06:47:18 关注店铺      8/8
Apr 25 06:47:18 浏览店铺      0/12
Apr 25 06:47:18 关注频道      1/3
Apr 25 06:47:18 浏览频道      0/3
Apr 25 06:47:18 加购商品      0/12
Apr 25 06:47:18 浏览商品      0/5
Apr 25 06:47:18 浏览会场      0/5
Apr 25 06:47:18 createAssistUserID:1318106976846299138
Apr 25 06:47:18 
Apr 25 06:47:18 
Apr 25 06:47:18 助力您的好友:0人
Apr 25 06:47:21 关注店铺已完成[8/8]
Apr 25 06:47:22 浏览店铺 {"head":{"code":200,"msg":"浏览成功"}}
Apr 25 06:47:26 浏览店铺 {"head":{"code":200,"msg":"浏览成功"}}
Apr 25 06:47:29 浏览店铺 {"head":{"code":200,"msg":"浏览成功"}}
Apr 25 06:47:30 浏览店铺 {"head":{"code":200,"msg":"浏览成功"}}
Apr 25 06:47:30 浏览店铺 {"head":{"code":200,"msg":"浏览成功"}}
Apr 25 06:47:32 浏览店铺 {"head":{"code":200,"msg":"浏览成功"}}
Apr 25 06:47:32 浏览店铺 {"head":{"code":200,"msg":"浏览成功"}}
Apr 25 06:47:37 浏览店铺 {"head":{"code":200,"msg":"浏览成功"}}
Apr 25 06:47:38 浏览店铺 {"head":{"code":200,"msg":"浏览成功"}}
Apr 25 06:47:39 浏览店铺 {"head":{"code":200,"msg":"浏览成功"}}
Apr 25 06:47:39 浏览店铺 {"head":{"code":200,"msg":"浏览成功"}}
Apr 25 06:47:41 浏览店铺 {"head":{"code":200,"msg":"浏览成功"}}
Apr 25 06:47:50 浏览频道 {"head":{"code":200,"msg":"浏览频道成功"}}
Apr 25 06:47:57 浏览频道 {"head":{"code":200,"msg":"浏览频道成功"}}
Apr 25 06:48:00 浏览频道 {"head":{"code":200,"msg":"浏览频道成功"}}
Apr 25 06:48:00 浏览商品 {"head":{"code":200,"msg":"浏览商品成功"}}
Apr 25 06:48:02 浏览商品 {"head":{"code":200,"msg":"浏览商品成功"}}
Apr 25 06:48:02 浏览商品 {"head":{"code":200,"msg":"浏览商品成功"}}
Apr 25 06:48:03 浏览商品 {"head":{"code":200,"msg":"浏览商品成功"}}
Apr 25 06:48:04 浏览商品 {"head":{"code":200,"msg":"浏览商品成功"}}
Apr 25 06:48:06 浏览会场 {"head":{"code":200,"msg":"浏览成功"}}
Apr 25 06:48:07 浏览会场 {"head":{"code":200,"msg":"浏览成功"}}
Apr 25 06:48:08 浏览会场 {"head":{"code":200,"msg":"浏览成功"}}
Apr 25 06:48:12 浏览会场 {"head":{"code":200,"msg":"浏览成功"}}
Apr 25 06:48:13 浏览会场 {"head":{"code":200,"msg":"浏览成功"}}
Apr 25 06:48:14 
Apr 25 06:48:14 兑换5京豆失败:当前wo币61966不够兑换所需的128888WO币
Apr 25 06:48:14 
Apr 25 06:48:14 ==============📣系统通知📣==============
Apr 25 06:48:14 东东小窝
Apr 25 06:48:14 【京东账号1】18337656372_p
Apr 25 06:48:14 【免费抽奖】未中奖
Apr 25 06:48:14 【小窝名】超人不会飞
Apr 25 06:48:14 【当前WO币】61966
Apr 25 06:48:14 【装饰领京豆】兑换5京豆失败,原因:WO币不够
Apr 25 06:48:14 
Apr 25 06:48:14 
Apr 25 06:48:14 *******开始【京东账号2】jd_MCazEJrLyuXn********
Apr 25 06:48:14 
Apr 25 06:48:19 京东账号2jd_MCazEJrLyuXn未开启此活动
Apr 25 06:48:19 
Apr 25 06:48:19 
Apr 25 06:48:19 *******开始【京东账号3】鬼神之吕奉先********
Apr 25 06:48:19 
Apr 25 06:48:23 
Apr 25 06:48:23 您的东东小窝shareCode(每天都是变化的):【1386089664595566594】
Apr 25 06:48:23 
Apr 25 06:48:28  任务名称   完成进度 
Apr 25 06:48:28 邀请任务      0/4
Apr 25 06:48:28 每日打卡      0/1
Apr 25 06:48:28 限时连连看      0/2
Apr 25 06:48:28 关注店铺      8/8
Apr 25 06:48:28 浏览店铺      0/12
Apr 25 06:48:28 关注频道      1/3
Apr 25 06:48:28 浏览频道      0/3
Apr 25 06:48:28 加购商品      0/12
Apr 25 06:48:28 浏览商品      0/5
Apr 25 06:48:28 浏览会场      0/5
Apr 25 06:48:28 createAssistUserID:1318106976846299138
Apr 25 06:48:28 
Apr 25 06:48:28 
Apr 25 06:48:28 助力您的好友:0人
Apr 25 06:48:29 关注店铺已完成[8/8]
Apr 25 06:48:30 浏览店铺 {"head":{"code":200,"msg":"浏览成功"}}
Apr 25 06:48:32 浏览店铺 {"head":{"code":200,"msg":"浏览成功"}}
Apr 25 06:48:33 浏览店铺 {"head":{"code":200,"msg":"浏览成功"}}
Apr 25 06:48:34 浏览店铺 {"head":{"code":200,"msg":"浏览成功"}}
Apr 25 06:48:35 浏览店铺 {"head":{"code":200,"msg":"浏览成功"}}
Apr 25 06:48:36 浏览店铺 {"head":{"code":200,"msg":"浏览成功"}}
Apr 25 06:48:36 浏览店铺 {"head":{"code":200,"msg":"浏览成功"}}
Apr 25 06:48:45 浏览店铺 {"head":{"code":200,"msg":"浏览成功"}}
Apr 25 06:48:47 浏览店铺 {"head":{"code":200,"msg":"浏览成功"}}
Apr 25 06:48:48 浏览店铺 {"head":{"code":200,"msg":"浏览成功"}}
Apr 25 06:48:49 浏览店铺 {"head":{"code":200,"msg":"浏览成功"}}
Apr 25 06:48:49 浏览店铺 {"head":{"code":200,"msg":"浏览成功"}}
Apr 25 06:48:54 浏览频道 {"head":{"code":200,"msg":"浏览频道成功"}}
Apr 25 06:48:55 浏览频道 {"head":{"code":200,"msg":"浏览频道成功"}}
Apr 25 06:48:59 浏览频道 {"head":{"code":200,"msg":"浏览频道成功"}}
Apr 25 06:49:16 浏览商品 {"head":{"code":200,"msg":"浏览商品成功"}}
Apr 25 06:49:19 浏览商品 {"head":{"code":200,"msg":"浏览商品成功"}}
Apr 25 06:49:20 浏览商品 {"head":{"code":200,"msg":"浏览商品成功"}}
Apr 25 06:49:21 浏览商品 {"head":{"code":200,"msg":"浏览商品成功"}}
Apr 25 06:49:26 浏览商品 {"head":{"code":200,"msg":"浏览商品成功"}}
Apr 25 06:49:27 浏览会场 {"head":{"code":200,"msg":"浏览成功"}}
Apr 25 06:49:30 浏览会场 {"head":{"code":200,"msg":"浏览成功"}}
Apr 25 06:49:31 浏览会场 {"head":{"code":200,"msg":"浏览成功"}}
Apr 25 06:49:32 浏览会场 {"head":{"code":200,"msg":"浏览成功"}}
Apr 25 06:49:32 浏览会场 {"head":{"code":200,"msg":"浏览成功"}}
Apr 25 06:49:35 
Apr 25 06:49:35 兑换5京豆失败:当前wo币16654不够兑换所需的128888WO币
Apr 25 06:49:35 
Apr 25 06:49:35 ==============📣系统通知📣==============
Apr 25 06:49:35 东东小窝
Apr 25 06:49:35 【京东账号3】鬼神之吕奉先
Apr 25 06:49:35 【免费抽奖】未中奖
Apr 25 06:49:35 【小窝名】小老鼠的小窝
Apr 25 06:49:35 【当前WO币】16654
Apr 25 06:49:35 【装饰领京豆】兑换5京豆失败,原因:WO币不够
Apr 25 06:49:35 
Apr 25 06:49:35 
Apr 25 06:49:35 *******开始【京东账号4】jd_6ba76f15069fd********
Apr 25 06:49:35 
Apr 25 23:46:53 
Apr 25 23:46:53 🔔东东小窝, 开始!
Apr 25 23:46:53 
Apr 25 23:46:53 ====================共6个京东账号Cookie=========
Apr 25 23:46:53 
Apr 25 23:46:53 ==================脚本执行- 北京时间(UTC+8)：4/25/2021, 11:46:53 PM=====================
Apr 25 23:46:53 
Apr 25 23:46:54 
Apr 25 23:46:54 *******开始【京东账号1】18337656372_p********
Apr 25 23:46:54 
Apr 26 06:46:34 
Apr 26 06:46:34 🔔东东小窝, 开始!
Apr 26 06:46:34 
Apr 26 06:46:34 ====================共6个京东账号Cookie=========
Apr 26 06:46:34 
Apr 26 06:46:34 ==================脚本执行- 北京时间(UTC+8)：4/26/2021, 6:46:34 AM=====================
Apr 26 06:46:34 
Apr 26 06:46:34 
Apr 26 06:46:34 *******开始【京东账号1】18337656372_p********
Apr 26 06:46:34 
Apr 26 23:46:34 
Apr 26 23:46:34 🔔东东小窝, 开始!
Apr 26 23:46:34 
Apr 26 23:46:34 ====================共6个京东账号Cookie=========
Apr 26 23:46:34 
Apr 26 23:46:34 ==================脚本执行- 北京时间(UTC+8)：4/26/2021, 11:46:34 PM=====================
Apr 26 23:46:34 
Apr 26 23:46:35 
Apr 26 23:46:35 *******开始【京东账号1】18337656372_p********
Apr 26 23:46:35 
Apr 27 06:46:06 
Apr 27 06:46:06 🔔东东小窝, 开始!
Apr 27 06:46:06 
Apr 27 06:46:06 ====================共6个京东账号Cookie=========
Apr 27 06:46:06 
Apr 27 06:46:06 ==================脚本执行- 北京时间(UTC+8)：4/27/2021, 6:46:06 AM=====================
Apr 27 06:46:06 
Apr 27 06:46:07 
Apr 27 06:46:07 *******开始【京东账号1】18337656372_p********
Apr 27 06:46:07 
Apr 27 06:47:45 "Client network socket disconnected before secure TLS connection was established"
Apr 27 06:47:45 东东小窝 API请求失败，请检查网路重试
Apr 27 06:47:45 
Apr 27 06:47:45 *******开始【京东账号2】jd_MCazEJrLyuXn********
Apr 27 06:47:45 
Apr 27 06:48:58 京东账号2jd_MCazEJrLyuXn未开启此活动
Apr 27 06:48:58 
Apr 27 06:48:59 
Apr 27 06:48:59 *******开始【京东账号3】鬼神之吕奉先********
Apr 27 06:48:59 
Apr 27 06:49:04 
Apr 27 06:49:04 您的东东小窝shareCode(每天都是变化的):【1386814611193151490】
Apr 27 06:49:04 
Apr 27 06:49:23  任务名称   完成进度 
Apr 27 06:49:23 邀请任务      0/4
Apr 27 06:49:23 每日打卡      0/1
Apr 27 06:49:23 限时连连看      0/2
Apr 27 06:49:23 关注店铺      8/8
Apr 27 06:49:23 浏览店铺      0/12
Apr 27 06:49:23 关注频道      1/3
Apr 27 06:49:23 浏览频道      0/3
Apr 27 06:49:23 加购商品      0/12
Apr 27 06:49:23 浏览商品      0/5
Apr 27 06:49:23 浏览会场      0/6
Apr 27 06:49:23 createAssistUserID:1318106976846299138
Apr 27 06:49:23 
Apr 27 06:49:23 
Apr 27 06:49:23 助力您的好友:0人
Apr 27 06:49:29 关注店铺已完成[8/8]
Apr 27 06:49:29 浏览店铺 {"head":{"code":200,"msg":"浏览成功"}}
Apr 27 06:49:30 浏览店铺 {"head":{"code":200,"msg":"浏览成功"}}
Apr 27 06:49:33 浏览店铺 {"head":{"code":200,"msg":"浏览成功"}}
Apr 27 06:49:33 浏览店铺 {"head":{"code":200,"msg":"浏览成功"}}
Apr 27 06:49:34 浏览店铺 {"head":{"code":200,"msg":"浏览成功"}}
Apr 27 06:49:35 浏览店铺 {"head":{"code":200,"msg":"浏览成功"}}
Apr 27 06:49:35 浏览店铺 {"head":{"code":200,"msg":"浏览成功"}}
Apr 27 06:49:36 浏览店铺 {"head":{"code":200,"msg":"浏览成功"}}
Apr 27 06:49:37 浏览店铺 {"head":{"code":200,"msg":"浏览成功"}}
Apr 27 06:49:39 浏览店铺 {"head":{"code":200,"msg":"浏览成功"}}
Apr 27 06:49:41 浏览店铺 {"head":{"code":200,"msg":"浏览成功"}}
Apr 27 06:50:04 浏览店铺 {"head":{"code":200,"msg":"浏览成功"}}
Apr 27 06:50:30 浏览频道 {"head":{"code":200,"msg":"浏览频道成功"}}
Apr 27 06:50:30 浏览频道 {"head":{"code":200,"msg":"浏览频道成功"}}
Apr 27 06:50:39 浏览频道 {"head":{"code":200,"msg":"浏览频道成功"}}
Apr 27 06:50:39 浏览商品 {"head":{"code":200,"msg":"浏览商品成功"}}
Apr 27 06:50:41 浏览商品 {"head":{"code":200,"msg":"浏览商品成功"}}
Apr 27 06:50:42 浏览商品 {"head":{"code":200,"msg":"浏览商品成功"}}
Apr 27 06:50:43 浏览商品 {"head":{"code":200,"msg":"浏览商品成功"}}
Apr 27 06:50:45 浏览商品 {"head":{"code":200,"msg":"浏览商品成功"}}
Apr 27 06:50:45 浏览会场 {"head":{"code":200,"msg":"浏览成功"}}
Apr 27 06:50:47 浏览会场 {"head":{"code":200,"msg":"浏览成功"}}
Apr 27 06:50:50 浏览会场 {"head":{"code":200,"msg":"浏览成功"}}
Apr 27 06:51:36 浏览会场 {"head":{"code":200,"msg":"浏览成功"}}
Apr 27 06:51:37 浏览会场 {"head":{"code":200,"msg":"浏览成功"}}
Apr 27 06:51:37 浏览会场 {"head":{"code":200,"msg":"浏览成功"}}
Apr 27 06:51:39 
Apr 27 06:51:39 兑换5京豆失败:当前wo币17814不够兑换所需的128888WO币
Apr 27 06:51:39 
Apr 27 06:51:39 ==============📣系统通知📣==============
Apr 27 06:51:39 东东小窝
Apr 27 06:51:39 【京东账号3】鬼神之吕奉先
Apr 27 06:51:39 【免费抽奖】未中奖
Apr 27 06:51:39 【小窝名】小老鼠的小窝
Apr 27 06:51:39 【当前WO币】17814
Apr 27 06:51:39 【装饰领京豆】兑换5京豆失败,原因:WO币不够
Apr 27 06:51:39 
Apr 27 06:51:39 
Apr 27 06:51:39 *******开始【京东账号4】jd_6ba76f15069fd********
Apr 27 06:51:39 
Apr 27 06:52:06 京东账号4jd_6ba76f15069fd未开启此活动
Apr 27 06:52:06 
Apr 27 06:52:06 
Apr 27 06:52:06 *******开始【京东账号5】jd_46928899fcc30********
Apr 27 06:52:06 
Apr 27 06:52:22 京东账号5jd_46928899fcc30未开启此活动
Apr 27 06:52:22 
Apr 27 06:52:22 
Apr 27 06:52:22 *******开始【京东账号6】jd_EirxWEerdtmu********
Apr 27 06:52:22 
Apr 27 06:52:28 京东账号6jd_EirxWEerdtmu未开启此活动
Apr 27 06:52:28 
Apr 27 06:52:28 
Apr 27 06:52:28 去帮助作者:LXK9301
Apr 27 06:52:28 
Apr 27 06:52:28 1386714513129947137, 1318106976846299138 pt_key=AAJgawWUADCdP1OrEWw--1z7hvhGLoisqIdIQnuVvCBTV4cvi9B6c50sotxLl7Faw53N60Vtwaw;pt_pin=18337656372_p;
Apr 27 06:52:31 助力失败{"head":{"code":400,"msg":"来晚啦~我已完成全部邀请~"}}}
Apr 27 06:52:31 1386714731940278273, 1318106976846299138 pt_key=AAJgawWUADCdP1OrEWw--1z7hvhGLoisqIdIQnuVvCBTV4cvi9B6c50sotxLl7Faw53N60Vtwaw;pt_pin=18337656372_p;
Apr 27 06:52:33 助力失败{"head":{"code":400,"msg":"来晚啦~我已完成全部邀请~"}}}
Apr 27 06:52:33 1386714752362881025, 1318106976846299138 pt_key=AAJgawWUADCdP1OrEWw--1z7hvhGLoisqIdIQnuVvCBTV4cvi9B6c50sotxLl7Faw53N60Vtwaw;pt_pin=18337656372_p;
Apr 27 06:52:35 助力失败{"head":{"code":400,"msg":"来晚啦~我已完成全部邀请~"}}}
Apr 27 06:52:35 1386714777670774786, 1318106976846299138 pt_key=AAJgawWUADCdP1OrEWw--1z7hvhGLoisqIdIQnuVvCBTV4cvi9B6c50sotxLl7Faw53N60Vtwaw;pt_pin=18337656372_p;
Apr 27 06:52:36 助力失败{"head":{"code":400,"msg":"来晚啦~我已完成全部邀请~"}}}
Apr 27 06:52:36 1386714791616831490, 1318106976846299138 pt_key=AAJgawWUADCdP1OrEWw--1z7hvhGLoisqIdIQnuVvCBTV4cvi9B6c50sotxLl7Faw53N60Vtwaw;pt_pin=18337656372_p;
Apr 27 06:52:36 助力失败{"head":{"code":400,"msg":"来晚啦~我已完成全部邀请~"}}}
Apr 27 06:52:36 1386714826354593793, 1318106976846299138 pt_key=AAJgawWUADCdP1OrEWw--1z7hvhGLoisqIdIQnuVvCBTV4cvi9B6c50sotxLl7Faw53N60Vtwaw;pt_pin=18337656372_p;
Apr 27 06:52:36 助力失败{"head":{"code":400,"msg":"来晚啦~我已完成全部邀请~"}}}
Apr 27 06:52:36 1386714897803321345, 1318106976846299138 pt_key=AAJgawWUADCdP1OrEWw--1z7hvhGLoisqIdIQnuVvCBTV4cvi9B6c50sotxLl7Faw53N60Vtwaw;pt_pin=18337656372_p;
Apr 27 06:52:38 助力失败{"head":{"code":400,"msg":"来晚啦~我已完成全部邀请~"}}}
Apr 27 06:52:38 1386714918750380033, 1318106976846299138 pt_key=AAJgawWUADCdP1OrEWw--1z7hvhGLoisqIdIQnuVvCBTV4cvi9B6c50sotxLl7Faw53N60Vtwaw;pt_pin=18337656372_p;
Apr 27 06:52:39 助力失败{"head":{"code":400,"msg":"来晚啦~我已完成全部邀请~"}}}
Apr 27 06:52:39 1386714955430105090, 1318106976846299138 pt_key=AAJgawWUADCdP1OrEWw--1z7hvhGLoisqIdIQnuVvCBTV4cvi9B6c50sotxLl7Faw53N60Vtwaw;pt_pin=18337656372_p;
Apr 27 06:52:41 助力失败{"head":{"code":400,"msg":"来晚啦~我已完成全部邀请~"}}}
Apr 27 06:52:41 1386714988948529154, 1318106976846299138 pt_key=AAJgawWUADCdP1OrEWw--1z7hvhGLoisqIdIQnuVvCBTV4cvi9B6c50sotxLl7Faw53N60Vtwaw;pt_pin=18337656372_p;
Apr 27 06:52:42 助力失败{"head":{"code":400,"msg":"来晚啦~我已完成全部邀请~"}}}
Apr 27 06:52:42 1386715010814648322, 1318106976846299138 pt_key=AAJgawWUADCdP1OrEWw--1z7hvhGLoisqIdIQnuVvCBTV4cvi9B6c50sotxLl7Faw53N60Vtwaw;pt_pin=18337656372_p;
Apr 27 06:52:43 助力失败{"head":{"code":400,"msg":"来晚啦~我已完成全部邀请~"}}}
Apr 27 06:52:43 1386715027538579457, 1318106976846299138 pt_key=AAJgawWUADCdP1OrEWw--1z7hvhGLoisqIdIQnuVvCBTV4cvi9B6c50sotxLl7Faw53N60Vtwaw;pt_pin=18337656372_p;
Apr 27 06:52:46 助力失败{"head":{"code":400,"msg":"来晚啦~我已完成全部邀请~"}}}
Apr 27 06:52:46 1386715046085791745, 1318106976846299138 pt_key=AAJgawWUADCdP1OrEWw--1z7hvhGLoisqIdIQnuVvCBTV4cvi9B6c50sotxLl7Faw53N60Vtwaw;pt_pin=18337656372_p;
Apr 27 06:52:46 助力失败{"head":{"code":400,"msg":"来晚啦~我已完成全部邀请~"}}}
Apr 27 06:52:46 1386715061406343170, 1318106976846299138 pt_key=AAJgawWUADCdP1OrEWw--1z7hvhGLoisqIdIQnuVvCBTV4cvi9B6c50sotxLl7Faw53N60Vtwaw;pt_pin=18337656372_p;
Apr 27 06:52:47 助力失败{"head":{"code":400,"msg":"来晚啦~我已完成全部邀请~"}}}
Apr 27 06:52:47 1386715075801899010, 1318106976846299138 pt_key=AAJgawWUADCdP1OrEWw--1z7hvhGLoisqIdIQnuVvCBTV4cvi9B6c50sotxLl7Faw53N60Vtwaw;pt_pin=18337656372_p;
Apr 27 06:52:48 助力失败{"head":{"code":400,"msg":"来晚啦~我已完成全部邀请~"}}}
Apr 27 06:52:48 1386715092992434177, 1318106976846299138 pt_key=AAJgawWUADCdP1OrEWw--1z7hvhGLoisqIdIQnuVvCBTV4cvi9B6c50sotxLl7Faw53N60Vtwaw;pt_pin=18337656372_p;
Apr 27 06:52:48 助力失败{"head":{"code":400,"msg":"来晚啦~我已完成全部邀请~"}}}
Apr 27 06:52:48 1386715108344799234, 1318106976846299138 pt_key=AAJgawWUADCdP1OrEWw--1z7hvhGLoisqIdIQnuVvCBTV4cvi9B6c50sotxLl7Faw53N60Vtwaw;pt_pin=18337656372_p;
Apr 27 06:52:48 助力失败{"head":{"code":400,"msg":"来晚啦~我已完成全部邀请~"}}}
Apr 27 06:52:48 1386715125693681666, 1318106976846299138 pt_key=AAJgawWUADCdP1OrEWw--1z7hvhGLoisqIdIQnuVvCBTV4cvi9B6c50sotxLl7Faw53N60Vtwaw;pt_pin=18337656372_p;
Apr 27 06:52:50 助力失败{"head":{"code":400,"msg":"来晚啦~我已完成全部邀请~"}}}
Apr 27 06:52:50 1386715169331224577, 1318106976846299138 pt_key=AAJgawWUADCdP1OrEWw--1z7hvhGLoisqIdIQnuVvCBTV4cvi9B6c50sotxLl7Faw53N60Vtwaw;pt_pin=18337656372_p;
Apr 27 06:52:51 助力失败{"head":{"code":400,"msg":"来晚啦~我已完成全部邀请~"}}}
Apr 27 06:52:51 1386715184321130498, 1318106976846299138 pt_key=AAJgawWUADCdP1OrEWw--1z7hvhGLoisqIdIQnuVvCBTV4cvi9B6c50sotxLl7Faw53N60Vtwaw;pt_pin=18337656372_p;
Apr 27 06:52:52 助力失败{"head":{"code":400,"msg":"来晚啦~我已完成全部邀请~"}}}
Apr 27 06:52:52 1386715205204570114, 1318106976846299138 pt_key=AAJgawWUADCdP1OrEWw--1z7hvhGLoisqIdIQnuVvCBTV4cvi9B6c50sotxLl7Faw53N60Vtwaw;pt_pin=18337656372_p;
Apr 27 06:52:53 助力失败{"head":{"code":400,"msg":"来晚啦~我已完成全部邀请~"}}}
Apr 27 06:52:53 
Apr 27 06:52:53 去帮助作者:LXK9301
Apr 27 06:52:53 
Apr 27 06:52:53 1386714513129947137, 1318106976846299138 pt_key=AAJgfSMTADCseX6IblEx7svOcTeu0ycyRY8cdxyIXNyyyvNUJKcM5wYI_Bnk2cs8xq3sDq-EAas;pt_pin=jd_MCazEJrLyuXn;
Apr 27 06:52:53 助力失败{"head":{"code":400,"msg":"来晚啦~我已完成全部邀请~"}}}
Apr 27 06:52:53 1386714731940278273, 1318106976846299138 pt_key=AAJgfSMTADCseX6IblEx7svOcTeu0ycyRY8cdxyIXNyyyvNUJKcM5wYI_Bnk2cs8xq3sDq-EAas;pt_pin=jd_MCazEJrLyuXn;
Apr 27 06:52:53 助力失败{"head":{"code":400,"msg":"来晚啦~我已完成全部邀请~"}}}
Apr 27 06:52:53 1386714752362881025, 1318106976846299138 pt_key=AAJgfSMTADCseX6IblEx7svOcTeu0ycyRY8cdxyIXNyyyvNUJKcM5wYI_Bnk2cs8xq3sDq-EAas;pt_pin=jd_MCazEJrLyuXn;
Apr 27 06:52:56 助力失败{"head":{"code":400,"msg":"来晚啦~我已完成全部邀请~"}}}
Apr 27 06:52:56 1386714777670774786, 1318106976846299138 pt_key=AAJgfSMTADCseX6IblEx7svOcTeu0ycyRY8cdxyIXNyyyvNUJKcM5wYI_Bnk2cs8xq3sDq-EAas;pt_pin=jd_MCazEJrLyuXn;
Apr 27 06:52:57 助力失败{"head":{"code":400,"msg":"来晚啦~我已完成全部邀请~"}}}
Apr 27 06:52:57 1386714791616831490, 1318106976846299138 pt_key=AAJgfSMTADCseX6IblEx7svOcTeu0ycyRY8cdxyIXNyyyvNUJKcM5wYI_Bnk2cs8xq3sDq-EAas;pt_pin=jd_MCazEJrLyuXn;
Apr 27 06:53:02 助力失败{"head":{"code":400,"msg":"来晚啦~我已完成全部邀请~"}}}
Apr 27 06:53:02 1386714826354593793, 1318106976846299138 pt_key=AAJgfSMTADCseX6IblEx7svOcTeu0ycyRY8cdxyIXNyyyvNUJKcM5wYI_Bnk2cs8xq3sDq-EAas;pt_pin=jd_MCazEJrLyuXn;
Apr 27 06:53:03 助力失败{"head":{"code":400,"msg":"来晚啦~我已完成全部邀请~"}}}
Apr 27 06:53:03 1386714897803321345, 1318106976846299138 pt_key=AAJgfSMTADCseX6IblEx7svOcTeu0ycyRY8cdxyIXNyyyvNUJKcM5wYI_Bnk2cs8xq3sDq-EAas;pt_pin=jd_MCazEJrLyuXn;
Apr 27 06:53:04 助力失败{"head":{"code":400,"msg":"来晚啦~我已完成全部邀请~"}}}
Apr 27 06:53:04 1386714918750380033, 1318106976846299138 pt_key=AAJgfSMTADCseX6IblEx7svOcTeu0ycyRY8cdxyIXNyyyvNUJKcM5wYI_Bnk2cs8xq3sDq-EAas;pt_pin=jd_MCazEJrLyuXn;
Apr 27 06:53:06 助力失败{"head":{"code":400,"msg":"来晚啦~我已完成全部邀请~"}}}
Apr 27 06:53:06 1386714955430105090, 1318106976846299138 pt_key=AAJgfSMTADCseX6IblEx7svOcTeu0ycyRY8cdxyIXNyyyvNUJKcM5wYI_Bnk2cs8xq3sDq-EAas;pt_pin=jd_MCazEJrLyuXn;
Apr 27 06:53:15 助力失败{"head":{"code":400,"msg":"来晚啦~我已完成全部邀请~"}}}
Apr 27 06:53:15 1386714988948529154, 1318106976846299138 pt_key=AAJgfSMTADCseX6IblEx7svOcTeu0ycyRY8cdxyIXNyyyvNUJKcM5wYI_Bnk2cs8xq3sDq-EAas;pt_pin=jd_MCazEJrLyuXn;
Apr 27 06:53:19 助力失败{"head":{"code":400,"msg":"来晚啦~我已完成全部邀请~"}}}
Apr 27 06:53:19 1386715010814648322, 1318106976846299138 pt_key=AAJgfSMTADCseX6IblEx7svOcTeu0ycyRY8cdxyIXNyyyvNUJKcM5wYI_Bnk2cs8xq3sDq-EAas;pt_pin=jd_MCazEJrLyuXn;
Apr 27 06:53:20 助力失败{"head":{"code":400,"msg":"来晚啦~我已完成全部邀请~"}}}
Apr 27 06:53:20 1386715027538579457, 1318106976846299138 pt_key=AAJgfSMTADCseX6IblEx7svOcTeu0ycyRY8cdxyIXNyyyvNUJKcM5wYI_Bnk2cs8xq3sDq-EAas;pt_pin=jd_MCazEJrLyuXn;
Apr 27 06:53:20 助力失败{"head":{"code":400,"msg":"来晚啦~我已完成全部邀请~"}}}
Apr 27 06:53:20 1386715046085791745, 1318106976846299138 pt_key=AAJgfSMTADCseX6IblEx7svOcTeu0ycyRY8cdxyIXNyyyvNUJKcM5wYI_Bnk2cs8xq3sDq-EAas;pt_pin=jd_MCazEJrLyuXn;
Apr 27 06:53:21 助力失败{"head":{"code":400,"msg":"来晚啦~我已完成全部邀请~"}}}
Apr 27 06:53:21 1386715061406343170, 1318106976846299138 pt_key=AAJgfSMTADCseX6IblEx7svOcTeu0ycyRY8cdxyIXNyyyvNUJKcM5wYI_Bnk2cs8xq3sDq-EAas;pt_pin=jd_MCazEJrLyuXn;
Apr 27 06:53:21 助力失败{"head":{"code":400,"msg":"来晚啦~我已完成全部邀请~"}}}
Apr 27 06:53:21 1386715075801899010, 1318106976846299138 pt_key=AAJgfSMTADCseX6IblEx7svOcTeu0ycyRY8cdxyIXNyyyvNUJKcM5wYI_Bnk2cs8xq3sDq-EAas;pt_pin=jd_MCazEJrLyuXn;
Apr 27 06:53:22 助力失败{"head":{"code":400,"msg":"来晚啦~我已完成全部邀请~"}}}
Apr 27 06:53:22 1386715092992434177, 1318106976846299138 pt_key=AAJgfSMTADCseX6IblEx7svOcTeu0ycyRY8cdxyIXNyyyvNUJKcM5wYI_Bnk2cs8xq3sDq-EAas;pt_pin=jd_MCazEJrLyuXn;
Apr 27 06:53:22 助力失败{"head":{"code":400,"msg":"来晚啦~我已完成全部邀请~"}}}
Apr 27 06:53:22 1386715108344799234, 1318106976846299138 pt_key=AAJgfSMTADCseX6IblEx7svOcTeu0ycyRY8cdxyIXNyyyvNUJKcM5wYI_Bnk2cs8xq3sDq-EAas;pt_pin=jd_MCazEJrLyuXn;
Apr 27 06:53:23 助力失败{"head":{"code":400,"msg":"来晚啦~我已完成全部邀请~"}}}
Apr 27 06:53:23 1386715125693681666, 1318106976846299138 pt_key=AAJgfSMTADCseX6IblEx7svOcTeu0ycyRY8cdxyIXNyyyvNUJKcM5wYI_Bnk2cs8xq3sDq-EAas;pt_pin=jd_MCazEJrLyuXn;
Apr 27 06:53:23 助力失败{"head":{"code":400,"msg":"来晚啦~我已完成全部邀请~"}}}
Apr 27 06:53:23 1386715169331224577, 1318106976846299138 pt_key=AAJgfSMTADCseX6IblEx7svOcTeu0ycyRY8cdxyIXNyyyvNUJKcM5wYI_Bnk2cs8xq3sDq-EAas;pt_pin=jd_MCazEJrLyuXn;
Apr 27 06:53:23 助力失败{"head":{"code":400,"msg":"来晚啦~我已完成全部邀请~"}}}
Apr 27 06:53:23 1386715184321130498, 1318106976846299138 pt_key=AAJgfSMTADCseX6IblEx7svOcTeu0ycyRY8cdxyIXNyyyvNUJKcM5wYI_Bnk2cs8xq3sDq-EAas;pt_pin=jd_MCazEJrLyuXn;
Apr 27 06:53:24 助力失败{"head":{"code":400,"msg":"来晚啦~我已完成全部邀请~"}}}
Apr 27 06:53:24 1386715205204570114, 1318106976846299138 pt_key=AAJgfSMTADCseX6IblEx7svOcTeu0ycyRY8cdxyIXNyyyvNUJKcM5wYI_Bnk2cs8xq3sDq-EAas;pt_pin=jd_MCazEJrLyuXn;
Apr 27 06:53:24 助力失败{"head":{"code":400,"msg":"来晚啦~我已完成全部邀请~"}}}
Apr 27 06:53:24 
Apr 27 06:53:24 去帮助作者:LXK9301
Apr 27 06:53:24 
Apr 27 06:53:24 1386714513129947137, 1318106976846299138 pt_key=AAJgfSaXAECiPPJC1kL2Aps9bjAVKrgZr7wCHD7YlUrr7BaUMwaROGLEl0HoHQFARcTkQVhBuwsuCyz1k9LWFzWI0NTnNtsN;pt_pin=%E9%AC%BC%E7%A5%9E%E4%B9%8B%E5%90%95%E5%A5%89%E5%85%88;
Apr 27 06:53:24 助力失败{"head":{"code":400,"msg":"来晚啦~我已完成全部邀请~"}}}
Apr 27 06:53:24 1386714731940278273, 1318106976846299138 pt_key=AAJgfSaXAECiPPJC1kL2Aps9bjAVKrgZr7wCHD7YlUrr7BaUMwaROGLEl0HoHQFARcTkQVhBuwsuCyz1k9LWFzWI0NTnNtsN;pt_pin=%E9%AC%BC%E7%A5%9E%E4%B9%8B%E5%90%95%E5%A5%89%E5%85%88;
Apr 27 06:53:25 助力失败{"head":{"code":400,"msg":"来晚啦~我已完成全部邀请~"}}}
Apr 27 06:53:25 1386714752362881025, 1318106976846299138 pt_key=AAJgfSaXAECiPPJC1kL2Aps9bjAVKrgZr7wCHD7YlUrr7BaUMwaROGLEl0HoHQFARcTkQVhBuwsuCyz1k9LWFzWI0NTnNtsN;pt_pin=%E9%AC%BC%E7%A5%9E%E4%B9%8B%E5%90%95%E5%A5%89%E5%85%88;
Apr 27 06:53:26 助力失败{"head":{"code":400,"msg":"来晚啦~我已完成全部邀请~"}}}
Apr 27 06:53:26 1386714777670774786, 1318106976846299138 pt_key=AAJgfSaXAECiPPJC1kL2Aps9bjAVKrgZr7wCHD7YlUrr7BaUMwaROGLEl0HoHQFARcTkQVhBuwsuCyz1k9LWFzWI0NTnNtsN;pt_pin=%E9%AC%BC%E7%A5%9E%E4%B9%8B%E5%90%95%E5%A5%89%E5%85%88;
Apr 27 06:53:27 助力失败{"head":{"code":400,"msg":"来晚啦~我已完成全部邀请~"}}}
Apr 27 06:53:27 1386714791616831490, 1318106976846299138 pt_key=AAJgfSaXAECiPPJC1kL2Aps9bjAVKrgZr7wCHD7YlUrr7BaUMwaROGLEl0HoHQFARcTkQVhBuwsuCyz1k9LWFzWI0NTnNtsN;pt_pin=%E9%AC%BC%E7%A5%9E%E4%B9%8B%E5%90%95%E5%A5%89%E5%85%88;
Apr 27 06:53:28 助力失败{"head":{"code":400,"msg":"来晚啦~我已完成全部邀请~"}}}
Apr 27 06:53:28 1386714826354593793, 1318106976846299138 pt_key=AAJgfSaXAECiPPJC1kL2Aps9bjAVKrgZr7wCHD7YlUrr7BaUMwaROGLEl0HoHQFARcTkQVhBuwsuCyz1k9LWFzWI0NTnNtsN;pt_pin=%E9%AC%BC%E7%A5%9E%E4%B9%8B%E5%90%95%E5%A5%89%E5%85%88;
Apr 27 06:53:32 助力失败{"head":{"code":400,"msg":"来晚啦~我已完成全部邀请~"}}}
Apr 27 06:53:32 1386714897803321345, 1318106976846299138 pt_key=AAJgfSaXAECiPPJC1kL2Aps9bjAVKrgZr7wCHD7YlUrr7BaUMwaROGLEl0HoHQFARcTkQVhBuwsuCyz1k9LWFzWI0NTnNtsN;pt_pin=%E9%AC%BC%E7%A5%9E%E4%B9%8B%E5%90%95%E5%A5%89%E5%85%88;
Apr 27 06:53:33 助力失败{"head":{"code":400,"msg":"来晚啦~我已完成全部邀请~"}}}
Apr 27 06:53:33 1386714918750380033, 1318106976846299138 pt_key=AAJgfSaXAECiPPJC1kL2Aps9bjAVKrgZr7wCHD7YlUrr7BaUMwaROGLEl0HoHQFARcTkQVhBuwsuCyz1k9LWFzWI0NTnNtsN;pt_pin=%E9%AC%BC%E7%A5%9E%E4%B9%8B%E5%90%95%E5%A5%89%E5%85%88;
Apr 27 06:53:34 助力失败{"head":{"code":400,"msg":"来晚啦~我已完成全部邀请~"}}}
Apr 27 06:53:34 1386714955430105090, 1318106976846299138 pt_key=AAJgfSaXAECiPPJC1kL2Aps9bjAVKrgZr7wCHD7YlUrr7BaUMwaROGLEl0HoHQFARcTkQVhBuwsuCyz1k9LWFzWI0NTnNtsN;pt_pin=%E9%AC%BC%E7%A5%9E%E4%B9%8B%E5%90%95%E5%A5%89%E5%85%88;
Apr 27 06:53:34 助力失败{"head":{"code":400,"msg":"来晚啦~我已完成全部邀请~"}}}
Apr 27 06:53:34 1386714988948529154, 1318106976846299138 pt_key=AAJgfSaXAECiPPJC1kL2Aps9bjAVKrgZr7wCHD7YlUrr7BaUMwaROGLEl0HoHQFARcTkQVhBuwsuCyz1k9LWFzWI0NTnNtsN;pt_pin=%E9%AC%BC%E7%A5%9E%E4%B9%8B%E5%90%95%E5%A5%89%E5%85%88;
Apr 27 06:53:34 助力失败{"head":{"code":400,"msg":"来晚啦~我已完成全部邀请~"}}}
Apr 27 06:53:34 1386715010814648322, 1318106976846299138 pt_key=AAJgfSaXAECiPPJC1kL2Aps9bjAVKrgZr7wCHD7YlUrr7BaUMwaROGLEl0HoHQFARcTkQVhBuwsuCyz1k9LWFzWI0NTnNtsN;pt_pin=%E9%AC%BC%E7%A5%9E%E4%B9%8B%E5%90%95%E5%A5%89%E5%85%88;
Apr 27 06:53:36 助力失败{"head":{"code":400,"msg":"来晚啦~我已完成全部邀请~"}}}
Apr 27 06:53:36 1386715027538579457, 1318106976846299138 pt_key=AAJgfSaXAECiPPJC1kL2Aps9bjAVKrgZr7wCHD7YlUrr7BaUMwaROGLEl0HoHQFARcTkQVhBuwsuCyz1k9LWFzWI0NTnNtsN;pt_pin=%E9%AC%BC%E7%A5%9E%E4%B9%8B%E5%90%95%E5%A5%89%E5%85%88;
Apr 27 06:53:39 助力失败{"head":{"code":400,"msg":"来晚啦~我已完成全部邀请~"}}}
Apr 27 06:53:39 1386715046085791745, 1318106976846299138 pt_key=AAJgfSaXAECiPPJC1kL2Aps9bjAVKrgZr7wCHD7YlUrr7BaUMwaROGLEl0HoHQFARcTkQVhBuwsuCyz1k9LWFzWI0NTnNtsN;pt_pin=%E9%AC%BC%E7%A5%9E%E4%B9%8B%E5%90%95%E5%A5%89%E5%85%88;
Apr 27 06:53:40 助力失败{"head":{"code":400,"msg":"来晚啦~我已完成全部邀请~"}}}
Apr 27 06:53:40 1386715061406343170, 1318106976846299138 pt_key=AAJgfSaXAECiPPJC1kL2Aps9bjAVKrgZr7wCHD7YlUrr7BaUMwaROGLEl0HoHQFARcTkQVhBuwsuCyz1k9LWFzWI0NTnNtsN;pt_pin=%E9%AC%BC%E7%A5%9E%E4%B9%8B%E5%90%95%E5%A5%89%E5%85%88;
Apr 27 06:53:45 助力失败{"head":{"code":400,"msg":"来晚啦~我已完成全部邀请~"}}}
Apr 27 06:53:45 1386715075801899010, 1318106976846299138 pt_key=AAJgfSaXAECiPPJC1kL2Aps9bjAVKrgZr7wCHD7YlUrr7BaUMwaROGLEl0HoHQFARcTkQVhBuwsuCyz1k9LWFzWI0NTnNtsN;pt_pin=%E9%AC%BC%E7%A5%9E%E4%B9%8B%E5%90%95%E5%A5%89%E5%85%88;
Apr 27 06:53:45 助力失败{"head":{"code":400,"msg":"来晚啦~我已完成全部邀请~"}}}
Apr 27 06:53:45 1386715092992434177, 1318106976846299138 pt_key=AAJgfSaXAECiPPJC1kL2Aps9bjAVKrgZr7wCHD7YlUrr7BaUMwaROGLEl0HoHQFARcTkQVhBuwsuCyz1k9LWFzWI0NTnNtsN;pt_pin=%E9%AC%BC%E7%A5%9E%E4%B9%8B%E5%90%95%E5%A5%89%E5%85%88;
Apr 27 06:53:46 助力失败{"head":{"code":400,"msg":"来晚啦~我已完成全部邀请~"}}}
Apr 27 06:53:46 1386715108344799234, 1318106976846299138 pt_key=AAJgfSaXAECiPPJC1kL2Aps9bjAVKrgZr7wCHD7YlUrr7BaUMwaROGLEl0HoHQFARcTkQVhBuwsuCyz1k9LWFzWI0NTnNtsN;pt_pin=%E9%AC%BC%E7%A5%9E%E4%B9%8B%E5%90%95%E5%A5%89%E5%85%88;
Apr 27 06:53:46 助力失败{"head":{"code":400,"msg":"来晚啦~我已完成全部邀请~"}}}
Apr 27 06:53:46 1386715125693681666, 1318106976846299138 pt_key=AAJgfSaXAECiPPJC1kL2Aps9bjAVKrgZr7wCHD7YlUrr7BaUMwaROGLEl0HoHQFARcTkQVhBuwsuCyz1k9LWFzWI0NTnNtsN;pt_pin=%E9%AC%BC%E7%A5%9E%E4%B9%8B%E5%90%95%E5%A5%89%E5%85%88;
Apr 27 06:53:46 助力失败{"head":{"code":400,"msg":"来晚啦~我已完成全部邀请~"}}}
Apr 27 06:53:46 1386715169331224577, 1318106976846299138 pt_key=AAJgfSaXAECiPPJC1kL2Aps9bjAVKrgZr7wCHD7YlUrr7BaUMwaROGLEl0HoHQFARcTkQVhBuwsuCyz1k9LWFzWI0NTnNtsN;pt_pin=%E9%AC%BC%E7%A5%9E%E4%B9%8B%E5%90%95%E5%A5%89%E5%85%88;
Apr 27 06:53:47 助力失败{"head":{"code":400,"msg":"来晚啦~我已完成全部邀请~"}}}
Apr 27 06:53:47 1386715184321130498, 1318106976846299138 pt_key=AAJgfSaXAECiPPJC1kL2Aps9bjAVKrgZr7wCHD7YlUrr7BaUMwaROGLEl0HoHQFARcTkQVhBuwsuCyz1k9LWFzWI0NTnNtsN;pt_pin=%E9%AC%BC%E7%A5%9E%E4%B9%8B%E5%90%95%E5%A5%89%E5%85%88;
Apr 27 06:53:48 助力失败{"head":{"code":400,"msg":"来晚啦~我已完成全部邀请~"}}}
Apr 27 06:53:48 1386715205204570114, 1318106976846299138 pt_key=AAJgfSaXAECiPPJC1kL2Aps9bjAVKrgZr7wCHD7YlUrr7BaUMwaROGLEl0HoHQFARcTkQVhBuwsuCyz1k9LWFzWI0NTnNtsN;pt_pin=%E9%AC%BC%E7%A5%9E%E4%B9%8B%E5%90%95%E5%A5%89%E5%85%88;
Apr 27 06:53:49 助力失败{"head":{"code":400,"msg":"来晚啦~我已完成全部邀请~"}}}
Apr 27 06:53:49 
Apr 27 06:53:49 去帮助作者:LXK9301
Apr 27 06:53:49 
Apr 27 06:53:49 1386714513129947137, 1318106976846299138 pt_key=AAJgfSbOADARar4E2GENq3aLpy9G0Sf_rcOm2ZMgy_UyrY-l6Jicb16bShxRTnwZ8Tm8JSs1vQs;pt_pin=jd_6ba76f15069fd;
Apr 27 06:53:49 助力失败{"head":{"code":400,"msg":"来晚啦~我已完成全部邀请~"}}}
Apr 27 06:53:49 1386714731940278273, 1318106976846299138 pt_key=AAJgfSbOADARar4E2GENq3aLpy9G0Sf_rcOm2ZMgy_UyrY-l6Jicb16bShxRTnwZ8Tm8JSs1vQs;pt_pin=jd_6ba76f15069fd;
Apr 27 06:53:49 助力失败{"head":{"code":400,"msg":"来晚啦~我已完成全部邀请~"}}}
Apr 27 06:53:49 1386714752362881025, 1318106976846299138 pt_key=AAJgfSbOADARar4E2GENq3aLpy9G0Sf_rcOm2ZMgy_UyrY-l6Jicb16bShxRTnwZ8Tm8JSs1vQs;pt_pin=jd_6ba76f15069fd;
Apr 27 06:53:51 助力失败{"head":{"code":400,"msg":"来晚啦~我已完成全部邀请~"}}}
Apr 27 06:53:51 1386714777670774786, 1318106976846299138 pt_key=AAJgfSbOADARar4E2GENq3aLpy9G0Sf_rcOm2ZMgy_UyrY-l6Jicb16bShxRTnwZ8Tm8JSs1vQs;pt_pin=jd_6ba76f15069fd;
Apr 27 06:53:51 助力失败{"head":{"code":400,"msg":"来晚啦~我已完成全部邀请~"}}}
Apr 27 06:53:51 1386714791616831490, 1318106976846299138 pt_key=AAJgfSbOADARar4E2GENq3aLpy9G0Sf_rcOm2ZMgy_UyrY-l6Jicb16bShxRTnwZ8Tm8JSs1vQs;pt_pin=jd_6ba76f15069fd;
Apr 27 06:53:52 助力失败{"head":{"code":400,"msg":"来晚啦~我已完成全部邀请~"}}}
Apr 27 06:53:52 1386714826354593793, 1318106976846299138 pt_key=AAJgfSbOADARar4E2GENq3aLpy9G0Sf_rcOm2ZMgy_UyrY-l6Jicb16bShxRTnwZ8Tm8JSs1vQs;pt_pin=jd_6ba76f15069fd;
Apr 27 06:53:52 助力失败{"head":{"code":400,"msg":"来晚啦~我已完成全部邀请~"}}}
Apr 27 06:53:52 1386714897803321345, 1318106976846299138 pt_key=AAJgfSbOADARar4E2GENq3aLpy9G0Sf_rcOm2ZMgy_UyrY-l6Jicb16bShxRTnwZ8Tm8JSs1vQs;pt_pin=jd_6ba76f15069fd;
Apr 27 06:53:52 助力失败{"head":{"code":400,"msg":"来晚啦~我已完成全部邀请~"}}}
Apr 27 06:53:52 1386714918750380033, 1318106976846299138 pt_key=AAJgfSbOADARar4E2GENq3aLpy9G0Sf_rcOm2ZMgy_UyrY-l6Jicb16bShxRTnwZ8Tm8JSs1vQs;pt_pin=jd_6ba76f15069fd;
Apr 27 06:53:53 助力失败{"head":{"code":400,"msg":"来晚啦~我已完成全部邀请~"}}}
Apr 27 06:53:53 1386714955430105090, 1318106976846299138 pt_key=AAJgfSbOADARar4E2GENq3aLpy9G0Sf_rcOm2ZMgy_UyrY-l6Jicb16bShxRTnwZ8Tm8JSs1vQs;pt_pin=jd_6ba76f15069fd;
Apr 27 06:53:53 助力失败{"head":{"code":400,"msg":"来晚啦~我已完成全部邀请~"}}}
Apr 27 06:53:53 1386714988948529154, 1318106976846299138 pt_key=AAJgfSbOADARar4E2GENq3aLpy9G0Sf_rcOm2ZMgy_UyrY-l6Jicb16bShxRTnwZ8Tm8JSs1vQs;pt_pin=jd_6ba76f15069fd;
Apr 27 06:53:53 助力失败{"head":{"code":400,"msg":"来晚啦~我已完成全部邀请~"}}}
Apr 27 06:53:53 1386715010814648322, 1318106976846299138 pt_key=AAJgfSbOADARar4E2GENq3aLpy9G0Sf_rcOm2ZMgy_UyrY-l6Jicb16bShxRTnwZ8Tm8JSs1vQs;pt_pin=jd_6ba76f15069fd;
Apr 27 06:53:55 助力失败{"head":{"code":400,"msg":"来晚啦~我已完成全部邀请~"}}}
Apr 27 06:53:55 1386715027538579457, 1318106976846299138 pt_key=AAJgfSbOADARar4E2GENq3aLpy9G0Sf_rcOm2ZMgy_UyrY-l6Jicb16bShxRTnwZ8Tm8JSs1vQs;pt_pin=jd_6ba76f15069fd;
Apr 27 06:53:55 助力失败{"head":{"code":400,"msg":"来晚啦~我已完成全部邀请~"}}}
Apr 27 06:53:55 1386715046085791745, 1318106976846299138 pt_key=AAJgfSbOADARar4E2GENq3aLpy9G0Sf_rcOm2ZMgy_UyrY-l6Jicb16bShxRTnwZ8Tm8JSs1vQs;pt_pin=jd_6ba76f15069fd;
Apr 27 06:53:56 助力失败{"head":{"code":400,"msg":"来晚啦~我已完成全部邀请~"}}}
Apr 27 06:53:56 1386715061406343170, 1318106976846299138 pt_key=AAJgfSbOADARar4E2GENq3aLpy9G0Sf_rcOm2ZMgy_UyrY-l6Jicb16bShxRTnwZ8Tm8JSs1vQs;pt_pin=jd_6ba76f15069fd;
Apr 27 06:53:59 助力失败{"head":{"code":400,"msg":"来晚啦~我已完成全部邀请~"}}}
Apr 27 06:53:59 1386715075801899010, 1318106976846299138 pt_key=AAJgfSbOADARar4E2GENq3aLpy9G0Sf_rcOm2ZMgy_UyrY-l6Jicb16bShxRTnwZ8Tm8JSs1vQs;pt_pin=jd_6ba76f15069fd;
Apr 27 06:54:00 助力失败{"head":{"code":400,"msg":"来晚啦~我已完成全部邀请~"}}}
Apr 27 06:54:00 1386715092992434177, 1318106976846299138 pt_key=AAJgfSbOADARar4E2GENq3aLpy9G0Sf_rcOm2ZMgy_UyrY-l6Jicb16bShxRTnwZ8Tm8JSs1vQs;pt_pin=jd_6ba76f15069fd;
Apr 27 06:54:01 助力失败{"head":{"code":400,"msg":"来晚啦~我已完成全部邀请~"}}}
Apr 27 06:54:01 1386715108344799234, 1318106976846299138 pt_key=AAJgfSbOADARar4E2GENq3aLpy9G0Sf_rcOm2ZMgy_UyrY-l6Jicb16bShxRTnwZ8Tm8JSs1vQs;pt_pin=jd_6ba76f15069fd;
Apr 27 06:54:04 助力失败{"head":{"code":400,"msg":"来晚啦~我已完成全部邀请~"}}}
Apr 27 06:54:04 1386715125693681666, 1318106976846299138 pt_key=AAJgfSbOADARar4E2GENq3aLpy9G0Sf_rcOm2ZMgy_UyrY-l6Jicb16bShxRTnwZ8Tm8JSs1vQs;pt_pin=jd_6ba76f15069fd;
Apr 27 06:54:04 助力失败{"head":{"code":400,"msg":"来晚啦~我已完成全部邀请~"}}}
Apr 27 06:54:04 1386715169331224577, 1318106976846299138 pt_key=AAJgfSbOADARar4E2GENq3aLpy9G0Sf_rcOm2ZMgy_UyrY-l6Jicb16bShxRTnwZ8Tm8JSs1vQs;pt_pin=jd_6ba76f15069fd;
Apr 27 06:54:04 助力失败{"head":{"code":400,"msg":"来晚啦~我已完成全部邀请~"}}}
Apr 27 06:54:04 1386715184321130498, 1318106976846299138 pt_key=AAJgfSbOADARar4E2GENq3aLpy9G0Sf_rcOm2ZMgy_UyrY-l6Jicb16bShxRTnwZ8Tm8JSs1vQs;pt_pin=jd_6ba76f15069fd;
Apr 27 06:54:07 助力失败{"head":{"code":400,"msg":"来晚啦~我已完成全部邀请~"}}}
Apr 27 06:54:07 1386715205204570114, 1318106976846299138 pt_key=AAJgfSbOADARar4E2GENq3aLpy9G0Sf_rcOm2ZMgy_UyrY-l6Jicb16bShxRTnwZ8Tm8JSs1vQs;pt_pin=jd_6ba76f15069fd;
Apr 27 06:54:07 助力失败{"head":{"code":400,"msg":"来晚啦~我已完成全部邀请~"}}}
Apr 27 06:54:07 
Apr 27 06:54:07 去帮助作者:LXK9301
Apr 27 06:54:07 
Apr 27 06:54:07 1386714513129947137, 1318106976846299138 pt_key=AAJgfSoxADCSwESD2beFimgw0Q6WQYVSzC5W1ZOHdc7jDulPz1ivVouxmZ-skA5xh-EJ1zoYL7M;pt_pin=jd_46928899fcc30;
Apr 27 06:54:09 助力失败{"head":{"code":400,"msg":"来晚啦~我已完成全部邀请~"}}}
Apr 27 06:54:09 1386714731940278273, 1318106976846299138 pt_key=AAJgfSoxADCSwESD2beFimgw0Q6WQYVSzC5W1ZOHdc7jDulPz1ivVouxmZ-skA5xh-EJ1zoYL7M;pt_pin=jd_46928899fcc30;
Apr 27 06:54:10 助力失败{"head":{"code":400,"msg":"来晚啦~我已完成全部邀请~"}}}
Apr 27 06:54:10 1386714752362881025, 1318106976846299138 pt_key=AAJgfSoxADCSwESD2beFimgw0Q6WQYVSzC5W1ZOHdc7jDulPz1ivVouxmZ-skA5xh-EJ1zoYL7M;pt_pin=jd_46928899fcc30;
Apr 27 06:54:11 助力失败{"head":{"code":400,"msg":"来晚啦~我已完成全部邀请~"}}}
Apr 27 06:54:11 1386714777670774786, 1318106976846299138 pt_key=AAJgfSoxADCSwESD2beFimgw0Q6WQYVSzC5W1ZOHdc7jDulPz1ivVouxmZ-skA5xh-EJ1zoYL7M;pt_pin=jd_46928899fcc30;
Apr 27 06:54:11 助力失败{"head":{"code":400,"msg":"来晚啦~我已完成全部邀请~"}}}
Apr 27 06:54:11 1386714791616831490, 1318106976846299138 pt_key=AAJgfSoxADCSwESD2beFimgw0Q6WQYVSzC5W1ZOHdc7jDulPz1ivVouxmZ-skA5xh-EJ1zoYL7M;pt_pin=jd_46928899fcc30;
Apr 27 06:54:12 助力失败{"head":{"code":400,"msg":"来晚啦~我已完成全部邀请~"}}}
Apr 27 06:54:12 1386714826354593793, 1318106976846299138 pt_key=AAJgfSoxADCSwESD2beFimgw0Q6WQYVSzC5W1ZOHdc7jDulPz1ivVouxmZ-skA5xh-EJ1zoYL7M;pt_pin=jd_46928899fcc30;
Apr 27 06:54:13 助力失败{"head":{"code":400,"msg":"来晚啦~我已完成全部邀请~"}}}
Apr 27 06:54:13 1386714897803321345, 1318106976846299138 pt_key=AAJgfSoxADCSwESD2beFimgw0Q6WQYVSzC5W1ZOHdc7jDulPz1ivVouxmZ-skA5xh-EJ1zoYL7M;pt_pin=jd_46928899fcc30;
Apr 27 06:54:14 助力失败{"head":{"code":400,"msg":"来晚啦~我已完成全部邀请~"}}}
Apr 27 06:54:14 1386714918750380033, 1318106976846299138 pt_key=AAJgfSoxADCSwESD2beFimgw0Q6WQYVSzC5W1ZOHdc7jDulPz1ivVouxmZ-skA5xh-EJ1zoYL7M;pt_pin=jd_46928899fcc30;
Apr 27 06:54:14 助力失败{"head":{"code":400,"msg":"来晚啦~我已完成全部邀请~"}}}
Apr 27 06:54:14 1386714955430105090, 1318106976846299138 pt_key=AAJgfSoxADCSwESD2beFimgw0Q6WQYVSzC5W1ZOHdc7jDulPz1ivVouxmZ-skA5xh-EJ1zoYL7M;pt_pin=jd_46928899fcc30;
Apr 27 06:54:14 助力失败{"head":{"code":400,"msg":"来晚啦~我已完成全部邀请~"}}}
Apr 27 06:54:14 1386714988948529154, 1318106976846299138 pt_key=AAJgfSoxADCSwESD2beFimgw0Q6WQYVSzC5W1ZOHdc7jDulPz1ivVouxmZ-skA5xh-EJ1zoYL7M;pt_pin=jd_46928899fcc30;
Apr 27 06:54:15 助力失败{"head":{"code":400,"msg":"来晚啦~我已完成全部邀请~"}}}
Apr 27 06:54:15 1386715010814648322, 1318106976846299138 pt_key=AAJgfSoxADCSwESD2beFimgw0Q6WQYVSzC5W1ZOHdc7jDulPz1ivVouxmZ-skA5xh-EJ1zoYL7M;pt_pin=jd_46928899fcc30;
Apr 27 06:54:16 助力失败{"head":{"code":400,"msg":"来晚啦~我已完成全部邀请~"}}}
Apr 27 06:54:16 1386715027538579457, 1318106976846299138 pt_key=AAJgfSoxADCSwESD2beFimgw0Q6WQYVSzC5W1ZOHdc7jDulPz1ivVouxmZ-skA5xh-EJ1zoYL7M;pt_pin=jd_46928899fcc30;
Apr 27 06:54:17 助力失败{"head":{"code":400,"msg":"来晚啦~我已完成全部邀请~"}}}
Apr 27 06:54:17 1386715046085791745, 1318106976846299138 pt_key=AAJgfSoxADCSwESD2beFimgw0Q6WQYVSzC5W1ZOHdc7jDulPz1ivVouxmZ-skA5xh-EJ1zoYL7M;pt_pin=jd_46928899fcc30;
Apr 27 06:54:19 助力失败{"head":{"code":400,"msg":"来晚啦~我已完成全部邀请~"}}}
Apr 27 06:54:19 1386715061406343170, 1318106976846299138 pt_key=AAJgfSoxADCSwESD2beFimgw0Q6WQYVSzC5W1ZOHdc7jDulPz1ivVouxmZ-skA5xh-EJ1zoYL7M;pt_pin=jd_46928899fcc30;
Apr 27 06:54:19 助力失败{"head":{"code":400,"msg":"来晚啦~我已完成全部邀请~"}}}
Apr 27 06:54:19 1386715075801899010, 1318106976846299138 pt_key=AAJgfSoxADCSwESD2beFimgw0Q6WQYVSzC5W1ZOHdc7jDulPz1ivVouxmZ-skA5xh-EJ1zoYL7M;pt_pin=jd_46928899fcc30;
Apr 27 06:54:21 助力失败{"head":{"code":400,"msg":"来晚啦~我已完成全部邀请~"}}}
Apr 27 06:54:21 1386715092992434177, 1318106976846299138 pt_key=AAJgfSoxADCSwESD2beFimgw0Q6WQYVSzC5W1ZOHdc7jDulPz1ivVouxmZ-skA5xh-EJ1zoYL7M;pt_pin=jd_46928899fcc30;
Apr 27 06:54:23 助力失败{"head":{"code":400,"msg":"来晚啦~我已完成全部邀请~"}}}
Apr 27 06:54:23 1386715108344799234, 1318106976846299138 pt_key=AAJgfSoxADCSwESD2beFimgw0Q6WQYVSzC5W1ZOHdc7jDulPz1ivVouxmZ-skA5xh-EJ1zoYL7M;pt_pin=jd_46928899fcc30;
Apr 27 06:54:26 助力失败{"head":{"code":400,"msg":"来晚啦~我已完成全部邀请~"}}}
Apr 27 06:54:26 1386715125693681666, 1318106976846299138 pt_key=AAJgfSoxADCSwESD2beFimgw0Q6WQYVSzC5W1ZOHdc7jDulPz1ivVouxmZ-skA5xh-EJ1zoYL7M;pt_pin=jd_46928899fcc30;
Apr 27 06:54:27 助力失败{"head":{"code":400,"msg":"来晚啦~我已完成全部邀请~"}}}
Apr 27 06:54:27 1386715169331224577, 1318106976846299138 pt_key=AAJgfSoxADCSwESD2beFimgw0Q6WQYVSzC5W1ZOHdc7jDulPz1ivVouxmZ-skA5xh-EJ1zoYL7M;pt_pin=jd_46928899fcc30;
Apr 27 06:54:28 助力失败{"head":{"code":400,"msg":"来晚啦~我已完成全部邀请~"}}}
Apr 27 06:54:28 1386715184321130498, 1318106976846299138 pt_key=AAJgfSoxADCSwESD2beFimgw0Q6WQYVSzC5W1ZOHdc7jDulPz1ivVouxmZ-skA5xh-EJ1zoYL7M;pt_pin=jd_46928899fcc30;
Apr 27 06:54:29 助力失败{"head":{"code":400,"msg":"来晚啦~我已完成全部邀请~"}}}
Apr 27 06:54:29 1386715205204570114, 1318106976846299138 pt_key=AAJgfSoxADCSwESD2beFimgw0Q6WQYVSzC5W1ZOHdc7jDulPz1ivVouxmZ-skA5xh-EJ1zoYL7M;pt_pin=jd_46928899fcc30;
Apr 27 06:54:29 助力失败{"head":{"code":400,"msg":"来晚啦~我已完成全部邀请~"}}}
Apr 27 06:54:29 
Apr 27 06:54:29 去帮助作者:LXK9301
Apr 27 06:54:29 
Apr 27 06:54:29 1386714513129947137, 1318106976846299138 pt_key=AAJgfSteADCD1u-VSQBuA88WOg56-TOq6g8zFvlwYKoYhF_yQXKVSg7KYna6u-fraldNV4HkIT0;pt_pin=jd_EirxWEerdtmu;
Apr 27 06:54:29 助力失败{"head":{"code":400,"msg":"TOKEN不能为空！"}}}
Apr 27 06:54:29 1386714731940278273, 1318106976846299138 pt_key=AAJgfSteADCD1u-VSQBuA88WOg56-TOq6g8zFvlwYKoYhF_yQXKVSg7KYna6u-fraldNV4HkIT0;pt_pin=jd_EirxWEerdtmu;
Apr 27 06:54:30 助力失败{"head":{"code":400,"msg":"TOKEN不能为空！"}}}
Apr 27 06:54:30 1386714752362881025, 1318106976846299138 pt_key=AAJgfSteADCD1u-VSQBuA88WOg56-TOq6g8zFvlwYKoYhF_yQXKVSg7KYna6u-fraldNV4HkIT0;pt_pin=jd_EirxWEerdtmu;
Apr 27 06:54:30 助力失败{"head":{"code":400,"msg":"TOKEN不能为空！"}}}
Apr 27 06:54:30 1386714777670774786, 1318106976846299138 pt_key=AAJgfSteADCD1u-VSQBuA88WOg56-TOq6g8zFvlwYKoYhF_yQXKVSg7KYna6u-fraldNV4HkIT0;pt_pin=jd_EirxWEerdtmu;
Apr 27 06:54:30 助力失败{"head":{"code":400,"msg":"TOKEN不能为空！"}}}
Apr 27 06:54:30 1386714791616831490, 1318106976846299138 pt_key=AAJgfSteADCD1u-VSQBuA88WOg56-TOq6g8zFvlwYKoYhF_yQXKVSg7KYna6u-fraldNV4HkIT0;pt_pin=jd_EirxWEerdtmu;
Apr 27 06:54:31 助力失败{"head":{"code":400,"msg":"TOKEN不能为空！"}}}
Apr 27 06:54:31 1386714826354593793, 1318106976846299138 pt_key=AAJgfSteADCD1u-VSQBuA88WOg56-TOq6g8zFvlwYKoYhF_yQXKVSg7KYna6u-fraldNV4HkIT0;pt_pin=jd_EirxWEerdtmu;
Apr 27 06:54:32 助力失败{"head":{"code":400,"msg":"TOKEN不能为空！"}}}
Apr 27 06:54:32 1386714897803321345, 1318106976846299138 pt_key=AAJgfSteADCD1u-VSQBuA88WOg56-TOq6g8zFvlwYKoYhF_yQXKVSg7KYna6u-fraldNV4HkIT0;pt_pin=jd_EirxWEerdtmu;
Apr 27 06:54:32 助力失败{"head":{"code":400,"msg":"TOKEN不能为空！"}}}
Apr 27 06:54:32 1386714918750380033, 1318106976846299138 pt_key=AAJgfSteADCD1u-VSQBuA88WOg56-TOq6g8zFvlwYKoYhF_yQXKVSg7KYna6u-fraldNV4HkIT0;pt_pin=jd_EirxWEerdtmu;
Apr 27 06:54:34 助力失败{"head":{"code":400,"msg":"TOKEN不能为空！"}}}
Apr 27 06:54:34 1386714955430105090, 1318106976846299138 pt_key=AAJgfSteADCD1u-VSQBuA88WOg56-TOq6g8zFvlwYKoYhF_yQXKVSg7KYna6u-fraldNV4HkIT0;pt_pin=jd_EirxWEerdtmu;
Apr 27 06:54:35 助力失败{"head":{"code":400,"msg":"TOKEN不能为空！"}}}
Apr 27 06:54:35 1386714988948529154, 1318106976846299138 pt_key=AAJgfSteADCD1u-VSQBuA88WOg56-TOq6g8zFvlwYKoYhF_yQXKVSg7KYna6u-fraldNV4HkIT0;pt_pin=jd_EirxWEerdtmu;
Apr 27 06:54:35 助力失败{"head":{"code":400,"msg":"TOKEN不能为空！"}}}
Apr 27 06:54:35 1386715010814648322, 1318106976846299138 pt_key=AAJgfSteADCD1u-VSQBuA88WOg56-TOq6g8zFvlwYKoYhF_yQXKVSg7KYna6u-fraldNV4HkIT0;pt_pin=jd_EirxWEerdtmu;
Apr 27 06:54:36 助力失败{"head":{"code":400,"msg":"TOKEN不能为空！"}}}
Apr 27 06:54:36 1386715027538579457, 1318106976846299138 pt_key=AAJgfSteADCD1u-VSQBuA88WOg56-TOq6g8zFvlwYKoYhF_yQXKVSg7KYna6u-fraldNV4HkIT0;pt_pin=jd_EirxWEerdtmu;
Apr 27 06:54:37 助力失败{"head":{"code":400,"msg":"TOKEN不能为空！"}}}
Apr 27 06:54:37 1386715046085791745, 1318106976846299138 pt_key=AAJgfSteADCD1u-VSQBuA88WOg56-TOq6g8zFvlwYKoYhF_yQXKVSg7KYna6u-fraldNV4HkIT0;pt_pin=jd_EirxWEerdtmu;
Apr 27 06:54:38 助力失败{"head":{"code":400,"msg":"TOKEN不能为空！"}}}
Apr 27 06:54:38 1386715061406343170, 1318106976846299138 pt_key=AAJgfSteADCD1u-VSQBuA88WOg56-TOq6g8zFvlwYKoYhF_yQXKVSg7KYna6u-fraldNV4HkIT0;pt_pin=jd_EirxWEerdtmu;
Apr 27 06:54:39 助力失败{"head":{"code":400,"msg":"TOKEN不能为空！"}}}
Apr 27 06:54:39 1386715075801899010, 1318106976846299138 pt_key=AAJgfSteADCD1u-VSQBuA88WOg56-TOq6g8zFvlwYKoYhF_yQXKVSg7KYna6u-fraldNV4HkIT0;pt_pin=jd_EirxWEerdtmu;
Apr 27 06:54:43 助力失败{"head":{"code":400,"msg":"TOKEN不能为空！"}}}
Apr 27 06:54:43 1386715092992434177, 1318106976846299138 pt_key=AAJgfSteADCD1u-VSQBuA88WOg56-TOq6g8zFvlwYKoYhF_yQXKVSg7KYna6u-fraldNV4HkIT0;pt_pin=jd_EirxWEerdtmu;
Apr 27 06:54:43 助力失败{"head":{"code":400,"msg":"TOKEN不能为空！"}}}
Apr 27 06:54:43 1386715108344799234, 1318106976846299138 pt_key=AAJgfSteADCD1u-VSQBuA88WOg56-TOq6g8zFvlwYKoYhF_yQXKVSg7KYna6u-fraldNV4HkIT0;pt_pin=jd_EirxWEerdtmu;
Apr 27 06:54:45 助力失败{"head":{"code":400,"msg":"TOKEN不能为空！"}}}
Apr 27 06:54:45 1386715125693681666, 1318106976846299138 pt_key=AAJgfSteADCD1u-VSQBuA88WOg56-TOq6g8zFvlwYKoYhF_yQXKVSg7KYna6u-fraldNV4HkIT0;pt_pin=jd_EirxWEerdtmu;
Apr 27 06:54:46 助力失败{"head":{"code":400,"msg":"TOKEN不能为空！"}}}
Apr 27 06:54:46 1386715169331224577, 1318106976846299138 pt_key=AAJgfSteADCD1u-VSQBuA88WOg56-TOq6g8zFvlwYKoYhF_yQXKVSg7KYna6u-fraldNV4HkIT0;pt_pin=jd_EirxWEerdtmu;
Apr 27 06:54:48 助力失败{"head":{"code":400,"msg":"TOKEN不能为空！"}}}
Apr 27 06:54:48 1386715184321130498, 1318106976846299138 pt_key=AAJgfSteADCD1u-VSQBuA88WOg56-TOq6g8zFvlwYKoYhF_yQXKVSg7KYna6u-fraldNV4HkIT0;pt_pin=jd_EirxWEerdtmu;
Apr 27 06:54:48 助力失败{"head":{"code":400,"msg":"TOKEN不能为空！"}}}
Apr 27 06:54:48 1386715205204570114, 1318106976846299138 pt_key=AAJgfSteADCD1u-VSQBuA88WOg56-TOq6g8zFvlwYKoYhF_yQXKVSg7KYna6u-fraldNV4HkIT0;pt_pin=jd_EirxWEerdtmu;
Apr 27 06:54:49 助力失败{"head":{"code":400,"msg":"TOKEN不能为空！"}}}
Apr 27 06:54:49 
Apr 27 06:54:49 🔔东东小窝, 结束! 🕛 522.43 秒
Apr 27 06:54:49 
