Apr 25 08:47:41 
Apr 25 08:47:41 🔔闪购盲盒, 开始!
Apr 25 08:47:41 
Apr 25 08:47:41 ====================共6个京东账号Cookie=========
Apr 25 08:47:41 
Apr 25 08:47:41 ==================脚本执行- 北京时间(UTC+8)：4/25/2021, 8:47:41 AM=====================
Apr 25 08:47:41 
Apr 25 08:47:41 开始获取闪购盲盒配置文件
Apr 25 08:47:41 
Apr 25 08:47:41 共6个京东账号
Apr 25 08:47:41 
Apr 25 08:47:41 您提供了0个账号的闪购盲盒助力码
Apr 25 08:47:41 
Apr 25 08:47:42 由于您第1个京东账号未提供shareCode,将采纳本脚本自带的助力码
Apr 25 08:47:42 
Apr 25 08:47:42 开始
Apr 25 08:47:43 随机取20个码放到您固定的互助码后面(不影响已有固定互助)
Apr 25 08:47:43 第1个京东账号将要助力的好友["T019-aknAFRllhyoQlyI46gCjVQmoaT5kRrbA","T010_aU6SR8Q_QCjVQmoaT5kRrbA","T0225KkcRhcbp1CBJhv0wfZedQCjVQmoaT5kRrbA","T027Zm_olqSxIOtH97BATGmKoWraLawCjVQmoaT5kRrbA","T0225KkcRU0Qo1WCJRKilPRcdwCjVWmIaW5kRrbA","T0105L46CkpMrwCjVWmIaW5kRrbA","T019-akZB0VnsAeOVUme9bYCjVQmoaT5kRrbA","T0225KkcR0tIoFbRIBv2wv9ZdgCjVQmoaT5kRrbA","T012ufR7Qh8d9VTVCjVWmIaW5kRrbA","T010-aw0EUZGtwCjVQmoaT5kRrbA","T020a33MlaOnIN1V9bJfQVaYCjVQmoaT5kRrbA","T018v_56QBYa8l3eKRqb1ACjVQmoaT5kRrbA","T0205KkcO2tZpgupYUGi9IBQCjVWmIaW5kRrbA","T0225KkcRR4Y8lGDdBPwlPAIfQCjVQmoaT5kRrbA","T0225KkcRxdPplWBJEunwvEOdwCjVQmoaT5kRrbA","T01676wiGFtA91TXKHWpCjVWmIaW5kRrbA","T0225KkcRBtKoQfRJxv1nPcCcgCjVQmoaT5kRrbA","T019-akEBX1qlzClSUC-84sCjVQmoaT5kRrbA","T0205KkcMVxnkzSTSXqm1ahuCjVQmoaT5kRrbA","T0225KkcRkxP9wWCdBL2wPRZJwCjVWmIaW5kRrbA","T0225KkcRxlMoF2BKR73l6RbJwCjVWmIaW5kRrbA","T0225KkcRBZM9lLQJxnzxaEJJQCjVQmoaT5kRrbA","T0114780BVdMpAwCjVWmIaW5kRrbA","T0225KkcRkgb9wXXIE-ik_MLJQCjVWmIaW5kRrbA"]
Apr 25 08:47:43 
Apr 25 08:47:43 ******开始【京东账号1】18337656372_p*********
Apr 25 08:47:43 
Apr 25 08:47:43 
Apr 25 08:47:43 14-邀请好友助力-已完成4-未完成10
Apr 25 08:47:43 
Apr 25 08:47:43 【京东账号1（18337656372_p）的闪购盲盒好友互助码】T018v_VwQxkf8FLUJxib1ACjVQmoaT5kRrbA
Apr 25 08:47:43 
Apr 25 08:47:43 助力已满员！谢谢你哦~
Apr 25 08:47:45 助力已满员！谢谢你哦~
Apr 25 08:47:47 助力已满员！谢谢你哦~
Apr 25 08:47:49 助力已满员！谢谢你哦~
Apr 25 08:47:51 助力已满员！谢谢你哦~
Apr 25 08:47:53 助力已满员！谢谢你哦~
Apr 25 08:47:55 助力已满员！谢谢你哦~
Apr 25 08:47:58 助力已满员！谢谢你哦~
Apr 25 08:48:00 助力已满员！谢谢你哦~
Apr 25 08:48:02 助力已满员！谢谢你哦~
Apr 25 08:48:04 助力已满员！谢谢你哦~
Apr 25 08:48:06 助力已满员！谢谢你哦~
Apr 25 08:48:08 助力已满员！谢谢你哦~
Apr 25 08:48:10 助力已满员！谢谢你哦~
Apr 25 08:48:12 助力已满员！谢谢你哦~
Apr 25 08:48:14 助力已满员！谢谢你哦~
Apr 25 08:48:17 助力已满员！谢谢你哦~
Apr 25 08:48:19 助力已满员！谢谢你哦~
Apr 25 08:48:21 助力已满员！谢谢你哦~
Apr 25 08:48:23 助力已满员！谢谢你哦~
Apr 25 08:48:25 助力已满员！谢谢你哦~
Apr 25 08:48:27 助力已满员！谢谢你哦~
Apr 25 08:48:29 助力已满员！谢谢你哦~
Apr 25 08:48:31 助力已满员！谢谢你哦~
Apr 25 08:48:33 
Apr 25 08:48:33 8-浏览商品任务-全部已完成
Apr 25 08:48:33 
Apr 25 08:48:33 7-浏览并关注店铺-全部已完成
Apr 25 08:48:33 
Apr 25 08:48:33 26-浏览并关注频道-全部已完成
Apr 25 08:48:33 
Apr 25 08:48:33 9-浏览会场任务-全部已完成
Apr 25 08:48:33 
Apr 25 08:48:33 开始抽奖
Apr 25 08:48:33 【京东账号1】18337656372_p
Apr 25 08:48:33 任务已完成，本次运行获得京豆0
Apr 25 08:48:33 由于您第2个京东账号未提供shareCode,将采纳本脚本自带的助力码
Apr 25 08:48:33 
Apr 25 08:48:33 开始
Apr 25 08:48:34 随机取20个码放到您固定的互助码后面(不影响已有固定互助)
Apr 25 08:48:34 第2个京东账号将要助力的好友["T019-aknAFRllhyoQlyI46gCjVQmoaT5kRrbA","T010_aU6SR8Q_QCjVQmoaT5kRrbA","T027Zm_olqSxIOtH97BATGmKoWraLawCjVQmoaT5kRrbA","T0225KkcRk1N_FeCJhv3xvdfcQCjVQmoaT5kRrbA","T015uvhyQRod8VPWT0cCjVQmoaT5kRrbA","T0205KkcGEtGsy6OeX6v0op-CjVQmoaT5kRrbA","T0205KkcIHtuixOCaEuJzqF3CjVQmoaT5kRrbA","T0225KkcRk0e_VTSKEnxk6QDJgCjVQmoaT5kRrbA","T008z6MnCQNhCjVWmIaW5kRrbA","T0225KkcRhdP_AHUdB_8nfYOcQCjVQmoaT5kRrbA","T012a2Dalp2ULf1pCjVWmIaW5kRrbA","T0225KkcRRcY_V3fIEnxkfAKIQCjVWmIaW5kRrbA","T0127KwtEUBI8VTWCjVQmoaT5kRrbA","T018v_hxQRcb8FfSJhyb1ACjVQmoaT5kRrbA","T0205KkcAnpeozyIY3Cp5YxzCjVWmIaW5kRrbA","T018v_57SRkd91bUIhub1ACjVQmoaT5kRrbA","T018v_h6RxwZ9lTVJR2b1ACjVQmoaT5kRrbA","T0205KkcB29YgBydQWSIxopACjVWmIaW5kRrbA","T018_bgzFVxPrBePIB31kACjVWmIaW5kRrbA","T0225KkcRUsf91zWdBj8xfcNcgCjVWmIaW5kRrbA","T020vPVxQxoa6FLWJxz9lvcKCjVWmIaW5kRrbA","T0225KkcRBwdoFTSdBumkKEPcQCjVQmoaT5kRrbA","T0205KkcJllThwiFfE6J7L1wCjVQmoaT5kRrbA","T0205KkcN3t8hCivfEmc86FQCjVQmoaT5kRrbA"]
Apr 25 08:48:34 
Apr 25 08:48:34 ******开始【京东账号2】jd_MCazEJrLyuXn*********
Apr 25 08:48:34 
Apr 25 08:48:34 
Apr 25 08:48:34 14-邀请好友助力-已完成5-未完成10
Apr 25 08:48:34 
Apr 25 08:48:34 【京东账号2（jd_MCazEJrLyuXn）的闪购盲盒好友互助码】T0205KkcPW1IvyGtYma90Z9UCjVQmoaT5kRrbA
Apr 25 08:48:34 
Apr 25 08:48:34 活动太火爆啦
Apr 25 08:48:36 活动太火爆啦
Apr 25 08:48:38 活动太火爆啦
Apr 25 08:48:41 活动太火爆啦
Apr 25 08:48:43 活动太火爆啦
Apr 25 08:48:45 活动太火爆啦
Apr 25 08:48:47 活动太火爆啦
Apr 25 08:48:49 活动太火爆啦
Apr 25 08:48:51 活动太火爆啦
Apr 25 08:48:53 活动太火爆啦
Apr 25 08:48:55 活动太火爆啦
Apr 25 08:48:57 活动太火爆啦
Apr 25 08:48:59 活动太火爆啦
Apr 25 08:49:02 活动太火爆啦
Apr 25 08:49:04 活动太火爆啦
Apr 25 08:49:06 活动太火爆啦
Apr 25 08:49:08 活动太火爆啦
Apr 25 08:49:10 活动太火爆啦
Apr 25 08:49:12 活动太火爆啦
Apr 25 08:49:14 活动太火爆啦
Apr 25 08:49:16 活动太火爆啦
Apr 25 08:49:18 活动太火爆啦
Apr 25 08:49:20 活动太火爆啦
Apr 25 08:49:23 活动太火爆啦
Apr 25 08:49:25 
Apr 25 08:49:25 8-浏览商品任务-全部已完成
Apr 25 08:49:25 
Apr 25 08:49:25 7-浏览并关注店铺-全部已完成
Apr 25 08:49:25 
Apr 25 08:49:25 26-浏览并关注频道-全部已完成
Apr 25 08:49:25 
Apr 25 08:49:25 9-浏览会场任务-全部已完成
Apr 25 08:49:25 
Apr 25 08:49:25 开始抽奖
Apr 25 08:49:25 【京东账号2】jd_MCazEJrLyuXn
Apr 25 08:49:25 任务已完成，本次运行获得京豆0
Apr 25 08:49:25 由于您第3个京东账号未提供shareCode,将采纳本脚本自带的助力码
Apr 25 08:49:25 
Apr 25 08:49:25 开始
Apr 25 08:49:26 随机取20个码放到您固定的互助码后面(不影响已有固定互助)
Apr 25 08:49:26 第3个京东账号将要助力的好友["T019-aknAFRllhyoQlyI46gCjVQmoaT5kRrbA","T010_aU6SR8Q_QCjVQmoaT5kRrbA","T027Zm_olqSxIOtH97BATGmKoWraLawCjVQmoaT5kRrbA","T0225KkcRk1N_FeCJhv3xvdfcQCjVQmoaT5kRrbA","T0225KkcRR5M9lGGcknwx6EOcgCjVWmIaW5kRrbA","T0205KkcCWFTqzayVXOKwJFDCjVQmoaT5kRrbA","T018v_V7QRoY9VbQJhKb1ACjVWmIaW5kRrbA","T015t_93Rhgc81beT0cCjVQmoaT5kRrbA","T0205KkcCl9giCGOW0S1159bCjVWmIaW5kRrbA","T018v_56QBYa8l3eKRqb1ACjVQmoaT5kRrbA","T0205KkcJmxvlwmQaEawwpBKCjVQmoaT5kRrbA","T019-akEH0BaqD6FdmGt3K4CjVQmoaT5kRrbA","T0144qItF1lIqwORIQCjVQmoaT5kRrbA","T023v_VzSBYf91bKJBPzkvcMctMCjVQmoaT5kRrbA","T018v_h7SRcR8VHQJRyb1ACjVWmIaW5kRrbA","T0225KkcRBYc8l2BdBjzxvAIcQCjVWnYaS5kRrbA","T0225KkcREoY91ODKR6mxvUPcQCjVQmoaT5kRrbA","T0225KkcRB9I9weEdU71lqEKcACjVWmIaW5kRrbA","T0205KkcE295jCq0Zm-N4b1TCjVQmoaT5kRrbA","T012aHbXBE9G8FbXCjVWmIaW5kRrbA","T0225KkcREoa_QfTcUugx_UIdQCjVQmoaT5kRrbA","T008_aYiHkpQCjVQmoaT5kRrbA","T012aH_ombWDI9FHCjVQmoaT5kRrbA","T0225KkcRR9No1KFI078xqRfcgCjVQmoaT5kRrbA"]
Apr 25 08:49:26 
Apr 25 08:49:26 ******开始【京东账号3】鬼神之吕奉先*********
Apr 25 08:49:26 
Apr 25 08:49:26 
Apr 25 08:49:26 14-邀请好友助力-已完成4-未完成10
Apr 25 08:49:26 
Apr 25 08:49:26 【京东账号3（鬼神之吕奉先）的闪购盲盒好友互助码】T024Z2H_l4u3Id1s9bpRQWKzoYiSCjVQmoaT5kRrbA
Apr 25 08:49:26 
Apr 25 08:49:26 助力已满员！谢谢你哦~
Apr 25 08:49:28 助力已满员！谢谢你哦~
Apr 25 08:49:30 助力已满员！谢谢你哦~
Apr 25 08:49:32 助力已满员！谢谢你哦~
Apr 25 08:49:34 助力已满员！谢谢你哦~
Apr 25 08:49:36 助力已满员！谢谢你哦~
Apr 25 08:49:39 助力已满员！谢谢你哦~
Apr 25 08:49:41 助力已满员！谢谢你哦~
Apr 25 08:49:43 助力已满员！谢谢你哦~
Apr 25 08:49:45 助力已满员！谢谢你哦~
Apr 25 08:49:47 助力已满员！谢谢你哦~
Apr 25 08:49:49 助力已满员！谢谢你哦~
Apr 25 08:49:51 助力已满员！谢谢你哦~
Apr 25 08:49:53 助力已满员！谢谢你哦~
Apr 25 08:49:55 助力已满员！谢谢你哦~
Apr 25 08:49:58 助力已满员！谢谢你哦~
Apr 25 08:50:00 助力已满员！谢谢你哦~
Apr 25 08:50:02 助力已满员！谢谢你哦~
Apr 25 08:50:04 助力已满员！谢谢你哦~
Apr 25 08:50:06 助力已满员！谢谢你哦~
Apr 25 08:50:08 助力已满员！谢谢你哦~
Apr 25 08:50:10 助力已满员！谢谢你哦~
Apr 25 08:50:12 助力已满员！谢谢你哦~
Apr 25 08:50:14 助力已满员！谢谢你哦~
Apr 25 08:50:16 
Apr 25 08:50:16 8-浏览商品任务-全部已完成
Apr 25 08:50:16 
Apr 25 08:50:16 7-浏览并关注店铺-全部已完成
Apr 25 08:50:16 
Apr 25 08:50:16 26-浏览并关注频道-全部已完成
Apr 25 08:50:16 
Apr 25 08:50:16 9-浏览会场任务-全部已完成
Apr 25 08:50:16 
Apr 25 08:50:16 开始抽奖
Apr 25 08:50:16 【京东账号3】鬼神之吕奉先
Apr 25 08:50:16 任务已完成，本次运行获得京豆0
Apr 25 08:50:17 由于您第4个京东账号未提供shareCode,将采纳本脚本自带的助力码
Apr 25 08:50:17 
Apr 25 08:50:17 开始
Apr 25 08:50:17 随机取20个码放到您固定的互助码后面(不影响已有固定互助)
Apr 25 08:50:17 第4个京东账号将要助力的好友["T019-aknAFRllhyoQlyI46gCjVQmoaT5kRrbA","T010_aU6SR8Q_QCjVQmoaT5kRrbA","T027Zm_olqSxIOtH97BATGmKoWraLawCjVQmoaT5kRrbA","T0225KkcRk1N_FeCJhv3xvdfcQCjVQmoaT5kRrbA","T0225KkcRxpK_FCDKBKmkPUPdACjVWmIaW5kRrbA","T0205KkcFmxHhjyAUUKh9ZNUCjVQmoaT5kRrbA","T0225KkcRUsY8VGEc0z3wfAJdgCjVQmoaT5kRrbA","T0225KkcRR1PplzUJBiixvIMdACjVQmoaT5kRrbA","T010_KgvHE92vwCjVWmIaW5kRrbA","T0205KkcBVhhoy2gVUeJxr1QCjVQmoaT5kRrbA","T0205KkcH3ZRgTSrWEiO8opACjVWmIaW5kRrbA","T0225KkcRhZP9ADeIBilk_YLfQCjVQmoaT5kRrbA","T011_aU2EUddpxMCjVWmIaW5kRrbA","T0225KkcRkgbplSEIRvzk6EJdQCjVQmoaT5kRrbA","T0147aUmAlxQ9FXWJgCjVQmoaT5kRrbA","T0225KkcRU9PoV2CIB2llfMMcACjVQmoaT5kRrbA","T0225KkcRU8apFyEdUnykfcIJQCjVWmIaW5kRrbA","T0107LQrQBwZ8ACjVQmoaT5kRrbA","T0205KkcMUBGnz6rfWar_aVLCjVQmoaT5kRrbA","T0205KkcAX54siyUSGmFzrNXCjVQmoaT5kRrbA","T015vPVwQhYb9FXQT0cCjVQmoaT5kRrbA","T0205KkcPGtOlg6CW0G14Z1oCjVWmIaW5kRrbA","T0225KkcRkofowXTJx6inaZcIgCjVQmoaT5kRrbA","T015vPp0RRoR_VHRT0cCjVQmoaT5kRrbA"]
Apr 25 08:50:17 
Apr 25 08:50:17 ******开始【京东账号4】jd_6ba76f15069fd*********
Apr 25 08:50:17 
Apr 25 08:50:17 
Apr 25 08:50:17 14-邀请好友助力-已完成4-未完成10
Apr 25 08:50:17 
Apr 25 08:50:17 【京东账号4（jd_6ba76f15069fd）的闪购盲盒好友互助码】T0225KkcRkxI8lKBIR_0kv5cIACjVQmoaT5kRrbA
Apr 25 08:50:17 
Apr 25 08:50:17 助力已满员！谢谢你哦~
Apr 25 08:50:20 助力已满员！谢谢你哦~
Apr 25 08:50:22 助力已满员！谢谢你哦~
Apr 25 08:50:24 助力已满员！谢谢你哦~
Apr 25 08:50:26 助力已满员！谢谢你哦~
Apr 25 08:50:28 助力已满员！谢谢你哦~
Apr 25 08:50:30 助力已满员！谢谢你哦~
Apr 25 08:50:32 助力已满员！谢谢你哦~
Apr 25 08:50:34 助力已满员！谢谢你哦~
Apr 25 08:50:36 助力已满员！谢谢你哦~
Apr 25 08:50:39 助力已满员！谢谢你哦~
Apr 25 08:50:41 助力已满员！谢谢你哦~
Apr 25 08:50:43 助力已满员！谢谢你哦~
Apr 25 08:50:45 助力已满员！谢谢你哦~
Apr 25 08:50:47 助力已满员！谢谢你哦~
Apr 25 08:50:49 助力已满员！谢谢你哦~
Apr 25 08:50:51 助力已满员！谢谢你哦~
Apr 25 08:50:53 助力已满员！谢谢你哦~
Apr 25 08:50:55 助力已满员！谢谢你哦~
Apr 25 08:50:57 助力已满员！谢谢你哦~
Apr 25 08:51:00 助力已满员！谢谢你哦~
Apr 25 08:51:02 助力已满员！谢谢你哦~
Apr 25 08:51:04 助力已满员！谢谢你哦~
Apr 25 08:51:06 助力已满员！谢谢你哦~
Apr 25 08:51:08 
Apr 25 08:51:08 8-浏览商品任务-全部已完成
Apr 25 08:51:08 
Apr 25 08:51:08 7-浏览并关注店铺-全部已完成
Apr 25 08:51:08 
Apr 25 08:51:08 26-浏览并关注频道-全部已完成
Apr 25 08:51:08 
Apr 25 08:51:08 9-浏览会场任务-全部已完成
Apr 25 08:51:08 
Apr 25 08:51:08 开始抽奖
Apr 25 08:51:08 【京东账号4】jd_6ba76f15069fd
Apr 25 08:51:08 任务已完成，本次运行获得京豆0
Apr 25 08:51:08 由于您第5个京东账号未提供shareCode,将采纳本脚本自带的助力码
Apr 25 08:51:08 
Apr 25 08:51:08 开始
Apr 25 08:51:09 随机取20个码放到您固定的互助码后面(不影响已有固定互助)
Apr 25 08:51:09 第5个京东账号将要助力的好友["T019-aknAFRllhyoQlyI46gCjVQmoaT5kRrbA","T010_aU6SR8Q_QCjVQmoaT5kRrbA","T027Zm_olqSxIOtH97BATGmKoWraLawCjVQmoaT5kRrbA","T0225KkcRk1N_FeCJhv3xvdfcQCjVQmoaT5kRrbA","T0225KkcR0sZpgHVdRzywvMCfACjVQmoaT5kRrbA","T0205KkcBGBchxOpU3CS4bNUCjVQmoaT5kRrbA","T026ZnrsmJGuIv5j9Zd1QWqqdsz63gCjVQmoaT5kRrbA","T0225KkcRkgRoFbfdRumxaZfdgCjVQmoaT5kRrbA","T0225KkcRRgR8VyDJU-ilfMNfACjVWmIaW5kRrbA","T020aE7cl6aYIOhw9p9zTUapCjVQmoaT5kRrbA","T0225KkcRBhKplbVdhKlkKMMcACjVQmoaT5kRrbA","T0225KkcRhsfp1zRJxr3lPQNcACjVQmoaT5kRrbA","T019-qUqHkVAqwO4cU2lzakCjVWmIaW5kRrbA","T0205KkcAWBksxSLSW-9w7BLCjVWmIaW5kRrbA","T019-akbF0FvtQqPQG2O0q0CjVQmoaT5kRrbA","T0225KkcRUsYoVzVdBP1xfBffACjVQmoaT5kRrbA","T00846UvHUZDCjVQmoaT5kRrbA","T0225KkcR0gZ9lSGch3zkvQPcACjVWmIaW5kRrbA","T015v_V0Rxoa81LeJhkCjVQmoaT5kRrbA","T007-aItHUECjVQmoaT5kRrbA","T01697ccCkZIqwOFeUurCjVWmIaW5kRrbA","T0225KkcR0se8FfRIBylx_NZfQCjVQmoaT5kRrbA","T0186KgtFxkZ8FDQIBrxlgCjVWmIaW5kRrbA","T0225KkcRx8b8VXVKRn9x_MLdwCjVWmIaW5kRrbA"]
Apr 25 08:51:09 
Apr 25 08:51:09 ******开始【京东账号5】jd_46928899fcc30*********
Apr 25 08:51:09 
Apr 25 08:51:09 
Apr 25 08:51:09 14-邀请好友助力-已完成4-未完成10
Apr 25 08:51:09 
Apr 25 08:51:09 【京东账号5（jd_46928899fcc30）的闪购盲盒好友互助码】T0225KkcRBgQ91zfKROix6QJdACjVQmoaT5kRrbA
Apr 25 08:51:09 
Apr 25 08:51:09 助力已满员！谢谢你哦~
Apr 25 08:51:11 助力已满员！谢谢你哦~
Apr 25 08:51:13 助力已满员！谢谢你哦~
Apr 25 08:51:15 助力已满员！谢谢你哦~
Apr 25 08:51:17 助力已满员！谢谢你哦~
Apr 25 08:51:19 助力已满员！谢谢你哦~
Apr 25 08:51:21 助力已满员！谢谢你哦~
Apr 25 08:51:24 助力已满员！谢谢你哦~
Apr 25 08:51:26 助力已满员！谢谢你哦~
Apr 25 08:51:28 助力已满员！谢谢你哦~
Apr 25 08:51:30 助力已满员！谢谢你哦~
Apr 25 08:51:32 助力已满员！谢谢你哦~
Apr 25 08:51:34 助力已满员！谢谢你哦~
Apr 25 08:51:36 助力已满员！谢谢你哦~
Apr 25 08:51:38 助力已满员！谢谢你哦~
Apr 25 08:51:40 助力已满员！谢谢你哦~
Apr 25 08:51:43 助力已满员！谢谢你哦~
Apr 25 08:51:45 助力已满员！谢谢你哦~
Apr 25 08:51:47 助力已满员！谢谢你哦~
Apr 25 08:51:49 助力已满员！谢谢你哦~
Apr 25 08:51:51 助力已满员！谢谢你哦~
Apr 25 08:51:53 助力已满员！谢谢你哦~
Apr 25 08:51:55 助力已满员！谢谢你哦~
Apr 25 08:51:57 助力已满员！谢谢你哦~
Apr 25 08:51:59 
Apr 25 08:51:59 8-浏览商品任务-全部已完成
Apr 25 08:51:59 
Apr 25 08:51:59 7-浏览并关注店铺-全部已完成
Apr 25 08:51:59 
Apr 25 08:51:59 26-浏览并关注频道-全部已完成
Apr 25 08:51:59 
Apr 25 08:51:59 9-浏览会场任务-全部已完成
Apr 25 08:52:00 
Apr 25 08:52:00 开始抽奖
Apr 25 08:52:00 【京东账号5】jd_46928899fcc30
Apr 25 08:52:00 任务已完成，本次运行获得京豆0
Apr 25 08:52:00 由于您第6个京东账号未提供shareCode,将采纳本脚本自带的助力码
Apr 25 08:52:00 
Apr 25 08:52:00 开始
Apr 25 08:52:02 第6个京东账号将要助力的好友["T019-aknAFRllhyoQlyI46gCjVQmoaT5kRrbA","T010_aU6SR8Q_QCjVQmoaT5kRrbA","T027Zm_olqSxIOtH97BATGmKoWraLawCjVQmoaT5kRrbA","T0225KkcRk1N_FeCJhv3xvdfcQCjVQmoaT5kRrbA"]
Apr 25 08:52:02 
Apr 25 08:52:02 ******开始【京东账号6】jd_EirxWEerdtmu*********
Apr 25 08:52:02 
Apr 25 08:52:02 
Apr 25 08:52:02 14-邀请好友助力-已完成4-未完成10
Apr 25 08:52:02 
Apr 25 08:52:02 【京东账号6（jd_EirxWEerdtmu）的闪购盲盒好友互助码】T0205KkcNUdbvTOidVig0KpPCjVQmoaT5kRrbA
Apr 25 08:52:02 
Apr 25 08:52:02 助力已满员！谢谢你哦~
Apr 25 08:52:04 助力已满员！谢谢你哦~
Apr 25 08:52:06 助力已满员！谢谢你哦~
Apr 25 08:52:07 随机取20个码放到您固定的互助码后面(不影响已有固定互助)
Apr 25 08:52:08 助力已满员！谢谢你哦~
Apr 25 08:52:10 
Apr 25 08:52:10 8-浏览商品任务-全部已完成
Apr 25 08:52:10 
Apr 25 08:52:10 7-浏览并关注店铺-全部已完成
Apr 25 08:52:10 
Apr 25 08:52:10 26-浏览并关注频道-全部已完成
Apr 25 08:52:10 
Apr 25 08:52:10 9-浏览会场任务-全部已完成
Apr 25 08:52:10 
Apr 25 08:52:10 开始抽奖
Apr 25 08:52:10 【京东账号6】jd_EirxWEerdtmu
Apr 25 08:52:10 任务已完成，本次运行获得京豆0
Apr 25 08:52:10 
Apr 25 08:52:10 🔔闪购盲盒, 结束! 🕛 268.988 秒
Apr 25 08:52:10 
Apr 26 08:47:58 
Apr 26 08:47:58 🔔闪购盲盒, 开始!
Apr 26 08:47:58 
Apr 26 08:47:58 ====================共6个京东账号Cookie=========
Apr 26 08:47:58 
Apr 26 08:47:58 ==================脚本执行- 北京时间(UTC+8)：4/26/2021, 8:47:58 AM=====================
Apr 26 08:47:58 
Apr 26 08:47:58 开始获取闪购盲盒配置文件
Apr 26 08:47:58 
Apr 26 08:47:58 共6个京东账号
Apr 26 08:47:58 
Apr 26 08:47:58 您提供了0个账号的闪购盲盒助力码
Apr 26 08:47:58 
Apr 26 08:47:59 由于您第1个京东账号未提供shareCode,将采纳本脚本自带的助力码
Apr 26 08:47:59 
Apr 26 08:47:59 开始
Apr 26 08:48:00 随机取20个码放到您固定的互助码后面(不影响已有固定互助)
Apr 26 08:48:00 第1个京东账号将要助力的好友["T019-aknAFRllhyoQlyI46gCjVQmoaT5kRrbA","T010_aU6SR8Q_QCjVQmoaT5kRrbA","T0225KkcRhcbp1CBJhv0wfZedQCjVQmoaT5kRrbA","T027Zm_olqSxIOtH97BATGmKoWraLawCjVQmoaT5kRrbA","T0205KkcJ1Z7oCeWRlyIxqN5CjVWmIaW5kRrbA","T0225KkcRh9MowHTdBOhnfcNcQCjVQmoaT5kRrbA","T0225KkcRx4Y9lLWI0zwnPMMIACjVQmoaT5kRrbA","T019-akEPk1khD2WY2ah_LMCjVQmoaT5kRrbA","T0205KkcKV9akCWpZnKq3alNCjVQmoaT5kRrbA","T010a2rTlYm5tgCjVQmoaT5kRrbA","T0225KkcRRkYoFKFdBilkvBYJgCjVWmIaW5kRrbA","T0225KkcRBYYoFPSIEvwwaUDdgCjVQmoaT5kRrbA","T014ufpySRsY8VG4fQCjVQmoaT5kRrbA","T0225KkcRRcb9lGFJE_zkPZfcACjVWmIaW5kRrbA","T0205KkcN19KlSqmZmCj0ZdcCjVQmoaT5kRrbA","T0225KkcRhcY8lSEdBr2l6IIdQCjVQmoaT5kRrbA","T014vPR0RB0Y8lLSKACjVWmIaW5kRrbA","T0225KkcREsa8lXRIROmx6YJcACjVQmoaT5kRrbA","T0225KkcRRoZo1LUdRPxxfQKIACjVWmIaW5kRrbA","T012aGHkl62EIuxWCjVQmoaT5kRrbA","T028u_hymKyMIdx79aR7Qlq0rGWhj7FuCjVQmoaT5kRrbA","T028Z1_cl4-8INRW9rJrQH-3oUxd6t1GCjVQmoaT5kRrbA","T008xawxGV1RCjVQmoaT5kRrbA","cgxZaDXnceOPg2qNdV3gp9nCaeZDV55RoXSTswJbcHdeXRB1JZip"]
Apr 26 08:48:00 
Apr 26 08:48:00 ******开始【京东账号1】18337656372_p*********
Apr 26 08:48:00 
Apr 26 08:48:00 
Apr 26 08:48:00 14-邀请好友助力-已完成4-未完成10
Apr 26 08:48:00 
Apr 26 08:48:00 【京东账号1（18337656372_p）的闪购盲盒好友互助码】T018v_VwQxkf8FLUJxib1ACjVQmoaT5kRrbA
Apr 26 08:48:00 
Apr 26 08:48:00 助力已满员！谢谢你哦~
Apr 26 08:48:02 助力已满员！谢谢你哦~
Apr 26 08:48:04 助力已满员！谢谢你哦~
Apr 26 08:48:07 助力已满员！谢谢你哦~
Apr 26 08:48:09 助力已满员！谢谢你哦~
Apr 26 08:48:11 助力已满员！谢谢你哦~
Apr 26 08:48:13 助力已满员！谢谢你哦~
Apr 26 08:48:15 助力已满员！谢谢你哦~
Apr 26 08:48:17 助力已满员！谢谢你哦~
Apr 26 08:48:19 助力已满员！谢谢你哦~
Apr 26 08:48:21 助力已满员！谢谢你哦~
Apr 26 08:48:23 助力已满员！谢谢你哦~
Apr 26 08:48:26 助力已满员！谢谢你哦~
Apr 26 08:48:28 助力已满员！谢谢你哦~
Apr 26 08:48:30 助力已满员！谢谢你哦~
Apr 26 08:48:32 助力已满员！谢谢你哦~
Apr 26 08:48:34 助力已满员！谢谢你哦~
Apr 26 08:48:36 助力已满员！谢谢你哦~
Apr 26 08:48:38 助力已满员！谢谢你哦~
Apr 26 08:48:40 助力已满员！谢谢你哦~
Apr 26 08:48:42 助力已满员！谢谢你哦~
Apr 26 08:48:44 助力已满员！谢谢你哦~
Apr 26 08:48:47 助力已满员！谢谢你哦~
Apr 26 08:48:49 活动太火爆啦
Apr 26 08:48:49 请稍后尝试~
Apr 26 08:48:51 
Apr 26 08:48:51 8-浏览商品任务-全部已完成
Apr 26 08:48:51 
Apr 26 08:48:51 7-浏览并关注店铺-全部已完成
Apr 26 08:48:51 
Apr 26 08:48:51 26-浏览并关注频道-全部已完成
Apr 26 08:48:51 
Apr 26 08:48:51 9-浏览会场任务-全部已完成
Apr 26 08:48:51 
Apr 26 08:48:51 开始抽奖
Apr 26 08:48:51 【京东账号1】18337656372_p
Apr 26 08:48:51 任务已完成，本次运行获得京豆0
Apr 26 08:48:51 由于您第2个京东账号未提供shareCode,将采纳本脚本自带的助力码
Apr 26 08:48:51 
Apr 26 08:48:51 开始
Apr 26 08:48:52 随机取20个码放到您固定的互助码后面(不影响已有固定互助)
Apr 26 08:48:52 第2个京东账号将要助力的好友["T019-aknAFRllhyoQlyI46gCjVQmoaT5kRrbA","T010_aU6SR8Q_QCjVQmoaT5kRrbA","T027Zm_olqSxIOtH97BATGmKoWraLawCjVQmoaT5kRrbA","T0225KkcRk1N_FeCJhv3xvdfcQCjVQmoaT5kRrbA","T0225KkcRB0d_QDfJE_1wfEIfACjVQmoaT5kRrbA","T0205KkcKlxIgg2vXFqM7pdMCjVWmIaW5kRrbA","T008_q4yRxweCjVQmoaT5kRrbA","T019-ak1Am1rvDGxU3io1Z8CjVQmoaT5kRrbA","T0225KkcRxcY8AXTIB_wlvMMcQCjVQmoaT5kRrbA","T0205KkcG2FxqSCNVkm216ZpCjVQmoaT5kRrbA","T01276MtEV1cmgeECjVWmIaW5kRrbA","T0225KkcRxZI8FzSJE7wk_AJdQCjVWmIaW5kRrbA","T0225KkcRU9MplbWJk78wvdbIQCjVWmIaW5kRrbA","T019uPRyRhsQ9EnTKRv9k_8CjVQmoaT5kRrbA","T018v_52Rxsd9VLUJh6b1ACjVWmIaW5kRrbA","T015Z1TwlYaoIN9uPXwCjVWmIaW5kRrbA","T020-5J0RRoe_VaGdUnyx_EDCjVQmoaT5kRrbA","T0225KkcRhhK8QDTIR2ilfEIdQCjVQmoaT5kRrbA","T0225KkcR0xL8gHRck79wfMMJgCjVQmoaT5kRrbA","T0225KkcRhkc8AaDIRn1lf8MJQCjVQmoaT5kRrbA","T0225KkcRBhP8gDVc079wfdYIACjVWmIaW5kRrbA","T0225KkcR0we_ALVJh73k_RcfQCjVQmoaT5kRrbA","T0225KkcRBcdpFWEcxn8kqIDcACjVWmIaW5kRrbA","T0205KkcP01Thy2xYly-yotACjVQmoaT5kRrbA"]
Apr 26 08:48:52 
Apr 26 08:48:52 ******开始【京东账号2】jd_MCazEJrLyuXn*********
Apr 26 08:48:52 
Apr 26 08:48:52 
Apr 26 08:48:52 14-邀请好友助力-已完成5-未完成10
Apr 26 08:48:52 
Apr 26 08:48:52 【京东账号2（jd_MCazEJrLyuXn）的闪购盲盒好友互助码】T0205KkcPW1IvyGtYma90Z9UCjVQmoaT5kRrbA
Apr 26 08:48:52 
Apr 26 08:48:52 活动太火爆啦
Apr 26 08:48:54 活动太火爆啦
Apr 26 08:48:56 活动太火爆啦
Apr 26 08:48:58 活动太火爆啦
Apr 26 08:49:00 活动太火爆啦
Apr 26 08:49:02 活动太火爆啦
Apr 26 08:49:05 活动太火爆啦
Apr 26 08:49:07 活动太火爆啦
Apr 26 08:49:09 活动太火爆啦
Apr 26 08:49:11 活动太火爆啦
Apr 26 08:49:13 活动太火爆啦
Apr 26 08:49:15 活动太火爆啦
Apr 26 08:49:17 活动太火爆啦
Apr 26 08:49:19 活动太火爆啦
Apr 26 08:49:21 活动太火爆啦
Apr 26 08:49:24 活动太火爆啦
Apr 26 08:49:26 活动太火爆啦
Apr 26 08:49:28 活动太火爆啦
Apr 26 08:49:30 活动太火爆啦
Apr 26 08:49:32 活动太火爆啦
Apr 26 08:49:34 活动太火爆啦
Apr 26 08:49:36 活动太火爆啦
Apr 26 08:49:38 活动太火爆啦
Apr 26 08:49:40 活动太火爆啦
Apr 26 08:49:42 
Apr 26 08:49:42 8-浏览商品任务-全部已完成
Apr 26 08:49:42 
Apr 26 08:49:42 7-浏览并关注店铺-全部已完成
Apr 26 08:49:42 
Apr 26 08:49:42 26-浏览并关注频道-全部已完成
Apr 26 08:49:42 
Apr 26 08:49:42 9-浏览会场任务-全部已完成
Apr 26 08:49:42 
Apr 26 08:49:42 开始抽奖
Apr 26 08:49:42 【京东账号2】jd_MCazEJrLyuXn
Apr 26 08:49:42 任务已完成，本次运行获得京豆0
Apr 26 08:49:43 由于您第3个京东账号未提供shareCode,将采纳本脚本自带的助力码
Apr 26 08:49:43 
Apr 26 08:49:43 开始
Apr 26 08:49:43 随机取20个码放到您固定的互助码后面(不影响已有固定互助)
Apr 26 08:49:43 第3个京东账号将要助力的好友["T019-aknAFRllhyoQlyI46gCjVQmoaT5kRrbA","T010_aU6SR8Q_QCjVQmoaT5kRrbA","T027Zm_olqSxIOtH97BATGmKoWraLawCjVQmoaT5kRrbA","T0225KkcRk1N_FeCJhv3xvdfcQCjVQmoaT5kRrbA","T0225KkcR0xL8gHRck79wfMMJgCjVQmoaT5kRrbA","T0205KkcI15mvwmUQmu90YNZCjVQmoaT5kRrbA","T0225KkcRhobplyGIxqiwv8JIQCjVQmoaT5kRrbA","T0225KkcRhgQplTUdknwnKNfIgCjVWmIaW5kRrbA","T014-qQiHhYR_F2QZQCjVQmoaT5kRrbA","T019-akFKGJnrgK-dHKVwowCjVQmoaT5kRrbA","T0225KkcRhlM9FbWJBrzkaFZcACjVWmIaW5kRrbA","T019-akmHkpKsgeWSGGAzbICjVWmIaW5kRrbA","T022v_RySB4Z_V3ePR_3k_UJfACjVWmIaW5kRrbA","T0205KkcNkZhozO2Q3KUz45bCjVQmoaT5kRrbA","T0145rgtBEtb8FbWIwCjVWmIaW5kRrbA","T0205KkcH2dxoROUYESpxoJVCjVQmoaT5kRrbA","T0205KkcBl16jzyzQ2Gj_pVPCjVQmoaT5kRrbA","T012a2Pel6GJI_pwCjVQmoaT5kRrbA","T0225KkcRU8b9lbTJ0jzx_YPdgCjVQmoaT5kRrbA","T0205KkcGF1xtj6Veki04qNsCjVQmoaT5kRrbA","T0205KkcPUFCvxSxcU2l6pBeCjVQmoaT5kRrbA","T011-qUxFV1B9FACjVWmIaW5kRrbA","T0225KkcRRZK9wGDJ0nzk_5fdwCjVWmIaW5kRrbA","T0225KkcRxsRo1HVIh6hwf4PcwCjVQmoaT5kRrbA"]
Apr 26 08:49:43 
Apr 26 08:49:43 ******开始【京东账号3】鬼神之吕奉先*********
Apr 26 08:49:43 
Apr 26 08:49:43 
Apr 26 08:49:43 14-邀请好友助力-已完成4-未完成10
Apr 26 08:49:43 
Apr 26 08:49:43 【京东账号3（鬼神之吕奉先）的闪购盲盒好友互助码】T024Z2H_l4u3Id1s9bpRQWKzoYiSCjVQmoaT5kRrbA
Apr 26 08:49:43 
Apr 26 08:49:43 助力已满员！谢谢你哦~
Apr 26 08:49:45 助力已满员！谢谢你哦~
Apr 26 08:49:48 助力已满员！谢谢你哦~
Apr 26 08:49:50 助力已满员！谢谢你哦~
Apr 26 08:49:52 助力已满员！谢谢你哦~
Apr 26 08:49:54 助力已满员！谢谢你哦~
Apr 26 08:49:56 助力已满员！谢谢你哦~
Apr 26 08:49:58 助力已满员！谢谢你哦~
Apr 26 08:50:00 助力已满员！谢谢你哦~
Apr 26 08:50:02 助力已满员！谢谢你哦~
Apr 26 08:50:04 助力已满员！谢谢你哦~
Apr 26 08:50:06 助力已满员！谢谢你哦~
Apr 26 08:50:09 助力已满员！谢谢你哦~
Apr 26 08:50:11 助力已满员！谢谢你哦~
Apr 26 08:50:13 助力已满员！谢谢你哦~
Apr 26 08:50:15 助力已满员！谢谢你哦~
Apr 26 08:50:17 助力已满员！谢谢你哦~
Apr 26 08:50:19 助力已满员！谢谢你哦~
Apr 26 08:50:21 助力已满员！谢谢你哦~
Apr 26 08:50:23 助力已满员！谢谢你哦~
Apr 26 08:50:25 助力已满员！谢谢你哦~
Apr 26 08:50:27 助力已满员！谢谢你哦~
Apr 26 08:50:30 助力已满员！谢谢你哦~
Apr 26 08:50:32 助力已满员！谢谢你哦~
Apr 26 08:50:34 
Apr 26 08:50:34 8-浏览商品任务-全部已完成
Apr 26 08:50:34 
Apr 26 08:50:34 7-浏览并关注店铺-全部已完成
Apr 26 08:50:34 
Apr 26 08:50:34 26-浏览并关注频道-全部已完成
Apr 26 08:50:34 
Apr 26 08:50:34 9-浏览会场任务-全部已完成
Apr 26 08:50:34 
Apr 26 08:50:34 开始抽奖
Apr 26 08:50:34 【京东账号3】鬼神之吕奉先
Apr 26 08:50:34 任务已完成，本次运行获得京豆0
Apr 26 08:50:34 由于您第4个京东账号未提供shareCode,将采纳本脚本自带的助力码
Apr 26 08:50:34 
Apr 26 08:50:34 开始
Apr 26 08:50:35 随机取20个码放到您固定的互助码后面(不影响已有固定互助)
Apr 26 08:50:35 第4个京东账号将要助力的好友["T019-aknAFRllhyoQlyI46gCjVQmoaT5kRrbA","T010_aU6SR8Q_QCjVQmoaT5kRrbA","T027Zm_olqSxIOtH97BATGmKoWraLawCjVQmoaT5kRrbA","T0225KkcRk1N_FeCJhv3xvdfcQCjVQmoaT5kRrbA","T0225KkcRhwcplTXJB-nnfMJdQCjVWmIaW5kRrbA","T0205KkcPUVuhgWiXEO05aN3CjVQmoaT5kRrbA","T0225KkcRUpK8lzXIBzwnfQPJQCjVQmoaT5kRrbA","T019-akKNFlFkg-oZnuw5pMCjVQmoaT5kRrbA","T0225KkcRhwc9FKBdBihwv8NfQCjVWmIaW5kRrbA","T0205KkcNVlYoD2pf1mvy5R4CjVWmIaW5kRrbA","T0106qUhH1lMqwCjVWmIaW5kRrbA","T020anXKl4OgIMFx97xrQ0y4CjVQmoaT5kRrbA","T015aFb6lZG-IO9gdE4CjVQmoaT5kRrbA","T0225KkcRR4bpwfRIB-mwvYJdACjVQmoaT5kRrbA","T0225KkcREoZowbVKR_zkPBZJgCjVQmoaT5kRrbA","T019Z2DSmYOsqRwOvactCU4CjVQmoaT5kRrbA","T0225KkcRx9MoFDVckilkPQNfACjVQmoaT5kRrbA","T0205KkcJERdkyGgV02A1aBZCjVQmoaT5kRrbA","T019-akgEmVGqBKGWVOP3rMCjVWmIaW5kRrbA","T019a33MlZ6mINtk9q57nf4CjVQmoaT5kRrbA","T015aVT-lrmMI8ZBIxICjVWmIaW5kRrbA","T0225KkcRBZL8VWFdBKhk6YPJgCjVQmoaT5kRrbA","T0105aYoG0BbogCjVWmIaW5kRrbA","T0225KkcR08boF3UJBuiwP5cIQCjVQmoaT5kRrbA"]
Apr 26 08:50:35 
Apr 26 08:50:35 ******开始【京东账号4】jd_6ba76f15069fd*********
Apr 26 08:50:35 
Apr 26 08:50:35 
Apr 26 08:50:35 14-邀请好友助力-已完成4-未完成10
Apr 26 08:50:35 
Apr 26 08:50:35 【京东账号4（jd_6ba76f15069fd）的闪购盲盒好友互助码】T0225KkcRkxI8lKBIR_0kv5cIACjVQmoaT5kRrbA
Apr 26 08:50:35 
Apr 26 08:50:35 助力已满员！谢谢你哦~
Apr 26 08:50:37 助力已满员！谢谢你哦~
Apr 26 08:50:39 助力已满员！谢谢你哦~
Apr 26 08:50:41 助力已满员！谢谢你哦~
Apr 26 08:50:43 助力已满员！谢谢你哦~
Apr 26 08:50:46 助力已满员！谢谢你哦~
Apr 26 08:50:48 助力已满员！谢谢你哦~
Apr 26 08:50:50 助力已满员！谢谢你哦~
Apr 26 08:50:52 助力已满员！谢谢你哦~
Apr 26 08:50:54 助力已满员！谢谢你哦~
Apr 26 08:50:56 助力已满员！谢谢你哦~
Apr 26 08:50:58 助力已满员！谢谢你哦~
Apr 26 08:51:00 助力已满员！谢谢你哦~
Apr 26 08:51:02 助力已满员！谢谢你哦~
Apr 26 08:51:04 助力已满员！谢谢你哦~
Apr 26 08:51:07 助力已满员！谢谢你哦~
Apr 26 08:51:09 助力已满员！谢谢你哦~
Apr 26 08:51:11 助力已满员！谢谢你哦~
Apr 26 08:51:13 助力已满员！谢谢你哦~
Apr 26 08:51:15 助力已满员！谢谢你哦~
Apr 26 08:51:17 助力已满员！谢谢你哦~
Apr 26 08:51:19 助力已满员！谢谢你哦~
Apr 26 08:51:21 助力已满员！谢谢你哦~
Apr 26 08:51:23 助力已满员！谢谢你哦~
Apr 26 08:51:25 
Apr 26 08:51:25 8-浏览商品任务-全部已完成
Apr 26 08:51:25 
Apr 26 08:51:25 7-浏览并关注店铺-全部已完成
Apr 26 08:51:25 
Apr 26 08:51:25 26-浏览并关注频道-全部已完成
Apr 26 08:51:25 
Apr 26 08:51:25 9-浏览会场任务-全部已完成
Apr 26 08:51:25 
Apr 26 08:51:25 开始抽奖
Apr 26 08:51:25 【京东账号4】jd_6ba76f15069fd
Apr 26 08:51:25 任务已完成，本次运行获得京豆0
Apr 26 08:51:26 由于您第5个京东账号未提供shareCode,将采纳本脚本自带的助力码
Apr 26 08:51:26 
Apr 26 08:51:26 开始
Apr 26 08:51:26 随机取20个码放到您固定的互助码后面(不影响已有固定互助)
Apr 26 08:51:26 第5个京东账号将要助力的好友["T019-aknAFRllhyoQlyI46gCjVQmoaT5kRrbA","T010_aU6SR8Q_QCjVQmoaT5kRrbA","T027Zm_olqSxIOtH97BATGmKoWraLawCjVQmoaT5kRrbA","T0225KkcRk1N_FeCJhv3xvdfcQCjVQmoaT5kRrbA","T018v_VzSRwf81zeIRKb1ACjVQmoaT5kRrbA","T0225KkcRR8R_QaCJxiiwKUDdQCjVQmoaT5kRrbA","T0225KkcRx8Qp1XXchz2lqZYcwCjVQmoaT5kRrbA","T0225KkcRBdNpF3XJxj8kvYKfQCjVWmIaW5kRrbA","T0225KkcRB5K8QGBIE78wvcIcwCjVQmoaT5kRrbA","T010a2rTlYm5tgCjVQmoaT5kRrbA","T011_bU6L11BoAoCjVQmoaT5kRrbA","T0205KkcF3t_piGhZEKi8opsCjVWmIaW5kRrbA","T00876QvH1taCjVQmoaT5kRrbA","T0225KkcRB5Kp1yGKB33k6MCcgCjVQmoaT5kRrbA","T0225KkcRx9Ko1DXIxPxnP8IJwCjVQmoaT5kRrbA","T0205KkcJWtvrBGydnCt_IFzCjVQmoaT5kRrbA","T0115bgiHh4Z91ECjVWmIaW5kRrbA","T0205KkcGkJrkwy3Snij04RWCjVQmoaT5kRrbA","T024aVnfl5CnIv5j95BiQWmgcaQ4CjVWmIaW5kRrbA","T0205KkcEUBHqzW1YUG2z7RYCjVWmIaW5kRrbA","T0225KkcRxhI_AHSJB7wwfNZcACjVWmIaW5kRrbA","T015uv1wSB4Q81TQT0cCjVQmoaT5kRrbA","T0225KkcRB1KplfVKB-ixqZZJgCjVQmoaT5kRrbA","T020anXDlZGqIdxn9q5LkfUJCjVWmIaW5kRrbA"]
Apr 26 08:51:26 
Apr 26 08:51:26 ******开始【京东账号5】jd_46928899fcc30*********
Apr 26 08:51:26 
Apr 26 08:51:27 
Apr 26 08:51:27 14-邀请好友助力-已完成4-未完成10
Apr 26 08:51:27 
Apr 26 08:51:27 【京东账号5（jd_46928899fcc30）的闪购盲盒好友互助码】T0225KkcRBgQ91zfKROix6QJdACjVQmoaT5kRrbA
Apr 26 08:51:27 
Apr 26 08:51:27 助力已满员！谢谢你哦~
Apr 26 08:51:29 助力已满员！谢谢你哦~
Apr 26 08:51:31 助力已满员！谢谢你哦~
Apr 26 08:51:33 助力已满员！谢谢你哦~
Apr 26 08:51:35 助力已满员！谢谢你哦~
Apr 26 08:51:37 助力已满员！谢谢你哦~
Apr 26 08:51:39 助力已满员！谢谢你哦~
Apr 26 08:51:41 助力已满员！谢谢你哦~
Apr 26 08:51:43 助力已满员！谢谢你哦~
Apr 26 08:51:46 助力已满员！谢谢你哦~
Apr 26 08:51:48 助力已满员！谢谢你哦~
Apr 26 08:51:50 助力已满员！谢谢你哦~
Apr 26 08:51:52 助力已满员！谢谢你哦~
Apr 26 08:51:54 助力已满员！谢谢你哦~
Apr 26 08:51:56 助力已满员！谢谢你哦~
Apr 26 08:51:58 助力已满员！谢谢你哦~
Apr 26 08:52:00 助力已满员！谢谢你哦~
Apr 26 08:52:02 助力已满员！谢谢你哦~
Apr 26 08:52:05 助力已满员！谢谢你哦~
Apr 26 08:52:07 助力已满员！谢谢你哦~
Apr 26 08:52:09 助力已满员！谢谢你哦~
Apr 26 08:52:11 助力已满员！谢谢你哦~
Apr 26 08:52:13 助力已满员！谢谢你哦~
Apr 26 08:52:15 助力已满员！谢谢你哦~
Apr 26 08:52:17 
Apr 26 08:52:17 8-浏览商品任务-全部已完成
Apr 26 08:52:17 
Apr 26 08:52:17 7-浏览并关注店铺-全部已完成
Apr 26 08:52:17 
Apr 26 08:52:17 26-浏览并关注频道-全部已完成
Apr 26 08:52:17 
Apr 26 08:52:17 9-浏览会场任务-全部已完成
Apr 26 08:52:17 
Apr 26 08:52:17 开始抽奖
Apr 26 08:52:17 【京东账号5】jd_46928899fcc30
Apr 26 08:52:17 任务已完成，本次运行获得京豆0
Apr 26 08:52:17 由于您第6个京东账号未提供shareCode,将采纳本脚本自带的助力码
Apr 26 08:52:17 
Apr 26 08:52:17 开始
Apr 26 08:52:18 随机取20个码放到您固定的互助码后面(不影响已有固定互助)
Apr 26 08:52:18 第6个京东账号将要助力的好友["T019-aknAFRllhyoQlyI46gCjVQmoaT5kRrbA","T010_aU6SR8Q_QCjVQmoaT5kRrbA","T027Zm_olqSxIOtH97BATGmKoWraLawCjVQmoaT5kRrbA","T0225KkcRk1N_FeCJhv3xvdfcQCjVQmoaT5kRrbA","T019-akKNFlFkg-oZnuw5pMCjVQmoaT5kRrbA","T012a3XPlp2UIMJvCjVQmoaT5kRrbA","T0225KkcRUgfoFeDJk7zwPAIIACjVWmIaW5kRrbA","T0205KkcNkxZvxGGU0ay57RZCjVWmIaW5kRrbA","T011465xQRYb9FwCjVWmIaW5kRrbA","T0225KkcRx5NpFbTKUv9xqEMcQCjVWmIaW5kRrbA","T019v_l0QhoE81zUIBn1k_ICjVQmoaT5kRrbA","T0123bgtlZ6mIO5vCjVWmIaW5kRrbA","T0185qItF0hI_VTUIh32lQCjVQmoaT5kRrbA","T01916wtFx8Y8FDTIRL2kfUCjVQmoaT5kRrbA","T0225KkcRB1M9VCBIk-gnPRZfQCjVWmIaW5kRrbA","T022v_1zQBYb90nUIhrzlPMNdwCjVWmIaW5kRrbA","T018v_VyQB0Y8FTUIh2b1ACjVWmIaW5kRrbA","T0225KkcRxsZ81yFJRz0lKECfACjVQmoaT5kRrbA","T0225KkcR08QpACBcUv3l6ICfACjVWmIaW5kRrbA","T014aFPUlYq8_VzfKACjVQmoaT5kRrbA","T0225KkcRRcRowHfdEnwwKNYJgCjVWmIaW5kRrbA","T01676wiGFtA91TXKHWpCjVQmoaT5kRrbA","T0225KkcRBoR_FHVIRigk6ZcdwCjVQmoaT5kRrbA","T0225KkcRh4a8FbfJR6lwaZfIgCjVQmoaT5kRrbA"]
Apr 26 08:52:18 
Apr 26 08:52:18 ******开始【京东账号6】jd_EirxWEerdtmu*********
Apr 26 08:52:18 
Apr 26 08:52:18 
Apr 26 08:52:18 14-邀请好友助力-已完成4-未完成10
Apr 26 08:52:18 
Apr 26 08:52:18 【京东账号6（jd_EirxWEerdtmu）的闪购盲盒好友互助码】T0205KkcNUdbvTOidVig0KpPCjVQmoaT5kRrbA
Apr 26 08:52:18 
Apr 26 08:52:18 助力已满员！谢谢你哦~
Apr 26 08:52:20 助力已满员！谢谢你哦~
Apr 26 08:52:23 助力已满员！谢谢你哦~
Apr 26 08:52:25 助力已满员！谢谢你哦~
Apr 26 08:52:27 助力已满员！谢谢你哦~
Apr 26 08:52:29 助力已满员！谢谢你哦~
Apr 26 08:52:31 助力已满员！谢谢你哦~
Apr 26 08:52:33 助力已满员！谢谢你哦~
Apr 26 08:52:35 助力已满员！谢谢你哦~
Apr 26 08:52:37 助力已满员！谢谢你哦~
Apr 26 08:52:39 助力已满员！谢谢你哦~
Apr 26 08:52:41 助力已满员！谢谢你哦~
Apr 26 08:52:44 助力已满员！谢谢你哦~
Apr 26 08:52:46 助力已满员！谢谢你哦~
Apr 26 08:52:48 助力已满员！谢谢你哦~
Apr 26 08:52:50 助力已满员！谢谢你哦~
Apr 26 08:52:52 助力已满员！谢谢你哦~
Apr 26 08:52:54 助力已满员！谢谢你哦~
Apr 26 08:52:56 助力已满员！谢谢你哦~
Apr 26 08:52:58 助力已满员！谢谢你哦~
Apr 26 08:53:00 助力已满员！谢谢你哦~
Apr 26 08:53:02 助力已满员！谢谢你哦~
Apr 26 08:53:05 助力已满员！谢谢你哦~
Apr 26 08:53:07 助力已满员！谢谢你哦~
Apr 26 08:53:09 
Apr 26 08:53:09 8-浏览商品任务-全部已完成
Apr 26 08:53:09 
Apr 26 08:53:09 7-浏览并关注店铺-全部已完成
Apr 26 08:53:09 
Apr 26 08:53:09 26-浏览并关注频道-全部已完成
Apr 26 08:53:09 
Apr 26 08:53:09 9-浏览会场任务-全部已完成
Apr 26 08:53:09 
Apr 26 08:53:09 开始抽奖
Apr 26 08:53:09 【京东账号6】jd_EirxWEerdtmu
Apr 26 08:53:09 任务已完成，本次运行获得京豆0
Apr 26 08:53:09 
Apr 26 08:53:09 🔔闪购盲盒, 结束! 🕛 310.337 秒
Apr 26 08:53:09 
Apr 27 08:47:16 
Apr 27 08:47:16 🔔闪购盲盒, 开始!
Apr 27 08:47:16 
Apr 27 08:47:16 ====================共6个京东账号Cookie=========
Apr 27 08:47:16 
Apr 27 08:47:16 ==================脚本执行- 北京时间(UTC+8)：4/27/2021, 8:47:16 AM=====================
Apr 27 08:47:16 
Apr 27 08:47:16 开始获取闪购盲盒配置文件
Apr 27 08:47:16 
Apr 27 08:47:16 共6个京东账号
Apr 27 08:47:16 
Apr 27 08:47:16 您提供了0个账号的闪购盲盒助力码
Apr 27 08:47:16 
Apr 27 08:47:16 由于您第1个京东账号未提供shareCode,将采纳本脚本自带的助力码
Apr 27 08:47:16 
Apr 27 08:47:16 开始
Apr 27 08:47:17 随机取20个码放到您固定的互助码后面(不影响已有固定互助)
Apr 27 08:47:17 第1个京东账号将要助力的好友["T019-aknAFRllhyoQlyI46gCjVQmoaT5kRrbA","T010_aU6SR8Q_QCjVQmoaT5kRrbA","T0225KkcRhcbp1CBJhv0wfZedQCjVQmoaT5kRrbA","T027Zm_olqSxIOtH97BATGmKoWraLawCjVQmoaT5kRrbA","T0225KkcRRoeplHWJRvxwKECcACjVQmoaT5kRrbA","T0225KkcRxtN_VXXJkjzkvcJdgCjVWmIaW5kRrbA","T010vf8sH0VfpACjVQmoaT5kRrbA","T0225KkcR0hP9V2BIRnzk6FbfACjVWmIaW5kRrbA","T020ufh2QRoY_VXKJRj8kPULCjVQmoaT5kRrbA","T0149KUiHklLpAuFdQCjVQmoaT5kRrbA","T0225KkcRk0QplaEIRigwaYPJQCjVQmoaT5kRrbA","T0225KkcRx0b8FfSJB-hkKECJQCjVQmoaT5kRrbA","T0205KkcKF9QhwyJZk21xoZJCjVQmoaT5kRrbA","T0225KkcREhM81bXdh32wqYNJwCjVQmoaT5kRrbA","T0205KkcNWVzrwawZWWQ7rF0CjVQmoaT5kRrbA","T0225KkcRBpLp1KGdRulwPUPcACjVQmoaT5kRrbA","T0225KkcRBof91PQIUn1k6IKIQCjVWmIaW5kRrbA","T0225KkcR0oQ8VyBJxn2lPcKcgCjVQmoaT5kRrbA","T0225KkcRkofowXTJx6inaZcIgCjVQmoaT5kRrbA","T022u_xxSBwZ9FPSPRzykfYDdQCjVWmIaW5kRrbA","T0225KkcR0hNpwCBKRyilPEOcgCjVQmoaT5kRrbA","T0225KkcR0gZ9FCEJR7zwvNcJwCjVQmoaT5kRrbA","T0164qQnFUBOrw2CY3WpCjVWmIaW5kRrbA","T0205KkcA2ZKsQafU3-c54B5CjVQmoaT5kRrbA"]
Apr 27 08:47:17 
Apr 27 08:47:17 ******开始【京东账号1】18337656372_p*********
Apr 27 08:47:17 
Apr 27 08:47:17 
Apr 27 08:47:17 14-邀请好友助力-已完成4-未完成10
Apr 27 08:47:17 
Apr 27 08:47:17 【京东账号1（18337656372_p）的闪购盲盒好友互助码】T018v_VwQxkf8FLUJxib1ACjVQmoaT5kRrbA
Apr 27 08:47:17 
Apr 27 08:47:17 助力已满员！谢谢你哦~
Apr 27 08:47:19 助力已满员！谢谢你哦~
Apr 27 08:47:21 助力已满员！谢谢你哦~
Apr 27 08:47:23 助力已满员！谢谢你哦~
Apr 27 08:47:25 助力已满员！谢谢你哦~
Apr 27 08:47:27 助力已满员！谢谢你哦~
Apr 27 08:47:29 助力已满员！谢谢你哦~
Apr 27 08:47:32 助力已满员！谢谢你哦~
Apr 27 08:47:34 助力已满员！谢谢你哦~
Apr 27 08:47:36 助力已满员！谢谢你哦~
Apr 27 08:47:38 助力已满员！谢谢你哦~
Apr 27 08:47:40 助力已满员！谢谢你哦~
Apr 27 08:47:42 助力已满员！谢谢你哦~
Apr 27 08:47:44 助力已满员！谢谢你哦~
Apr 27 08:47:46 助力已满员！谢谢你哦~
Apr 27 08:47:48 助力已满员！谢谢你哦~
Apr 27 08:47:50 助力已满员！谢谢你哦~
Apr 27 08:47:53 助力已满员！谢谢你哦~
Apr 27 08:47:55 助力已满员！谢谢你哦~
Apr 27 08:47:57 助力已满员！谢谢你哦~
Apr 27 08:47:59 助力已满员！谢谢你哦~
Apr 27 08:48:01 助力已满员！谢谢你哦~
Apr 27 08:48:03 助力已满员！谢谢你哦~
Apr 27 08:48:05 助力已满员！谢谢你哦~
Apr 27 08:48:07 
Apr 27 08:48:07 8-浏览商品任务-全部已完成
Apr 27 08:48:07 
Apr 27 08:48:07 7-浏览并关注店铺-全部已完成
Apr 27 08:48:07 
Apr 27 08:48:07 26-浏览并关注频道-全部已完成
Apr 27 08:48:07 
Apr 27 08:48:07 9-浏览会场任务-全部已完成
Apr 27 08:48:07 
Apr 27 08:48:07 开始抽奖
Apr 27 08:48:07 【京东账号1】18337656372_p
Apr 27 08:48:07 任务已完成，本次运行获得京豆0
Apr 27 08:48:07 由于您第2个京东账号未提供shareCode,将采纳本脚本自带的助力码
Apr 27 08:48:07 
Apr 27 08:48:07 开始
Apr 27 08:48:08 随机取20个码放到您固定的互助码后面(不影响已有固定互助)
Apr 27 08:48:08 第2个京东账号将要助力的好友["T019-aknAFRllhyoQlyI46gCjVQmoaT5kRrbA","T010_aU6SR8Q_QCjVQmoaT5kRrbA","T027Zm_olqSxIOtH97BATGmKoWraLawCjVQmoaT5kRrbA","T0225KkcRk1N_FeCJhv3xvdfcQCjVQmoaT5kRrbA","T0225KkcRkgZoV3QKB_9l_ZfcACjVQmoaT5kRrbA","T0225KkcRBcQpFXUchv9nPBefACjVQmoaT5kRrbA","T0225KkcRhkfpgXec0z0lfIKcwCjVQmoaT5kRrbA","T0205KkcN2ZRrjCVeVOD0apACjVQmoaT5kRrbA","T0205KkcB35asiCMWEyt4JdvCjVWmIaW5kRrbA","T0225KkcRB1M9VCBIk-gnPRZfQCjVWmIaW5kRrbA","T0225KkcRUtMo1XVdBmml_IMcACjVQmoaT5kRrbA","T026anXflb2MIMBA96NfQH2Afd7hSACjVWmIaW5kRrbA","T0225KkcRBYb9leDdR79kfJffACjVQmoaT5kRrbA","T018Z3bHlauhIvB4KB_xlQCjVWmIaW5kRrbA","T0225KkcRUoRoFGDJRL8k_decwCjVWmIaW5kRrbA","T019-akIKkJsiCOVf3OR_K0CjVQmoaT5kRrbA","T020v_91Rxka9FfKKBvzl_YNCjVQmoaT5kRrbA","T0205KkcIk1uvQmpWV6v74R2CjVWmIaW5kRrbA","T016a1Hrl5SWIdxT-YlKCjVQmoaT5kRrbA","T0225KkcRBwepFDSJhz3kfcMdACjVWmIaW5kRrbA","T0225KkcRxsZoVKGKR33kPALcwCjVWmIaW5kRrbA","T0205KkcIHtuixOCaEuJzqF3CjVQmoaT5kRrbA","T0205KkcA1ZsjjKUWHujxaZ4CjVQmoaT5kRrbA","T015-q9yRB0Y8FzWKBwCjVWmIaW5kRrbA"]
Apr 27 08:48:08 
Apr 27 08:48:08 ******开始【京东账号2】jd_MCazEJrLyuXn*********
Apr 27 08:48:08 
Apr 27 08:48:08 
Apr 27 08:48:08 14-邀请好友助力-已完成5-未完成10
Apr 27 08:48:08 
Apr 27 08:48:08 【京东账号2（jd_MCazEJrLyuXn）的闪购盲盒好友互助码】T0205KkcPW1IvyGtYma90Z9UCjVQmoaT5kRrbA
Apr 27 08:48:08 
Apr 27 08:48:08 助力已满员！谢谢你哦~
Apr 27 08:48:10 助力已满员！谢谢你哦~
Apr 27 08:48:12 助力已满员！谢谢你哦~
Apr 27 08:48:14 助力已满员！谢谢你哦~
Apr 27 08:48:17 助力已满员！谢谢你哦~
Apr 27 08:48:19 助力已满员！谢谢你哦~
Apr 27 08:48:21 助力已满员！谢谢你哦~
Apr 27 08:48:23 助力已满员！谢谢你哦~
Apr 27 08:48:25 助力已满员！谢谢你哦~
Apr 27 08:48:27 助力已满员！谢谢你哦~
Apr 27 08:48:29 助力已满员！谢谢你哦~
Apr 27 08:48:31 助力已满员！谢谢你哦~
Apr 27 08:48:33 助力已满员！谢谢你哦~
Apr 27 08:48:35 助力已满员！谢谢你哦~
Apr 27 08:48:38 助力已满员！谢谢你哦~
Apr 27 08:48:40 助力已满员！谢谢你哦~
Apr 27 08:48:42 助力已满员！谢谢你哦~
Apr 27 08:48:44 助力已满员！谢谢你哦~
Apr 27 08:48:46 助力已满员！谢谢你哦~
Apr 27 08:48:48 助力已满员！谢谢你哦~
Apr 27 08:48:50 助力已满员！谢谢你哦~
Apr 27 08:48:52 助力已满员！谢谢你哦~
Apr 27 08:48:54 助力已满员！谢谢你哦~
Apr 27 08:48:57 助力已满员！谢谢你哦~
Apr 27 08:48:59 
Apr 27 08:48:59 8-浏览商品任务-全部已完成
Apr 27 08:48:59 
Apr 27 08:48:59 7-浏览并关注店铺-全部已完成
Apr 27 08:48:59 
Apr 27 08:48:59 26-浏览并关注频道-全部已完成
Apr 27 08:48:59 
Apr 27 08:48:59 9-浏览会场任务-全部已完成
Apr 27 08:48:59 
Apr 27 08:48:59 开始抽奖
Apr 27 08:48:59 【京东账号2】jd_MCazEJrLyuXn
Apr 27 08:48:59 任务已完成，本次运行获得京豆0
Apr 27 08:48:59 由于您第3个京东账号未提供shareCode,将采纳本脚本自带的助力码
Apr 27 08:48:59 
Apr 27 08:48:59 开始
Apr 27 08:49:00 随机取20个码放到您固定的互助码后面(不影响已有固定互助)
Apr 27 08:49:00 第3个京东账号将要助力的好友["T019-aknAFRllhyoQlyI46gCjVQmoaT5kRrbA","T010_aU6SR8Q_QCjVQmoaT5kRrbA","T027Zm_olqSxIOtH97BATGmKoWraLawCjVQmoaT5kRrbA","T0225KkcRk1N_FeCJhv3xvdfcQCjVQmoaT5kRrbA","T0205KkcH0pCpjezVV2W7Yl-CjVQmoaT5kRrbA","T0225KkcRh8R91LXdh_8lfAMcgCjVQmoaT5kRrbA","T020vf56RRwe8VDKJh_wlvUICjVQmoaT5kRrbA","T018v_h6QhcZ9lHUJR-b1ACjVQmoaT5kRrbA","T010_bU6CkZPqQCjVQmoaT5kRrbA","T0225KkcRBtM8QfWIkvxxaMPIACjVQmoaT5kRrbA","T020-akNJ21HkAWPSGCx7ZBOCjVWmIaW5kRrbA","T0225KkcRB4d8FTfJkunxf9edQCjVQmoaT5kRrbA","T0205KkcHExvsRWifEuc0Il3CjVWmIaW5kRrbA","T0225KkcRh0eoFffJBr1x_EJJwCjVQmoaT5kRrbA","T0225KkcR00foF2GKUjwxvVcfQCjVQmoaT5kRrbA","T020t_l7QRkR8lfKIhr8l_8JCjVWmIaW5kRrbA","T0225KkcRx0Zo1SCdRumlPNcIgCjVQmoaT5kRrbA","T0225KkcRBpL81PSchLzkqJbcACjVWmIaW5kRrbA","T019-ak5KVtdij6-W1ymwqQCjVWmIaW5kRrbA","T012anfSlp6RI-ZBCjVWmIaW5kRrbA","T0225KkcRUtNpFDUcU_zkPcNfQCjVQmoaT5kRrbA","T016ZkLxloyPLMd5-KJaCjVWmIaW5kRrbA","T018v_5yQhsZ9lDUJxqb1ACjVWmIaW5kRrbA","T019aksH1lFgxOtUmy33IYCjVWmIaW5kRrbA"]
Apr 27 08:49:00 
Apr 27 08:49:00 ******开始【京东账号3】鬼神之吕奉先*********
Apr 27 08:49:00 
Apr 27 08:49:00 
Apr 27 08:49:00 14-邀请好友助力-已完成4-未完成10
Apr 27 08:49:00 
Apr 27 08:49:00 【京东账号3（鬼神之吕奉先）的闪购盲盒好友互助码】T024Z2H_l4u3Id1s9bpRQWKzoYiSCjVQmoaT5kRrbA
Apr 27 08:49:00 
Apr 27 08:49:00 助力已满员！谢谢你哦~
Apr 27 08:49:02 助力已满员！谢谢你哦~
Apr 27 08:49:04 助力已满员！谢谢你哦~
Apr 27 08:49:06 助力已满员！谢谢你哦~
Apr 27 08:49:08 助力已满员！谢谢你哦~
Apr 27 08:49:10 助力已满员！谢谢你哦~
Apr 27 08:49:13 助力已满员！谢谢你哦~
Apr 27 08:49:15 助力已满员！谢谢你哦~
Apr 27 08:49:17 助力已满员！谢谢你哦~
Apr 27 08:49:19 助力已满员！谢谢你哦~
Apr 27 08:49:21 助力已满员！谢谢你哦~
Apr 27 08:49:23 助力已满员！谢谢你哦~
Apr 27 08:49:25 助力已满员！谢谢你哦~
Apr 27 08:49:27 助力已满员！谢谢你哦~
Apr 27 08:49:29 助力已满员！谢谢你哦~
Apr 27 08:49:31 助力已满员！谢谢你哦~
Apr 27 08:49:34 助力已满员！谢谢你哦~
Apr 27 08:49:36 助力已满员！谢谢你哦~
Apr 27 08:49:38 助力已满员！谢谢你哦~
Apr 27 08:49:40 助力已满员！谢谢你哦~
Apr 27 08:49:42 助力已满员！谢谢你哦~
Apr 27 08:49:44 助力已满员！谢谢你哦~
Apr 27 08:49:46 助力已满员！谢谢你哦~
Apr 27 08:49:48 活动太火爆啦
Apr 27 08:49:48 请稍后尝试~
Apr 27 08:49:50 
Apr 27 08:49:50 8-浏览商品任务-全部已完成
Apr 27 08:49:50 
Apr 27 08:49:50 7-浏览并关注店铺-全部已完成
Apr 27 08:49:50 
Apr 27 08:49:50 26-浏览并关注频道-全部已完成
Apr 27 08:49:50 
Apr 27 08:49:50 9-浏览会场任务-全部已完成
Apr 27 08:49:50 
Apr 27 08:49:50 开始抽奖
Apr 27 08:49:50 【京东账号3】鬼神之吕奉先
Apr 27 08:49:50 任务已完成，本次运行获得京豆0
Apr 27 08:49:50 由于您第4个京东账号未提供shareCode,将采纳本脚本自带的助力码
Apr 27 08:49:50 
Apr 27 08:49:50 开始
Apr 27 08:49:51 随机取20个码放到您固定的互助码后面(不影响已有固定互助)
Apr 27 08:49:51 第4个京东账号将要助力的好友["T019-aknAFRllhyoQlyI46gCjVQmoaT5kRrbA","T010_aU6SR8Q_QCjVQmoaT5kRrbA","T027Zm_olqSxIOtH97BATGmKoWraLawCjVQmoaT5kRrbA","T0225KkcRk1N_FeCJhv3xvdfcQCjVQmoaT5kRrbA","T0199qQsHklFrAiOT02ry6MCjVQmoaT5kRrbA","T0205KkcMll_nQKORHqB16JjCjVQmoaT5kRrbA","T0205KkcAkpLiwWCf2uL7rN4CjVQmoaT5kRrbA","T018v_hxRRYY_FHeIh6b1ACjVWmIaW5kRrbA","T012a3remaubIMl3CjVQmoaT5kRrbA","T0225KkcRh0d_QGBKR7yk_QOJgCjVWmIaW5kRrbA","T0225KkcR0hMpFPWKRigkf8JJwCjVQmoaT5kRrbA","T022aXb8mL60LdB6-J5ZlPAKfACjVQmoaT5kRrbA","T0123KQnFXF-rAqDCjVQmoaT5kRrbA","T0225KkcRBobowHUchOnl6VfdgCjVQmoaT5kRrbA","T0205KkcNE1tkSmockaO7K53CjVQmoaT5kRrbA","T0205KkcKWdQsgaWWFC39aV3CjVWmIaW5kRrbA","T0225KkcRBof8V2EKB2gkKRZcACjVWmIaW5kRrbA","T0225KkcR0oap13TchmgxaFedgCjVQmoaT5kRrbA","T011_aWl7bLAV8ICjVWmIaW5kRrbA","T019-akrP2pxljKpQkKj9LMCjVQmoaT5kRrbA","T012aWDXlo-h81LRCjVQmoaT5kRrbA","T0225KkcRBoQ8FOGJ0vynKQPcwCjVQmoaT5kRrbA","T015_bkiAk1bpAKTT0cCjVQmoaT5kRrbA","T0225KkcRh0cowCDIhv9wvBbIQCjVWmIaW5kRrbA"]
Apr 27 08:49:51 
Apr 27 08:49:51 ******开始【京东账号4】jd_6ba76f15069fd*********
Apr 27 08:49:51 
Apr 27 08:49:51 
Apr 27 08:49:51 14-邀请好友助力-已完成4-未完成10
Apr 27 08:49:51 
Apr 27 08:49:51 【京东账号4（jd_6ba76f15069fd）的闪购盲盒好友互助码】T0225KkcRkxI8lKBIR_0kv5cIACjVQmoaT5kRrbA
Apr 27 08:49:51 
Apr 27 08:49:51 助力已满员！谢谢你哦~
Apr 27 08:49:53 助力已满员！谢谢你哦~
Apr 27 08:49:55 助力已满员！谢谢你哦~
Apr 27 08:49:58 助力已满员！谢谢你哦~
Apr 27 08:50:00 助力已满员！谢谢你哦~
Apr 27 08:50:02 助力已满员！谢谢你哦~
Apr 27 08:50:04 助力已满员！谢谢你哦~
Apr 27 08:50:06 助力已满员！谢谢你哦~
Apr 27 08:50:08 助力已满员！谢谢你哦~
Apr 27 08:50:10 助力已满员！谢谢你哦~
Apr 27 08:50:12 助力已满员！谢谢你哦~
Apr 27 08:50:14 助力已满员！谢谢你哦~
Apr 27 08:50:17 助力已满员！谢谢你哦~
Apr 27 08:50:19 助力已满员！谢谢你哦~
Apr 27 08:50:21 助力已满员！谢谢你哦~
Apr 27 08:50:23 助力已满员！谢谢你哦~
Apr 27 08:50:25 助力已满员！谢谢你哦~
Apr 27 08:50:27 助力已满员！谢谢你哦~
Apr 27 08:50:29 助力已满员！谢谢你哦~
Apr 27 08:50:31 助力已满员！谢谢你哦~
Apr 27 08:50:33 助力已满员！谢谢你哦~
Apr 27 08:50:35 助力已满员！谢谢你哦~
Apr 27 08:50:38 助力已满员！谢谢你哦~
Apr 27 08:50:40 助力已满员！谢谢你哦~
Apr 27 08:50:42 
Apr 27 08:50:42 8-浏览商品任务-全部已完成
Apr 27 08:50:42 
Apr 27 08:50:42 7-浏览并关注店铺-全部已完成
Apr 27 08:50:42 
Apr 27 08:50:42 26-浏览并关注频道-全部已完成
Apr 27 08:50:42 
Apr 27 08:50:42 9-浏览会场任务-全部已完成
Apr 27 08:50:42 
Apr 27 08:50:42 开始抽奖
Apr 27 08:50:42 【京东账号4】jd_6ba76f15069fd
Apr 27 08:50:42 任务已完成，本次运行获得京豆0
Apr 27 08:50:42 由于您第5个京东账号未提供shareCode,将采纳本脚本自带的助力码
Apr 27 08:50:42 
Apr 27 08:50:42 开始
Apr 27 08:50:42 随机取20个码放到您固定的互助码后面(不影响已有固定互助)
Apr 27 08:50:42 第5个京东账号将要助力的好友["T019-aknAFRllhyoQlyI46gCjVQmoaT5kRrbA","T010_aU6SR8Q_QCjVQmoaT5kRrbA","T027Zm_olqSxIOtH97BATGmKoWraLawCjVQmoaT5kRrbA","T0225KkcRk1N_FeCJhv3xvdfcQCjVQmoaT5kRrbA","T018v_56QB8c9lLSJRmb1ACjVQmoaT5kRrbA","T016aH7plrG6LPl19rJhCjVQmoaT5kRrbA","T0225KkcRUhM8QfUJR78kPYCcwCjVQmoaT5kRrbA","T0225KkcR08b_VCDdh_2xqQMdwCjVWmIaW5kRrbA","T0205KkcEUBHqzW1YUG2z7RYCjVWmIaW5kRrbA","T0225KkcRxYd_FTWcxKilfJefQCjVQmoaT5kRrbA","T0154rQcGEdCpBaOZ0UCjVQmoaT5kRrbA","T011-KItCEdHogYCjVWmIaW5kRrbA","T0225KkcRBwc8VHfJkynnfYJfACjVQmoaT5kRrbA","T0225KkcRx0Zo1SCdRumlPNcIgCjVQmoaT5kRrbA","T0205KkcOkxkny2IcX6DybNKCjVQmoaT5kRrbA","T0114rczSRga9FwCjVQmoaT5kRrbA","T012aFDrlamJIdlyCjVQmoaT5kRrbA","T0225KkcRBZL8FTeJUv8naRZfACjVWmIaW5kRrbA","T0225KkcRR8Y9FeEdEyllfMNcgCjVQmoaT5kRrbA","T022v_xzSRgZ_FzWPRj1l_YKdwCjVQmoaT5kRrbA","T0205KkcPVx-ry-FdX6nxb57CjVQmoaT5kRrbA","T0225KkcRk9KpwXWJh6hwPUNJQCjVQmoaT5kRrbA","T0225KkcRBwR9gaFIxvxlKEOJQCjVQmoaT5kRrbA","T0225KkcRxlM9lODJx3xkfYOfQCjVWmIaW5kRrbA"]
Apr 27 08:50:42 
Apr 27 08:50:42 ******开始【京东账号5】jd_46928899fcc30*********
Apr 27 08:50:42 
Apr 27 08:50:43 
Apr 27 08:50:43 14-邀请好友助力-已完成4-未完成10
Apr 27 08:50:43 
Apr 27 08:50:43 【京东账号5（jd_46928899fcc30）的闪购盲盒好友互助码】T0225KkcRBgQ91zfKROix6QJdACjVQmoaT5kRrbA
Apr 27 08:50:43 
Apr 27 08:50:43 助力已满员！谢谢你哦~
Apr 27 08:50:45 助力已满员！谢谢你哦~
Apr 27 08:50:47 助力已满员！谢谢你哦~
Apr 27 08:50:49 助力已满员！谢谢你哦~
Apr 27 08:50:51 助力已满员！谢谢你哦~
Apr 27 08:50:53 助力已满员！谢谢你哦~
Apr 27 08:50:55 助力已满员！谢谢你哦~
Apr 27 08:50:57 助力已满员！谢谢你哦~
Apr 27 08:50:59 助力已满员！谢谢你哦~
Apr 27 08:51:01 助力已满员！谢谢你哦~
Apr 27 08:51:04 助力已满员！谢谢你哦~
Apr 27 08:51:06 助力已满员！谢谢你哦~
Apr 27 08:51:08 助力已满员！谢谢你哦~
Apr 27 08:51:10 助力已满员！谢谢你哦~
Apr 27 08:51:12 助力已满员！谢谢你哦~
Apr 27 08:51:14 助力已满员！谢谢你哦~
Apr 27 08:51:16 助力已满员！谢谢你哦~
Apr 27 08:51:18 助力已满员！谢谢你哦~
Apr 27 08:51:20 助力已满员！谢谢你哦~
Apr 27 08:51:23 助力已满员！谢谢你哦~
Apr 27 08:51:25 助力已满员！谢谢你哦~
Apr 27 08:51:27 助力已满员！谢谢你哦~
Apr 27 08:51:29 助力已满员！谢谢你哦~
Apr 27 08:51:31 助力已满员！谢谢你哦~
Apr 27 08:51:33 
Apr 27 08:51:33 8-浏览商品任务-全部已完成
Apr 27 08:51:33 
Apr 27 08:51:33 7-浏览并关注店铺-全部已完成
Apr 27 08:51:33 
Apr 27 08:51:33 26-浏览并关注频道-全部已完成
Apr 27 08:51:33 
Apr 27 08:51:33 9-浏览会场任务-全部已完成
Apr 27 08:51:33 
Apr 27 08:51:33 开始抽奖
Apr 27 08:51:33 【京东账号5】jd_46928899fcc30
Apr 27 08:51:33 任务已完成，本次运行获得京豆0
Apr 27 08:51:33 由于您第6个京东账号未提供shareCode,将采纳本脚本自带的助力码
Apr 27 08:51:33 
Apr 27 08:51:33 开始
Apr 27 08:51:34 随机取20个码放到您固定的互助码后面(不影响已有固定互助)
Apr 27 08:51:34 第6个京东账号将要助力的好友["T019-aknAFRllhyoQlyI46gCjVQmoaT5kRrbA","T010_aU6SR8Q_QCjVQmoaT5kRrbA","T027Zm_olqSxIOtH97BATGmKoWraLawCjVQmoaT5kRrbA","T0225KkcRk1N_FeCJhv3xvdfcQCjVQmoaT5kRrbA","T0125b8qA1pQnBGJCjVWmIaW5kRrbA","T0225KkcRxZKpweBIx3yxqQPfACjVQmoaT5kRrbA","T0225KkcRRhMoVXeKE72l6ReJwCjVWmIaW5kRrbA","T020-akNCFdwpjarXmGsyr59CjVQmoaT5kRrbA","T0205KkcJ0FsoTCgcW-jxYFOCjVQmoaT5kRrbA","T018v_V1RRcR8lzSJR-b1ACjVQmoaT5kRrbA","T0205KkcAURQhi-XSW6267JVCjVWmIaW5kRrbA","T0225KkcRkoc8gfVIEjzxf4OJQCjVWmIaW5kRrbA","T0225KkcRhgdoweCKR_xnfAPJgCjVWmIaW5kRrbA","T0225KkcRB0Y9wDSKRzwwPMNfACjVQmoaT5kRrbA","T0225KkcR09I9FOEcRL8waFZdQCjVQmoaT5kRrbA","T0205KkcF2tqqhGhXHmR7rBtCjVQmoaT5kRrbA","T028Z1X8lZ69IOl29rxrQWOdooO5ojVCCjVQmoaT5kRrbA","T0225KkcRh0a8lbVIB-hkPYOdwCjVWmIaW5kRrbA","T0205KkcIXRCkxWjR0Oq55ZuCjVQmoaT5kRrbA","T023vP10RBkd9FTKJx73kPEMchACjVWmIaW5kRrbA","T0225KkcRk9KpwXWJh6hwPUNJQCjVQmoaT5kRrbA","T0225KkcRRoRoVDXdkymwvJYIQCjVQmoaT5kRrbA","T0225KkcRx4dplXQIhOmxaQKdACjVQmoaT5kRrbA","T0225KkcRxsZoVKGKR33kPALcwCjVWmIaW5kRrbA"]
Apr 27 08:51:34 
Apr 27 08:51:34 ******开始【京东账号6】jd_EirxWEerdtmu*********
Apr 27 08:51:34 
Apr 27 08:51:34 
Apr 27 08:51:34 14-邀请好友助力-已完成4-未完成10
Apr 27 08:51:34 
Apr 27 08:51:34 【京东账号6（jd_EirxWEerdtmu）的闪购盲盒好友互助码】T0205KkcNUdbvTOidVig0KpPCjVQmoaT5kRrbA
Apr 27 08:51:34 
Apr 27 08:51:34 助力已满员！谢谢你哦~
Apr 27 08:51:36 助力已满员！谢谢你哦~
Apr 27 08:51:38 助力已满员！谢谢你哦~
Apr 27 08:51:40 助力已满员！谢谢你哦~
Apr 27 08:51:42 助力已满员！谢谢你哦~
Apr 27 08:51:44 助力已满员！谢谢你哦~
Apr 27 08:51:47 助力已满员！谢谢你哦~
Apr 27 08:51:49 助力已满员！谢谢你哦~
Apr 27 08:51:51 助力已满员！谢谢你哦~
Apr 27 08:51:53 助力已满员！谢谢你哦~
Apr 27 08:51:55 助力已满员！谢谢你哦~
Apr 27 08:51:57 助力已满员！谢谢你哦~
Apr 27 08:51:59 助力已满员！谢谢你哦~
Apr 27 08:52:01 助力已满员！谢谢你哦~
Apr 27 08:52:03 助力已满员！谢谢你哦~
Apr 27 08:52:06 助力已满员！谢谢你哦~
Apr 27 08:52:08 助力已满员！谢谢你哦~
Apr 27 08:52:10 助力已满员！谢谢你哦~
Apr 27 08:52:12 助力已满员！谢谢你哦~
Apr 27 08:52:14 助力已满员！谢谢你哦~
Apr 27 08:52:16 助力已满员！谢谢你哦~
Apr 27 08:52:18 助力已满员！谢谢你哦~
Apr 27 08:52:20 助力已满员！谢谢你哦~
Apr 27 08:52:22 助力已满员！谢谢你哦~
Apr 27 08:52:24 
Apr 27 08:52:24 8-浏览商品任务-全部已完成
Apr 27 08:52:24 
Apr 27 08:52:24 7-浏览并关注店铺-全部已完成
Apr 27 08:52:24 
Apr 27 08:52:24 26-浏览并关注频道-全部已完成
Apr 27 08:52:24 
Apr 27 08:52:24 9-浏览会场任务-全部已完成
Apr 27 08:52:24 
Apr 27 08:52:24 开始抽奖
Apr 27 08:52:24 【京东账号6】jd_EirxWEerdtmu
Apr 27 08:52:24 任务已完成，本次运行获得京豆0
Apr 27 08:52:24 
Apr 27 08:52:24 🔔闪购盲盒, 结束! 🕛 308.917 秒
Apr 27 08:52:24 
