Apr 25 23:11:24 
Apr 25 23:11:24 🔔球队赢好礼, 开始!
Apr 25 23:11:24 
Apr 25 23:11:24 ====================共6个京东账号Cookie=========
Apr 25 23:11:24 
Apr 25 23:11:24 ==================脚本执行- 北京时间(UTC+8)：4/25/2021, 11:11:24 PM=====================
Apr 25 23:11:24 
Apr 25 23:11:24 
Apr 25 23:11:24 ******开始【京东账号1】18337656372_p*********
Apr 25 23:11:24 
Apr 25 23:11:43 未选择球队，去选择
Apr 25 23:11:53 选择队伍结果：null
Apr 25 23:12:27 null
Apr 25 23:12:53 签到结果：null
Apr 25 23:13:24 关注店铺结果：true
Apr 25 23:13:47 关注店铺结果：true
Apr 25 23:14:17 关注店铺结果：true
Apr 25 23:14:47 关注店铺结果：true
Apr 25 23:15:16 浏览会场结果：true
Apr 25 23:15:37 浏览会场结果：true
Apr 25 23:15:39 抽奖结果：对不起，您的助力值不满足条件
Apr 25 23:15:39 
Apr 25 23:15:39 ******开始【京东账号2】jd_MCazEJrLyuXn*********
Apr 25 23:15:39 
Apr 25 23:15:58 未选择球队，去选择
Apr 25 23:15:59 选择队伍结果：null
Apr 25 23:16:25 null
Apr 25 23:16:47 签到结果：null
Apr 25 23:17:27 关注店铺结果：true
Apr 25 23:17:57 关注店铺结果：true
Apr 25 23:18:20 关注店铺结果：true
Apr 25 23:18:48 关注店铺结果：true
Apr 25 23:19:08 浏览会场结果：true
Apr 25 23:19:29 浏览会场结果：true
Apr 25 23:19:30 抽奖结果：对不起，您的助力值不满足条件
Apr 25 23:19:30 
Apr 25 23:19:30 ******开始【京东账号3】鬼神之吕奉先*********
Apr 25 23:19:30 
Apr 25 23:19:31 未选择球队，去选择
Apr 25 23:19:31 选择队伍结果：null
Apr 25 23:19:50 null
Apr 25 23:20:06 签到结果：null
Apr 25 23:20:22 关注店铺结果：true
Apr 25 23:20:33 关注店铺结果：true
Apr 25 23:20:43 关注店铺结果：true
Apr 25 23:20:51 关注店铺结果：true
Apr 25 23:20:57 浏览会场结果：true
Apr 25 23:21:03 浏览会场结果：true
Apr 25 23:21:04 抽奖结果：对不起，您的助力值不满足条件
Apr 25 23:21:04 
Apr 25 23:21:04 ******开始【京东账号4】jd_6ba76f15069fd*********
Apr 25 23:21:04 
Apr 25 23:21:05 未选择球队，去选择
Apr 25 23:21:05 选择队伍结果：null
Apr 25 23:21:09 null
Apr 25 23:21:12 签到结果：null
Apr 25 23:21:17 关注店铺结果：true
Apr 25 23:21:20 关注店铺结果：true
Apr 25 23:21:24 关注店铺结果：true
Apr 25 23:21:27 关注店铺结果：true
Apr 25 23:21:30 浏览会场结果：true
Apr 25 23:21:33 浏览会场结果：true
Apr 25 23:21:34 抽奖结果：对不起，您的助力值不满足条件
Apr 25 23:21:34 
Apr 25 23:21:34 ******开始【京东账号5】jd_46928899fcc30*********
Apr 25 23:21:34 
Apr 25 23:21:35 未选择球队，去选择
Apr 25 23:21:35 选择队伍结果：null
Apr 25 23:21:37 null
Apr 25 23:21:39 签到结果：null
Apr 25 23:21:41 关注店铺结果：true
Apr 25 23:21:44 关注店铺结果：true
Apr 25 23:21:46 关注店铺结果：true
Apr 25 23:21:49 关注店铺结果：true
Apr 25 23:21:51 浏览会场结果：true
Apr 25 23:21:53 浏览会场结果：true
Apr 25 23:21:55 抽奖结果：对不起，您的助力值不满足条件
Apr 25 23:21:55 
Apr 25 23:21:55 ******开始【京东账号6】jd_EirxWEerdtmu*********
Apr 25 23:21:55 
Apr 25 23:21:55 未选择球队，去选择
Apr 25 23:21:55 选择队伍结果：null
Apr 25 23:21:57 null
Apr 25 23:21:58 签到结果：null
Apr 25 23:22:00 关注店铺结果：true
Apr 25 23:22:02 关注店铺结果：true
Apr 25 23:22:04 关注店铺结果：true
Apr 25 23:22:05 关注店铺结果：true
Apr 25 23:22:07 浏览会场结果：true
Apr 25 23:22:09 浏览会场结果：true
Apr 25 23:22:10 抽奖结果：对不起，您的助力值不满足条件
Apr 25 23:22:10 
Apr 25 23:22:10 
Apr 25 23:22:10 您未提供server酱的SCKEY，取消微信推送消息通知🚫
Apr 25 23:22:10 
Apr 25 23:22:10 您未提供push+推送所需的PUSH_PLUS_TOKEN，取消push+推送消息通知🚫
Apr 25 23:22:10 
Apr 25 23:22:10 您未提供Bark的APP推送BARK_PUSH，取消Bark推送消息通知🚫
Apr 25 23:22:10 
Apr 25 23:22:10 您未提供telegram机器人推送所需的TG_BOT_TOKEN和TG_USER_ID，取消telegram推送消息通知🚫
Apr 25 23:22:10 
Apr 25 23:22:10 您未提供钉钉机器人推送所需的DD_BOT_TOKEN或者DD_BOT_SECRET，取消钉钉推送消息通知🚫
Apr 25 23:22:10 
Apr 25 23:22:10 您未提供企业微信机器人推送所需的QYWX_KEY，取消企业微信推送消息通知🚫
Apr 25 23:22:10 
Apr 25 23:22:10 您未提供iGot的推送IGOT_PUSH_KEY，取消iGot推送消息通知🚫
Apr 25 23:22:10 
Apr 25 23:22:11 成员ID:@all企业微信应用消息发送通知消息成功🎉。
Apr 25 23:22:11 
Apr 25 23:22:11 
Apr 25 23:22:11 🔔球队赢好礼, 结束! 🕛 646.491 秒
Apr 25 23:22:11 
Apr 26 00:10:44 
Apr 26 00:10:44 🔔球队赢好礼, 开始!
Apr 26 00:10:44 
Apr 26 00:10:44 ====================共6个京东账号Cookie=========
Apr 26 00:10:44 
Apr 26 00:10:44 ==================脚本执行- 北京时间(UTC+8)：4/26/2021, 12:10:44 AM=====================
Apr 26 00:10:44 
Apr 26 00:10:44 
Apr 26 00:10:44 ******开始【京东账号1】18337656372_p*********
Apr 26 00:10:44 
Apr 26 00:11:02 已选择球队
Apr 26 00:11:09 您已经被其他好友邀请了哦，无法助力
Apr 26 00:11:23 签到结果：null
Apr 26 00:11:27 浏览会场结果：null
Apr 26 00:11:33 浏览会场结果：null
Apr 26 00:11:39 抽奖结果：对不起，您的助力值不满足条件
Apr 26 00:11:39 
Apr 26 00:11:39 ******开始【京东账号2】jd_MCazEJrLyuXn*********
Apr 26 00:11:39 
Apr 26 00:11:44 已选择球队
Apr 26 00:11:49 您已经被其他好友邀请了哦，无法助力
Apr 26 00:12:01 签到结果：null
Apr 26 00:12:04 浏览会场结果：null
Apr 26 00:12:05 浏览会场结果：null
Apr 26 00:12:10 抽奖结果：对不起，您的助力值不满足条件
Apr 26 00:12:10 
Apr 26 00:12:10 ******开始【京东账号3】鬼神之吕奉先*********
Apr 26 00:12:10 
Apr 26 00:12:13 已选择球队
Apr 26 00:12:14 您已经被其他好友邀请了哦，无法助力
Apr 26 00:12:25 签到结果：null
Apr 26 00:12:37 浏览会场结果：null
Apr 26 00:12:39 浏览会场结果：null
Apr 26 00:12:40 抽奖结果：对不起，您的助力值不满足条件
Apr 26 00:12:40 
Apr 26 00:12:40 ******开始【京东账号4】jd_6ba76f15069fd*********
Apr 26 00:12:40 
Apr 26 00:12:44 已选择球队
Apr 26 00:12:44 您已经被其他好友邀请了哦，无法助力
Apr 26 00:12:59 签到结果：null
Apr 26 00:13:10 浏览会场结果：null
Apr 26 00:13:12 浏览会场结果：null
Apr 26 00:13:14 抽奖结果：对不起，您的助力值不满足条件
Apr 26 00:13:14 
Apr 26 00:13:14 ******开始【京东账号5】jd_46928899fcc30*********
Apr 26 00:13:14 
Apr 26 00:13:18 已选择球队
Apr 26 00:13:19 入会为好友获取更多助力值哦
Apr 26 00:13:41 签到结果：null
Apr 26 00:13:49 浏览会场结果：null
Apr 26 00:13:51 浏览会场结果：null
Apr 26 00:13:52 抽奖结果：对不起，您的助力值不满足条件
Apr 26 00:13:52 
Apr 26 00:13:52 ******开始【京东账号6】jd_EirxWEerdtmu*********
Apr 26 00:13:52 
Apr 26 00:13:58 已选择球队
Apr 26 00:14:04 您已经被其他好友邀请了哦，无法助力
Apr 26 00:14:25 签到结果：null
Apr 26 00:14:31 浏览会场结果：null
Apr 26 00:14:35 浏览会场结果：null
Apr 26 00:14:40 抽奖结果：对不起，您的助力值不满足条件
Apr 26 00:14:40 
Apr 26 00:14:40 
Apr 26 00:14:40 您未提供server酱的SCKEY，取消微信推送消息通知🚫
Apr 26 00:14:40 
Apr 26 00:14:40 您未提供push+推送所需的PUSH_PLUS_TOKEN，取消push+推送消息通知🚫
Apr 26 00:14:40 
Apr 26 00:14:40 您未提供Bark的APP推送BARK_PUSH，取消Bark推送消息通知🚫
Apr 26 00:14:40 
Apr 26 00:14:40 您未提供telegram机器人推送所需的TG_BOT_TOKEN和TG_USER_ID，取消telegram推送消息通知🚫
Apr 26 00:14:40 
Apr 26 00:14:40 您未提供钉钉机器人推送所需的DD_BOT_TOKEN或者DD_BOT_SECRET，取消钉钉推送消息通知🚫
Apr 26 00:14:40 
Apr 26 00:14:40 您未提供企业微信机器人推送所需的QYWX_KEY，取消企业微信推送消息通知🚫
Apr 26 00:14:40 
Apr 26 00:14:40 您未提供iGot的推送IGOT_PUSH_KEY，取消iGot推送消息通知🚫
Apr 26 00:14:40 
Apr 26 00:14:41 成员ID:@all企业微信应用消息发送通知消息成功🎉。
Apr 26 00:14:41 
Apr 26 00:14:41 
Apr 26 00:14:41 🔔球队赢好礼, 结束! 🕛 236.348 秒
Apr 26 00:14:41 
Apr 26 23:10:56 
Apr 26 23:10:56 🔔球队赢好礼, 开始!
Apr 26 23:10:56 
Apr 26 23:10:56 ====================共6个京东账号Cookie=========
Apr 26 23:10:56 
Apr 26 23:10:56 ==================脚本执行- 北京时间(UTC+8)：4/26/2021, 11:10:56 PM=====================
Apr 26 23:10:56 
Apr 26 23:10:56 
Apr 26 23:10:56 ******开始【京东账号1】18337656372_p*********
Apr 26 23:10:56 
Apr 26 23:10:59 已选择球队
Apr 26 23:10:59 您已经被其他好友邀请了哦，无法助力
Apr 26 23:10:59 签到结果：您已经当天已经签到了哦，请明天在来吧
Apr 26 23:11:02 浏览会场结果：null
Apr 26 23:11:03 浏览会场结果：null
Apr 26 23:11:04 抽奖结果：对不起，您的助力值不满足条件
Apr 26 23:11:04 
Apr 26 23:11:04 ******开始【京东账号2】jd_MCazEJrLyuXn*********
Apr 26 23:11:04 
Apr 26 23:11:05 已选择球队
Apr 26 23:11:05 您已经被其他好友邀请了哦，无法助力
Apr 26 23:11:07 签到结果：您已经当天已经签到了哦，请明天在来吧
Apr 26 23:11:08 浏览会场结果：null
Apr 26 23:11:09 浏览会场结果：null
Apr 26 23:11:10 抽奖结果：对不起，您的助力值不满足条件
Apr 26 23:11:10 
Apr 26 23:11:10 ******开始【京东账号3】鬼神之吕奉先*********
Apr 26 23:11:10 
Apr 26 23:11:15 已选择球队
Apr 26 23:11:17 入会为好友获取更多助力值哦
Apr 26 23:11:17 签到结果：您已经当天已经签到了哦，请明天在来吧
Apr 26 23:11:19 浏览会场结果：null
Apr 26 23:11:20 浏览会场结果：null
Apr 26 23:11:21 抽奖结果：对不起，您的助力值不满足条件
Apr 26 23:11:21 
Apr 26 23:11:21 ******开始【京东账号4】jd_6ba76f15069fd*********
Apr 26 23:11:21 
Apr 26 23:11:27 已选择球队
Apr 26 23:11:27 入会为好友获取更多助力值哦
Apr 26 23:11:27 签到结果：您已经当天已经签到了哦，请明天在来吧
Apr 26 23:11:28 浏览会场结果：null
Apr 26 23:11:31 浏览会场结果：null
Apr 26 23:11:32 抽奖结果：对不起，您的助力值不满足条件
Apr 26 23:11:32 
Apr 26 23:11:32 ******开始【京东账号5】jd_46928899fcc30*********
Apr 26 23:11:32 
Apr 26 23:11:33 已选择球队
Apr 26 23:11:33 您已经被其他好友邀请了哦，无法助力
Apr 26 23:11:34 签到结果：您已经当天已经签到了哦，请明天在来吧
Apr 26 23:11:35 浏览会场结果：null
Apr 26 23:11:36 浏览会场结果：null
Apr 26 23:11:37 抽奖结果：对不起，您的助力值不满足条件
Apr 26 23:11:37 
Apr 26 23:11:37 ******开始【京东账号6】jd_EirxWEerdtmu*********
Apr 26 23:11:37 
Apr 26 23:11:38 已选择球队
Apr 26 23:11:39 您已经被其他好友邀请了哦，无法助力
Apr 26 23:11:39 签到结果：您已经当天已经签到了哦，请明天在来吧
Apr 26 23:11:40 浏览会场结果：null
Apr 26 23:11:41 浏览会场结果：null
Apr 26 23:11:42 抽奖结果：对不起，您的助力值不满足条件
Apr 26 23:11:42 
Apr 26 23:11:42 
Apr 26 23:11:42 您未提供server酱的SCKEY，取消微信推送消息通知🚫
Apr 26 23:11:42 
Apr 26 23:11:42 您未提供push+推送所需的PUSH_PLUS_TOKEN，取消push+推送消息通知🚫
Apr 26 23:11:42 
Apr 26 23:11:42 您未提供Bark的APP推送BARK_PUSH，取消Bark推送消息通知🚫
Apr 26 23:11:42 
Apr 26 23:11:42 您未提供telegram机器人推送所需的TG_BOT_TOKEN和TG_USER_ID，取消telegram推送消息通知🚫
Apr 26 23:11:42 
Apr 26 23:11:42 您未提供钉钉机器人推送所需的DD_BOT_TOKEN或者DD_BOT_SECRET，取消钉钉推送消息通知🚫
Apr 26 23:11:42 
Apr 26 23:11:42 您未提供企业微信机器人推送所需的QYWX_KEY，取消企业微信推送消息通知🚫
Apr 26 23:11:42 
Apr 26 23:11:42 您未提供iGot的推送IGOT_PUSH_KEY，取消iGot推送消息通知🚫
Apr 26 23:11:42 
Apr 26 23:11:43 成员ID:@all企业微信应用消息发送通知消息成功🎉。
Apr 26 23:11:43 
Apr 26 23:11:43 
Apr 26 23:11:43 🔔球队赢好礼, 结束! 🕛 46.824 秒
Apr 26 23:11:43 
Apr 27 00:10:30 
Apr 27 00:10:30 🔔球队赢好礼, 开始!
Apr 27 00:10:30 
Apr 27 00:10:30 ====================共6个京东账号Cookie=========
Apr 27 00:10:30 
Apr 27 00:10:30 ==================脚本执行- 北京时间(UTC+8)：4/27/2021, 12:10:30 AM=====================
Apr 27 00:10:30 
Apr 27 00:10:30 
Apr 27 00:10:30 ******开始【京东账号1】18337656372_p*********
Apr 27 00:10:30 
Apr 27 00:11:00 已选择球队
Apr 27 00:11:07 入会为好友获取更多助力值哦
Apr 27 00:11:33 签到结果：null
Apr 27 00:11:42 浏览会场结果：null
Apr 27 00:11:47 浏览会场结果：null
Apr 27 00:11:52 抽奖结果：对不起，您的助力值不满足条件
Apr 27 00:11:52 
Apr 27 00:11:52 ******开始【京东账号2】jd_MCazEJrLyuXn*********
Apr 27 00:11:52 
Apr 27 00:12:06 已选择球队
Apr 27 00:12:13 入会为好友获取更多助力值哦
Apr 27 00:12:44 签到结果：null
Apr 27 00:12:54 浏览会场结果：null
Apr 27 00:13:00 浏览会场结果：null
Apr 27 00:13:01 抽奖结果：对不起，您的助力值不满足条件
Apr 27 00:13:01 
Apr 27 00:13:01 ******开始【京东账号3】鬼神之吕奉先*********
Apr 27 00:13:01 
Apr 27 00:13:10 已选择球队
Apr 27 00:13:11 入会为好友获取更多助力值哦
Apr 27 00:13:28 签到结果：null
Apr 27 00:13:34 浏览会场结果：null
Apr 27 00:13:41 浏览会场结果：null
Apr 27 00:13:51 抽奖结果：对不起，您的助力值不满足条件
Apr 27 00:13:51 
Apr 27 00:13:51 ******开始【京东账号4】jd_6ba76f15069fd*********
Apr 27 00:13:51 
Apr 27 00:13:56 已选择球队
Apr 27 00:14:06 入会为好友获取更多助力值哦
Apr 27 00:14:30 签到结果：null
Apr 27 00:14:35 浏览会场结果：null
Apr 27 00:14:38 浏览会场结果：null
Apr 27 00:14:43 抽奖结果：对不起，您的助力值不满足条件
Apr 27 00:14:43 
Apr 27 00:14:43 ******开始【京东账号5】jd_46928899fcc30*********
Apr 27 00:14:43 
Apr 27 00:15:04 已选择球队
Apr 27 00:15:09 您已经被其他好友邀请了哦，无法助力
Apr 27 00:15:33 签到结果：null
Apr 27 00:15:39 浏览会场结果：null
Apr 27 00:15:45 浏览会场结果：null
Apr 27 00:15:51 抽奖结果：对不起，您的助力值不满足条件
Apr 27 00:15:51 
Apr 27 00:15:51 ******开始【京东账号6】jd_EirxWEerdtmu*********
Apr 27 00:15:51 
Apr 27 00:15:56 已选择球队
Apr 27 00:15:56 您已经被其他好友邀请了哦，无法助力
Apr 27 00:16:20 签到结果：null
Apr 27 00:16:25 浏览会场结果：null
Apr 27 00:16:27 浏览会场结果：null
Apr 27 00:16:28 抽奖结果：对不起，您的助力值不满足条件
Apr 27 00:16:28 
Apr 27 00:16:28 
Apr 27 00:16:28 您未提供server酱的SCKEY，取消微信推送消息通知🚫
Apr 27 00:16:28 
Apr 27 00:16:28 您未提供push+推送所需的PUSH_PLUS_TOKEN，取消push+推送消息通知🚫
Apr 27 00:16:28 
Apr 27 00:16:28 您未提供Bark的APP推送BARK_PUSH，取消Bark推送消息通知🚫
Apr 27 00:16:28 
Apr 27 00:16:28 您未提供telegram机器人推送所需的TG_BOT_TOKEN和TG_USER_ID，取消telegram推送消息通知🚫
Apr 27 00:16:28 
Apr 27 00:16:28 您未提供钉钉机器人推送所需的DD_BOT_TOKEN或者DD_BOT_SECRET，取消钉钉推送消息通知🚫
Apr 27 00:16:28 
Apr 27 00:16:28 您未提供企业微信机器人推送所需的QYWX_KEY，取消企业微信推送消息通知🚫
Apr 27 00:16:28 
Apr 27 00:16:28 您未提供iGot的推送IGOT_PUSH_KEY，取消iGot推送消息通知🚫
Apr 27 00:16:28 
Apr 27 00:16:29 成员ID:@all企业微信应用消息发送通知消息成功🎉。
Apr 27 00:16:29 
Apr 27 00:16:29 
Apr 27 00:16:29 🔔球队赢好礼, 结束! 🕛 358.455 秒
Apr 27 00:16:29 
