【京东账号 1 （18337656372_p）的东东农场好友互助码】 55d2a45017af474d86fc63aa4f460ca8
【京东账号 2 （jd_MCazEJrLyuXn）的东东农场好友互助码】 040b315685e044c093e61ae7995336b0
【京东账号 3 （鬼神之吕奉先）的东东农场好友互助码】 6fad39ee9273495fa18b867407b0cc62
【京东账号 4 （jd_6ba76f15069fd）的东东农场好友互助码】 e47dd455b801406cb9db7a8dad3fe0eb
【京东账号 5 （jd_46928899fcc30）的东东农场好友互助码】 b5eb1ef609a549adb5b960a0e4bcff84
【京东账号 6 （jd_EirxWEerdtmu）的东东农场好友互助码】 6f5304641d99454e92722601a4fd9e91
【京东账号 1 （18337656372_p）的东东萌宠好友互助码】 MTE1NDUyMjEwMDAwMDAwNDMxMTkyODE=
【京东账号 2 （jd_MCazEJrLyuXn）的东东萌宠好友互助码】 MTEyNDI1MTYxMDAwMDAwMDQ3ODE3Mjc1
【京东账号 3 （鬼神之吕奉先）的东东萌宠好友互助码】 MTE1NDUwMTI0MDAwMDAwMDQ1MzYzMDkx
【京东账号 4 （jd_6ba76f15069fd）的东东萌宠好友互助码】 MTE0MDQ3MzEwMDAwMDAwNDc4MzI3NDc=
【京东账号 5 （jd_46928899fcc30）的东东萌宠好友互助码】 MTE0MDkyMjIwMDAwMDAwNDc4MzI5MzE=
【京东账号 6 （jd_EirxWEerdtmu）的东东萌宠好友互助码】 MTE0MDkyMjIwMDAwMDAwNDc4MzMxMzk=
【京东账号 1 （18337656372_p）的京东种豆得豆好友互助码】 ocps4hxvbye54hdwj2wzwiyqjm3h7wlwy7o5jii
【京东账号 2 （jd_MCazEJrLyuXn）的京东种豆得豆好友互助码】 qwmkwedt5pnucxv4e2ftz7wb6icmz5nu4lfvtbi
【京东账号 3 （鬼神之吕奉先）的京东种豆得豆好友互助码】 2ymycip7rhtb3cnusszz5fcvmka54wjmytwej5q
【京东账号 4 （jd_6ba76f15069fd）的京东种豆得豆好友互助码】 olmijoxgmjutzgmfnhskclsadsothyb7rpryita
【京东账号 5 （jd_46928899fcc30）的京东种豆得豆好友互助码】 e7lhibzb3zek3thj73ypr2cjmfzy7r6ymi6i5pi
【京东账号 6 （jd_EirxWEerdtmu）的京东种豆得豆好友互助码】 rxggow4kdwppagjigq26ixdxrsieixihenilpmi
【京东账号 1 （18337656372_p）的京喜工厂好友互助码】 7jf3ax6ypwNZ4lNJ11KAAQ==
【京东账号 2 （jd_MCazEJrLyuXn）的京喜工厂好友互助码】 mr57DfMzCk3sSpPCHXgWpQ==
【京东账号 3 （鬼神之吕奉先）的京喜工厂好友互助码】 F3g4YmIswBYVAn_RY74hqJz-B-xC5u6MtRTZqYsBRm8=
【京东账号 4 （jd_6ba76f15069fd）的京喜工厂好友互助码】 ZLGn7xswVyCd9OAkw5ishQ==
【京东账号 5 （jd_46928899fcc30）的京喜工厂好友互助码】 eW0lRnE-WsDwwAyIgCWI9Q==
【京东账号 6 （jd_EirxWEerdtmu）的京喜工厂好友互助码】 C10RDdR5MRge2gU3vKvFvA==
【京东账号 1 （18337656372_p）的东东工厂好友互助码】 T018v_VwQxkf8FLUJxib1ACjVWnYaS5kRrbA
【京东账号 2 （jd_MCazEJrLyuXn）的东东工厂好友互助码】 T0205KkcPW1IvyGtYma90Z9UCjVWnYaS5kRrbA
【京东账号 3 （鬼神之吕奉先）的东东工厂好友互助码】 T024Z2H_l4u3Id1s9bpRQWKzoYiSCjVWnYaS5kRrbA
【京东账号 4 （jd_6ba76f15069fd）的东东工厂好友互助码】 T0225KkcRkxI8lKBIR_0kv5cIACjVWnYaS5kRrbA
【京东账号 5 （jd_46928899fcc30）的东东工厂好友互助码】 T0225KkcRBgQ91zfKROix6QJdACjVWnYaS5kRrbA
【京东账号 6 （jd_EirxWEerdtmu）的东东工厂好友互助码】 T0205KkcNUdbvTOidVig0KpPCjVWnYaS5kRrbA
【京东账号 1 （18337656372_p）的crazyJoy任务好友互助码】 LQ3b3OH_Dz7sRYDpgaP6DQ==
【京东账号 2 （jd_MCazEJrLyuXn）的crazyJoy任务好友互助码】 dH42HAqnjeKmBr_AM-ofkQ==
【京东账号 3 （鬼神之吕奉先）的crazyJoy任务好友互助码】 9TrMshLnTm993MCdy0rbGGKfIzwppAvv
【京东账号 4 （jd_6ba76f15069fd）的crazyJoy任务好友互助码】 2jVXBnPROJruw-bnZ_GXEqt9zd5YaBeE
【京东账号 5 （jd_46928899fcc30）的crazyJoy任务好友互助码】 kvyQvXVyLzfp_00nW6qhg6t9zd5YaBeE
【京东账号 6 （jd_EirxWEerdtmu）的crazyJoy任务好友互助码】 WYz71TRA7ruBcutdm9w_Yg==
【京东账号 1 （18337656372_p）的京喜财富岛好友互助码】 6214C11A352BEFE103A07B5C7D5BDCEA06B76FD27B2A5066617277BDC10D82AE
【京东账号 2 （jd_MCazEJrLyuXn）的京喜财富岛好友互助码】 AB1CA299A46524DE55DEF2244ADC02BE15E6DEF64DD4D16AFAFD2BFB428534FA
【京东账号 3 （鬼神之吕奉先）的京喜财富岛好友互助码】 AB73E64096AE2AB54A72679376E1C62310A7D1B49BC13D0A0719E38DF017072E
【京东账号 4 （jd_6ba76f15069fd）的京喜财富岛好友互助码】 77E1737C2C984D2FC3208E915793EA0402C2435447DB63F6C6C15100D63621D2
【京东账号 5 （jd_46928899fcc30）的京喜财富岛好友互助码】 389F36982737B532ADE1EE6A82BB3638147AF0B22EE78508F261F46D0FF08B06
【京东账号 6 （jd_EirxWEerdtmu）的京喜财富岛好友互助码】 1E6FCF28067F1B809F109348F19CB21600255555D2A79295DF32DE1E809471CE
【京东账号 1 （18337656372_p）的京喜农场好友互助码】 {"smp":"7699d22d38c2753df620835ccaef7a68","active":"jdnc_1_3yuantiangua210422_2","joinnum":1}
【京东账号 1 （18337656372_p）的京东赚赚好友互助码】 Sv_VwQxkf8FLUJxib1A
【京东账号 2 （jd_MCazEJrLyuXn）的京东赚赚好友互助码】 S5KkcPW1IvyGtYma90Z9U
【京东账号 3 （鬼神之吕奉先）的京东赚赚好友互助码】 SZ2H_l4u3Id1s9bpRQWKzoYiS
【京东账号 4 （jd_6ba76f15069fd）的京东赚赚好友互助码】 S5KkcRkxI8lKBIR_0kv5cIA
【京东账号 5 （jd_46928899fcc30）的京东赚赚好友互助码】 S5KkcRBgQ91zfKROix6QJdA
【京东账号 6 （jd_EirxWEerdtmu）的京东赚赚好友互助码】 S5KkcNUdbvTOidVig0KpP
【京东账号 1 （18337656372_p）的签到领现金好友互助码】 IhM0b-u0Y_ol9my6iw
【京东账号 2 （jd_MCazEJrLyuXn）的签到领现金好友互助码】 eU9YEZ_jLIlcsxKcjhtN
【京东账号 3 （鬼神之吕奉先）的签到领现金好友互助码】 -oe7u3kcsnWdJM5wHuaqA4t2
【京东账号 4 （jd_6ba76f15069fd）的签到领现金好友互助码】 eU9Yar7jYfpw8GvVzXpFgg
【京东账号 5 （jd_46928899fcc30）的签到领现金好友互助码】 eU9YaOq7ZPQu-GeDmCAQ1g
【京东账号 6 （jd_EirxWEerdtmu）的签到领现金好友互助码】 eU9YGbXwLptTpCyBjy5W
【京东账号 1 （18337656372_p）的闪购盲盒好友互助码】 T018v_VwQxkf8FLUJxib1ACjVQmoaT5kRrbA
【京东账号 2 （jd_MCazEJrLyuXn）的闪购盲盒好友互助码】 T0205KkcPW1IvyGtYma90Z9UCjVQmoaT5kRrbA
【京东账号 3 （鬼神之吕奉先）的闪购盲盒好友互助码】 T024Z2H_l4u3Id1s9bpRQWKzoYiSCjVQmoaT5kRrbA
【京东账号 4 （jd_6ba76f15069fd）的闪购盲盒好友互助码】 T0225KkcRkxI8lKBIR_0kv5cIACjVQmoaT5kRrbA
【京东账号 5 （jd_46928899fcc30）的闪购盲盒好友互助码】 T0225KkcRBgQ91zfKROix6QJdACjVQmoaT5kRrbA
【京东账号 6 （jd_EirxWEerdtmu）的闪购盲盒好友互助码】 T0205KkcNUdbvTOidVig0KpPCjVQmoaT5kRrbA
